***********************************************************************************
Started at 03:45:01 on 00/17/2017
***********************************************************************************
Querying souces from the past 15 minutes....

Al Jazeera
-----------------------------
$VAR1 = {
          'link' => 'http://aje.io/qxge',
          'caption' => 'aljazeera.com',
          'created_time' => '2017-01-17T08:30:32+0000',
          'name' => 'Death toll in Yemen conflict passes 10,000',
          'id' => '7382473689_10155113377773690',
          'message' => '10,000 people have now died in Yemen\'s war.'
        };

Domain: aljazeera.com
Response:
{"id":"1622501708043673_1644679995825844"}

Upworthy
-----------------------------

The Huffington Post
-----------------------------

HuffPost Women
-----------------------------

PBS News Hour
-----------------------------

ATTN:
-----------------------------

Reuters
-----------------------------

NowThis
-----------------------------

Daily Caller
-----------------------------

CNBC
-----------------------------
$VAR1 = {
          'link' => 'http://cnb.cx/2iGZmZ2',
          'caption' => 'cnbc.com',
          'created_time' => '2017-01-17T08:43:07+0000',
          'name' => 'France is the least-trusted country in the world: Edelman survey',
          'id' => '97212224368_10155111650189369',
          'message' => '72 percent of the French population agree that the institutional system is failing them.'
        };

Domain: cnbc.com
$VAR1 = {
          'link' => 'http://cnb.cx/2iBSI2F',
          'caption' => 'cnbc.com',
          'created_time' => '2017-01-17T08:38:06+0000',
          'name' => 'BAT agrees terms to buy Reynolds for $49.4 billion',
          'id' => '97212224368_10155111643514369',
          'message' => 'British American Tobacco just bought its biggest rival.'
        };

Domain: cnbc.com

The Onion
-----------------------------

Opposing Views
-----------------------------

the Today Show
-----------------------------

Kotaku
-----------------------------

Washington Post
-----------------------------

the American Center for Law and Justice
-----------------------------

VICE News
-----------------------------

PBS
-----------------------------

Mother Jones
-----------------------------

HuffPost Good News
-----------------------------

BBC News
-----------------------------

Breaking News
-----------------------------

The Verge
-----------------------------

New York Magazine
-----------------------------

TIME
-----------------------------
$VAR1 = {
          'link' => 'http://ti.me/2jZ7ztk',
          'caption' => 'time.com',
          'created_time' => '2017-01-17T08:30:14+0000',
          'name' => 'The 5 Best Songs You Need to Hear This Week',
          'id' => '10606591490_10154357121101491',
          'message' => 'Including the rap trio that got a major Golden Globes shoutout.'
        };

Domain: time.com

the Business Insider
-----------------------------
$VAR1 = {
          'link' => 'http://read.bi/2jFVNzX',
          'caption' => 'businessinsider.com',
          'created_time' => '2017-01-17T08:40:07+0000',
          'name' => '10 high-paying jobs you can do on the side',
          'id' => '20446254070_10154296017494071',
          'message' => 'You can take photos on the side for $20 an hour.'
        };

Domain: businessinsider.com

ThinkProgress
-----------------------------

POLITICO
-----------------------------

USA TODAY
-----------------------------

American News
-----------------------------

ABC News
-----------------------------

HuffPost Politics
-----------------------------
$VAR1 = {
          'link' => 'http://huff.to/2iDEBxk',
          'caption' => 'm.huffpost.com',
          'created_time' => '2017-01-17T08:30:11+0000',
          'name' => 'Donald Trump Says He\'ll Stick With Personal Twitter Account As President',
          'id' => '56845382910_10154713198727911',
          'message' => 'Trump has just over 20 million followers on Twitter. The @POTUS account has 13.5 million followers.'
        };

Domain: huffpost.com

NBC News
-----------------------------

AJ+
-----------------------------

Wikileaks
-----------------------------

CNNMoney
-----------------------------
$VAR1 = {
          'link' => 'http://cnnmon.ie/2j3zEvg',
          'caption' => 'money.cnn.com',
          'created_time' => '2017-01-17T08:31:01+0000',
          'name' => 'British American Tobacco buying Camel owner Reynolds for $49B',
          'id' => '6651543066_10154288287718067',
          'message' => 'British American Tobacco said Tuesday that it\'s agreed to pay $49.4 billion to take control of Reynolds American, the No. 2 U.S. tobacco company. http://cnnmon.ie/2j3zEvg'
        };

Domain: cnn.com
Response:
{"id":"1622501708043673_1644680059159171"}

ABC News Politics
-----------------------------

Right Wing News
-----------------------------

The Wall Street Journal
-----------------------------
$VAR1 = {
          'link' => 'http://on.wsj.com/2iwxbxe',
          'caption' => 'blogs.wsj.com',
          'created_time' => '2017-01-17T08:30:24+0000',
          'name' => "The Hunt for Malaysia Airlines Flight MH370 \x{2013} The Numbers",
          'id' => '8304333127_10155303718433128',
          'message' => 'The amount of time since Malaysia Airlines Flight 370 vanished: Nearly 3 years.'
        };

Domain: wsj.com
Response:
{"id":"1622501708043673_1644680119159165"}

MSNBC
-----------------------------

the Drudge Report
-----------------------------

Mic
-----------------------------

The Economist
-----------------------------

Bloomberg Politics
-----------------------------

CBS News
-----------------------------

The Young Turks
-----------------------------

Occupy Democrats
-----------------------------

CBC News
-----------------------------

Newsweek
-----------------------------

CNN International
-----------------------------

The New Yorker
-----------------------------

Rush Limbaugh
-----------------------------

The Independent
-----------------------------
$VAR1 = {
          'link' => 'http://www.independent.co.uk/money/couple-who-retired-30s-multi-millions-explain-how-much-save-a7530096.html?cmpid=facebook-post',
          'caption' => 'independent.co.uk',
          'created_time' => '2017-01-17T08:41:00+0000',
          'name' => 'A couple who retired in their 30s with \'multi-millions\' explain how much they had to save',
          'id' => '13312631635_10154396733546636',
          'message' => 'A couple who retired in their 30s with \'multi-millions\' explain how much they had to save http://www.independent.co.uk/money/couple-who-retired-30s-multi-millions-explain-how-much-save-a7530096.html?cmpid=facebook-post'
        };

Domain: independent.co.uk

TheBlaze
-----------------------------

NPR Politics
-----------------------------

The New York Times
-----------------------------
$VAR1 = {
          'link' => 'https://www.nytimes.com/2017/01/16/us/politics/donald-trump-russia-business.html?smid=fb-nytimes&smtyp=cur',
          'caption' => 'nytimes.com',
          'created_time' => '2017-01-17T08:45:00+0000',
          'name' => 'For Trump, Three Decades of Chasing Deals in Russia',
          'id' => '5281959998_10151049633509999',
          'message' => 'Donald Trump said he has "stayed away" from deals in Russia. In fact, he repeatedly sought business there starting in the 1980s.'
        };

Domain: nytimes.com
Response:
{"id":"1622501708043673_1644680322492478"}

NPR
-----------------------------

MSN
-----------------------------

CNN Politics
-----------------------------

The Daily Show
-----------------------------

Daily Kos
-----------------------------

Yahoo News
-----------------------------

The Guardian
-----------------------------
$VAR1 = {
          'link' => 'https://www.theguardian.com/commentisfree/2017/jan/16/watching-porn-bus-public-harassment-education?CMP=fb_gu',
          'caption' => 'theguardian.com',
          'created_time' => '2017-01-17T08:40:00+0000',
          'name' => "Watching porn in public is not OK. It\x{2019}s harassment",
          'id' => '10513336322_10154968827681323',
          'message' => "\"When you see a man looking at porn in public (and yes, I know it\x{2019}s not all men but a minority of them), aside from laughing, or feeling scared, or uncomfortable, you might also experience a sense of awe. Imagine, just imagine, having such a sense of ownership of and entitlement to public space.\""
        };

Domain: theguardian.com
Response:
{"id":"1622501708043673_1644680385825805"}

CNN
-----------------------------

Slate.com
-----------------------------

the AP
-----------------------------

Sean Hannity
-----------------------------

The Ed Schultz Show
-----------------------------

The Atlantic
-----------------------------

Bloomberg
-----------------------------

BuzzFeed
-----------------------------

Fox News
-----------------------------

VICE
-----------------------------
$VAR1 = {
          'link' => 'https://waypoint.vice.com/en_us/article/japanese-gravity-rush-2-commercial-is-weird-funny-touching?utm_source=vicefbus',
          'caption' => 'waypoint.vice.com',
          'created_time' => '2017-01-17T08:41:00+0000',
          'name' => 'Japanese \'Gravity Rush 2\' Commercial is Weird, Funny, Touching',
          'id' => '167115176655082_1530742163625703',
          'message' => 'Because we all know that cats secretly want to fly.'
        };

Domain: vice.com

Glenn Beck
-----------------------------

The Other 98%
-----------------------------


Total Posts Made:	5


