***********************************************************************************
Started at 01:45:01 on 00/19/2017
***********************************************************************************
Querying souces from the past 15 minutes....

Al Jazeera
-----------------------------

Upworthy
-----------------------------

The Huffington Post
-----------------------------

HuffPost Women
-----------------------------

PBS News Hour
-----------------------------

ATTN:
-----------------------------

Reuters
-----------------------------

NowThis
-----------------------------

Daily Caller
-----------------------------

CNBC
-----------------------------
$VAR1 = {
          'link' => 'http://cnb.cx/2j8Z1Mi',
          'caption' => 'cnbc.com',
          'created_time' => '2017-01-19T06:35:08+0000',
          'name' => 'Scientists identify a new human organ',
          'id' => '97212224368_10155117316049369',
          'message' => 'So now, the human body has 79 organs.'
        };

Domain: cnbc.com

The Onion
-----------------------------

Opposing Views
-----------------------------

the Today Show
-----------------------------

Kotaku
-----------------------------

Washington Post
-----------------------------

the American Center for Law and Justice
-----------------------------

VICE News
-----------------------------

PBS
-----------------------------

Mother Jones
-----------------------------

HuffPost Good News
-----------------------------

BBC News
-----------------------------

Breaking News
-----------------------------

The Verge
-----------------------------

New York Magazine
-----------------------------
$VAR1 = {
          'link' => 'http://nym.ag/2jbb0ZK',
          'caption' => 'vulture.com',
          'created_time' => '2017-01-19T06:37:22+0000',
          'name' => 'Sherlock Showrunner Steven Moffat Explains That Big Finale',
          'id' => '14516439825_10154972423459826',
          'message' => 'Because we know you still have questions about that Sherlock finale.'
        };

Domain: vulture.com

TIME
-----------------------------

the Business Insider
-----------------------------
$VAR1 = {
          'link' => 'http://read.bi/2iBxwyW',
          'caption' => 'businessinsider.com',
          'created_time' => '2017-01-19T06:40:01+0000',
          'name' => 'Thousands of women will wear pink \'p---y hats\' the day after Trump\'s inauguration',
          'id' => '20446254070_10154302011639071',
          'message' => '"Everyone can participate."'
        };

Domain: businessinsider.com

ThinkProgress
-----------------------------

POLITICO
-----------------------------

USA TODAY
-----------------------------

American News
-----------------------------

ABC News
-----------------------------
$VAR1 = {
          'link' => 'http://abcn.ws/2jyZye4',
          'caption' => 'abcnews.go.com',
          'created_time' => '2017-01-19T06:35:00+0000',
          'name' => '\'I Don\'t Like to Lie\' and Other Notable Quotes from Trump\'s Pre-Inauguration Interviews',
          'id' => '86680728811_10155277313403812',
          'message' => 'Pres.-elect Donald J. Trump has shown that he\'s not only thinking about the big day on Friday, but looking four years ahead as well, teasing his re-election\'s campaign slogan.'
        };

Domain: go.com
Response:
{"error":{"message":"It looks like you were misusing this feature by going too fast. You\u2019ve been blocked from using it.\n\nLearn more about blocks in the Help Center.","type":"OAuthException","code":368,"error_subcode":1390008,"error_user_msg":"","fbtrace_id":"DQr+fi3qaqv"}}

Facebook ran into an error and the post was not published. Zach Muckerberg please fix. Try again in a few hours.

