***********************************************************************************
Started at 00:45:02 on 00/26/2017
***********************************************************************************
Querying souces from the past 15 minutes....

Al Jazeera
-----------------------------

Upworthy
-----------------------------

The Huffington Post
-----------------------------

HuffPost Women
-----------------------------
$VAR1 = {
          'link' => 'http://huff.to/2ku9Vwh',
          'caption' => 'huffingtonpost.com',
          'created_time' => '2017-01-26T05:30:15+0000',
          'name' => 'Woman Gives Birth A Few Hours After Walking In Women\'s March',
          'id' => '153213781413350_1284634728271244',
          'message' => "Despite being 38 weeks along, Megan Hershfield said, \x{201c}There was no way I was going to stay home.\x{201d}"
        };

Domain: huffingtonpost.com
Response:
{"error":{"message":"It looks like you were misusing this feature by going too fast. You\u2019ve been blocked from using it.\n\nLearn more about blocks in the Help Center.","type":"OAuthException","code":368,"error_subcode":1390008,"error_user_msg":"","fbtrace_id":"Gm4rGKzgxx7"}}

Facebook ran into an error and the post was not published. Zach Muckerberg please fix. Try again in a few hours.

