***********************************************************************************
Started at 16:30:01 on 00/22/2017
***********************************************************************************
Querying souces from the past 15 minutes....

Al Jazeera
-----------------------------

Upworthy
-----------------------------

The Huffington Post
-----------------------------

HuffPost Women
-----------------------------

PBS News Hour
-----------------------------
$VAR1 = {
          'link' => 'http://www.pbs.org/newshour/updates/trans-patients-looking-fertility-options-turn-cancer-research/',
          'caption' => 'pbs.org',
          'created_time' => '2017-01-22T21:30:00+0000',
          'name' => 'Trans patients, looking for fertility options, turn to cancer research',
          'id' => '6491828674_10155006287368675',
          'message' => 'With an estimated 1.4 million trans Americans, doctors and researchers are learning more about how their work affects trans patients -- including in the area of fertility.'
        };

Domain: pbs.org
Response:
{"error":{"message":"It looks like you were misusing this feature by going too fast. You\u2019ve been blocked from using it.\n\nLearn more about blocks in the Help Center.","type":"OAuthException","code":368,"error_subcode":1390008,"error_user_msg":"","fbtrace_id":"GlUUEXNcT2r"}}

Facebook ran into an error and the post was not published. Zach Muckerberg please fix. Try again in a few hours.

