***********************************************************************************
Started at 14:00:01 on 11/07/2016
***********************************************************************************
Querying souces from the past 10 minutes....

Al Jazeera
-----------------------------
$VAR1 = {
          'link' => 'http://www.aljazeera.com/programmes/listeningpost/2016/12/uk-snoopers-charter-affect-journalism-161203090946739.html',
          'caption' => 'aljazeera.com',
          'created_time' => '2016-12-07T19:00:00+0000',
          'name' => 'How will the UK\'s Snoopers\' Charter affect journalism?',
          'id' => '7382473689_10154938050898690',
          'message' => '"Journalists are not given any specific protections under any of those new laws."
(via The Listening Post)'
        };

Domain: aljazeera.com
$VAR1 = {
          'id' => '1622501708043673_1629654630661714'
        };

Upworthy
-----------------------------

The Huffington Post
-----------------------------

HuffPost Women
-----------------------------

PBS News Hour
-----------------------------

ATTN:
-----------------------------

Reuters
-----------------------------
$VAR1 = {
          'link' => 'https://www.facebook.com/Reuters/photos/a.128043330549365.16594.114050161948682/1313302275356792/?type=3',
          'created_time' => '2016-12-07T18:56:23+0000',
          'name' => 'Timeline Photos',
          'id' => '114050161948682_1313302275356792',
          'message' => "Experience Japan's first official Comic Con, organized by Apple co-founder Steve Wozniak. See more with 360\x{b0} photography: http://reut.rs/2h6V116"
        };

NowThis
-----------------------------

Daily Caller
-----------------------------

CNBC
-----------------------------

The Onion
-----------------------------

Opposing Views
-----------------------------
$VAR1 = {
          'link' => 'https://www.opposingviews.com/i/its-easy-see-why-people-are-so-disturbed-whats-being-done-toddler-viral-video',
          'caption' => 'opposingviews.com',
          'created_time' => '2016-12-07T19:00:00+0000',
          'name' => 'Video Showing What Happened To Little Boy Sparks Worldwide Outrage (Video)',
          'id' => '34226391050_10154313111006051',
          'message' => 'It\'s easy to see why people are so disturbed by what\'s being done to this toddler in this viral video.'
        };

Domain: opposingviews.com

the Today Show
-----------------------------

Kotaku
-----------------------------

Washington Post
-----------------------------
$VAR1 = {
          'link' => 'https://www.washingtonpost.com/politics/trump-says-hes-taking-advice-from-obama-but-hes-not-taking-responsibility-for-nations-divisions/2016/12/07/d7c659c8-bc86-11e6-94ac-3d324840106c_story.html?tid=sm_fb&utm_term=.850d3439b280',
          'caption' => 'washingtonpost.com',
          'created_time' => '2016-12-07T19:00:00+0000',
          'name' => "Trump says he\x{2019}s taking advice from Obama, but he\x{2019}s not taking responsibility for nation\x{2019}s divisions",
          'id' => '6250307292_10154488419022293',
          'message' => "\"I\x{2019}m not president yet. So I didn\x{2019}t do anything to divide,\" Trump said."
        };

Domain: washingtonpost.com
$VAR1 = {
          'id' => '1622501708043673_1629655020661675'
        };

the American Center for Law and Justice
-----------------------------

VICE News
-----------------------------
$VAR1 = {
          'link' => 'https://news.vice.com/story/cops-care-more-about-heroin-than-deadly-prescription-pills-survey-shows?utm_source=vicenewsfb',
          'caption' => 'news.vice.com',
          'created_time' => '2016-12-07T18:54:00+0000',
          'name' => 'Cops care more about heroin than deadly prescription pills, survey shows',
          'id' => '235852889908002_701268166699803',
          'message' => 'Prescription pills are way more deadly and way more commonly abused.'
        };

Domain: vice.com

PBS
-----------------------------
$VAR1 = {
          'link' => 'http://www.nextavenue.org/creating-safety-net-isolated-older-adults/',
          'caption' => 'nextavenue.org',
          'created_time' => '2016-12-07T19:00:00+0000',
          'name' => 'Creating A Safety Net for Isolated Older Adults',
          'id' => '19013582168_10154226370622169',
          'message' => "\"As people have fewer children, there are fewer people in that next generation to help take care of that older generation.\x{201d} (From Next Avenue)"
        };

Domain: nextavenue.org

Mother Jones
-----------------------------

HuffPost Good News
-----------------------------

BBC News
-----------------------------
$VAR1 = {
          'link' => 'http://bbc.in/2galjzQ',
          'caption' => 'bbc.co.uk',
          'created_time' => '2016-12-07T19:00:08+0000',
          'name' => 'Car pollution in cities - do number plate schemes work?',
          'id' => '228735667216_10154176379637217',
          'message' => 'For a second day, Paris is cutting car numbers according to odd or even licence plates.'
        };

Domain: bbc.co.uk
$VAR1 = {
          'id' => '1622501708043673_1629655203994990'
        };
$VAR1 = {
          'link' => 'http://bbc.in/2h6W1lH',
          'caption' => 'bbc.co.uk',
          'created_time' => '2016-12-07T18:56:24+0000',
          'name' => '\'Being stalked was a living hell\'',
          'id' => '228735667216_10154176362147217',
          'message' => 'It started with slashed bicycle tyres. Five years later Helen was stabbed by her stalker.'
        };

Domain: bbc.co.uk
$VAR1 = {
          'id' => '1622501708043673_1629655323994978'
        };

Breaking News
-----------------------------

The Verge
-----------------------------

New York Magazine
-----------------------------
$VAR1 = {
          'link' => 'http://nym.ag/2gCZ01M',
          'caption' => 'grubstreet.com',
          'created_time' => '2016-12-07T18:51:23+0000',
          'name' => 'The Absolute Best Restaurant for Group Dining in New York',
          'id' => '14516439825_10154819482919826',
          'message' => 'Here are the five best restaurants for a group dinner in New York.'
        };

Domain: grubstreet.com

TIME
-----------------------------

the Business Insider
-----------------------------
$VAR1 = {
          'link' => 'https://www.facebook.com/businessinsider/videos/10154157223524071/',
          'created_time' => '2016-12-07T18:55:04+0000',
          'name' => 'Trump defends his tweets',
          'id' => '20446254070_10154157223524071',
          'message' => 'Matt Lauer asks Trump if he\'s having a \'difficult time\' being more restrained on Twitter.'
        };
$VAR1 = {
          'link' => 'http://www.businessinsider.com/joe-buck-brett-favre-td-call-bathroom-2016-12',
          'created_time' => '2016-12-07T18:50:41+0000',
          'name' => 'Business Insider: Sports',
          'id' => '20446254070_10154156781654071',
          'message' => 'Quite the story from Joe Buck\'s early days.'
        };

ThinkProgress
-----------------------------

POLITICO
-----------------------------

USA TODAY
-----------------------------
$VAR1 = {
          'link' => 'http://www.usatoday.com/story/news/politics/onpolitics/2016/12/07/clinton-trump-time-person-of-the-year/95090350/',
          'caption' => 'usatoday.com',
          'created_time' => '2016-12-07T18:56:01+0000',
          'name' => "Clinton takes second place to Trump \x{2014} again",
          'id' => '13652355666_10154126322330667',
          'message' => "\"[E]ven if the 2016 election wasn\x{2019}t ultimately about gender, her legacy surely will be.\" --TIME"
        };

Domain: usatoday.com
$VAR1 = {
          'id' => '1622501708043673_1629655460661631'
        };

American News
-----------------------------
$VAR1 = {
          'link' => 'http://americannews.com/nancy-pelosi-picks-fight-ben-carson-immediately-gets-crushed/',
          'caption' => 'americannews.com',
          'created_time' => '2016-12-07T19:00:00+0000',
          'name' => 'Nancy Pelosi Picks A Fight With Ben Carson, Immediately Get\'s Crushed',
          'id' => '179035672287016_894564847400758',
          'message' => 'Nancy Pelosi learns quick lesson after attacking Ben Carson.

She thought she had the upper hand... but boy was she wrong.

Do you support Ben Carson?'
        };

Domain: americannews.com

ABC News
-----------------------------
$VAR1 = {
          'link' => 'http://abcn.ws/2hh88NQ',
          'caption' => 'abcnews.go.com',
          'created_time' => '2016-12-07T18:55:04+0000',
          'name' => 'NC Governor-Elect Faces Uphill Battle to Repeal HB2',
          'id' => '86680728811_10155100548603812',
          'message' => "North Carolina\x{2019}s governor-elect, Roy Cooper, may be powerless to repeal controversial law that restricted the right of transgender people to use bathroom of their choosing, experts say."
        };

Domain: go.com
$VAR1 = {
          'id' => '1622501708043673_1629655600661617'
        };

HuffPost Politics
-----------------------------

NBC News
-----------------------------

AJ+
-----------------------------

Wikileaks
-----------------------------

CNNMoney
-----------------------------

ABC News Politics
-----------------------------

Right Wing News
-----------------------------

The Wall Street Journal
-----------------------------

MSNBC
-----------------------------

the Drudge Report
-----------------------------

Mic
-----------------------------

The Economist
-----------------------------

Bloomberg Politics
-----------------------------
$VAR1 = {
          'link' => 'http://bloom.bg/2gbtax0',
          'caption' => 'bloomberg.com',
          'created_time' => '2016-12-07T19:00:06+0000',
          'name' => "Trump Team Said to Consider Thiel Associate O\x{2019}Neill for FDA",
          'id' => '1481073582140028_1849363171977732',
          'message' => "He would be an unconventional pick, since he doesn\x{2019}t have a medical background."
        };

Domain: bloomberg.com
$VAR1 = {
          'id' => '1622501708043673_1629655727328271'
        };

CBS News
-----------------------------
$VAR1 = {
          'link' => 'http://cbsn.ws/2gD0qJO',
          'caption' => 'www.cbsnews.com',
          'created_time' => '2016-12-07T19:00:04+0000',
          'name' => 'Laced gummy bears send high school kids to the hospital',
          'id' => '131459315949_10154140081685950',
          'message' => 'It was unclear whether the students were aware that the gummy bears were laced with the drug.'
        };

Domain: cbsnews.com
$VAR1 = {
          'id' => '1622501708043673_1629655827328261'
        };

The Young Turks
-----------------------------
$VAR1 = {
          'link' => 'https://www.facebook.com/TheYoungTurks/videos/10154159578309205/',
          'created_time' => '2016-12-07T19:00:00+0000',
          'name' => 'University Protesters 1, White Supremacists 0',
          'id' => '210277954204_10154159578309205',
          'message' => 'A racist was invited to speak at Texas A&M University, students revolted and kicked the white supremacist off the campus.'
        };

Occupy Democrats
-----------------------------

CBC News
-----------------------------

Newsweek
-----------------------------

CNN International
-----------------------------

The New Yorker
-----------------------------

Rush Limbaugh
-----------------------------

The Independent
-----------------------------

TheBlaze
-----------------------------

NPR Politics
-----------------------------
$VAR1 = {
          'link' => 'http://www.npr.org/2016/12/07/504570429/trumps-victory-tour-stump-speech-annotated',
          'caption' => 'npr.org',
          'created_time' => '2016-12-07T19:00:00+0000',
          'name' => 'Trump\'s Victory Tour Stump Speech, Annotated',
          'id' => '1604383669807606_1826549160924388',
          'message' => 'Here\'s a closer look from NPR policy and political reporters at the message Trump is delivering in his postelection stump speech.'
        };

Domain: npr.org
$VAR1 = {
          'id' => '1622501708043673_1629655907328253'
        };

The New York Times
-----------------------------
$VAR1 = {
          'link' => 'https://www.facebook.com/nytimestravel/posts/1266880446702390',
          'created_time' => '2016-12-07T18:57:32+0000',
          'name' => 'The New York Times - Travel',
          'id' => '5281959998_10151000227614999',
          'message' => 'Have questions about last-minute holiday travel? Ask our Frugal Traveler, Lucas Peterson, and feel free to share your tips as well.'
        };
$VAR1 = {
          'link' => 'https://cooking.nytimes.com/recipes/1017972-chocolate-peppermint-bars?smid=fb-nytimes&smtyp=cur',
          'caption' => 'cooking.nytimes.com',
          'created_time' => '2016-12-07T18:55:01+0000',
          'name' => 'Chocolate Peppermint Bars Recipe',
          'id' => '5281959998_10150999995839999',
          'message' => 'Tastes like Christmas.'
        };

Domain: nytimes.com
$VAR1 = {
          'id' => '1622501708043673_1629656123994898'
        };

NPR
-----------------------------

MSN
-----------------------------
$VAR1 = {
          'link' => 'http://msn.com/en-us/news/world/julian-assange-defies-swedish-prosecutors-by-releasing-rape-statement/ar-AAlf4pB?ocid=ob-fb-enus-280',
          'caption' => 'msn.com',
          'created_time' => '2016-12-07T18:59:27+0000',
          'name' => 'Julian Assange defies Swedish prosecutors by releasing rape statement',
          'id' => '49940376408_10154101839866409'
        };

Domain: msn.com

CNN Politics
-----------------------------

The Daily Show
-----------------------------

Daily Kos
-----------------------------

Yahoo News
-----------------------------
$VAR1 = {
          'link' => 'https://www.facebook.com/yahoonews/videos/10154950350601037/',
          'created_time' => '2016-12-07T19:00:00+0000',
          'name' => 'TIME\'s Person of the Year 2016',
          'id' => '338028696036_10154950350601037',
          'message' => "TIME magazine names Donald J. Trump 'Person of the Year' \x{2014} and he says \"it's a tremendous honor.\""
        };

The Guardian
-----------------------------
$VAR1 = {
          'link' => 'https://www.theguardian.com/world/2016/dec/07/my-hunting-trip-with-yeltsin-killed-off-the-soviet-union?CMP=fb_gu',
          'caption' => 'theguardian.com',
          'created_time' => '2016-12-07T19:00:00+0000',
          'name' => 'My hunting trip with Yeltsin killed off the Soviet Union',
          'id' => '10513336322_10154807077721323',
          'message' => "\x{201c}I\x{2019}m disappointed because the Belavezha Accords opened big opportunities, but Putin wants to turn this around. He said the breakup of the Soviet Union was a tragedy, but this is an unacceptable statement, because tens of millions died for this communist order. We need to make a government for the people, not sacrifice the people for the state.\x{201d}"
        };

Domain: theguardian.com
$VAR1 = {
          'id' => '1622501708043673_1629656213994889'
        };

CNN
-----------------------------
$VAR1 = {
          'link' => 'http://cnn.it/2hjxKFR',
          'caption' => 'money.cnn.com',
          'created_time' => '2016-12-07T19:00:05+0000',
          'name' => 'LeBron James explains why he wouldn\'t stay at Trump\'s NYC hotel',
          'id' => '5550296508_10155710405081509',
          'message' => 'LeBron James wants Donald J. Trump to be "one of the best presidents ever," but that doesn\'t mean he wants to stay in a Trump-branded hotel.'
        };

Domain: cnn.com
$VAR1 = {
          'id' => '1622501708043673_1629656377328206'
        };

Slate.com
-----------------------------

the AP
-----------------------------

Sean Hannity
-----------------------------

The Ed Schultz Show
-----------------------------

The Atlantic
-----------------------------
$VAR1 = {
          'link' => 'http://theatln.tc/2hhjQb2',
          'caption' => 'theatlantic.com',
          'created_time' => '2016-12-07T18:54:24+0000',
          'name' => 'The Extreme Hazing of the Most Expensive Telescope Ever Built',
          'id' => '29259828486_10154873220158487',
          'message' => 'When it launches in two years, Webb, $8.8 billion and 20 years in the making, will be the most powerful space telescope ever built.'
        };

Domain: theatlantic.com

Bloomberg
-----------------------------
$VAR1 = {
          'link' => 'https://www.facebook.com/bloombergbusiness/videos/10154798444521880/',
          'created_time' => '2016-12-07T19:00:00+0000',
          'id' => '266790296879_10154798444521880',
          'message' => 'Italy\'s Matteo Renzi has resigned as prime minister. What happens now? http://bloom.bg/2hjYw0A'
        };

BuzzFeed
-----------------------------

Fox News
-----------------------------

VICE
-----------------------------

Glenn Beck
-----------------------------

The Other 98%
-----------------------------





