***********************************************************************************
Started at 14:00:01 on 00/21/2017
***********************************************************************************
Querying souces from the past 15 minutes....

Al Jazeera
-----------------------------

Upworthy
-----------------------------

The Huffington Post
-----------------------------
$VAR1 = {
          'link' => 'http://huff.to/2jLTqzh',
          'caption' => 'huffingtonpost.com',
          'created_time' => '2017-01-21T18:45:13+0000',
          'name' => 'Lawmakers Show Solidarity With Women\'s March On Washington',
          'id' => '18468761129_10154629495856130',
          'message' => "\"We must go forward to ensure full reproductive justice for all women.\"
\x{2014} Bernie Sanders"
        };

Domain: huffingtonpost.com
Response:
{"error":{"message":"It looks like you were misusing this feature by going too fast. You\u2019ve been blocked from using it.\n\nLearn more about blocks in the Help Center.","type":"OAuthException","code":368,"error_subcode":1390008,"error_user_msg":"","fbtrace_id":"G+XMV9rMlgn"}}

Facebook ran into an error and the post was not published. Zach Muckerberg please fix. Try again in a few hours.

