***********************************************************************************
Started at 16:00:01 on 11/26/2016
***********************************************************************************
Querying souces from the past 15 minutes....

Al Jazeera
-----------------------------
$VAR1 = {
          'link' => 'http://www.aljazeera.com/programmes/upfront/2016/12/web-extra-boycotting-israel-anti-semitic-161223090003247.html',
          'caption' => 'aljazeera.com',
          'created_time' => '2016-12-26T21:00:00+0000',
          'name' => 'Web extra: Is boycotting Israel anti-Semitic?',
          'id' => '7382473689_10155017815828690',
          'message' => 'Is boycotting Israel anti-Semitic?

(via UpFront)'
        };

Domain: aljazeera.com
Response:
{"id":"1622501708043673_1636967723263738"}

Upworthy
-----------------------------
$VAR1 = {
          'link' => 'http://u.pw/2hdUZnn',
          'caption' => 'upworthy.com',
          'created_time' => '2016-12-26T20:50:00+0000',
          'name' => "What it\x{2019}s like to adopt a dog, as told through a 14-part comic.",
          'id' => '354522044588660_1546313192076200',
          'message' => "\x{2764}\x{fe0f} \x{1f436} \x{2764}\x{fe0f}"
        };

Domain: upworthy.com

The Huffington Post
-----------------------------

HuffPost Women
-----------------------------

PBS News Hour
-----------------------------

ATTN:
-----------------------------

Reuters
-----------------------------

NowThis
-----------------------------
$VAR1 = {
          'link' => 'https://www.facebook.com/NowThisNews/videos/1282034788553309/',
          'created_time' => '2016-12-26T21:00:00+0000',
          'name' => 'This boy grew his hair out for two years to donate to a girl w...',
          'id' => '341163402640457_1282034788553309',
          'message' => 'This boy grew his hair for two years so he could donate it to a girl with cancer #NowThis2016'
        };

Daily Caller
-----------------------------
$VAR1 = {
          'link' => 'http://trib.al/xnIX87K',
          'caption' => 'dailycaller.com',
          'created_time' => '2016-12-26T20:49:55+0000',
          'name' => 'Marilyn Monroe Did One Last Photo Shoot Before She Died. These Are The Photos.',
          'id' => '182919686769_10154082672346770',
          'message' => 'Marilyn Monroe was the world\'s favorite.'
        };

Domain: dailycaller.com

CNBC
-----------------------------

The Onion
-----------------------------

Opposing Views
-----------------------------
$VAR1 = {
          'link' => 'https://www.opposingviews.com/i/society/obama-says-he-could-have-beaten-trump-if-he-were-allowed-run-again?fb=ov',
          'caption' => 'opposingviews.com',
          'created_time' => '2016-12-26T21:00:00+0000',
          'name' => 'President Obama\'s Unexpected Comments About A 3rd Term, Trump Presidency Spark Outrage',
          'id' => '34226391050_10154376846746051',
          'message' => 'In a new interview, President Obama reveals his thoughts about a third term in office. What he said left viewers at a loss for words.'
        };

Domain: opposingviews.com

the Today Show
-----------------------------

Kotaku
-----------------------------

Washington Post
-----------------------------
$VAR1 = {
          'link' => 'https://www.washingtonpost.com/news/to-your-health/wp/2016/12/23/an-opioid-epidemic-is-what-happens-when-pain-is-treated-only-with-pills/?tid=sm_fb&utm_term=.99d7e94e17e3',
          'caption' => 'washingtonpost.com',
          'created_time' => '2016-12-26T21:00:00+0000',
          'name' => 'An opioid epidemic is what happens when pain is treated only with pills',
          'id' => '6250307292_10154571132852293',
          'message' => 'The paradox of the opioid epidemic: too many opioids, and not enough.'
        };

Domain: washingtonpost.com
Response:
{"id":"1622501708043673_1636967846597059"}

the American Center for Law and Justice
-----------------------------

VICE News
-----------------------------

PBS
-----------------------------
$VAR1 = {
          'link' => 'http://to.pbs.org/2ikkzoC',
          'caption' => 'pbs.org',
          'created_time' => '2016-12-26T21:00:00+0000',
          'name' => 'Discover the History of Latkes | PBS Food',
          'id' => '19013582168_10154280140382169',
          'message' => 'Latkes are a traditional Hanukkah dish. Do you know the story of why fried and dairy foods are part of the holiday? (from PBS Food)'
        };

Domain: pbs.org
Response:
{"id":"1622501708043673_1636967906597053"}

Mother Jones
-----------------------------

HuffPost Good News
-----------------------------

BBC News
-----------------------------

Breaking News
-----------------------------

The Verge
-----------------------------

New York Magazine
-----------------------------
$VAR1 = {
          'link' => 'http://nym.ag/2hgHgJo',
          'caption' => 'nymag.com',
          'created_time' => '2016-12-26T20:49:51+0000',
          'name' => "Can a Gun Victim and a Gun Advocate Change Each Other\x{2019}s Minds?",
          'id' => '14516439825_10154895274789826',
          'message' => 'A gun may have saved his life. A gun killed her child. Five participants talk about their personal experiences with firearms.'
        };

Domain: nymag.com

TIME
-----------------------------

the Business Insider
-----------------------------

ThinkProgress
-----------------------------

POLITICO
-----------------------------

USA TODAY
-----------------------------
$VAR1 = {
          'link' => 'http://www.usatoday.com/story/life/entertainthis/2016/12/26/who-is-gorilla-sing-taron-egerton/95776090/',
          'caption' => 'usatoday.com',
          'created_time' => '2016-12-26T21:00:00+0000',
          'name' => "Who is the soulful gorilla in \x{2018}Sing\x{2019}? 5 things to know about Taron Egerton",
          'id' => '13652355666_10154213772475667',
          'message' => '"Sing" is a major box office hit and Taron Egerton, the soulful gorilla, is its secret star.'
        };

Domain: usatoday.com
Response:
{"id":"1622501708043673_1636967953263715"}

American News
-----------------------------

ABC News
-----------------------------

HuffPost Politics
-----------------------------

NBC News
-----------------------------

AJ+
-----------------------------

Wikileaks
-----------------------------

CNNMoney
-----------------------------

ABC News Politics
-----------------------------

Right Wing News
-----------------------------
$VAR1 = {
          'link' => 'http://joeforamerica.com/2016/12/6-reasons-joe-the-plumber-should-be-in-trumps-cabinet/',
          'caption' => 'joeforamerica.com',
          'created_time' => '2016-12-26T21:00:00+0000',
          'name' => '6 Reasons Joe the Plumber Should be in Trump\'s Cabinet',
          'id' => '389658314427637_1650969424963180',
          'message' => 'Like and share if you would like to see Joe the Plumber in DC :-)'
        };

Domain: joeforamerica.com

The Wall Street Journal
-----------------------------

MSNBC
-----------------------------
$VAR1 = {
          'link' => 'http://on.msnbc.com/2hnH2TY',
          'caption' => 'msnbc.com',
          'created_time' => '2016-12-26T21:00:06+0000',
          'name' => 'Sessions criticized for past stances on immigration, race',
          'id' => '273864989376427_1410842699011978',
          'message' => 'Democrats are reportedly refusing courtesy calls from Sen. Jeff Sessions, president-elect Trump\'s pick for attorney general, and are threatening to delay his confirmation over missing documents.'
        };

Domain: msnbc.com
Response:
{"id":"1622501708043673_1636968029930374"}

the Drudge Report
-----------------------------

Mic
-----------------------------

The Economist
-----------------------------
$VAR1 = {
          'link' => 'http://econ.st/2hKNHIV',
          'caption' => 'economist.com',
          'created_time' => '2016-12-26T21:00:16+0000',
          'name' => 'How Leicester City staged the greatest upset in sporting history',
          'id' => '6013004059_10154930286134060',
          'message' => 'Fans of English premier league underdogs Leicester City will long remember the 2015-2016 season'
        };

Domain: economist.com
Response:
{"id":"1622501708043673_1636968113263699"}
$VAR1 = {
          'link' => 'https://www.facebook.com/TheEconomist/videos/10154915454784060/',
          'created_time' => '2016-12-26T21:00:00+0000',
          'name' => 'From online to frontline, the ordinary people fighting the Isl...',
          'id' => '6013004059_10154915454784060',
          'message' => 'Some are American ex-soldiers who think the war in Iraq never ended, some are outright fantasists, and some are ordinary people who feel compelled to make a difference'
        };
$VAR1 = {
          'link' => 'http://econ.st/2h1W4PQ',
          'caption' => 'economist.com',
          'created_time' => '2016-12-26T20:48:06+0000',
          'name' => "America\x{2019}s largest ethnic group has assimilated so well, people barely notice it",
          'id' => '6013004059_10154930260574060',
          'message' => "We\x{2019}ve covered many stories on racial tensions in America in recent years. One of our most popular articles, though, looked at the minority so well-assimilated, they\x{2019}re barely registered"
        };

Domain: economist.com
Response:
{"id":"1622501708043673_1636968163263694"}

Bloomberg Politics
-----------------------------

CBS News
-----------------------------

The Young Turks
-----------------------------
$VAR1 = {
          'link' => 'https://www.facebook.com/TheYoungTurks/videos/10154221983499205/',
          'created_time' => '2016-12-26T21:00:00+0000',
          'name' => 'Fake Guns Are Killing A Lot Of People',
          'id' => '210277954204_10154221983499205',
          'message' => 'Toy guns are causing too many people to get killed.'
        };

Occupy Democrats
-----------------------------

CBC News
-----------------------------
$VAR1 = {
          'link' => 'http://www.cbc.ca/news/canada/sudbury/north-bay-homane-society-rats-1.3910508',
          'caption' => 'cbc.ca',
          'created_time' => '2016-12-26T21:00:00+0000',
          'name' => 'North Bay humane society seeking homes for nearly 600 rats removed from apartment',
          'id' => '5823419603_10154985890279604',
          'message' => 'Shudder.'
        };

Newsweek
-----------------------------

CNN International
-----------------------------

The New Yorker
-----------------------------

Rush Limbaugh
-----------------------------

The Independent
-----------------------------

TheBlaze
-----------------------------
$VAR1 = {
          'link' => 'http://www.theblaze.com/news/2016/12/26/trump-could-quickly-appoint-more-than-twice-as-many-federal-judges-as-obama-did-in-his-first-term/',
          'caption' => 'www.theblaze.com',
          'created_time' => '2016-12-26T21:00:09+0000',
          'name' => 'Trump could quickly appoint more than twice as many federal judges as Obama did in his first term',
          'id' => '140738092630206_1318975001473170',
          'message' => 'Trump could immediately reshape the federal judiciary - here\'s how.'
        };

Domain: theblaze.com
Response:
{"id":"1622501708043673_1636968223263688"}

NPR Politics
-----------------------------

The New York Times
-----------------------------
$VAR1 = {
          'link' => 'https://www.nytimes.com/2016/12/26/opinion/and-the-trade-war-came.html?smid=fb-nytimes&smtyp=cur',
          'caption' => 'nytimes.com',
          'created_time' => '2016-12-26T20:55:00+0000',
          'name' => 'And the Trade War Came',
          'id' => '5281959998_10151021527114999',
          'message' => '"So what will happen when the Donald J. Trump tariffs come? There will be retaliation, big time," Paul Krugman writes in The New York Times Opinion Section.'
        };

Domain: nytimes.com
Response:
{"id":"1622501708043673_1636968326597011"}

NPR
-----------------------------

MSN
-----------------------------
$VAR1 = {
          'link' => "http://msn.com/en-us/news/politics/democrats-plot-\x{2018}collision-course\x{2019}-with-trump\x{2019}s-tax-plan/ar-BBxAxhm?ocid=ob-fb-enus-280",
          'caption' => 'msn.com',
          'created_time' => '2016-12-26T20:58:17+0000',
          'name' => "Democrats plot \x{2018}collision course\x{2019} with Trump\x{2019}s tax plan",
          'id' => '49940376408_10154164706131409'
        };

Domain: msn.com

CNN Politics
-----------------------------
$VAR1 = {
          'link' => 'http://cnn.it/2hHPsU1',
          'caption' => 'www.cnn.com',
          'created_time' => '2016-12-26T20:59:01+0000',
          'name' => 'The big political stories of 2017',
          'id' => '219367258105115_1415701148471714',
          'message' => 'From CNN Opinion: Here are a number of major political issues that could well dominate 2017:'
        };

Domain: cnn.com
Response:
{"id":"1622501708043673_1636968409930336"}

The Daily Show
-----------------------------

Daily Kos
-----------------------------
$VAR1 = {
          'link' => 'http://www.dailykos.com/stories/2016/12/26/1613435/-Have-health-insurance-from-your-employer-You-can-still-be-hurt-with-Obamacare-repeal?detail=facebook',
          'caption' => 'dailykos.com',
          'created_time' => '2016-12-26T21:00:00+0000',
          'name' => 'Have health insurance from your employer? You can still be hurt with Obamacare repeal',
          'id' => '43179984254_10155006719134255',
          'message' => 'One of the lines Republicans have tested on Obamacare repeal is that it just isn\'t that big of a deal. Not that many people will be affected by it at all. That\'s a big lie.'
        };

Domain: dailykos.com
Response:
{"id":"1622501708043673_1636968483263662"}

Yahoo News
-----------------------------
$VAR1 = {
          'link' => 'https://www.facebook.com/yahoonews/videos/10155036139541037/',
          'created_time' => '2016-12-26T21:00:00+0000',
          'name' => "20 Years Ago Today: The Death of JonBen\x{e9}t Ramsey",
          'id' => '338028696036_10155036139541037',
          'message' => "20 years ago today, 6-year-old beauty pageant queen JonBen\x{e9}t Ramsey was found beaten and strangled to death in the basement of her family\x{2019}s home in Boulder, Colorado."
        };

The Guardian
-----------------------------
$VAR1 = {
          'link' => 'https://www.theguardian.com/music/2009/dec/05/george-michael-interview-music-sex-drugs?CMP=fb_gu',
          'caption' => 'theguardian.com',
          'created_time' => '2016-12-26T21:00:00+0000',
          'name' => 'George Michael: \'There are things I need to resolve\'',
          'id' => '10513336322_10154886873196323',
          'message' => 'A remarkably candid and revealing interview with George Michael from 2009: "I\'m 10-12 years into life as an out gay man and I\'m a different person"'
        };

Domain: theguardian.com
Response:
{"error":{"message":"It looks like you were misusing this feature by going too fast. You\u2019ve been blocked from using it.\n\nLearn more about blocks in the Help Center.","type":"OAuthException","code":368,"error_subcode":1390008,"error_user_msg":"","fbtrace_id":"CSRN6PakaGA"}}

Facebook ran into an error and the post was not published. Zach Muckerberg please fix. Try again in a few hours.

