***********************************************************************************
Started at 12:30:01 on 00/19/2017
***********************************************************************************
Querying souces from the past 15 minutes....

Al Jazeera
-----------------------------

Upworthy
-----------------------------
$VAR1 = {
          'link' => 'http://u.pw/2jCiQiv',
          'caption' => 'upworthy.com',
          'created_time' => '2017-01-19T17:20:33+0000',
          'name' => 'On grief and gratitude: saying goodbye to President Obama.',
          'id' => '354522044588660_1605473706160148',
          'message' => 'Feeling down about President Obama\'s last days in the White House? You\'re not alone.'
        };

Domain: upworthy.com

The Huffington Post
-----------------------------

HuffPost Women
-----------------------------
$VAR1 = {
          'link' => 'http://huff.to/2jBK6xK',
          'caption' => 'huffingtonpost.com',
          'created_time' => '2017-01-19T17:20:11+0000',
          'name' => '370 \'Sister Marches\' Planned For Day After Trump\'s Inauguration',
          'id' => '153213781413350_1277306735670710',
          'message' => 'Tag someone in the comments who\'s marching this weekend!'
        };

Domain: huffingtonpost.com
Response:
{"id":"1622501708043673_1645590959068081"}

PBS News Hour
-----------------------------
$VAR1 = {
          'link' => 'https://www.facebook.com/newshour/videos/10154994801443675/',
          'created_time' => '2017-01-19T17:30:00+0000',
          'id' => '6491828674_10154994801443675',
          'message' => '"I believe in this country. I believe in the American people. I believe people are more good than bad," President Obama said during his final news conference in front of the White House press corps.'
        };

ATTN:
-----------------------------

Reuters
-----------------------------
$VAR1 = {
          'link' => 'http://reut.rs/2jsmBVp',
          'caption' => 'reuters.com',
          'created_time' => '2017-01-19T17:28:07+0000',
          'name' => 'U.S. Treasury nominee Mnuchin denies exploiting homeowners after crash',
          'id' => '114050161948682_1365529046800781',
          'message' => 'President-elect Donald Trump\'s choice to head the U.S. Treasury, Steven Mnuchin, denied on Thursday that a bank he owned had profited at the expense of vulnerable homeowners in the aftermath of the 2007-2009 housing crash. More details: http://reut.rs/2jsmBVp'
        };

Domain: reuters.com
$VAR1 = {
          'link' => 'http://reut.rs/2jPZLqh',
          'caption' => 'reuters.com',
          'created_time' => '2017-01-19T17:21:05+0000',
          'name' => 'U.S exchanges rent helicopter, drape banner in pursuit of Snapchat IPO',
          'id' => '114050161948682_1365524346801251',
          'message' => '"Sometimes exchanges go to relatively extraordinary lengths in order to attract a high-profile new listing," said Lise Buyer, a principal with the IPO advisory firm Class V Group. Find out who\'s pursuing Snapchat: http://reut.rs/2jPZLqh'
        };

Domain: reuters.com
$VAR1 = {
          'link' => 'http://reut.rs/2jcUXe7',
          'caption' => 'reuters.com',
          'created_time' => '2017-01-19T17:17:31+0000',
          'name' => 'Trump spokesman says of possibility of U.S. Embassy in Jerusalem: \'Stay tuned\'',
          'id' => '114050161948682_1365522316801454',
          'message' => '"Stay tuned," incoming White House spokesman Sean Spicer told reporters, saying there would be an announcement on whether the U.S. will move its embassy from Tel Aviv to Jerusalem: http://reut.rs/2jcUXe7'
        };

Domain: reuters.com

NowThis
-----------------------------

Daily Caller
-----------------------------
$VAR1 = {
          'link' => 'http://trib.al/NMzkUki',
          'caption' => 'dailycaller.com',
          'created_time' => '2017-01-19T17:25:28+0000',
          'name' => 'Blonde Smokeshow Sits Behind Mnuchin At Confirmation Hearing -- Internet Explodes [VIDEO]',
          'id' => '182919686769_10154150158156770',
          'message' => 'Steve Mnuchin\'s blonde fiancee caught everyone\'s attention.'
        };

Domain: dailycaller.com

CNBC
-----------------------------
$VAR1 = {
          'link' => 'http://cnb.cx/2jMAk95',
          'created_time' => '2017-01-19T17:28:31+0000',
          'name' => 'CNBC Make It',
          'id' => '97212224368_10155118518364369'
        };
$VAR1 = {
          'link' => 'http://cnb.cx/2jBSVHZ',
          'caption' => 'cnbc.com',
          'created_time' => '2017-01-19T17:27:25+0000',
          'name' => 'Here are 10 times Trump spread fake news',
          'id' => '97212224368_10155118515939369',
          'message' => 'Donald J. Trump tends to make fraudulent claims, supporting them with unsubstantiated information.'
        };

Domain: cnbc.com

The Onion
-----------------------------
$VAR1 = {
          'link' => 'https://www.facebook.com/TheOnion/videos/10155058054899497/',
          'created_time' => '2017-01-19T17:17:40+0000',
          'id' => '20950654496_10155058054899497',
          'message' => 'National News Highlights'
        };

Opposing Views
-----------------------------

the Today Show
-----------------------------

Kotaku
-----------------------------

Washington Post
-----------------------------
$VAR1 = {
          'link' => 'https://www.washingtonpost.com/local/at-trumps-properties-his-name-face-and-tastes-are-ever-present/2017/01/17/7c88d6ae-d84b-11e6-9a36-1d296534b31e_story.html?tid=sm_fb&utm_term=.742687c48967',
          'caption' => 'washingtonpost.com',
          'created_time' => '2017-01-19T17:20:57+0000',
          'name' => "At Trump\x{2019}s properties, the president-elect\x{2019}s name, face and tastes are ever present",
          'id' => '6250307292_10154679109307293',
          'message' => 'Staying at Trump means staying with Trump.'
        };

Domain: washingtonpost.com
Response:
{"id":"1622501708043673_1645591012401409"}

the American Center for Law and Justice
-----------------------------

VICE News
-----------------------------

PBS
-----------------------------

Mother Jones
-----------------------------

HuffPost Good News
-----------------------------
$VAR1 = {
          'link' => 'http://huff.to/2iWIPjL',
          'caption' => 'huffingtonpost.com',
          'created_time' => '2017-01-19T17:18:06+0000',
          'name' => "Beyonc\x{e9} Stands Up In Support Of The Women\x{2019}s March",
          'id' => '202163013203224_1261107760642072',
          'message' => "\x{201c}We raise our voices as mothers, as artists, and as activists... We can make our voices heard and turn awareness into meaningful action and positive change.\x{201d} -- Beyonc\x{e9}"
        };

Domain: huffingtonpost.com
Response:
{"id":"1622501708043673_1645591109068066"}

BBC News
-----------------------------

Breaking News
-----------------------------

The Verge
-----------------------------
$VAR1 = {
          'link' => 'http://www.theverge.com/2017/1/19/14323874/yakuza-0-ps4-review',
          'caption' => 'theverge.com',
          'created_time' => '2017-01-19T17:23:49+0000',
          'name' => 'Yakuza 0 on PS4 is the perfect introduction to this weird, wild crime series',
          'id' => '193742123995472_1319756394727367',
          'message' => "They don\x{2019}t make games like this anymore."
        };

Domain: theverge.com

New York Magazine
-----------------------------
$VAR1 = {
          'link' => 'http://nym.ag/2jPZweW',
          'caption' => 'nymag.com',
          'created_time' => '2017-01-19T17:21:36+0000',
          'name' => 'Mr. Zuckerberg Goes to Dallas',
          'id' => '14516439825_10154973665059826',
          'message' => "\x{201c}We got him a cowboy hat,\x{201d} said Fort Worth mayor Betsy Price. \x{201c}He\x{2019}d never had a cowboy hat.\x{201d}"
        };

Domain: nymag.com

TIME
-----------------------------

the Business Insider
-----------------------------
$VAR1 = {
          'link' => 'http://www.businessinsider.com/whats-the-best-burger-chain-2017-1',
          'caption' => 'businessinsider.com',
          'created_time' => '2017-01-19T17:30:01+0000',
          'name' => "I tried Whataburger, In-N-Out, and Shake Shack \x{2014} and the winner is clear",
          'id' => '20446254070_10154302908744071',
          'message' => 'Who comes out on top: Shake Shack, In-N-Out Burger or Whataburger?'
        };

Domain: businessinsider.com
$VAR1 = {
          'link' => 'http://read.bi/2jzLtMM',
          'caption' => 'businessinsider.com',
          'created_time' => '2017-01-19T17:20:15+0000',
          'name' => 'If you bought dairy products in the past 13 years in more than a dozen US states, you could be eligible for free money',
          'id' => '20446254070_10154303203159071',
          'message' => 'Take back your milk money.'
        };

Domain: businessinsider.com

ThinkProgress
-----------------------------
$VAR1 = {
          'link' => 'https://thinkprogress.org/manning-future-of-whistleblowers-f093dd234d74#.1xu21d2jo',
          'caption' => 'thinkprogress.org',
          'created_time' => '2017-01-19T17:30:00+0000',
          'name' => "The importance of commuting Chelsea Manning\x{2019}s sentence on the eve of the Trump era",
          'id' => '200137333331078_1506858022658996',
          'message' => "\x{201c}More Americans are going to recognize very quickly the importance of whistleblowers.\x{201d}"
        };

Domain: thinkprogress.org
Response:
{"id":"1622501708043673_1645591569068020"}

POLITICO
-----------------------------
$VAR1 = {
          'link' => 'http://politi.co/2jCGsn9',
          'caption' => 'politi.co',
          'created_time' => '2017-01-19T17:20:07+0000',
          'name' => 'Obama Treasury official Senate GOP refused to confirm is among those Trump asked to stay on',
          'id' => '62317591679_10154210858681680',
          'message' => 'Senate Republicans would not confirm him. And now Donald J. Trump wants him to stick around.'
        };

Domain: politi.co

Alias: politico.com
Response:
{"id":"1622501708043673_1645591679068009"}

USA TODAY
-----------------------------

American News
-----------------------------

ABC News
-----------------------------
$VAR1 = {
          'link' => 'https://www.facebook.com/ABCNews/photos/a.10150095914943812.286215.86680728811/10155279796308812/?type=3',
          'created_time' => '2017-01-19T17:30:05+0000',
          'name' => 'Timeline Photos',
          'id' => '86680728811_10155279796308812',
          'message' => "JUST IN: George H.W. Bush had a \x{201c}good night\x{2019}s rest\" and remains in stable condition in the ICU; Barbara Bush feels \"1,000% better,\" spokesperson says."
        };
$VAR1 = {
          'link' => 'http://abcn.ws/2jcM2JL',
          'caption' => 'gma.yahoo.com',
          'created_time' => '2017-01-19T17:25:40+0000',
          'name' => 'Newlywed Parents Carry Cancer-Stricken Toddler After Hospital Wedding',
          'id' => '86680728811_10155279779088812',
          'message' => 'Touching photo captures newlywed couple carry their 2-year-old son, who has stage 4 brain cancer, back to his hospital room after wedding.'
        };

Domain: yahoo.com
Response:
{"id":"1622501708043673_1645591782401332"}
$VAR1 = {
          'link' => 'https://www.facebook.com/ABCNews/videos/10155279757873812/',
          'created_time' => '2017-01-19T17:22:29+0000',
          'name' => 'Pres.-Elect Trump and Melania Trump Deplane at Joint Base Andrews',
          'id' => '86680728811_10155279757873812',
          'message' => 'President-elect Donald J. Trump and future First Lady Melania Trump exit military plane at Joint Base Andrews the day before Inauguration Day. abcnews.com/politics'
        };

HuffPost Politics
-----------------------------

NBC News
-----------------------------

AJ+
-----------------------------

Wikileaks
-----------------------------

CNNMoney
-----------------------------
$VAR1 = {
          'link' => 'https://www.facebook.com/cnnmoney/videos/10154294733928067/',
          'created_time' => '2017-01-19T17:29:02+0000',
          'name' => 'Globalization is under attack. Can it survive?',
          'id' => '6651543066_10154294733928067',
          'message' => 'After votes in the United Kingdom and the United States, the global elites in Davos are rethinking how they approach globalization.  http://cnnmon.ie/2iVRK4U #Davos2017'
        };
$VAR1 = {
          'link' => 'http://cnnmon.ie/2jXFNgB',
          'caption' => 'www.cnn.com',
          'created_time' => '2017-01-19T17:17:01+0000',
          'name' => 'Obama then and now: 2008 vs. 2017',
          'id' => '6651543066_10154294714978067',
          'message' => 'See how the President has changed since his 2008 victory speech. http://cnnmon.ie/2jXFNgB'
        };

Domain: cnn.com
Response:
{"id":"1622501708043673_1645591889067988"}

ABC News Politics
-----------------------------
$VAR1 = {
          'link' => 'http://abcn.ws/2iFPQXI',
          'caption' => 'abcnews.go.com',
          'created_time' => '2017-01-19T17:27:32+0000',
          'name' => 'What to Expect in Trump\'s First 100 Days',
          'id' => '184096565021911_1157079791056912',
          'message' => 'After Donald J. Trump is inaugurated on Friday as the 45th president of the United States, he will immediately face the first test of his presidency: his accomplishments in the first 100 days in the White House.'
        };

Domain: go.com
Response:
{"id":"1622501708043673_1645591955734648"}

Right Wing News
-----------------------------
$VAR1 = {
          'link' => 'http://rightwingnews.com/liberals/hah-trump-protesters-angry-bill-protecting-drivers-accidentally-run/',
          'caption' => 'rightwingnews.com',
          'created_time' => '2017-01-19T17:30:01+0000',
          'name' => 'HAH! Trump Protesters ANGRY Over Bill Protecting Drivers That Accidentally RUN OVER Them',
          'id' => '389658314427637_1674842085909247',
          'message' => 'TAKE NOTE TRUMP HATERS!'
        };

Domain: rightwingnews.com

The Wall Street Journal
-----------------------------
$VAR1 = {
          'link' => 'http://on.wsj.com/2iFnnBd',
          'caption' => 'wsj.com',
          'created_time' => '2017-01-19T17:20:11+0000',
          'name' => 'Seven Reasons to Buy a Fake-Croc Handbag',
          'id' => '8304333127_10155316873428128',
          'message' => '#1: It\'s never looked more real.'
        };

Domain: wsj.com
Response:
{"id":"1622501708043673_1645592092401301"}

MSNBC
-----------------------------

the Drudge Report
-----------------------------
$VAR1 = {
          'link' => 'https://www.conservativeoutfitters.com/blogs/news/video-donald-trump-makes-historic-trip-to-washington-d-c',
          'caption' => 'conservativeoutfitters.com',
          'created_time' => '2017-01-19T17:25:38+0000',
          'name' => 'VIDEO: Donald Trump Makes Historic Trip To Washington, D.C.',
          'id' => '102533606954_10154782837841955',
          'message' => 'MR. TRUMP GOES TO WASHINGTON...'
        };

Domain: conservativeoutfitters.com

Mic
-----------------------------
$VAR1 = {
          'link' => 'https://www.facebook.com/thefutureisnowbymic/videos/1093454087431289/',
          'created_time' => '2017-01-19T17:22:00+0000',
          'name' => 'The Future Is Now',
          'id' => '174742062548592_1367060409983412',
          'message' => 'Artificial intelligence can now determine when your heart will fail.'
        };

The Economist
-----------------------------

Bloomberg Politics
-----------------------------
$VAR1 = {
          'link' => 'https://www.facebook.com/BloombergPolitics/videos/1871129203134462/',
          'created_time' => '2017-01-19T17:24:55+0000',
          'name' => '\'I Value Financial Services In the City of London\'',
          'id' => '1481073582140028_1871129203134462',
          'message' => 'Theresa May insists banks are "huge value" to the British economy even as some are packing their bags in response to Brexit. 

http://bloom.bg/2jcItDe'
        };
$VAR1 = {
          'link' => 'http://bloom.bg/2iWGF3C',
          'created_time' => '2017-01-19T17:21:25+0000',
          'name' => 'Bloomberg',
          'id' => '1481073582140028_1871130956467620',
          'message' => 'FOLLOW LIVE: Steven Mnuchin testifies at his confirmation hearing http://bloom.bg/2iG2MN0'
        };

CBS News
-----------------------------
$VAR1 = {
          'link' => 'https://www.facebook.com/CBSNews/videos/10154281801185950/',
          'created_time' => '2017-01-19T17:25:34+0000',
          'name' => 'Extended Trump family arrives in D.C.',
          'id' => '131459315949_10154281801185950',
          'message' => 'America\'s next first family has arrived in the district ahead of Friday\'s inauguration. http://cbsn.ws/2jcP7cF'
        };

The Young Turks
-----------------------------

Occupy Democrats
-----------------------------

CBC News
-----------------------------

Newsweek
-----------------------------
$VAR1 = {
          'link' => 'http://www.newsweek.com/lgbt-dance-party-mike-pence-washington-home-544576',
          'caption' => 'newsweek.com',
          'created_time' => '2017-01-19T17:20:00+0000',
          'name' => "An LGBT protest party was held near Mike Pence\x{2019}s Washington home last night",
          'id' => '18343191100_10154800180371101',
          'message' => '"We plan on leaving behind [biodegradable] glitter and rainbow paraphernalia that he can NEVER forget," the invitation read.'
        };

Domain: newsweek.com

CNN International
-----------------------------

The New Yorker
-----------------------------
$VAR1 = {
          'link' => 'https://www.facebook.com/newyorker/videos/10154351070588869/',
          'created_time' => '2017-01-19T17:23:45+0000',
          'name' => 'The New Yorker',
          'id' => '9258148868_10154393616538869',
          'message' => 'A group of archeologists venture into the Mosquitia Jungle, in Honduras, on a quest for the remnants of an ancient city. Watch the full video: http://nyer.cm/1PpUDo2'
        };

Rush Limbaugh
-----------------------------

The Independent
-----------------------------

TheBlaze
-----------------------------
$VAR1 = {
          'link' => 'http://www.theblaze.com/video/trump-victory-signals-gun-rights-expansion-but-the-fight-continues/',
          'caption' => 'www.theblaze.com',
          'created_time' => '2017-01-19T17:26:01+0000',
          'name' => 'Trump victory signals gun rights expansion, but the fight continues',
          'id' => '140738092630206_1341128785924458',
          'message' => 'Trump\'s victory may signal an increase in 2nd amendment rights, but the arduous fight will continue...http://bit.ly/2k4DYKW'
        };

Domain: theblaze.com
Response:
{"id":"1622501708043673_1645592175734626"}
$VAR1 = {
          'link' => 'https://www.facebook.com/theblaze/videos/1341124502591553/',
          'created_time' => '2017-01-19T17:20:11+0000',
          'id' => '140738092630206_1341124502591553',
          'message' => 'Sorry folks had some technical difficulty: Inauguration Coverage: JP is at th D.C. National prayer event for America. We will give as much coverage as the connection allows.'
        };
$VAR1 = {
          'link' => 'https://www.facebook.com/theblaze/videos/1341123399258330/',
          'created_time' => '2017-01-19T17:19:16+0000',
          'id' => '140738092630206_1341123399258330',
          'message' => 'Inauguration Coverage: JP is at th D.C. National prayer event for America. We will give as much coverage as the connection allows.'
        };
$VAR1 = {
          'link' => 'http://www.theblaze.com/news/2017/01/19/is-god-a-white-supremacist-religion-class-at-elite-college-tackles-transnational-whiteness/',
          'caption' => 'www.theblaze.com',
          'created_time' => '2017-01-19T17:16:03+0000',
          'name' => "\x{2018}Is God a White Supremacist?\x{2019}: Religion class at elite college tackles \x{2018}transnational whiteness\x{2019}",
          'id' => '140738092630206_1341121262591877',
          'message' => 'Aren\'t you glad our institutions of higher learning are tackling these important questions?'
        };

Domain: theblaze.com
Response:
{"id":"1622501708043673_1645592309067946"}

NPR Politics
-----------------------------

The New York Times
-----------------------------
$VAR1 = {
          'link' => 'https://www.nytimes.com/interactive/2017/01/18/us/politics/trump-brand-before-after.html?smid=fb-nytimes&smtyp=cur',
          'caption' => 'nytimes.com',
          'created_time' => '2017-01-19T17:25:07+0000',
          'name' => 'Before and After: Removing Donald J. Trump From the Trump Brand',
          'id' => '5281959998_10151052770059999',
          'message' => 'The Trump Organization is scrubbing images of Donald J. Trump and Ivanka Trump from their websites. But conflicts remain.'
        };

Domain: nytimes.com
Response:
{"id":"1622501708043673_1645592369067940"}

NPR
-----------------------------
$VAR1 = {
          'link' => 'https://www.facebook.com/NPR/videos/10155206534241756/',
          'created_time' => '2017-01-19T17:27:17+0000',
          'id' => '10643211755_10155206534241756',
          'message' => "The stakes are survival, but the battles couldn't be more different in Dunkirk and War for the Planet of the Apes. NPR\x{2019}s Andrew Limbong and Bob Mondello look at two war movies this week on Trailer Park."
        };

MSN
-----------------------------

CNN Politics
-----------------------------

The Daily Show
-----------------------------

Daily Kos
-----------------------------
$VAR1 = {
          'link' => 'http://www.dailykos.com/stories/2017/1/19/1622202/-Nancy-Sinatra-just-walked-all-over-Trump-in-response-to-Inauguration-Ball-use-of-My-Way?detail=facebook',
          'caption' => 'dailykos.com',
          'created_time' => '2017-01-19T17:20:00+0000',
          'name' => 'Nancy Sinatra just \'walked all over\' Trump in response to Inauguration Ball use of \'My Way\'',
          'id' => '43179984254_10155084616469255',
          'message' => 'Nancy Sinatra just stomped all over Trump.'
        };

Domain: dailykos.com
Response:
{"id":"1622501708043673_1645592459067931"}

Yahoo News
-----------------------------
$VAR1 = {
          'link' => 'https://yhoo.it/2jJVTau',
          'created_time' => '2017-01-19T17:30:00+0000',
          'name' => 'Yahoo Finance',
          'id' => '338028696036_10155129170496037'
        };
$VAR1 = {
          'link' => 'https://www.facebook.com/yahoonews/videos/10155115738414714/',
          'created_time' => '2017-01-19T17:22:39+0000',
          'name' => 'Trump team defends cabinet\'s diversity',
          'id' => '338028696036_10155115738414714',
          'message' => "Donald J. Trump's cabinet is the first since Reagan's without a Latino Cabinet member \x{2014} but is his Cabinet still diverse?"
        };

The Guardian
-----------------------------
$VAR1 = {
          'link' => 'https://www.theguardian.com/environment/2017/jan/19/how-to-reduce-carbon-footprint?CMP=fb_gu',
          'caption' => 'theguardian.com',
          'created_time' => '2017-01-19T17:30:01+0000',
          'name' => 'How to reduce your carbon footprint #GlobalWarning',
          'id' => '10513336322_10154977216941323',
          'message' => 'From cutting down on meat, to contacting your local representatives and investing in clean energy, here are 15 ways to help reduce global carbon emissions.'
        };

Domain: theguardian.com
Response:
{"id":"1622501708043673_1645592549067922"}

CNN
-----------------------------

Slate.com
-----------------------------

the AP
-----------------------------

Sean Hannity
-----------------------------

The Ed Schultz Show
-----------------------------

The Atlantic
-----------------------------
$VAR1 = {
          'link' => 'http://theatln.tc/2jAJ98N',
          'caption' => 'theatlantic.com',
          'created_time' => '2017-01-19T17:25:12+0000',
          'name' => 'Will Trump Use American Power to Promote Liberty?',
          'id' => '29259828486_10155030056508487',
          'message' => "\"No president-elect in modern American history has talked less about America\x{2019}s obligations to the rest of humanity.\""
        };

Domain: theatlantic.com

Bloomberg
-----------------------------
$VAR1 = {
          'link' => 'https://www.facebook.com/bloombergbusiness/videos/10154949191001880/',
          'created_time' => '2017-01-19T17:30:14+0000',
          'id' => '266790296879_10154949191001880',
          'message' => 'Here\'s what you missed on Day 3 at Davos http://bloom.bg/2jBt42D'
        };
$VAR1 = {
          'link' => 'https://www.facebook.com/BloombergPolitics/videos/1871129203134462/',
          'created_time' => '2017-01-19T17:29:11+0000',
          'name' => 'Bloomberg Politics',
          'id' => '266790296879_10154949355746880',
          'message' => 'Theresa May insists banks are a "huge value" to the British economy, even as some are packing their bags in response to Brexit http://bloom.bg/2jcItDe'
        };

BuzzFeed
-----------------------------

Fox News
-----------------------------
$VAR1 = {
          'link' => 'https://www.facebook.com/FoxNews/videos/10155017489071336/',
          'created_time' => '2017-01-19T17:25:16+0000',
          'id' => '15704546335_10155017489071336',
          'message' => 'WATCH: President-elect Donald J. Trump, Melania Trump and family arrive in Washington, D.C. ahead of the inauguration.'
        };

VICE
-----------------------------

Glenn Beck
-----------------------------

The Other 98%
-----------------------------


Total Posts Made:	14


