***********************************************************************************
Started at 01:15:01 on 00/11/2017
***********************************************************************************
Querying souces from the past 15 minutes....

Al Jazeera
-----------------------------

Upworthy
-----------------------------

The Huffington Post
-----------------------------
$VAR1 = {
          'link' => 'http://huff.to/2idJbyD',
          'caption' => 'huffingtonpost.com',
          'created_time' => '2017-01-11T06:00:48+0000',
          'name' => 'Dairy Queen Shuts Down Restaurant After Owner \'Proudly\' Uses Racial Slur',
          'id' => '18468761129_10154596887736130',
          'message' => 'The owner also told police he was "fed up with black people."'
        };

Domain: huffingtonpost.com
Response:
{"id":"1622501708043673_1642217636072080"}

HuffPost Women
-----------------------------
$VAR1 = {
          'link' => 'http://huff.to/2ialEP1',
          'caption' => 'huffingtonpost.com',
          'created_time' => '2017-01-11T06:01:10+0000',
          'name' => 'Here\'s \'This Is What You Came For\' As An \'80s Power Ballad',
          'id' => '153213781413350_1269353403132710',
          'message' => "The \x{2018}80s sure were a glorious time."
        };

Domain: huffingtonpost.com
Response:
{"id":"1622501708043673_1642217679405409"}

PBS News Hour
-----------------------------

ATTN:
-----------------------------

Reuters
-----------------------------
$VAR1 = {
          'link' => 'http://reut.rs/2j6l6yo',
          'caption' => 'www.reuters.com',
          'created_time' => '2017-01-11T06:05:12+0000',
          'name' => 'Trump secretary of state choice to say Russia must be held to account',
          'id' => '114050161948682_1356805461006473',
          'message' => 'President-elect Donald Trump\'s secretary of state nominee, Rex Tillerson, on Wednesday will voice concerns about Russia\'s actions on the world stage and say China must help pressure North Korea to reform.'
        };

Domain: reuters.com

NowThis
-----------------------------
$VAR1 = {
          'link' => 'https://www.facebook.com/NowThisNews/videos/1298190860271035/',
          'created_time' => '2017-01-11T06:03:34+0000',
          'name' => 'President Obama on Challenges to Our Democracy',
          'id' => '341163402640457_1298190860271035',
          'message' => "President Obama gave America a tearful goodbye \x{2013} and a warning about where our democracy could be headed"
        };

Daily Caller
-----------------------------

CNBC
-----------------------------
$VAR1 = {
          'link' => 'http://cnb.cx/2jfqfBc',
          'caption' => 'cnbc.com',
          'created_time' => '2017-01-11T06:12:47+0000',
          'name' => 'Warning to Trump: Tackling health care first has huge blowback for presidents',
          'id' => '97212224368_10155089419414369',
          'message' => 'Could Donald J. Trump be about to make a huge political mistake on Obamacare?'
        };

Domain: cnbc.com

The Onion
-----------------------------

Opposing Views
-----------------------------

the Today Show
-----------------------------

Kotaku
-----------------------------

Washington Post
-----------------------------

the American Center for Law and Justice
-----------------------------

VICE News
-----------------------------

PBS
-----------------------------

Mother Jones
-----------------------------

HuffPost Good News
-----------------------------

BBC News
-----------------------------
$VAR1 = {
          'link' => 'http://bbc.in/2ih9O9p',
          'caption' => 'bbc.co.uk',
          'created_time' => '2017-01-11T06:07:52+0000',
          'name' => 'Did old-timers target Kardashian West\'s jewels in Paris?',
          'id' => '228735667216_10154292940942217',
          'message' => 'Suspects in the Kim Kardashian West robbery include a 60-year-old man described as the mastermind and the star\'s chauffeur.'
        };

Domain: bbc.co.uk
Response:
{"id":"1622501708043673_1642217702738740"}

Breaking News
-----------------------------

The Verge
-----------------------------

New York Magazine
-----------------------------
$VAR1 = {
          'link' => 'http://nym.ag/2jANeKH',
          'caption' => 'nymag.com',
          'created_time' => '2017-01-11T06:03:42+0000',
          'name' => "Tell Yourself You Like Your Workout, You\x{2019}ll Do It More",
          'id' => '14516439825_10154944554929826',
          'message' => 'Try this mind hack to keep up your fitness routine.'
        };

Domain: nymag.com

TIME
-----------------------------
$VAR1 = {
          'link' => 'https://www.facebook.com/time/videos/10154338579801491/',
          'created_time' => '2017-01-11T06:00:48+0000',
          'name' => 'President Obama: \'Yes, We Can\'',
          'id' => '10606591490_10154338579801491',
          'message' => "President Obama: \"I am asking you to believe. Not in my ability to bring about change \x{2014} but in yours ... Yes, we can. Yes, we did.\" http://ti.me/2jh3pZY"
        };

the Business Insider
-----------------------------

ThinkProgress
-----------------------------

POLITICO
-----------------------------
$VAR1 = {
          'link' => 'http://politi.co/2jgqCMc',
          'caption' => 'politi.co',
          'created_time' => '2017-01-11T06:00:21+0000',
          'name' => 'Homeland Security pick Kelly reassures senators on Trump\'s extreme positions',
          'id' => '62317591679_10154186090026680',
          'message' => "\x{201c}A physical barrier in of itself cannot do the job- it has to be a layered defense,\x{201d} retired Marine Gen. John Kelly said."
        };

Domain: politi.co

Alias: politico.com
Response:
{"id":"1622501708043673_1642217739405403"}

USA TODAY
-----------------------------

American News
-----------------------------

ABC News
-----------------------------
$VAR1 = {
          'link' => 'http://abcn.ws/2jAWmyR',
          'caption' => 'abcnews.go.com',
          'created_time' => '2017-01-11T06:05:06+0000',
          'name' => 'Sessions Says Trump Tape Comments Would \'Clearly\' Be Sexual Assault',
          'id' => '86680728811_10155244641313812',
          'message' => 'Sen. Jeff Sessions, Pres.-elect Donald J. Trump\'s pick for attorney general, tells Senate confirmation hearing that grabbing women by the genitals without their consent would "clearly" be sexual assault.'
        };

Domain: go.com
Response:
{"id":"1622501708043673_1642217776072066"}

HuffPost Politics
-----------------------------
$VAR1 = {
          'link' => 'http://huff.to/2jzMyoK',
          'caption' => 'm.huffpost.com',
          'created_time' => '2017-01-11T06:01:29+0000',
          'name' => 'Dianne Feinstein Lays Out Damning Case Against Jeff Sessions',
          'id' => '56845382910_10154692059422911',
          'message' => "\x{1f525}"
        };

Domain: huffpost.com

NBC News
-----------------------------
$VAR1 = {
          'link' => 'http://nbcnews.to/2jgOpLP',
          'caption' => 'nbclosangeles.com',
          'created_time' => '2017-01-11T06:01:01+0000',
          'name' => 'George Lucas picks Los Angeles for museum site',
          'id' => '155869377766434_1661046713915352',
          'message' => '"Star Wars" creator George Lucas and his team chose LA over San Francisco on Tuesday as the home of a museum that will showcase his life\'s work and huge film history collection.'
        };

Domain: nbclosangeles.com

AJ+
-----------------------------

Wikileaks
-----------------------------

CNNMoney
-----------------------------
$VAR1 = {
          'link' => 'http://cnnmon.ie/2iDMKPy',
          'caption' => 'money.cnn.com',
          'created_time' => '2017-01-11T06:01:01+0000',
          'name' => 'Volkswagen settlement talks to include $4.3 billion and a guilty plea',
          'id' => '6651543066_10154269330818067',
          'message' => 'Volkswagen is negotiating a settlement with the U.S. Justice Department that would require the carmaker to pay $4.3 billion in fines and plead guilty to criminal wrongdoing. http://cnnmon.ie/2iDMKPy'
        };

Domain: cnn.com
Response:
{"id":"1622501708043673_1642217812738729"}

ABC News Politics
-----------------------------

Right Wing News
-----------------------------

The Wall Street Journal
-----------------------------
$VAR1 = {
          'link' => 'http://on.wsj.com/2ihrIIW',
          'caption' => 'wsj.com',
          'created_time' => '2017-01-11T06:00:24+0000',
          'name' => 'U.S. Police More Reluctant to Use Force, Survey Finds',
          'id' => '8304333127_10155267018103128',
          'message' => 'The study of nearly 8,000 officers across the country also shows a deep gulf between the attitudes of police and the general public over racial equality and officer-involved shootings.'
        };

Domain: wsj.com
Response:
{"id":"1622501708043673_1642217866072057"}

MSNBC
-----------------------------

the Drudge Report
-----------------------------

Mic
-----------------------------
$VAR1 = {
          'link' => 'https://www.facebook.com/MicMedia/videos/1359129274109859/',
          'created_time' => '2017-01-11T06:07:42+0000',
          'name' => 'Obama\'s farewell speech',
          'id' => '174742062548592_1359129274109859',
          'message' => 'President Obama\'s farewell speech was exactly what we needed to hear going into the next four years.'
        };

The Economist
-----------------------------

Bloomberg Politics
-----------------------------

CBS News
-----------------------------

The Young Turks
-----------------------------

Occupy Democrats
-----------------------------
$VAR1 = {
          'link' => 'https://www.facebook.com/TheOther98/photos/a.115969958413991.17486.114517875225866/1645834142094224/?type=3',
          'created_time' => '2017-01-11T06:15:00+0000',
          'name' => 'The Other 98%',
          'id' => '346937065399354_1383995708360146',
          'message' => 'LOL!'
        };

CBC News
-----------------------------

Newsweek
-----------------------------

CNN International
-----------------------------
$VAR1 = {
          'link' => 'https://www.facebook.com/cnninternational/videos/10154889169719641/',
          'created_time' => '2017-01-11T06:00:47+0000',
          'name' => 'Obama\'s inspiring message to young people',
          'id' => '18793419640_10154889169719641',
          'message' => 'President Obama had a truly inspirational message to young people in his farewell speech. "You\'ll soon outnumber any of us, and I believe as a result that the future is in good hands." http://cnn.it/2jBXwtP'
        };

The New Yorker
-----------------------------

Rush Limbaugh
-----------------------------

The Independent
-----------------------------
$VAR1 = {
          'link' => 'http://www.independent.co.uk/life-style/food-and-drink/third-wave-water-hipsters-coffee-barista-craft-artisanal-minerals-water-calcium-sodium-ruin-trend-a7511666.html?cmpid=facebook-post',
          'caption' => 'independent.co.uk',
          'created_time' => '2017-01-11T06:01:00+0000',
          'name' => 'Hipsters have finally ruined coffee',
          'id' => '13312631635_10154369911056636',
          'message' => 'It\'s official'
        };

Domain: independent.co.uk

TheBlaze
-----------------------------

NPR Politics
-----------------------------

The New York Times
-----------------------------

NPR
-----------------------------

MSN
-----------------------------
$VAR1 = {
          'link' => 'http://msn.com/en-us/news/politics/trump-hill-gop-fret-about-fallout-from-repealing-obamacare-so-quickly/ar-BBy7BqW?ocid=ob-fb-enus-280',
          'caption' => 'msn.com',
          'created_time' => '2017-01-11T06:03:19+0000',
          'name' => 'Trump, Hill GOP fret about fallout from repealing Obamacare so quickly',
          'id' => '49940376408_10154208108636409'
        };

Domain: msn.com

CNN Politics
-----------------------------
$VAR1 = {
          'link' => 'http://cnn.it/2iDIXlF',
          'caption' => 'www.cnn.com',
          'created_time' => '2017-01-11T06:01:01+0000',
          'name' => 'Obama tearfully thanks his wife in emotional moment',
          'id' => '219367258105115_1449297408445421',
          'message' => "\"Michelle Lavaughn Robinson, girl of the South Side \x{2014} for the past 25 years, you have not only been my wife, the mother of my children, you have been my best friend,\" President Obama says."
        };

Domain: cnn.com
Response:
{"id":"1622501708043673_1642217952738715"}

The Daily Show
-----------------------------

Daily Kos
-----------------------------

Yahoo News
-----------------------------
$VAR1 = {
          'link' => 'https://yhoo.it/2j0Nr90',
          'caption' => 'yahoo.com',
          'created_time' => '2017-01-11T06:00:47+0000',
          'name' => 'Man gets $128 ticket for leaving car running in driveway',
          'id' => '338028696036_10155095272476037',
          'message' => 'He\'s vowing to fight it.'
        };

Domain: yahoo.com
Response:
{"id":"1622501708043673_1642218002738710"}

The Guardian
-----------------------------

CNN
-----------------------------
$VAR1 = {
          'link' => 'https://www.facebook.com/cnn/videos/10155891992256509/',
          'created_time' => '2017-01-11T06:00:48+0000',
          'name' => 'Obama\'s inspiring message to young people',
          'id' => '5550296508_10155891992256509',
          'message' => 'President Obama had a truly inspirational message to young people in his farewell speech. "You\'ll soon outnumber any of us, and I believe as a result that the future is in good hands." http://cnn.it/2jBVry4'
        };

Slate.com
-----------------------------
$VAR1 = {
          'link' => 'http://slate.me/2if1gj7',
          'caption' => 'slate.com',
          'created_time' => '2017-01-11T06:01:19+0000',
          'name' => 'Building a Democratic Resistance to Trump',
          'id' => '21516776437_10154748732696438',
          'message' => 'Congressman Adam Schiff talks about the importance of the Russian hacks and their effect on our democracy.'
        };

Domain: slate.com
Response:
{"id":"1622501708043673_1642218289405348"}

the AP
-----------------------------

Sean Hannity
-----------------------------

The Ed Schultz Show
-----------------------------

The Atlantic
-----------------------------

Bloomberg
-----------------------------

BuzzFeed
-----------------------------

Fox News
-----------------------------

VICE
-----------------------------

Glenn Beck
-----------------------------

The Other 98%
-----------------------------
$VAR1 = {
          'link' => 'http://occupydemocrats.com/2017/01/11/george-takei-just-hilariously-ripped-trump-sex-tape-allegations/',
          'caption' => 'occupydemocrats.com',
          'created_time' => '2017-01-11T06:15:00+0000',
          'name' => 'George Takei Just Hilariously Ripped Trump Over Sex Tape Allegations',
          'id' => '114517875225866_1646069422070696',
          'message' => 'Nailed it!'
        };

Domain: occupydemocrats.com


Total Posts Made:	10


