***********************************************************************************
Started at 17:45:02 on 00/15/2017
***********************************************************************************
Querying souces from the past 15 minutes....

Al Jazeera
-----------------------------

Upworthy
-----------------------------

The Huffington Post
-----------------------------

HuffPost Women
-----------------------------

PBS News Hour
-----------------------------

ATTN:
-----------------------------

Reuters
-----------------------------

NowThis
-----------------------------

Daily Caller
-----------------------------
$VAR1 = {
          'link' => 'http://trib.al/a5oMThG',
          'caption' => 'dailycaller.com',
          'created_time' => '2017-01-15T22:34:55+0000',
          'name' => 'Millennials Financially Worse Off Than Their Parents Were As Young People',
          'id' => '182919686769_10154140105346770',
          'message' => 'While President Barack Obama is leaving office claiming victory on the economy, millennials are financially worse off than their baby boomer parents were at the same age.'
        };

Domain: dailycaller.com

CNBC
-----------------------------

The Onion
-----------------------------

Opposing Views
-----------------------------
$VAR1 = {
          'link' => 'http://www.americanow.com/story/world/2017/01/15/video-showing-what-happened-little-boy-sparks-worldwide-outrage-video?fb=ov',
          'caption' => 'americanow.com',
          'created_time' => '2017-01-15T22:40:00+0000',
          'name' => 'Video Showing What Happened To Little Boy Sparks Worldwide Outrage (Video)',
          'id' => '34226391050_10154431519851051',
          'message' => 'It\'s easy to see why people are so disturbed by what\'s being done to this toddler in this viral video.'
        };

Domain: americanow.com

the Today Show
-----------------------------

Kotaku
-----------------------------

Washington Post
-----------------------------

the American Center for Law and Justice
-----------------------------

VICE News
-----------------------------

PBS
-----------------------------

Mother Jones
-----------------------------

HuffPost Good News
-----------------------------

BBC News
-----------------------------

Breaking News
-----------------------------

The Verge
-----------------------------

New York Magazine
-----------------------------
$VAR1 = {
          'link' => 'http://nym.ag/2ilMF7d',
          'caption' => 'nymag.com',
          'created_time' => '2017-01-15T22:30:38+0000',
          'name' => 'Here Are Just a Few of the Disgusting Things That Live on a Dollar Bill',
          'id' => '14516439825_10154962606869826',
          'message' => 'Gross.'
        };

Domain: nymag.com

TIME
-----------------------------
$VAR1 = {
          'link' => 'http://ti.me/2js3fPH',
          'caption' => 'time.com',
          'created_time' => '2017-01-15T22:30:22+0000',
          'name' => 'The Top 10 Things That Broke the Internet in 2016',
          'id' => '10606591490_10154353539866491',
          'message' => 'From Harambe the Gorilla to debate hero Ken Bone.'
        };

Domain: time.com

the Business Insider
-----------------------------
$VAR1 = {
          'link' => 'http://read.bi/2jFzAC3',
          'caption' => 'businessinsider.com',
          'created_time' => '2017-01-15T22:40:04+0000',
          'name' => 'A psychologist explains how successful people do more in a day than others do in a week',
          'id' => '20446254070_10154291887799071',
          'message' => 'The key is to fully commit.'
        };

Domain: businessinsider.com

ThinkProgress
-----------------------------

POLITICO
-----------------------------

USA TODAY
-----------------------------
$VAR1 = {
          'link' => 'http://usat.ly/2iA93s2',
          'caption' => 'usatoday.com',
          'created_time' => '2017-01-15T22:40:00+0000',
          'name' => 'Somalia lurches from chaos to first democratic rule in decades',
          'id' => '13652355666_10154291881130667',
          'message' => 'Somalia\'s fledging effort at democracy has been marred by delays, corruption and allegations of vote-buying.'
        };

Domain: usatoday.com
Response:
{"error":{"message":"It looks like you were misusing this feature by going too fast. You\u2019ve been blocked from using it.\n\nLearn more about blocks in the Help Center.","type":"OAuthException","code":368,"error_subcode":1390008,"error_user_msg":"","fbtrace_id":"D0J2XRG44mk"}}

Facebook ran into an error and the post was not published. Zach Muckerberg please fix. Try again in a few hours.

