***********************************************************************************
Started at 02:00:01 on 00/24/2017
***********************************************************************************
Querying souces from the past 15 minutes....

Al Jazeera
-----------------------------

Upworthy
-----------------------------

The Huffington Post
-----------------------------

HuffPost Women
-----------------------------

PBS News Hour
-----------------------------

ATTN:
-----------------------------

Reuters
-----------------------------
$VAR1 = {
          'link' => 'https://www.facebook.com/india.reuters/videos/10154726017815630/',
          'created_time' => '2017-01-24T06:50:27+0000',
          'name' => 'Reuters India',
          'id' => '114050161948682_1370569736296712',
          'message' => 'Trump pulls U.S. out of international trade deal; Ban lifted on bull-taming rite of jallikattu; Ecclestone\'s F1 reign ends - We are #FacebookLive with the headlines from India.'
        };

NowThis
-----------------------------

Daily Caller
-----------------------------

CNBC
-----------------------------

The Onion
-----------------------------

Opposing Views
-----------------------------

the Today Show
-----------------------------

Kotaku
-----------------------------

Washington Post
-----------------------------

the American Center for Law and Justice
-----------------------------

VICE News
-----------------------------
$VAR1 = {
          'link' => 'https://broadly.vice.com/en_us/article/global-womens-march-interview-photos?utm_source=vicenewsfb',
          'caption' => 'broadly.vice.com',
          'created_time' => '2017-01-24T07:00:01+0000',
          'name' => "People Around the World on Why They Joined the Women\x{2019}s March",
          'id' => '235852889908002_727603244066295',
          'message' => 'Women\'s March participants throughout the world made it clear: Americans are not alone in this fight.'
        };

Domain: vice.com

PBS
-----------------------------

Mother Jones
-----------------------------

HuffPost Good News
-----------------------------
$VAR1 = {
          'link' => 'http://huff.to/2iYKlmX',
          'caption' => 'huffingtonpost.com',
          'created_time' => '2017-01-24T06:49:06+0000',
          'name' => 'The Top Beaches In The World, According To National Geographic',
          'id' => '202163013203224_1265791700173678',
          'message' => "Doesn\x{2019}t get any better than this. \x{2600}\x{fe0f}"
        };

Domain: huffingtonpost.com
Response:
{"error":{"message":"It looks like you were misusing this feature by going too fast. You\u2019ve been blocked from using it.\n\nLearn more about blocks in the Help Center.","type":"OAuthException","code":368,"error_subcode":1390008,"error_user_msg":"","fbtrace_id":"Gnd0trrFrE5"}}

Facebook ran into an error and the post was not published. Zach Muckerberg please fix. Try again in a few hours.

