***********************************************************************************
Started at 13:00:01 on 00/13/2017
***********************************************************************************
Querying souces from the past 15 minutes....

Al Jazeera
-----------------------------

Upworthy
-----------------------------

The Huffington Post
-----------------------------

HuffPost Women
-----------------------------
$VAR1 = {
          'link' => 'http://huff.to/2j8vlzD',
          'caption' => 'huffingtonpost.com',
          'created_time' => '2017-01-13T17:54:10+0000',
          'name' => '200 Buses Have Applied For Inauguration Parking -- 1200 For The Women\'s March',
          'id' => '153213781413350_1271995792868471',
          'message' => 'More than 180,000 people have said they will go to the march.'
        };

Domain: huffingtonpost.com
Response:
{"id":"1622501708043673_1643330585960785"}

PBS News Hour
-----------------------------
$VAR1 = {
          'link' => 'http://www.pbs.org/newshour/making-sense/column-chinas-economy-house-cards/',
          'caption' => 'pbs.org',
          'created_time' => '2017-01-13T17:57:37+0000',
          'name' => "Column: Is China\x{2019}s economy a house of cards?",
          'id' => '6491828674_10154975636393675',
          'message' => '"China simply does not conform to the conventional wisdom about the factors necessary for sustained high growth: a well-developed financial system, the rule of law, democracy."'
        };

Domain: pbs.org
Response:
{"id":"1622501708043673_1643330669294110"}

ATTN:
-----------------------------

Reuters
-----------------------------
$VAR1 = {
          'link' => 'https://www.facebook.com/Reuters/videos/1359472167406469/',
          'created_time' => '2017-01-13T17:53:09+0000',
          'name' => 'Nintendo launches $299 Nintendo Switch',
          'id' => '114050161948682_1359472167406469',
          'message' => 'Nintendo says it will release the $299 Nintendo Switch on March 3 at a presentation in Tokyo: http://reut.rs/2jg0umT'
        };

NowThis
-----------------------------
$VAR1 = {
          'link' => 'https://www.facebook.com/NowThisNews/videos/1300781540011967/',
          'created_time' => '2017-01-13T17:57:57+0000',
          'name' => '#TheStandingO Thanks, Obama Giphy x NowThis',
          'id' => '341163402640457_1300781540011967',
          'message' => 'Here\'s a unique way to thank President Obama for the last 8 years'
        };

Daily Caller
-----------------------------

CNBC
-----------------------------

The Onion
-----------------------------

Opposing Views
-----------------------------
$VAR1 = {
          'link' => 'https://www.opposingviews.com/i/society/when-mom-saw-video-what-her-4-year-old-son-was-forced-do-daycare-she-was-sick-her-stomach',
          'caption' => 'opposingviews.com',
          'created_time' => '2017-01-13T18:00:00+0000',
          'name' => 'Mom Stunned By What She Sees On Daycare Video',
          'id' => '34226391050_10154425508511051',
          'message' => 'When this mom saw video of what her 4-year-old son was forced to do in daycare, she was sick to her stomach.'
        };

Domain: opposingviews.com

the Today Show
-----------------------------

Kotaku
-----------------------------
$VAR1 = {
          'link' => 'https://www.facebook.com/kotaku/videos/10155023773119040/',
          'created_time' => '2017-01-13T17:49:24+0000',
          'id' => '273824104039_10155023773119040',
          'message' => 'More Switch!'
        };

Washington Post
-----------------------------
$VAR1 = {
          'link' => 'https://www.washingtonpost.com/news/morning-mix/wp/2017/01/13/for-more-than-a-year-this-woman-lived-in-a-1-2-million-home-with-her-sisters-corpse/?tid=sm_fb&utm_term=.5b30a3681e8f',
          'caption' => 'washingtonpost.com',
          'created_time' => '2017-01-13T18:00:02+0000',
          'name' => "For more than a year, this woman lived in a \$1.2 million home with her sister\x{2019}s corpse",
          'id' => '6250307292_10154657508152293',
          'message' => "Authorities believe Hope Wheaton died in the summer of 2015; her sister, it seems, had been living there with Wheaton\x{2019}s body ever since."
        };

Domain: washingtonpost.com
Response:
{"id":"1622501708043673_1643330735960770"}

the American Center for Law and Justice
-----------------------------

VICE News
-----------------------------
$VAR1 = {
          'link' => 'https://news.vice.com/story/a-normal-persons-guide-to-encrypting-your-messages',
          'caption' => 'news.vice.com',
          'created_time' => '2017-01-13T17:54:59+0000',
          'name' => "A normal person\x{2019}s guide to encrypting your messages",
          'id' => '235852889908002_721686461324640',
          'message' => 'For most consumers, using WhatsApp is a pretty safe option if you want to keep your conversations confidential.'
        };

Domain: vice.com

PBS
-----------------------------

Mother Jones
-----------------------------
$VAR1 = {
          'link' => 'http://www.motherjones.com/environment/2017/01/scientific-evidence-virus-makes-you-fat',
          'caption' => 'motherjones.com',
          'created_time' => '2017-01-13T17:46:18+0000',
          'name' => 'Science says this weird virus could make you fat',
          'id' => '7642602143_10154408021447144',
          'message' => 'Uh-oh.'
        };

Domain: motherjones.com
Response:
{"id":"1622501708043673_1643330802627430"}

HuffPost Good News
-----------------------------

BBC News
-----------------------------
$VAR1 = {
          'link' => 'http://bbc.in/2isXq6b',
          'caption' => 'bbc.co.uk',
          'created_time' => '2017-01-13T17:56:57+0000',
          'name' => 'Baby stolen from US hospital found alive aged 18',
          'id' => '228735667216_10154302278467217',
          'message' => 'Her biological family are "elated", police say.'
        };

Domain: bbc.co.uk
Response:
{"id":"1622501708043673_1643330892627421"}

Breaking News
-----------------------------

The Verge
-----------------------------
$VAR1 = {
          'link' => 'http://www.theverge.com/2017/1/13/14263112/nintendo-switch-arms-hands-on-preview',
          'caption' => 'theverge.com',
          'created_time' => '2017-01-13T18:00:02+0000',
          'name' => "Nintendo\x{2019}s motion-controlled Arms is a fun but frustrating fighting game",
          'id' => '193742123995472_1314233778612962',
          'message' => 'Punching is harder than it seems.'
        };

Domain: theverge.com

New York Magazine
-----------------------------

TIME
-----------------------------

the Business Insider
-----------------------------
$VAR1 = {
          'link' => 'https://www.facebook.com/businessinsider/videos/10154276762279071/',
          'created_time' => '2017-01-13T17:55:00+0000',
          'name' => 'Style expert discusses dress shirt styles',
          'id' => '20446254070_10154276762279071',
          'message' => 'A stylist reveals what many men get wrong about dress shirts.'
        };
$VAR1 = {
          'link' => 'http://www.businessinsider.com/north-korea-nuke-nuclear-strike-us-2017-1',
          'created_time' => '2017-01-13T17:50:44+0000',
          'name' => 'Business Insider: Defense',
          'id' => '20446254070_10154284725879071',
          'message' => 'Yikes!'
        };

ThinkProgress
-----------------------------

POLITICO
-----------------------------
$VAR1 = {
          'link' => 'http://politi.co/2ionVpV',
          'caption' => 'politi.co',
          'created_time' => '2017-01-13T17:46:06+0000',
          'name' => 'Clinton chief strategist: FBI Director Comey should be held accountable',
          'id' => '62317591679_10154194703796680',
          'message' => "\x{201c}I don\x{2019}t think a slap on the wrist would be satisfying to any voter in America, nor should it be.\x{201d}"
        };

Domain: politi.co

Alias: politico.com
Response:
{"id":"1622501708043673_1643330942627416"}

USA TODAY
-----------------------------

American News
-----------------------------

ABC News
-----------------------------

HuffPost Politics
-----------------------------

NBC News
-----------------------------

AJ+
-----------------------------

Wikileaks
-----------------------------

CNNMoney
-----------------------------
$VAR1 = {
          'link' => 'https://www.facebook.com/cnnmoney/videos/10154278494183067/',
          'created_time' => '2017-01-13T17:49:00+0000',
          'name' => 'Andrew Puzder in 60 seconds',
          'id' => '6651543066_10154278494183067',
          'message' => 'Donald Trump\'s pick for Labor Secretary is the head of Hardee\'s and Carl\'s Jr., brands known for commercials featuring scantily-clad women. http://cnnmon.ie/2jKzmgK'
        };

ABC News Politics
-----------------------------

Right Wing News
-----------------------------
$VAR1 = {
          'link' => 'http://rightwingnews.com/education/disgusting-one-pennsylvania-school-worked-sexual-abuse-minor-math/',
          'caption' => 'rightwingnews.com',
          'created_time' => '2017-01-13T18:00:02+0000',
          'name' => 'DISGUSTING: How One Pennsylvania School Worked SEXUAL ABUSE OF A MINOR Into Math',
          'id' => '389658314427637_1668566853203437',
          'message' => "Do you check your children\x{2019}s homework?"
        };

Domain: rightwingnews.com

The Wall Street Journal
-----------------------------

MSNBC
-----------------------------

the Drudge Report
-----------------------------
$VAR1 = {
          'link' => 'https://www.conservativeoutfitters.com/blogs/news/read-the-full-letter-the-bush-twins-wrote-to-sasha-and-malia-obama',
          'caption' => 'www.conservativeoutfitters.com',
          'created_time' => '2017-01-13T17:46:55+0000',
          'name' => 'Read the full letter the Bush twins wrote to Sasha and Malia Obama',
          'id' => '102533606954_10154765686456955',
          'message' => 'Bush sisters write emotional letter to Malia, Sasha Obama'
        };

Domain: conservativeoutfitters.com

Mic
-----------------------------

The Economist
-----------------------------

Bloomberg Politics
-----------------------------

CBS News
-----------------------------
$VAR1 = {
          'link' => 'http://cbsn.ws/2j8qK0p',
          'caption' => 'www.cbsnews.com',
          'created_time' => '2017-01-13T17:57:27+0000',
          'name' => 'Michael Flynn in frequent contact with Russia\'s ambassador to U.S.',
          'id' => '131459315949_10154263034090950',
          'message' => 'His contacts with the ambassador happened on the same day Pres. Obama expelled dozens of Russian officials from the U.S.'
        };

Domain: cbsnews.com
Response:
{"id":"1622501708043673_1643331272627383"}

The Young Turks
-----------------------------
$VAR1 = {
          'link' => 'https://www.facebook.com/TheYoungTurks/videos/10154288651869205/',
          'created_time' => '2017-01-13T18:00:00+0000',
          'name' => 'Ben Carson: Gay People Don\'t Deserve \'Extra\' Rights',
          'id' => '210277954204_10154288651869205',
          'message' => "Ben Carson was asked if he will protect the housing rights of LGBTQ people. His answer wasn\x{2019}t encouraging."
        };

Occupy Democrats
-----------------------------
$VAR1 = {
          'link' => 'http://occupydemocrats.com/2017/01/13/trump-accused-cnn-reporter-fake-news-just-responded-brilliantly/',
          'caption' => 'occupydemocrats.com',
          'created_time' => '2017-01-13T17:45:48+0000',
          'name' => 'Trump Accused A CNN Reporter Of "Fake News." He Just Responded Brilliantly',
          'id' => '346937065399354_1387093554717028',
          'message' => 'CHECKMATE.'
        };

Domain: occupydemocrats.com

CBC News
-----------------------------

Newsweek
-----------------------------
$VAR1 = {
          'link' => 'http://www.newsweek.com/woman-color-portrays-lady-liberty-us-currency-first-time-history-542388',
          'caption' => 'europe.newsweek.com',
          'created_time' => '2017-01-13T17:57:31+0000',
          'name' => 'For the first time in history, Lady Liberty will be a woman of color on U.S. currency',
          'id' => '18343191100_10154783352096101',
          'message' => 'Until now, the coin has only ever featured the face of a white woman.'
        };

Domain: newsweek.com

CNN International
-----------------------------

The New Yorker
-----------------------------

Rush Limbaugh
-----------------------------

The Independent
-----------------------------
$VAR1 = {
          'link' => 'http://www.independent.co.uk/sport/football/barcelona-sack-director-for-comments-about-lionel-messi-a7526626.html?cmpid=facebook-post',
          'caption' => 'independent.co.uk',
          'created_time' => '2017-01-13T17:58:21+0000',
          'name' => 'Barcelona immediately sack director for comments about Lionel Messi',
          'id' => '13312631635_10154387411686636',
          'message' => 'BREAKING'
        };

Domain: independent.co.uk

TheBlaze
-----------------------------
$VAR1 = {
          'link' => 'http://www.theblaze.com/video/doj-will-investigate-fbi-and-justice-department-actions-leading-up-to-election/',
          'caption' => 'www.theblaze.com',
          'created_time' => '2017-01-13T17:46:01+0000',
          'name' => 'DOJ will investigate FBI and Justice Department actions leading up to election',
          'id' => '140738092630206_1335521033151900',
          'message' => "Former Secret Service Agent Dan Bongino joins Dana Loesch to discuss the developments of the investigation into Hillary Clinton\x{2019}s private email server: http://bit.ly/2iQ50FQ"
        };

Domain: theblaze.com
Response:
{"id":"1622501708043673_1643333219293855"}

NPR Politics
-----------------------------

The New York Times
-----------------------------
$VAR1 = {
          'link' => 'https://www.nytimes.com/2017/01/13/us/black-lady-liberty-us-coin.html?smid=fb-nytimes&smtyp=cur',
          'caption' => 'nytimes.com',
          'created_time' => '2017-01-13T17:55:00+0000',
          'name' => 'Lady Liberty Will Be a Black Woman on a U.S. Coin',
          'id' => '5281959998_10151046767579999',
          'message' => 'The American symbol of freedom has never been been depicted on currency as anything other than white.'
        };

Domain: nytimes.com
Response:
{"id":"1622501708043673_1643333305960513"}

NPR
-----------------------------
$VAR1 = {
          'link' => 'http://www.npr.org/2017/01/13/509528917/the-souls-gonna-speak-run-the-jewels-stares-down-a-fraught-2017?utm_source=facebook.com&utm_medium=social&utm_campaign=npr&utm_term=nprnews&utm_content=20170113',
          'caption' => 'npr.org',
          'created_time' => '2017-01-13T17:47:00+0000',
          'name' => '\'The Soul\'s Gonna Speak\': Run The Jewels Stares Down A Fraught 2017',
          'id' => '10643211755_10155186671206756',
          'message' => 'Current-day racial tension set the tone for a new song called "Thieves! (Screamed The Ghost)," by Run the Jewels. 

"We wanted to make it an anatomy of a riot," says El-P.'
        };

Domain: npr.org
Response:
{"id":"1622501708043673_1643333392627171"}

MSN
-----------------------------
$VAR1 = {
          'link' => 'http://msn.com/en-us/lifestyle/family-relationships/40-secrets-only-divorce-attorneys-know/ss-BBn6g4l?ocid=ob-fb-enus-280',
          'caption' => 'msn.com',
          'created_time' => '2017-01-13T17:54:27+0000',
          'name' => '40 Secrets Only Divorce Attorneys Know',
          'id' => '49940376408_10154216958831409'
        };

Domain: msn.com

CNN Politics
-----------------------------

The Daily Show
-----------------------------

Daily Kos
-----------------------------
$VAR1 = {
          'link' => 'http://www.dailykos.com/stories/2017/1/12/1619867/-Authors-decline-to-be-honored-by-Texas-Legislature?detail=facebook',
          'caption' => 'dailykos.com',
          'created_time' => '2017-01-13T18:00:00+0000',
          'name' => 'Authors decline to be honored by Texas Legislature',
          'id' => '43179984254_10155066023854255',
          'message' => 'Kudos to these authors.

By Daily Kos user rserven'
        };

Domain: dailykos.com
Response:
{"id":"1622501708043673_1643333445960499"}

Yahoo News
-----------------------------

The Guardian
-----------------------------

CNN
-----------------------------

Slate.com
-----------------------------

the AP
-----------------------------

Sean Hannity
-----------------------------
$VAR1 = {
          'link' => 'http://www.hannity.com/articles/hanpr-election-493995/presidentelect-trump-slams-guilty-as-hell-15468320/',
          'caption' => 'hannity.com',
          'created_time' => '2017-01-13T17:59:17+0000',
          'name' => 'President-Elect Trump Slams \'Guilty As Hell\' Hillary Over New DOJ Probe',
          'id' => '69813760388_10158254005020389'
        };

Domain: hannity.com
Response:
{"id":"1622501708043673_1643334065960437"}

The Ed Schultz Show
-----------------------------

The Atlantic
-----------------------------
$VAR1 = {
          'link' => 'http://theatln.tc/2iPREZW',
          'caption' => 'theatlantic.com',
          'created_time' => '2017-01-13T17:46:34+0000',
          'name' => 'How Will Cities Adjust to the Population Boom?',
          'id' => '29259828486_10155011955753487',
          'message' => 'By 2050, a projected 66 percent of people will be living in urban areas. How will cities bend and change to accommodate this shift?'
        };

Domain: theatlantic.com

Bloomberg
-----------------------------

BuzzFeed
-----------------------------

Fox News
-----------------------------

VICE
-----------------------------

Glenn Beck
-----------------------------

The Other 98%
-----------------------------


Total Posts Made:	12


