***********************************************************************************
Started at 16:30:01 on 00/28/2017
***********************************************************************************
Querying souces from the past 15 minutes....

Al Jazeera
-----------------------------

Upworthy
-----------------------------

The Huffington Post
-----------------------------

HuffPost Women
-----------------------------

PBS News Hour
-----------------------------
$VAR1 = {
          'link' => 'http://www.pbs.org/newshour/rundown/fallout-grows-trumps-new-immigration-crackdown/',
          'caption' => 'pbs.org',
          'created_time' => '2017-01-28T21:30:00+0000',
          'name' => 'Fallout grows from Trump\'s new immigration crackdown',
          'id' => '6491828674_10155029002998675',
          'message' => "Trump\x{2019}s order barred all refugees from entering the U.S. for four months, and indefinitely halted any from Syria."
        };

Domain: pbs.org
Response:
{"id":"1622501708043673_1649332595360584"}

ATTN:
-----------------------------
$VAR1 = {
          'link' => 'http://www.attn.com/stories/14577/how-trump-blocked-legal-residents-returning-america?utm_source=facebook&utm_medium=post&utm_campaign=internal',
          'caption' => 'attn.com',
          'created_time' => '2017-01-28T21:26:12+0000',
          'name' => 'How President Trump Just Blocked Legal Residents From Returning to the U.S.',
          'id' => '160389977329803_1269383936430396',
          'message' => 'People literally can\'t come home.'
        };

Domain: attn.com

Reuters
-----------------------------
$VAR1 = {
          'link' => 'http://reut.rs/2kFpohi',
          'caption' => 'www.reuters.com',
          'created_time' => '2017-01-28T21:21:40+0000',
          'name' => 'U.S. companies scramble to cope with seven-country immigration ban',
          'id' => '114050161948682_1375833155770370',
          'message' => 'U.S. companies scrambled on Saturday to cope with the fallout from President Trump\'s executive order on immigration, with Google urgently calling back employees from overseas and companies rushing to provide legal advice and assistance.'
        };

Domain: reuters.com

NowThis
-----------------------------

Daily Caller
-----------------------------
$VAR1 = {
          'link' => 'http://trib.al/QdpTzMh',
          'caption' => 'dailycaller.com',
          'created_time' => '2017-01-28T21:26:02+0000',
          'name' => 'Meet The Hottest Women Of The UFC [SLIDESHOW]',
          'id' => '182919686769_10154180673816770',
          'message' => 'These sizzling women bring the heat on Instagram.'
        };

Domain: dailycaller.com

CNBC
-----------------------------
$VAR1 = {
          'link' => 'http://cnb.cx/2kCpF0w',
          'caption' => 'cnbc.com',
          'created_time' => '2017-01-28T21:27:36+0000',
          'name' => '7 habits of highly successful people, from a man who spent 5 years studying them',
          'id' => '97212224368_10155153681949369',
          'message' => 'Change your habits, change your life.'
        };

Domain: cnbc.com

The Onion
-----------------------------

Opposing Views
-----------------------------
$VAR1 = {
          'link' => 'http://www.americanow.com/story/guns/2016/12/02/man-turns-tables-cop-after-admitting-one-thing-0?fb=ov',
          'caption' => 'americanow.com',
          'created_time' => '2017-01-28T21:30:00+0000',
          'name' => 'Cops Pull This Man Over, He Coldy Ignores Officer\'s Requests, Then Says One Chilling Thing',
          'id' => '34226391050_10154469876546051',
          'message' => 'A driver, Matt, was pulled over by police but he had no idea what he had done wrong. The officer walked over and made a simple request- that\'s when Matt said one alarming word that left them both on edge.'
        };

Domain: americanow.com

the Today Show
-----------------------------

Kotaku
-----------------------------
$VAR1 = {
          'link' => 'http://trib.al/xEq3WsA',
          'caption' => 'kotaku.com',
          'created_time' => '2017-01-28T21:25:12+0000',
          'name' => 'Geralt Of Rivia\'s Voice Actor Says Doing Witcher 3 Sex Scenes Was Like \'Being Caught Masturbating\'',
          'id' => '273824104039_10155075623689040',
          'message' => 'The Witcher 3: Wild Hunt\'s voice actors never performed together'
        };

Domain: kotaku.com

Washington Post
-----------------------------

the American Center for Law and Justice
-----------------------------

VICE News
-----------------------------

PBS
-----------------------------

Mother Jones
-----------------------------

HuffPost Good News
-----------------------------

BBC News
-----------------------------

Breaking News
-----------------------------

The Verge
-----------------------------

New York Magazine
-----------------------------
$VAR1 = {
          'link' => 'http://nym.ag/2jy3qv2',
          'caption' => 'vulture.com',
          'created_time' => '2017-01-28T21:17:52+0000',
          'name' => "M. Night Shyamalan\x{2019}s Split Is Exploitative Trash",
          'id' => '14516439825_10155007930859826',
          'message' => 'M. Night Shyamalan has a gift for making clunkiness look like high seriousness, so that a second-rate shock show like Split is being greeted as a thriller of substance.'
        };

Domain: vulture.com

TIME
-----------------------------

the Business Insider
-----------------------------
$VAR1 = {
          'link' => 'http://read.bi/2kCnfDc',
          'caption' => 'businessinsider.com',
          'created_time' => '2017-01-28T21:20:04+0000',
          'name' => 'What is \'fake news\'?',
          'id' => '20446254070_10154334080539071',
          'message' => 'Confused? You\'re not alone.'
        };

Domain: businessinsider.com

ThinkProgress
-----------------------------

POLITICO
-----------------------------

USA TODAY
-----------------------------

American News
-----------------------------
$VAR1 = {
          'link' => 'http://americannews.com/general-mattis-rains-airstrikes-isis-first-day-job/',
          'caption' => 'americannews.com',
          'created_time' => '2017-01-28T21:30:00+0000',
          'name' => 'General Mattis Rains Airstrikes On ISIS First Day Of The Job',
          'id' => '179035672287016_921033801420529',
          'message' => 'General Mattis is not hesitating to show ISIS who they\'re messing with.
There\'s a new sheriff in town, and he does not mess around.
Can we get 5,000 \'LIKES\' for General Mattis?'
        };

Domain: americannews.com

ABC News
-----------------------------
$VAR1 = {
          'link' => 'http://abcn.ws/2kEHLyL',
          'caption' => 'abcnews.go.com',
          'created_time' => '2017-01-28T21:23:25+0000',
          'name' => 'Lawmakers Won\'t Publicly Commit to \'Bathroom Bill\' Repeal',
          'id' => '86680728811_10155325310518812',
          'message' => 'Only 12 of 50 state senators and 40 of 118 current House members said they support abolishing the law, nearly all of them Democrats. On the other side, 13 representatives and six senators said firmly that they want the law to remain.'
        };

Domain: go.com
Response:
{"id":"1622501708043673_1649332732027237"}

HuffPost Politics
-----------------------------

NBC News
-----------------------------

AJ+
-----------------------------
$VAR1 = {
          'link' => 'https://www.facebook.com/ajplusenglish/videos/889353837872791/',
          'created_time' => '2017-01-28T21:30:00+0000',
          'name' => 'French Widow Plays Adoptive Grandma to Refugees',
          'id' => '407570359384477_889353837872791',
          'message' => '71-year-old Simone lost her husband in 2015, the same year Abbas was fleeing Iraq. 

Now they\'re helping re-create a sense of family in Simone\'s tiny village in the French countryside.'
        };

Wikileaks
-----------------------------

CNNMoney
-----------------------------

ABC News Politics
-----------------------------
$VAR1 = {
          'link' => 'http://abcn.ws/2k3oOqk',
          'caption' => 'abcnews.go.com',
          'created_time' => '2017-01-28T21:29:06+0000',
          'name' => 'French Leader Chides US Populism, Urges European Unity',
          'id' => '184096565021911_1167145206717037',
          'message' => "French Pres. Fran\x{e7}ois Hollande says Europe is facing is facing a moment of truth and must resist calls to deny climate change or bar access to refugees."
        };

Domain: go.com
Response:
{"id":"1622501708043673_1649332852027225"}

Right Wing News
-----------------------------
$VAR1 = {
          'link' => 'http://www.americanow.com/story/society/2017/01/27/sailor-jailed-breaking-law-gets-good-news-trump?fb=rwn',
          'caption' => 'americanow.com',
          'created_time' => '2017-01-28T21:30:00+0000',
          'name' => 'President Trump Delivers Great News To Jailed American Sailor',
          'id' => '389658314427637_1684158008310988',
          'message' => 'President Trump just delivered great news to this jailed American sailor.'
        };

Domain: americanow.com

The Wall Street Journal
-----------------------------

MSNBC
-----------------------------
$VAR1 = {
          'link' => 'https://www.facebook.com/msnbc/videos/1684846788202011/',
          'created_time' => '2017-01-28T21:30:00+0000',
          'name' => 'How a Tax on Mexican Goods Will Affect Your Wallet',
          'id' => '273864989376427_1684846788202011',
          'message' => 'Here\'s how President Trump\'s proposed 20 percent tariff on Mexican goods to pay for the border wall could affect your wallet. 

Read more: http://nbcnews.to/2kFauUc'
        };

the Drudge Report
-----------------------------

Mic
-----------------------------

The Economist
-----------------------------

Bloomberg Politics
-----------------------------

CBS News
-----------------------------
$VAR1 = {
          'link' => 'http://cbsn.ws/2jqt1Cw',
          'caption' => 'www.cbsnews.com',
          'created_time' => '2017-01-28T21:30:02+0000',
          'name' => 'Trump travel ban could affect green card holders, officials say',
          'id' => '131459315949_10154314781745950',
          'message' => "Senior administration officials told CBS News that for permanent American residents \x{2014} those holding green cards \x{2014} from the listed countries, their readmittance to the U.S. will be done on a \x{201c}case by case exemption process.\x{201d}"
        };

Domain: cbsnews.com
Response:
{"id":"1622501708043673_1649332952027215"}

The Young Turks
-----------------------------

Occupy Democrats
-----------------------------

CBC News
-----------------------------
$VAR1 = {
          'link' => 'http://www.cbc.ca/news/entertainment/athlete-parents-entertainer-kids-1.3953899',
          'caption' => 'cbc.ca',
          'created_time' => '2017-01-28T21:30:00+0000',
          'name' => 'Children of famous athletes who find their own path to success',
          'id' => '5823419603_10155102573719604',
          'message' => 'Not every child of a jock takes up sports.'
        };

Newsweek
-----------------------------

CNN International
-----------------------------

The New Yorker
-----------------------------
$VAR1 = {
          'link' => 'http://nyer.cm/NPVF97C',
          'caption' => 'newyorker.com',
          'created_time' => '2017-01-28T21:30:18+0000',
          'name' => 'The Human Toll of Protecting the Internet from the Worst of Humanity',
          'id' => '9258148868_10154423052353869',
          'message' => 'Every day, for eight years, Henry Soto looked at thousands of disturbing images and videos, which included depictions of killings and child abuse. The work took a heavy toll.'
        };

Domain: newyorker.com
Response:
{"id":"1622501708043673_1649333025360541"}

Rush Limbaugh
-----------------------------

The Independent
-----------------------------
$VAR1 = {
          'link' => 'https://www.indy100.com/article/steve-bannon-breitbart-carl-bernstein-donald-trump-white-house-media-reporting-news-journalism-7548866',
          'caption' => 'indy100.com',
          'created_time' => '2017-01-28T21:21:00+0000',
          'name' => 'Steve Bannon can\'t handle the media\'s reporting of the White House.',
          'id' => '13312631635_10154437931116636',
          'message' => 'He called news organisations "the real opposition party"'
        };

Domain: indy100.com

TheBlaze
-----------------------------

NPR Politics
-----------------------------
$VAR1 = {
          'link' => 'http://www.npr.org/sections/thetwo-way/2017/01/28/512158238/arrivals-to-u-s-blocked-and-detained-as-trumps-immigration-freeze-sets-in',
          'caption' => 'npr.org',
          'created_time' => '2017-01-28T21:15:53+0000',
          'name' => 'Arrivals To U.S. Blocked And Detained As Trump\'s Immigration Freeze Sets In',
          'id' => '1604383669807606_1853071864938784',
          'message' => 'Less than a day after President Trump suspended immigration from seven countries, airports in the U.S. and abroad are seeing the effects.'
        };

Domain: npr.org
Response:
{"id":"1622501708043673_1649333125360531"}

The New York Times
-----------------------------
$VAR1 = {
          'link' => 'https://www.nytimes.com/2017/01/28/us/politics/betsy-devos-gay-transgender-rights.html?smid=fb-nytimes&smtyp=cur',
          'caption' => 'nytimes.com',
          'created_time' => '2017-01-28T21:25:00+0000',
          'name' => 'Betsy DeVos, a Friend of L.G.B.T. Rights? Past Colleagues Say Yes',
          'id' => '5281959998_10151064316249999',
          'message' => 'Betsy DeVos, President Donald J. Trump\'s pick for education secretary, has quietly supported gay and transgender rights, dating as far back as the late 1990s.'
        };

Domain: nytimes.com
Response:
{"id":"1622501708043673_1649333202027190"}

NPR
-----------------------------
$VAR1 = {
          'link' => 'http://www.npr.org/sections/thesalt/2017/01/28/511884777/mississippi-masala-how-a-native-of-india-became-a-southern-cooking-star?utm_source=facebook.com&utm_medium=social&utm_campaign=npr&utm_term=nprnews&utm_content=20170128',
          'caption' => 'npr.org',
          'created_time' => '2017-01-28T21:30:00+0000',
          'name' => 'Mississippi Masala: How A Native Of India Became A Southern Cooking Star',
          'id' => '10643211755_10155242130726756',
          'message' => "He's not exactly cooking Indian food. Chef Vish Bhatt takes traditional Southern ingredients, like catfish, grits or mac and cheese \x{2014} but he prepares them using flavors and techniques of his native India."
        };

Domain: npr.org
Response:
{"id":"1622501708043673_1649333352027175"}

MSN
-----------------------------

CNN Politics
-----------------------------

The Daily Show
-----------------------------

Daily Kos
-----------------------------
$VAR1 = {
          'link' => 'http://www.dailykos.com/story/2017/01/28/1626446/-Philadelphia-Inquirer-s-editorial-board-goes-there-Trump-s-first-days-resemble-those-of-a-dictator?detail=facebook',
          'caption' => 'dailykos.com',
          'created_time' => '2017-01-28T21:30:00+0000',
          'name' => 'Philadelphia Inquirer\'s editorial board goes there: Trump\'s first days resemble those of a dictator',
          'id' => '43179984254_10155118679294255',
          'message' => 'Media calling out Donald Trump as a dictator.

By Daily Kos user First Amendment'
        };

Domain: dailykos.com
Response:
{"id":"1622501708043673_1649333448693832"}
$VAR1 = {
          'link' => 'http://www.dailykos.com/stories/2017/1/28/1626524/-Trump-official-on-immigration-ban-chaos-Stay-calm-there-s-plenty-of-lifeboats-on-the-Titantic?detail=facebook',
          'caption' => 'dailykos.com',
          'created_time' => '2017-01-28T21:19:27+0000',
          'name' => 'Trump official on immigration ban chaos: Stay calm, there are plenty of lifeboats on the Titanic',
          'id' => '43179984254_10155118819389255',
          'message' => 'Uncertainty and confusion reigns.'
        };

Domain: dailykos.com
Response:
{"id":"1622501708043673_1649333552027155"}

Yahoo News
-----------------------------

The Guardian
-----------------------------

CNN
-----------------------------

Slate.com
-----------------------------

the AP
-----------------------------

Sean Hannity
-----------------------------

The Ed Schultz Show
-----------------------------

The Atlantic
-----------------------------

Bloomberg
-----------------------------

BuzzFeed
-----------------------------

Fox News
-----------------------------

VICE
-----------------------------

Glenn Beck
-----------------------------
$VAR1 = {
          'link' => 'http://www.glennbeck.com/2017/01/19/youre-going-to-make-me-cry-glenn-reacts-to-big-cuts-reportedly-coming-from-trump/',
          'caption' => 'glennbeck.com',
          'created_time' => '2017-01-28T21:17:00+0000',
          'name' => "\x{2018}You\x{2019}re Going to Make Me Cry\x{2019}: Glenn Reacts to Big Cuts Reportedly Coming From Trump",
          'id' => '36400348187_10154998341848188',
          'message' => 'This was a fun segment.'
        };

Domain: glennbeck.com
Response:
{"id":"1622501708043673_1649333638693813"}

The Other 98%
-----------------------------
$VAR1 = {
          'link' => 'http://usuncut.com/news/protesters-rally-airports-across-us-welcome-refugees/',
          'caption' => 'usuncut.com',
          'created_time' => '2017-01-28T21:20:00+0000',
          'name' => 'Protesters rally at airports across US to welcome refugees',
          'id' => '114517875225866_1674525405891764',
          'message' => '#RESIST'
        };

Domain: usuncut.com


Total Posts Made:	11


