***********************************************************************************
Started at 00:30:01 on 11/05/2016
***********************************************************************************
Querying souces from the past 6 minutes....

Al Jazeera
-----------------------------

Upworthy
-----------------------------

The Huffington Post
-----------------------------

HuffPost Women
-----------------------------

PBS News Hour
-----------------------------

ATTN:
-----------------------------
$VAR1 = {
          'link' => 'https://www.facebook.com/Channel4News/videos/10154292384691939/',
          'created_time' => '2016-12-05T05:26:00+0000',
          'name' => 'Channel 4 News',
          'id' => '160389977329803_1210004392368351',
          'message' => 'Not enough people are talking about what\'s happening in Syria right now.'
        };

Reuters
-----------------------------

NowThis
-----------------------------

Daily Caller
-----------------------------

CNBC
-----------------------------

The Onion
-----------------------------

Opposing Views
-----------------------------

the Today Show
-----------------------------

Kotaku
-----------------------------

Washington Post
-----------------------------

the American Center for Law and Justice
-----------------------------

VICE News
-----------------------------

PBS
-----------------------------

Mother Jones
-----------------------------

HuffPost Good News
-----------------------------

BBC News
-----------------------------

Breaking News
-----------------------------

The Verge
-----------------------------

New York Magazine
-----------------------------

TIME
-----------------------------
$VAR1 = {
          'link' => 'http://ti.me/2gqZvMq',
          'caption' => 'time.com',
          'created_time' => '2016-12-05T05:30:18+0000',
          'name' => 'Narendra Modi Wins Reader\'s Poll For TIME Person Of The Year',
          'id' => '10606591490_10154220701171491',
          'message' => 'The Indian Prime Minister beat out Barack Obama, Donald J. Trump and Julian Assange in the online reader\'s poll for TIME Person of the Year.'
        };

Domain: time.com

the Business Insider
-----------------------------

ThinkProgress
-----------------------------

POLITICO
-----------------------------
$VAR1 = {
          'link' => 'http://politi.co/2gXcKrF',
          'caption' => 'politi.co',
          'created_time' => '2016-12-05T05:30:16+0000',
          'name' => "The Victory of  \x{2018}No\x{2019}",
          'id' => '62317591679_10154055033571680',
          'message' => "The GOP\x{2019}s unprecedented anti-Obama obstructionism was a remarkable success. And then it handed the party to Donald J. Trump."
        };

Domain: politi.co

Alias: politico.com
$VAR1 = bless( {
                 'response' => bless( {
                                        '_protocol' => 'HTTP/1.1',
                                        '_content' => '{"id":"1622501708043673_1628584820768695"}',
                                        '_rc' => '200',
                                        '_headers' => bless( {
                                                               'connection' => 'close',
                                                               'x-fb-rev' => '2718923',
                                                               'cache-control' => 'private, no-cache, no-store, must-revalidate',
                                                               'date' => 'Mon, 05 Dec 2016 05:33:26 GMT',
                                                               'x-fb-debug' => 'HOMUvHiv+5drVu3YGLcPLNkMHQAmLUyyPhhiLkekeW77DxZ/7OoFtnBoahjA6NigCVHVKrjLtklCr3D5xECgVw==',
                                                               'access-control-allow-origin' => '*',
                                                               'client-ssl-cert-issuer' => '/C=US/O=DigiCert Inc/OU=www.digicert.com/CN=DigiCert SHA2 High Assurance Server CA',
                                                               'client-ssl-cipher' => 'ECDHE-ECDSA-AES128-GCM-SHA256',
                                                               'client-peer' => '31.13.65.1:443',
                                                               'facebook-api-version' => 'v2.8',
                                                               'client-date' => 'Mon, 05 Dec 2016 05:33:26 GMT',
                                                               'x-page-usage' => '{"call_count":23,"total_cputime":4,"total_time":8}',
                                                               'pragma' => 'no-cache',
                                                               'content-type' => 'text/javascript; charset=UTF-8',
                                                               'client-ssl-socket-class' => 'IO::Socket::SSL',
                                                               'client-response-num' => 1,
                                                               'content-length' => '42',
                                                               'x-fb-trace-id' => 'DhihJEaNCA+',
                                                               '::std_case' => {
                                                                                 'client-response-num' => 'Client-Response-Num',
                                                                                 'x-fb-rev' => 'X-Fb-Rev',
                                                                                 'x-fb-debug' => 'X-FB-Debug',
                                                                                 'access-control-allow-origin' => 'Access-Control-Allow-Origin',
                                                                                 'client-ssl-cert-issuer' => 'Client-SSL-Cert-Issuer',
                                                                                 'client-ssl-cipher' => 'Client-SSL-Cipher',
                                                                                 'client-peer' => 'Client-Peer',
                                                                                 'facebook-api-version' => 'Facebook-Api-Version',
                                                                                 'x-fb-trace-id' => 'X-Fb-Trace-Id',
                                                                                 'client-date' => 'Client-Date',
                                                                                 'x-page-usage' => 'X-Page-Usage',
                                                                                 'client-ssl-cert-subject' => 'Client-SSL-Cert-Subject',
                                                                                 'client-ssl-socket-class' => 'Client-SSL-Socket-Class'
                                                                               },
                                                               'client-ssl-cert-subject' => '/C=US/ST=CA/L=Menlo Park/O=Facebook, Inc./CN=*.facebook.com',
                                                               'expires' => 'Sat, 01 Jan 2000 00:00:00 GMT'
                                                             }, 'HTTP::Headers' ),
                                        '_msg' => 'OK',
                                        '_request' => bless( {
                                                               '_content' => 'access_token=EAAPvBQ5tbjMBAIgMPORfLbexZAZAVtTuqzr7wPbhCpVFyxUtDQEsBZAIS72ADwnUQzdtZA4A2DE8kDyNia2wdCQFeFnFKnxlv7dOhQ0zxnIbA3bwasf4ET1xjq4k9Nojqjmx5HZBlOy9gccDrAFC7fVnGUOjJaTIZD&message=The+Facebook+page+of+POLITICO+originally+shared+this+article.+According+to+data+gathered+by+the+Pew+Research+Center%2C+POLITICO+is+more+trusted+than+distrusted+by+survey+respondents+who+have+heard+of+the+source.+%0D%0AAdditionally%2C+the+research+indicates+that+left-leaning+readers+were+more+likely+to+find+this+source+credible+than+other+readers.+%0D%0A%0D%0AOut+of+the+32%25+of+respondents+who+have+heard+of+POLITICO%2C%0D%0A21%25%09trusted+the+news+source%2C%0D%0A16%25%09distrusted+the+news+source%2C+and%0D%0A63%25%09neither+trusted+nor+distrusted+the+news+source.%0D%0A%0D%0ATo+learn+more+about+Pew+Research+Center\'s+study+on+Political+Polarization+%26+Media+Habits%2C+follow+this+link+to+visit+their+report.+https%3A%2F%2Fgoo.gl%2FxwVtjv&link=http%3A%2F%2Fpoliti.co%2F2gXcKrF&published=true',
                                                               '_uri' => bless( do{\(my $o = 'https://graph.facebook.com/v2.2/1622501708043673/feed')}, 'URI::https' ),
                                                               '_headers' => bless( {
                                                                                      'user-agent' => 'libwww-perl/6.15',
                                                                                      'content-type' => 'application/x-www-form-urlencoded',
                                                                                      'content-length' => 983,
                                                                                      '::std_case' => {
                                                                                                        'if-ssl-cert-subject' => 'If-SSL-Cert-Subject'
                                                                                                      }
                                                                                    }, 'HTTP::Headers' ),
                                                               '_method' => 'POST',
                                                               '_uri_canonical' => $VAR1->{'response'}{'_request'}{'_uri'}
                                                             }, 'HTTP::Request' )
                                      }, 'HTTP::Response' )
               }, 'Facebook::Graph::Response' );

USA TODAY
-----------------------------
$VAR1 = {
          'link' => 'http://www.usatoday.com/story/news/nation-now/2016/12/04/wildfire-recovery-gatlinburg/94964322/',
          'caption' => 'usatoday.com',
          'created_time' => '2016-12-05T05:30:00+0000',
          'name' => 'Experts: Gatlinburg gets one chance for a smart recovery from wildfires',
          'id' => '13652355666_10154115011535667',
          'message' => 'Tennessee Gov. Bill Haslam called it the worst fire the state had seen in a century.'
        };

Domain: usatoday.com
$VAR1 = bless( {
                 'response' => bless( {
                                        '_protocol' => 'HTTP/1.1',
                                        '_content' => '{"id":"1622501708043673_1628584864102024"}',
                                        '_rc' => '200',
                                        '_headers' => bless( {
                                                               'connection' => 'close',
                                                               'x-fb-rev' => '2718923',
                                                               'cache-control' => 'private, no-cache, no-store, must-revalidate',
                                                               'date' => 'Mon, 05 Dec 2016 05:33:43 GMT',
                                                               'x-fb-debug' => 'ykyG2cyaSwrSsO0fU3uX3Wiyiu8D5bj2gnCuNhojI83YEmqsR9YBzUKyBIT0olbPwUyaL8iSZuMXEgtkv1K73g==',
                                                               'access-control-allow-origin' => '*',
                                                               'client-ssl-cert-issuer' => '/C=US/O=DigiCert Inc/OU=www.digicert.com/CN=DigiCert SHA2 High Assurance Server CA',
                                                               'client-ssl-cipher' => 'ECDHE-ECDSA-AES128-GCM-SHA256',
                                                               'client-peer' => '31.13.65.1:443',
                                                               'facebook-api-version' => 'v2.8',
                                                               'client-date' => 'Mon, 05 Dec 2016 05:33:43 GMT',
                                                               'x-page-usage' => '{"call_count":23,"total_cputime":4,"total_time":8}',
                                                               'pragma' => 'no-cache',
                                                               'content-type' => 'text/javascript; charset=UTF-8',
                                                               'client-ssl-socket-class' => 'IO::Socket::SSL',
                                                               'client-response-num' => 1,
                                                               'content-length' => '42',
                                                               'x-fb-trace-id' => 'GkqU9Qsd5Z1',
                                                               '::std_case' => {
                                                                                 'client-response-num' => 'Client-Response-Num',
                                                                                 'x-fb-rev' => 'X-Fb-Rev',
                                                                                 'x-fb-debug' => 'X-FB-Debug',
                                                                                 'access-control-allow-origin' => 'Access-Control-Allow-Origin',
                                                                                 'client-ssl-cert-issuer' => 'Client-SSL-Cert-Issuer',
                                                                                 'client-ssl-cipher' => 'Client-SSL-Cipher',
                                                                                 'client-peer' => 'Client-Peer',
                                                                                 'facebook-api-version' => 'Facebook-Api-Version',
                                                                                 'x-fb-trace-id' => 'X-Fb-Trace-Id',
                                                                                 'client-date' => 'Client-Date',
                                                                                 'x-page-usage' => 'X-Page-Usage',
                                                                                 'client-ssl-cert-subject' => 'Client-SSL-Cert-Subject',
                                                                                 'client-ssl-socket-class' => 'Client-SSL-Socket-Class'
                                                                               },
                                                               'client-ssl-cert-subject' => '/C=US/ST=CA/L=Menlo Park/O=Facebook, Inc./CN=*.facebook.com',
                                                               'expires' => 'Sat, 01 Jan 2000 00:00:00 GMT'
                                                             }, 'HTTP::Headers' ),
                                        '_msg' => 'OK',
                                        '_request' => bless( {
                                                               '_content' => 'access_token=EAAPvBQ5tbjMBAIgMPORfLbexZAZAVtTuqzr7wPbhCpVFyxUtDQEsBZAIS72ADwnUQzdtZA4A2DE8kDyNia2wdCQFeFnFKnxlv7dOhQ0zxnIbA3bwasf4ET1xjq4k9Nojqjmx5HZBlOy9gccDrAFC7fVnGUOjJaTIZD&message=The+Facebook+page+of+USA+TODAY+originally+shared+this+article.+According+to+data+gathered+by+the+Pew+Research+Center%2C+USA+Today+is+more+trusted+than+distrusted+by+survey+respondents+who+have+heard+of+the+source.+(Over+40%25+of+respondents)+%0D%0AAdditionally%2C+the+research+indicates+that+left-leaning+readers+and+right-leaning+readers+were+about+equally+as+likely+to+find+this+source+credible.+%0D%0A%0D%0AOut+of+the+90%25+of+respondents+who+have+heard+of+USA+Today%2C%0D%0A37%25%09trusted+the+news+source%2C%0D%0A14%25%09distrusted+the+news+source%2C+and%0D%0A49%25%09neither+trusted+nor+distrusted+the+news+source.%0D%0A%0D%0ATo+learn+more+about+Pew+Research+Center\'s+study+on+Political+Polarization+%26+Media+Habits%2C+follow+this+link+to+visit+their+report.+https%3A%2F%2Fgoo.gl%2FxwVtjv&link=http%3A%2F%2Fwww.usatoday.com%2Fstory%2Fnews%2Fnation-now%2F2016%2F12%2F04%2Fwildfire-recovery-gatlinburg%2F94964322%2F&published=true',
                                                               '_uri' => bless( do{\(my $o = 'https://graph.facebook.com/v2.2/1622501708043673/feed')}, 'URI::https' ),
                                                               '_headers' => bless( {
                                                                                      'user-agent' => 'libwww-perl/6.15',
                                                                                      'content-type' => 'application/x-www-form-urlencoded',
                                                                                      'content-length' => 1120,
                                                                                      '::std_case' => {
                                                                                                        'if-ssl-cert-subject' => 'If-SSL-Cert-Subject'
                                                                                                      }
                                                                                    }, 'HTTP::Headers' ),
                                                               '_method' => 'POST',
                                                               '_uri_canonical' => $VAR1->{'response'}{'_request'}{'_uri'}
                                                             }, 'HTTP::Request' )
                                      }, 'HTTP::Response' )
               }, 'Facebook::Graph::Response' );

American News
-----------------------------
$VAR1 = {
          'link' => 'http://americannews.com/america-shocked-barron-trump-spotted-first-time-since-rosie-odonnell-incident-watch/',
          'caption' => 'americannews.com',
          'created_time' => '2016-12-05T05:30:00+0000',
          'name' => 'America Shocked After Barron Trump Spotted For The First Time Since Rosie O\'Donnell Incident [WATCH]',
          'id' => '179035672287016_892882704235639',
          'message' => 'Barron Trump spotted for first time since Rosie Odonnell claims he has autism, you won\'t believe where.
We love the Trump family, let\'s show him our supporter.
Can we get 5,000 \'LIKES\' for Barron?'
        };

Domain: americannews.com

ABC News
-----------------------------

HuffPost Politics
-----------------------------

NBC News
-----------------------------

AJ+
-----------------------------

Wikileaks
-----------------------------

CNNMoney
-----------------------------

ABC News Politics
-----------------------------

Right Wing News
-----------------------------
$VAR1 = {
          'link' => 'https://ihavethetruth.com/2016/11/30/michelle-obama-decorates-white-house-for-christmas-forgets-one-very-important-thing/',
          'caption' => 'ihavethetruth.com',
          'created_time' => '2016-12-05T05:30:00+0000',
          'name' => 'Michelle Obama Decorates White House for Christmas, Forgets One VERY Important Thing',
          'id' => '389658314427637_1622334014493388',
          'message' => "The White House is currently decked out for the holidays, but those who have taken a tour of 1600 Pennsylvania Ave to see it for themselves have noticed that one very important thing is missing\x{2026}"
        };

Domain: ihavethetruth.com

The Wall Street Journal
-----------------------------

MSNBC
-----------------------------

the Drudge Report
-----------------------------

Mic
-----------------------------

The Economist
-----------------------------

Bloomberg Politics
-----------------------------

CBS News
-----------------------------

The Young Turks
-----------------------------

Occupy Democrats
-----------------------------

CBC News
-----------------------------

Newsweek
-----------------------------

CNN International
-----------------------------

The New Yorker
-----------------------------

Rush Limbaugh
-----------------------------

The Independent
-----------------------------

TheBlaze
-----------------------------

NPR Politics
-----------------------------

The New York Times
-----------------------------

NPR
-----------------------------

MSN
-----------------------------

CNN Politics
-----------------------------

The Daily Show
-----------------------------

Daily Kos
-----------------------------

Yahoo News
-----------------------------
$VAR1 = {
          'link' => 'https://www.facebook.com/yahoonews/videos/1378997445473144/',
          'created_time' => '2016-12-05T05:30:00+0000',
          'name' => 'Surprisingly, these stars once dated',
          'id' => '338028696036_1378997445473144',
          'message' => 'Take a trip through some surprising celebrity couples...'
        };

The Guardian
-----------------------------

CNN
-----------------------------
$VAR1 = {
          'link' => 'https://www.facebook.com/cnn/videos/10155696176706509/',
          'created_time' => '2016-12-05T05:30:41+0000',
          'name' => 'Before and after Ghost Ship fire',
          'id' => '5550296508_10155696176706509',
          'message' => 'This is what the Oakland warehouse Ghost Ship looks like before and after the fire that claimed dozens of lives http://cnn.it/2gSiP5K'
        };

Slate.com
-----------------------------

the AP
-----------------------------

Sean Hannity
-----------------------------

The Ed Schultz Show
-----------------------------

The Atlantic
-----------------------------

Bloomberg
-----------------------------

BuzzFeed
-----------------------------

Fox News
-----------------------------

VICE
-----------------------------

Glenn Beck
-----------------------------

The Other 98%
-----------------------------





