***********************************************************************************
Started at 15:15:01 on 11/14/2016
***********************************************************************************
Querying souces from the past 15 minutes....

Al Jazeera
-----------------------------

Upworthy
-----------------------------

The Huffington Post
-----------------------------
$VAR1 = {
          'link' => 'http://huff.to/2hG5WzJ',
          'caption' => 'gunviolence.huffingtonpost.com',
          'created_time' => '2016-12-14T20:00:06+0000',
          'name' => 'Too Many People Have Died From Guns Since Newtown. Let\'s Help Stop That.',
          'id' => '18468761129_10154512505056130',
          'message' => 'You can be part of the solution.'
        };

Domain: huffingtonpost.com
Response:
{"id":"1622501708043673_1632586243701886"}

HuffPost Women
-----------------------------

PBS News Hour
-----------------------------
$VAR1 = {
          'link' => 'http://www.pbs.org/newshour/rundown/flynn-investigated-army-wrongly-sharing-intelligence/',
          'caption' => 'pbs.org',
          'created_time' => '2016-12-14T20:15:00+0000',
          'name' => "Army once investigated Trump\x{2019}s national security adviser for wrongly sharing classified intelligence",
          'id' => '6491828674_10154869879098675',
          'message' => 'No action was taken against Flynn, who was a major general serving as the deputy chief of staff for intelligence in the Afghanistan war when the investigation was done in 2009-2010.'
        };

Domain: pbs.org
Response:
{"id":"1622501708043673_1632586323701878"}

ATTN:
-----------------------------

Reuters
-----------------------------
$VAR1 = {
          'link' => 'http://reut.rs/2hOwYAG',
          'caption' => 'www.reuters.com',
          'created_time' => '2016-12-14T20:15:09+0000',
          'name' => 'Trump team disavows survey seeking names of climate workers',
          'id' => '114050161948682_1322712011082485',
          'message' => 'President-elect Donald Trump\'s transition team on Wednesday disavowed a survey sent to the U.S. Department of Energy that requested the names of people working on climate change in the agency.'
        };

Domain: reuters.com

NowThis
-----------------------------

Daily Caller
-----------------------------

CNBC
-----------------------------

The Onion
-----------------------------

Opposing Views
-----------------------------
$VAR1 = {
          'link' => 'https://www.opposingviews.com/i/politics/donald-trump-has-simple-threat-electors-planning-vote-against-him',
          'caption' => 'opposingviews.com',
          'created_time' => '2016-12-14T20:12:13+0000',
          'name' => 'Donald Trump Issues One Simple Warning To Electors Preparing To Defy Voters And Change Votes',
          'id' => '34226391050_10154341645011051',
          'message' => 'Donald Trump has a simple threat for the electors planning to vote against him.'
        };

Domain: opposingviews.com

the Today Show
-----------------------------
$VAR1 = {
          'link' => 'http://on.today.com/2hNPDwp',
          'caption' => 'today.com',
          'created_time' => '2016-12-14T20:03:41+0000',
          'name' => 'Christmas came early for these lucky \'Harry Potter\' fans',
          'id' => '12566691349_10154832791436350',
          'message' => 'The night was magical with a capital M!'
        };

Domain: today.com

Kotaku
-----------------------------
$VAR1 = {
          'link' => 'http://trib.al/9o9wy3U',
          'caption' => 'kotaku.com',
          'created_time' => '2016-12-14T20:10:43+0000',
          'name' => 'Pro Wrestlers Get People Talking About \'Black Excellence\'',
          'id' => '273824104039_10154925589049040',
          'message' => 'New Day Rocks!'
        };

Domain: kotaku.com

Washington Post
-----------------------------

the American Center for Law and Justice
-----------------------------
$VAR1 = {
          'link' => 'http://aclj.us/2gJYnaP',
          'caption' => 'aclj.org',
          'created_time' => '2016-12-14T20:06:05+0000',
          'name' => 'Free American Pastor Andrew Brunson',
          'id' => '58158120046_10153965898840047',
          'message' => 'An American pastor has been arrested in Turkey and is in great danger.  He\'s being targeted for his Christian faith and could face years in prison.
        
Sign and Share our urgent petition to demand his release.'
        };

Domain: aclj.org

VICE News
-----------------------------

PBS
-----------------------------

Mother Jones
-----------------------------

HuffPost Good News
-----------------------------

BBC News
-----------------------------

Breaking News
-----------------------------

The Verge
-----------------------------

New York Magazine
-----------------------------
$VAR1 = {
          'link' => 'http://nym.ag/2hupyGw',
          'caption' => 'nymag.com',
          'created_time' => '2016-12-14T20:06:32+0000',
          'name' => 'Snowboarder Lindsey Jacobellis on Getting Up After the Fall',
          'id' => '14516439825_10154854334084826',
          'message' => 'How Lindsey Jacobellis became the most decorated boardercross racer of all time, despite an Olympic defeat that will live in infamy.'
        };

Domain: nymag.com

TIME
-----------------------------
$VAR1 = {
          'link' => 'http://ti.me/2htuDyR',
          'caption' => 'time.com',
          'created_time' => '2016-12-14T20:00:47+0000',
          'name' => 'Are Millionaires Smarter Than the Rest of Us?',
          'id' => '10606591490_10154260883476491',
          'message' => 'Does the ability to make money automatically mean someone is smart?'
        };

Domain: time.com

the Business Insider
-----------------------------
$VAR1 = {
          'link' => 'http://read.bi/2hNDuYj',
          'caption' => 'businessinsider.com',
          'created_time' => '2016-12-14T20:15:14+0000',
          'name' => 'President Obama\'s former chef reveals the hardest part of cooking for the president',
          'id' => '20446254070_10154188519499071',
          'message' => 'Sam Kass served as the first family\'s personal chef from January 2009 to December 2014.'
        };

Domain: businessinsider.com
$VAR1 = {
          'link' => 'http://www.businessinsider.com/trevor-noah-donald-trump-rex-tillerson-secretary-of-state-2016-12',
          'caption' => 'businessinsider.com',
          'created_time' => '2016-12-14T20:10:00+0000',
          'name' => 'Trevor Noah breaks down Trump\'s secretary of state pick and his \'friendship\' with Russia',
          'id' => '20446254070_10154188123654071',
          'message' => 'Trevor Noah makes an interesting point.'
        };

Domain: businessinsider.com
$VAR1 = {
          'link' => 'http://bit.ly/2hmobsT',
          'caption' => 'chrome.google.com',
          'created_time' => '2016-12-14T20:01:35+0000',
          'name' => 'Keep tabs on the latest from Business Insider with our new Chrome Extension',
          'id' => '20446254070_10154188491529071',
          'message' => 'Get the latest news, videos and date from Business Insider with our new Chrome extension.'
        };

Domain: google.com

ThinkProgress
-----------------------------

POLITICO
-----------------------------
$VAR1 = {
          'link' => 'http://politi.co/2hOvnL9',
          'caption' => 'politi.co',
          'created_time' => '2016-12-14T20:15:13+0000',
          'name' => 'Earnest: Trump may have known Russia behind hacking before Election Day',
          'id' => '62317591679_10154093921386680',
          'message' => 'Josh Earnest also reminded reporters that Donald J. Trump has praised Russian strongman Vladimir Putin\'s leadership.'
        };

Domain: politi.co

Alias: politico.com
Response:
{"id":"1622501708043673_1632586420368535"}
$VAR1 = {
          'link' => 'http://politi.co/2hlUI29',
          'caption' => 'politi.co',
          'created_time' => '2016-12-14T20:00:51+0000',
          'name' => "BuzzFeed, POLITICO editors: \x{2018}It was worrisome\x{2019} that press corps didn\x{2019}t stand up sooner for banned news outlets",
          'id' => '62317591679_10154093892651680',
          'message' => 'BuzzFeed and POLITICO were both blacklisted from attending Donald J. Trump campaign events for a period during the 2016 campaign.'
        };

Domain: politi.co

Alias: politico.com
Response:
{"id":"1622501708043673_1632586490368528"}

USA TODAY
-----------------------------

American News
-----------------------------
$VAR1 = {
          'link' => 'http://americannews.com/army-navy-unthinkable-trump-arrives-watch-closely/',
          'caption' => 'americannews.com',
          'created_time' => '2016-12-14T20:15:00+0000',
          'name' => 'Army And Navy Do The UNTHINKABLE When Trump Arrives... Watch Closely',
          'id' => '179035672287016_898162473707662',
          'message' => 'The Army and Navy heard that Trump was coming in, so they did this.

The relationship between our military and president will be much 
different this term.

Can we get 2,000 \'LIKES\' for our soldiers?'
        };

Domain: americannews.com

ABC News
-----------------------------
$VAR1 = {
          'link' => 'https://www.facebook.com/ABCNews/videos/10155140091268812/',
          'created_time' => '2016-12-14T20:13:44+0000',
          'name' => 'Supermoon Rises Above the Acropolis in Greece',
          'id' => '86680728811_10155140091268812',
          'message' => 'Final supermoon of 2016 shines above Greece\'s iconic Parthenon temple on Acropolis Hill. http://abcn.ws/2hu3WK8'
        };

HuffPost Politics
-----------------------------
$VAR1 = {
          'link' => 'http://huff.to/2hlYFUF',
          'caption' => 'm.huffpost.com',
          'created_time' => '2016-12-14T20:00:29+0000',
          'name' => 'Obama Blocks States From Defunding Planned Parenthood',
          'id' => '56845382910_10154606404527911',
          'message' => 'A parting gift to women.'
        };

Domain: huffpost.com

NBC News
-----------------------------
$VAR1 = {
          'link' => 'http://nbcnews.to/2hmqOL0',
          'caption' => 'nbcnews.com',
          'created_time' => '2016-12-14T20:10:04+0000',
          'name' => 'Prosecutor accuses Bill Cosby of \'lifetime of sexual assault\'',
          'id' => '155869377766434_1617355994951091',
          'message' => '"All of the victims met the defendant through her employment, he acted as a mentor to each of the victims. ... The defendant used his fame and notoriety to instill trust in the victims."'
        };

Domain: nbcnews.com
Response:
{"id":"1622501708043673_1632586563701854"}

AJ+
-----------------------------

Wikileaks
-----------------------------

CNNMoney
-----------------------------
$VAR1 = {
          'link' => 'http://cnnmon.ie/2guiTZd',
          'caption' => 'money.cnn.com',
          'created_time' => '2016-12-14T20:05:01+0000',
          'name' => '6 things you can do right now that\'ll make you rich',
          'id' => '6651543066_10154189075908067',
          'message' => 'Take these steps and get on the road to wealth.
http://cnnmon.ie/2guiTZd'
        };

Domain: cnn.com
Response:
{"id":"1622501708043673_1632586627035181"}

ABC News Politics
-----------------------------
$VAR1 = {
          'link' => 'https://www.facebook.com/ABCNewsPolitics/videos/1125167334248158/',
          'created_time' => '2016-12-14T20:13:32+0000',
          'name' => 'Trump Meets With Tech CEOs in New York',
          'id' => '184096565021911_1125167334248158',
          'message' => 'WATCH: Donald J. Trump meets with group of tech CEOs at Trump Tower, tells them "we have no formal chain of command around here." http://abcn.ws/2hwIH7S'
        };
$VAR1 = {
          'link' => 'http://abcn.ws/2hOoBFm',
          'caption' => 'abcnews.go.com',
          'created_time' => '2016-12-14T20:03:37+0000',
          'name' => 'Trump Team Backs Away From Controversial Questionnaire to Energy Dept.',
          'id' => '184096565021911_1125164344248457',
          'message' => 'The Donald J. Trump transition team is backing away from a controversial questionnaire sent to the U.S. Department of Energy demanding names of employees who assisted in the Barack Obama administration\'s climate policy efforts.'
        };

Domain: go.com
Response:
{"id":"1622501708043673_1632586747035169"}

Right Wing News
-----------------------------

The Wall Street Journal
-----------------------------
$VAR1 = {
          'link' => 'http://on.wsj.com/2hlJ5s9',
          'caption' => 'wsj.com',
          'created_time' => '2016-12-14T20:00:34+0000',
          'name' => "June Oven Review: Can Artificial Intelligence Beat Mom\x{2019}s Home Cooking?",
          'id' => '8304333127_10155109888963128',
          'message' => "We might not need an oven with a camera and Wi-Fi, but a smart oven that won\x{2019}t ruin the holiday roast? Now you\x{2019}re talking."
        };

Domain: wsj.com
Response:
{"id":"1622501708043673_1632586970368480"}

MSNBC
-----------------------------
$VAR1 = {
          'link' => 'http://on.msnbc.com/2hwfjOO',
          'caption' => 'msnbc.com',
          'created_time' => '2016-12-14T20:00:33+0000',
          'name' => 'Ex-Russian Minister: Tillerson \'absolutely a gift for Putin\'',
          'id' => '273864989376427_1392011300895118',
          'message' => 'The former Russian Minister of Energy said Vladimir Putin couldn\'t have dreamed of an administration like the one Trump is putting together.'
        };

Domain: msnbc.com
Response:
{"id":"1622501708043673_1632587133701797"}

the Drudge Report
-----------------------------

Mic
-----------------------------

The Economist
-----------------------------
$VAR1 = {
          'link' => 'https://www.facebook.com/TheEconomist/videos/10154882735669060/',
          'created_time' => '2016-12-14T20:13:02+0000',
          'name' => 'Breitbart\'s aim to influence elections',
          'id' => '6013004059_10154882735669060',
          'message' => 'The conservative website Breitbart News is expanding its business into France and Germany after a boost from the American election. Our correspondent Elizabeth Winkler considers its chances of success abroad'
        };
$VAR1 = {
          'link' => 'http://econ.st/2hwcH3G',
          'caption' => 'economist.com',
          'created_time' => '2016-12-14T20:03:07+0000',
          'name' => 'Ohio bans abortions after 20 weeks of pregnancy',
          'id' => '6013004059_10154883154949060',
          'message' => 'Keith Faber, the president of the Ohio senate, says that laws restricting abortion have a better chance of surviving thanks to the prospect of Donald Trump appointing a pro-life Supreme Court judge'
        };

Domain: economist.com
Response:
{"id":"1622501708043673_1632587187035125"}

Bloomberg Politics
-----------------------------

CBS News
-----------------------------
$VAR1 = {
          'link' => 'https://www.facebook.com/CBSNews/videos/10154171058030950/',
          'created_time' => '2016-12-14T20:10:52+0000',
          'name' => 'Polar vortex sweeps the country',
          'id' => '131459315949_10154171058030950',
          'message' => 'The polar vortex has arrived, and it\'s not letting up any time soon. http://cbsn.ws/2gJJPZ7'
        };

The Young Turks
-----------------------------

Occupy Democrats
-----------------------------

CBC News
-----------------------------

Newsweek
-----------------------------
$VAR1 = {
          'link' => 'http://www.newsweek.com/us-gun-murders-10-times-higher-countries-531982',
          'caption' => 'newsweek.com',
          'created_time' => '2016-12-14T20:06:54+0000',
          'name' => 'U.S. gun murders are more than 10 times higher than in other wealthy countries',
          'id' => '18343191100_10154685814556101',
          'message' => "The mass gun violence seen in the U.S. doesn\x{2019}t occur in other advanced countries with the daily and weekly frequency that Americans witness."
        };

Domain: newsweek.com

CNN International
-----------------------------
$VAR1 = {
          'link' => 'https://www.facebook.com/cnninternational/videos/10154791725239641/',
          'created_time' => '2016-12-14T20:00:41+0000',
          'name' => 'EIFFEL TOWER 2.mp4',
          'id' => '18793419640_10154791725239641',
          'message' => 'The Eiffel Tower went dark tonight in a show of support from the city of Paris to the civilians trapped in Aleppo http://cnn.it/2gJZ0Bl'
        };

The New Yorker
-----------------------------

Rush Limbaugh
-----------------------------

The Independent
-----------------------------
$VAR1 = {
          'link' => 'https://www.indy100.com/article/woman-meme-7474726',
          'caption' => 'indy100.com',
          'created_time' => '2016-12-14T20:15:10+0000',
          'name' => 'Woman speaks out after finding her photo used for a horrible meme',
          'id' => '13312631635_10154288350721636',
          'message' => '\'We are all human\''
        };

Domain: indy100.com

TheBlaze
-----------------------------
$VAR1 = {
          'link' => 'https://www.facebook.com/theblaze/videos/1300909876613016/',
          'created_time' => '2016-12-14T20:10:47+0000',
          'name' => 'TheBlaze news updates with Brandon and Sara',
          'id' => '140738092630206_1300909876613016',
          'message' => 'TheBlaze news updates with Brandon and Sara'
        };
$VAR1 = {
          'link' => 'http://www.theblaze.com/news/2016/12/14/loretta-lynch-tells-maddow-theres-no-process-for-a-blanket-pardon-for-dreamers/',
          'caption' => 'www.theblaze.com',
          'created_time' => '2016-12-14T20:10:01+0000',
          'name' => "Loretta Lynch tells Maddow: \x{2018}There\x{2019}s no process\x{2019} for a blanket pardon for DREAMers",
          'id' => '140738092630206_1300913406612663',
          'message' => 'Lynch seems to tell the DREAMers they will have to try their luck with Trump.'
        };

Domain: theblaze.com
Response:
{"id":"1622501708043673_1632587290368448"}

NPR Politics
-----------------------------

The New York Times
-----------------------------

NPR
-----------------------------

MSN
-----------------------------
$VAR1 = {
          'link' => 'http://msn.com/en-us/money/markets/fed-raises-rates-sees-faster-pace-of-increases-in-2017/ar-AAlyNUp?ocid=ob-fb-enus-280',
          'caption' => 'msn.com',
          'created_time' => '2016-12-14T20:01:26+0000',
          'name' => 'Fed raises rates, sees faster pace of increases in 2017',
          'id' => '49940376408_10154129802086409'
        };

Domain: msn.com

CNN Politics
-----------------------------

The Daily Show
-----------------------------
$VAR1 = {
          'link' => 'https://www.facebook.com/thedailyshow/photos/a.10150284949646800.382185.7976226799/10154840364616800/?type=3',
          'created_time' => '2016-12-14T20:12:22+0000',
          'name' => 'Photos from The Daily Show\'s post',
          'id' => '7976226799_10154840371436800',
          'message' => "Kanye wasn\x{2019}t the only one who got a signed copy from Trump!"
        };

Daily Kos
-----------------------------

Yahoo News
-----------------------------

The Guardian
-----------------------------

CNN
-----------------------------
$VAR1 = {
          'link' => 'https://www.facebook.com/cnn/videos/10155756153736509/',
          'created_time' => '2016-12-14T20:00:41+0000',
          'name' => 'EIFFEL TOWER 2.mp4',
          'id' => '5550296508_10155756153736509',
          'message' => 'The Eiffel Tower went dark tonight in a show of support from the city of Paris to the civilians trapped in Aleppo http://cnn.it/2gK1HTo'
        };

Slate.com
-----------------------------
$VAR1 = {
          'link' => 'http://slate.me/2hOaWOL',
          'caption' => 'slate.com',
          'created_time' => '2016-12-14T20:00:49+0000',
          'name' => "Seth Meyers Misunderstands Racism, Says Obama Voters-Turned-Trump Voters Possess No \x{201c}Racist Bones\x{201d} in Their Bodies",
          'id' => '21516776437_10154654087331438',
          'message' => 'That\'s not how racism works.'
        };

Domain: slate.com
Response:
{"id":"1622501708043673_1632587350368442"}

the AP
-----------------------------

Sean Hannity
-----------------------------

The Ed Schultz Show
-----------------------------

The Atlantic
-----------------------------
$VAR1 = {
          'link' => 'http://theatln.tc/2hma8Ua',
          'caption' => 'theatlantic.com',
          'created_time' => '2016-12-14T20:12:05+0000',
          'name' => 'Uber Launches Self-Driving Fleet in San Francisco',
          'id' => '29259828486_10154908069748487',
          'message' => 'The launch has faced push back from the California Department of Motor Vehicles.'
        };

Domain: theatlantic.com

Bloomberg
-----------------------------

BuzzFeed
-----------------------------

Fox News
-----------------------------
$VAR1 = {
          'link' => 'https://www.facebook.com/FoxNews/videos/10154894328006336/',
          'created_time' => '2016-12-14T20:01:41+0000',
          'id' => '15704546335_10154894328006336',
          'message' => 'Oops! Jill Stein\'s recount turns up more votes than voters in Detroit. http://bit.ly/2h0jPV5'
        };

VICE
-----------------------------
$VAR1 = {
          'link' => 'https://www.facebook.com/VICEVideo/videos/1274120945977875/',
          'created_time' => '2016-12-14T20:01:02+0000',
          'name' => 'VICE Video',
          'id' => '167115176655082_1488195597880360'
        };

Glenn Beck
-----------------------------

The Other 98%
-----------------------------


Total Posts Made:	12


