***********************************************************************************
Started at 04:00:01 on 00/29/2017
***********************************************************************************
Querying souces from the past 15 minutes....

Al Jazeera
-----------------------------

Upworthy
-----------------------------

The Huffington Post
-----------------------------

HuffPost Women
-----------------------------

PBS News Hour
-----------------------------

ATTN:
-----------------------------
$VAR1 = {
          'link' => 'https://www.facebook.com/refinery29/videos/10155064888942922/',
          'created_time' => '2017-01-29T08:52:00+0000',
          'name' => 'Refinery29',
          'id' => '160389977329803_1268471893188267',
          'message' => 'Mary Tyler Moore\'s decision to wear pants on TV changed the game for women.'
        };

Reuters
-----------------------------

NowThis
-----------------------------

Daily Caller
-----------------------------

CNBC
-----------------------------

The Onion
-----------------------------

Opposing Views
-----------------------------

the Today Show
-----------------------------

Kotaku
-----------------------------

Washington Post
-----------------------------
$VAR1 = {
          'link' => 'https://www.washingtonpost.com/blogs/plum-line/wp/2017/01/27/in-leaked-audio-republicans-destroy-their-own-public-talking-points-on-obamacare/?utm_term=.f3eaeddadb8b',
          'caption' => 'washingtonpost.com',
          'created_time' => '2017-01-29T09:00:01+0000',
          'name' => 'Opinion | In leaked audio, Republicans destroy their own public talking points on Obamacare',
          'id' => '6250307292_10154714330472293',
          'message' => "\x{201c}We\x{2019}d better be sure that we\x{2019}re prepared to live with the market we\x{2019}ve created\x{201d} with repeal, said one Republican."
        };

Domain: washingtonpost.com
Response:
{"error":{"message":"It looks like you were misusing this feature by going too fast. You\u2019ve been blocked from using it.\n\nLearn more about blocks in the Help Center.","type":"OAuthException","code":368,"error_subcode":1390008,"error_user_msg":"","fbtrace_id":"H60uNZAvSyd"}}

Facebook ran into an error and the post was not published. Zach Muckerberg please fix. Try again in a few hours.

