***********************************************************************************
Started at 20:30:01 on 00/02/2017
***********************************************************************************
Querying souces from the past 15 minutes....

Al Jazeera
-----------------------------

Upworthy
-----------------------------
$VAR1 = {
          'link' => 'http://u.pw/2hA19A0',
          'caption' => 'upworthy.com',
          'created_time' => '2017-01-03T01:20:00+0000',
          'name' => 'Michael Angelakos came out as gay. He also loved his wife. That says a lot about human sexuality.',
          'id' => '354522044588660_1563100497064136',
          'message' => 'From 2015: With one announcement, he helped shed light on the fluidity of love.'
        };

Domain: upworthy.com

The Huffington Post
-----------------------------

HuffPost Women
-----------------------------

PBS News Hour
-----------------------------

ATTN:
-----------------------------
$VAR1 = {
          'link' => 'http://www.attn.com/stories/13928/four-body-language-cues-that-expose-deceptive-people?utm_source=facebook&utm_medium=post&utm_campaign=internal',
          'caption' => 'attn.com',
          'created_time' => '2017-01-03T01:21:00+0000',
          'name' => 'Untrustworthy People Do These 4 Things When They Talk to You',
          'id' => '160389977329803_1243840988984691',
          'message' => 'Can you tell which strangers you can trust?'
        };

Domain: attn.com

Reuters
-----------------------------

NowThis
-----------------------------
$VAR1 = {
          'link' => 'https://www.facebook.com/NowThisNews/videos/1387067278001115/',
          'created_time' => '2017-01-03T01:30:00+0000',
          'name' => 'The Mannequin Challenge Has Reached The ISS',
          'id' => '341163402640457_1387067278001115',
          'message' => 'Astronauts did the #MannequinChallenge in space'
        };

Daily Caller
-----------------------------
$VAR1 = {
          'link' => 'http://trib.al/pWCpr5a',
          'caption' => 'dailycaller.com',
          'created_time' => '2017-01-03T01:26:40+0000',
          'name' => '20 States Ring In New Year With Minimum Wage Increases',
          'id' => '182919686769_10154104109441770',
          'message' => 'On Jan. 1, 2017, the minimum wage increased to $10.50 per hour in the state of California, up 50 cents from its current rate of $10 per hour.'
        };

Domain: dailycaller.com

CNBC
-----------------------------

The Onion
-----------------------------

Opposing Views
-----------------------------
$VAR1 = {
          'link' => 'http://www.americanow.com/story/crime/2017/01/02/cop-gropes-woman-and-accuses-her-drunk-driving-then-gets-some-bad-news?fb=ovThis',
          'caption' => 'americanow.com',
          'created_time' => '2017-01-03T01:20:00+0000',
          'name' => 'Cop Gropes Woman And Accuses Her Of Drunk Driving, Then Gets Some Bad News',
          'id' => '34226391050_10154396216996051',
          'message' => 'This woman was rear-ended. She called the police and assumed it would be dealt with like a normal accident. It wasn\'t. The officer accused her of being drunk and began groping her. There was just one problem.'
        };

Domain: americanow.com

the Today Show
-----------------------------

Kotaku
-----------------------------

Washington Post
-----------------------------

the American Center for Law and Justice
-----------------------------

VICE News
-----------------------------

PBS
-----------------------------

Mother Jones
-----------------------------

HuffPost Good News
-----------------------------

BBC News
-----------------------------

Breaking News
-----------------------------

The Verge
-----------------------------

New York Magazine
-----------------------------
$VAR1 = {
          'link' => 'http://nym.ag/2hKFy6A',
          'caption' => 'nymag.com',
          'created_time' => '2017-01-03T01:22:16+0000',
          'name' => 'This Orange Is the New Black Engagement Story Is Adorable',
          'id' => '14516439825_10154919950234826',
          'message' => "\"She was so shocked that I couldn\x{2019}t get her to stop crying.\""
        };

Domain: nymag.com

TIME
-----------------------------

the Business Insider
-----------------------------

ThinkProgress
-----------------------------

POLITICO
-----------------------------

USA TODAY
-----------------------------
$VAR1 = {
          'link' => 'http://usat.ly/2iYbaTX',
          'caption' => 'usatoday.com',
          'created_time' => '2017-01-03T01:18:50+0000',
          'name' => 'North Korea says intercontinental missile is near. Trump says \'It won\'t happen!\'',
          'id' => '13652355666_10154244984330667',
          'message' => 'Trump on North Korea\'s missile claims: \'It won\'t happen!\''
        };

Domain: usatoday.com
Response:
{"error":{"message":"It looks like you were misusing this feature by going too fast. You\u2019ve been blocked from using it.\n\nLearn more about blocks in the Help Center.","type":"OAuthException","code":368,"error_subcode":1390008,"error_user_msg":"","fbtrace_id":"FAZUBE8ETs7"}}

Facebook ran into an error and the post was not published. Zach Muckerberg please fix. Try again in a few hours.

