***********************************************************************************
Started at 19:45:01 on 11/19/2016
***********************************************************************************
Querying souces from the past 15 minutes....

Al Jazeera
-----------------------------

Upworthy
-----------------------------
$VAR1 = {
          'link' => 'https://www.facebook.com/Upworthy/videos/1528093123898207/',
          'created_time' => '2016-12-20T00:41:00+0000',
          'id' => '354522044588660_1528093123898207',
          'message' => 'This mockumentary is bringing some humor to the reality of climate change. (via Cool Effect)'
        };

The Huffington Post
-----------------------------
$VAR1 = {
          'link' => 'http://huff.to/2h438uo',
          'caption' => 'huffingtonpost.com',
          'created_time' => '2016-12-20T00:36:26+0000',
          'name' => 'Nurx App Is Giving Away Free Birth Control In Donald Trump\'s Name',
          'id' => '18468761129_10154529080491130',
          'message' => "\x{201c}Women should be able to access birth control on their own terms.\x{201d}"
        };

Domain: huffingtonpost.com
Response:
{"id":"1622501708043673_1634632016830642"}

HuffPost Women
-----------------------------
$VAR1 = {
          'link' => 'http://huff.to/2i09CMF',
          'caption' => 'huffingtonpost.com',
          'created_time' => '2016-12-20T00:30:14+0000',
          'name' => 'The \'Hamilton\'-Themed Hanukkah Video You Didn\'t Know You Needed',
          'id' => '153213781413350_1244607298940654',
          'message' => 'Amazing.'
        };

Domain: huffingtonpost.com
Response:
{"id":"1622501708043673_1634632120163965"}

PBS News Hour
-----------------------------

ATTN:
-----------------------------
$VAR1 = {
          'link' => 'http://www.attn.com/stories/13702/donald-trump-private-security-force-white-house?utm_source=facebook&utm_medium=post&utm_campaign=internal',
          'caption' => 'attn.com',
          'created_time' => '2016-12-20T00:41:05+0000',
          'name' => "Trump's Presidential Security Will Look Different Than Any Other Presidents\x{2019}",
          'id' => '160389977329803_1229719213730202',
          'message' => 'President-elect Trump is breaking away from another presidential tradition.'
        };

Domain: attn.com

Reuters
-----------------------------

NowThis
-----------------------------

Daily Caller
-----------------------------
$VAR1 = {
          'link' => 'http://trib.al/NVGGaST',
          'caption' => 'dailycaller.com',
          'created_time' => '2016-12-20T00:44:13+0000',
          'name' => 'Michelle Obama Has Something To Say About Being Called An \'Angry Black Woman\'',
          'id' => '182919686769_10154062309721770',
          'message' => 'Michelle Obama is responding to people who said she was "an angry black woman."'
        };

Domain: dailycaller.com
$VAR1 = {
          'link' => 'http://trib.al/aLFjgUt',
          'caption' => 'dailycaller.com',
          'created_time' => '2016-12-20T00:31:07+0000',
          'name' => "Rob Schneider Tweets About Russia Hacks \x{2014} Sends Anti-Trumpers Into Full-On Freak Out Mode [VIDEO]",
          'id' => '182919686769_10154062285391770',
          'message' => 'Rob Schneider has Trump\'s back: "Blaming the Russians for losing the election is like..."'
        };

Domain: dailycaller.com

CNBC
-----------------------------
$VAR1 = {
          'link' => 'http://cnb.cx/2i7YLMK',
          'caption' => 'cnbc.com',
          'created_time' => '2016-12-20T00:42:58+0000',
          'name' => 'Trump\'s hardline budget director choice may clash on campaign promises',
          'id' => '97212224368_10155012972084369',
          'message' => 'Donald J. Trump, who once called himself the "king of debt," just picked a fiscal hardliner to run his budget.'
        };

Domain: cnbc.com

The Onion
-----------------------------
$VAR1 = {
          'link' => 'http://trib.al/YK9UFfh',
          'created_time' => '2016-12-20T00:34:00+0000',
          'name' => 'The A.V. Club',
          'id' => '20950654496_10154955380764497',
          'message' => 'Via The A.V. Club:'
        };

Opposing Views
-----------------------------

the Today Show
-----------------------------

Kotaku
-----------------------------
$VAR1 = {
          'link' => 'http://trib.al/iXoj4pm',
          'caption' => 'kotaku.com',
          'created_time' => '2016-12-20T00:36:58+0000',
          'name' => 'Every Rogue One Shot That Was In The Trailers, But Not The Movie',
          'id' => '273824104039_10154942623329040',
          'message' => 'Well, none of this stuff actually happened.'
        };

Domain: kotaku.com

Washington Post
-----------------------------

the American Center for Law and Justice
-----------------------------

VICE News
-----------------------------

PBS
-----------------------------

Mother Jones
-----------------------------

HuffPost Good News
-----------------------------
$VAR1 = {
          'link' => 'http://huff.to/2hO0jPp',
          'caption' => 'huffingtonpost.com',
          'created_time' => '2016-12-20T00:43:05+0000',
          'name' => 'These Sikh Bhangra Dancers Will Shovel Away Your Winter Blues',
          'id' => '202163013203224_1229590923793756',
          'message' => 'This oughtta get you in the holiday spirit!'
        };

Domain: huffingtonpost.com
Response:
{"id":"1622501708043673_1634632273497283"}

BBC News
-----------------------------

Breaking News
-----------------------------

The Verge
-----------------------------
$VAR1 = {
          'link' => 'http://www.theverge.com/2016/12/19/14017952/apple-ceo-tim-cook-imac-mac-pro-desktop-computers',
          'caption' => 'theverge.com',
          'created_time' => '2016-12-20T00:36:57+0000',
          'name' => "Tim Cook says \x{2018}great desktop\x{2019} Macs are in the works",
          'id' => '193742123995472_1290909240945416',
          'message' => 'It\'s been three years since the Mac Pro got an update.'
        };

Domain: theverge.com

New York Magazine
-----------------------------

TIME
-----------------------------
$VAR1 = {
          'link' => 'http://ti.me/2h35Nod',
          'caption' => 'time.com',
          'created_time' => '2016-12-20T00:30:17+0000',
          'name' => 'Watch Mariah Carey Throw Shade at Demi Lovato and Ariana Grande',
          'id' => '10606591490_10154275241381491',
          'message' => 'Mariah Carey used her classic "I don\'t know her" comment when asked about what she thought of certain pop stars.'
        };

Domain: time.com

the Business Insider
-----------------------------
$VAR1 = {
          'link' => 'http://read.bi/2i36PSZ',
          'caption' => 'businessinsider.com',
          'created_time' => '2016-12-20T00:40:15+0000',
          'name' => "Apple CEO Tim Cook on meeting with Trump: 'You don\x{2019}t change things by just yelling'",
          'id' => '20446254070_10154203722789071',
          'message' => 'It\'s important to engage with Trump, Tim Cook says.'
        };

Domain: businessinsider.com

ThinkProgress
-----------------------------

POLITICO
-----------------------------
$VAR1 = {
          'link' => 'http://politi.co/2i8UlFv',
          'caption' => 'politi.co',
          'created_time' => '2016-12-20T00:35:07+0000',
          'name' => "\x{2018}Everything feels relatively existential now\x{2019}",
          'id' => '62317591679_10154110586641680',
          'message' => 'How can Democrats rebuild after Donald J. Trump\'s 2016 rout of Hillary Clinton? POLITICO Magazine asked four smart observers to hash it out.'
        };

Domain: politi.co

Alias: politico.com
Response:
{"id":"1622501708043673_1634632330163944"}

USA TODAY
-----------------------------
$VAR1 = {
          'link' => 'http://www.usatoday.com/story/money/2016/12/19/platinum-partners-execs-charged-1b-fraud/95605808/',
          'caption' => 'usatoday.com',
          'created_time' => '2016-12-20T00:32:00+0000',
          'name' => 'Platinum Partners execs charged in $1B securities fraud',
          'id' => '13652355666_10154184496960667',
          'message' => 'It\'s one of the largest alleged scams since Bernard Madoff\'s notorious Ponzi scheme.'
        };

Domain: usatoday.com
Response:
{"id":"1622501708043673_1634632380163939"}

American News
-----------------------------

ABC News
-----------------------------

HuffPost Politics
-----------------------------
$VAR1 = {
          'link' => 'http://huff.to/2hN9Rb7',
          'caption' => 'm.huffpost.com',
          'created_time' => '2016-12-20T00:30:30+0000',
          'name' => 'Bill Clinton Tears Up After Casting Electoral Vote For Hillary',
          'id' => '56845382910_10154622031382911',
          'message' => "Despite everything, Hillary Clinton still won the popular vote by nearly 3 million votes, something the former president says makes him \x{201c}very proud.\x{201d}"
        };

Domain: huffpost.com

NBC News
-----------------------------
$VAR1 = {
          'link' => 'http://nbcnews.to/2hBr4X1',
          'caption' => 'nbcnews.com',
          'created_time' => '2016-12-20T00:40:03+0000',
          'name' => 'Firefighters union backs Tom Perez for DNC chair',
          'id' => '155869377766434_1627727483913942',
          'message' => 'The main union representing American firefighters has placed itself on a collision course with the AFL-CIO in the race for the next chair of the DNC.'
        };

Domain: nbcnews.com
Response:
{"id":"1622501708043673_1634632476830596"}

AJ+
-----------------------------

Wikileaks
-----------------------------

CNNMoney
-----------------------------
$VAR1 = {
          'link' => 'http://cnnmon.ie/2h3P5qs',
          'caption' => 'money.cnn.com',
          'created_time' => '2016-12-20T00:45:00+0000',
          'name' => 'Millennials are harnessing their best retirement weapon',
          'id' => '6651543066_10154204133318067',
          'message' => 'The kids are, in fact, all right. http://cnnmon.ie/2h3P5qs via The Motley Fool'
        };

Domain: cnn.com
Response:
{"id":"1622501708043673_1634632523497258"}

ABC News Politics
-----------------------------

Right Wing News
-----------------------------

The Wall Street Journal
-----------------------------
$VAR1 = {
          'link' => 'http://on.wsj.com/2hNeLog',
          'caption' => 'wsj.com',
          'created_time' => '2016-12-20T00:30:34+0000',
          'name' => 'Alcohol Poisoning Death Toll Rises to 49 in Russian City',
          'id' => '8304333127_10155138981273128',
          'message' => 'The death toll from alcohol poisoning in a Siberian city has risen to at least 49 Monday after the victims consumed a counterfeit bath lotion containing deadly methanol.'
        };

Domain: wsj.com
Response:
{"id":"1622501708043673_1634632593497251"}

MSNBC
-----------------------------

the Drudge Report
-----------------------------

Mic
-----------------------------

The Economist
-----------------------------

Bloomberg Politics
-----------------------------

CBS News
-----------------------------
$VAR1 = {
          'link' => 'http://cbsn.ws/2hNqmUq',
          'caption' => 'www.cbsnews.com',
          'created_time' => '2016-12-20T00:34:04+0000',
          'name' => 'Children suffer from lead poisoning in 3,000 U.S. neighborhoods',
          'id' => '131459315949_10154187069670950',
          'message' => 'A new analysis found 3,000 American neighborhoods where children had double the level of lead poisoning than what was found in Flint, Michigan.'
        };

Domain: cbsnews.com
Response:
{"id":"1622501708043673_1634632650163912"}

The Young Turks
-----------------------------

Occupy Democrats
-----------------------------
$VAR1 = {
          'link' => 'http://occupydemocrats.com/2016/12/20/republican-congressman-just-gave-scary-preview-obamacare-replacement/',
          'caption' => 'occupydemocrats.com',
          'created_time' => '2016-12-20T00:32:16+0000',
          'name' => 'A Republican Congressman Just Gave A SCARY Preview of Obamacare Replacement',
          'id' => '346937065399354_1358393587587025',
          'message' => 'Yes, he really said this.'
        };

Domain: occupydemocrats.com

CBC News
-----------------------------

Newsweek
-----------------------------
$VAR1 = {
          'link' => 'http://www.newsweek.com/merriam-webster-word-year-533809',
          'caption' => 'newsweek.com',
          'created_time' => '2016-12-20T00:37:01+0000',
          'name' => 'Merriam-Webster\'s word of the year perfectly describes 2016',
          'id' => '18343191100_10154701345311101',
          'message' => '"Surreal" pretty much sums up 2016.'
        };

Domain: newsweek.com

CNN International
-----------------------------

The New Yorker
-----------------------------

Rush Limbaugh
-----------------------------

The Independent
-----------------------------

TheBlaze
-----------------------------

NPR Politics
-----------------------------

The New York Times
-----------------------------

NPR
-----------------------------

MSN
-----------------------------

CNN Politics
-----------------------------

The Daily Show
-----------------------------

Daily Kos
-----------------------------

Yahoo News
-----------------------------
$VAR1 = {
          'link' => 'https://yhoo.it/2hLL1Iv',
          'created_time' => '2016-12-20T00:40:00+0000',
          'name' => 'Yahoo Finance',
          'id' => '338028696036_10155007610431037'
        };

The Guardian
-----------------------------

CNN
-----------------------------

Slate.com
-----------------------------

the AP
-----------------------------

Sean Hannity
-----------------------------

The Ed Schultz Show
-----------------------------

The Atlantic
-----------------------------
$VAR1 = {
          'link' => 'http://theatln.tc/2i2XcUl',
          'caption' => 'theatlantic.com',
          'created_time' => '2016-12-20T00:37:44+0000',
          'name' => 'What Are Turkey and Russia Doing in Syria?',
          'id' => '29259828486_10154927004103487',
          'message' => "Monday\x{2019}s attack took place in a context of spillover from the Syrian conflict into Turkey"
        };

Domain: theatlantic.com

Bloomberg
-----------------------------

BuzzFeed
-----------------------------

Fox News
-----------------------------
$VAR1 = {
          'link' => 'https://www.facebook.com/FoxNews/videos/10154912234801336/',
          'created_time' => '2016-12-20T00:45:00+0000',
          'id' => '15704546335_10154912234801336',
          'message' => "\x{201c}This is my America!\x{201d}

WATCH: A protester became enraged and began shouting at Wisconsin's 10 electors after they cast their votes for President-elect Donald J. Trump. http://bit.ly/2h3ILhc"
        };

VICE
-----------------------------

Glenn Beck
-----------------------------

The Other 98%
-----------------------------


Total Posts Made:	9


