***********************************************************************************
Started at 03:30:01 on 00/07/2017
***********************************************************************************
Querying souces from the past 15 minutes....

Al Jazeera
-----------------------------
$VAR1 = {
          'link' => 'http://aje.io/6sd2',
          'caption' => 'aljazeera.com',
          'created_time' => '2017-01-07T08:30:11+0000',
          'name' => 'President Tsai Ing-wen heads to US amid China dispute',
          'id' => '7382473689_10155077819043690',
          'message' => 'She is to transit in Houston this weekend and return to Taipei via San Francisco next weekend http://aje.io/6sd2'
        };

Domain: aljazeera.com
Response:
{"id":"1622501708043673_1640892709537906"}

Upworthy
-----------------------------

The Huffington Post
-----------------------------

HuffPost Women
-----------------------------

PBS News Hour
-----------------------------

ATTN:
-----------------------------

Reuters
-----------------------------

NowThis
-----------------------------

Daily Caller
-----------------------------

CNBC
-----------------------------

The Onion
-----------------------------

Opposing Views
-----------------------------

the Today Show
-----------------------------

Kotaku
-----------------------------

Washington Post
-----------------------------

the American Center for Law and Justice
-----------------------------

VICE News
-----------------------------

PBS
-----------------------------

Mother Jones
-----------------------------

HuffPost Good News
-----------------------------

BBC News
-----------------------------
$VAR1 = {
          'link' => 'http://bbc.in/2imIrrL',
          'caption' => 'bbc.co.uk',
          'created_time' => '2017-01-07T08:26:28+0000',
          'name' => 'Fort Lauderdale airport: suspect held after five killed',
          'id' => '228735667216_10154282700542217',
          'message' => "Shooting suspect, Esteban Santiago:
\x{2022} previously reported himself to FBI \x{2013} Federal Bureau of Investigation
\x{2022} Iraq war veteran
\x{2022} general discharge from military for unsatisfactory performance"
        };

Domain: bbc.co.uk
Response:
{"id":"1622501708043673_1640892759537901"}

Breaking News
-----------------------------

The Verge
-----------------------------

New York Magazine
-----------------------------

TIME
-----------------------------

the Business Insider
-----------------------------
$VAR1 = {
          'link' => 'http://read.bi/2iKJ2GT',
          'caption' => 'businessinsider.com',
          'created_time' => '2017-01-07T08:19:53+0000',
          'name' => 'This three-screen laptop is both amazing and ridiculous',
          'id' => '20446254070_10154264511529071',
          'message' => 'That\'s agressive.'
        };

Domain: businessinsider.com

ThinkProgress
-----------------------------

POLITICO
-----------------------------

USA TODAY
-----------------------------
$VAR1 = {
          'link' => 'http://www.usatoday.com/story/news/nation-now/2017/01/06/gas-price-protesters-block-trains-ariz-mexico-border/96279746/',
          'caption' => 'usatoday.com',
          'created_time' => '2017-01-07T08:30:00+0000',
          'name' => 'Gas-price protesters block trains at Ariz.-Mexico border',
          'id' => '13652355666_10154258649825667',
          'message' => 'Border residents fear the jump in gas prices could hurt businesses on the U.S. side that depend on cross-border shoppers.'
        };

Domain: usatoday.com
Response:
{"id":"1622501708043673_1640892802871230"}

American News
-----------------------------

ABC News
-----------------------------
$VAR1 = {
          'link' => 'http://abcn.ws/2iMzOKp',
          'caption' => 'abcnews.go.com',
          'created_time' => '2017-01-07T08:25:51+0000',
          'name' => 'Veteran Allegedly Kills 5 in Airport Shooting, Terrorism Not Ruled Out',
          'id' => '86680728811_10155230844318812',
          'message' => 'JUST IN: Broward Co. Sheriff books suspected Fort Lauderdale gunman Esteban Santiago on murder charge, and releases mug shot'
        };

Domain: go.com
Response:
{"id":"1622501708043673_1640892879537889"}

HuffPost Politics
-----------------------------

NBC News
-----------------------------

AJ+
-----------------------------

Wikileaks
-----------------------------

CNNMoney
-----------------------------

ABC News Politics
-----------------------------

Right Wing News
-----------------------------

The Wall Street Journal
-----------------------------

MSNBC
-----------------------------

the Drudge Report
-----------------------------

Mic
-----------------------------

The Economist
-----------------------------
$VAR1 = {
          'link' => 'http://econ.st/2i19YkO',
          'caption' => 'theworldin.com',
          'created_time' => '2017-01-07T08:28:47+0000',
          'name' => 'How to judge whether Britain\'s EU divorce will be "hard" or "soft"',
          'id' => '6013004059_10154968586234060',
          'message' => 'Here are eight signs to watch to determine whether Britain opts for a "hard" or a "soft" Brexit in 2017'
        };

Domain: theworldin.com

Bloomberg Politics
-----------------------------

CBS News
-----------------------------
$VAR1 = {
          'link' => 'http://cbsn.ws/2hYEeyy',
          'caption' => 'www.cbsnews.com',
          'created_time' => '2017-01-07T08:30:02+0000',
          'name' => 'Police taking statements about George Michael\'s death',
          'id' => '131459315949_10154243873105950',
          'message' => 'British police seeking to establish facts about the Christmas Day death of George Michael are taking statements about the case.'
        };

Domain: cbsnews.com
Response:
{"id":"1622501708043673_1640892959537881"}

The Young Turks
-----------------------------

Occupy Democrats
-----------------------------

CBC News
-----------------------------

Newsweek
-----------------------------

CNN International
-----------------------------

The New Yorker
-----------------------------

Rush Limbaugh
-----------------------------

The Independent
-----------------------------
$VAR1 = {
          'link' => 'https://www.indy100.com/article/a-map-of-the-countries-that-speak-the-best-english-7421281',
          'caption' => 'indy100.com',
          'created_time' => '2017-01-07T08:21:00+0000',
          'name' => 'A map of the countries that speak the best English',
          'id' => '13312631635_10154364972316636',
          'message' => 'Good to know'
        };

Domain: indy100.com

TheBlaze
-----------------------------

NPR Politics
-----------------------------

The New York Times
-----------------------------

NPR
-----------------------------

MSN
-----------------------------

CNN Politics
-----------------------------

The Daily Show
-----------------------------

Daily Kos
-----------------------------

Yahoo News
-----------------------------
$VAR1 = {
          'link' => 'https://yhoo.it/2hYzdku',
          'caption' => 'yahoo.com',
          'created_time' => '2017-01-07T08:20:01+0000',
          'name' => 'Former CIA director slams Trump\'s \'unprecedented\' rift with the intel community',
          'id' => '338028696036_10155080840621037',
          'message' => '"I\'ve been in public service for over 50 years. I have never seen anything like this in my lifetime."'
        };

Domain: yahoo.com
Response:
{"id":"1622501708043673_1640893039537873"}
$VAR1 = {
          'link' => 'https://yhoo.it/2jmabku',
          'caption' => 'yahoo.com',
          'created_time' => '2017-01-07T08:16:32+0000',
          'name' => 'Report on election hacking says Russia plans to do more',
          'id' => '338028696036_10155080835241037',
          'message' => "Awkward for Trump: Russia\x{2019}s meddling in the 2016 election \"could provide material for future influence efforts as well as foreign intelligence collection on the incoming administration's goals and plans,\" says the new intelligence report of Russia\x{2019}s hacking initiatives."
        };

Domain: yahoo.com
Response:
{"id":"1622501708043673_1640893132871197"}

The Guardian
-----------------------------
$VAR1 = {
          'link' => 'https://www.theguardian.com/lifeandstyle/lostinshowbiz/2017/jan/05/call-matt-damon-get-ready-for-brexit-the-movie-farage?CMP=fb_gu',
          'caption' => 'theguardian.com',
          'created_time' => '2017-01-07T08:20:01+0000',
          'name' => "Calling Matt Damon! Get ready for Brexit \x{2013} The Movie",
          'id' => '10513336322_10154926845981323',
          'message' => '"Who could fail to enjoy the developing stories of the Brexit movie?"'
        };

Domain: theguardian.com
Response:
{"id":"1622501708043673_1640893266204517"}

CNN
-----------------------------

Slate.com
-----------------------------

the AP
-----------------------------

Sean Hannity
-----------------------------

The Ed Schultz Show
-----------------------------

The Atlantic
-----------------------------

Bloomberg
-----------------------------

BuzzFeed
-----------------------------

Fox News
-----------------------------

VICE
-----------------------------

Glenn Beck
-----------------------------

The Other 98%
-----------------------------


Total Posts Made:	8


