***********************************************************************************
Started at 06:00:01 on 00/24/2017
***********************************************************************************
Querying souces from the past 15 minutes....

Al Jazeera
-----------------------------
$VAR1 = {
          'link' => 'http://www.aljazeera.com/programmes/rewind/2017/01/seeds-change-revisiting-egypt-april-6-activists-170124035054372.html',
          'caption' => 'aljazeera.com',
          'created_time' => '2017-01-24T11:00:01+0000',
          'name' => 'What became of Egypt\'s April 6 Youth Movement?',
          'id' => '7382473689_10155141840698690',
          'message' => 'At the beginning of the Arab Spring, we gained access to the activists behind Egypt\'s protests. What has become of them since then?
(via Rewind)'
        };

Domain: aljazeera.com
Response:
{"id":"1622501708043673_1647582905535553"}

Upworthy
-----------------------------

The Huffington Post
-----------------------------

HuffPost Women
-----------------------------

PBS News Hour
-----------------------------

ATTN:
-----------------------------

Reuters
-----------------------------
$VAR1 = {
          'link' => 'http://reut.rs/2j02Jf9',
          'caption' => 'reuters.com',
          'created_time' => '2017-01-24T10:50:16+0000',
          'name' => 'China says will protect South China Sea sovereignty',
          'id' => '114050161948682_1370768432943509',
          'message' => 'China said on Tuesday it had "irrefutable" sovereignty over disputed islands in the South China Sea after the White House vowed to defend "international territories" in the strategic waterway. More details: http://reut.rs/2j02Jf9'
        };

Domain: reuters.com

NowThis
-----------------------------

Daily Caller
-----------------------------

CNBC
-----------------------------

The Onion
-----------------------------

Opposing Views
-----------------------------

the Today Show
-----------------------------

Kotaku
-----------------------------

Washington Post
-----------------------------
$VAR1 = {
          'link' => 'https://www.washingtonpost.com/news/speaking-of-science/wp/2017/01/23/dear-science-why-is-everything-backwards-in-a-mirror/?tid=sm_fb&utm_term=.8d86f74eae0a',
          'caption' => 'washingtonpost.com',
          'created_time' => '2017-01-24T11:00:00+0000',
          'name' => 'Dear Science: Why is everything backward in a mirror?',
          'id' => '6250307292_10154695190012293',
          'message' => 'What you see, isn\'t always the truth.'
        };

Domain: washingtonpost.com
Response:
{"id":"1622501708043673_1647582995535544"}

the American Center for Law and Justice
-----------------------------

VICE News
-----------------------------
$VAR1 = {
          'link' => 'https://news.vice.com/story/living-on-a-farm-is-an-alternative-to-psychiatric-care?utm_source=vicenewsfb',
          'caption' => 'news.vice.com',
          'created_time' => '2017-01-24T10:59:00+0000',
          'name' => 'How therapeutic farms are helping Americans with mental illnesses',
          'id' => '235852889908002_727677267392226',
          'message' => "Now, many of the country\x{2019}s mentally ill are on the streets or in prison."
        };

Domain: vice.com

PBS
-----------------------------

Mother Jones
-----------------------------

HuffPost Good News
-----------------------------

BBC News
-----------------------------
$VAR1 = {
          'link' => 'http://bbc.in/2jXtjoY',
          'caption' => 'bbc.co.uk',
          'created_time' => '2017-01-24T10:45:52+0000',
          'name' => 'US comedy writer \'suspended\' over Barron Trump jibe',
          'id' => '228735667216_10154335950417217',
          'message' => 'Saturday Night Live\'s Katie Rich had said Donald J. Trump\'s youngest son "will be this country\'s first home-school shooter".'
        };

Domain: bbc.co.uk
Response:
{"id":"1622501708043673_1647583095535534"}

Breaking News
-----------------------------

The Verge
-----------------------------
$VAR1 = {
          'link' => 'http://www.theverge.com/circuitbreaker/2017/1/24/14368698/pocket-drum-machine-synthesizer-pocket-operator-32',
          'caption' => 'theverge.com',
          'created_time' => '2017-01-24T10:45:55+0000',
          'name' => 'The PO-32 is a pocket drum machine that can transfer beats and loops over the air',
          'id' => '193742123995472_1324326610937012',
          'message' => 'This. Looks. Amazing.'
        };

Domain: theverge.com

New York Magazine
-----------------------------

TIME
-----------------------------

the Business Insider
-----------------------------

ThinkProgress
-----------------------------

POLITICO
-----------------------------
$VAR1 = {
          'link' => 'http://politi.co/2jXuRiS',
          'caption' => 'politi.co',
          'created_time' => '2017-01-24T10:50:07+0000',
          'name' => 'How Trump Could Shrink the Government (While Still Keeping the Good Stuff)',
          'id' => '62317591679_10154226795911680',
          'message' => 'Donald J. Trump\'s political brand is about fighting and winning, and he has promised to fight and win a war on big government, via POLITICO Magazine.'
        };

Domain: politi.co

Alias: politico.com
Response:
{"id":"1622501708043673_1647583228868854"}

USA TODAY
-----------------------------
$VAR1 = {
          'link' => 'http://www.usatoday.com/story/news/2017/01/23/second-hearing-trump-education-nominee/96959248/',
          'caption' => 'usatoday.com',
          'created_time' => '2017-01-24T11:00:00+0000',
          'name' => 'GOP Senate chair rejects Democrats\' bid for second hearing on Trump education nominee',
          'id' => '13652355666_10154328723835667',
          'message' => "A vote on DeVos\x{2019} confirmation, originally scheduled for Tuesday, had already been delayed until Jan. 31."
        };

Domain: usatoday.com
Response:
{"id":"1622501708043673_1647583328868844"}

American News
-----------------------------

ABC News
-----------------------------

HuffPost Politics
-----------------------------

NBC News
-----------------------------

AJ+
-----------------------------

Wikileaks
-----------------------------

CNNMoney
-----------------------------
$VAR1 = {
          'link' => 'https://www.facebook.com/cnnmoney/photos/a.453210248066.248650.6651543066/10154311350373067/?type=3',
          'created_time' => '2017-01-24T10:51:01+0000',
          'name' => 'Timeline Photos',
          'id' => '6651543066_10154311350373067',
          'message' => 'Avoid being scammed. 5 things debt collectors can (and cannot) do: http://cnnmon.ie/2k5f9PY'
        };

ABC News Politics
-----------------------------

Right Wing News
-----------------------------

The Wall Street Journal
-----------------------------
$VAR1 = {
          'link' => 'http://on.wsj.com/2kcFeww',
          'caption' => 'wsj.com',
          'created_time' => '2017-01-24T10:50:29+0000',
          'name' => "A 100,000-Year Tomb for Finland\x{2019}s Nuclear Waste",
          'id' => '8304333127_10155346300738128',
          'message' => 'The Finns have what the rest of the world is looking for: a tomb to bury their nuclear waste for 100,000 years.'
        };

Domain: wsj.com
Response:
{"id":"1622501708043673_1647583545535489"}

MSNBC
-----------------------------

the Drudge Report
-----------------------------

Mic
-----------------------------

The Economist
-----------------------------

Bloomberg Politics
-----------------------------
$VAR1 = {
          'link' => 'http://bloom.bg/2jMFUZs',
          'caption' => 'bloomberg.com',
          'created_time' => '2017-01-24T11:00:06+0000',
          'name' => 'Inside the Mind of Treasury Nominee Steven Mnuchin',
          'id' => '1481073582140028_1873619056218810',
          'message' => "He says an \x{201c}excessively strong dollar\x{201d} could hurt the U.S. economy."
        };

Domain: bloomberg.com
Response:
{"id":"1622501708043673_1647583908868786"}

CBS News
-----------------------------
$VAR1 = {
          'link' => 'http://cbsn.ws/2kkKqBV',
          'caption' => 'www.cbsnews.com',
          'created_time' => '2017-01-24T11:00:03+0000',
          'name' => 'What is the Mexico City Policy?',
          'id' => '131459315949_10154299481985950',
          'message' => 'Among the three executive orders President Trump signed Monday was one reinstating the Mexico City Policy, which deals with non-governmental organizations (NGOs) and abortion access.'
        };

Domain: cbsnews.com
Response:
{"id":"1622501708043673_1647583995535444"}

The Young Turks
-----------------------------

Occupy Democrats
-----------------------------

CBC News
-----------------------------
$VAR1 = {
          'link' => 'http://www.cbc.ca/news/business/financial-markets-monday-1.3948468?cmp=rss',
          'caption' => 'cbc.ca',
          'created_time' => '2017-01-24T11:00:00+0000',
          'name' => 'Trump\'s busy \'Day 1\' takes Wall Street for a ride',
          'id' => '5823419603_10155084283284604',
          'message' => 'Here we go.'
        };

Newsweek
-----------------------------
$VAR1 = {
          'link' => 'https://www.google.co.uk/amp/www.newsweek.com/trump-isolationism-china-southeast-asia-influence-544801%3Famp%3D1?client=ms-android-samsung',
          'caption' => 'newsweek.com',
          'created_time' => '2017-01-24T11:00:00+0000',
          'name' => 'President Trump\'s isolationism will allow China to dominate Southeast Asia',
          'id' => '18343191100_10154816715476101',
          'message' => "Yesterday, Trump pulled the U.S. out of the Trans-Pacific Partnership\x{2014}handing China the opportunity to tilt the power balance of Asia in its favor."
        };

Domain: newsweek.com

CNN International
-----------------------------
$VAR1 = {
          'link' => 'http://cnn.it/2iZJuSR',
          'caption' => 'www.cnn.com',
          'created_time' => '2017-01-24T10:50:01+0000',
          'name' => 'March spurs efforts to get more women to run for office',
          'id' => '18793419640_10154938487969641',
          'message' => 'The massive turnout has forced Democrats to rapidly find ways to channel the energy into a sustained movement before the moment is lost.'
        };

Domain: cnn.com
Response:
{"id":"1622501708043673_1647584202202090"}

The New Yorker
-----------------------------

Rush Limbaugh
-----------------------------

The Independent
-----------------------------
$VAR1 = {
          'link' => 'https://www.indy100.com/article/melania-trump-donald-inauguration-45th-president-united-states-washington-7542816',
          'caption' => 'indy100.com',
          'created_time' => '2017-01-24T10:55:17+0000',
          'name' => 'People are obsessed with this disturbing gif of Melania Trump',
          'id' => '13312631635_10154422880256636',
          'message' => 'You won\'t be able to look away'
        };

Domain: indy100.com

TheBlaze
-----------------------------

NPR Politics
-----------------------------

The New York Times
-----------------------------
$VAR1 = {
          'link' => 'https://www.nytimes.com/2017/01/23/world/asia/china-tanka-river-people-datang.html?smid=fb-nytimes&smtyp=cur',
          'caption' => 'nytimes.com',
          'created_time' => '2017-01-24T10:55:03+0000',
          'name' => 'In China, an Ancient People Watch Their Floating Life Dissolve',
          'id' => '5281959998_10151058826554999',
          'message' => '"Now there are fewer fish. Life is hard. But we\'ve got no education. All we can do is fish."'
        };

Domain: nytimes.com
Response:
{"id":"1622501708043673_1647584422202068"}

NPR
-----------------------------

MSN
-----------------------------
$VAR1 = {
          'link' => 'http://msn.com/en-us/news/politics/crowd-controversy-the-making-of-an-inauguration-day-photo/ar-AAm9LFP?ocid=ob-fb-enus-280',
          'caption' => 'msn.com',
          'created_time' => '2017-01-24T10:57:18+0000',
          'name' => 'Crowd controversy: The making of an Inauguration Day photo',
          'id' => '49940376408_10154247791871409'
        };

Domain: msn.com

CNN Politics
-----------------------------
$VAR1 = {
          'link' => 'http://cnn.it/2k8Yo6q',
          'caption' => 'www.cnn.com',
          'created_time' => '2017-01-24T10:58:00+0000',
          'name' => 'US orders first drone strikes under Trump',
          'id' => '219367258105115_1472540702787758',
          'message' => 'The US carried out "targeted drone strikes" in Yemen over the weekend, according to a US official.'
        };

Domain: cnn.com
Response:
{"id":"1622501708043673_1647584572202053"}

The Daily Show
-----------------------------

Daily Kos
-----------------------------

Yahoo News
-----------------------------
$VAR1 = {
          'link' => 'https://yhoo.it/2k8Simu',
          'caption' => 'yahoo.com',
          'created_time' => '2017-01-24T11:00:19+0000',
          'name' => 'Man gets life in prison for murdering girlfriend, two children',
          'id' => '338028696036_10155153391401037',
          'message' => 'He received an additional 20 years for the sexual assault of an 8-year-old girl.'
        };

Domain: yahoo.com
Response:
{"id":"1622501708043673_1647584808868696"}

The Guardian
-----------------------------
$VAR1 = {
          'link' => 'https://www.theguardian.com/commentisfree/2017/jan/23/complaining-brexit-economic-benefits-government-cost-of-living-multinationals?CMP=fb_gu',
          'caption' => 'theguardian.com',
          'created_time' => '2017-01-24T11:00:01+0000',
          'name' => "Stop complaining about Brexit \x{2013} the economic benefits will be huge",
          'id' => '10513336322_10154992951386323',
          'message' => "\"While there has been much hand-wringing and angst about the upcoming negotiations, they pale into insignificance beside the manifest economic benefits that will flow from Brexit \x{2013} if the government does the right thing.\""
        };

Domain: theguardian.com
Response:
{"id":"1622501708043673_1647584978868679"}

CNN
-----------------------------
$VAR1 = {
          'link' => 'http://cnn.it/2kcGOyr',
          'caption' => 'www.cnn.com',
          'created_time' => '2017-01-24T10:50:03+0000',
          'name' => 'Where Trump support and Obamacare use soar',
          'id' => '5550296508_10155961839806509',
          'message' => 'Grant County, Nebraska, has the highest rate of Obamacare enrollees in the US. It also voted overwhelmingly for Donald J. Trump. A disconnect? Not to residents.'
        };

Domain: cnn.com
Response:
{"id":"1622501708043673_1647585115535332"}

Slate.com
-----------------------------

the AP
-----------------------------

Sean Hannity
-----------------------------

The Ed Schultz Show
-----------------------------

The Atlantic
-----------------------------

Bloomberg
-----------------------------

BuzzFeed
-----------------------------

Fox News
-----------------------------
$VAR1 = {
          'link' => 'http://www.foxnews.com/us/2017/01/23/supporters-guard-veterans-memorial-after-city-pulls-cross.html',
          'caption' => 'foxnews.com',
          'created_time' => '2017-01-24T11:00:00+0000',
          'name' => 'Supporters Guard Veterans Memorial After City Pulls Cross',
          'id' => '15704546335_10155035092636336',
          'message' => 'Supporters of the veterans vowed to protect the memorial and crosses from vandalism.'
        };

Domain: foxnews.com
Response:
{"id":"1622501708043673_1647585212201989"}

VICE
-----------------------------

Glenn Beck
-----------------------------

The Other 98%
-----------------------------


Total Posts Made:	15


