***********************************************************************************
Started at 00:45:01 on 00/04/2017
***********************************************************************************
Querying souces from the past 15 minutes....

Al Jazeera
-----------------------------

Upworthy
-----------------------------

The Huffington Post
-----------------------------

HuffPost Women
-----------------------------
$VAR1 = {
          'link' => 'http://huff.to/2iLYlge',
          'caption' => 'huffingtonpost.com',
          'created_time' => '2017-01-04T05:30:10+0000',
          'name' => "Debra Messing Responds To \x{2018}Will & Grace\x{2019} Revival Talk (UPDATE)",
          'id' => '153213781413350_1263177747083609',
          'message' => 'We were so excited :('
        };

Domain: huffingtonpost.com
Response:
{"id":"1622501708043673_1639832979643879"}

PBS News Hour
-----------------------------

ATTN:
-----------------------------

Reuters
-----------------------------

NowThis
-----------------------------
$VAR1 = {
          'link' => 'https://www.facebook.com/NowThisNews/videos/1291567827600005/',
          'created_time' => '2017-01-04T05:45:00+0000',
          'name' => 'Bizarre Artist Sticks Things to Face',
          'id' => '341163402640457_1291567827600005',
          'message' => 'This artist mocks selfie culture by sticking food and other strange items to his face'
        };

Daily Caller
-----------------------------
$VAR1 = {
          'link' => 'http://trib.al/SvYw0Ai',
          'caption' => 'dailycaller.com',
          'created_time' => '2017-01-04T05:34:44+0000',
          'name' => "Trump\x{2019}s Trade Representative Said True Conservatives Have Never Been For \x{2018}Free Trade\x{2019}",
          'id' => '182919686769_10154107092431770',
          'message' => 'Conservatives have always been protectionist, Trump\'s trade representative nominee says'
        };

Domain: dailycaller.com

CNBC
-----------------------------

The Onion
-----------------------------

Opposing Views
-----------------------------
$VAR1 = {
          'link' => 'http://www.americanow.com/story/politics/2017/01/03/ted-cruz-introduces-congressional-term-limits-bill?fb=ov',
          'caption' => 'americanow.com',
          'created_time' => '2017-01-04T05:45:00+0000',
          'name' => 'New Bill Would Enforce Term Limits For All Members Of Congress',
          'id' => '34226391050_10154398840226051',
          'message' => 'This new bill would enforce mandatory term limits for all members of Congress. Do you support it?'
        };

Domain: americanow.com

the Today Show
-----------------------------

Kotaku
-----------------------------

Washington Post
-----------------------------

the American Center for Law and Justice
-----------------------------

VICE News
-----------------------------

PBS
-----------------------------

Mother Jones
-----------------------------

HuffPost Good News
-----------------------------

BBC News
-----------------------------

Breaking News
-----------------------------

The Verge
-----------------------------

New York Magazine
-----------------------------

TIME
-----------------------------

the Business Insider
-----------------------------
$VAR1 = {
          'link' => 'http://read.bi/2i8N3Sw',
          'caption' => 'businessinsider.com',
          'created_time' => '2017-01-04T05:39:55+0000',
          'name' => '\'It\'s a bad idea\': CNN commentator says Trump should stop questioning US intelligence agencies',
          'id' => '20446254070_10154254857029071',
          'message' => 'This may not end well.'
        };

Domain: businessinsider.com

ThinkProgress
-----------------------------

POLITICO
-----------------------------
$VAR1 = {
          'link' => 'http://politi.co/2j7lIUV',
          'caption' => 'politi.co',
          'created_time' => '2017-01-04T05:35:06+0000',
          'name' => 'Sen. Graham on GOP move to gut ethics panel: \'Dumbest fricking thing\'',
          'id' => '62317591679_10154166214056680',
          'message' => "\x{201c}It was a dumb move by the House,\x{201d} the Republican senator said."
        };

Domain: politi.co

Alias: politico.com
Response:
{"id":"1622501708043673_1639833189643858"}

USA TODAY
-----------------------------
$VAR1 = {
          'link' => 'http://www.usatoday.com/story/tech/reviewedcom/2017/01/03/the-newest-dell-xps-13-is-also-a-tablet/96094434/',
          'caption' => 'usatoday.com',
          'created_time' => '2017-01-04T05:40:00+0000',
          'name' => 'One of the best laptops we\'ve tested is turning into a tablet',
          'id' => '13652355666_10154248061705667',
          'message' => 'For 2017, Dell\'s taken most of its awesome ultrabook formula and flipped it on its head.'
        };

Domain: usatoday.com
Response:
{"id":"1622501708043673_1639833279643849"}
$VAR1 = {
          'link' => 'http://www.usatoday.com/story/tech/columnist/2017/01/04/carnival-launches-medallions-replace-keys-wallets-tickets/96132642/',
          'caption' => 'usatoday.com',
          'created_time' => '2017-01-04T05:33:00+0000',
          'name' => 'Carnival launches medallions that replace keys, wallets, tickets',
          'id' => '13652355666_10154249023850667',
          'message' => "Carnival is launching a small next-generation wearable that\x{2019}s supposed to make your leisure time more leisurely and streamline everything you do on board the ship."
        };

Domain: usatoday.com
Response:
{"id":"1622501708043673_1639833352977175"}

American News
-----------------------------

ABC News
-----------------------------
$VAR1 = {
          'link' => 'http://abcn.ws/2hQn58q',
          'caption' => 'abcnews.go.com',
          'created_time' => '2017-01-04T05:31:05+0000',
          'name' => 'Iconic Sign Could Get Extra Security After \'HOLLYWeeD\' Prank',
          'id' => '86680728811_10155219110873812',
          'message' => 'The chairman of the Hollywood Sign Trust says he plans to meet with police officials to explore ways to prevent pranks similar to the one that occurred over New Year\'s Eve.'
        };

Domain: go.com
Response:
{"id":"1622501708043673_1639833399643837"}

HuffPost Politics
-----------------------------

NBC News
-----------------------------

AJ+
-----------------------------

Wikileaks
-----------------------------

CNNMoney
-----------------------------
$VAR1 = {
          'link' => 'http://cnnmon.ie/2i7UskZ',
          'caption' => 'money.cnn.com',
          'created_time' => '2017-01-04T05:45:00+0000',
          'name' => 'Unstereotyped: Meet the white valedictorian of a historically black college',
          'id' => '6651543066_10154251719308067',
          'message' => 'At first glance, Joshua Packwood is the embodiment of white privilege: He\'s college educated, married, a father of two and he runs a successful hedge fund in Manhattan. But his life, which began in Kansas City, Missouri, hasn\'t always been so easy.
http://cnnmon.ie/2i7UskZ'
        };

Domain: cnn.com
Response:
{"id":"1622501708043673_1639833479643829"}
$VAR1 = {
          'link' => 'http://cnnmon.ie/2i8NZX5',
          'caption' => 'money.cnn.com',
          'created_time' => '2017-01-04T05:33:00+0000',
          'name' => 'What happened when India trashed its cash',
          'id' => '6651543066_10154251708118067',
          'message' => 'When Prime Minister Narendra Modi suddenly banned most of India\'s cash on Nov. 8, he warned that "difficulties" could persist for 50 days. The payoff, he said, would be less corruption and less tax evasion. He was right about the difficulties. http://cnnmon.ie/2i8NZX5'
        };

Domain: cnn.com
Response:
{"id":"1622501708043673_1639833526310491"}

ABC News Politics
-----------------------------

Right Wing News
-----------------------------

The Wall Street Journal
-----------------------------

MSNBC
-----------------------------

the Drudge Report
-----------------------------

Mic
-----------------------------

The Economist
-----------------------------

Bloomberg Politics
-----------------------------

CBS News
-----------------------------

The Young Turks
-----------------------------

Occupy Democrats
-----------------------------

CBC News
-----------------------------

Newsweek
-----------------------------
$VAR1 = {
          'link' => 'http://www.newsweek.com/texas-abortion-texas-abortion-law-supreme-court-federal-court-538223',
          'caption' => 'newsweek.com',
          'created_time' => '2017-01-04T05:35:00+0000',
          'name' => 'A Texas abortion provider called the burial rule for fetal tissue \'offensive\'',
          'id' => '18343191100_10154753137446101',
          'message' => 'Officials in Texas have argued that the measure would afford dignity to the tissue.'
        };

Domain: newsweek.com

CNN International
-----------------------------

The New Yorker
-----------------------------

Rush Limbaugh
-----------------------------

The Independent
-----------------------------

TheBlaze
-----------------------------

NPR Politics
-----------------------------

The New York Times
-----------------------------

NPR
-----------------------------
$VAR1 = {
          'link' => 'http://www.npr.org/sections/thetwo-way/2017/01/03/508100617/one-of-the-last-shakers-dies?live=1&utm_source=facebook.com&utm_medium=social&utm_campaign=npr&utm_term=nprnews&utm_content=20170103',
          'caption' => 'npr.org',
          'created_time' => '2017-01-04T05:37:00+0000',
          'name' => 'One Of The Last Shakers Dies',
          'id' => '10643211755_10155152611591756',
          'message' => 'There are just two remaining members of the religious group known as the Shakers.'
        };

Domain: npr.org
Response:
{"id":"1622501708043673_1639833562977154"}

MSN
-----------------------------

CNN Politics
-----------------------------

The Daily Show
-----------------------------

Daily Kos
-----------------------------

Yahoo News
-----------------------------
$VAR1 = {
          'link' => 'https://nz.news.yahoo.com/a/33708873/driver-filmed-drifting-on-wrong-side-of-road-around-blind-corners/#page1',
          'created_time' => '2017-01-04T05:40:00+0000',
          'name' => 'Yahoo New Zealand News',
          'id' => '338028696036_10155066941711037',
          'message' => '"It is all too easy to think it\'s just a bit of fun and it won\'t happen to you, but all too often it can."'
        };

The Guardian
-----------------------------

CNN
-----------------------------
$VAR1 = {
          'link' => 'http://cnn.it/2i77jnA',
          'caption' => 'www.cnn.com',
          'created_time' => '2017-01-04T05:31:00+0000',
          'name' => 'Touching video shows toddler rescuing twin',
          'id' => '5550296508_10155859411086509',
          'message' => '"It\'s kind of a miracle, it\'s something really special, to see how Bowdy helped Brock."'
        };

Domain: cnn.com
Response:
{"id":"1622501708043673_1639833619643815"}

Slate.com
-----------------------------

the AP
-----------------------------

Sean Hannity
-----------------------------

The Ed Schultz Show
-----------------------------

The Atlantic
-----------------------------

Bloomberg
-----------------------------

BuzzFeed
-----------------------------

Fox News
-----------------------------

VICE
-----------------------------
$VAR1 = {
          'link' => 'https://munchies.vice.com/en/videos/how-to-make-the-worlds-best-sandwich-with-action-bronson-2?utm_source=munchiesfbus',
          'caption' => 'munchies.vice.com',
          'created_time' => '2017-01-04T05:41:02+0000',
          'name' => 'How to Make the World\'s Best Sandwich with Action Bronson',
          'id' => '167115176655082_1516352141731372',
          'message' => 'Make it this week if you haven\'t tried it already.'
        };

Domain: vice.com

Glenn Beck
-----------------------------

The Other 98%
-----------------------------
$VAR1 = {
          'link' => 'http://usuncut.com/news/thousands-free-joints-will-handed-dc-trumps-inauguration/',
          'caption' => 'usuncut.com',
          'created_time' => '2017-01-04T05:45:06+0000',
          'name' => 'Thousands of free joints will be handed out in DC for Trump\'s inauguration',
          'id' => '114517875225866_1630258680318437',
          'message' => '#Trump420'
        };

Domain: usuncut.com
$VAR1 = {
          'link' => 'https://www.facebook.com/TheOther98/photos/a.115969958413991.17486.114517875225866/1629862497024722/?type=3',
          'created_time' => '2017-01-04T05:37:00+0000',
          'name' => 'Timeline Photos',
          'id' => '114517875225866_1629862497024722'
        };


Total Posts Made:	9


