***********************************************************************************
Started at 05:15:01 on 00/17/2017
***********************************************************************************
Querying souces from the past 15 minutes....

Al Jazeera
-----------------------------

Upworthy
-----------------------------

The Huffington Post
-----------------------------
$VAR1 = {
          'link' => 'http://huff.to/2iAB9A7',
          'caption' => 'huffingtonpost.com',
          'created_time' => '2017-01-17T10:00:05+0000',
          'name' => 'Repealing The ACA Could Be A Nightmare For Mental Health Care',
          'id' => '18468761129_10154616515656130',
          'message' => 'This could be devastating for those with mental illness.'
        };

Domain: huffingtonpost.com
Response:
{"id":"1622501708043673_1644699685823875"}

HuffPost Women
-----------------------------
$VAR1 = {
          'link' => 'http://huff.to/2iDABwC',
          'caption' => 'huffingtonpost.com',
          'created_time' => '2017-01-17T10:00:41+0000',
          'name' => "Donald Trump\x{2019}s Health Secretary Pick Is Dividing America\x{2019}s Doctors",
          'id' => '153213781413350_1275155132552537',
          'message' => "\"Many of the provisions that have radically improved care ... do not exist in Tom Price\x{2019}s vision for health care in America.\""
        };

Domain: huffingtonpost.com
Response:
{"id":"1622501708043673_1644699819157195"}

PBS News Hour
-----------------------------

ATTN:
-----------------------------

Reuters
-----------------------------
$VAR1 = {
          'link' => 'http://reut.rs/2jTGqDZ',
          'caption' => 'www.reuters.com',
          'created_time' => '2017-01-17T10:05:09+0000',
          'name' => 'PM May indicates Britain will seek \'hard Brexit\' in EU talks',
          'id' => '114050161948682_1363248797028806',
          'message' => 'Britain will not seek a Brexit deal that leaves it "half in, half out" of the EU, Prime Minister Theresa May will say on Tuesday in a speech setting out her priorities for divorce talks which indicates she is prepared to leave the single market.'
        };

Domain: reuters.com

NowThis
-----------------------------

Daily Caller
-----------------------------

CNBC
-----------------------------
$VAR1 = {
          'link' => 'http://cnb.cx/2juvX4S',
          'caption' => 'cnbc.com',
          'created_time' => '2017-01-17T10:13:30+0000',
          'name' => 'Smartphone market worth $355 billion, with 6 billion devices in circulation by 2020: Report',
          'id' => '97212224368_10155111774079369',
          'message' => '"The smartphone has replaced the PC as the most important smart connected device."'
        };

Domain: cnbc.com
$VAR1 = {
          'link' => 'https://www.facebook.com/cnbcinternational/videos/954120771355730/',
          'created_time' => '2017-01-17T10:10:29+0000',
          'name' => 'CNBC International',
          'id' => '97212224368_10155111768174369',
          'message' => "Arianna Huffington is more than just the co-founder of the Huffington Post. She is also a businesswoman, author and philanthropist. Her new start up is called Thrive Global, and its mission is to promote wellness and \x{201c}end the burnout epidemic\x{201d} in business through scientific solutions that promote well-being and productivity. Join us as she speaks live with CNBC's Tania Bryer from the World Economic Forum in Davos."
        };

The Onion
-----------------------------

Opposing Views
-----------------------------

the Today Show
-----------------------------

Kotaku
-----------------------------

Washington Post
-----------------------------

the American Center for Law and Justice
-----------------------------

VICE News
-----------------------------

PBS
-----------------------------

Mother Jones
-----------------------------

HuffPost Good News
-----------------------------
$VAR1 = {
          'link' => 'http://huff.to/2jDjfOW',
          'caption' => 'huffingtonpost.com',
          'created_time' => '2017-01-17T10:14:05+0000',
          'name' => 'Obama, Possible Aspiring-Novelist-In-Chief, Once Wrote Short Fiction',
          'id' => '202163013203224_1258981630854685',
          'message' => "\"For me, particularly at that time, writing was the way I sorted through a lot of crosscurrents in my life \x{2014} race, class, family.\" -- Barack Obama"
        };

Domain: huffingtonpost.com
Response:
{"id":"1622501708043673_1644700099157167"}

BBC News
-----------------------------
$VAR1 = {
          'link' => 'https://www.facebook.com/bbcnews/videos/10154312737412217/',
          'created_time' => '2017-01-17T10:03:38+0000',
          'id' => '228735667216_10154312737412217',
          'message' => 'India\'s national airline announced it would reserve seats for women only. It\'s seen as a move to make female passengers feel comfortable and safe. Do you think this is a good idea? We\'re live in Mumbai. Post your questions and comments below.'
        };

Breaking News
-----------------------------

The Verge
-----------------------------
$VAR1 = {
          'link' => 'http://www.theverge.com/2017/1/17/14293940/uk-app-store-price-increase-brexit',
          'caption' => 'theverge.com',
          'created_time' => '2017-01-17T10:09:39+0000',
          'name' => 'Apple\'s UK App Store prices will rise 25 percent following Brexit currency fluctuations',
          'id' => '193742123995472_1317466701623003',
          'message' => 'The value of the pound is plummeting, and that means paying more for Super Mario Run.'
        };

Domain: theverge.com

New York Magazine
-----------------------------
$VAR1 = {
          'link' => 'http://nym.ag/2jgNOfK',
          'caption' => 'nymag.com',
          'created_time' => '2017-01-17T10:12:48+0000',
          'name' => 'To Tame Your Junk-Food Habit, Always Serve Yourself Dessert',
          'id' => '14516439825_10154966822644826',
          'message' => "Researchers argue that when it comes to things people know they probably shouldn\x{2019}t be having, being served is a way to pass off the guilt."
        };

Domain: nymag.com

TIME
-----------------------------
$VAR1 = {
          'link' => 'http://ti.me/2jntyqh',
          'caption' => 'motto.time.com',
          'created_time' => '2017-01-17T10:00:50+0000',
          'name' => '5 Ways to Improve Your Skin Through Food',
          'id' => '10606591490_10154357218536491',
          'message' => '2. Only eat high quality dark chocolate.'
        };

Domain: time.com

the Business Insider
-----------------------------
$VAR1 = {
          'link' => 'http://read.bi/2jYVwfr',
          'caption' => 'businessinsider.com',
          'created_time' => '2017-01-17T10:15:01+0000',
          'name' => '5 hidden features to get the most out of your Xbox One',
          'id' => '20446254070_10154296183234071',
          'message' => 'How many of these do you know?'
        };

Domain: businessinsider.com

ThinkProgress
-----------------------------

POLITICO
-----------------------------
$VAR1 = {
          'link' => 'http://politi.co/2jEWKJC',
          'caption' => 'politi.co',
          'created_time' => '2017-01-17T10:05:02+0000',
          'name' => 'Will Obama pardon Snowden?',
          'id' => '62317591679_10154204623466680',
          'message' => "All indications are the drive for leak-related pardons or commutations for Edward Snowden faces an uphill battle during Obama\x{2019}s dwindling days at the White House."
        };

Domain: politi.co

Alias: politico.com
Response:
{"id":"1622501708043673_1644700282490482"}

USA TODAY
-----------------------------

American News
-----------------------------

ABC News
-----------------------------

HuffPost Politics
-----------------------------
$VAR1 = {
          'link' => 'http://huff.to/2iyrKJs',
          'caption' => 'huffingtonpost.com',
          'created_time' => '2017-01-17T10:00:43+0000',
          'name' => 'Obama, Possible Aspiring-Novelist-In-Chief, Once Wrote Short Fiction',
          'id' => '56845382910_10154713374292911',
          'message' => "\x{201c}I would come home from work, and I would write in my journal or write a story or two.\x{201d}"
        };

Domain: huffingtonpost.com
Response:
{"id":"1622501708043673_1644700365823807"}

NBC News
-----------------------------

AJ+
-----------------------------

Wikileaks
-----------------------------

CNNMoney
-----------------------------
$VAR1 = {
          'link' => 'http://cnnmon.ie/2juCOLF',
          'caption' => 'money.cnn.com',
          'created_time' => '2017-01-17T10:03:00+0000',
          'name' => 'Rolls-Royce will pay over $800 million to settle bribery charges',
          'id' => '6651543066_10154288410343067',
          'message' => 'Rolls-Royce plc has been tangled up in corruption investigations on three different continents. http://cnnmon.ie/2juCOLF'
        };

Domain: cnn.com
Response:
{"id":"1622501708043673_1644700409157136"}

ABC News Politics
-----------------------------

Right Wing News
-----------------------------

The Wall Street Journal
-----------------------------

MSNBC
-----------------------------

the Drudge Report
-----------------------------

Mic
-----------------------------

The Economist
-----------------------------

Bloomberg Politics
-----------------------------

CBS News
-----------------------------

The Young Turks
-----------------------------

Occupy Democrats
-----------------------------

CBC News
-----------------------------

Newsweek
-----------------------------

CNN International
-----------------------------

The New Yorker
-----------------------------
$VAR1 = {
          'link' => 'http://nyer.cm/xdGuJqp',
          'caption' => 'youtube.com',
          'created_time' => '2017-01-17T10:00:53+0000',
          'name' => 'What I Imagine My Boyfriend\'s Ex-Girlfriends Are Doing Right Now',
          'id' => '9258148868_10154387250913869',
          'message' => "In Daily Shouts: \"Your partner\x{2019}s exes can get inside your head\x{2014}and they might just enjoy a few mimosas while they\x{2019}re in there.\""
        };

Domain: youtube.com

Rush Limbaugh
-----------------------------

The Independent
-----------------------------

TheBlaze
-----------------------------

NPR Politics
-----------------------------

The New York Times
-----------------------------

NPR
-----------------------------

MSN
-----------------------------

CNN Politics
-----------------------------

The Daily Show
-----------------------------

Daily Kos
-----------------------------

Yahoo News
-----------------------------
$VAR1 = {
          'link' => 'https://yhoo.it/2itQ3gv',
          'caption' => 'yahoo.com',
          'created_time' => '2017-01-17T10:00:49+0000',
          'name' => 'AMERICA: 66 hands on 66 Bibles',
          'id' => '338028696036_10155120855591037',
          'message' => 'A president, chosen by the people, from among the people, requires no props other than a plain English Bible and swears allegiance to the Constitution.'
        };

Domain: yahoo.com
Response:
{"error":{"message":"It looks like you were misusing this feature by going too fast. You\u2019ve been blocked from using it.\n\nLearn more about blocks in the Help Center.","type":"OAuthException","code":368,"error_subcode":1390008,"error_user_msg":"","fbtrace_id":"Bkhxwh6cQs1"}}

Facebook ran into an error and the post was not published. Zach Muckerberg please fix. Try again in a few hours.

