***********************************************************************************
Started at 16:30:01 on 00/16/2017
***********************************************************************************
Querying souces from the past 15 minutes....

Al Jazeera
-----------------------------

Upworthy
-----------------------------

The Huffington Post
-----------------------------

HuffPost Women
-----------------------------
$VAR1 = {
          'link' => 'http://huff.to/2itGpu2',
          'caption' => 'huffingtonpost.com',
          'created_time' => '2017-01-16T21:20:10+0000',
          'name' => 'Looking For Anti-Trump Protests? Here Are Dozens To Choose From.',
          'id' => '153213781413350_1274749205926463',
          'message' => "Go forth and protest \x{270a}"
        };

Domain: huffingtonpost.com
Response:
{"error":{"message":"It looks like you were misusing this feature by going too fast. You\u2019ve been blocked from using it.\n\nLearn more about blocks in the Help Center.","type":"OAuthException","code":368,"error_subcode":1390008,"error_user_msg":"","fbtrace_id":"FbuvCP0dySz"}}

Facebook ran into an error and the post was not published. Zach Muckerberg please fix. Try again in a few hours.

