***********************************************************************************
Started at 12:30:01 on 00/03/2017
***********************************************************************************
Querying souces from the past 15 minutes....

Al Jazeera
-----------------------------
$VAR1 = {
          'link' => 'https://www.facebook.com/aljazeera/videos/10155062745708690/',
          'created_time' => '2017-01-03T17:30:00+0000',
          'name' => 'Hong Kong\'s traditional cats',
          'id' => '7382473689_10155062745708690',
          'message' => 'Cats are a fixture in Hong Kong\'s traditional stores. With his project "Chinese Whiskers," Dutch photographer Marcel Heijnen set out to document them.'
        };

Upworthy
-----------------------------
$VAR1 = {
          'link' => 'http://u.pw/2hAdunI',
          'caption' => 'upworthy.com',
          'created_time' => '2017-01-03T17:20:00+0000',
          'name' => '17 stunning photos of black Victorians show how history really looked.',
          'id' => '354522044588660_1563118130395706',
          'message' => 'As fun as it is to look back at the fashions of yesteryear, these photos are also a good reminder that actual history isn\'t as white as movies make it out to be.'
        };

Domain: upworthy.com

The Huffington Post
-----------------------------
$VAR1 = {
          'link' => 'http://huff.to/2hMniGt',
          'caption' => 'huffingtonpost.com',
          'created_time' => '2017-01-03T17:22:06+0000',
          'name' => 'House Republicans Drop Efforts To Gut Ethics Watchdog After Onslaught Of Criticism',
          'id' => '18468761129_10154576368996130',
          'message' => 'Well, that was embarrassing.'
        };

Domain: huffingtonpost.com
Response:
{"error":{"message":"It looks like you were misusing this feature by going too fast. You\u2019ve been blocked from using it.\n\nLearn more about blocks in the Help Center.","type":"OAuthException","code":368,"error_subcode":1390008,"error_user_msg":"","fbtrace_id":"HbA+cC4J09N"}}

Facebook ran into an error and the post was not published. Zach Muckerberg please fix. Try again in a few hours.

