***********************************************************************************
Started at 14:00:02 on 00/13/2017
***********************************************************************************
Querying souces from the past 15 minutes....

Al Jazeera
-----------------------------
$VAR1 = {
          'link' => 'http://www.aljazeera.com/indepth/opinion/2017/01/adieu-zygmunt-bauman-170112131157266.html',
          'caption' => 'aljazeera.com',
          'created_time' => '2017-01-13T19:00:02+0000',
          'name' => 'Adieu, Zygmunt Bauman!',
          'id' => '7382473689_10155100680263690',
          'message' => '"I can\'t understand how people can have hundreds of friends on Facebook. I am more than 80 years old and I can\'t count even eight friends".'
        };

Domain: aljazeera.com
Response:
{"id":"1622501708043673_1643352732625237"}

Upworthy
-----------------------------
$VAR1 = {
          'link' => 'http://u.pw/2jfzi8o',
          'caption' => 'upworthy.com',
          'created_time' => '2017-01-13T18:46:01+0000',
          'name' => 'This son sent his mom a life-size cutout of himself. She got the last laugh.',
          'id' => '354522044588660_1597893446918174',
          'message' => 'LOL.'
        };

Domain: upworthy.com

The Huffington Post
-----------------------------
$VAR1 = {
          'link' => 'https://www.facebook.com/EliteDaily/videos/1337018036349825/',
          'created_time' => '2017-01-13T18:45:18+0000',
          'name' => 'Elite Daily',
          'id' => '18468761129_10154606363916130'
        };

HuffPost Women
-----------------------------

PBS News Hour
-----------------------------
$VAR1 = {
          'link' => 'http://www.pbs.org/newshour/updates/great-migration-save-coral-bleaching/',
          'caption' => 'pbs.org',
          'created_time' => '2017-01-13T19:00:00+0000',
          'name' => 'Coral bleaching is killing reefs. Is the answer a great migration?',
          'id' => '6491828674_10154975357278675',
          'message' => 'Ride with us to the bottom of the Atlantic Ocean and see how corals might mount a great escape from bleaching.'
        };

Domain: pbs.org
Response:
{"id":"1622501708043673_1643353012625209"}

ATTN:
-----------------------------

Reuters
-----------------------------
$VAR1 = {
          'link' => 'http://reut.rs/2jgCjoD',
          'caption' => 'reuters.com',
          'created_time' => '2017-01-13T18:48:18+0000',
          'name' => 'Special Report: Police union contracts offer shield of protection',
          'id' => '114050161948682_1359521237401562',
          'message' => 'How U.S. police unions use their political strength to cement contracts that often provide problem officers with a shield of protection: http://reut.rs/2jgCjoD'
        };

Domain: reuters.com

NowThis
-----------------------------

Daily Caller
-----------------------------

CNBC
-----------------------------
$VAR1 = {
          'link' => 'https://www.facebook.com/cnbc/videos/10155100093664369/',
          'created_time' => '2017-01-13T18:57:44+0000',
          'name' => 'Nutella maker pushes back on cancer link claims',
          'id' => '97212224368_10155100093664369',
          'message' => 'Does Nutella cause cancer?'
        };
$VAR1 = {
          'link' => 'http://cnb.cx/2js2fem',
          'caption' => 'cnbc.com',
          'created_time' => '2017-01-13T18:51:53+0000',
          'name' => 'Trump, AT&T CEO discussed jobs, not Time Warner deal: Trump spokesman',
          'id' => '97212224368_10155100101219369',
          'message' => 'Donald J. Trump met with AT&T\'s chief executive this week.'
        };

Domain: cnbc.com

The Onion
-----------------------------

Opposing Views
-----------------------------

the Today Show
-----------------------------

Kotaku
-----------------------------

Washington Post
-----------------------------
$VAR1 = {
          'link' => 'https://www.washingtonpost.com/world/national-security/us-attorney-in-baltimore-is-trumps-pick-to-be-deputy-attorney-general/2017/01/13/e27c51a0-d9a1-11e6-b8b2-cb5164beba6b_story.html?tid=sm_Fb&utm_term=.b53045a90f0d',
          'caption' => 'washingtonpost.com',
          'created_time' => '2017-01-13T19:00:00+0000',
          'name' => "U.S. attorney in Baltimore is Trump\x{2019}s pick to be deputy attorney general",
          'id' => '6250307292_10154657770922293',
          'message' => 'Rod Rosenstein is the sole holdover U.S. attorney from the George W. Bush administration who is still in office.'
        };

Domain: washingtonpost.com
Response:
{"id":"1622501708043673_1643353515958492"}

the American Center for Law and Justice
-----------------------------

VICE News
-----------------------------
$VAR1 = {
          'link' => 'https://news.vice.com/story/the-five-most-outrageous-parts-of-the-dojs-chicago-police-report?utm_soruce=vicenewsfb',
          'caption' => 'news.vice.com',
          'created_time' => '2017-01-13T18:59:00+0000',
          'name' => "The five most outrageous parts of the DOJ\x{2019}s Chicago Police report",
          'id' => '235852889908002_721713897988563',
          'message' => "Chicago cops shot unarmed suspects in the back \x{2014} and weren't punished."
        };

Domain: vice.com

PBS
-----------------------------

Mother Jones
-----------------------------

HuffPost Good News
-----------------------------

BBC News
-----------------------------

Breaking News
-----------------------------

The Verge
-----------------------------

New York Magazine
-----------------------------
$VAR1 = {
          'link' => 'http://nym.ag/2ioBZQe',
          'caption' => 'nymag.com',
          'created_time' => '2017-01-13T18:46:32+0000',
          'name' => "I\x{2019}m Anti-Trump, But I Refuse to March",
          'id' => '14516439825_10154955682944826',
          'message' => "Not every feminist is heading to Washington next Saturday. Here\x{2019}s why."
        };

Domain: nymag.com

TIME
-----------------------------

the Business Insider
-----------------------------
$VAR1 = {
          'link' => 'http://www.businessinsider.com/michael-jackson-tv-comedy-white-actor-pulled-2017-1',
          'caption' => 'businessinsider.com',
          'created_time' => '2017-01-13T18:50:01+0000',
          'name' => 'The Michael Jackson TV comedy starring a white actor is being killed after outrage',
          'id' => '20446254070_10154284731464071',
          'message' => 'Slams from Michael Jackson\'s family led to the episode being scrapped.'
        };

Domain: businessinsider.com

ThinkProgress
-----------------------------

POLITICO
-----------------------------
$VAR1 = {
          'link' => 'http://politi.co/2iluBtR',
          'caption' => 'politi.co',
          'created_time' => '2017-01-13T18:59:03+0000',
          'name' => 'Clinton allies exact revenge on Trump',
          'id' => '62317591679_10154194859866680',
          'message' => 'Former Clinton aides are bashing the Donald J. Trump\'s latest round of tweets on the former secretary of state.'
        };

Domain: politi.co

Alias: politico.com
Response:
{"id":"1622501708043673_1643353779291799"}

USA TODAY
-----------------------------
$VAR1 = {
          'link' => 'http://www.usatoday.com/story/weather/2017/01/13/ice-storm-freezing-rain-central-us-mid-atlantic/96535758/',
          'caption' => 'usatoday.com',
          'created_time' => '2017-01-13T18:48:59+0000',
          'name' => '1,000-mile swath of U.S. could be hit with worst ice storm in 10 years',
          'id' => '13652355666_10154284803145667',
          'message' => 'Stay off the roads, if you can.'
        };

Domain: usatoday.com
Response:
{"id":"1622501708043673_1643353922625118"}

American News
-----------------------------
$VAR1 = {
          'link' => 'http://americannews.com/whoopi-goldbergs-career-just-pulled/',
          'caption' => 'americannews.com',
          'created_time' => '2017-01-13T19:00:00+0000',
          'name' => 'Whoopi Goldberg\'s Career Is Over After What She Just Pulled',
          'id' => '179035672287016_912556535601589',
          'message' => 'Whoopi Goldberg loses big after picking battle with Trump.

That\'s going to cost her.

Should Whoopi Goldberg be banned from national television?'
        };

Domain: americannews.com

ABC News
-----------------------------
$VAR1 = {
          'link' => 'http://abcn.ws/2it6sAf',
          'caption' => 'abcnews.go.com',
          'created_time' => '2017-01-13T18:59:27+0000',
          'name' => 'Takata Pleads Guilty, to Pay $1B for Hiding Air Bag Defect',
          'id' => '86680728811_10155256317888812',
          'message' => 'Takata agrees to plead guilty to wire fraud and pay $1 billion in criminal penalties over defective airbag inflators that led to 16 deaths and 100 injuries.'
        };

Domain: go.com
Response:
{"id":"1622501708043673_1643354002625110"}
$VAR1 = {
          'link' => 'https://www.facebook.com/ThisWeekABC/videos/1297377566972349/',
          'created_time' => '2017-01-13T18:53:29+0000',
          'name' => 'This Week',
          'id' => '86680728811_10155256297388812'
        };

HuffPost Politics
-----------------------------

NBC News
-----------------------------

AJ+
-----------------------------
$VAR1 = {
          'link' => 'https://www.facebook.com/ajplusenglish/videos/878538138954361/',
          'created_time' => '2017-01-13T19:00:00+0000',
          'name' => 'Zoo Animals Play in First Snow Of the Year',
          'id' => '407570359384477_878538138954361',
          'message' => 'Elephants, otters, polar bears, oh my! These cuties are super excited by the first snow at the Oregon Zoo!'
        };

Wikileaks
-----------------------------

CNNMoney
-----------------------------

ABC News Politics
-----------------------------
$VAR1 = {
          'link' => 'https://www.facebook.com/ThisWeekABC/videos/1297377566972349/',
          'created_time' => '2017-01-13T18:52:43+0000',
          'name' => 'This Week',
          'id' => '184096565021911_1151667951598096'
        };

Right Wing News
-----------------------------
$VAR1 = {
          'link' => 'http://newsbake.com/entertainment-news/celebrity-news/breaking-tanya-tucker-suffers-career-haulting-accident-please-pray/?utm_source=Right+Wing+News&utm_campaign=tanya%2F1%2F13&utm_content=Right+Wing+News%2Ftanya%2F1%2F13',
          'caption' => 'newsbake.com',
          'created_time' => '2017-01-13T19:00:00+0000',
          'name' => 'BREAKING: Tanya Tucker Suffers Career Haulting Accident, Please PRAY!',
          'id' => '389658314427637_1668425036550952',
          'message' => 'BREAKING

We must all PRAY for Tanya!'
        };

Domain: newsbake.com

The Wall Street Journal
-----------------------------

MSNBC
-----------------------------
$VAR1 = {
          'link' => 'http://on.msnbc.com/2jfIvwV',
          'caption' => 'msnbc.com',
          'created_time' => '2017-01-13T19:00:13+0000',
          'name' => 'Trump\'s words vs. his Cabinet nominees\' words',
          'id' => '273864989376427_1429830133779901',
          'message' => 'Trump\'s comments on things like a Muslim ban and Wikileaks differ from remarks made under oath by his Cabinet nominees.'
        };

Domain: msnbc.com
Response:
{"id":"1622501708043673_1643354125958431"}

the Drudge Report
-----------------------------

Mic
-----------------------------

The Economist
-----------------------------
$VAR1 = {
          'link' => 'http://econ.st/2inXYqs',
          'caption' => 'economist.com',
          'created_time' => '2017-01-13T18:54:24+0000',
          'name' => 'How will British businesses fare without European workers?',
          'id' => '6013004059_10154989801084060',
          'message' => 'British companies will have to adapt quickly to survive the expected loss of workers from Europe. Some are already doing so'
        };

Domain: economist.com
Response:
{"id":"1622501708043673_1643354212625089"}

Bloomberg Politics
-----------------------------
$VAR1 = {
          'link' => 'http://bloom.bg/2j8Klxq',
          'caption' => 'bloomberg.com',
          'created_time' => '2017-01-13T19:00:08+0000',
          'name' => 'French Socialists, Lagging in Polls, Clash Over Jobs',
          'id' => '1481073582140028_1868204063426976',
          'message' => 'Here\'s what you need to know about their first debate.'
        };

Domain: bloomberg.com
Response:
{"id":"1622501708043673_1643354319291745"}

CBS News
-----------------------------
$VAR1 = {
          'link' => 'http://cbsn.ws/2ilmqhk',
          'caption' => 'www.cbsnews.com',
          'created_time' => '2017-01-13T19:00:03+0000',
          'name' => 'Three Takata workers indicted, accused of hiding air bag defects',
          'id' => '131459315949_10154263189285950',
          'message' => 'The indictment alleges that the men knew back in 2000 that the inflators were not performing to specifications and had ruptured during testing.'
        };

Domain: cbsnews.com
Response:
{"id":"1622501708043673_1643354422625068"}

The Young Turks
-----------------------------
$VAR1 = {
          'link' => 'https://www.facebook.com/TheYoungTurks/videos/10154288631769205/',
          'created_time' => '2017-01-13T19:00:00+0000',
          'name' => 'Elizabeth Warren OWNS Ben Carson',
          'id' => '210277954204_10154288631769205',
          'message' => 'Elizabeth Warren DESTROYS Ben Carson during his confirmation hearing.'
        };

Occupy Democrats
-----------------------------
$VAR1 = {
          'link' => 'http://occupydemocrats.com/2017/01/13/trump-just-fired-head-d-c-national-guard-middle-inauguration/',
          'caption' => 'occupydemocrats.com',
          'created_time' => '2017-01-13T18:57:52+0000',
          'name' => 'Trump Just Fired The Head Of The D.C. National Guard In The Middle Of Inauguration',
          'id' => '346937065399354_1387176471375403',
          'message' => 'Protesters\' heads are going to roll.'
        };

Domain: occupydemocrats.com

CBC News
-----------------------------
$VAR1 = {
          'link' => 'http://www.cbc.ca/news/canada/windsor/woodstock-nurse-first-degree-murder-1.3934101',
          'caption' => 'cbc.ca',
          'created_time' => '2017-01-13T18:56:22+0000',
          'name' => '6 new charges laid against Ontario nurse facing 8 murder charges',
          'id' => '5823419603_10155048054864604',
          'message' => 'Four charges of attempted murder and two of aggravated assault against Elizabeth Wettlaufer were announced today.'
        };

Newsweek
-----------------------------
$VAR1 = {
          'link' => 'http://www.newsweek.com/assange-will-agree-us-extradition-if-chelsea-manning-freed-wikileaks-542415',
          'caption' => 'newsweek.com',
          'created_time' => '2017-01-13T18:57:31+0000',
          'name' => 'WikiLeaks founder Julian Assange "will agree to U.S. extradition" if Chelsea Manning freed',
          'id' => '18343191100_10154783433011101',
          'message' => 'He could face the death penalty if he was returned to the U.S.'
        };

Domain: newsweek.com

CNN International
-----------------------------

The New Yorker
-----------------------------

Rush Limbaugh
-----------------------------

The Independent
-----------------------------

TheBlaze
-----------------------------

NPR Politics
-----------------------------

The New York Times
-----------------------------
$VAR1 = {
          'link' => 'https://www.nytimes.com/2017/01/13/world/asia/china-internet-addiction-electroshock-therapy.html?smid=fb-nytimes&smtyp=cur',
          'caption' => 'nytimes.com',
          'created_time' => '2017-01-13T18:55:01+0000',
          'name' => 'China Says It Will Ban Abuse of Children at Internet Detox Camps',
          'id' => '5281959998_10151046738284999',
          'message' => 'China says it will ban abusive treatment like electroshock therapy in the mostly teen camps, but the question of enforcement lingers.'
        };

Domain: nytimes.com
Response:
{"id":"1622501708043673_1643354485958395"}

NPR
-----------------------------

MSN
-----------------------------
$VAR1 = {
          'link' => 'http://msn.com/en-us/news/politics/paul-ryan-widens-the-crack-between-hill-republicans-and-donald-trump/ar-AAlQmV1?ocid=ob-fb-enus-280',
          'caption' => 'msn.com',
          'created_time' => '2017-01-13T18:57:18+0000',
          'name' => 'Paul Ryan widens the crack between Hill Republicans and Donald Trump',
          'id' => '49940376408_10154217115011409'
        };

Domain: msn.com

CNN Politics
-----------------------------

The Daily Show
-----------------------------

Daily Kos
-----------------------------
$VAR1 = {
          'link' => 'https://www.facebook.com/dailykos/videos/10155066306404255/',
          'created_time' => '2017-01-13T19:00:00+0000',
          'name' => 'Paul Ryan gets smashed at Townhall',
          'id' => '43179984254_10155066306404255',
          'message' => 'Speaker Paul Ryan eats crow.'
        };

Yahoo News
-----------------------------
$VAR1 = {
          'link' => 'https://www.facebook.com/yahoonews/videos/10155107049101037/',
          'created_time' => '2017-01-13T19:00:00+0000',
          'name' => 'Paul Ryan vs. Cancer Survivor on CNN',
          'id' => '338028696036_10155107049101037',
          'message' => 'A cancer survivor who says Obamacare saved his life confronts Paul Ryan, live on CNN.'
        };

The Guardian
-----------------------------
$VAR1 = {
          'link' => 'https://www.theguardian.com/music/2017/jan/13/bruce-springsteen-tribute-band-trump-inauguration-gala-b-street?CMP=fb_gu',
          'caption' => 'theguardian.com',
          'created_time' => '2017-01-13T19:00:00+0000',
          'name' => 'Bruce Springsteen tribute band say Trump inauguration gala is \'non-political\'',
          'id' => '10513336322_10154955713006323',
          'message' => 'Born to run?'
        };

Domain: theguardian.com
Response:
{"id":"1622501708043673_1643354555958388"}

CNN
-----------------------------

Slate.com
-----------------------------

the AP
-----------------------------

Sean Hannity
-----------------------------

The Ed Schultz Show
-----------------------------

The Atlantic
-----------------------------
$VAR1 = {
          'link' => 'http://theatln.tc/2js3Dh3',
          'caption' => 'theatlantic.com',
          'created_time' => '2017-01-13T18:49:33+0000',
          'name' => 'The U.S. Indicts 3 Takata Executives in the Case Involving Exploding Airbags',
          'id' => '29259828486_10155012161478487',
          'message' => 'In the U.S., the airbags have been blamed for killing at least 10 people and injuring many others.'
        };

Domain: theatlantic.com

Bloomberg
-----------------------------

BuzzFeed
-----------------------------
$VAR1 = {
          'link' => 'http://bzfd.it/2jF98s2',
          'caption' => 'buzzfeed.com',
          'created_time' => '2017-01-13T19:00:00+0000',
          'name' => 'These Newsreaders Fighting Over Shirts When They Think The Camera Is Off Is So Awkward It Hurts',
          'id' => '1318800798260799_2129192393888298',
          'message' => 'Always assume the camera is ON.... just in case.'
        };

Domain: buzzfeed.com
Response:
{"id":"1622501708043673_1643354675958376"}

Fox News
-----------------------------
$VAR1 = {
          'link' => 'https://www.facebook.com/FoxNews/videos/10154998392261336/',
          'created_time' => '2017-01-13T18:54:27+0000',
          'id' => '15704546335_10154998392261336',
          'message' => 'Will these celebs actually pack their bags and leave the United States once Donald J. Trump becomes the 45th president? http://bit.ly/1QQlIUk'
        };

VICE
-----------------------------

Glenn Beck
-----------------------------

The Other 98%
-----------------------------


Total Posts Made:	13


