***********************************************************************************
Started at 22:30:01 on 00/07/2017
***********************************************************************************
Querying souces from the past 15 minutes....

Al Jazeera
-----------------------------
$VAR1 = {
          'link' => 'https://www.facebook.com/aljazeera/videos/10154912362258690/',
          'created_time' => '2017-01-08T03:30:01+0000',
          'name' => 'Al Jazeera English',
          'id' => '7382473689_10155079039113690',
          'message' => 'This is the world\'s first Rohingya news channel.'
        };

Upworthy
-----------------------------
$VAR1 = {
          'link' => 'https://www.facebook.com/UpworthyVideo/videos/991887244249156/',
          'created_time' => '2017-01-08T03:20:00+0000',
          'name' => 'Upworthy Video',
          'id' => '354522044588660_1580596018647917',
          'message' => "Protesters at Standing Rock refuse to back down because they know what\x{2019}s at stake. Special thanks to William Jerome."
        };

The Huffington Post
-----------------------------

HuffPost Women
-----------------------------

PBS News Hour
-----------------------------

ATTN:
-----------------------------
$VAR1 = {
          'link' => 'http://www.attn.com/stories/14051/how-smoke-weed-legally-your-newly-legal-state?utm_source=facebook&utm_medium=post&utm_campaign=internal',
          'caption' => 'attn.com',
          'created_time' => '2017-01-08T03:21:00+0000',
          'name' => 'How to Smoke Weed Legally in Your State',
          'id' => '160389977329803_1249786621723461',
          'message' => 'There are still do\'s and don\'ts, even in legal states.'
        };

Domain: attn.com

Reuters
-----------------------------

NowThis
-----------------------------

Daily Caller
-----------------------------
$VAR1 = {
          'link' => 'http://trib.al/TefiF45',
          'caption' => 'dailycaller.com',
          'created_time' => '2017-01-08T03:22:15+0000',
          'name' => "Trump Says He Wants To \x{2018}Work Together\x{2019} With Russia, Promises Improved Relations With Kremlin",
          'id' => '182919686769_10154117562541770',
          'message' => 'Donald Trump: Russia will have "far more" respect for America under his watch.'
        };

Domain: dailycaller.com

CNBC
-----------------------------

The Onion
-----------------------------

Opposing Views
-----------------------------
$VAR1 = {
          'link' => 'https://www.facebook.com/opposingviews/photos/a.92094656050.96503.34226391050/10154409238031051/?type=3',
          'created_time' => '2017-01-08T03:25:00+0000',
          'name' => 'Timeline Photos',
          'id' => '34226391050_10154409238031051',
          'message' => 'Yes or no: Will Donald Trump be a good president?'
        };

the Today Show
-----------------------------

Kotaku
-----------------------------

Washington Post
-----------------------------

the American Center for Law and Justice
-----------------------------

VICE News
-----------------------------

PBS
-----------------------------

Mother Jones
-----------------------------

HuffPost Good News
-----------------------------
$VAR1 = {
          'link' => 'http://huff.to/2j3ZHTB',
          'caption' => 'huffingtonpost.com',
          'created_time' => '2017-01-08T03:16:07+0000',
          'name' => "Animal Shelter\x{2019}s Hilarious Cat Commercial Is A Low-Budget Masterpiece",
          'id' => '202163013203224_1251159378303577',
          'message' => 'This really never gets old.'
        };

Domain: huffingtonpost.com
Response:
{"error":{"message":"It looks like you were misusing this feature by going too fast. You\u2019ve been blocked from using it.\n\nLearn more about blocks in the Help Center.","type":"OAuthException","code":368,"error_subcode":1390008,"error_user_msg":"","fbtrace_id":"C7J1cYlbOV\/"}}

Facebook ran into an error and the post was not published. Zach Muckerberg please fix. Try again in a few hours.

