***********************************************************************************
Started at 22:45:02 on 00/27/2017
***********************************************************************************
Querying souces from the past 15 minutes....

Al Jazeera
-----------------------------

Upworthy
-----------------------------

The Huffington Post
-----------------------------
$VAR1 = {
          'link' => 'http://huff.to/2kCU26P',
          'caption' => 'huffingtonpost.com',
          'created_time' => '2017-01-28T03:30:30+0000',
          'name' => 'Malala Yousafzai Is \'Heartbroken\' Over Trump\'s Plan For Refugees',
          'id' => '18468761129_10154652982071130',
          'message' => "The young human rights activist urged Trump \x{201c}not to turn his back\x{201d} on children and families."
        };

Domain: huffingtonpost.com
Response:
{"id":"1622501708043673_1649037448723432"}

HuffPost Women
-----------------------------
$VAR1 = {
          'link' => 'http://huff.to/2jy2yqg',
          'caption' => 'huffingtonpost.com',
          'created_time' => '2017-01-28T03:30:17+0000',
          'name' => 'Banning Abortions Ends Safe Abortions',
          'id' => '153213781413350_1286908631377187',
          'message' => "\"Banning abortion doesn\x{2019}t end abortions, it ends safe abortions.\""
        };

Domain: huffingtonpost.com
Response:
{"id":"1622501708043673_1649037555390088"}

PBS News Hour
-----------------------------

ATTN:
-----------------------------

Reuters
-----------------------------

NowThis
-----------------------------

Daily Caller
-----------------------------
$VAR1 = {
          'link' => 'http://trib.al/uZhAf7v',
          'caption' => 'dailycaller.com',
          'created_time' => '2017-01-28T03:35:02+0000',
          'name' => "NASA Says 13-Year-Old Mars Rover Is \x{2018}Acting Like A Teenager\x{2019}",
          'id' => '182919686769_10154178959731770',
          'message' => 'Deplorable little robot'
        };

Domain: dailycaller.com

CNBC
-----------------------------

The Onion
-----------------------------
$VAR1 = {
          'link' => 'http://trib.al/qc1n97Y',
          'caption' => 'theonion.com',
          'created_time' => '2017-01-28T03:40:11+0000',
          'name' => 'Jaws Of Death Used To Stuff Woman Into Burning Car',
          'id' => '20950654496_10155089634364497'
        };

Domain: theonion.com

Opposing Views
-----------------------------

the Today Show
-----------------------------

Kotaku
-----------------------------

Washington Post
-----------------------------

the American Center for Law and Justice
-----------------------------

VICE News
-----------------------------

PBS
-----------------------------

Mother Jones
-----------------------------

HuffPost Good News
-----------------------------

BBC News
-----------------------------

Breaking News
-----------------------------

The Verge
-----------------------------
$VAR1 = {
          'link' => 'http://www.theverge.com/2017/1/27/14418074/windows-10-game-mode-now-available-insiders-preview-program',
          'caption' => 'theverge.com',
          'created_time' => '2017-01-28T03:41:00+0000',
          'name' => "Windows 10\x{2019}s Game Mode is now available to Insiders",
          'id' => '193742123995472_1328668627169477',
          'message' => "The feature will be included as part of the Windows 10 Creators Update that\x{2019}s coming later this year."
        };

Domain: theverge.com

New York Magazine
-----------------------------
$VAR1 = {
          'link' => 'http://nym.ag/2kv5thI',
          'caption' => 'nymag.com',
          'created_time' => '2017-01-28T03:39:03+0000',
          'name' => "Everything the Trump Administration Has Done to Restrict Women\x{2019}s Health Care",
          'id' => '14516439825_10155005861099826',
          'message' => "Here are the concrete things Donald J. Trump has done that will restrict women\x{2019}s health care."
        };

Domain: nymag.com

TIME
-----------------------------
$VAR1 = {
          'link' => 'http://ti.me/2kCxojb',
          'caption' => 'time.com',
          'created_time' => '2017-01-28T03:30:21+0000',
          'name' => 'Woman Whose Harassment Claim Led to Emmett Till\'s Lynching Says it Wasn\'t True',
          'id' => '10606591490_10154391461836491',
          'message' => "The white woman who accused 14-year-old Emmett Till of harassing her \x{2014} an accusation that led to his brutal 1955 lynching \x{2014} admitted to making up the claim."
        };

Domain: time.com

the Business Insider
-----------------------------
$VAR1 = {
          'link' => 'http://read.bi/2jjZfQd',
          'caption' => 'businessinsider.com',
          'created_time' => '2017-01-28T03:40:01+0000',
          'name' => '6 sneakers any guy can buy for under $100',
          'id' => '20446254070_10154332245854071',
          'message' => 'Everyone should have a pair of sneakers in the closet.'
        };

Domain: businessinsider.com
$VAR1 = {
          'link' => 'http://read.bi/2kCB1We',
          'caption' => 'businessinsider.com',
          'created_time' => '2017-01-28T03:35:01+0000',
          'name' => 'Here\'s one type of pimple you should pay attention to',
          'id' => '20446254070_10154332238824071',
          'message' => 'Don\'t ignore these kind.'
        };

Domain: businessinsider.com

ThinkProgress
-----------------------------

POLITICO
-----------------------------
$VAR1 = {
          'link' => 'http://politi.co/2k1FApP',
          'caption' => 'politi.co',
          'created_time' => '2017-01-28T03:30:30+0000',
          'name' => 'Trump backs Mexico into a corner',
          'id' => '62317591679_10154239090991680',
          'message' => '"At some point, Mexicans may just decide to turn their backs on the United States." Via POLITICO Magazine.'
        };

Domain: politi.co

Alias: politico.com
Response:
{"id":"1622501708043673_1649037725390071"}

USA TODAY
-----------------------------
$VAR1 = {
          'link' => 'http://www.usatoday.com/story/life/movies/2017/01/27/john-hurt-obituary/97167926/',
          'caption' => 'usatoday.com',
          'created_time' => '2017-01-28T03:37:10+0000',
          'name' => 'Reports: John Hurt, \'Elephant Man\' and \'Harry Potter\' actor, has died at 77',
          'id' => '13652355666_10154348868570667',
          'message' => '#BREAKING: Two-time Oscar nominee John Hurt, famous for his roles in "The Elephant Man" and the "Harry Potter" movies, has died at 77, reports say.'
        };

Domain: usatoday.com
Response:
{"id":"1622501708043673_1649037742056736"}

American News
-----------------------------

ABC News
-----------------------------
$VAR1 = {
          'link' => 'http://abcn.ws/2kc4Bkn',
          'caption' => 'abcnews.go.com',
          'created_time' => '2017-01-28T03:31:42+0000',
          'name' => 'John Hurt Has Died at 77',
          'id' => '86680728811_10155322774358812',
          'message' => 'JUST IN: John Hurt, who earned Oscar nominations for his roles in "Midnight Express" and "The Elephant Man," has died. He was 77.'
        };

Domain: go.com
Response:
{"id":"1622501708043673_1649037802056730"}

HuffPost Politics
-----------------------------
$VAR1 = {
          'link' => 'http://huff.to/2kCCec3',
          'caption' => 'm.huffpost.com',
          'created_time' => '2017-01-28T03:30:28+0000',
          'name' => 'Zuckerberg To Trump: Time For A Reality Check On Immigration',
          'id' => '56845382910_10154751082337911',
          'message' => '"The United States is a nation of immigrants, and we should be proud of that."'
        };

Domain: huffpost.com

NBC News
-----------------------------
$VAR1 = {
          'link' => 'http://nbcnews.to/2kDgWzi',
          'caption' => 'nbcnews.com',
          'created_time' => '2017-01-28T03:30:27+0000',
          'name' => 'What would you pay at the vet for your priceless pet?',
          'id' => '155869377766434_1683907814962575',
          'message' => 'Corporate America is moving in on the pet care industry, with the knowledge that pet owners will pay anything to keep their pups and kitties healthy.'
        };

Domain: nbcnews.com
Response:
{"id":"1622501708043673_1649037872056723"}

AJ+
-----------------------------
$VAR1 = {
          'link' => 'https://www.facebook.com/ajplusenglish/videos/889473294527512/',
          'created_time' => '2017-01-28T03:42:40+0000',
          'name' => 'Holocaust + Selfie Culture = \'Yolocaust\'',
          'id' => '407570359384477_889473294527512',
          'message' => 'Holocaust + Selfie Culture = \'Yolocaust\''
        };

Wikileaks
-----------------------------

CNNMoney
-----------------------------
$VAR1 = {
          'link' => 'http://cnnmon.ie/2kbzO7w',
          'caption' => 'money.cnn.com',
          'created_time' => '2017-01-28T03:45:01+0000',
          'name' => 'Sanctuary cities: What\'s at stake?',
          'id' => '6651543066_10154323945128067',
          'message' => 'Immigration experts argue that Trump\'s executive order is unconstitutional and that he won\'t be able to cut off funding on his own. http://cnnmon.ie/2kbzO7w'
        };

Domain: cnn.com
Response:
{"id":"1622501708043673_1649037938723383"}
$VAR1 = {
          'link' => 'http://cnnmon.ie/2kbw4CC',
          'caption' => 'money.cnn.com',
          'created_time' => '2017-01-28T03:33:01+0000',
          'name' => 'Insurers warn: We\'re outta here with no Obamacare replacement',
          'id' => '6651543066_10154323930248067',
          'message' => 'Health insurers want to see how Congress intends to replace Obamacare before they commit to offering policies for 2018. http://cnnmon.ie/2kbw4CC'
        };

Domain: cnn.com
Response:
{"id":"1622501708043673_1649038028723374"}

ABC News Politics
-----------------------------

Right Wing News
-----------------------------

The Wall Street Journal
-----------------------------

MSNBC
-----------------------------

the Drudge Report
-----------------------------

Mic
-----------------------------

The Economist
-----------------------------

Bloomberg Politics
-----------------------------

CBS News
-----------------------------
$VAR1 = {
          'link' => 'http://cbsn.ws/2jo40YF',
          'caption' => 'www.cbsnews.com',
          'created_time' => '2017-01-28T03:45:03+0000',
          'name' => 'How to sign up for Obamacare before the deadline',
          'id' => '131459315949_10154312771030950',
          'message' => 'January 31 is fast approaching.'
        };

Domain: cbsnews.com
Response:
{"id":"1622501708043673_1649038102056700"}

The Young Turks
-----------------------------

Occupy Democrats
-----------------------------

CBC News
-----------------------------

Newsweek
-----------------------------
$VAR1 = {
          'link' => 'http://www.newsweek.com/donald-trump-bill-gates-warren-buffett-549467',
          'caption' => 'newsweek.com',
          'created_time' => '2017-01-28T03:36:01+0000',
          'name' => 'Buffett, Gates express optimism for U.S. in Trump Era',
          'id' => '18343191100_10154829098521101',
          'message' => 'Gates said the desire for innovation and support for research are "strong" and "largely bipartisan."'
        };

Domain: newsweek.com

CNN International
-----------------------------

The New Yorker
-----------------------------

Rush Limbaugh
-----------------------------

The Independent
-----------------------------

TheBlaze
-----------------------------

NPR Politics
-----------------------------

The New York Times
-----------------------------

NPR
-----------------------------

MSN
-----------------------------

CNN Politics
-----------------------------

The Daily Show
-----------------------------

Daily Kos
-----------------------------

Yahoo News
-----------------------------
$VAR1 = {
          'link' => 'https://yhoo.it/2jj4Ypk',
          'created_time' => '2017-01-28T03:40:00+0000',
          'name' => 'Yahoo Finance',
          'id' => '338028696036_10155167114731037'
        };

The Guardian
-----------------------------

CNN
-----------------------------
$VAR1 = {
          'link' => 'http://cnn.it/2kcd3QR',
          'caption' => 'money.cnn.com',
          'created_time' => '2017-01-28T03:34:31+0000',
          'name' => '\'Hamilton\' actresses to sing \'America the Beautiful\' at Super Bowl',
          'id' => '5550296508_10155985390586509',
          'message' => 'The original cast members that played the Schuyler Sisters in Hamilton: An American Musical are back.'
        };

Domain: cnn.com
Response:
{"id":"1622501708043673_1649038172056693"}

Slate.com
-----------------------------
$VAR1 = {
          'link' => 'http://slate.me/2kBgo91',
          'caption' => 'slate.com',
          'created_time' => '2017-01-28T03:30:22+0000',
          'name' => 'Missy Elliott Is Back With an Impressive New Song (and a Gorgeous New Video)',
          'id' => '21516776437_10154815712986438',
          'message' => 'A new documentary charting her massive influence on hip hop is also in the works.'
        };

Domain: slate.com
Response:
{"id":"1622501708043673_1649038235390020"}

the AP
-----------------------------
$VAR1 = {
          'link' => 'https://apnews.com/a288f62dbeda4a65bb2f35b35bb51aa1',
          'caption' => 'apnews.com',
          'created_time' => '2017-01-28T03:30:32+0000',
          'name' => 'Ferguson missed deadlines in deal with Justice Department',
          'id' => '249655421622_10154276110816623',
          'message' => '"While a number of deadlines have been missed, and deadlines are important, that does not mean that the city is not working hard both in terms of police reform and court reform."'
        };

Domain: apnews.com

Sean Hannity
-----------------------------

The Ed Schultz Show
-----------------------------

The Atlantic
-----------------------------
$VAR1 = {
          'link' => 'http://theatln.tc/2k1umSs',
          'caption' => 'theatlantic.com',
          'created_time' => '2017-01-28T03:34:38+0000',
          'name' => 'The (Planet-Saving, Capitalism-Subverting, Surprisingly Lucrative) Investment Secrets of Al Gore',
          'id' => '29259828486_10155062036153487',
          'message' => "\x{201c}When they started, very few people believed that a sustainability strategy could offer competitive returns.\x{201d} (from 2015)"
        };

Domain: theatlantic.com

Bloomberg
-----------------------------

BuzzFeed
-----------------------------

Fox News
-----------------------------
$VAR1 = {
          'link' => 'http://insider.foxnews.com/2017/01/27/newt-gingrich-mainstream-media-coverage-trump-march-life-womens-march',
          'caption' => 'insider.foxnews.com',
          'created_time' => '2017-01-28T03:34:26+0000',
          'name' => 'Gingrich Blasts the Media: \'These Aren\'t Reporters, These Are Propagandists!\'',
          'id' => '15704546335_10155052975446336',
          'message' => '"Left-wing, pro-abortion, anti-conservative news media are going to do everything they can to hide from the reality that there are vastly more Americans who care about life."

Newt Gingrich blasted the mainstream media for extensively covering last week\'s Women\'s March, while largely ignoring today\'s March for Life.'
        };

Domain: foxnews.com
Response:
{"id":"1622501708043673_1649038315390012"}

VICE
-----------------------------

Glenn Beck
-----------------------------

The Other 98%
-----------------------------


Total Posts Made:	12


