***********************************************************************************
Started at 05:00:01 on 00/23/2017
***********************************************************************************
Querying souces from the past 15 minutes....

Al Jazeera
-----------------------------

Upworthy
-----------------------------

The Huffington Post
-----------------------------

HuffPost Women
-----------------------------

PBS News Hour
-----------------------------

ATTN:
-----------------------------

Reuters
-----------------------------

NowThis
-----------------------------

Daily Caller
-----------------------------

CNBC
-----------------------------

The Onion
-----------------------------

Opposing Views
-----------------------------

the Today Show
-----------------------------

Kotaku
-----------------------------

Washington Post
-----------------------------
$VAR1 = {
          'link' => 'https://www.washingtonpost.com/news/global-opinions/wp/2017/01/22/why-europe-was-alarmed-by-trumps-inaugural-address/?tid=sm_fb',
          'caption' => 'washingtonpost.com',
          'created_time' => '2017-01-23T10:00:00+0000',
          'name' => "Opinion | Why Europe was alarmed by Trump\x{2019}s inaugural address",
          'id' => '6250307292_10154690858382293',
          'message' => '"America First!" echoes the the European story of centuries of real carnage and catastrophe. via Washington Post Opinions, Outlook, and PostEverything'
        };

Domain: washingtonpost.com
Response:
{"id":"1622501708043673_1647166522243858"}

the American Center for Law and Justice
-----------------------------

VICE News
-----------------------------

PBS
-----------------------------

Mother Jones
-----------------------------

HuffPost Good News
-----------------------------

BBC News
-----------------------------

Breaking News
-----------------------------

The Verge
-----------------------------

New York Magazine
-----------------------------

TIME
-----------------------------

the Business Insider
-----------------------------
$VAR1 = {
          'link' => 'http://read.bi/2k9CkYz',
          'caption' => 'businessinsider.com',
          'created_time' => '2017-01-23T10:00:01+0000',
          'name' => 'REPORT: Bernie Madoff dominates the hot chocolate market in prison',
          'id' => '20446254070_10154315519409071',
          'message' => 'Once a businessman always a businessman.'
        };

Domain: businessinsider.com

ThinkProgress
-----------------------------

POLITICO
-----------------------------

USA TODAY
-----------------------------
$VAR1 = {
          'link' => 'http://www.usatoday.com/story/news/nation-now/2017/01/22/nj-attorney-general-painkillers/96932472/',
          'caption' => 'usatoday.com',
          'created_time' => '2017-01-23T10:00:00+0000',
          'name' => 'N.J. attorney general clamping down on painkillers',
          'id' => '13652355666_10154323340105667',
          'message' => 'New Jersey Attorney General Chris Porrino is using emergency powers to crack down on painkiller prescriptions.'
        };

Domain: usatoday.com
Response:
{"id":"1622501708043673_1647166635577180"}

American News
-----------------------------

ABC News
-----------------------------

HuffPost Politics
-----------------------------

NBC News
-----------------------------

AJ+
-----------------------------

Wikileaks
-----------------------------

CNNMoney
-----------------------------
$VAR1 = {
          'link' => 'http://cnnmon.ie/2iYA4pi',
          'caption' => 'money.cnn.com',
          'created_time' => '2017-01-23T09:48:01+0000',
          'name' => 'Chinese province admits falsifying economic data for years',
          'id' => '6651543066_10154306611578067',
          'message' => 'Longstanding doubts about the accuracy of China\'s economic data just got a big piece of supporting evidence. http://cnnmon.ie/2iYyUtY'
        };

Domain: cnn.com
Response:
{"id":"1622501708043673_1647166935577150"}

ABC News Politics
-----------------------------

Right Wing News
-----------------------------

The Wall Street Journal
-----------------------------

MSNBC
-----------------------------

the Drudge Report
-----------------------------

Mic
-----------------------------

The Economist
-----------------------------

Bloomberg Politics
-----------------------------
$VAR1 = {
          'link' => 'http://bloom.bg/2jgqJZT',
          'caption' => 'bloomberg.com',
          'created_time' => '2017-01-23T09:49:50+0000',
          'name' => 'Trump\'s White House Invitation Is a Diplomatic Dilemma for May',
          'id' => '1481073582140028_1873052262942156',
          'message' => 'Being the first European leader to visit Trump is an honor, but it comes with plenty of challenges.'
        };

Domain: bloomberg.com
Response:
{"id":"1622501708043673_1647166975577146"}

CBS News
-----------------------------
$VAR1 = {
          'link' => 'http://cbsn.ws/2khsUy5',
          'caption' => 'www.cbsnews.com',
          'created_time' => '2017-01-23T10:00:02+0000',
          'name' => 'A nonprofit pub that\'s good for what ales you',
          'id' => '131459315949_10154295220795950',
          'message' => 'The Oregon Public House in Portland claims to be the country\'s first pub to give away its profits.'
        };

Domain: cbsnews.com
Response:
{"id":"1622501708043673_1647167042243806"}

The Young Turks
-----------------------------

Occupy Democrats
-----------------------------

CBC News
-----------------------------
$VAR1 = {
          'link' => 'http://www.cbc.ca/news/canada/toronto/kathleen-wynne-writes-open-letter-criticizing-kevin-o-leary-s-policies-comments-1.3947394',
          'caption' => 'cbc.ca',
          'created_time' => '2017-01-23T10:00:00+0000',
          'name' => 'Kevin O\'Leary\'s view of government to serve \'society\'s most well-off,\' writes Wynne in open letter',
          'id' => '5823419603_10155079706674604',
          'message' => 'Wynne wrote the letter in response to comments she said O\'Leary made to media, though she didn\'t give specifics about which media
outlets.'
        };

Newsweek
-----------------------------

CNN International
-----------------------------

The New Yorker
-----------------------------
$VAR1 = {
          'link' => 'http://nyer.cm/VYLBtoJ',
          'caption' => 'newyorker.com',
          'created_time' => '2017-01-23T10:00:04+0000',
          'name' => 'Where the Second Avenue Subway Went Wrong',
          'id' => '9258148868_10154404948998869',
          'message' => "It\x{2019}s good for government to do big things, great things. But it\x{2019}s better if it can do them under budget."
        };

Domain: newyorker.com
Response:
{"id":"1622501708043673_1647167195577124"}

Rush Limbaugh
-----------------------------

The Independent
-----------------------------
$VAR1 = {
          'link' => 'http://www.independent.co.uk/news/business/news/dollar-and-stocks-slip-on-concerns-around-donald-trump-s-policies-a7540961.html?cmpid=facebook-post',
          'caption' => 'independent.co.uk',
          'created_time' => '2017-01-23T09:59:00+0000',
          'name' => 'This is what Donald Trump has done to the dollar',
          'id' => '13312631635_10154418256836636',
          'message' => 'Not pretty'
        };

Domain: independent.co.uk

TheBlaze
-----------------------------

NPR Politics
-----------------------------

The New York Times
-----------------------------
$VAR1 = {
          'link' => 'https://www.nytimes.com/2017/01/15/nyregion/neediest-cases-fund-ragoo-trinidad.html?smid=fb-nytimes&smtyp=cur',
          'caption' => 'nytimes.com',
          'created_time' => '2017-01-23T09:55:00+0000',
          'name' => 'Maintaining a Sunny Spirit in the Face of Hardship',
          'id' => '5281959998_10151051151204999',
          'message' => 'A stroke left her partly paralyzed, but she\'s still able to laugh off life\'s setbacks.'
        };

Domain: nytimes.com
Response:
{"id":"1622501708043673_1647167252243785"}

NPR
-----------------------------
$VAR1 = {
          'link' => 'http://www.npr.org/2017/01/23/511151790/atlanta-falcons-new-england-patriots-to-meet-on-super-bowl-sunday?utm_source=facebook.com&utm_medium=social&utm_campaign=npr&utm_term=nprnews&utm_content=20170123',
          'caption' => 'npr.org',
          'created_time' => '2017-01-23T10:00:12+0000',
          'name' => 'Atlanta Falcons, New England Patriots To Meet On Super Bowl Sunday',
          'id' => '10643211755_10155220861891756',
          'message' => 'The Falcons (13-5) will face Tom Brady and the Patriots on Feb. 5 in Houston, just the second Super Bowl appearance in Atlanta\'s 51-year history.'
        };

Domain: npr.org
Response:
{"id":"1622501708043673_1647167358910441"}

MSN
-----------------------------

CNN Politics
-----------------------------

The Daily Show
-----------------------------

Daily Kos
-----------------------------

Yahoo News
-----------------------------

The Guardian
-----------------------------
$VAR1 = {
          'link' => 'https://www.theguardian.com/commentisfree/2017/jan/22/trump-boastful-bluster-drown-out-obama-legacy?CMP=fb_gu',
          'caption' => 'theguardian.com',
          'created_time' => '2017-01-23T10:00:00+0000',
          'name' => "Will Donald Trump\x{2019}s boastful bluster drown out the Obama legacy?",
          'id' => '10513336322_10154988635016323',
          'message' => "\"America is about to experience a profound sense of whiplash as power is transferred from a president whose eloquence brought him to the public stage to one whose modes of communication are largely limited to political pep rallies and \x{201c}mean tweets\x{201d}.\""
        };

Domain: theguardian.com
Response:
{"id":"1622501708043673_1647167472243763"}

CNN
-----------------------------

Slate.com
-----------------------------

the AP
-----------------------------
$VAR1 = {
          'link' => 'http://apne.ws/2k7pRFC',
          'caption' => 'apnews.com',
          'created_time' => '2017-01-23T09:56:24+0000',
          'name' => 'Trump\'s biggest campaign promises face \'Day 1\' test',
          'id' => '249655421622_10154260176141623',
          'message' => 'Some of Trump\'s proposals would be easy: They require executive action or simply announcing his intention to do something. Others, however, require congressional approval and would likely draw numerous legal challenges.'
        };

Domain: apnews.com

Sean Hannity
-----------------------------

The Ed Schultz Show
-----------------------------

The Atlantic
-----------------------------

Bloomberg
-----------------------------

BuzzFeed
-----------------------------

Fox News
-----------------------------
$VAR1 = {
          'link' => 'https://www.facebook.com/FoxNews/videos/10155030115251336/',
          'created_time' => '2017-01-23T10:00:00+0000',
          'id' => '15704546335_10155030115251336',
          'message' => '"I\'m very impressed with what he\'s accomplished and I\'m very impressed with the Cabinet he\'s put together."

Saturday on "Justice," actor Jon Voight shared his positive impression of President Donald J. Trump.'
        };

VICE
-----------------------------

Glenn Beck
-----------------------------

The Other 98%
-----------------------------


Total Posts Made:	9


