***********************************************************************************
Started at 16:45:01 on 11/17/2016
***********************************************************************************
Querying souces from the past 15 minutes....

Al Jazeera
-----------------------------

Upworthy
-----------------------------

The Huffington Post
-----------------------------

HuffPost Women
-----------------------------

PBS News Hour
-----------------------------

ATTN:
-----------------------------

Reuters
-----------------------------

NowThis
-----------------------------

Daily Caller
-----------------------------

CNBC
-----------------------------

The Onion
-----------------------------

Opposing Views
-----------------------------
$VAR1 = {
          'link' => 'http://www.americanow.com/story/society/2016/12/17/postal-worker-investigates-why-older-woman-was-sending-so-many-packages?fb=ov',
          'caption' => 'americanow.com',
          'created_time' => '2016-12-17T21:40:00+0000',
          'name' => 'Postal Worker Investigates Why Older Woman Was Sending So Many Packages, Gets Huge Shock',
          'id' => '34226391050_10154350131406051',
          'message' => 'The postal worker noticed that the woman who usually only buys stamps started sending loads of packages to random locations. It\'s a good thing she checked on her.'
        };

Domain: americanow.com

the Today Show
-----------------------------

Kotaku
-----------------------------
$VAR1 = {
          'link' => 'http://trib.al/IWANuzM',
          'caption' => 'kotaku.com',
          'created_time' => '2016-12-17T21:33:21+0000',
          'name' => 'Overwatch Doesn\'t Like It When You Stack Mei\'s Ice Walls',
          'id' => '273824104039_10154936234794040',
          'message' => 'Weird science'
        };

Domain: kotaku.com

Washington Post
-----------------------------
$VAR1 = {
          'link' => 'https://www.washingtonpost.com/news/post-nation/wp/2016/12/17/its-terrible-its-christmastime-fire-that-killed-elderly-couple-blamed-on-faulty-tree-lights/?tid=sm_fb',
          'caption' => 'washingtonpost.com',
          'created_time' => '2016-12-17T21:44:01+0000',
          'name' => "\x{2018}It\x{2019}s terrible it\x{2019}s Christmastime\x{2019}: Fire that killed elderly couple blamed on faulty tree lights",
          'id' => '6250307292_10154542647362293',
          'message' => 'Neighbors say they are devastated by the death of their Utah residents.'
        };

Domain: washingtonpost.com
Response:
read timeout at /usr/local/share/perl5/Net/HTTP/Methods.pm line 271.

$VAR1 = {
          'link' => 'http://www.washingtonpost.com/blogs/worldviews/wp/2016/12/17/was-anne-franks-family-betrayed-after-72-years-historians-have-a-new-theory/',
          'caption' => 'washingtonpost.com',
          'created_time' => '2016-12-17T21:41:40+0000',
          'name' => "Was Anne Frank\x{2019}s family betrayed? After 72 years, historians have a new theory.",
          'id' => '6250307292_10154543612257293',
          'message' => 'Of the eight people in hiding, seven died before the Holocaust was over, including Anne Frank.'
        };

Domain: washingtonpost.com
Response:
read timeout at /usr/local/share/perl5/Net/HTTP/Methods.pm line 271.


the American Center for Law and Justice
-----------------------------

VICE News
-----------------------------

PBS
-----------------------------

Mother Jones
-----------------------------

HuffPost Good News
-----------------------------

BBC News
-----------------------------

Breaking News
-----------------------------

The Verge
-----------------------------

New York Magazine
-----------------------------

TIME
-----------------------------

the Business Insider
-----------------------------
$VAR1 = {
          'link' => 'http://read.bi/2gTQGxg',
          'caption' => 'businessinsider.com',
          'created_time' => '2016-12-17T21:40:06+0000',
          'name' => 'Former Stanford dean shares the 8 skills everyone should have by age 18',
          'id' => '20446254070_10154197908044071',
          'message' => 'Our kids should have at least one part-time job by the time they\'re 18.'
        };

Domain: businessinsider.com

ThinkProgress
-----------------------------

POLITICO
-----------------------------

USA TODAY
-----------------------------
$VAR1 = {
          'link' => 'http://usat.ly/2i0UVoG',
          'caption' => 'usatoday.com',
          'created_time' => '2016-12-17T21:40:00+0000',
          'name' => 'GOP electors targeted with $500K ad buy in final anti-Trump push',
          'id' => '13652355666_10154175872460667',
          'message' => 'Outside groups are sinking half a million dollars in a final push to stop Donald J. Trump.'
        };

Domain: usatoday.com
Response:
read timeout at /usr/local/share/perl5/Net/HTTP/Methods.pm line 271.


American News
-----------------------------

ABC News
-----------------------------
$VAR1 = {
          'link' => 'https://www.facebook.com/ABCNews/videos/10155152325688812/',
          'created_time' => '2016-12-17T21:35:37+0000',
          'name' => "Dying Man Granted Wish to Marry Fianc\x{e9}e in Hospital, Dies Hour...",
          'id' => '86680728811_10155152325688812',
          'message' => "Man with terminal leukemia is granted his final wish to marry his fianc\x{e9}e in a Texas hospital. 36 hours after the ceremony, he passed away. \"I was his angel here on earth and now he\x{2019}s my angel up in heaven.\" http://abcn.ws/2hvrnSU"
        };

HuffPost Politics
-----------------------------

NBC News
-----------------------------
$VAR1 = {
          'link' => 'http://nbcnews.to/2hGMiR6',
          'caption' => 'nbcnews.com',
          'created_time' => '2016-12-17T21:30:31+0000',
          'name' => 'Winter storms wreak havoc with three deaths, 55-car pile up',
          'id' => '155869377766434_1622785124408178',
          'message' => 'The winter storm pummeling the eastern half of the United States has created incredibly dangerous travel conditions across the nation.'
        };

Domain: nbcnews.com
Response:
read timeout at /usr/local/share/perl5/Net/HTTP/Methods.pm line 271.


AJ+
-----------------------------

Wikileaks
-----------------------------

CNNMoney
-----------------------------
$VAR1 = {
          'link' => 'https://www.facebook.com/cnnmoney/videos/10154198365478067/',
          'created_time' => '2016-12-17T21:33:20+0000',
          'name' => 'Kate Upton: Cyberbullies will judge no matter what',
          'id' => '6651543066_10154198365478067',
          'message' => 'Model and actress Kate Upton says the best way to deal with cyberbullying is to ignore it and live your life. http://cnnmon.ie/2hg2Qhq'
        };

ABC News Politics
-----------------------------

Right Wing News
-----------------------------

The Wall Street Journal
-----------------------------

MSNBC
-----------------------------
$VAR1 = {
          'link' => 'http://on.msnbc.com/2hZQytX',
          'caption' => 'nbcnews.com',
          'created_time' => '2016-12-17T21:30:31+0000',
          'name' => 'Inmates hope for a last-minute shot at clemency from Obama',
          'id' => '273864989376427_1396598480436400',
          'message' => '"We just don\'t see no daylight after Obama is gone... I think this is my last shot."'
        };

Domain: nbcnews.com
Response:
read timeout at /usr/local/share/perl5/Net/HTTP/Methods.pm line 271.


the Drudge Report
-----------------------------

Mic
-----------------------------

The Economist
-----------------------------
$VAR1 = {
          'link' => 'http://econ.st/2hGbwiq',
          'caption' => 'economist.com',
          'created_time' => '2016-12-17T21:41:29+0000',
          'name' => 'Erdogan is gaining power but starting to face headwinds',
          'id' => '6013004059_10154897080919060',
          'message' => 'Experience shows that Erdogan\'s enemies often turn out to be his most effective enablers'
        };

Domain: economist.com
Response:
read timeout at /usr/local/share/perl5/Net/HTTP/Methods.pm line 271.


Bloomberg Politics
-----------------------------

CBS News
-----------------------------
$VAR1 = {
          'link' => 'http://cbsn.ws/2hvspyp',
          'caption' => 'www.cbsnews.com',
          'created_time' => '2016-12-17T21:40:02+0000',
          'name' => 'Attorney General defends FBI over Russia hacking case',
          'id' => '131459315949_10154181045400950',
          'message' => 'Loretta Lynch pushed back on criticisms of the FBI following its investigation into the Russian-directed hacks of the Democratic National Committee.'
        };

Domain: cbsnews.com
Response:
read timeout at /usr/local/share/perl5/Net/HTTP/Methods.pm line 271.


The Young Turks
-----------------------------

Occupy Democrats
-----------------------------
$VAR1 = {
          'link' => 'http://occupydemocrats.com/2016/12/17/obama-just-showed-trump-deal-china-like-adult/',
          'caption' => 'occupydemocrats.com',
          'created_time' => '2016-12-17T21:38:29+0000',
          'name' => 'Obama Just Showed Trump How To Deal With China Like An Adult',
          'id' => '346937065399354_1355346631225054',
          'message' => 'THIS is how it\'s done, Trump...'
        };

Domain: occupydemocrats.com

CBC News
-----------------------------
$VAR1 = {
          'link' => 'http://www.cbc.ca/news/entertainment/ryan-gosling-talks-canada-1.3901805',
          'caption' => 'cbc.ca',
          'created_time' => '2016-12-17T21:45:00+0000',
          'name' => 'Ryan Gosling on Canadian roots: \'I always felt like I had something to go back to\'',
          'id' => '5823419603_10154954143059604',
          'message' => '"She just thinks of us as America\'s hat."'
        };

Newsweek
-----------------------------

CNN International
-----------------------------

The New Yorker
-----------------------------

Rush Limbaugh
-----------------------------

The Independent
-----------------------------
$VAR1 = {
          'link' => 'http://www.independent.co.uk/travel/this-is-why-aeroplane-windows-have-tiny-holes-a6965446.html?cmpid=facebook-post',
          'caption' => 'independent.co.uk',
          'created_time' => '2016-12-17T21:31:00+0000',
          'name' => 'This is why aeroplane windows have tiny holes',
          'id' => '13312631635_10154298820651636',
          'message' => 'Now we know'
        };

Domain: independent.co.uk

TheBlaze
-----------------------------

NPR Politics
-----------------------------

The New York Times
-----------------------------

NPR
-----------------------------

MSN
-----------------------------

CNN Politics
-----------------------------

The Daily Show
-----------------------------

Daily Kos
-----------------------------

Yahoo News
-----------------------------
$VAR1 = {
          'link' => 'https://yhoo.it/2hTCAhp',
          'caption' => 'yahoo.com',
          'created_time' => '2016-12-17T21:40:06+0000',
          'name' => 'China will return seized U.S. drone, says Washington \'hyping up\' incident',
          'id' => '338028696036_10155000901506037',
          'message' => 'Beijing complained the United States had been "hyping up" the incident.'
        };

Domain: yahoo.com
Response:
read timeout at /usr/local/share/perl5/Net/HTTP/Methods.pm line 271.


The Guardian
-----------------------------

CNN
-----------------------------

Slate.com
-----------------------------

the AP
-----------------------------

Sean Hannity
-----------------------------
$VAR1 = {
          'link' => 'http://www.hannity.com/articles/immigration-487258/donald-trump-wins-wisconsin-again-15386613/',
          'caption' => 'hannity.com',
          'created_time' => '2016-12-17T21:43:05+0000',
          'name' => 'Donald Trump Wins Wisconsin! Again!',
          'id' => '69813760388_10158084369830389',
          'message' => 'In Case You Missed It'
        };

Domain: hannity.com
Response:
read timeout at /usr/local/share/perl5/Net/HTTP/Methods.pm line 271.


The Ed Schultz Show
-----------------------------

The Atlantic
-----------------------------

Bloomberg
-----------------------------

BuzzFeed
-----------------------------

Fox News
-----------------------------
$VAR1 = {
          'link' => 'https://www.facebook.com/FoxNews/videos/10154905072456336/',
          'created_time' => '2016-12-17T21:40:24+0000',
          'id' => '15704546335_10154905072456336',
          'message' => 'President-elect Donald J. Trump holds a "Thank You" rally in Mobile, Alabama.'
        };

VICE
-----------------------------
$VAR1 = {
          'link' => 'http://www.vice.com/read/i-built-a-house-from-garbage-put-it-on-airbnb-and-tried-to-get-rich?utm_source=vicefbus',
          'caption' => 'www.vice.com',
          'created_time' => '2016-12-17T21:40:01+0000',
          'name' => 'I Built a House From Garbage and Put it on Airbnb in a Failed Scheme to Get Rich',
          'id' => '167115176655082_1492773400755913',
          'message' => 'As you can see, there were problems.'
        };

Domain: vice.com

Glenn Beck
-----------------------------

The Other 98%
-----------------------------
$VAR1 = {
          'link' => 'https://www.facebook.com/TheOther98/photos/a.115969958413991.17486.114517875225866/1586255358052103/?type=3',
          'created_time' => '2016-12-17T21:36:53+0000',
          'name' => 'Timeline Photos',
          'id' => '114517875225866_1586255358052103'
        };


Total Posts Made:	9


