***********************************************************************************
Started at 03:15:01 on 11/28/2016
***********************************************************************************
Querying souces from the past 15 minutes....

Al Jazeera
-----------------------------
$VAR1 = {
          'link' => 'http://aje.io/sr3y',
          'caption' => 'aljazeera.com',
          'created_time' => '2016-12-28T08:00:30+0000',
          'name' => 'Russia, Turkey: US supporting Syria \'terrorist\' groups',
          'id' => '7382473689_10155028762618690',
          'message' => 'Erdogan: "US gives support to terrorist groups including Daesh"'
        };

Domain: aljazeera.com
Response:
{"id":"1622501708043673_1637423683218142"}

Upworthy
-----------------------------

The Huffington Post
-----------------------------
$VAR1 = {
          'link' => 'http://huff.to/2i4KeVm',
          'caption' => 'huffingtonpost.com',
          'created_time' => '2016-12-28T08:00:11+0000',
          'name' => 'Carl Paladino Says Racist Email About Obamas Was Only Meant For His Friends',
          'id' => '18468761129_10154556313076130',
          'message' => 'Oh, OK then.'
        };

Domain: huffingtonpost.com
Response:
{"id":"1622501708043673_1637423733218137"}

HuffPost Women
-----------------------------
$VAR1 = {
          'link' => 'http://huff.to/2hkiiZk',
          'caption' => 'huffingtonpost.com',
          'created_time' => '2016-12-28T08:00:04+0000',
          'name' => '8 Tips For Avoiding Information Overload',
          'id' => '153213781413350_1257132521021465',
          'message' => '...That do not include chucking your phone out the window.'
        };

Domain: huffingtonpost.com
Response:
{"id":"1622501708043673_1637423793218131"}

PBS News Hour
-----------------------------

ATTN:
-----------------------------

Reuters
-----------------------------
$VAR1 = {
          'link' => 'http://reut.rs/2i6hwTN',
          'caption' => 'www.reuters.com',
          'created_time' => '2016-12-28T08:05:10+0000',
          'name' => 'Quoting Mao, China says Taiwan, HK independence supporters will fail \'like flies\'',
          'id' => '114050161948682_1343783855641967',
          'message' => 'Quoting a poem by the founder of Communist China Mao Zedong, China\'s government said on Wednesday that the efforts by Hong Kong and Taiwan independence supporters to link up were doomed to fail, as they would be dashed to the ground like flies.'
        };

Domain: reuters.com

NowThis
-----------------------------

Daily Caller
-----------------------------

CNBC
-----------------------------

The Onion
-----------------------------

Opposing Views
-----------------------------

the Today Show
-----------------------------

Kotaku
-----------------------------

Washington Post
-----------------------------

the American Center for Law and Justice
-----------------------------

VICE News
-----------------------------

PBS
-----------------------------

Mother Jones
-----------------------------

HuffPost Good News
-----------------------------

BBC News
-----------------------------

Breaking News
-----------------------------

The Verge
-----------------------------
$VAR1 = {
          'link' => 'http://www.theverge.com/2016/12/28/14097510/lg-neckbuds-neck-speaker-tone-free-studio',
          'caption' => 'theverge.com',
          'created_time' => '2016-12-28T08:03:46+0000',
          'name' => 'LG loves neckbuds so much it made a neck speaker',
          'id' => '193742123995472_1300602449976095',
          'message' => 'Protect ya neck.'
        };

Domain: theverge.com

New York Magazine
-----------------------------
$VAR1 = {
          'link' => 'http://nym.ag/2hByYPW',
          'caption' => 'nymag.com',
          'created_time' => '2016-12-28T08:14:41+0000',
          'name' => 'Would You Drop $12,000 to Learn to Drive a Lamborghini?',
          'id' => '14516439825_10154900732839826',
          'message' => "Should you enroll in the Lamborghini driving academy, you\x{2019}ll be welcome to take your choice of an alarmingly glamorous stable of supercars."
        };

Domain: nymag.com

TIME
-----------------------------

the Business Insider
-----------------------------
$VAR1 = {
          'link' => 'http://read.bi/2hrpSEN',
          'caption' => 'businessinsider.com',
          'created_time' => '2016-12-28T08:14:55+0000',
          'name' => "This incredibly simple trick fixes your iPhone if it's acting slow \x{2014} and it takes less than 30 seconds",
          'id' => '20446254070_10154232021084071',
          'message' => 'Speed up your iPhone in less than 30 seconds.'
        };

Domain: businessinsider.com
$VAR1 = {
          'link' => 'http://read.bi/2iBblUN',
          'caption' => 'businessinsider.com',
          'created_time' => '2016-12-28T08:00:30+0000',
          'name' => '7 rules for flying like a modern gentleman',
          'id' => '20446254070_10154231988329071',
          'message' => 'Don\'t hog the armrest.'
        };

Domain: businessinsider.com

ThinkProgress
-----------------------------

POLITICO
-----------------------------

USA TODAY
-----------------------------

American News
-----------------------------

ABC News
-----------------------------
$VAR1 = {
          'link' => 'http://abcn.ws/2ipbOuf',
          'caption' => 'abcnews.go.com',
          'created_time' => '2016-12-28T08:03:27+0000',
          'name' => 'Mother Walks 30 Miles to Save Her Family Stranded Near the Grand Canyon',
          'id' => '86680728811_10155192858828812',
          'message' => "Mother walks 30 miles through the snow on Christmas Eve to get help for her family who was stranded in their car near the Grand Canyon. \"Your instincts kick in - that you\x{2019}re a mom, this is what you do, this is what you have to do for your family. That\x{2019}s the number one priority.\""
        };

Domain: go.com
Response:
{"id":"1622501708043673_1637423876551456"}

HuffPost Politics
-----------------------------
$VAR1 = {
          'link' => 'http://huff.to/2ibJDiC',
          'caption' => 'huffingtonpost.com',
          'created_time' => '2016-12-28T08:00:09+0000',
          'name' => 'These Are The Lives That Obamacare Helped Save',
          'id' => '56845382910_10154649541297911',
          'message' => 'Thus far, the law has helped roughly 20 million people gain health coverage.'
        };

Domain: huffingtonpost.com
Response:
{"id":"1622501708043673_1637423936551450"}

NBC News
-----------------------------

AJ+
-----------------------------

Wikileaks
-----------------------------

CNNMoney
-----------------------------
$VAR1 = {
          'link' => 'http://cnnmon.ie/2gZy5BN',
          'caption' => 'www.aol.com',
          'created_time' => '2016-12-28T08:05:02+0000',
          'name' => 'How to build your credit score',
          'id' => '6651543066_10154230475688067',
          'message' => 'Do you know your credit score? Do you know how to build it up? Try these tips when you\'re just starting out. http://cnnmon.ie/2gZy5BN via AOL Finance'
        };

Domain: aol.com

ABC News Politics
-----------------------------

Right Wing News
-----------------------------

The Wall Street Journal
-----------------------------
$VAR1 = {
          'link' => 'http://on.wsj.com/2hrRKsv',
          'caption' => 'wsj.com',
          'created_time' => '2016-12-28T08:00:23+0000',
          'name' => "One of 2016\x{2019}s Worst-Performing Assets: Frontier Markets",
          'id' => '8304333127_10155189167348128',
          'message' => 'Thanks to the disappointing performance, investors pulled $840 million in 2016 from frontier-market funds through Dec. 21, according to EPFR Global.'
        };

Domain: wsj.com
Response:
{"id":"1622501708043673_1637423979884779"}

MSNBC
-----------------------------

the Drudge Report
-----------------------------

Mic
-----------------------------

The Economist
-----------------------------

Bloomberg Politics
-----------------------------

CBS News
-----------------------------

The Young Turks
-----------------------------

Occupy Democrats
-----------------------------

CBC News
-----------------------------

Newsweek
-----------------------------

CNN International
-----------------------------
$VAR1 = {
          'link' => 'https://www.facebook.com/cnninternational/videos/10154839282824641/',
          'created_time' => '2016-12-28T08:01:53+0000',
          'name' => 'Finding treasure in the mud of London\'s Thames',
          'id' => '18793419640_10154839282824641',
          'message' => 'What was a job in the 19th century is now a \'muddy\' hobby, requiring a permit.  Join CNN for a truly British \'Mudlarking\' trip down London\'s River Thames. http://cnn.it/2hKztEo'
        };

The New Yorker
-----------------------------

Rush Limbaugh
-----------------------------

The Independent
-----------------------------
$VAR1 = {
          'link' => 'http://www.independent.co.uk/news/world/europe/time-taken-to-travel-to-work-should-count-as-work-according-to-european-court-10494961.html?cmpid=facebook-post',
          'caption' => 'independent.co.uk',
          'created_time' => '2016-12-28T08:01:00+0000',
          'name' => 'Court rules time taken travelling to work should count as work',
          'id' => '13312631635_10154332421216636',
          'message' => 'About time'
        };

Domain: independent.co.uk

TheBlaze
-----------------------------

NPR Politics
-----------------------------

The New York Times
-----------------------------

NPR
-----------------------------

MSN
-----------------------------

CNN Politics
-----------------------------
$VAR1 = {
          'link' => 'http://cnn.it/2huTcfg',
          'caption' => 'www.cnn.com',
          'created_time' => '2016-12-28T08:01:01+0000',
          'name' => 'What the immigration battle could look like under Trump',
          'id' => '219367258105115_1418398554868640',
          'message' => "The high stakes battle over immigration policy has politicians and thinkers on all sides of the spectrum preparing for battles that could last years \x{2014} leaving millions of people in the US unsure of whether they'll be able to stay in the country as Donald J. Trump takes office."
        };

Domain: cnn.com
Response:
{"id":"1622501708043673_1637424056551438"}

The Daily Show
-----------------------------

Daily Kos
-----------------------------

Yahoo News
-----------------------------
$VAR1 = {
          'link' => 'https://yhoo.it/2hIVy6s',
          'caption' => 'yahoo.com',
          'created_time' => '2016-12-28T08:00:25+0000',
          'name' => 'Huge but empty pyramid hotel a sphinx-like N. Korean mystery',
          'id' => '338028696036_10155042303526037',
          'message' => 'Intended to be the world\'s tallest hotel, it has yet to host a guest.'
        };

Domain: yahoo.com
Response:
{"id":"1622501708043673_1637424103218100"}

The Guardian
-----------------------------

CNN
-----------------------------
$VAR1 = {
          'link' => 'https://www.facebook.com/cnn/videos/10155824156701509/',
          'created_time' => '2016-12-28T08:01:51+0000',
          'name' => 'Finding treasure in the mud of London\'s Thames',
          'id' => '5550296508_10155824156701509',
          'message' => 'What was a job in the 19th century is now a \'muddy\' hobby, requiring a permit.  Join CNN for a truly British \'Mudlarking\' trip down London\'s River Thames. http://cnn.it/2hKDg4I'
        };

Slate.com
-----------------------------

the AP
-----------------------------

Sean Hannity
-----------------------------

The Ed Schultz Show
-----------------------------

The Atlantic
-----------------------------

Bloomberg
-----------------------------
$VAR1 = {
          'link' => 'http://bloom.bg/2id4T7C',
          'caption' => 'bloomberg.com',
          'created_time' => '2016-12-28T08:01:41+0000',
          'name' => "The World\x{2019}s Richest Added \$237 Billion to Their Fortunes in 2016",
          'id' => '266790296879_10154877116701880',
          'message' => 'Warren Buffett added the most: $11.8 billion.'
        };

Domain: bloomberg.com
Response:
{"id":"1622501708043673_1637424136551430"}

BuzzFeed
-----------------------------

Fox News
-----------------------------

VICE
-----------------------------

Glenn Beck
-----------------------------

The Other 98%
-----------------------------


Total Posts Made:	9


