***********************************************************************************
Started at 00:00:02 on 00/28/2017
***********************************************************************************
Querying souces from the past 15 minutes....

Al Jazeera
-----------------------------
$VAR1 = {
          'link' => 'http://www.aljazeera.com/indepth/opinion/2017/01/embassy-move-jerusalem-won-happen-170127094051812.html',
          'caption' => 'aljazeera.com',
          'created_time' => '2017-01-28T05:00:00+0000',
          'name' => 'The US embassy\'s move to Jerusalem won\'t happen soon',
          'id' => '7382473689_10155155457173690',
          'message' => '"If the embassy is not moved, such a decision might be the outcome of a backroom dealing which may result in a US policy even more biased towards Israel."

- Daoud Kuttab'
        };

Domain: aljazeera.com
Response:
{"id":"1622501708043673_1649050952055415"}

Upworthy
-----------------------------

The Huffington Post
-----------------------------

HuffPost Women
-----------------------------

PBS News Hour
-----------------------------
$VAR1 = {
          'link' => 'http://to.pbs.org/2kvUfcL',
          'caption' => 'pbs.org',
          'created_time' => '2017-01-28T05:00:01+0000',
          'name' => 'Anti-abortion activists welcome Trump administration support',
          'id' => '6491828674_10155026717693675',
          'message' => "Thousands of anti-abortion activists attended the March for Life in Washington. President Trump has signaled he\x{2019}s listening."
        };

Domain: pbs.org
Response:
{"id":"1622501708043673_1649051022055408"}

ATTN:
-----------------------------

Reuters
-----------------------------

NowThis
-----------------------------
$VAR1 = {
          'link' => 'https://www.facebook.com/NowThisWeed/videos/1231903686892094/',
          'created_time' => '2017-01-28T05:00:00+0000',
          'name' => 'NowThis Weed',
          'id' => '341163402640457_1316394341784020',
          'message' => "Sadly, this weed-smoked turkey sandwich won\x{2019}t get you high"
        };

Daily Caller
-----------------------------

CNBC
-----------------------------

The Onion
-----------------------------

Opposing Views
-----------------------------

the Today Show
-----------------------------

Kotaku
-----------------------------

Washington Post
-----------------------------
$VAR1 = {
          'link' => 'https://www.washingtonpost.com/news/in-sight/wp/2017/01/27/this-photographer-shot-more-than-100-famous-people-in-two-years-and-these-are-his-favorites/?tid=sm_fb',
          'caption' => 'washingtonpost.com',
          'created_time' => '2017-01-28T05:00:00+0000',
          'name' => 'This photographer shot more than 100 famous people in two years. These are his favorites.',
          'id' => '6250307292_10154712569237293',
          'message' => "\"You have to forget you\x{2019}re a fan. After you do that, you can learn a lot, like Tom Hanks is a doting grandfather who collects typewriters ...\""
        };

Domain: washingtonpost.com
Response:
{"id":"1622501708043673_1649051065388737"}

the American Center for Law and Justice
-----------------------------

VICE News
-----------------------------

PBS
-----------------------------

Mother Jones
-----------------------------

HuffPost Good News
-----------------------------

BBC News
-----------------------------

Breaking News
-----------------------------

The Verge
-----------------------------

New York Magazine
-----------------------------

TIME
-----------------------------

the Business Insider
-----------------------------
$VAR1 = {
          'link' => 'http://read.bi/2k23YYx',
          'caption' => 'businessinsider.com',
          'created_time' => '2017-01-28T05:00:10+0000',
          'name' => 'Trump\'s executive order could block 500,000 legal US residents from returning to America from trips',
          'id' => '20446254070_10154332351704071',
          'message' => 'This is troubling.'
        };

Domain: businessinsider.com

ThinkProgress
-----------------------------

POLITICO
-----------------------------

USA TODAY
-----------------------------
$VAR1 = {
          'link' => 'http://www.usatoday.com/story/life/people/2017/01/27/hollywood-reacts-john-hurt-death/97170434/',
          'caption' => 'usatoday.com',
          'created_time' => '2017-01-28T05:00:00+0000',
          'name' => 'Hollywood reacts to John Hurt\'s death',
          'id' => '13652355666_10154349002645667',
          'message' => "\"John Hurt was one of the most powerful, giving, and effortlessly real actors I've ever worked with. Remarkable human being. U will be missed.\" \x{2014} Chris Evans."
        };

Domain: usatoday.com
Response:
{"id":"1622501708043673_1649051138722063"}

American News
-----------------------------

ABC News
-----------------------------

HuffPost Politics
-----------------------------

NBC News
-----------------------------

AJ+
-----------------------------
$VAR1 = {
          'link' => 'https://www.facebook.com/ajplusenglish/videos/889451244529717/',
          'created_time' => '2017-01-28T05:00:00+0000',
          'name' => '#NoDAPL Reacts to Trump\'s Pipeline Order',
          'id' => '407570359384477_889451244529717',
          'message' => '#NoDAPL protesters react to President Trump\'s executive order to revive the pipeline.'
        };

Wikileaks
-----------------------------

CNNMoney
-----------------------------
$VAR1 = {
          'link' => 'http://cnnmon.ie/2jGfM1F',
          'caption' => 'money.cnn.com',
          'created_time' => '2017-01-28T04:46:00+0000',
          'name' => 'The Twitter resistance: Fighting Trump one tweet at a time',
          'id' => '6651543066_10154324077758067',
          'message' => 'Comedians, politicians, celebrities and citizens are trying to use Trump\'s favorite communication platform against him. http://cnnmon.ie/2jGfM1F via CNNTech'
        };

Domain: cnn.com
Response:
{"id":"1622501708043673_1649051352055375"}

ABC News Politics
-----------------------------

Right Wing News
-----------------------------
$VAR1 = {
          'link' => 'http://newsbake.com/sports/nascar/dale-jr-tearfully-releases-update-recovery-need-praying/?utm_source=Right+Wing+News&utm_campaign=dale%2F1%2F27&utm_content=Right+Wing+News%2Fdale%2F1%2F27',
          'caption' => 'newsbake.com',
          'created_time' => '2017-01-28T05:00:00+0000',
          'name' => 'Dale Jr Tearfully Releases An Update On His Recovery, We Need To Be Praying...',
          'id' => '389658314427637_1683862778340511',
          'message' => 'Oh no...

Could this be the end of the Earnhardt legacy...'
        };

Domain: newsbake.com

The Wall Street Journal
-----------------------------

MSNBC
-----------------------------

the Drudge Report
-----------------------------
$VAR1 = {
          'link' => 'http://www.dallasnews.com/news/baylor/2017/01/27/new-baylor-lawsuit-describes-show-em-good-time-culture-cites-52-rapes-football-players-4-years',
          'caption' => 'dallasnews.com',
          'created_time' => '2017-01-28T04:58:52+0000',
          'name' => 'New Baylor lawsuit alleges 52 rapes by football players in 4 years, \'show \'em a good time\' culture | Baylor | Dallas News',
          'id' => '102533606954_10154812827911955',
          'message' => 'BAYLOR lawsuit alleges 52 rapes by football players in 4 years...'
        };

Domain: dallasnews.com

Mic
-----------------------------

The Economist
-----------------------------

Bloomberg Politics
-----------------------------

CBS News
-----------------------------
$VAR1 = {
          'link' => 'http://cbsn.ws/2jnsXUm',
          'caption' => 'www.cbsnews.com',
          'created_time' => '2017-01-28T05:00:04+0000',
          'name' => 'Couple overdoses with infants in the backseat, sheriff says',
          'id' => '131459315949_10154312875135950',
          'message' => "Deputies say they found a loaded syringe next to a container of baby formula on the vehicle\x{2019}s floorboard."
        };

Domain: cbsnews.com
Response:
{"id":"1622501708043673_1649051472055363"}
$VAR1 = {
          'link' => 'http://cbsn.ws/2jyXbap',
          'caption' => 'www.cbsnews.com',
          'created_time' => '2017-01-28T04:53:34+0000',
          'name' => 'Celebrities react to death of British actor John Hurt',
          'id' => '131459315949_10154312867710950',
          'message' => "\x{201c}Wand shopping won\x{2019}t be the same without you,\" tweeted Bonnie Wright, who played Ginny Weasley in the Harry Potter film series."
        };

Domain: cbsnews.com
Response:
{"id":"1622501708043673_1649051778721999"}

The Young Turks
-----------------------------

Occupy Democrats
-----------------------------

CBC News
-----------------------------
$VAR1 = {
          'link' => 'http://www.cbc.ca/1.3956221',
          'caption' => 'cbc.ca',
          'created_time' => '2017-01-28T05:00:00+0000',
          'name' => 'Public safety minister to raise torture with Trump administration',
          'id' => '5823419603_10155100092244604',
          'message' => 'Ralph Goodale says "Canadians find it abhorrent and will never condone it."'
        };

Newsweek
-----------------------------

CNN International
-----------------------------

The New Yorker
-----------------------------
$VAR1 = {
          'link' => 'http://nyer.cm/Ifz2TXG',
          'caption' => 'newyorker.com',
          'created_time' => '2017-01-28T05:00:22+0000',
          'name' => 'Reality Bites: Learning the Future of V.R. at Sundance',
          'id' => '9258148868_10154421453483869',
          'message' => 'The perennial question: just what, exactly, is virtual reality for? Sundance Film Festival is trying to answer.'
        };

Domain: newyorker.com
Response:
{"id":"1622501708043673_1649051865388657"}

Rush Limbaugh
-----------------------------

The Independent
-----------------------------

TheBlaze
-----------------------------

NPR Politics
-----------------------------

The New York Times
-----------------------------
$VAR1 = {
          'link' => 'https://www.nytimes.com/2017/01/27/us/politics/refugee-muslim-executive-order-trump.html?smid=fb-nytimes&smtyp=cur',
          'caption' => 'nytimes.com',
          'created_time' => '2017-01-28T04:55:00+0000',
          'name' => "Full Executive Order Text: Trump\x{2019}s Action Limiting Refugees Into the U.S.",
          'id' => '5281959998_10151063796214999',
          'message' => 'Here is the full text of the executive order.'
        };

Domain: nytimes.com
Response:
{"id":"1622501708043673_1649052082055302"}

NPR
-----------------------------
$VAR1 = {
          'link' => 'http://www.npr.org/sections/thetwo-way/2017/01/27/512032854/after-canceling-white-house-visit-pena-nieto-speaks-to-trump-by-phone?utm_source=facebook.com&utm_medium=social&utm_campaign=npr&utm_term=nprnews&utm_content=20170127',
          'caption' => 'npr.org',
          'created_time' => '2017-01-28T04:59:01+0000',
          'name' => "After Canceling White House Visit, Pe\x{f1}a Nieto Speaks To Trump By Phone",
          'id' => '10643211755_10155240268951756',
          'message' => "According to a statement released by President Pe\x{f1}a Nieto's office after the call, the leaders did discuss border security; they acknowledged their differences in position on paying for the wall and agreed not to speak publicly about it."
        };

Domain: npr.org
Response:
{"id":"1622501708043673_1649052365388607"}

MSN
-----------------------------
$VAR1 = {
          'link' => 'http://msn.com/en-us/news/politics/trump-bars-all-refugees-and-citizens-from-7-muslim-nations/ar-AAmkynr?ocid=ob-fb-enus-280',
          'caption' => 'msn.com',
          'created_time' => '2017-01-28T04:55:20+0000',
          'name' => 'Trump Bars All Refugees, and Citizens From 7 Muslim Nations',
          'id' => '49940376408_10154259616551409'
        };

Domain: msn.com

CNN Politics
-----------------------------

The Daily Show
-----------------------------

Daily Kos
-----------------------------

Yahoo News
-----------------------------
$VAR1 = {
          'link' => 'https://yhoo.it/2jy1CCa',
          'caption' => 'gma.yahoo.com',
          'created_time' => '2017-01-28T05:00:16+0000',
          'name' => "See inside Taylor Swift\x{2019}s \$25 million mansion",
          'id' => '338028696036_10155169897766037',
          'message' => 'Taylor Swift is currently seeking landmark status for the Goldwyn mansion,'
        };

Domain: yahoo.com
Response:
{"id":"1622501708043673_1649052512055259"}

The Guardian
-----------------------------

CNN
-----------------------------

Slate.com
-----------------------------

the AP
-----------------------------

Sean Hannity
-----------------------------

The Ed Schultz Show
-----------------------------

The Atlantic
-----------------------------
$VAR1 = {
          'link' => 'http://theatln.tc/2kCxCTn',
          'caption' => 'theatlantic.com',
          'created_time' => '2017-01-28T04:48:51+0000',
          'name' => 'The Real Reason the Humanities Are \'in Crisis\'',
          'id' => '29259828486_10155062141028487',
          'message' => 'Examining the historical reasons why women turned away from the humanities might turn the purported crisis into an opportunity. (from 2013)'
        };

Domain: theatlantic.com

Bloomberg
-----------------------------

BuzzFeed
-----------------------------

Fox News
-----------------------------
$VAR1 = {
          'link' => 'http://insider.foxnews.com/2017/01/27/malia-obama-joins-dakota-access-pipeline-protest-sundance',
          'caption' => 'insider.foxnews.com',
          'created_time' => '2017-01-28T05:00:00+0000',
          'name' => 'Malia Obama Joins Dakota Access Pipeline Protest',
          'id' => '15704546335_10155052972781336',
          'message' => 'Several celebrities, including Ronda Rousey, have stood in solidarity with those battling the planned building of the $3.8 billion Dakota Access oil pipeline.'
        };

Domain: foxnews.com
Response:
{"id":"1622501708043673_1649052568721920"}

VICE
-----------------------------

Glenn Beck
-----------------------------

The Other 98%
-----------------------------


Total Posts Made:	12


