***********************************************************************************
Started at 09:15:01 on 11/25/2016
***********************************************************************************
Querying souces from the past 15 minutes....

Al Jazeera
-----------------------------

Upworthy
-----------------------------

The Huffington Post
-----------------------------

HuffPost Women
-----------------------------
$VAR1 = {
          'link' => 'https://www.facebook.com/HuffPostWomen/photos/a.196854310382630.47501.153213781413350/1253080844759966/?type=3',
          'created_time' => '2016-12-25T14:00:32+0000',
          'name' => 'Timeline Photos',
          'id' => '153213781413350_1253080844759966',
          'message' => 'I\'ll drink to that! Merry Christmas everyone :)'
        };

PBS News Hour
-----------------------------

ATTN:
-----------------------------
$VAR1 = {
          'link' => 'http://www.attn.com/stories/13403/how-millennials-handle-aging-or-dying-parents?utm_source=facebook&utm_medium=post&utm_campaign=internal',
          'caption' => 'attn.com',
          'created_time' => '2016-12-25T14:14:00+0000',
          'name' => 'The One Thing You Must Do Now to Take Care of Your Aging Parents Later',
          'id' => '160389977329803_1233622740006516',
          'message' => 'This is sad, but critical.'
        };

Domain: attn.com

Reuters
-----------------------------
$VAR1 = {
          'link' => 'http://reut.rs/2hWh1fb',
          'caption' => 'www.reuters.com',
          'created_time' => '2016-12-25T14:05:10+0000',
          'name' => 'Russian Defense Ministry says no survivors seen at plane crash site near Sochi',
          'id' => '114050161948682_1339130846107268',
          'message' => 'No survivors have been spotted in the Black Sea at the crash site of a Russian military TU-154 plane, Major-General Igor Konashenkov told reporters on Sunday.'
        };

Domain: reuters.com

NowThis
-----------------------------

Daily Caller
-----------------------------
$VAR1 = {
          'link' => 'http://trib.al/EZyb9gM',
          'caption' => 'dailycaller.com',
          'created_time' => '2016-12-25T14:03:13+0000',
          'name' => "Year-End Wrap-Up: 2016\x{2019}s Best Books And Movies For Conservatives [VIDEO]",
          'id' => '182919686769_10154078277761770',
          'message' => "Looking for some holiday reading or movie-viewing? Christopher Malagisi is the energetic editor in chief of the Conservative Book Club, called the \x{201c}Oprah Winfrey book club for the right,\x{201d} and has listed 2016\x{2019}s best books for conservatives."
        };

Domain: dailycaller.com

CNBC
-----------------------------
$VAR1 = {
          'link' => 'http://cnb.cx/2hQOess',
          'caption' => 'cnbc.com',
          'created_time' => '2016-12-25T14:02:07+0000',
          'name' => 'Ex-Mobil CEO\'s son is reportedly homeless, facing charges',
          'id' => '97212224368_10155033114789369',
          'message' => 'The 56-year-old man is homeless, but is thought to have millions in his trust fund.'
        };

Domain: cnbc.com

The Onion
-----------------------------

Opposing Views
-----------------------------

the Today Show
-----------------------------

Kotaku
-----------------------------
$VAR1 = {
          'link' => 'http://trib.al/DoezpSW',
          'caption' => 'kotaku.com',
          'created_time' => '2016-12-25T14:08:00+0000',
          'name' => 'Happy Holidays, Kotaku',
          'id' => '273824104039_10154960786214040',
          'message' => 'From all of us here at Kotaku, happy holidays to you and yours.'
        };

Domain: kotaku.com

Washington Post
-----------------------------

the American Center for Law and Justice
-----------------------------

VICE News
-----------------------------

PBS
-----------------------------

Mother Jones
-----------------------------

HuffPost Good News
-----------------------------
$VAR1 = {
          'link' => 'http://huff.to/2ipBjKV',
          'caption' => 'huffingtonpost.com',
          'created_time' => '2016-12-25T14:08:07+0000',
          'name' => 'Tiny, Magical Shops For Mice Are Popping Up In Sweden',
          'id' => '202163013203224_1234433016642880',
          'message' => 'How adorbs is this?!'
        };

Domain: huffingtonpost.com
Response:
{"id":"1622501708043673_1636532283307282"}

BBC News
-----------------------------

Breaking News
-----------------------------

The Verge
-----------------------------

New York Magazine
-----------------------------
$VAR1 = {
          'link' => 'http://nym.ag/2h31A0F',
          'caption' => 'vulture.com',
          'created_time' => '2016-12-25T14:11:04+0000',
          'name' => 'The 13 Best Horror Movies of 2016',
          'id' => '14516439825_10154890436159826',
          'message' => 'This was a fantastic year for horror films.'
        };

Domain: vulture.com

TIME
-----------------------------
$VAR1 = {
          'link' => 'http://ti.me/2gTZkMw',
          'caption' => 'time.com',
          'created_time' => '2016-12-25T14:00:55+0000',
          'name' => 'The Truth Behind the Christmas Story',
          'id' => '10606591490_10154291818791491',
          'message' => 'You may be surprised.'
        };

Domain: time.com

the Business Insider
-----------------------------
$VAR1 = {
          'link' => 'http://read.bi/2i3whEQ',
          'caption' => 'businessinsider.com',
          'created_time' => '2016-12-25T14:15:02+0000',
          'name' => 'Barbara Corcoran says standing up to Donald Trump 30 years ago was a pivotal moment in her life',
          'id' => '20446254070_10154222046949071',
          'message' => '"His desk is like the size of an airport hanger."'
        };

Domain: businessinsider.com

ThinkProgress
-----------------------------

POLITICO
-----------------------------
$VAR1 = {
          'link' => 'http://politi.co/2i59SY7',
          'caption' => 'politi.co',
          'created_time' => '2016-12-25T14:15:06+0000',
          'name' => "Killer robots await Trump\x{2019}s verdict",
          'id' => '62317591679_10154128816601680',
          'message' => 'It all sounds like something out of science fiction, but a new age of machines empowered to make decisions about life and death is dawning as research in artificial intelligence advances'
        };

Domain: politi.co

Alias: politico.com
Response:
{"id":"1622501708043673_1636532406640603"}

USA TODAY
-----------------------------

American News
-----------------------------

ABC News
-----------------------------
$VAR1 = {
          'link' => 'https://www.facebook.com/ABCNews/videos/10155181569628812/',
          'created_time' => '2016-12-25T14:01:17+0000',
          'name' => 'Holiday Season By the Numbers',
          'id' => '86680728811_10155181569628812',
          'message' => 'Nine in 10 Americans say they celebrate Christmas and 32% see it as more of a cultural holiday than a religious one. Learn fun facts about the holiday season: http://abcn.ws/2ioqJUw'
        };

HuffPost Politics
-----------------------------
$VAR1 = {
          'link' => 'http://huff.to/2ioJGe1',
          'caption' => 'm.huffpost.com',
          'created_time' => '2016-12-25T14:00:49+0000',
          'name' => 'Let\'s Hear It For The Lawyer Who Fought In Court For Merrick Garland -- And Lost',
          'id' => '56845382910_10154639075877911',
          'message' => 'A man on a mission.'
        };

Domain: huffpost.com

NBC News
-----------------------------
$VAR1 = {
          'link' => 'http://nbcnews.to/2itpBz0',
          'caption' => 'nbcnews.com',
          'created_time' => '2016-12-25T14:01:11+0000',
          'name' => "Once Syria\x{2019}s Crown Jewel, Aleppo Now a City in Ruins",
          'id' => '155869377766434_1634950699858287',
          'message' => 'Tour Aleppo with NBC News Chief Global Correspondent Bill Neely.'
        };

Domain: nbcnews.com
Response:
{"id":"1622501708043673_1636532516640592"}
$VAR1 = {
          'link' => 'http://nbcnews.to/2ictS9Y',
          'caption' => 'nbcnews.com',
          'created_time' => '2016-12-25T14:00:31+0000',
          'name' => 'Couple fills void in the wrapping paper market with \'Clarence Claus\'',
          'id' => '155869377766434_1634950186525005',
          'message' => 'They couldn\'t find any wrapping paper with a black Santa. So they started a business to make their own.'
        };

Domain: nbcnews.com
Response:
{"id":"1622501708043673_1636532609973916"}

AJ+
-----------------------------

Wikileaks
-----------------------------

CNNMoney
-----------------------------
$VAR1 = {
          'link' => 'http://cnnmon.ie/2hEtykz',
          'caption' => 'money.cnn.com',
          'created_time' => '2016-12-25T14:05:02+0000',
          'name' => 'Stocks week ahead: Dow still not at 20,000; Retail\'s last stand; Trump tweet watch',
          'id' => '6651543066_10154221259258067',
          'message' => 'It hasn\'t been an easy year for retailers. http://cnnmon.ie/2hEtykz'
        };

Domain: cnn.com
Response:
{"id":"1622501708043673_1636532726640571"}

ABC News Politics
-----------------------------

Right Wing News
-----------------------------

The Wall Street Journal
-----------------------------
$VAR1 = {
          'link' => 'http://on.wsj.com/2hkTeEU',
          'caption' => 'wsj.com',
          'created_time' => '2016-12-25T14:11:35+0000',
          'name' => 'At Christmas, Germany Reflects on Compassion in a Dangerous World',
          'id' => '8304333127_10155171917598128',
          'message' => "Germany\x{2019}s Christian tradition emphasizes N\x{e4}chstenliebe: loving thy neighbor. But as the country celebrated a somber Christmas after the shock of last week\x{2019}s terror attack in Berlin, some were reconsidering the limits of German compassion."
        };

Domain: wsj.com
Response:
{"id":"1622501708043673_1636532859973891"}
$VAR1 = {
          'link' => 'http://on.wsj.com/2hEJJ27',
          'caption' => 'wsj.com',
          'created_time' => '2016-12-25T14:00:57+0000',
          'name' => 'Fentanyl Billionaire Comes Under Fire as Death Toll Mounts From Prescription Opioids',
          'id' => '8304333127_10155171831548128',
          'message' => 'Two doctors wrote more than a quarter-million prescriptions for fentanyl, oxycodone and other controlled substances, some of which were abused by addicts or diverted to drug traffickers, the indictment alleges.'
        };

Domain: wsj.com
Response:
{"id":"1622501708043673_1636532979973879"}

MSNBC
-----------------------------

the Drudge Report
-----------------------------

Mic
-----------------------------

The Economist
-----------------------------
$VAR1 = {
          'link' => 'http://econ.st/2itmeIy',
          'caption' => 'economist.com',
          'created_time' => '2016-12-25T14:04:08+0000',
          'name' => 'Holiday shoppers are not spending like they used to',
          'id' => '6013004059_10154925385389060',
          'message' => 'It\'s the most wonderful time of the year, sang Andy Williams, the 1960s crooner. Retailers cannot disagree'
        };

Domain: economist.com
Response:
{"id":"1622501708043673_1636533096640534"}
$VAR1 = {
          'link' => 'http://econ.st/2hkKiPW',
          'caption' => 'economist.com',
          'created_time' => '2016-12-25T14:01:19+0000',
          'name' => 'Ever since the first Christmas, people have bickered over its meaning',
          'id' => '6013004059_10154925375794060',
          'message' => "\x{201c}Christmas has for sixteen hundred years been viewed as a festival that has lost sight of its True Meaning\x{201d} says Mark Forsyth, a British author of popular history"
        };

Domain: economist.com
Response:
{"id":"1622501708043673_1636533216640522"}

Bloomberg Politics
-----------------------------

CBS News
-----------------------------

The Young Turks
-----------------------------

Occupy Democrats
-----------------------------

CBC News
-----------------------------

Newsweek
-----------------------------

CNN International
-----------------------------

The New Yorker
-----------------------------

Rush Limbaugh
-----------------------------

The Independent
-----------------------------
$VAR1 = {
          'link' => 'http://www.independent.co.uk/news/world/middle-east/israel-settelements-west-bank-illegal-un-vote-netanyahu-obama-trump-ambassadors-summoned-a7495126.html?cmpid=facebook-post',
          'caption' => 'independent.co.uk',
          'created_time' => '2016-12-25T14:01:01+0000',
          'name' => 'Netanyahu just summoned 14 ambassadors to the Israeli Foreign Ministry',
          'id' => '13312631635_10154324947961636',
          'message' => 'On Christmas Day'
        };

Domain: independent.co.uk

TheBlaze
-----------------------------

NPR Politics
-----------------------------

The New York Times
-----------------------------

NPR
-----------------------------

MSN
-----------------------------

CNN Politics
-----------------------------

The Daily Show
-----------------------------

Daily Kos
-----------------------------

Yahoo News
-----------------------------

The Guardian
-----------------------------

CNN
-----------------------------

Slate.com
-----------------------------

the AP
-----------------------------

Sean Hannity
-----------------------------

The Ed Schultz Show
-----------------------------

The Atlantic
-----------------------------

Bloomberg
-----------------------------

BuzzFeed
-----------------------------

Fox News
-----------------------------

VICE
-----------------------------
$VAR1 = {
          'link' => 'https://www.vice.com/en_uk/article/first-person-shooter-an-la-uber-driver-photographs-his-drunken-passengers?utm_source=vicefbuk&utm_campaign=global',
          'caption' => 'www.vice.com',
          'created_time' => '2016-12-25T14:00:43+0000',
          'name' => 'An Uber Driver Photographed His Drunken Passengers',
          'id' => '167115176655082_1506006382765948',
          'message' => 'This is what you look like.'
        };

Domain: vice.com

Glenn Beck
-----------------------------

The Other 98%
-----------------------------


Total Posts Made:	9


