***********************************************************************************
Started at 00:50:01 on 10/26/2016
***********************************************************************************
Querying souces from the past 10 minutes....

Al Jazeera
-----------------------------
$VAR1 = {
          'link' => 'http://aje.io/t92x',
          'caption' => 'aljazeera.com',
          'created_time' => '2016-11-26T05:43:30+0000',
          'name' => 'Cuba\'s former leader Fidel Castro dead at 90',
          'id' => '7382473689_10154902015213690',
          'message' => 'BREAKING: Cuban state-run television said the former long-time president died at 7pm local time. Castro\'s brother and current president, Raul Castro, confirmed the news.'
        };

Domain: aljazeera.com
$VAR1 = bless( {
                 'response' => bless( {
                                        '_protocol' => 'HTTP/1.1',
                                        '_content' => '{"id":"1622501708043673_1624793394481171"}',
                                        '_rc' => '200',
                                        '_headers' => bless( {
                                                               'connection' => 'close',
                                                               'x-fb-rev' => '2702404',
                                                               'cache-control' => 'private, no-cache, no-store, must-revalidate',
                                                               'date' => 'Sat, 26 Nov 2016 05:50:35 GMT',
                                                               'x-fb-debug' => 'GZgjxodcK1TQIcwKdW/QNnJ9QKa/ilFHyO0VA7MJkjZPwEIIsAbC/Hx1h69TLrkB36+c41/biIHVoSz4IktFvg==',
                                                               'access-control-allow-origin' => '*',
                                                               'client-ssl-cert-issuer' => '/C=US/O=DigiCert Inc/OU=www.digicert.com/CN=DigiCert SHA2 High Assurance Server CA',
                                                               'client-ssl-cipher' => 'ECDHE-ECDSA-AES128-GCM-SHA256',
                                                               'client-peer' => '31.13.65.1:443',
                                                               'facebook-api-version' => 'v2.8',
                                                               'client-date' => 'Sat, 26 Nov 2016 05:50:35 GMT',
                                                               'x-page-usage' => '{"call_count":41,"total_cputime":15,"total_time":18}',
                                                               'pragma' => 'no-cache',
                                                               'content-type' => 'text/javascript; charset=UTF-8',
                                                               'client-ssl-socket-class' => 'IO::Socket::SSL',
                                                               'client-response-num' => 1,
                                                               'content-length' => '42',
                                                               'x-fb-trace-id' => 'BPOsgbsFCI2',
                                                               '::std_case' => {
                                                                                 'client-response-num' => 'Client-Response-Num',
                                                                                 'x-fb-rev' => 'X-Fb-Rev',
                                                                                 'x-fb-debug' => 'X-FB-Debug',
                                                                                 'access-control-allow-origin' => 'Access-Control-Allow-Origin',
                                                                                 'client-ssl-cert-issuer' => 'Client-SSL-Cert-Issuer',
                                                                                 'client-ssl-cipher' => 'Client-SSL-Cipher',
                                                                                 'client-peer' => 'Client-Peer',
                                                                                 'facebook-api-version' => 'Facebook-Api-Version',
                                                                                 'x-fb-trace-id' => 'X-Fb-Trace-Id',
                                                                                 'client-date' => 'Client-Date',
                                                                                 'x-page-usage' => 'X-Page-Usage',
                                                                                 'client-ssl-cert-subject' => 'Client-SSL-Cert-Subject',
                                                                                 'client-ssl-socket-class' => 'Client-SSL-Socket-Class'
                                                                               },
                                                               'client-ssl-cert-subject' => '/C=US/ST=CA/L=Menlo Park/O=Facebook, Inc./CN=*.facebook.com',
                                                               'expires' => 'Sat, 01 Jan 2000 00:00:00 GMT'
                                                             }, 'HTTP::Headers' ),
                                        '_msg' => 'OK',
                                        '_request' => bless( {
                                                               '_content' => 'access_token=EAAPvBQ5tbjMBAOZCljSOHJaa34AP592NeeQe2myDFLNEAveb8YXf1ELXevI1MsTSCTvx2L2cFWYW8BpzTpeb2bydgVyzpzu5UisFemZC1TldMOZBJFnBq5zXzdGyy3ZABg1nUYRZAStCeCeSffZCSQUacCpgMorcec71s7O36CwAZDZD&message=The+Facebook+page+of+Al+Jazeera+originally+shared+this+article.+According+to+data+gathered+by+the+Pew+Research+Center%2C+Al+Jazeera+is+more+distrusted+than+trusted+by+survey+respondents+who+have+heard+of+the+source.+(Over+40%25+of+respondents)+%0D%0AAdditionally%2C+the+research+indicates+that+left-leaning+readers+were+more+likely+to+find+this+source+credible+than+other+readers.+%0D%0A%0D%0AOut+of+the+42%25+of+respondents+who+have+heard+of+Al+Jazeera%2C%0D%0A21%25%09trusted+the+news+source%2C%0D%0A37%25%09distrusted+the+news+source%2C+and%0D%0A43%25%09neither+trusted+nor+distrusted+the+news+source.%0D%0A%0D%0ATo+learn+more+about+Pew+Research+Center\'s+study+on+Political+Polarization+%26+Media+Habits%2C+follow+this+link+to+visit+their+report.+https%3A%2F%2Fgoo.gl%2FxwVtjv&link=http%3A%2F%2Faje.io%2Ft92x&published=true',
                                                               '_uri' => bless( do{\(my $o = 'https://graph.facebook.com/v2.2/1622501708043673/feed')}, 'URI::https' ),
                                                               '_headers' => bless( {
                                                                                      'user-agent' => 'libwww-perl/6.15',
                                                                                      'content-type' => 'application/x-www-form-urlencoded',
                                                                                      'content-length' => 1025,
                                                                                      '::std_case' => {
                                                                                                        'if-ssl-cert-subject' => 'If-SSL-Cert-Subject'
                                                                                                      }
                                                                                    }, 'HTTP::Headers' ),
                                                               '_method' => 'POST',
                                                               '_uri_canonical' => $VAR1->{'response'}{'_request'}{'_uri'}
                                                             }, 'HTTP::Request' )
                                      }, 'HTTP::Response' )
               }, 'Facebook::Graph::Response' );

Upworthy
-----------------------------

The Huffington Post
-----------------------------

HuffPost Women
-----------------------------

PBS News Hour
-----------------------------

ATTN:
-----------------------------

Reuters
-----------------------------

NowThis
-----------------------------
$VAR1 = {
          'link' => 'https://www.facebook.com/NowThisNews/videos/1238713899552065/',
          'created_time' => '2016-11-26T05:45:00+0000',
          'name' => 'Woman Commits Suicide After Waiting In ATM Lines In India',
          'id' => '341163402640457_1238713899552065',
          'message' => 'A woman committed suicide after waiting in India\'s incredibly long ATM lines'
        };

Daily Caller
-----------------------------

CNBC
-----------------------------
$VAR1 = {
          'link' => 'http://cnb.cx/2fnmLtm',
          'caption' => 'cnbc.com',
          'created_time' => '2016-11-26T05:44:02+0000',
          'name' => "The best \$90 I ever spent was on feet \x{2014} and for my career",
          'id' => '97212224368_10154921948739369',
          'message' => 'It made all the difference.'
        };

Domain: cnbc.com

The Onion
-----------------------------

Opposing Views
-----------------------------
$VAR1 = {
          'link' => 'http://www.americanow.com/story/politics/2016/11/22/trump-wont-pursue-clinton-email-charity-probes-aide?fb=ov',
          'caption' => 'americanow.com',
          'created_time' => '2016-11-26T05:45:00+0000',
          'name' => 'Trump Won\'t Pursue Investigation Into The Clinton Foundation: Aide',
          'id' => '34226391050_10154282520986051',
          'message' => 'Trump is reportedly not going to go after the Clinton Foundation when he becomes president. Do you think that\'s the right choice?'
        };

Domain: americanow.com

the Today Show
-----------------------------

Kotaku
-----------------------------

Washington Post
-----------------------------

the American Center for Law and Justice
-----------------------------

VICE News
-----------------------------

PBS
-----------------------------

Mother Jones
-----------------------------
$VAR1 = {
          'link' => 'http://www.motherjones.com/contributor/2016/11/fidel-castro-died',
          'caption' => 'motherjones.com',
          'created_time' => '2016-11-26T05:47:01+0000',
          'name' => 'BREAKING: Fidel Castro has died.',
          'id' => '7642602143_10154258693372144',
          'message' => 'Wow.'
        };

Domain: motherjones.com
$VAR1 = bless( {
                 'response' => bless( {
                                        '_protocol' => 'HTTP/1.1',
                                        '_content' => '{"id":"1622501708043673_1624793404481170"}',
                                        '_rc' => '200',
                                        '_headers' => bless( {
                                                               'connection' => 'close',
                                                               'x-fb-rev' => '2702404',
                                                               'cache-control' => 'private, no-cache, no-store, must-revalidate',
                                                               'date' => 'Sat, 26 Nov 2016 05:50:35 GMT',
                                                               'x-fb-debug' => '+4KvsQ5G8MitgUmmF8jpILWsogw0YXi1qMO75o6qxF5z/AGirt36x+AGQvAf4mPszCniXi0wZkadYrFPG3OTLQ==',
                                                               'access-control-allow-origin' => '*',
                                                               'client-ssl-cert-issuer' => '/C=US/O=DigiCert Inc/OU=www.digicert.com/CN=DigiCert SHA2 High Assurance Server CA',
                                                               'client-ssl-cipher' => 'ECDHE-ECDSA-AES128-GCM-SHA256',
                                                               'client-peer' => '31.13.65.1:443',
                                                               'facebook-api-version' => 'v2.8',
                                                               'client-date' => 'Sat, 26 Nov 2016 05:50:35 GMT',
                                                               'x-page-usage' => '{"call_count":41,"total_cputime":15,"total_time":18}',
                                                               'pragma' => 'no-cache',
                                                               'content-type' => 'text/javascript; charset=UTF-8',
                                                               'client-ssl-socket-class' => 'IO::Socket::SSL',
                                                               'client-response-num' => 1,
                                                               'content-length' => '42',
                                                               'x-fb-trace-id' => 'H5GYcgvrbv5',
                                                               '::std_case' => {
                                                                                 'client-response-num' => 'Client-Response-Num',
                                                                                 'x-fb-rev' => 'X-Fb-Rev',
                                                                                 'x-fb-debug' => 'X-FB-Debug',
                                                                                 'access-control-allow-origin' => 'Access-Control-Allow-Origin',
                                                                                 'client-ssl-cert-issuer' => 'Client-SSL-Cert-Issuer',
                                                                                 'client-ssl-cipher' => 'Client-SSL-Cipher',
                                                                                 'client-peer' => 'Client-Peer',
                                                                                 'facebook-api-version' => 'Facebook-Api-Version',
                                                                                 'x-fb-trace-id' => 'X-Fb-Trace-Id',
                                                                                 'client-date' => 'Client-Date',
                                                                                 'x-page-usage' => 'X-Page-Usage',
                                                                                 'client-ssl-cert-subject' => 'Client-SSL-Cert-Subject',
                                                                                 'client-ssl-socket-class' => 'Client-SSL-Socket-Class'
                                                                               },
                                                               'client-ssl-cert-subject' => '/C=US/ST=CA/L=Menlo Park/O=Facebook, Inc./CN=*.facebook.com',
                                                               'expires' => 'Sat, 01 Jan 2000 00:00:00 GMT'
                                                             }, 'HTTP::Headers' ),
                                        '_msg' => 'OK',
                                        '_request' => bless( {
                                                               '_content' => 'access_token=EAAPvBQ5tbjMBAOZCljSOHJaa34AP592NeeQe2myDFLNEAveb8YXf1ELXevI1MsTSCTvx2L2cFWYW8BpzTpeb2bydgVyzpzu5UisFemZC1TldMOZBJFnBq5zXzdGyy3ZABg1nUYRZAStCeCeSffZCSQUacCpgMorcec71s7O36CwAZDZD&message=The+Facebook+page+of+Mother+Jones+originally+shared+this+article.+According+to+data+gathered+by+the+Pew+Research+Center%2C+Mother+Jones+is+about+equally+trusted+and+distrusted+by+survey+respondents+who+have+heard+of+the+source.+%0D%0AAdditionally%2C+the+research+indicates+that+left-leaning+readers+were+more+likely+to+find+this+source+credible+than+other+readers.+%0D%0A%0D%0AOut+of+the+22%25+of+respondents+who+have+heard+of+Mother+Jones%2C%0D%0A26%25%09trusted+the+news+source%2C%0D%0A21%25%09distrusted+the+news+source%2C+and%0D%0A54%25%09neither+trusted+nor+distrusted+the+news+source.%0D%0A%0D%0ATo+learn+more+about+Pew+Research+Center\'s+study+on+Political+Polarization+%26+Media+Habits%2C+follow+this+link+to+visit+their+report.+https%3A%2F%2Fgoo.gl%2FxwVtjv&link=http%3A%2F%2Fwww.motherjones.com%2Fcontributor%2F2016%2F11%2Ffidel-castro-died&published=true',
                                                               '_uri' => bless( do{\(my $o = 'https://graph.facebook.com/v2.2/1622501708043673/feed')}, 'URI::https' ),
                                                               '_headers' => bless( {
                                                                                      'user-agent' => 'libwww-perl/6.15',
                                                                                      'content-type' => 'application/x-www-form-urlencoded',
                                                                                      'content-length' => 1063,
                                                                                      '::std_case' => {
                                                                                                        'if-ssl-cert-subject' => 'If-SSL-Cert-Subject'
                                                                                                      }
                                                                                    }, 'HTTP::Headers' ),
                                                               '_method' => 'POST',
                                                               '_uri_canonical' => $VAR1->{'response'}{'_request'}{'_uri'}
                                                             }, 'HTTP::Request' )
                                      }, 'HTTP::Response' )
               }, 'Facebook::Graph::Response' );

HuffPost Good News
-----------------------------

BBC News
-----------------------------
$VAR1 = {
          'link' => 'http://www.bbc.com/news/world-latin-america-38114953?ns_mchannel=social&ns_campaign=bbc_breaking&ns_source=twitter&ns_linkname=news_central',
          'caption' => 'www.bbc.com',
          'created_time' => '2016-11-26T05:43:17+0000',
          'name' => 'Cuba\'s Fidel Castro, former president, dies aged 90 - BBC News',
          'id' => '228735667216_10154136154287217',
          'message' => 'Cuba\'s former president and leader of the Communist revolution, has died aged 90, state TV has announced.'
        };

Domain: bbc.com

Breaking News
-----------------------------

The Verge
-----------------------------

New York Magazine
-----------------------------

TIME
-----------------------------

the Business Insider
-----------------------------

ThinkProgress
-----------------------------

POLITICO
-----------------------------

USA TODAY
-----------------------------

American News
-----------------------------

ABC News
-----------------------------

HuffPost Politics
-----------------------------

NBC News
-----------------------------

AJ+
-----------------------------

Wikileaks
-----------------------------

CNNMoney
-----------------------------
$VAR1 = {
          'link' => 'http://cnnmon.ie/2gbYRTt',
          'caption' => 'money.cnn.com',
          'created_time' => '2016-11-26T05:45:01+0000',
          'name' => 'Pizza and piggy banks: The lighter side of India\'s cash crisis',
          'id' => '6651543066_10154126295673067',
          'message' => 'It\'s a bleak time for many in India. Thankfully, a few humorous and heartwarming moments have pierced the clouds. http://cnnmon.ie/2gbYRTt'
        };

Domain: cnn.com
$VAR1 = bless( {
                 'response' => bless( {
                                        '_protocol' => 'HTTP/1.1',
                                        '_content' => '{"id":"1622501708043673_1624793411147836"}',
                                        '_rc' => '200',
                                        '_headers' => bless( {
                                                               'connection' => 'close',
                                                               'x-fb-rev' => '2702404',
                                                               'cache-control' => 'private, no-cache, no-store, must-revalidate',
                                                               'date' => 'Sat, 26 Nov 2016 05:50:36 GMT',
                                                               'x-fb-debug' => 'vnlPhOrd7JQS+rTmk9Pn6wCWlykFxlqSu0pjXoXbN14+JkXNvt/MybNUqV9WeiogBwqK9Ogi5xpHx/nZ68wFSg==',
                                                               'access-control-allow-origin' => '*',
                                                               'client-ssl-cert-issuer' => '/C=US/O=DigiCert Inc/OU=www.digicert.com/CN=DigiCert SHA2 High Assurance Server CA',
                                                               'client-ssl-cipher' => 'ECDHE-ECDSA-AES128-GCM-SHA256',
                                                               'client-peer' => '31.13.65.1:443',
                                                               'facebook-api-version' => 'v2.8',
                                                               'client-date' => 'Sat, 26 Nov 2016 05:50:36 GMT',
                                                               'x-page-usage' => '{"call_count":41,"total_cputime":15,"total_time":18}',
                                                               'pragma' => 'no-cache',
                                                               'content-type' => 'text/javascript; charset=UTF-8',
                                                               'client-ssl-socket-class' => 'IO::Socket::SSL',
                                                               'client-response-num' => 1,
                                                               'content-length' => '42',
                                                               'x-fb-trace-id' => 'AZMqPQZLCDe',
                                                               '::std_case' => {
                                                                                 'client-response-num' => 'Client-Response-Num',
                                                                                 'x-fb-rev' => 'X-Fb-Rev',
                                                                                 'x-fb-debug' => 'X-FB-Debug',
                                                                                 'access-control-allow-origin' => 'Access-Control-Allow-Origin',
                                                                                 'client-ssl-cert-issuer' => 'Client-SSL-Cert-Issuer',
                                                                                 'client-ssl-cipher' => 'Client-SSL-Cipher',
                                                                                 'client-peer' => 'Client-Peer',
                                                                                 'facebook-api-version' => 'Facebook-Api-Version',
                                                                                 'x-fb-trace-id' => 'X-Fb-Trace-Id',
                                                                                 'client-date' => 'Client-Date',
                                                                                 'x-page-usage' => 'X-Page-Usage',
                                                                                 'client-ssl-cert-subject' => 'Client-SSL-Cert-Subject',
                                                                                 'client-ssl-socket-class' => 'Client-SSL-Socket-Class'
                                                                               },
                                                               'client-ssl-cert-subject' => '/C=US/ST=CA/L=Menlo Park/O=Facebook, Inc./CN=*.facebook.com',
                                                               'expires' => 'Sat, 01 Jan 2000 00:00:00 GMT'
                                                             }, 'HTTP::Headers' ),
                                        '_msg' => 'OK',
                                        '_request' => bless( {
                                                               '_content' => 'access_token=EAAPvBQ5tbjMBAOZCljSOHJaa34AP592NeeQe2myDFLNEAveb8YXf1ELXevI1MsTSCTvx2L2cFWYW8BpzTpeb2bydgVyzpzu5UisFemZC1TldMOZBJFnBq5zXzdGyy3ZABg1nUYRZAStCeCeSffZCSQUacCpgMorcec71s7O36CwAZDZD&message=The+Facebook+page+of+CNNMoney+originally+shared+this+article.+According+to+data+gathered+by+the+Pew+Research+Center%2C+CNN+is+more+trusted+than+distrusted+by+survey+respondents+who+have+heard+of+the+source.+(Over+40%25+of+respondents)+%0D%0AAdditionally%2C+the+research+indicates+that+left-leaning+readers+were+more+likely+to+find+this+source+credible+than+other+readers.+%0D%0A%0D%0AOut+of+the+95%25+of+respondents+who+have+heard+of+CNN%2C%0D%0A57%25%09trusted+the+news+source%2C%0D%0A22%25%09distrusted+the+news+source%2C+and%0D%0A22%25%09neither+trusted+nor+distrusted+the+news+source.%0D%0A%0D%0ATo+learn+more+about+Pew+Research+Center\'s+study+on+Political+Polarization+%26+Media+Habits%2C+follow+this+link+to+visit+their+report.+https%3A%2F%2Fgoo.gl%2FxwVtjv&link=http%3A%2F%2Fcnnmon.ie%2F2gbYRTt&published=true',
                                                               '_uri' => bless( do{\(my $o = 'https://graph.facebook.com/v2.2/1622501708043673/feed')}, 'URI::https' ),
                                                               '_headers' => bless( {
                                                                                      'user-agent' => 'libwww-perl/6.15',
                                                                                      'content-type' => 'application/x-www-form-urlencoded',
                                                                                      'content-length' => 1015,
                                                                                      '::std_case' => {
                                                                                                        'if-ssl-cert-subject' => 'If-SSL-Cert-Subject'
                                                                                                      }
                                                                                    }, 'HTTP::Headers' ),
                                                               '_method' => 'POST',
                                                               '_uri_canonical' => $VAR1->{'response'}{'_request'}{'_uri'}
                                                             }, 'HTTP::Request' )
                                      }, 'HTTP::Response' )
               }, 'Facebook::Graph::Response' );

ABC News Politics
-----------------------------

Right Wing News
-----------------------------

The Wall Street Journal
-----------------------------

MSNBC
-----------------------------

the Drudge Report
-----------------------------

Mic
-----------------------------
$VAR1 = {
          'link' => 'https://mic.com/articles/160382/fidel-castro-dies-at-90-cuban-state-television-reports?utm_source=policymicFB&utm_medium=main&utm_campaign=social',
          'caption' => 'mic.com',
          'created_time' => '2016-11-26T05:47:24+0000',
          'name' => 'Fidel Castro dies at 90, Cuban state television reports',
          'id' => '174742062548592_1299827716706682',
          'message' => 'BREAKING.'
        };

Domain: mic.com

The Economist
-----------------------------

Bloomberg Politics
-----------------------------

CBS News
-----------------------------

The Young Turks
-----------------------------

Occupy Democrats
-----------------------------
$VAR1 = {
          'link' => 'http://www.bbc.com/news/world-latin-america-38114953?ns_mchannel',
          'caption' => 'bbc.com',
          'created_time' => '2016-11-26T05:45:41+0000',
          'name' => 'Cuba\'s Fidel Castro, former president, dies aged 90 - BBC News',
          'id' => '346937065399354_1323160161110368',
          'message' => 'BREAKING.'
        };

Domain: bbc.com

CBC News
-----------------------------

Newsweek
-----------------------------

CNN International
-----------------------------

The New Yorker
-----------------------------

Rush Limbaugh
-----------------------------

The Independent
-----------------------------

TheBlaze
-----------------------------

NPR Politics
-----------------------------

The New York Times
-----------------------------

NPR
-----------------------------

MSN
-----------------------------

CNN Politics
-----------------------------

The Daily Show
-----------------------------

Daily Kos
-----------------------------

Yahoo News
-----------------------------

The Guardian
-----------------------------

CNN
-----------------------------

Slate.com
-----------------------------

the AP
-----------------------------

Sean Hannity
-----------------------------

The Ed Schultz Show
-----------------------------

The Atlantic
-----------------------------

Bloomberg
-----------------------------

BuzzFeed
-----------------------------

Fox News
-----------------------------

VICE
-----------------------------

Glenn Beck
-----------------------------

The Other 98%
-----------------------------





