***********************************************************************************
Started at 03:45:01 on 00/05/2017
***********************************************************************************
Querying souces from the past 15 minutes....

Al Jazeera
-----------------------------

Upworthy
-----------------------------

The Huffington Post
-----------------------------

HuffPost Women
-----------------------------

PBS News Hour
-----------------------------

ATTN:
-----------------------------

Reuters
-----------------------------

NowThis
-----------------------------
$VAR1 = {
          'link' => 'https://www.facebook.com/NowThisNews/videos/1018758824925459/',
          'created_time' => '2017-01-05T08:45:00+0000',
          'name' => 'Dog Saves His Sister From Being Run Over By A Train',
          'id' => '341163402640457_1018758824925459',
          'message' => "This dog was stuck on the tracks \x{2014} but her brother saved her life every time a train came by. (via The Dodo)"
        };

Daily Caller
-----------------------------

CNBC
-----------------------------

The Onion
-----------------------------

Opposing Views
-----------------------------

the Today Show
-----------------------------

Kotaku
-----------------------------

Washington Post
-----------------------------

the American Center for Law and Justice
-----------------------------

VICE News
-----------------------------

PBS
-----------------------------

Mother Jones
-----------------------------

HuffPost Good News
-----------------------------

BBC News
-----------------------------
$VAR1 = {
          'link' => 'http://bbc.in/2hSSGmV',
          'caption' => 'bbc.co.uk',
          'created_time' => '2017-01-05T08:30:22+0000',
          'name' => 'Diana letters about William and Harry to be sold at auction',
          'id' => '228735667216_10154277188557217',
          'message' => 'Candid letters revealed Prince Harry was "constantly in trouble at school".'
        };

Domain: bbc.co.uk
Response:
{"error":{"message":"It looks like you were misusing this feature by going too fast. You\u2019ve been blocked from using it.\n\nLearn more about blocks in the Help Center.","type":"OAuthException","code":368,"error_subcode":1390008,"error_user_msg":"","fbtrace_id":"C0sZMiVERzu"}}

Facebook ran into an error and the post was not published. Zach Muckerberg please fix. Try again in a few hours.

