***********************************************************************************
Started at 21:30:01 on 00/15/2017
***********************************************************************************
Querying souces from the past 15 minutes....

Al Jazeera
-----------------------------

Upworthy
-----------------------------

The Huffington Post
-----------------------------

HuffPost Women
-----------------------------

PBS News Hour
-----------------------------

ATTN:
-----------------------------
$VAR1 = {
          'link' => 'http://www.attn.com/stories/14287/29-year-old-mayor-shares-insights-holding-office?utm_source=facebook&utm_medium=post&utm_campaign=internal',
          'caption' => 'attn.com',
          'created_time' => '2017-01-16T02:17:00+0000',
          'name' => 'This 29-Year-Old Mayor\'s 5 Tips Are Going Viral',
          'id' => '160389977329803_1256521141050009',
          'message' => "He\x{2019}s got some great advice."
        };

Domain: attn.com

Reuters
-----------------------------

NowThis
-----------------------------

Daily Caller
-----------------------------
$VAR1 = {
          'link' => 'http://trib.al/NRC1FZc',
          'caption' => 'dailycaller.com',
          'created_time' => '2017-01-16T02:16:39+0000',
          'name' => "Ringling Bros Circus Closing \x{2014} And PETA Takes Credit",
          'id' => '182919686769_10154140535186770',
          'message' => 'The Ringling Bros. and Barnum & Bailey Circus is shutting down after 146 years of performances, and PETA is taking credit for it.'
        };

Domain: dailycaller.com

CNBC
-----------------------------
$VAR1 = {
          'link' => 'http://cnb.cx/2itsUJr',
          'caption' => 'cnbc.com',
          'created_time' => '2017-01-16T02:17:47+0000',
          'name' => 'NASA made an animated map of the rains flooding California',
          'id' => '97212224368_10155107961959369',
          'message' => 'A fascinating visualization.'
        };

Domain: cnbc.com

The Onion
-----------------------------

Opposing Views
-----------------------------
$VAR1 = {
          'link' => 'http://www.americanow.com/story/society/2017/01/15/heres-t-shirt-landed-bra-less-high-school-senior-hot-water-photo?fb=ov',
          'caption' => 'americanow.com',
          'created_time' => '2017-01-16T02:20:00+0000',
          'name' => 'Here\'s The T-Shirt That Landed This Bra-Less High School Senior In Hot Water (Photo)',
          'id' => '34226391050_10154432018616051',
          'message' => 'This high school senior didn\'t wear a bra to school and was punished for it. The school says her shirt was see-through. She says it wasn\'t. Here\'s the shirt. Decide for yourselves who is right.'
        };

Domain: americanow.com

the Today Show
-----------------------------

Kotaku
-----------------------------

Washington Post
-----------------------------

the American Center for Law and Justice
-----------------------------

VICE News
-----------------------------

PBS
-----------------------------

Mother Jones
-----------------------------

HuffPost Good News
-----------------------------

BBC News
-----------------------------

Breaking News
-----------------------------

The Verge
-----------------------------

New York Magazine
-----------------------------
$VAR1 = {
          'link' => 'http://nym.ag/2jsRg4k',
          'caption' => 'nymag.com',
          'created_time' => '2017-01-16T02:24:01+0000',
          'name' => 'The Best Toddler Gifts, 3-Year-Old Edition',
          'id' => '14516439825_10154963054734826',
          'message' => 'We got a child psychologist to weigh in.'
        };

Domain: nymag.com

TIME
-----------------------------
$VAR1 = {
          'link' => 'http://ti.me/2j4LaY1',
          'caption' => 'time.com',
          'created_time' => '2017-01-16T02:30:04+0000',
          'name' => 'What 2 Religions Tell Us About the Modern Dating Crisis',
          'id' => '10606591490_10154353957641491',
          'message' => 'Believe it or not, the rise in Mormon breast implants and $100,000 Jewish dowries can explain why you\'re alone on Saturday night.'
        };

Domain: time.com

the Business Insider
-----------------------------
$VAR1 = {
          'link' => 'http://read.bi/2j93WxG',
          'caption' => 'businessinsider.com',
          'created_time' => '2017-01-16T02:20:10+0000',
          'name' => 'You\'ve been charging your smartphone wrong',
          'id' => '20446254070_10154292410239071',
          'message' => 'Bad batteries are partially our fault.'
        };

Domain: businessinsider.com

ThinkProgress
-----------------------------

POLITICO
-----------------------------

USA TODAY
-----------------------------
$VAR1 = {
          'link' => 'https://www.facebook.com/usatoday/photos/a.100797840666.101835.13652355666/10154292226960667/?type=3',
          'created_time' => '2017-01-16T02:24:00+0000',
          'name' => 'Timeline Photos',
          'id' => '13652355666_10154292226960667',
          'message' => 'Overworked? Join the club. 

Here\'s how to handle it: http://usat.ly/2j9GcsC'
        };

American News
-----------------------------

ABC News
-----------------------------

HuffPost Politics
-----------------------------

NBC News
-----------------------------
$VAR1 = {
          'link' => 'https://www.facebook.com/NBCNews/photos/a.162132393806799.30950.155869377766434/1666578403362183/?type=3',
          'created_time' => '2017-01-16T02:30:00+0000',
          'name' => 'Photos from NBC News\'s post',
          'id' => '155869377766434_1666582510028439',
          'message' => 'IN PHOTOS: First lady Michelle Obama\'s time in the White House focused on children and healthy living.  

See more: http://nbcnews.to/2jz461d'
        };

AJ+
-----------------------------

Wikileaks
-----------------------------

CNNMoney
-----------------------------

ABC News Politics
-----------------------------

Right Wing News
-----------------------------
$VAR1 = {
          'link' => 'http://newsbake.com/entertainment-news/celebrity-news/hank-williams-jr-brutal-message-democrats-just-america-needs/?utm_source=Right+Wing+News&utm_campaign=hank%2F1%2F15&utm_content=Right+Wing+News%2Fhank%2F1%2F15',
          'caption' => 'newsbake.com',
          'created_time' => '2017-01-16T02:30:00+0000',
          'name' => 'Hank Williams Jr Has A BRUTAL Message For Democrats, This Is JUST What America Needs',
          'id' => '389658314427637_1670433306350125',
          'message' => 'THIS... Is what our country neeeds!'
        };

Domain: newsbake.com

The Wall Street Journal
-----------------------------
$VAR1 = {
          'link' => 'http://on.wsj.com/2jULHiP',
          'caption' => 'wsj.com',
          'created_time' => '2017-01-16T02:30:01+0000',
          'name' => 'Ringling Bros. Shutdown: The End of the Circus Industry?',
          'id' => '8304333127_10155296438883128',
          'message' => "Those in the circus and entertainment worlds are questioning how relevant such old-school ambitiously scaled productions, replete with everything from aerialists to animal acts, remain in today\x{2019}s entertainment marketplace."
        };

Domain: wsj.com
Response:
{"id":"1622501708043673_1644173909209786"}

MSNBC
-----------------------------

the Drudge Report
-----------------------------

Mic
-----------------------------

The Economist
-----------------------------

Bloomberg Politics
-----------------------------
$VAR1 = {
          'link' => 'http://bloom.bg/2jeUM2v',
          'caption' => 'bloomberg.com',
          'created_time' => '2017-01-16T02:16:13+0000',
          'name' => "Trump Team Shunning Davos Meeting of World\x{2019}s Economic Elite",
          'id' => '1481073582140028_1869371276643588',
          'message' => 'While the Trump team stays away, Xi Jinping is set to become the first Chinese president to attend the forum.'
        };

Domain: bloomberg.com
Response:
{"id":"1622501708043673_1644174005876443"}

CBS News
-----------------------------
$VAR1 = {
          'link' => 'http://cbsn.ws/2irrAZi',
          'caption' => 'www.cbsnews.com',
          'created_time' => '2017-01-16T02:30:04+0000',
          'name' => '3 ways the U.S. economy will feel Trump\'s impact',
          'id' => '131459315949_10154270240790950',
          'message' => 'Here are the areas he\'ll surely be focusing on in his attempt to get U.S. growth running at a faster pace.'
        };

Domain: cbsnews.com
Response:
{"id":"1622501708043673_1644174095876434"}

The Young Turks
-----------------------------

Occupy Democrats
-----------------------------

CBC News
-----------------------------
$VAR1 = {
          'link' => 'http://www.cbc.ca/news/entertainment/celebs-womens-march-washington-1.3936895',
          'caption' => 'cbc.ca',
          'created_time' => '2017-01-16T02:30:00+0000',
          'name' => 'Hollywood gearing up for Women\'s March on Washington',
          'id' => '5823419603_10155055613839604',
          'message' => 'Katy Perry, Cher, Scarlett Johansson, Amy Schumer and America Ferrera are among the celebrities planning to attend.'
        };

Newsweek
-----------------------------

CNN International
-----------------------------

The New Yorker
-----------------------------
$VAR1 = {
          'link' => 'http://nyer.cm/YyZ9xzi',
          'caption' => 'newyorker.com',
          'created_time' => '2017-01-16T02:30:06+0000',
          'name' => "Meet Monkey\x{2019}s Teen-Age Founders",
          'id' => '9258148868_10154383904148869',
          'message' => "Tim Cook (\x{201c}a dope adult\x{201d}) congratulated one of the founders in an e-mail."
        };

Domain: newyorker.com
Response:
{"id":"1622501708043673_1644174175876426"}

Rush Limbaugh
-----------------------------

The Independent
-----------------------------

TheBlaze
-----------------------------
$VAR1 = {
          'link' => 'http://www.theblaze.com/podcasts/commentary-dont-take-away-my-self-checkout-lane/',
          'caption' => 'www.theblaze.com',
          'created_time' => '2017-01-16T02:20:00+0000',
          'name' => "Commentary: Don\x{2019}t take away my self-checkout lane",
          'id' => '140738092630206_1337793832924620',
          'message' => '\'Don\'t take away my self-checkout lane\', ok? http://bit.ly/2iXeGhP'
        };

Domain: theblaze.com
Response:
{"id":"1622501708043673_1644174265876417"}

NPR Politics
-----------------------------

The New York Times
-----------------------------

NPR
-----------------------------

MSN
-----------------------------

CNN Politics
-----------------------------

The Daily Show
-----------------------------

Daily Kos
-----------------------------

Yahoo News
-----------------------------
$VAR1 = {
          'link' => 'https://yhoo.it/2jeXF3q',
          'caption' => 'yhoo.it',
          'created_time' => '2017-01-16T02:26:41+0000',
          'name' => 'Stark inequality: Oxfam says 8 men as rich as half the world',
          'id' => '338028696036_10155116398906037',
          'message' => 'Eight men, from Bill Gates to Michael Bloomberg, own as much wealth as 3.6 billion people'
        };

The Guardian
-----------------------------

CNN
-----------------------------

Slate.com
-----------------------------

the AP
-----------------------------

Sean Hannity
-----------------------------

The Ed Schultz Show
-----------------------------

The Atlantic
-----------------------------
$VAR1 = {
          'link' => 'http://theatln.tc/2ipy6L4',
          'caption' => 'theatlantic.com',
          'created_time' => '2017-01-16T02:16:21+0000',
          'name' => 'How to Raise Creative Children',
          'id' => '29259828486_10155019378313487',
          'message' => 'Three rules that might make your child a future Nobel Prize winner'
        };

Domain: theatlantic.com

Bloomberg
-----------------------------

BuzzFeed
-----------------------------

Fox News
-----------------------------
$VAR1 = {
          'link' => 'https://www.facebook.com/FoxNews/videos/10155004244016336/',
          'created_time' => '2017-01-16T02:20:00+0000',
          'id' => '15704546335_10155004244016336',
          'message' => '"We should focus on the fact that President Trump has an agenda... to bring this country together."

Today on "FOX & Friends Weekend," Sen. Tim Scott called for unity among American politicians in order to solve the nation\'s toughest issues. http://bit.ly/2jlvYss'
        };

VICE
-----------------------------

Glenn Beck
-----------------------------

The Other 98%
-----------------------------


Total Posts Made:	5


