***********************************************************************************
Started at 06:30:02 on 11/20/2016
***********************************************************************************
Querying souces from the past 15 minutes....

Al Jazeera
-----------------------------
$VAR1 = {
          'link' => 'https://www.facebook.com/aljazeera/videos/10154032340163690/',
          'created_time' => '2016-12-20T11:30:00+0000',
          'name' => 'Al Jazeera English',
          'id' => '7382473689_10154964858473690',
          'message' => 'Our feature on Senegal\'s booming Muslim fashion industry was one of our most-watched stories of 2016. In February, we met a few of the strong women behind the trend.'
        };

Upworthy
-----------------------------

The Huffington Post
-----------------------------

HuffPost Women
-----------------------------

PBS News Hour
-----------------------------

ATTN:
-----------------------------

Reuters
-----------------------------
$VAR1 = {
          'link' => 'http://reut.rs/2iaHz9i',
          'caption' => 'www.reuters.com',
          'created_time' => '2016-12-20T11:24:05+0000',
          'name' => 'China offers $14 million arms package to the Philippines: Manila\'s defense minister',
          'id' => '114050161948682_1330894010264285',
          'message' => 'China has offered to provide $14 million worth of small arms and fast boats to the Philippines for free, aiding President Rodrigo Duterte\'s war on drugs and fighting terrorism, Manila\'s defense minister said on Tuesday.'
        };

Domain: reuters.com

NowThis
-----------------------------

Daily Caller
-----------------------------
$VAR1 = {
          'link' => 'http://trib.al/EjjrsQK',
          'caption' => 'smokeroom.com',
          'created_time' => '2016-12-20T11:16:35+0000',
          'name' => "Andrea Bocelli Backs Out Of Performing At Donald Trump\x{2019}s Inauguration After Backlash",
          'id' => '182919686769_10154063273121770',
          'message' => 'Donald Trump had personally reached out to Andrea Bocelli about performing at his inauguration.'
        };

Domain: smokeroom.com

CNBC
-----------------------------
$VAR1 = {
          'link' => 'http://cnb.cx/2i7SRen',
          'caption' => 'cnbc.com',
          'created_time' => '2016-12-20T11:23:00+0000',
          'name' => '3 keys to success from Penny Pritzker, one of the most powerful women in government',
          'id' => '97212224368_10155014250049369',
          'message' => 'Meet Penny Pritzker, one of the most powerful women in government.'
        };

Domain: cnbc.com

The Onion
-----------------------------

Opposing Views
-----------------------------

the Today Show
-----------------------------

Kotaku
-----------------------------

Washington Post
-----------------------------

the American Center for Law and Justice
-----------------------------

VICE News
-----------------------------

PBS
-----------------------------

Mother Jones
-----------------------------

HuffPost Good News
-----------------------------

BBC News
-----------------------------

Breaking News
-----------------------------

The Verge
-----------------------------

New York Magazine
-----------------------------

TIME
-----------------------------

the Business Insider
-----------------------------
$VAR1 = {
          'link' => 'http://buff.ly/2hUMdsT',
          'created_time' => '2016-12-20T11:21:44+0000',
          'name' => 'Business Insider UK',
          'id' => '20446254070_10154205093194071',
          'message' => 'The pictures are astonishing.'
        };

ThinkProgress
-----------------------------

POLITICO
-----------------------------

USA TODAY
-----------------------------
$VAR1 = {
          'link' => 'http://www.usatoday.com/story/sports/nfl/panthers/2016/12/19/cam-newton-penalty-helmet-hit-redskins-trent-murphy/95639798/',
          'caption' => 'usatoday.com',
          'created_time' => '2016-12-20T11:21:00+0000',
          'name' => 'Panthers\' Cam Newton gets flag instead of help from Walt Coleman\'s crew',
          'id' => '13652355666_10154186157820667',
          'message' => "Cam Newton just can\x{2019}t catch a break."
        };

Domain: usatoday.com
Response:
{"id":"1622501708043673_1634786060148571"}

American News
-----------------------------

ABC News
-----------------------------

HuffPost Politics
-----------------------------

NBC News
-----------------------------
$VAR1 = {
          'link' => 'http://nbcnews.to/2iauAEA',
          'caption' => 'nbcnews.com',
          'created_time' => '2016-12-20T11:26:06+0000',
          'name' => 'Terrorism eyed after truck carnage kills 12 at Christmas market',
          'id' => '155869377766434_1628903443796346',
          'message' => 'Shocked witnesses at a Berlin Christmas market describe the scene after a truck plowed through stalls and crowds.'
        };

Domain: nbcnews.com
Response:
{"id":"1622501708043673_1634786113481899"}

AJ+
-----------------------------

Wikileaks
-----------------------------

CNNMoney
-----------------------------
$VAR1 = {
          'link' => 'http://cnnmon.ie/2hlSzAK',
          'caption' => 'money.cnn.com',
          'created_time' => '2016-12-20T11:27:01+0000',
          'name' => 'CNN poll: Young Brits expect Brexit will cost them',
          'id' => '6651543066_10154205137903067',
          'message' => 'Over half of British adults under 35 expect to be worse off financially because of the country\'s decision to leave the European Union, according to a new CNN/ComRes Brexit poll. http://cnnmon.ie/2hlSzAK'
        };

Domain: cnn.com
Response:
{"id":"1622501708043673_1634786183481892"}
$VAR1 = {
          'link' => 'http://cnnmon.ie/2hkg9he',
          'caption' => 'money.cnn.com',
          'created_time' => '2016-12-20T11:18:01+0000',
          'name' => 'These capital cities are a brake on their economies',
          'id' => '6651543066_10154205123568067',
          'message' => 'How would the world\'s largest economies fare without their capital cities? http://cnnmon.ie/2hkg9he'
        };

Domain: cnn.com
Response:
{"id":"1622501708043673_1634786250148552"}

ABC News Politics
-----------------------------

Right Wing News
-----------------------------
$VAR1 = {
          'link' => 'http://rightwingnews.com/top-news/breaking-judge-orders-warrant-clinton-fbi-probe/',
          'caption' => 'rightwingnews.com',
          'created_time' => '2016-12-20T11:30:00+0000',
          'name' => 'BREAKING: Judge Orders Warrant In Clinton FBI Probe',
          'id' => '389658314427637_1644684372258352',
          'message' => 'Hillary is not out of the woods yet, despite what everyone thinks.'
        };

Domain: rightwingnews.com

The Wall Street Journal
-----------------------------
$VAR1 = {
          'link' => 'http://on.wsj.com/2gX98C1',
          'caption' => 'wsj.com',
          'created_time' => '2016-12-20T11:15:07+0000',
          'name' => 'Old Brazilian Hospital Compound Gets a Luxury Makeover',
          'id' => '8304333127_10155141443973128',
          'message' => "An old Brazilian hospital compound is getting a \$1.5 billion luxury face-lift thanks to an entrepreneur who plans to convert the S\x{e3}o Paulo property into a high-end hotel, residential and retail complex."
        };

Domain: wsj.com
Response:
{"id":"1622501708043673_1634786620148515"}

MSNBC
-----------------------------

the Drudge Report
-----------------------------

Mic
-----------------------------

The Economist
-----------------------------

Bloomberg Politics
-----------------------------

CBS News
-----------------------------
$VAR1 = {
          'link' => 'http://cbsn.ws/2hDkhfp',
          'caption' => 'www.cbsnews.com',
          'created_time' => '2016-12-20T11:22:01+0000',
          'name' => 'China\'s hands underwater drone over to U.S. Navy',
          'id' => '131459315949_10154188045590950',
          'message' => 'Beijing\'s defense ministry says the unmanned, civilian drone has been returned to the U.S. after "friendly consultations."'
        };

Domain: cbsnews.com
Response:
{"id":"1622501708043673_1634786703481840"}

The Young Turks
-----------------------------

Occupy Democrats
-----------------------------

CBC News
-----------------------------

Newsweek
-----------------------------

CNN International
-----------------------------

The New Yorker
-----------------------------
$VAR1 = {
          'link' => 'http://nyer.cm/Sd5Hcxw',
          'caption' => 'newyorker.com',
          'created_time' => '2016-12-20T11:30:21+0000',
          'name' => 'Hari Nef, Model Citizen',
          'id' => '9258148868_10154302207758869',
          'message' => 'There have been transgender fashion models over the decades, but most kept their identities secret (and many still do). Then Hari Nef came along.'
        };

Domain: newyorker.com
Response:
{"id":"1622501708043673_1634786996815144"}

Rush Limbaugh
-----------------------------

The Independent
-----------------------------

TheBlaze
-----------------------------

NPR Politics
-----------------------------

The New York Times
-----------------------------
$VAR1 = {
          'link' => 'http://www.nytimes.com/2016/12/20/briefing/us-briefing-berlin-russia-donald-trump.html?smid=fb-nytimes&smtyp=cur',
          'caption' => 'nytimes.com',
          'created_time' => '2016-12-20T11:30:00+0000',
          'name' => 'Your Tuesday Briefing',
          'id' => '5281959998_10151015928479999',
          'message' => 'Daily Briefing: Here\'s what you need to know today.'
        };

Domain: nytimes.com
Response:
{"id":"1622501708043673_1634787063481804"}

NPR
-----------------------------
$VAR1 = {
          'link' => 'http://interactive.wbez.org/curiouscity/willistower/',
          'caption' => 'interactive.wbez.org',
          'created_time' => '2016-12-20T11:20:00+0000',
          'name' => 'Chicago\'s Willis Tower in 150 Years: Adapted, Demolished or Abandoned?',
          'id' => '10643211755_10155096045226756',
          'message' => "When you think about the future of tall buildings in cities, it\x{2019}s useful to consider why we build them in the first place."
        };

Domain: wbez.org

MSN
-----------------------------

CNN Politics
-----------------------------

The Daily Show
-----------------------------

Daily Kos
-----------------------------

Yahoo News
-----------------------------
$VAR1 = {
          'link' => 'https://www.facebook.com/yahoonews/videos/10153896883546371/',
          'created_time' => '2016-12-20T11:20:00+0000',
          'name' => 'The Most Disgusting Holiday Drinks',
          'id' => '338028696036_10153896883546371',
          'message' => 'Starbucks has unveiled a Fruitcake Frappuccino...here\'s a look at other...rather disgusting holiday drinks!'
        };

The Guardian
-----------------------------
$VAR1 = {
          'link' => 'https://www.theguardian.com/us-news/2016/dec/19/electoral-college-votes-donald-trump-electors?CMP=fb_gu',
          'caption' => 'theguardian.com',
          'created_time' => '2016-12-20T11:20:01+0000',
          'name' => 'Electoral college formally elects Donald Trump as president',
          'id' => '10513336322_10154863316966323',
          'message' => 'It\'s official'
        };

Domain: theguardian.com
Response:
{"id":"1622501708043673_1634787133481797"}
$VAR1 = {
          'link' => 'https://www.theguardian.com/environment/2016/dec/20/churchill-canada-hudson-bay-no-snow-sea-ice-polar-bear?CMP=fb_gu',
          'caption' => 'theguardian.com',
          'created_time' => '2016-12-20T11:20:00+0000',
          'name' => 'This is the polar bear capital of the world, but the snow has gone',
          'id' => '10513336322_10154863355131323',
          'message' => "\"This is about much more than polar bears. If an animal that is designed to survive here can\x{2019}t make it, we are in trouble. It\x{2019}s really about us.\""
        };

Domain: theguardian.com
Response:
{"id":"1622501708043673_1634787226815121"}

CNN
-----------------------------

Slate.com
-----------------------------

the AP
-----------------------------

Sean Hannity
-----------------------------

The Ed Schultz Show
-----------------------------

The Atlantic
-----------------------------

Bloomberg
-----------------------------

BuzzFeed
-----------------------------

Fox News
-----------------------------

VICE
-----------------------------
$VAR1 = {
          'link' => 'http://www.vice.com/en_uk/read/photos-of-the-aftermath-of-the-berlin-christmas-market-attack?utm_source=vicefbuk&utm_campaign=global',
          'caption' => 'www.vice.com',
          'created_time' => '2016-12-20T11:26:49+0000',
          'name' => 'Photos from the Berlin Christmas Market Lorry Crash',
          'id' => '167115176655082_1496551583711428',
          'message' => 'Here\'s what our photographer saw at the scene.'
        };

Domain: vice.com

Glenn Beck
-----------------------------

The Other 98%
-----------------------------


Total Posts Made:	10


