***********************************************************************************
Started at 09:45:02 on 00/27/2017
***********************************************************************************
Querying souces from the past 15 minutes....

Al Jazeera
-----------------------------

Upworthy
-----------------------------

The Huffington Post
-----------------------------
$VAR1 = {
          'link' => 'http://huff.to/2jwPiSw',
          'caption' => 'huffingtonpost.com',
          'created_time' => '2017-01-27T14:30:09+0000',
          'name' => 'Jake Tapper\'s Response To Steve Bannon Is A Model For Journalists Everywhere',
          'id' => '18468761129_10154651280371130',
          'message' => 'Mic = dropped. Thanks, Jake Tapper.'
        };

Domain: huffingtonpost.com
Response:
{"error":{"message":"It looks like you were misusing this feature by going too fast. You\u2019ve been blocked from using it.\n\nLearn more about blocks in the Help Center.","type":"OAuthException","code":368,"error_subcode":1390008,"error_user_msg":"","fbtrace_id":"EC9Vcb33CZR"}}

Facebook ran into an error and the post was not published. Zach Muckerberg please fix. Try again in a few hours.

