***********************************************************************************
Started at 20:30:01 on 00/21/2017
***********************************************************************************
Querying souces from the past 15 minutes....

Al Jazeera
-----------------------------

Upworthy
-----------------------------

The Huffington Post
-----------------------------

HuffPost Women
-----------------------------

PBS News Hour
-----------------------------
$VAR1 = {
          'link' => 'http://www.pbs.org/newshour/bb/know-trumps-national-security-team/',
          'caption' => 'pbs.org',
          'created_time' => '2017-01-22T01:30:00+0000',
          'name' => "What we know about Trump\x{2019}s national security team",
          'id' => '6491828674_10155002887838675',
          'message' => 'Many vacancies on the Trump administration\'s national security team remain.'
        };

Domain: pbs.org
Response:
{"id":"1622501708043673_1646535015640342"}

ATTN:
-----------------------------

Reuters
-----------------------------

NowThis
-----------------------------
$VAR1 = {
          'link' => 'https://www.facebook.com/NowThisNews/videos/1309216569168464/',
          'created_time' => '2017-01-22T01:30:00+0000',
          'name' => 'People Are Turning Bombs Into Jewelry',
          'id' => '341163402640457_1309216569168464',
          'message' => 'This jewelry is made from bomb shrapnel left over from the Vietnam War era'
        };

Daily Caller
-----------------------------
$VAR1 = {
          'link' => 'http://trib.al/1cqcVKb',
          'caption' => 'dailycaller.com',
          'created_time' => '2017-01-22T01:16:46+0000',
          'name' => "Pro-Police \x{2018}Blue Lives Matter\x{2019} Bills Gain Steam Nationwide",
          'id' => '182919686769_10154157911861770',
          'message' => "Several states are now seeing a push for \x{201c}Blue Lives Matter\x{201d} laws to give special protection to police officers."
        };

Domain: dailycaller.com

CNBC
-----------------------------

The Onion
-----------------------------

Opposing Views
-----------------------------
$VAR1 = {
          'link' => 'https://www.opposingviews.com/i/society/final-act-president-obama-commutes-330-drug-sentences?Fb=ov',
          'caption' => 'opposingviews.com',
          'created_time' => '2017-01-22T01:20:00+0000',
          'name' => 'Just Hours Before He Left Office, Obama Did Something That Escaped Most People\'s Attention',
          'id' => '34226391050_10154447904911051',
          'message' => 'Did you hear about what Obama did before he left office? Most people didn\'t.'
        };

Domain: opposingviews.com

the Today Show
-----------------------------

Kotaku
-----------------------------

Washington Post
-----------------------------

the American Center for Law and Justice
-----------------------------

VICE News
-----------------------------

PBS
-----------------------------
$VAR1 = {
          'link' => 'https://www.facebook.com/pbs/videos/10154369987667169/',
          'created_time' => '2017-01-22T01:23:38+0000',
          'id' => '19013582168_10154369987667169',
          'message' => 'PBS live from the Sundance Film Festival with filmmaker Barak Goodman (director of Oklahoma City)'
        };

Mother Jones
-----------------------------

HuffPost Good News
-----------------------------

BBC News
-----------------------------

Breaking News
-----------------------------

The Verge
-----------------------------

New York Magazine
-----------------------------
$VAR1 = {
          'link' => 'http://nym.ag/2jL1wYn',
          'caption' => 'nymag.com',
          'created_time' => '2017-01-22T01:29:19+0000',
          'name' => "The Women\x{2019}s March Was So Big It Almost Didn\x{2019}t March",
          'id' => '14516439825_10154982215404826',
          'message' => 'There were a lot of people at the Women\'s March on Washington, to say the least.'
        };

Domain: nymag.com

TIME
-----------------------------

the Business Insider
-----------------------------
$VAR1 = {
          'link' => 'http://read.bi/2j9Ba1y',
          'caption' => 'businessinsider.com',
          'created_time' => '2017-01-22T01:20:10+0000',
          'name' => '\'Pathetic. Embarrassing\': Morning Joe host dubs Trump press secretary\'s first briefing a \'hostage video\'',
          'id' => '20446254070_10154310861894071',
          'message' => '"Bad. Just bad."'
        };

Domain: businessinsider.com

ThinkProgress
-----------------------------

POLITICO
-----------------------------

USA TODAY
-----------------------------

American News
-----------------------------

ABC News
-----------------------------

HuffPost Politics
-----------------------------

NBC News
-----------------------------

AJ+
-----------------------------
$VAR1 = {
          'link' => 'https://www.facebook.com/ajplusenglish/videos/884600888348086/',
          'created_time' => '2017-01-22T01:30:00+0000',
          'name' => 'Standing Rock and Trump',
          'id' => '407570359384477_884600888348086',
          'message' => "What do protesters at Standing Rock think of President Trump \x{2013} and the growing movement against him?"
        };

Wikileaks
-----------------------------

CNNMoney
-----------------------------

ABC News Politics
-----------------------------

Right Wing News
-----------------------------
$VAR1 = {
          'link' => 'http://www.chicksontheright.com/supreme-hosebeast-ashley-judds-speech-at-million-woman-march-is-insane/?utm_source=RWN&utm_medium=RWN&utm_campaign=RWN',
          'caption' => 'chicksontheright.com',
          'created_time' => '2017-01-22T01:30:00+0000',
          'name' => 'There Are No Words To Describe The Level of insanity You\'re About To See',
          'id' => '389658314427637_1676928972367225',
          'message' => 'Holy mother of batsh*t!'
        };

Domain: chicksontheright.com

The Wall Street Journal
-----------------------------

MSNBC
-----------------------------

the Drudge Report
-----------------------------

Mic
-----------------------------
$VAR1 = {
          'link' => 'http://mic.com/articles/166256/organizers-at-the-los-angeles-women-s-march-expected-80-000-750-000-reportedly-showed-up?utm_source=policymicFB&utm_medium=main&utm_campaign=social',
          'caption' => 'mic.com',
          'created_time' => '2017-01-22T01:20:00+0000',
          'name' => 'Organizers at the Los Angeles Women\'s March expected 80,000. 750,000 showed up.',
          'id' => '174742062548592_1370636426292477',
          'message' => 'Wow.'
        };

Domain: mic.com

The Economist
-----------------------------

Bloomberg Politics
-----------------------------
$VAR1 = {
          'link' => 'http://bloom.bg/2jCwJuF',
          'caption' => 'bloomberg.com',
          'created_time' => '2017-01-22T01:28:43+0000',
          'name' => 'CEOs Counsel Taking Trump Seriously, But Not Literally',
          'id' => '1481073582140028_1872279853019397',
          'message' => 'The word in Davos: Ignore the tweets.'
        };

Domain: bloomberg.com
Response:
{"id":"1622501708043673_1646535088973668"}

CBS News
-----------------------------
$VAR1 = {
          'link' => 'http://cbsn.ws/2keyUaY',
          'caption' => 'www.cbsnews.com',
          'created_time' => '2017-01-22T01:30:06+0000',
          'name' => 'At march, Madonna says she has thought about "blowing up the White House"',
          'id' => '131459315949_10154289836940950',
          'message' => "Madonna used several obscenities during a speech at the Women\x{2019}s March on Washington to emphasize her opposition to President Donald J. Trump."
        };

Domain: cbsnews.com
Response:
{"id":"1622501708043673_1646535372306973"}

The Young Turks
-----------------------------

Occupy Democrats
-----------------------------

CBC News
-----------------------------
$VAR1 = {
          'link' => 'http://www.cbc.ca/news/canada/nova-scotia/maritimes-rallies-women-s-right-march-on-washington-1.3946570',
          'caption' => 'cbc.ca',
          'created_time' => '2017-01-22T01:30:01+0000',
          'name' => 'Maritimers rally in support of Women\'s March on Washington',
          'id' => '5823419603_10155075041389604',
          'message' => '"We run the whole office and are called assistants," - El Jones, former Halifax poet laureate.'
        };

Newsweek
-----------------------------

CNN International
-----------------------------
$VAR1 = {
          'link' => 'http://cnn.it/2j9HAxA',
          'caption' => 'www.cnn.com',
          'created_time' => '2017-01-22T01:16:57+0000',
          'name' => 'Trump leaves world diplomats down and out',
          'id' => '18793419640_10154928063014641',
          'message' => 'Donald J. Trump\'s first address as president wasn\'t just watched by Americans -- the world was listening too.'
        };

Domain: cnn.com
Response:
{"id":"1622501708043673_1646535982306912"}

The New Yorker
-----------------------------
$VAR1 = {
          'link' => 'http://nyer.cm/XmgeNrn',
          'caption' => 'newyorker.com',
          'created_time' => '2017-01-22T01:30:27+0000',
          'name' => 'Watching Trump Win from the White House',
          'id' => '9258148868_10154400656198869',
          'message' => 'A staffer from the Obama Administration narrates how Election Night played out in the White House.'
        };

Domain: newyorker.com
Response:
{"id":"1622501708043673_1646536285640215"}

Rush Limbaugh
-----------------------------

The Independent
-----------------------------

TheBlaze
-----------------------------

NPR Politics
-----------------------------

The New York Times
-----------------------------
$VAR1 = {
          'link' => 'https://www.nytimes.com/2017/01/18/science/almost-two-thirds-of-primate-species-near-extinction-scientists-find.html?smid=fb-nytimes&smtyp=cur',
          'caption' => 'nytimes.com',
          'created_time' => '2017-01-22T01:25:00+0000',
          'name' => 'Almost Two-Thirds of Primate Species Near Extinction, Scientists Find',
          'id' => '5281959998_10151051709804999',
          'message' => "The news for primates, man's closest animal relatives, is not good: \x{201c}It\x{2019}s worse than we thought 10 years ago.\x{201d}"
        };

Domain: nytimes.com
Response:
{"id":"1622501708043673_1646536618973515"}

NPR
-----------------------------

MSN
-----------------------------

CNN Politics
-----------------------------

The Daily Show
-----------------------------

Daily Kos
-----------------------------

Yahoo News
-----------------------------
$VAR1 = {
          'link' => 'https://www.facebook.com/yahoonews/videos/10155140619226037/',
          'created_time' => '2017-01-22T01:30:00+0000',
          'name' => 'Inauguration Diaries: Shannon',
          'id' => '338028696036_10155140619226037',
          'message' => "Inside Donald J. Trump's inauguration \x{2014} through the eyes of his supporters. Meet Shannon, who traveled 700 miles from Alabama to attend."
        };
$VAR1 = {
          'link' => 'https://www.facebook.com/yahoofinance/videos/1382054245138822/',
          'created_time' => '2017-01-22T01:20:00+0000',
          'name' => 'Yahoo Finance',
          'id' => '338028696036_10155126845996037',
          'message' => 'A simple security measure to stop hackers.'
        };

The Guardian
-----------------------------

CNN
-----------------------------
$VAR1 = {
          'link' => 'http://cnn.it/2j9ChOM',
          'caption' => 'www.cnn.com',
          'created_time' => '2017-01-22T01:16:57+0000',
          'name' => 'Trump leaves world diplomats down and out',
          'id' => '5550296508_10155948121791509',
          'message' => 'Donald J. Trump\'s first address as president wasn\'t just watched by Americans -- the world was listening too.'
        };

Domain: cnn.com
Response:
{"id":"1622501708043673_1646537392306771"}

Slate.com
-----------------------------

the AP
-----------------------------

Sean Hannity
-----------------------------

The Ed Schultz Show
-----------------------------

The Atlantic
-----------------------------

Bloomberg
-----------------------------

BuzzFeed
-----------------------------

Fox News
-----------------------------

VICE
-----------------------------

Glenn Beck
-----------------------------

The Other 98%
-----------------------------


Total Posts Made:	7


