***********************************************************************************
Started at 14:45:01 on 00/22/2017
***********************************************************************************
Querying souces from the past 15 minutes....

Al Jazeera
-----------------------------

Upworthy
-----------------------------

The Huffington Post
-----------------------------
$VAR1 = {
          'link' => 'http://huff.to/2jm2U0o',
          'caption' => 'huffingtonpost.com',
          'created_time' => '2017-01-22T19:30:19+0000',
          'name' => 'These Muslim Teens Just Went To Their First Women\'s March. They Could Have Led it.',
          'id' => '18468761129_10154633192391130',
          'message' => '"Donald J. Trump doesn\'t scare me."'
        };

Domain: huffingtonpost.com
Response:
{"error":{"message":"It looks like you were misusing this feature by going too fast. You\u2019ve been blocked from using it.\n\nLearn more about blocks in the Help Center.","type":"OAuthException","code":368,"error_subcode":1390008,"error_user_msg":"","fbtrace_id":"F4vZSJgi+in"}}

Facebook ran into an error and the post was not published. Zach Muckerberg please fix. Try again in a few hours.

