***********************************************************************************
Started at 09:00:02 on 00/04/2017
***********************************************************************************
Querying souces from the past 15 minutes....

Al Jazeera
-----------------------------

Upworthy
-----------------------------

The Huffington Post
-----------------------------

HuffPost Women
-----------------------------

PBS News Hour
-----------------------------

ATTN:
-----------------------------

Reuters
-----------------------------
$VAR1 = {
          'link' => 'http://reut.rs/2izTtwX',
          'caption' => 'reuters.com',
          'created_time' => '2017-01-04T13:54:48+0000',
          'name' => 'Trump\'s North Korea red line could come back to haunt him',
          'id' => '114050161948682_1350655721621447',
          'message' => 'In three words of a tweet this week, U.S. President-elect Donald Trump vowed North Korea would never test an intercontinental ballistic missile. Here\'s why those words could come back to haunt him: http://reut.rs/2iDmsOx'
        };

Domain: reuters.com

NowThis
-----------------------------

Daily Caller
-----------------------------
$VAR1 = {
          'link' => 'http://trib.al/b4UzGkq',
          'caption' => 'smokeroom.com',
          'created_time' => '2017-01-04T14:00:06+0000',
          'name' => 'UFC Star Drops Two Insane Topless Photos On Instagram',
          'id' => '182919686769_10154107762296770',
          'message' => 'Are these the craziest topless photos you\'ve ever seen?'
        };

Domain: smokeroom.com
$VAR1 = {
          'link' => 'http://trib.al/RQAHo2i',
          'caption' => 'smokeroom.com',
          'created_time' => '2017-01-04T13:47:10+0000',
          'name' => "This Sportscaster\x{2019}s Instagram Account Is Straight Fire [SLIDESHOW]",
          'id' => '182919686769_10154107746146770',
          'message' => 'Do her scorching hot bikini photos cross the line?'
        };

Domain: smokeroom.com

CNBC
-----------------------------
$VAR1 = {
          'link' => 'http://cnb.cx/2hNPhpo',
          'caption' => 'cnbc.com',
          'created_time' => '2017-01-04T13:57:46+0000',
          'name' => 'Morgan Stanley: Buy the election, sell the inauguration',
          'id' => '97212224368_10155069504259369',
          'message' => 'Stocks have been rallying since the election. Is it time to start thinking about getting out?'
        };

Domain: cnbc.com

The Onion
-----------------------------

Opposing Views
-----------------------------
$VAR1 = {
          'link' => 'http://www.americanow.com/story/health/2017/01/03/if-you-see-ladybug-be-careful',
          'caption' => 'americanow.com',
          'created_time' => '2017-01-04T14:00:00+0000',
          'name' => 'You May Think These Are Just Ladybugs In Your Home, But The Truth Is Much More Dangerous',
          'id' => '34226391050_10154399906576051',
          'message' => "Although these bugs might look like adorable ladybugs, they\x{2019}re actually very dangerous. Here's how to spot them:"
        };

Domain: americanow.com

the Today Show
-----------------------------

Kotaku
-----------------------------

Washington Post
-----------------------------
$VAR1 = {
          'link' => 'https://www.washingtonpost.com/world/israeli-court-convicts-soldier-of-shooting-dead-wounded-palestinian-assailant/2017/01/04/b766ecdc-d1d6-11e6-9651-54a0154cf5b3_story.html?tid=sm_fb',
          'caption' => 'washingtonpost.com',
          'created_time' => '2017-01-04T14:00:01+0000',
          'name' => 'Israeli court convicts soldier of fatally shooting wounded Palestinian assailant',
          'id' => '6250307292_10154615195487293',
          'message' => 'The Israeli army medic was caught on video shooting a wounded and prone Palestinian.'
        };

Domain: washingtonpost.com
Response:
{"error":{"message":"It looks like you were misusing this feature by going too fast. You\u2019ve been blocked from using it.\n\nLearn more about blocks in the Help Center.","type":"OAuthException","code":368,"error_subcode":1390008,"error_user_msg":"","fbtrace_id":"A8u\/SPm2apC"}}

Facebook ran into an error and the post was not published. Zach Muckerberg please fix. Try again in a few hours.

