***********************************************************************************
Started at 08:00:01 on 00/08/2017
***********************************************************************************
Querying souces from the past 15 minutes....

Al Jazeera
-----------------------------
$VAR1 = {
          'link' => 'https://www.facebook.com/aljazeera/videos/10155081458858690/',
          'created_time' => '2017-01-08T12:58:08+0000',
          'name' => 'Israeli diplomat discusses plans to "take down" British MP',
          'id' => '7382473689_10155081458858690',
          'message' => '"She knows which MPs I want to take down."

Hidden camera footage reveals an Israeli diplomat discussing plans to "take down" Britain\'s Deputy Foreign Minister, Sir Alan Duncan.'
        };

Upworthy
-----------------------------

The Huffington Post
-----------------------------

HuffPost Women
-----------------------------

PBS News Hour
-----------------------------

ATTN:
-----------------------------

Reuters
-----------------------------

NowThis
-----------------------------

Daily Caller
-----------------------------

CNBC
-----------------------------
$VAR1 = {
          'link' => 'http://cnb.cx/2hYLndl',
          'caption' => 'cnbc.com',
          'created_time' => '2017-01-08T12:47:39+0000',
          'name' => 'Trade, not trade wars, will bring back American manufacturing, Intel CEO Brian Krzanich says',
          'id' => '97212224368_10155081416814369',
          'message' => 'He thinks we need to make the U.S. more competitive. Do you agree?'
        };

Domain: cnbc.com

The Onion
-----------------------------

Opposing Views
-----------------------------

the Today Show
-----------------------------

Kotaku
-----------------------------

Washington Post
-----------------------------
$VAR1 = {
          'link' => 'https://www.washingtonpost.com/world/asia_pacific/if-you-thought-japans-trains-were-something-else-wait-until-you-see-its-trainspotters/2017/01/05/1049fe38-c5c6-11e6-a22f-f4d703887285_story.html?tid=sm_fb',
          'caption' => 'washingtonpost.com',
          'created_time' => '2017-01-08T13:00:00+0000',
          'name' => "Japan\x{2019}s trains are in a league of their own. Japan\x{2019}s subculture of train fanatics is no different.",
          'id' => '6250307292_10154628700537293',
          'message' => 'In Japan, it\'s pretty hard to find people who hate taking the train.'
        };

Domain: washingtonpost.com
Response:
{"error":{"message":"It looks like you were misusing this feature by going too fast. You\u2019ve been blocked from using it.\n\nLearn more about blocks in the Help Center.","type":"OAuthException","code":368,"error_subcode":1390008,"error_user_msg":"","fbtrace_id":"FqSN8HoNmr0"}}

Facebook ran into an error and the post was not published. Zach Muckerberg please fix. Try again in a few hours.

