***********************************************************************************
Started at 13:15:01 on 11/13/2016
***********************************************************************************
Querying souces from the past 15 minutes....

Al Jazeera
-----------------------------

Upworthy
-----------------------------

The Huffington Post
-----------------------------
$VAR1 = {
          'link' => 'http://huff.to/2hB3XN2',
          'caption' => 'huffingtonpost.com',
          'created_time' => '2016-12-13T18:00:38+0000',
          'name' => "We Can't Be \x{2018}Friends' Because You Voted For Donald Trump",
          'id' => '18468761129_10154507360961130',
          'message' => "\"I can\x{2019}t fall back on the narrative of you being the downtrodden Rust Belter who is experiencing 'economic anxiety' and feeling 'left behind.' You \x{2015} like, in fact, the majority of Trump supporters \x{2015} fit none of that.\""
        };

Domain: huffingtonpost.com
Response:
{"id":"1622501708043673_1632189773741533"}

HuffPost Women
-----------------------------

PBS News Hour
-----------------------------

ATTN:
-----------------------------

Reuters
-----------------------------
$VAR1 = {
          'link' => 'https://www.facebook.com/AlexandraLUlmer/videos/1640756486218073/',
          'created_time' => '2016-12-13T18:15:26+0000',
          'name' => 'Alexandra Ulmer',
          'id' => '114050161948682_1321180527902300',
          'message' => 'President Nicolas Maduro is pulling the largest note in currency out of circulation despite having one of the world\'s highest inflation rates. We are #FacebookLive from Caracas as Venezuelans head to the banks.'
        };

NowThis
-----------------------------
$VAR1 = {
          'link' => 'https://www.facebook.com/NowThisNews/videos/1263822177041237/',
          'created_time' => '2016-12-13T18:02:48+0000',
          'name' => "Duterte\x{2019}s Drug War Has Amassed Over 5,900 Killings Over 6 Months",
          'id' => '341163402640457_1263822177041237',
          'message' => 'Nearly 6,000 people were killed since July as part of the Philippines\' relentless war on drugs'
        };

Daily Caller
-----------------------------
$VAR1 = {
          'link' => 'http://trib.al/9CCoM3k',
          'caption' => 'smokeroom.com',
          'created_time' => '2016-12-13T18:14:26+0000',
          'name' => 'Now We Know What Kanye Gave Trump During Their Meeting At Trump Tower Today',
          'id' => '182919686769_10154042942866770',
          'message' => 'Kanye West met with Donald Trump today...'
        };

Domain: smokeroom.com

CNBC
-----------------------------
$VAR1 = {
          'link' => 'http://cnb.cx/2hoQXtl',
          'caption' => 'cnbc.com',
          'created_time' => '2016-12-13T18:12:54+0000',
          'name' => 'After talking with Trump, Bill Gates likens president-elect to JFK',
          'id' => '97212224368_10154988741504369',
          'message' => 'Donald J. Trump has an opportunity to establish "American leadership through innovation," Bill Gates told CNBC.'
        };

Domain: cnbc.com

The Onion
-----------------------------
$VAR1 = {
          'link' => 'https://www.facebook.com/TheOnion/videos/10154933346074497/',
          'created_time' => '2016-12-13T18:15:00+0000',
          'id' => '20950654496_10154933346074497',
          'message' => 'How New Toys Are Developed'
        };

Opposing Views
-----------------------------

the Today Show
-----------------------------

Kotaku
-----------------------------

Washington Post
-----------------------------

the American Center for Law and Justice
-----------------------------

VICE News
-----------------------------

PBS
-----------------------------

Mother Jones
-----------------------------

HuffPost Good News
-----------------------------

BBC News
-----------------------------

Breaking News
-----------------------------
$VAR1 = {
          'link' => 'http://www.nbcnews.com/storyline/aleppos-children/aleppo-civilians-killed-complete-meltdown-humanity-u-n-n695286',
          'caption' => 'nbcnews.com',
          'created_time' => '2016-12-13T18:06:07+0000',
          'name' => 'Aleppo: Cease-Fire reached in besieged Syrian city, rebels say',
          'id' => '206703882302_10153882573107303',
          'message' => 'A cease-fire agreement has been reached that would allow civilians and fighters trapped in the besieged Syrian city of Aleppo to evacuate. Five buses will head into the enclave in the eastern section of the city to pick up the survivors around 5 a.m. Wednesday local time, a source said. - NBC News

Follow updates: http://www.breakingnews.com/topic/syria-uprising/'
        };

Domain: nbcnews.com
Response:
{"id":"1622501708043673_1632189883741522"}

The Verge
-----------------------------

New York Magazine
-----------------------------
$VAR1 = {
          'link' => 'http://nym.ag/2gHq0Qr',
          'caption' => 'nymag.com',
          'created_time' => '2016-12-13T18:05:17+0000',
          'name' => 'Want to Go Viral on Instagram? Trying Tagging Your Post in Singapore.',
          'id' => '14516439825_10154847575284826',
          'message' => 'Here\'s what people are tagging to try to go viral on Instagram.'
        };

Domain: nymag.com

TIME
-----------------------------
$VAR1 = {
          'link' => 'http://ti.me/2hB9RgT',
          'caption' => 'time.com',
          'created_time' => '2016-12-13T18:00:25+0000',
          'name' => 'The Most Influential Fictional Characters of 2016',
          'id' => '10606591490_10154256247806491',
          'message' => 'From Daenerys Targaryen of Game of Thrones to Barb from Stranger Things.'
        };

Domain: time.com

the Business Insider
-----------------------------
$VAR1 = {
          'link' => 'http://read.bi/2gVSIuv',
          'caption' => 'businessinsider.com',
          'created_time' => '2016-12-13T18:15:07+0000',
          'name' => 'The chief scientist at NASA reveals how its innovations have changed your everyday life',
          'id' => '20446254070_10154183820694071',
          'message' => 'Infant formula was derived from space food'
        };

Domain: businessinsider.com
$VAR1 = {
          'link' => 'http://www.businessinsider.com/mark-cuban-shark-tank-scam-artists-2016-12',
          'caption' => 'businessinsider.com',
          'created_time' => '2016-12-13T18:10:01+0000',
          'name' => 'Mark Cuban to \'Shark Tank\' scam artists: \'I\'m gonna crush you\'',
          'id' => '20446254070_10154183321134071',
          'message' => 'Mark Cuban has no patience for scammers.'
        };

Domain: businessinsider.com

ThinkProgress
-----------------------------
$VAR1 = {
          'link' => 'https://thinkprogress.org/rick-perry-dances-into-the-trump-cabinet-f583f118f0a0#.w70udm193',
          'caption' => 'thinkprogress.org',
          'created_time' => '2016-12-13T18:15:00+0000',
          'name' => "\x{2018}Dancing with the Stars\x{2019} contestant nominated to oversee the U.S. nuclear program",
          'id' => '200137333331078_1462502073761258',
          'message' => "\x{201c}This nomination defies all logic.\x{201d}"
        };

Domain: thinkprogress.org
Response:
{"id":"1622501708043673_1632189997074844"}

POLITICO
-----------------------------
$VAR1 = {
          'link' => 'https://www.facebook.com/politico/videos/10154089546631680/',
          'created_time' => '2016-12-13T18:09:33+0000',
          'name' => 'Trumps pick Perry to run Department of Energy',
          'id' => '62317591679_10154089546631680',
          'message' => 'Donald J. Trump has picked fellow climate skeptic and former 2016 presidential primary rival Rick Perry to run the Department of Energy. Read more: http://politi.co/2hrCvh7'
        };

USA TODAY
-----------------------------

American News
-----------------------------

ABC News
-----------------------------
$VAR1 = {
          'link' => 'http://abcn.ws/2hB6wP9',
          'caption' => 'abcnews.go.com',
          'created_time' => '2016-12-13T18:01:37+0000',
          'name' => 'Man Who Says Relatives Were Killed by US Drone Strike Heads to Federal Court',
          'id' => '86680728811_10155134344788812',
          'message' => 'Yemeni man who claims he lost family members in U.S. drone strike to attend U.S. appellate court hearing regarding incident in what could become a landmark case.'
        };

Domain: go.com
Response:
{"id":"1622501708043673_1632190067074837"}

HuffPost Politics
-----------------------------
$VAR1 = {
          'link' => 'http://huff.to/2hnEmqb',
          'caption' => 'm.huffpost.com',
          'created_time' => '2016-12-13T18:00:31+0000',
          'name' => 'Barack Obama Warns Trump Against \'Flying Blind\' Without Intelligence',
          'id' => '56845382910_10154601458187911',
          'message' => "President Obama said it doesn\x{2019}t matter how smart you are, you have to have the best information possible to make the best decisions possible."
        };

Domain: huffpost.com

NBC News
-----------------------------
$VAR1 = {
          'link' => 'http://nbcnews.to/2gI3UgN',
          'caption' => 'nbcnews.com',
          'created_time' => '2016-12-13T18:14:58+0000',
          'name' => 'Cease-fire reached in Aleppo amid "complete meltdown of humanity"',
          'id' => '155869377766434_1615372148482809',
          'message' => 'The cease-fire will allow civilians and fighters trapped in the besieged Syrian city to evacuate.'
        };

Domain: nbcnews.com
Response:
{"id":"1622501708043673_1632190160408161"}

AJ+
-----------------------------

Wikileaks
-----------------------------
$VAR1 = {
          'link' => 'http://www.reuters.com/article/us-usa-trump-intelligence-idUSKBN14204E',
          'caption' => 'reuters.com',
          'created_time' => '2016-12-13T18:15:00+0000',
          'name' => 'Exclusive: Top U.S. spy agency has not embraced CIA assessment on Russia hacking - sources',
          'id' => '108734602494994_1181402445228199',
          'message' => 'Both FBI and ODNI state they do not share CIA\'s view on Russia & election - Reuters'
        };

Domain: reuters.com

CNNMoney
-----------------------------
$VAR1 = {
          'link' => 'http://cnnmon.ie/2hqZM1S',
          'caption' => 'www.aol.com',
          'created_time' => '2016-12-13T18:05:02+0000',
          'name' => 'This activity can actually boost your performance',
          'id' => '6651543066_10154184474968067',
          'message' => 'According to Christopher Lindholst, CEO of Restworks, napping at work could actually be key to helping employees reach their full potential. http://cnnmon.ie/2hqZM1S via AOL Finance'
        };

Domain: aol.com

ABC News Politics
-----------------------------
$VAR1 = {
          'link' => 'http://abcn.ws/2hJ871i',
          'caption' => 'abcnews.go.com',
          'created_time' => '2016-12-13T18:02:10+0000',
          'name' => 'Trump Pushing Back Announcement About His Businesses',
          'id' => '184096565021911_1123834447714780',
          'message' => 'Donald J. Trump, whose global web of business interests has raised eyebrows regarding potential conflicts of interest, had said that he planned to tell the public about his plan on Dec. 15. Now that is being pushed back into January.'
        };

Domain: go.com
Response:
{"id":"1622501708043673_1632190257074818"}

Right Wing News
-----------------------------

The Wall Street Journal
-----------------------------
$VAR1 = {
          'link' => 'http://on.wsj.com/2hruQiX',
          'caption' => 'wsj.com',
          'created_time' => '2016-12-13T18:00:29+0000',
          'name' => 'These Juveniles, Understandably, Think Mom and Dad Are Dumb Blobs',
          'id' => '8304333127_10155101913833128',
          'message' => "Whooping-crane keepers, raising chicks to replenish the endangered species, wear shapeless suits and keep mum so the youngsters don\x{2019}t get too attached."
        };

Domain: wsj.com
Response:
{"id":"1622501708043673_1632190303741480"}

MSNBC
-----------------------------
$VAR1 = {
          'link' => 'http://on.msnbc.com/2hBsIbW',
          'caption' => 'msnbc.com',
          'created_time' => '2016-12-13T18:15:09+0000',
          'name' => 'Congressman to electoral college: Block Trump',
          'id' => '273864989376427_1390475941048654',
          'message' => '"I\'m not a big fan of the electoral college, but the electoral college was set up precisely to allow for a group of people to deliberate and to stop foreign interference."
- Rep. Jim Hines (D-CT)'
        };

Domain: msnbc.com
Response:
{"id":"1622501708043673_1632190387074805"}

the Drudge Report
-----------------------------

Mic
-----------------------------

The Economist
-----------------------------

Bloomberg Politics
-----------------------------
$VAR1 = {
          'link' => 'http://bloom.bg/2gHXWMM',
          'caption' => 'bloomberg.com',
          'created_time' => '2016-12-13T18:14:11+0000',
          'name' => 'Kanye West Meets With President-Elect at Trump Tower in NYC',
          'id' => '1481073582140028_1852846821629367',
          'message' => "\"We\x{2019}ve been friends for a long time.\""
        };

Domain: bloomberg.com
Response:
{"id":"1622501708043673_1632190470408130"}

CBS News
-----------------------------
$VAR1 = {
          'link' => 'http://cbsn.ws/2hiWuRG',
          'caption' => 'www.cbsnews.com',
          'created_time' => '2016-12-13T18:10:01+0000',
          'name' => 'The heartwarming reason this teen went right back to work after a car accident',
          'id' => '131459315949_10154166313865950',
          'message' => 'When a hungry customer walked into Chik-fil-A last week, he couldn\'t help but stare. Behind the counter stood a teen, counting change on one hand. His other arm was wrapped in a sling and he was wearing a neck brace. The man had to ask: "What happened?" The boy\'s answer was so touching, he knew he had to help.'
        };

Domain: cbsnews.com
Response:
{"id":"1622501708043673_1632191303741380"}

The Young Turks
-----------------------------

Occupy Democrats
-----------------------------

CBC News
-----------------------------

Newsweek
-----------------------------

CNN International
-----------------------------

The New Yorker
-----------------------------

Rush Limbaugh
-----------------------------

The Independent
-----------------------------
$VAR1 = {
          'link' => 'https://www.facebook.com/TheIndependentOnline/videos/10154283178511636/',
          'created_time' => '2016-12-13T18:01:00+0000',
          'id' => '13312631635_10154283178511636',
          'message' => 'The last activists in Aleppo are waiting to die'
        };

TheBlaze
-----------------------------

NPR Politics
-----------------------------

The New York Times
-----------------------------

NPR
-----------------------------

MSN
-----------------------------

CNN Politics
-----------------------------
$VAR1 = {
          'link' => 'http://cnn.it/2gWsJTP',
          'caption' => 'www.cnn.com',
          'created_time' => '2016-12-13T18:05:01+0000',
          'name' => 'Chaka Fattah sentenced to decade in prison',
          'id' => '219367258105115_1393798393995323',
          'message' => 'Former Pennsylvania Democratic Congressman Chaka Fattah is sentenced to ten years in federal prison after a judge finds him guilty on charges of racketeering, fraud and money laundering.'
        };

Domain: cnn.com
Response:
{"id":"1622501708043673_1632191400408037"}

The Daily Show
-----------------------------

Daily Kos
-----------------------------

Yahoo News
-----------------------------
$VAR1 = {
          'link' => 'https://yhoo.it/2gD96nG',
          'caption' => 'sports.yahoo.com',
          'created_time' => '2016-12-13T18:00:55+0000',
          'name' => 'MLB outlaws \'offensive\' hazing; no more dressing rookies as women',
          'id' => '338028696036_10154981886171037',
          'message' => 'The rituals have been around the MLB for years.'
        };

Domain: yahoo.com
Response:
{"id":"1622501708043673_1632191463741364"}

The Guardian
-----------------------------
$VAR1 = {
          'link' => 'https://www.theguardian.com/world/2016/dec/13/deal-reached-to-evacuate-rebels-and-civilians-from-aleppo?CMP=fb_gu',
          'caption' => 'theguardian.com',
          'created_time' => '2016-12-13T18:03:41+0000',
          'name' => 'Deal reached to evacuate rebels and civilians from Aleppo',
          'id' => '10513336322_10154838884871323',
          'message' => 'An agreement has been reached to evacuate civilians and opposition fighters from the besieged eastern districts of the city of Aleppo, a senior Turkish official and rebel officials have told the Guardian.'
        };

Domain: theguardian.com
Response:
{"id":"1622501708043673_1632191587074685"}

CNN
-----------------------------
$VAR1 = {
          'link' => 'https://www.facebook.com/cnn/videos/10155748765771509/',
          'created_time' => '2016-12-13T18:01:02+0000',
          'name' => 'Meet Nigerian 6-year-old comedienne',
          'id' => '5550296508_10155748765771509',
          'message' => 'This 6-year-old comedienne from Nigeria is Africa\'s youngest YouTube awards winner, with one of her videos racking up 2.5 million views http://cnn.it/2gE6AgF'
        };

Slate.com
-----------------------------
$VAR1 = {
          'link' => 'http://slate.me/2hJVJhx',
          'caption' => 'slate.com',
          'created_time' => '2016-12-13T18:00:35+0000',
          'name' => "Energy Department Rejects Trump\x{2019}s Request to Name Staffers Who Worked to Address Climate Change",
          'id' => '21516776437_10154647200096438',
          'message' => 'The DOE is refusing to sell out its science-accepting staffers.'
        };

Domain: slate.com
Response:
{"id":"1622501708043673_1632191710408006"}

the AP
-----------------------------

Sean Hannity
-----------------------------

The Ed Schultz Show
-----------------------------

The Atlantic
-----------------------------

Bloomberg
-----------------------------

BuzzFeed
-----------------------------

Fox News
-----------------------------
$VAR1 = {
          'link' => 'http://www.foxnews.com/world/2016/12/13/italian-priest-nixes-nativity-scene-to-avoid-offending-muslims.html',
          'caption' => 'foxnews.com',
          'created_time' => '2016-12-13T18:01:00+0000',
          'name' => 'Priest Nixes Nativity Scene to Avoid Offending Muslims',
          'id' => '15704546335_10154889511421336',
          'message' => "The nativity scene is usually set up within eyesight of a \x{201c}small corner of the cemetery\x{201d} that was \x{201c}reserved for Muslim graves.\x{201d}"
        };

Domain: foxnews.com
Response:
{"id":"1622501708043673_1632191803741330"}

VICE
-----------------------------
$VAR1 = {
          'link' => 'http://www.vice.com/read/why-im-voluntarily-going-into-solitary-confinement?utm_source=vicefbus',
          'caption' => 'www.vice.com',
          'created_time' => '2016-12-13T18:15:02+0000',
          'name' => 'Why I\'m Voluntarily Going into Solitary Confinement',
          'id' => '167115176655082_1486449171388336',
          'message' => "On December 12, 2016, James Burns voluntarily entered into solitary confinement in Arizona\x{2019}s La Paz County Jail, where he will stay for up to 30 days. VICE is documenting his time inside."
        };

Domain: vice.com

Glenn Beck
-----------------------------

The Other 98%
-----------------------------


Total Posts Made:	15


