***********************************************************************************
Started at 01:45:01 on 11/16/2016
***********************************************************************************
Querying souces from the past 15 minutes....

Al Jazeera
-----------------------------

Upworthy
-----------------------------

The Huffington Post
-----------------------------

HuffPost Women
-----------------------------

PBS News Hour
-----------------------------

ATTN:
-----------------------------

Reuters
-----------------------------

NowThis
-----------------------------

Daily Caller
-----------------------------

CNBC
-----------------------------

The Onion
-----------------------------

Opposing Views
-----------------------------

the Today Show
-----------------------------

Kotaku
-----------------------------

Washington Post
-----------------------------

the American Center for Law and Justice
-----------------------------

VICE News
-----------------------------

PBS
-----------------------------

Mother Jones
-----------------------------

HuffPost Good News
-----------------------------

BBC News
-----------------------------
$VAR1 = {
          'link' => 'http://bbc.in/2hULZRE',
          'caption' => 'bbc.co.uk',
          'created_time' => '2016-12-16T06:33:17+0000',
          'name' => 'Southern rail row: Train drivers\' strike halts services',
          'id' => '228735667216_10154213785457217',
          'message' => 'Drivers have walked out for a third day this week after conciliation talks failed.'
        };

Domain: bbc.co.uk
Response:
{"id":"1622501708043673_1633151530312024"}

Breaking News
-----------------------------

The Verge
-----------------------------

New York Magazine
-----------------------------

TIME
-----------------------------

the Business Insider
-----------------------------
$VAR1 = {
          'link' => 'http://read.bi/2h76ryH',
          'caption' => 'businessinsider.com',
          'created_time' => '2016-12-16T06:40:11+0000',
          'name' => 'IT WOULD BE \'A FIRE SALE\': Reporter says Trump will not sell his businesses before taking office',
          'id' => '20446254070_10154192994299071',
          'message' => 'Here\'s why it could be a no-win situation for the Trumps.'
        };

Domain: businessinsider.com

ThinkProgress
-----------------------------

POLITICO
-----------------------------

USA TODAY
-----------------------------
$VAR1 = {
          'link' => 'http://www.usatoday.com/story/news/politics/2016/12/15/feds-extend-healthcaregov-deadline-dec-19-citing-late-rush/95499584/',
          'caption' => 'usatoday.com',
          'created_time' => '2016-12-16T06:40:00+0000',
          'name' => 'Feds extend Healthcare.gov deadline to Dec. 19',
          'id' => '13652355666_10154169898520667',
          'message' => 'About 700,000 people signed up for plans Monday and Tuesday alone, just as President-elect Donald J. Trump vowed to repeal Obamacare.'
        };

Domain: usatoday.com
Response:
{"id":"1622501708043673_1633151576978686"}

American News
-----------------------------

ABC News
-----------------------------

HuffPost Politics
-----------------------------

NBC News
-----------------------------

AJ+
-----------------------------

Wikileaks
-----------------------------

CNNMoney
-----------------------------

ABC News Politics
-----------------------------

Right Wing News
-----------------------------

The Wall Street Journal
-----------------------------
$VAR1 = {
          'link' => 'http://on.wsj.com/2hUy121',
          'caption' => 'wsj.com',
          'created_time' => '2016-12-16T06:30:08+0000',
          'name' => 'Lighting Designers on the Best LED Lightbulbs You Can Buy',
          'id' => '8304333127_10155118234678128',
          'message' => "\"\x{2018}Buying an LED lightbulb nowadays has become more bewildering than buying a computer.\""
        };

Domain: wsj.com
Response:
{"id":"1622501708043673_1633151613645349"}

MSNBC
-----------------------------

the Drudge Report
-----------------------------

Mic
-----------------------------

The Economist
-----------------------------

Bloomberg Politics
-----------------------------

CBS News
-----------------------------

The Young Turks
-----------------------------

Occupy Democrats
-----------------------------

CBC News
-----------------------------

Newsweek
-----------------------------

CNN International
-----------------------------

The New Yorker
-----------------------------

Rush Limbaugh
-----------------------------

The Independent
-----------------------------
$VAR1 = {
          'link' => 'https://www.facebook.com/TheIndependentOnline/videos/10154292439891636/',
          'created_time' => '2016-12-16T06:41:00+0000',
          'id' => '13312631635_10154292439891636',
          'message' => 'Baby Tasmanian Devil runs around with \'mum\' - Devil Ark'
        };

TheBlaze
-----------------------------

NPR Politics
-----------------------------

The New York Times
-----------------------------

NPR
-----------------------------

MSN
-----------------------------

CNN Politics
-----------------------------
$VAR1 = {
          'link' => 'http://cnn.it/2h5OX5K',
          'caption' => 'www.cnn.com',
          'created_time' => '2016-12-16T06:33:00+0000',
          'name' => 'Sources: Intel shows Putin approved election hacking',
          'id' => '219367258105115_1397636950278134',
          'message' => '"The intelligence community has assessed that in order for this operation to have been executed, it could not have been done without the highest levels of the government, including the President himself," a senior administration official with access to the intelligence on the hacking says.'
        };

Domain: cnn.com
Response:
{"id":"1622501708043673_1633151660312011"}

The Daily Show
-----------------------------

Daily Kos
-----------------------------

Yahoo News
-----------------------------
$VAR1 = {
          'link' => 'https://www.facebook.com/yahoonews/videos/1401077963258420/',
          'created_time' => '2016-12-16T06:40:00+0000',
          'name' => 'The Most Epic Father-Daughter Wedding Dances',
          'id' => '338028696036_1401077963258420',
          'message' => 'These are the most epic father-daughter wedding dances.'
        };

The Guardian
-----------------------------

CNN
-----------------------------

Slate.com
-----------------------------

the AP
-----------------------------

Sean Hannity
-----------------------------

The Ed Schultz Show
-----------------------------

The Atlantic
-----------------------------

Bloomberg
-----------------------------

BuzzFeed
-----------------------------

Fox News
-----------------------------

VICE
-----------------------------
$VAR1 = {
          'link' => 'https://tonic.vice.com/en_us/article/addicts-are-running-out-of-places-to-finish-their-recovery?utm_source=tonicfbus',
          'caption' => 'tonic.vice.com',
          'created_time' => '2016-12-16T06:40:01+0000',
          'name' => 'Addicts Are Running Out of Places to Finish Their Recovery',
          'id' => '167115176655082_1490454237654496',
          'message' => "The lack of post-detox beds is a growing problem\x{2014}one that increases the likelihood of relapse, overdose, and death."
        };

Domain: vice.com

Glenn Beck
-----------------------------

The Other 98%
-----------------------------


Total Posts Made:	4


