***********************************************************************************
Started at 22:45:01 on 00/03/2017
***********************************************************************************
Querying souces from the past 15 minutes....

Al Jazeera
-----------------------------

Upworthy
-----------------------------

The Huffington Post
-----------------------------

HuffPost Women
-----------------------------
$VAR1 = {
          'link' => 'http://huff.to/2iAMGkB',
          'caption' => 'huffingtonpost.com',
          'created_time' => '2017-01-04T03:30:12+0000',
          'name' => 'Trans Teen\'s Gender Confirmation Surgery Beautifully Documented By Nat Geo',
          'id' => '153213781413350_1263114707089913',
          'message' => '"It feels very sacred, this time of stillness and transition and embracing of this new life."'
        };

Domain: huffingtonpost.com
Response:
{"id":"1622501708043673_1639814426312401"}

PBS News Hour
-----------------------------

ATTN:
-----------------------------
$VAR1 = {
          'link' => 'http://www.attn.com/stories/13977/sex-therapist-responds-to-chris-browns-online-feud?utm_source=facebook&utm_medium=post&utm_campaign=internal',
          'caption' => 'attn.com',
          'created_time' => '2017-01-04T03:31:00+0000',
          'name' => 'These Tweets Demolish the Biggest Misconception About Abusive Relationships',
          'id' => '160389977329803_1246557175379739',
          'message' => 'A sex therapist\'s twitter thread is going viral.'
        };

Domain: attn.com

Reuters
-----------------------------

NowThis
-----------------------------

Daily Caller
-----------------------------
$VAR1 = {
          'link' => 'http://trib.al/yNIrrIk',
          'caption' => 'smokeroom.com',
          'created_time' => '2017-01-04T03:34:22+0000',
          'name' => "These Photos Of Tom Brady\x{2019}s Wife Are The Greatest Thing On The Internet [SLIDESHOW]",
          'id' => '182919686769_10154106832711770',
          'message' => 'These stunning pictures are proof @[Tom Brady] hit the jackpot.'
        };

Domain: smokeroom.com

CNBC
-----------------------------

The Onion
-----------------------------

Opposing Views
-----------------------------

the Today Show
-----------------------------

Kotaku
-----------------------------

Washington Post
-----------------------------

the American Center for Law and Justice
-----------------------------

VICE News
-----------------------------

PBS
-----------------------------

Mother Jones
-----------------------------

HuffPost Good News
-----------------------------

BBC News
-----------------------------

Breaking News
-----------------------------

The Verge
-----------------------------
$VAR1 = {
          'link' => 'http://www.theverge.com/2017/1/3/14162236/faraday-future-electric-car-unveil-ces-2017',
          'caption' => 'theverge.com',
          'created_time' => '2017-01-04T03:30:42+0000',
          'name' => "Faraday Future\x{2019}s first car \x{2014} the FF91 \x{2014} is here",
          'id' => '193742123995472_1306273949408945',
          'message' => "With 1,050 horsepower, the car can go 0-60 in 2.39 seconds \x{2014} faster than any other car built today."
        };

Domain: theverge.com

New York Magazine
-----------------------------
$VAR1 = {
          'link' => 'http://nym.ag/2iwWZbA',
          'caption' => 'nymag.com',
          'created_time' => '2017-01-04T03:40:07+0000',
          'name' => 'Here Are Just a Few of the Disgusting Things That Live on a Dollar Bill',
          'id' => '14516439825_10154923135014826',
          'message' => 'Gross.'
        };

Domain: nymag.com

TIME
-----------------------------
$VAR1 = {
          'link' => 'http://ti.me/2hO9hLP',
          'caption' => 'time.com',
          'created_time' => '2017-01-04T03:30:08+0000',
          'name' => 'Adolf Hitler\'s \'Mein Kampf\' Is In \'Overwhelming\' Demand in Germany',
          'id' => '10606591490_10154319445516491',
          'message' => "Last March, Hitler\x{2019}s personal copy of 'Mein Kampf' sold for \$20,655."
        };

Domain: time.com

the Business Insider
-----------------------------
$VAR1 = {
          'link' => 'http://read.bi/2izsBem',
          'caption' => 'businessinsider.com',
          'created_time' => '2017-01-04T03:40:02+0000',
          'name' => "These 13 online classes will help you learn something new in 2017\x{2014} and they\x{2019}re all \$10",
          'id' => '20446254070_10154254681639071',
          'message' => 'New year, new you.'
        };

Domain: businessinsider.com

ThinkProgress
-----------------------------

POLITICO
-----------------------------
$VAR1 = {
          'link' => 'http://politi.co/2ixnygu',
          'caption' => 'politico.com',
          'created_time' => '2017-01-04T03:30:23+0000',
          'name' => "Putin\x{2019}s Real Long Game",
          'id' => '62317591679_10154165864826680',
          'message' => 'The world order we know is already over, and Russia is moving fast to grab the advantage. Can Donald J. Trump figure out the new war in time to win it?

via POLITICO Magazine'
        };

Domain: politico.com

Alias: politico.com
Response:
{"id":"1622501708043673_1639814489645728"}

USA TODAY
-----------------------------
$VAR1 = {
          'link' => 'http://www.usatoday.com/story/money/business/2017/01/03/millionaire-investors-take-refuge-kentucky-farms/96124026/',
          'caption' => 'usatoday.com',
          'created_time' => '2017-01-04T03:40:00+0000',
          'name' => 'Millionaire investors take refuge in Kentucky farms',
          'id' => '13652355666_10154247894415667',
          'message' => '"In a doomsday economy, farms are where the food has to come from," said Gollott, 71. "The way we are going, I think default is inevitable."'
        };

Domain: usatoday.com
Response:
{"id":"1622501708043673_1639814589645718"}
$VAR1 = {
          'link' => 'https://www.facebook.com/Reviewedcom/videos/10157960798615632/',
          'created_time' => '2017-01-04T03:36:22+0000',
          'name' => 'Reviewed.com',
          'id' => '13652355666_10154248732395667',
          'message' => 'Reviewed.com are LIVE at #CES2017 with the best new TVs from Samsung TV.'
        };

American News
-----------------------------

ABC News
-----------------------------
$VAR1 = {
          'link' => 'http://abcn.ws/2iBfQjF',
          'caption' => 'abcnews.go.com',
          'created_time' => '2017-01-04T03:34:32+0000',
          'name' => 'Asian Leaders React to Trump\'s North Korea Warning',
          'id' => '86680728811_10155218792213812',
          'message' => "South Korea says President-elect Donald J. Trump had sent a \"clear warning\" to North Korea over the isolationist nation\x{2019}s nuclear ambitions, while a Trump aide suggested Pyongyang was being put \x{201c}on notice\x{201d} by the incoming administration."
        };

Domain: go.com
Response:
{"id":"1622501708043673_1639814646312379"}

HuffPost Politics
-----------------------------
$VAR1 = {
          'link' => 'http://huff.to/2hQ7cPB',
          'caption' => 'm.huffpost.com',
          'created_time' => '2017-01-04T03:30:19+0000',
          'name' => 'First Candidate Leaps Into Michigan\'s 2018 Governor\'s Race',
          'id' => '56845382910_10154671218402911',
          'message' => 'Competition will likely be fierce for the open seat.'
        };

Domain: huffpost.com

NBC News
-----------------------------
$VAR1 = {
          'link' => 'http://nbcnews.to/2iNfLZG',
          'caption' => 'today.com',
          'created_time' => '2017-01-04T03:30:18+0000',
          'name' => 'It\'s a boy! Janet Jackson, 50, welcomes 1st child',
          'id' => '155869377766434_1651816134838410',
          'message' => 'Janet Jackson and her husband, Wissam Al Mana, welcomed their first child together, son Eissa Al Mana, on Tuesday.'
        };

Domain: today.com

AJ+
-----------------------------

Wikileaks
-----------------------------

CNNMoney
-----------------------------
$VAR1 = {
          'link' => 'http://cnnmon.ie/2i7axr5',
          'caption' => 'money.cnn.com',
          'created_time' => '2017-01-04T03:45:01+0000',
          'name' => 'Chrysler unveils selfie-taking concept car for millenials',
          'id' => '6651543066_10154251456108067',
          'message' => 'The Chrysler Portal concept car has an interior selfie camera and lots of other features designed to appeal to the youngest car shoppers. http://cnnmon.ie/2i7axr5 via CNNTech'
        };

Domain: cnn.com
Response:
{"id":"1622501708043673_1639814672979043"}

ABC News Politics
-----------------------------

Right Wing News
-----------------------------

The Wall Street Journal
-----------------------------
$VAR1 = {
          'link' => 'http://on.wsj.com/2hQkVFQ',
          'caption' => 'wsj.com',
          'created_time' => '2017-01-04T03:30:22+0000',
          'name' => 'Senate Moves to Dismantle Health Law',
          'id' => '8304333127_10155227453608128',
          'message' => 'The GOP-led Senate sets aggressive timeline for repealing President Obama\'s Affordable Care Act that cut the ranks of the uninsured.'
        };

Domain: wsj.com
Response:
{"id":"1622501708043673_1639814719645705"}

MSNBC
-----------------------------
$VAR1 = {
          'link' => 'http://on.msnbc.com/2hPmcPd',
          'caption' => 'msnbc.com',
          'created_time' => '2017-01-04T03:35:04+0000',
          'name' => 'Trump biographer thrown out of Trump golf course',
          'id' => '273864989376427_1419369944825920',
          'message' => '"I went up to him and I simply said \'Congratulations, sir.\' I tipped my hat... we shook hands and then he went into an expletive-filled diatribe about the content of my book." -- Harry Hurt III, author of \'Lost Tycoon\''
        };

Domain: msnbc.com
Response:
{"id":"1622501708043673_1639814776312366"}

the Drudge Report
-----------------------------
$VAR1 = {
          'link' => 'https://www.washingtonpost.com/powerpost/trump-takes-aim-at-house-republicans-and-they-run-for-cover/2017/01/03/fb530ad2-d1fb-11e6-9cb0-54ab630851e8_story.html',
          'caption' => 'washingtonpost.com',
          'created_time' => '2017-01-04T03:44:10+0000',
          'name' => 'Trump takes aim at House Republicans, and they run for cover',
          'id' => '102533606954_10154738145131955',
          'message' => 'Trump takes aim at House Republicans, and they run for cover...'
        };

Domain: washingtonpost.com
Response:
{"id":"1622501708043673_1639814806312363"}

Mic
-----------------------------

The Economist
-----------------------------

Bloomberg Politics
-----------------------------

CBS News
-----------------------------
$VAR1 = {
          'link' => 'http://cbsn.ws/2iN4kB9',
          'caption' => 'www.cbsnews.com',
          'created_time' => '2017-01-04T03:34:06+0000',
          'name' => 'Murder case dismissed against "Superfly" Snuka in girlfriend\'s 1983 death',
          'id' => '131459315949_10154235201345950',
          'message' => 'The decision comes a month after the former pro wrestler\'s lawyer told the court that his 73-year-old client has dementia, is in hospice care in Florida and has six months to live.'
        };

Domain: cbsnews.com
Response:
{"id":"1622501708043673_1639814899645687"}

The Young Turks
-----------------------------

Occupy Democrats
-----------------------------

CBC News
-----------------------------

Newsweek
-----------------------------

CNN International
-----------------------------

The New Yorker
-----------------------------

Rush Limbaugh
-----------------------------

The Independent
-----------------------------

TheBlaze
-----------------------------

NPR Politics
-----------------------------

The New York Times
-----------------------------
$VAR1 = {
          'link' => 'https://www.nytimes.com/2017/01/03/watching/new-to-netflix-streaming-january.html?smid=fb-nytimes&smtyp=cur',
          'caption' => 'nytimes.com',
          'created_time' => '2017-01-04T03:40:00+0000',
          'name' => 'The Best Movies and TV Shows New to Netflix, Hulu and More in January - NYT Watching',
          'id' => '5281959998_10151036674914999',
          'message' => "Here's what's new on streaming \x{2014} and worth your time \x{2014} this month. (via NYT Watching)"
        };

Domain: nytimes.com
Response:
{"id":"1622501708043673_1639814982979012"}
$VAR1 = {
          'link' => 'https://www.nytimes.com/2017/01/03/arts/leslie-jones-milo-yiannopoulos-simon-schuster.html?smid=tw-nytimesarts&smtyp=cur',
          'caption' => 'nytimes.com',
          'created_time' => '2017-01-04T03:30:49+0000',
          'name' => "Leslie Jones Says Publisher Spreads Hate by Publishing Milo Yiannopoulos\x{2019}s Book",
          'id' => '5281959998_10151036673124999',
          'message' => 'Leslie Jones says Simon & Schuster is spreading hate by publishing the book of Milo Yiannopoulos, who led the Twitter harassment against her.'
        };

Domain: nytimes.com
Response:
{"id":"1622501708043673_1639815046312339"}

NPR
-----------------------------

MSN
-----------------------------

CNN Politics
-----------------------------
$VAR1 = {
          'link' => 'http://cnn.it/2i8crrz',
          'caption' => 'www.cnn.com',
          'created_time' => '2017-01-04T03:32:00+0000',
          'name' => 'US admin \'100% certain\' about Russia hacking',
          'id' => '219367258105115_1433227410052421',
          'message' => '"There\'s no question" about what Russia did to "sow doubt and confusion, and getting involved through the cyber domain, into our electoral process," State Department Spokesman John Kirby tells Christiane Amanpour.'
        };

Domain: cnn.com
Response:
{"id":"1622501708043673_1639815119645665"}

The Daily Show
-----------------------------

Daily Kos
-----------------------------

Yahoo News
-----------------------------
$VAR1 = {
          'link' => 'https://www.yahoo.com/beauty/this-restaurant-wants-patrons-to-order-a-shot-if-they-feel-unsafe-on-a-date-173437299.html',
          'created_time' => '2017-01-04T03:40:00+0000',
          'name' => 'Yahoo Style + Beauty',
          'id' => '338028696036_10155066951476037'
        };

The Guardian
-----------------------------

CNN
-----------------------------
$VAR1 = {
          'link' => 'https://www.facebook.com/cnn/videos/10155859157401509/',
          'created_time' => '2017-01-04T03:30:54+0000',
          'name' => 'Trump celebrates new year with convicted felon',
          'id' => '5550296508_10155859157401509',
          'message' => "Leaked video shows Donald J. Trump  ringing in the new year with Joseph \"Joey No Socks\x{201d} Cinque, who once reportedly survived a mob hit and was associated with the infamous mob boss John Gotti. http://cnn.it/2j72Jtz"
        };

Slate.com
-----------------------------

the AP
-----------------------------
$VAR1 = {
          'link' => 'https://apnews.com/749eec6f79634be687653f0aba5773dc',
          'caption' => 'apnews.com',
          'created_time' => '2017-01-04T03:36:31+0000',
          'name' => '1 of the last remaining Shakers dies at 89, leaving just 2',
          'id' => '249655421622_10154207347871623',
          'message' => 'The Shakers once had more than a dozen religious communities in the Americas. Now, the last two surviving members are 60 and 78.'
        };

Domain: apnews.com

Sean Hannity
-----------------------------
$VAR1 = {
          'link' => 'https://www.facebook.com/SeanHannity/videos/10158194228460389/',
          'created_time' => '2017-01-04T03:43:33+0000',
          'id' => '69813760388_10158194228460389',
          'message' => '"Our sources are not a state party."

Sean Hannity sat down for an exclusive interview with Julian Assange where the  #WikiLeaks founder denied Russia was behind last year\'s Democratic email leaks, despite rumors to the contrary.'
        };

The Ed Schultz Show
-----------------------------

The Atlantic
-----------------------------
$VAR1 = {
          'link' => 'http://theatln.tc/2iASjiQ',
          'caption' => 'citylab.com',
          'created_time' => '2017-01-04T03:41:27+0000',
          'name' => 'CityLab Salutes the Best Ideas of 2016',
          'id' => '29259828486_10154981628833487',
          'message' => 'Not everything is terrible! (via CityLab )'
        };

Domain: citylab.com

Bloomberg
-----------------------------

BuzzFeed
-----------------------------

Fox News
-----------------------------

VICE
-----------------------------
$VAR1 = {
          'link' => 'http://bit.ly/2hNWAhL',
          'caption' => 'tonic.vice.com',
          'created_time' => '2017-01-04T03:41:04+0000',
          'name' => '11 Great Things That Happened in Spectacularly Shitty 2016',
          'id' => '167115176655082_1516279471738639',
          'message' => "Thankfully, the world does not bend to the will of Donald Trump's tweets\x{2014}yet."
        };

Domain: vice.com

Glenn Beck
-----------------------------

The Other 98%
-----------------------------


Total Posts Made:	12


