***********************************************************************************
Started at 01:15:01 on 00/18/2017
***********************************************************************************
Querying souces from the past 15 minutes....

Al Jazeera
-----------------------------

Upworthy
-----------------------------

The Huffington Post
-----------------------------
$VAR1 = {
          'link' => 'http://huff.to/2jw5d3Z',
          'caption' => 'huffingtonpost.com',
          'created_time' => '2017-01-18T06:00:40+0000',
          'name' => 'Watch The Obamas\' Cute Playdate With The Kids Who Received Their Swing Set',
          'id' => '18468761129_10154618895306130',
          'message' => 'So, so sweet.'
        };

Domain: huffingtonpost.com
Response:
{"error":{"message":"It looks like you were misusing this feature by going too fast. You\u2019ve been blocked from using it.\n\nLearn more about blocks in the Help Center.","type":"OAuthException","code":368,"error_subcode":1390008,"error_user_msg":"","fbtrace_id":"EzzG9gdUrnu"}}

Facebook ran into an error and the post was not published. Zach Muckerberg please fix. Try again in a few hours.

