***********************************************************************************
Started at 02:48:01 on 11/03/2016
***********************************************************************************
Querying souces from the past 6 minutes....

Al Jazeera
-----------------------------
$VAR1 = {
          'link' => 'https://www.facebook.com/aljazeera/videos/10154924683363690/',
          'created_time' => '2016-12-03T07:44:22+0000',
          'id' => '7382473689_10154924683363690',
          'message' => 'Protesters marching towards South Korean presidential compound. Live w Harry Fawcett'
        };

Upworthy
-----------------------------

The Huffington Post
-----------------------------

HuffPost Women
-----------------------------

PBS News Hour
-----------------------------

ATTN:
-----------------------------

Reuters
-----------------------------

NowThis
-----------------------------

Daily Caller
-----------------------------

CNBC
-----------------------------
$VAR1 = {
          'link' => 'http://cnb.cx/2ghvqPd',
          'caption' => 'cnbc.com',
          'created_time' => '2016-12-03T07:43:49+0000',
          'name' => 'How does your salary stack up?',
          'id' => '97212224368_10154943497044369',
          'message' => 'Know your worth.'
        };

Domain: cnbc.com

The Onion
-----------------------------

Opposing Views
-----------------------------

the Today Show
-----------------------------

Kotaku
-----------------------------

Washington Post
-----------------------------

the American Center for Law and Justice
-----------------------------

VICE News
-----------------------------

PBS
-----------------------------

Mother Jones
-----------------------------

HuffPost Good News
-----------------------------

BBC News
-----------------------------

Breaking News
-----------------------------

The Verge
-----------------------------
$VAR1 = {
          'link' => 'http://www.theverge.com/2016/12/2/13819874/warm-regards-podcast-climate-change-global-warming?utm_campaign=theverge&utm_content=chorus&utm_medium=social&utm_source=twitter',
          'caption' => 'theverge.com',
          'created_time' => '2016-12-03T07:47:00+0000',
          'name' => 'Here\'s the climate change podcast you didn\'t know you were looking for',
          'id' => '193742123995472_1267462383290102',
          'message' => 'It\'s smart and informative and no-nonsense.'
        };

Domain: theverge.com

New York Magazine
-----------------------------

TIME
-----------------------------

the Business Insider
-----------------------------

ThinkProgress
-----------------------------

POLITICO
-----------------------------

USA TODAY
-----------------------------

American News
-----------------------------

ABC News
-----------------------------

HuffPost Politics
-----------------------------

NBC News
-----------------------------

AJ+
-----------------------------

Wikileaks
-----------------------------

CNNMoney
-----------------------------

ABC News Politics
-----------------------------

Right Wing News
-----------------------------

The Wall Street Journal
-----------------------------

MSNBC
-----------------------------

the Drudge Report
-----------------------------

Mic
-----------------------------

The Economist
-----------------------------
$VAR1 = {
          'link' => 'http://econ.st/2gQe3GE',
          'caption' => 'economist.com',
          'created_time' => '2016-12-03T07:43:24+0000',
          'name' => 'What does the world think about globalisation?',
          'id' => '6013004059_10154833245159060',
          'message' => 'People in the emerging world are far keener on globalisation than they are in the rich world. Our poll on the rise of nationalism across 19 countries'
        };

Domain: economist.com
$VAR1 = bless( {
                 'response' => bless( {
                                        '_protocol' => 'HTTP/1.1',
                                        '_content' => '{"id":"1622501708043673_1627797134180797"}',
                                        '_rc' => '200',
                                        '_headers' => bless( {
                                                               'connection' => 'close',
                                                               'x-fb-rev' => '2717633',
                                                               'cache-control' => 'private, no-cache, no-store, must-revalidate',
                                                               'date' => 'Sat, 03 Dec 2016 07:48:29 GMT',
                                                               'x-fb-debug' => 'mwWqXriPoPFykYQFmUrj3z7ti/a927iffq7MmnthnIPj6Vsq4J9UFzqDqC/uZqU+D8cFDVnvzxJ9B3q4p6laIg==',
                                                               'access-control-allow-origin' => '*',
                                                               'client-ssl-cert-issuer' => '/C=US/O=DigiCert Inc/OU=www.digicert.com/CN=DigiCert SHA2 High Assurance Server CA',
                                                               'client-ssl-cipher' => 'ECDHE-ECDSA-AES128-GCM-SHA256',
                                                               'client-peer' => '31.13.65.1:443',
                                                               'facebook-api-version' => 'v2.8',
                                                               'client-date' => 'Sat, 03 Dec 2016 07:48:29 GMT',
                                                               'pragma' => 'no-cache',
                                                               'content-type' => 'text/javascript; charset=UTF-8',
                                                               'client-ssl-socket-class' => 'IO::Socket::SSL',
                                                               'client-response-num' => 1,
                                                               'content-length' => '42',
                                                               'x-fb-trace-id' => 'F+ee+BTrQLS',
                                                               '::std_case' => {
                                                                                 'client-response-num' => 'Client-Response-Num',
                                                                                 'x-fb-rev' => 'X-Fb-Rev',
                                                                                 'x-fb-debug' => 'X-FB-Debug',
                                                                                 'access-control-allow-origin' => 'Access-Control-Allow-Origin',
                                                                                 'client-ssl-cert-issuer' => 'Client-SSL-Cert-Issuer',
                                                                                 'client-ssl-cipher' => 'Client-SSL-Cipher',
                                                                                 'client-peer' => 'Client-Peer',
                                                                                 'facebook-api-version' => 'Facebook-Api-Version',
                                                                                 'x-fb-trace-id' => 'X-Fb-Trace-Id',
                                                                                 'client-date' => 'Client-Date',
                                                                                 'client-ssl-cert-subject' => 'Client-SSL-Cert-Subject',
                                                                                 'client-ssl-socket-class' => 'Client-SSL-Socket-Class'
                                                                               },
                                                               'client-ssl-cert-subject' => '/C=US/ST=CA/L=Menlo Park/O=Facebook, Inc./CN=*.facebook.com',
                                                               'expires' => 'Sat, 01 Jan 2000 00:00:00 GMT'
                                                             }, 'HTTP::Headers' ),
                                        '_msg' => 'OK',
                                        '_request' => bless( {
                                                               '_content' => 'access_token=EAAPvBQ5tbjMBAIgMPORfLbexZAZAVtTuqzr7wPbhCpVFyxUtDQEsBZAIS72ADwnUQzdtZA4A2DE8kDyNia2wdCQFeFnFKnxlv7dOhQ0zxnIbA3bwasf4ET1xjq4k9Nojqjmx5HZBlOy9gccDrAFC7fVnGUOjJaTIZD&message=The+Facebook+page+of+The+Economist+originally+shared+this+article.+According+to+data+gathered+by+the+Pew+Research+Center%2C+The+Economist+is+more+trusted+than+distrusted+by+survey+respondents+who+have+heard+of+the+source.+%0D%0AAdditionally%2C+the+research+indicates+that+left-leaning+readers+and+right-leaning+readers+were+about+equally+as+likely+to+find+this+source+credible.+%0D%0A%0D%0AOut+of+the+34%25+of+respondents+who+have+heard+of+The+Economist%2C%0D%0A36%25%09trusted+the+news+source%2C%0D%0A6%25%09distrusted+the+news+source%2C+and%0D%0A58%25%09neither+trusted+nor+distrusted+the+news+source.%0D%0A%0D%0ATo+learn+more+about+Pew+Research+Center\'s+study+on+Political+Polarization+%26+Media+Habits%2C+follow+this+link+to+visit+their+report.+https%3A%2F%2Fgoo.gl%2FxwVtjv&link=http%3A%2F%2Fecon.st%2F2gQe3GE&published=true',
                                                               '_uri' => bless( do{\(my $o = 'https://graph.facebook.com/v2.2/1622501708043673/feed')}, 'URI::https' ),
                                                               '_headers' => bless( {
                                                                                      'user-agent' => 'libwww-perl/6.15',
                                                                                      'content-type' => 'application/x-www-form-urlencoded',
                                                                                      'content-length' => 1014,
                                                                                      '::std_case' => {
                                                                                                        'if-ssl-cert-subject' => 'If-SSL-Cert-Subject'
                                                                                                      }
                                                                                    }, 'HTTP::Headers' ),
                                                               '_method' => 'POST',
                                                               '_uri_canonical' => $VAR1->{'response'}{'_request'}{'_uri'}
                                                             }, 'HTTP::Request' )
                                      }, 'HTTP::Response' )
               }, 'Facebook::Graph::Response' );

Bloomberg Politics
-----------------------------

CBS News
-----------------------------

The Young Turks
-----------------------------

Occupy Democrats
-----------------------------

CBC News
-----------------------------

Newsweek
-----------------------------

CNN International
-----------------------------

The New Yorker
-----------------------------

Rush Limbaugh
-----------------------------

The Independent
-----------------------------

TheBlaze
-----------------------------

NPR Politics
-----------------------------

The New York Times
-----------------------------

NPR
-----------------------------
$VAR1 = {
          'link' => 'http://www.npr.org/sections/thetwo-way/2016/12/02/504148826/andrew-sachs-who-played-beloved-waiter-manuel-on-fawlty-towers-dies?utm_source=facebook.com&utm_medium=social&utm_campaign=npr&utm_term=nprnews&utm_content=202803',
          'caption' => 'npr.org',
          'created_time' => '2016-12-03T07:47:00+0000',
          'name' => 'Andrew Sachs, Who Played Beloved Waiter Manuel On \'Fawlty Towers,\' Dies',
          'id' => '10643211755_10155025730871756',
          'message' => 'The actor is best known for his portrayal of the hapless waiter from Barcelona on the much loved British sitcom. He was 86.'
        };

Domain: npr.org
$VAR1 = bless( {
                 'response' => bless( {
                                        '_protocol' => 'HTTP/1.1',
                                        '_content' => '{"id":"1622501708043673_1627797150847462"}',
                                        '_rc' => '200',
                                        '_headers' => bless( {
                                                               'connection' => 'close',
                                                               'x-fb-rev' => '2717633',
                                                               'cache-control' => 'private, no-cache, no-store, must-revalidate',
                                                               'date' => 'Sat, 03 Dec 2016 07:48:30 GMT',
                                                               'x-fb-debug' => 'gXmf9p+4l7S21g6XyNbYs5grnZ1cciBcIMLUsVvSciJX2D4VdTEUV1YrTAmwk32ocadaMUqgMRs+fHgX4gA6aQ==',
                                                               'access-control-allow-origin' => '*',
                                                               'client-ssl-cert-issuer' => '/C=US/O=DigiCert Inc/OU=www.digicert.com/CN=DigiCert SHA2 High Assurance Server CA',
                                                               'client-ssl-cipher' => 'ECDHE-ECDSA-AES128-GCM-SHA256',
                                                               'client-peer' => '31.13.65.1:443',
                                                               'facebook-api-version' => 'v2.8',
                                                               'client-date' => 'Sat, 03 Dec 2016 07:48:30 GMT',
                                                               'pragma' => 'no-cache',
                                                               'content-type' => 'text/javascript; charset=UTF-8',
                                                               'client-ssl-socket-class' => 'IO::Socket::SSL',
                                                               'client-response-num' => 1,
                                                               'content-length' => '42',
                                                               'x-fb-trace-id' => 'B8aapNw+FIO',
                                                               '::std_case' => {
                                                                                 'client-response-num' => 'Client-Response-Num',
                                                                                 'x-fb-rev' => 'X-FB-Rev',
                                                                                 'x-fb-debug' => 'X-FB-Debug',
                                                                                 'access-control-allow-origin' => 'Access-Control-Allow-Origin',
                                                                                 'client-ssl-cert-issuer' => 'Client-SSL-Cert-Issuer',
                                                                                 'client-ssl-cipher' => 'Client-SSL-Cipher',
                                                                                 'client-peer' => 'Client-Peer',
                                                                                 'facebook-api-version' => 'Facebook-API-Version',
                                                                                 'x-fb-trace-id' => 'X-FB-Trace-ID',
                                                                                 'client-date' => 'Client-Date',
                                                                                 'client-ssl-cert-subject' => 'Client-SSL-Cert-Subject',
                                                                                 'client-ssl-socket-class' => 'Client-SSL-Socket-Class'
                                                                               },
                                                               'client-ssl-cert-subject' => '/C=US/ST=CA/L=Menlo Park/O=Facebook, Inc./CN=*.facebook.com',
                                                               'expires' => 'Sat, 01 Jan 2000 00:00:00 GMT'
                                                             }, 'HTTP::Headers' ),
                                        '_msg' => 'OK',
                                        '_request' => bless( {
                                                               '_content' => 'access_token=EAAPvBQ5tbjMBAIgMPORfLbexZAZAVtTuqzr7wPbhCpVFyxUtDQEsBZAIS72ADwnUQzdtZA4A2DE8kDyNia2wdCQFeFnFKnxlv7dOhQ0zxnIbA3bwasf4ET1xjq4k9Nojqjmx5HZBlOy9gccDrAFC7fVnGUOjJaTIZD&message=The+Facebook+page+of+NPR+originally+shared+this+article.+According+to+data+gathered+by+the+Pew+Research+Center%2C+NPR+is+more+trusted+than+distrusted+by+survey+respondents+who+have+heard+of+the+source.+(Over+40%25+of+respondents)+%0D%0AAdditionally%2C+the+research+indicates+that+left-leaning+readers+were+more+likely+to+find+this+source+credible+than+other+readers.+%0D%0A%0D%0AOut+of+the+53%25+of+respondents+who+have+heard+of+NPR%2C%0D%0A55%25%09trusted+the+news+source%2C%0D%0A17%25%09distrusted+the+news+source%2C+and%0D%0A28%25%09neither+trusted+nor+distrusted+the+news+source.%0D%0A%0D%0ATo+learn+more+about+Pew+Research+Center\'s+study+on+Political+Polarization+%26+Media+Habits%2C+follow+this+link+to+visit+their+report.+https%3A%2F%2Fgoo.gl%2FxwVtjv&link=http%3A%2F%2Fwww.npr.org%2Fsections%2Fthetwo-way%2F2016%2F12%2F02%2F504148826%2Fandrew-sachs-who-played-beloved-waiter-manuel-on-fawlty-towers-dies%3Futm_source%3Dfacebook.com%26utm_medium%3Dsocial%26utm_campaign%3Dnpr%26utm_term%3Dnprnews%26utm_content%3D202803&published=true',
                                                               '_uri' => bless( do{\(my $o = 'https://graph.facebook.com/v2.2/1622501708043673/feed')}, 'URI::https' ),
                                                               '_headers' => bless( {
                                                                                      'user-agent' => 'libwww-perl/6.15',
                                                                                      'content-type' => 'application/x-www-form-urlencoded',
                                                                                      'content-length' => 1226,
                                                                                      '::std_case' => {
                                                                                                        'if-ssl-cert-subject' => 'If-SSL-Cert-Subject'
                                                                                                      }
                                                                                    }, 'HTTP::Headers' ),
                                                               '_method' => 'POST',
                                                               '_uri_canonical' => $VAR1->{'response'}{'_request'}{'_uri'}
                                                             }, 'HTTP::Request' )
                                      }, 'HTTP::Response' )
               }, 'Facebook::Graph::Response' );

MSN
-----------------------------

CNN Politics
-----------------------------

The Daily Show
-----------------------------

Daily Kos
-----------------------------

Yahoo News
-----------------------------

The Guardian
-----------------------------

CNN
-----------------------------

Slate.com
-----------------------------

the AP
-----------------------------

Sean Hannity
-----------------------------

The Ed Schultz Show
-----------------------------

The Atlantic
-----------------------------

Bloomberg
-----------------------------

BuzzFeed
-----------------------------

Fox News
-----------------------------

VICE
-----------------------------

Glenn Beck
-----------------------------

The Other 98%
-----------------------------





