***********************************************************************************
Started at 10:30:02 on 11/27/2016
***********************************************************************************
Querying souces from the past 15 minutes....

Al Jazeera
-----------------------------
$VAR1 = {
          'link' => 'https://www.facebook.com/aljazeera/videos/10155025324853690/',
          'created_time' => '2016-12-27T15:30:00+0000',
          'name' => 'Raising birds to forget war in Syria',
          'id' => '7382473689_10155025324853690',
          'message' => 'This Syrian refugee is raising birds to help him forget the horrors of war.

Al Jazeera\'s Imtiaz Tyab reports.'
        };

Upworthy
-----------------------------

The Huffington Post
-----------------------------

HuffPost Women
-----------------------------
$VAR1 = {
          'created_time' => '2016-12-27T15:29:19+0000',
          'id' => '153213781413350_1256591521075565',
          'message' => 'The Women\'s March on Washington -- the day after Trump\'s inauguration -- is expected to draw hundreds of thousands of women and men. If you\'ll be there, and it\'s the first time you\'ve ever marched, we\'d like to talk to you. Why this march? 

If you\'re interested in being interviewed, please email our reporter catherine.pearson@huffingtonpost.com, including your age and location.'
        };
$VAR1 = {
          'link' => 'http://huff.to/2hnvmAt',
          'caption' => 'huffingtonpost.com',
          'created_time' => '2016-12-27T15:20:04+0000',
          'name' => '9 Illustrations Nail The Good, Bad And Ugly Of Modern Womanhood',
          'id' => '153213781413350_1256585201076197',
          'message' => "\x{201c}I simply want to draw girls how they look.\""
        };

Domain: huffingtonpost.com
Response:
{"error":{"message":"It looks like you were misusing this feature by going too fast. You\u2019ve been blocked from using it.\n\nLearn more about blocks in the Help Center.","type":"OAuthException","code":368,"error_subcode":1390008,"error_user_msg":"","fbtrace_id":"FI07hRILxpH"}}

Facebook ran into an error and the post was not published. Zach Muckerberg please fix. Try again in a few hours.

