***********************************************************************************
Started at 07:45:01 on 11/12/2016
***********************************************************************************
Querying souces from the past 15 minutes....

Al Jazeera
-----------------------------

Upworthy
-----------------------------

The Huffington Post
-----------------------------

HuffPost Women
-----------------------------

PBS News Hour
-----------------------------

ATTN:
-----------------------------
$VAR1 = {
          'link' => 'https://www.facebook.com/GetHistoryNow/videos/553508418187629/',
          'created_time' => '2016-12-12T12:39:32+0000',
          'name' => 'HistoryNow',
          'id' => '160389977329803_1217119288323528',
          'message' => 'Reigning Miss USA and active military member, Deshauna Barber, encourages fellow soldiers to chase their dreams no matter what.'
        };

Reuters
-----------------------------

NowThis
-----------------------------

Daily Caller
-----------------------------

CNBC
-----------------------------

The Onion
-----------------------------

Opposing Views
-----------------------------

the Today Show
-----------------------------

Kotaku
-----------------------------

Washington Post
-----------------------------

the American Center for Law and Justice
-----------------------------

VICE News
-----------------------------

PBS
-----------------------------

Mother Jones
-----------------------------

HuffPost Good News
-----------------------------

BBC News
-----------------------------

Breaking News
-----------------------------

The Verge
-----------------------------
$VAR1 = {
          'link' => 'http://www.theverge.com/2016/12/12/13915898/the-verge-weekly-preview',
          'caption' => 'theverge.com',
          'created_time' => '2016-12-12T12:30:44+0000',
          'name' => 'Rogue One review, our favorite cheap set-top-box, Super Mario Run, and more in the week ahead',
          'id' => '193742123995472_1280855575284116',
          'message' => 'Here\'s what\'s coming up this week.'
        };

Domain: theverge.com

New York Magazine
-----------------------------

TIME
-----------------------------
$VAR1 = {
          'link' => 'http://ti.me/2herrX0',
          'caption' => 'motto.time.com',
          'created_time' => '2016-12-12T12:30:32+0000',
          'name' => 'This Bill Would Require Colleges To Put Sexual Assault Records On Transcripts',
          'id' => '10606591490_10154251679181491',
          'message' => "\"Students who have committed sexual assault can walk away from campus with a clean academic bill of health.\x{201d}"
        };

Domain: time.com

the Business Insider
-----------------------------
$VAR1 = {
          'link' => 'http://read.bi/2hecmoN',
          'caption' => 'businessinsider.com',
          'created_time' => '2016-12-12T12:40:03+0000',
          'name' => 'How I made almost $24,000 in 4 weeks freelancing online',
          'id' => '20446254070_10154178676029071',
          'message' => 'You can, too.'
        };

Domain: businessinsider.com

ThinkProgress
-----------------------------

POLITICO
-----------------------------
$VAR1 = {
          'link' => 'http://politi.co/2hlhg0H',
          'caption' => 'politi.co',
          'created_time' => '2016-12-12T12:33:06+0000',
          'name' => 'Trump officially picks John Kelly to lead DHS',
          'id' => '62317591679_10154084515681680',
          'message' => 'News that John Kelly would be tapped to lead the Department of Homeland Security first trickled out last week.'
        };

Domain: politi.co

Alias: politico.com
Response:
{"id":"1622501708043673_1631721313788379"}

USA TODAY
-----------------------------
$VAR1 = {
          'link' => 'http://www.usatoday.com/story/life/entertainthis/2016/12/11/saturdau-night-live-weekend-update-calls-out-donald-trump/95293550/',
          'caption' => 'usatoday.com',
          'created_time' => '2016-12-12T12:34:27+0000',
          'name' => '\'SNL\'s Weekend Update calls out Trump: \'I know he\'s watching\'',
          'id' => '13652355666_10154151350380667',
          'message' => 'In case you missed Saturday Night Live ...'
        };

Domain: usatoday.com
Response:
{"id":"1622501708043673_1631723457121498"}

American News
-----------------------------

ABC News
-----------------------------

HuffPost Politics
-----------------------------

NBC News
-----------------------------
$VAR1 = {
          'link' => 'http://nbcnews.to/2gQFizZ',
          'caption' => 'nbcnews.com',
          'created_time' => '2016-12-12T12:36:02+0000',
          'name' => 'China expresses \'serious concern\' over Trump threat',
          'id' => '155869377766434_1613211158698908',
          'message' => 'The "one-China" policy is an agreement by the United States to effectively side with China in its sovereignty dispute with Taiwan, but Trump\'s recent phone call with Taiwan\'s president broke decades of protocol.'
        };

Domain: nbcnews.com
Response:
{"id":"1622501708043673_1631723580454819"}

AJ+
-----------------------------

Wikileaks
-----------------------------

CNNMoney
-----------------------------
$VAR1 = {
          'link' => 'http://cnnmon.ie/2h2yEJM',
          'caption' => 'money.cnn.com',
          'created_time' => '2016-12-12T12:33:02+0000',
          'name' => 'Big tech firms are too slow to remove hate speech',
          'id' => '6651543066_10154179711793067',
          'message' => 'European officials want Facebook, Twitter, Microsoft and YouTube to move faster in addressing the problem on their platforms. http://cnnmon.ie/2h2yEJM via CNNTech'
        };

Domain: cnn.com
Response:
{"id":"1622501708043673_1631723690454808"}

ABC News Politics
-----------------------------

Right Wing News
-----------------------------

The Wall Street Journal
-----------------------------
$VAR1 = {
          'link' => 'http://on.wsj.com/2hvahFB',
          'caption' => 'wsj.com',
          'created_time' => '2016-12-12T12:43:04+0000',
          'name' => 'Syria Rebels Near Defeat in Aleppo',
          'id' => '8304333127_10155093638183128',
          'message' => 'The Syrian military says it has gained control of 98% of eastern Aleppo.'
        };

Domain: wsj.com
Response:
{"id":"1622501708043673_1631723770454800"}

MSNBC
-----------------------------

the Drudge Report
-----------------------------

Mic
-----------------------------

The Economist
-----------------------------

Bloomberg Politics
-----------------------------

CBS News
-----------------------------

The Young Turks
-----------------------------

Occupy Democrats
-----------------------------

CBC News
-----------------------------

Newsweek
-----------------------------

CNN International
-----------------------------
$VAR1 = {
          'link' => 'http://cnn.it/2gvRTwk',
          'caption' => 'edition.cnn.com',
          'created_time' => '2016-12-12T12:45:01+0000',
          'name' => 'Surge in methane threatens climate change targets, scientists say',
          'id' => '18793419640_10154781057494641',
          'message' => 'Methane levels in the atmosphere are rising faster than at any point in the past two decades.'
        };

Domain: cnn.com
Response:
{"id":"1622501708043673_1631723810454796"}

The New Yorker
-----------------------------

Rush Limbaugh
-----------------------------

The Independent
-----------------------------
$VAR1 = {
          'link' => 'https://www.indy100.com/article/perfectly-timed-photographs-7467091',
          'caption' => 'indy100.com',
          'created_time' => '2016-12-12T12:37:48+0000',
          'name' => '13 photographs that were taken at the perfect moment',
          'id' => '13312631635_10154271243756636',
          'message' => 'Timing'
        };

Domain: indy100.com

TheBlaze
-----------------------------

NPR Politics
-----------------------------

The New York Times
-----------------------------

NPR
-----------------------------

MSN
-----------------------------

CNN Politics
-----------------------------
$VAR1 = {
          'link' => 'http://cnn.it/2hE1vRM',
          'caption' => 'www.cnn.com',
          'created_time' => '2016-12-12T12:33:01+0000',
          'name' => 'Unpredictable Trump has \'a lot of Democrat\' in him, says GOP strategist',
          'id' => '219367258105115_1391675177540978',
          'message' => 'Alex Castellanos, a GOP strategist who initially opposed Donald J. Trump\'s candidacy but supported him during the general election, believes the President-elect\'s lack of ideological rigidity "may help him become an effective president."'
        };

Domain: cnn.com
Response:
{"id":"1622501708043673_1631723877121456"}

The Daily Show
-----------------------------

Daily Kos
-----------------------------

Yahoo News
-----------------------------
$VAR1 = {
          'link' => 'https://www.facebook.com/yahoofinance/videos/1325536354123945/',
          'created_time' => '2016-12-12T12:40:00+0000',
          'name' => 'Yahoo Finance',
          'id' => '338028696036_10154941039591037',
          'message' => 'You wouldn\'t have to tip the delivery person anymore...'
        };

The Guardian
-----------------------------
$VAR1 = {
          'link' => 'https://www.theguardian.com/world/2016/dec/09/lost-austrian-film-predicting-rise-of-nazism-restored-and-relaunched?CMP=fb_gu',
          'caption' => 'theguardian.com',
          'created_time' => '2016-12-12T12:40:00+0000',
          'name' => 'The lost Austrian film that predicted the rise of the Nazis in 1924',
          'id' => '10513336322_10154832798956323',
          'message' => "\x{201c}Back when The City Without Jews was made, we had a very similar situation to the one we are in now. At the end of the first world war, a lot of people had been displaced by Russian forces in the north of the empire and were migrating south to Vienna, especially Jews from Bukovina and Galicia. Antisemitic feelings got a massive boost through this refugee crisis and all parties started to make politics with it.\x{201d}"
        };

Domain: theguardian.com
Response:
{"id":"1622501708043673_1631727393787771"}

CNN
-----------------------------
$VAR1 = {
          'link' => 'http://cnn.it/2hEj1p4',
          'caption' => 'www.cnn.com',
          'created_time' => '2016-12-12T12:43:01+0000',
          'name' => 'New Zealand passport robot thinks this Asian man\'s eyes are closed',
          'id' => '5550296508_10155741272376509',
          'message' => '"The photo you want to upload does not meet our criteria because: subject eyes are closed."'
        };

Domain: cnn.com
Response:
{"id":"1622501708043673_1631727527121091"}

Slate.com
-----------------------------

the AP
-----------------------------

Sean Hannity
-----------------------------
$VAR1 = {
          'link' => 'https://www.facebook.com/FoxNews/photos/a.184044921335.134777.15704546335/10154884605311336/?type=3',
          'created_time' => '2016-12-12T12:43:05+0000',
          'name' => 'Fox News',
          'id' => '69813760388_10158050666320389'
        };

The Ed Schultz Show
-----------------------------

The Atlantic
-----------------------------

Bloomberg
-----------------------------
$VAR1 = {
          'link' => 'http://bloom.bg/2gvXBy1',
          'caption' => 'bloomberg.com',
          'created_time' => '2016-12-12T12:31:43+0000',
          'name' => 'Look at What\'s Happened to the Price of Oil',
          'id' => '266790296879_10154821432376880',
          'message' => 'It\'s absolutely surging.'
        };

Domain: bloomberg.com
Response:
{"id":"1622501708043673_1631727610454416"}

BuzzFeed
-----------------------------

Fox News
-----------------------------
$VAR1 = {
          'link' => 'https://www.facebook.com/FoxNews/photos/a.184044921335.134777.15704546335/10154884605311336/?type=3',
          'created_time' => '2016-12-12T12:41:20+0000',
          'name' => 'Timeline Photos',
          'id' => '15704546335_10154884605311336',
          'message' => 'Breaking News: Confirming reports from last week, President-elect Donald J. Trump announces that retired Gen. John Kelly will be his nominee to head the Department of Homeland Security.'
        };

VICE
-----------------------------
$VAR1 = {
          'link' => 'http://www.vice.com/read/mania-kristine-wathne-weird-collectors?utm_source=vicefbus',
          'caption' => 'www.vice.com',
          'created_time' => '2016-12-12T12:40:02+0000',
          'name' => 'Strange Collections of Pens, Tight Pants, and Wedding Dresses',
          'id' => '167115176655082_1484380478261872',
          'message' => 'This gets weird, but not *that* weird.'
        };

Domain: vice.com

Glenn Beck
-----------------------------

The Other 98%
-----------------------------


Total Posts Made:	10


