***********************************************************************************
Started at 07:00:01 on 11/20/2016
***********************************************************************************
Querying souces from the past 15 minutes....

Al Jazeera
-----------------------------
$VAR1 = {
          'link' => 'http://aje.io/qafb',
          'caption' => 'aljazeera.com',
          'created_time' => '2016-12-20T12:00:18+0000',
          'name' => 'Merkel: Berlin Christmas market carnage a terrorist act',
          'id' => '7382473689_10154998042913690',
          'message' => '"We must say that we are in a state of war ..." http://aje.io/qafb'
        };

Domain: aljazeera.com
Response:
{"id":"1622501708043673_1634792140147963"}
$VAR1 = {
          'link' => 'https://www.facebook.com/aljazeera/videos/10154997988653690/',
          'created_time' => '2016-12-20T11:48:54+0000',
          'name' => 'Officials on truck attack in Berlin',
          'id' => '7382473689_10154997988653690',
          'message' => "German officials are holding a press conference on last night\x{2019}s truck attack in Berlin. 12 people were killed and more than 50 injured."
        };

Upworthy
-----------------------------

The Huffington Post
-----------------------------

HuffPost Women
-----------------------------

PBS News Hour
-----------------------------

ATTN:
-----------------------------

Reuters
-----------------------------

NowThis
-----------------------------

Daily Caller
-----------------------------
$VAR1 = {
          'link' => 'http://trib.al/YN3vsYN',
          'caption' => 'dailycaller.com',
          'created_time' => '2016-12-20T11:47:49+0000',
          'name' => "Bill Maher On Trump Cabinet Picks: He \x{2018}Just Wants To F**k With Us\x{2019}",
          'id' => '182919686769_10154063350191770',
          'message' => "HBO liberal talk show host Bill Maher claims Trump \x{2018}just wants to f**k with us\x{2019}"
        };

Domain: dailycaller.com

CNBC
-----------------------------
$VAR1 = {
          'link' => 'http://cnb.cx/2hPFa7v',
          'caption' => 'cnbc.com',
          'created_time' => '2016-12-20T11:54:07+0000',
          'name' => 'Tim Cook tells Apple staff why he attended Trump tech summit',
          'id' => '97212224368_10155014297199369',
          'message' => 'The internal memo reveals why he felt it was so important.'
        };

Domain: cnbc.com

The Onion
-----------------------------

Opposing Views
-----------------------------

the Today Show
-----------------------------

Kotaku
-----------------------------

Washington Post
-----------------------------
$VAR1 = {
          'link' => 'https://www.washingtonpost.com/graphics/health/aging-athletes/?tid=sm_fb',
          'caption' => 'washingtonpost.com',
          'created_time' => '2016-12-20T12:00:00+0000',
          'name' => 'What female athletes need to know about menopause',
          'id' => '6250307292_10154552144797293',
          'message' => 'The good news is that you are probably going to weather menopause better than your sofa-bound sisters.'
        };

Domain: washingtonpost.com
Response:
{"id":"1622501708043673_1634792293481281"}

the American Center for Law and Justice
-----------------------------

VICE News
-----------------------------

PBS
-----------------------------

Mother Jones
-----------------------------

HuffPost Good News
-----------------------------

BBC News
-----------------------------
$VAR1 = {
          'link' => 'https://www.facebook.com/bbcnews/videos/10154226042327217/',
          'created_time' => '2016-12-20T11:45:59+0000',
          'name' => 'Russia ambassador shot dead in Turkey',
          'id' => '228735667216_10154226042327217',
          'message' => 'Moscow sends investigators to Turkey after off-duty policeman shot dead Russia\'s ambassador in Ankara. Latest: bbc.in/2hP65xO'
        };

Breaking News
-----------------------------

The Verge
-----------------------------

New York Magazine
-----------------------------

TIME
-----------------------------

the Business Insider
-----------------------------
$VAR1 = {
          'link' => 'https://www.facebook.com/businessinsider/videos/635634226634937/',
          'created_time' => '2016-12-20T11:55:00+0000',
          'name' => 'How to do a one-arm push-up',
          'id' => '20446254070_635634226634937',
          'message' => 'CrossFit trainers reveal how you can master the one-armed push-up.'
        };

ThinkProgress
-----------------------------

POLITICO
-----------------------------

USA TODAY
-----------------------------
$VAR1 = {
          'link' => 'http://www.usatoday.com/story/news/world/2016/12/19/most-polluted-city-is-not-in-china/95606914/',
          'caption' => 'usatoday.com',
          'created_time' => '2016-12-20T12:00:00+0000',
          'name' => 'The most polluted city is? Hint: It\'s not in China',
          'id' => '13652355666_10154186211720667',
          'message' => "\x{1f637} \x{1f637} \x{1f637} ."
        };

Domain: usatoday.com
Response:
{"id":"1622501708043673_1634792376814606"}

American News
-----------------------------

ABC News
-----------------------------

HuffPost Politics
-----------------------------

NBC News
-----------------------------
$VAR1 = {
          'link' => 'http://nbcnews.to/2ia9HcG',
          'caption' => 'nbcnews.com',
          'created_time' => '2016-12-20T11:46:04+0000',
          'name' => "Robert Durst: \x{2018}I Was on Meth\x{2019} During \x{2018}The Jinx\x{2019} Interview",
          'id' => '155869377766434_1628924617127562',
          'message' => 'Robert Durst gives a disturbing account in new unheard audio excerpts.'
        };

Domain: nbcnews.com
Response:
{"id":"1622501708043673_1634792486814595"}

AJ+
-----------------------------

Wikileaks
-----------------------------

CNNMoney
-----------------------------
$VAR1 = {
          'link' => 'http://cnnmon.ie/2hkfV9T',
          'caption' => 'money.cnn.com',
          'created_time' => '2016-12-20T11:51:01+0000',
          'name' => 'Tourism is spiking in these 8 countries',
          'id' => '6651543066_10154205180923067',
          'message' => '8 countries that are the world\'s biggest travel hotspots right now: http://cnnmon.ie/2hkfV9T'
        };

Domain: cnn.com
Response:
{"id":"1622501708043673_1634792550147922"}

ABC News Politics
-----------------------------

Right Wing News
-----------------------------
$VAR1 = {
          'link' => 'http://rightwingnews.com/top-news/monster-inmate-attacked-female-prison-guard-beat-death-says-messing-life/',
          'caption' => 'rightwingnews.com',
          'created_time' => '2016-12-20T12:00:00+0000',
          'name' => 'MONSTER: Inmate Attacked Female Prison Guard And Beat Her To Death, Says \'She Was Messing With My Life.\'',
          'id' => '389658314427637_1644684078925048',
          'message' => 'Excuses after fake apologies...'
        };

Domain: rightwingnews.com

The Wall Street Journal
-----------------------------

MSNBC
-----------------------------

the Drudge Report
-----------------------------

Mic
-----------------------------

The Economist
-----------------------------
$VAR1 = {
          'link' => 'https://www.facebook.com/TheEconomist/videos/10154891317134060/',
          'created_time' => '2016-12-20T12:00:00+0000',
          'name' => 'Human head transplant',
          'id' => '6013004059_10154891317134060',
          'message' => "Italian neurosurgeon, Dr Sergio Canavero, believes he can successfully perform the world\x{2019}s first human head transplant in 2017. Within the medical establishment there is concern and scepticism\x{2014}but either way the operation is set to be one of the big talking points of the year ahead"
        };

Bloomberg Politics
-----------------------------

CBS News
-----------------------------
$VAR1 = {
          'link' => 'http://cbsn.ws/2hDfxGr',
          'caption' => 'www.cbsnews.com',
          'created_time' => '2016-12-20T11:50:02+0000',
          'name' => 'Berlin Christmas market crash "likely" terrorism, police say',
          'id' => '131459315949_10154188088210950',
          'message' => 'Police believe a truck loaded with steel was deliberately rammed into a crowded market in Berlin, killing 12 people and leaving dozens injured.'
        };

Domain: cbsnews.com
Response:
{"id":"1622501708043673_1634792603481250"}

The Young Turks
-----------------------------

Occupy Democrats
-----------------------------

CBC News
-----------------------------
$VAR1 = {
          'link' => 'http://www.cbc.ca/news/politics/trudeau-climate-judgment-1.3904143',
          'caption' => 'cbc.ca',
          'created_time' => '2016-12-20T12:00:00+0000',
          'name' => 'Trudeau says climate plan will be measured on emissions trend in 2019',
          'id' => '5823419603_10154961879869604',
          'message' => 'The debate over climate change is over, says Trudeau.'
        };

Newsweek
-----------------------------

CNN International
-----------------------------

The New Yorker
-----------------------------

Rush Limbaugh
-----------------------------

The Independent
-----------------------------

TheBlaze
-----------------------------

NPR Politics
-----------------------------

The New York Times
-----------------------------
$VAR1 = {
          'link' => 'http://www.nytimes.com/2016/12/19/us/politics/election-donald-trump.html?smid=fb-nytimes&smtyp=cur',
          'caption' => 'nytimes.com',
          'created_time' => '2016-12-20T11:55:00+0000',
          'name' => "Electoral College Settles Donald Trump\x{2019}s Victory, but Little Else",
          'id' => '5281959998_10151015896389999',
          'message' => 'Protests across the U.S. offered a preview of a tumultuous inauguration and first 100 days of the new administration.'
        };

Domain: nytimes.com
Response:
{"id":"1622501708043673_1634792740147903"}

NPR
-----------------------------
$VAR1 = {
          'link' => 'http://www.npr.org/sections/health-shots/2016/09/28/495632851/these-women-discovered-it-wasnt-just-fat-it-was-lipedema?utm_source=facebook.com&utm_medium=social&utm_campaign=npr&utm_term=nprnews&utm_content=2047',
          'caption' => 'npr.org',
          'created_time' => '2016-12-20T12:00:00+0000',
          'name' => 'These Women Discovered It Wasn\'t Just Fat: It Was Lipedema',
          'id' => '10643211755_10155096300116756',
          'message' => '"It\'s like being wrapped in bubble wrap."'
        };

Domain: npr.org
Response:
{"id":"1622501708043673_1634792903481220"}

MSN
-----------------------------
$VAR1 = {
          'link' => 'http://msn.com/en-us/news/world/trump-blames-terrorists-for-killings-in-turkey-germany/ar-BBxlzsB?ocid=ob-fb-enus-280',
          'caption' => 'msn.com',
          'created_time' => '2016-12-20T11:57:28+0000',
          'name' => 'Trump blames terrorists for killings in Turkey, Germany',
          'id' => '49940376408_10154145773941409'
        };

Domain: msn.com

CNN Politics
-----------------------------

The Daily Show
-----------------------------

Daily Kos
-----------------------------

Yahoo News
-----------------------------

The Guardian
-----------------------------
$VAR1 = {
          'link' => 'https://www.theguardian.com/politics/2016/dec/20/nigel-farage-accuses-jo-cox-widower-brendan-cox-of-supporting-extremism?CMP=fb_gu',
          'caption' => 'theguardian.com',
          'created_time' => '2016-12-20T11:58:41+0000',
          'name' => 'Nigel Farage accuses Jo Cox\'s widower of supporting extremism',
          'id' => '10513336322_10154863627441323',
          'message' => 'Nigel Farage has accused Brendan Cox of being associated with extremism.'
        };

Domain: theguardian.com
Response:
{"id":"1622501708043673_1634793023481208"}

CNN
-----------------------------

Slate.com
-----------------------------

the AP
-----------------------------

Sean Hannity
-----------------------------

The Ed Schultz Show
-----------------------------

The Atlantic
-----------------------------

Bloomberg
-----------------------------

BuzzFeed
-----------------------------

Fox News
-----------------------------

VICE
-----------------------------

Glenn Beck
-----------------------------

The Other 98%
-----------------------------


Total Posts Made:	9


