***********************************************************************************
Started at 08:50:01 on 11/07/2016
***********************************************************************************
Querying souces from the past 10 minutes....

Al Jazeera
-----------------------------

Upworthy
-----------------------------

The Huffington Post
-----------------------------
$VAR1 = {
          'link' => 'http://huff.to/2gC6YYZ',
          'caption' => 'huffingtonpost.com',
          'created_time' => '2016-12-07T13:47:45+0000',
          'name' => 'Jeffrey Lord Actually Said \'There Are No People Of Color In This Country\'',
          'id' => '18468761129_10154479050766130',
          'message' => 'CNN actually pays this guy money so he can say things like this.'
        };

Domain: huffingtonpost.com
$VAR1 = {
          'id' => '1622501708043673_1629557997338044'
        };

HuffPost Women
-----------------------------

PBS News Hour
-----------------------------

ATTN:
-----------------------------
$VAR1 = {
          'link' => 'http://www.attn.com/stories/13348/prosecutor-blames-walter-scott-during-trial?utm_source=facebook&utm_medium=post&utm_campaign=internal',
          'caption' => 'attn.com',
          'created_time' => '2016-12-07T13:46:00+0000',
          'name' => 'This Tweet Just Nailed an Overlooked Problem in the Walter Scott Case',
          'id' => '160389977329803_1213199478715509',
          'message' => 'The murder trial of the cop who killed Walter Scott ended in a mistrial.'
        };

Domain: attn.com

Reuters
-----------------------------
$VAR1 = {
          'link' => 'https://www.facebook.com/Reuters/videos/1312992805387739/',
          'created_time' => '2016-12-07T13:50:15+0000',
          'name' => 'Voting begins in Ghana elections',
          'id' => '114050161948682_1312992805387739',
          'message' => 'Long lines form at voting stations across Ghana as President John Mahama runs for a second term, with opposition leader Nana Akufo-Addo his closest challenger. Read more: http://reut.rs/2gC4iL7'
        };

NowThis
-----------------------------

Daily Caller
-----------------------------
$VAR1 = {
          'link' => 'http://trib.al/ARMDb8a',
          'caption' => 'dailycaller.com',
          'created_time' => '2016-12-07T13:50:15+0000',
          'name' => 'Everyone Is Talking About The Dress Michelle Obama Wore During Her Final Ceremony At The Kennedy Center',
          'id' => '182919686769_10154018066526770',
          'message' => 'It caught everyone\'s attention because...'
        };

Domain: dailycaller.com

CNBC
-----------------------------

The Onion
-----------------------------

Opposing Views
-----------------------------

the Today Show
-----------------------------
$VAR1 = {
          'link' => 'http://www.today.com/pets/leaders-pack-here-are-top-dog-names-2016-t105687',
          'caption' => 'today.com',
          'created_time' => '2016-12-07T13:47:47+0000',
          'name' => 'Leaders of the pack! Here are the top dog names of 2016',
          'id' => '12566691349_10154798956021350',
          'message' => "Is your pup\x{2019}s name on the list?"
        };

Domain: today.com

Kotaku
-----------------------------

Washington Post
-----------------------------

the American Center for Law and Justice
-----------------------------

VICE News
-----------------------------

PBS
-----------------------------

Mother Jones
-----------------------------
$VAR1 = {
          'link' => 'http://motherjones.com/environment/2016/12/another-novel-superbug-shows-us-hog-farm',
          'caption' => 'motherjones.com',
          'created_time' => '2016-12-07T13:42:31+0000',
          'name' => 'A terrifying superbug just showed up on a US farm for the first time',
          'id' => '7642602143_10154289392037144',
          'message' => 'This is a ticking time bomb.'
        };

Domain: motherjones.com
$VAR1 = {
          'id' => '1622501708043673_1629558114004699'
        };

HuffPost Good News
-----------------------------
$VAR1 = {
          'link' => 'http://huff.to/2gC43zJ',
          'caption' => 'huffingtonpost.com',
          'created_time' => '2016-12-07T13:40:14+0000',
          'name' => 'Pops Joe Biden And Dad Stephen Colbert Give America A Much-Needed Pep Talk',
          'id' => '202163013203224_1215285278557654',
          'message' => 'Have a seat, the dads have an important message for you.'
        };

Domain: huffingtonpost.com
$VAR1 = {
          'id' => '1622501708043673_1629558410671336'
        };

BBC News
-----------------------------

Breaking News
-----------------------------

The Verge
-----------------------------

New York Magazine
-----------------------------
$VAR1 = {
          'link' => 'http://nym.ag/2h62ldy',
          'caption' => 'nymag.com',
          'created_time' => '2016-12-07T13:48:21+0000',
          'name' => "Hundreds Protest White Supremacist\x{2019}s Speech at Texas A&M",
          'id' => '14516439825_10154818239549826',
          'message' => 'Hundreds of students came out to protest a speech by the white-nationalist leader Richard Spencer.'
        };

Domain: nymag.com

TIME
-----------------------------

the Business Insider
-----------------------------
$VAR1 = {
          'link' => 'http://www.businessinsider.com/facebook-is-testing-a-tool-to-identify-fake-news-by-surveying-users-2016-12',
          'caption' => 'businessinsider.com',
          'created_time' => '2016-12-07T13:50:00+0000',
          'name' => 'Facebook is surveying users about the news it shows them',
          'id' => '20446254070_10154156396959071',
          'message' => 'Facebook is working to combat the fake news problem.'
        };

Domain: businessinsider.com

ThinkProgress
-----------------------------

POLITICO
-----------------------------

USA TODAY
-----------------------------
$VAR1 = {
          'link' => 'http://usat.ly/2h5Na1u',
          'caption' => 'usatoday.com',
          'created_time' => '2016-12-07T13:50:16+0000',
          'name' => 'Why you might want to think twice before shaving your pubic hair',
          'id' => '13652355666_10154125246705667',
          'message' => 'People who regularly trim or remove their pubic hair may be more at risk for sexually transmitted infections.'
        };

Domain: usatoday.com
$VAR1 = {
          'id' => '1622501708043673_1629558527337991'
        };

American News
-----------------------------

ABC News
-----------------------------
$VAR1 = {
          'link' => 'http://abcn.ws/2hieqIS',
          'caption' => 'abcnews.go.com',
          'created_time' => '2016-12-07T13:48:36+0000',
          'name' => 'Trump Calls Time Cover \'A Tremendous Honor\'',
          'id' => '86680728811_10155099101838812',
          'message' => 'President-elect Donald J. Trump says it\'s "a tremendous honor" to have been chosen as TIME magazine\'s "Person of the Year."'
        };

Domain: go.com
$VAR1 = {
          'id' => '1622501708043673_1629558624004648'
        };

HuffPost Politics
-----------------------------

NBC News
-----------------------------

AJ+
-----------------------------

Wikileaks
-----------------------------

CNNMoney
-----------------------------
$VAR1 = {
          'link' => 'https://www.facebook.com/cnnmoney/videos/10154156917993067/',
          'created_time' => '2016-12-07T13:49:12+0000',
          'name' => 'Apple set up a smart home to demo Home app',
          'id' => '6651543066_10154156917993067',
          'message' => 'Apple\'s new Home app lets you control your lights, fans, TV, locks, and all your connected devices from your iPhone or iPad. http://cnnmon.ie/2gQ5AVN Via CNNTech'
        };

ABC News Politics
-----------------------------

Right Wing News
-----------------------------

The Wall Street Journal
-----------------------------
$VAR1 = {
          'link' => 'http://on.wsj.com/2gCbneM',
          'caption' => 'wsj.com',
          'created_time' => '2016-12-07T13:41:08+0000',
          'name' => 'The 10-Point.',
          'id' => '8304333127_10155057649603128',
          'message' => "The 10-Point: Gerard Baker on today's top news, including Trump's carrot-and-stick approach to the nation\x{2019}s manufacturing sector, a ruling on insider trading and the innovation paradox.

Sign up here for the daily newsletter: http://on.wsj.com/2h5ZUaK"
        };

Domain: wsj.com
$VAR1 = {
          'id' => '1622501708043673_1629558767337967'
        };

MSNBC
-----------------------------

the Drudge Report
-----------------------------

Mic
-----------------------------

The Economist
-----------------------------

Bloomberg Politics
-----------------------------

CBS News
-----------------------------

The Young Turks
-----------------------------

Occupy Democrats
-----------------------------
$VAR1 = {
          'link' => 'https://www.facebook.com/OccupyDemocrats/videos/1339646632795054/',
          'created_time' => '2016-12-07T13:42:00+0000',
          'name' => 'Carrier\'s Union Just Confirmed Workers Got Cheated, Trump Lied...',
          'id' => '346937065399354_1339646632795054',
          'message' => 'Trump\'s Carrier deal sets a terrible precedent for the nation.

Video by Occupy Democrats, LIKE our page for more!'
        };

CBC News
-----------------------------

Newsweek
-----------------------------

CNN International
-----------------------------
$VAR1 = {
          'link' => 'http://cnn.it/2himTfe',
          'caption' => 'edition.cnn.com',
          'created_time' => '2016-12-07T13:44:28+0000',
          'name' => 'Pakistan plane crashes with about 40 people on board',
          'id' => '18793419640_10154756882714641',
          'message' => 'Pop star turned preacher Junaid Jamshed was among those on board flight PK-661, his manager says.'
        };

Domain: cnn.com
$VAR1 = {
          'id' => '1622501708043673_1629558894004621'
        };

The New Yorker
-----------------------------

Rush Limbaugh
-----------------------------

The Independent
-----------------------------
$VAR1 = {
          'link' => 'http://www.independent.co.uk/news/world/europe/malta-becomes-first-country-in-europe-to-ban-gay-cure-therapy-a7459946.html?cmpid=facebook-post',
          'caption' => 'independent.co.uk',
          'created_time' => '2016-12-07T13:44:56+0000',
          'name' => 'Malta becomes first country in Europe to ban \'gay cure\' therapy',
          'id' => '13312631635_10154253764481636',
          'message' => 'Awesome'
        };

Domain: independent.co.uk

TheBlaze
-----------------------------

NPR Politics
-----------------------------

The New York Times
-----------------------------

NPR
-----------------------------
$VAR1 = {
          'link' => 'http://www.npr.org/2016/12/07/504486620/reporters-notebook-what-a-muslim-on-the-campaign-trail-in-2016?utm_source=facebook.com&utm_medium=social&utm_campaign=npr&utm_term=nprnews&utm_content=202807',
          'caption' => 'npr.org',
          'created_time' => '2016-12-07T13:47:26+0000',
          'name' => 'What It Was Like For A Muslim To Cover The Election In The Year Of Trump',
          'id' => '10643211755_10155040336566756',
          'message' => '"I hung on, because the story of Donald Trump\'s America is not some foreign story of a faraway place; it\'s my homeland."'
        };

Domain: npr.org
$VAR1 = {
          'id' => '1622501708043673_1629558994004611'
        };

MSN
-----------------------------

CNN Politics
-----------------------------

The Daily Show
-----------------------------

Daily Kos
-----------------------------

Yahoo News
-----------------------------
$VAR1 = {
          'link' => 'https://www.facebook.com/YahooUK/videos/1375140799186714/',
          'created_time' => '2016-12-07T13:49:28+0000',
          'name' => 'Yahoo UK & Ireland',
          'id' => '338028696036_10154949241116037',
          'message' => 'What are you most looking forward to this holiday season?'
        };

The Guardian
-----------------------------

CNN
-----------------------------

Slate.com
-----------------------------
$VAR1 = {
          'link' => 'http://slate.me/2h4W81t',
          'caption' => 'slate.com',
          'created_time' => '2016-12-07T13:50:08+0000',
          'name' => "The Women of Ocean\x{2019}s Eight Will Face Off Against Damian Lewis",
          'id' => '21516776437_10154614212221438',
          'message' => 'It really is the age of orange-haired villains.'
        };

Domain: slate.com
$VAR1 = {
          'id' => '1622501708043673_1629559114004599'
        };

the AP
-----------------------------
$VAR1 = {
          'link' => 'https://www.apnews.com/9aaa245fa4884f989d4427cd532d0dbd/AP-WAS-THERE:-75-years-ago,-the-AP-reported-on-Pearl-Harbor',
          'caption' => 'apnews.com',
          'created_time' => '2016-12-07T13:41:48+0000',
          'name' => 'AP WAS THERE: 75 years ago, the AP reported on Pearl Harbor',
          'id' => '249655421622_10154115030396623',
          'message' => 'Read the original news flashes and bulletins as the Japanese attacked. 
Note: These dispatches contain terms in use at the time that are now considered offensive.'
        };

Domain: apnews.com

Sean Hannity
-----------------------------

The Ed Schultz Show
-----------------------------

The Atlantic
-----------------------------
$VAR1 = {
          'link' => 'http://theatln.tc/2gBDhHT',
          'caption' => 'theatlantic.com',
          'created_time' => '2016-12-07T13:46:16+0000',
          'name' => 'Americans Expect Economic Improvement in a Deeply Divided Country',
          'id' => '29259828486_10154871867178487',
          'message' => 'In a measure of the skepticism Trump faces after winning the Electoral College while losing the popular vote, Americans divide almost exactly in half on whether he will succeed in uniting the country to move toward progress.'
        };

Domain: theatlantic.com

Bloomberg
-----------------------------

BuzzFeed
-----------------------------

Fox News
-----------------------------

VICE
-----------------------------

Glenn Beck
-----------------------------
$VAR1 = {
          'created_time' => '2016-12-07T13:48:40+0000',
          'id' => '36400348187_10154815847153188',
          'message' => 'Late night last night.

I was shadowed for the day by Nightline\'s Byron Pitts and his professional and, even more, kind team. This is one journalist and media figure that seems to get it. A deep man of faith. We didn\'t talk about his political view, so I have no idea if we agree on who to vote for, but he understands the rip in the national fabric and seems to be honestly searching for truth.

The profile is going to run on Thursday night ABC.

-----

Today is a risky day. I have invited in studio someone who doesn\'t agree with me politically, but we are going to try to find some big principle common ground.

Samantha Bee.

I have some tough questions for her, and in turn, she has some for me on her show.

I have turned down John Stewart, Colbert and Bill Mahar.  For years I have not done comedy shows as they just want to throw red meat on their audience for the laughs and crowd.

Like so many in media, it is still all about "winning." Samantha Bee and I have spoken and while we may have a different path, I believe she wants to find a way out of this back and forth bashing as do I. Reconciliation and common principles are the key.

She is in a difficult position. She does comedy that appeals to the left. How she can make a turn to be a uniter is a battle I fight every day as well. Maybe I am foolish, but I want to give people the benefit of doubt. After all, few on the left are willing to do that for those of us on the right.

Let\'s be bigger, even if it means we lose sometimes. The win is bigger than any one person. If not us, who? If not now, when?

She joins me at 11:36 eastern. Stream live Glenn beck.com and TheBlaze.com.'
        };

The Other 98%
-----------------------------





