***********************************************************************************
Started at 05:15:01 on 11/16/2016
***********************************************************************************
Querying souces from the past 15 minutes....

Al Jazeera
-----------------------------
$VAR1 = {
          'link' => 'http://aje.io/vpzf',
          'caption' => 'aljazeera.com',
          'created_time' => '2016-12-16T10:01:11+0000',
          'name' => 'Aleppo: Evacuation of civilians and rebels suspended',
          'id' => '7382473689_10154981963193690',
          'message' => 'BREAKING: The Syrian government has suspended the evacuation of civilians and rebels from eastern Aleppo.'
        };

Domain: aljazeera.com
Response:
{"id":"1622501708043673_1633219303638580"}

Upworthy
-----------------------------

The Huffington Post
-----------------------------
$VAR1 = {
          'link' => 'http://huff.to/2hUyIbM',
          'caption' => 'huffingtonpost.com',
          'created_time' => '2016-12-16T10:00:26+0000',
          'name' => 'This Wife Had The Best Response To People Bugging Her To Have Kids',
          'id' => '18468761129_10154517622516130',
          'message' => "Bye, haters! \x{1f44b}"
        };

Domain: huffingtonpost.com
Response:
{"id":"1622501708043673_1633219643638546"}

HuffPost Women
-----------------------------
$VAR1 = {
          'link' => 'http://huff.to/2gGknyM',
          'caption' => 'huffingtonpost.com',
          'created_time' => '2016-12-16T10:01:06+0000',
          'name' => "8 Signs A Marriage Won\x{2019}t Last, According To Divorce Lawyers",
          'id' => '153213781413350_1239515306116520',
          'message' => 'No. 4: Their careers always come before the family.'
        };

Domain: huffingtonpost.com
Response:
{"id":"1622501708043673_1633220143638496"}

PBS News Hour
-----------------------------

ATTN:
-----------------------------

Reuters
-----------------------------
$VAR1 = {
          'link' => 'http://reut.rs/2hVpNH2',
          'caption' => 'www.reuters.com',
          'created_time' => '2016-12-16T10:05:09+0000',
          'name' => 'Putin gave clear response to U.S. hacking allegations: TASS cites Kremlin',
          'id' => '114050161948682_1324760627544290',
          'message' => 'The Kremlin said on Friday that President Vladimir Putin had given President Barack Obama "a really clear response" to U.S. allegations that Moscow had interfered in the U.S. presidential election by hacking Democratic Party organizations.'
        };

Domain: reuters.com

NowThis
-----------------------------

Daily Caller
-----------------------------

CNBC
-----------------------------
$VAR1 = {
          'link' => 'http://cnb.cx/2hTBGwY',
          'caption' => 'cnbc.com',
          'created_time' => '2016-12-16T10:04:09+0000',
          'name' => 'Why didn\'t Obama do more about Russia\'s election Hack?',
          'id' => '97212224368_10155000153864369',
          'message' => 'Was the White House too confident Clinton would win?'
        };

Domain: cnbc.com

The Onion
-----------------------------

Opposing Views
-----------------------------

the Today Show
-----------------------------

Kotaku
-----------------------------

Washington Post
-----------------------------

the American Center for Law and Justice
-----------------------------

VICE News
-----------------------------

PBS
-----------------------------

Mother Jones
-----------------------------

HuffPost Good News
-----------------------------
$VAR1 = {
          'link' => 'http://huff.to/2hCuar3',
          'caption' => 'huffingtonpost.co.uk',
          'created_time' => '2016-12-16T10:05:05+0000',
          'name' => 'Powerful Photo Project Aims To Diversify \'White-Washed\' Christmas In Britain',
          'id' => '202163013203224_1226088534143995',
          'message' => 'More of this!!'
        };

Domain: huffingtonpost.co.uk

BBC News
-----------------------------
$VAR1 = {
          'link' => 'http://bbc.in/2hqYzLA',
          'caption' => 'bbc.co.uk',
          'created_time' => '2016-12-16T10:06:36+0000',
          'name' => 'When a Star Wars rebel met a teenage eagle huntress',
          'id' => '228735667216_10154214086387217',
          'message' => '"She\'s a real life Rey." Star Wars Daisy Ridley'
        };

Domain: bbc.co.uk
Response:
{"id":"1622501708043673_1633220616971782"}

Breaking News
-----------------------------

The Verge
-----------------------------

New York Magazine
-----------------------------

TIME
-----------------------------
$VAR1 = {
          'link' => 'http://ti.me/2gGyALY',
          'caption' => 'motto.time.com',
          'created_time' => '2016-12-16T10:01:07+0000',
          'name' => 'Math Says This Is the Perfect Age to Get Married',
          'id' => '10606591490_10154265650401491',
          'message' => 'If you don\'t want to get divorced in the first five years, that is.'
        };

Domain: time.com

the Business Insider
-----------------------------
$VAR1 = {
          'link' => 'http://read.bi/2hB0vPu',
          'caption' => 'businessinsider.com',
          'created_time' => '2016-12-16T10:15:02+0000',
          'name' => "The worst thing people do to wake up in the morning \x{2014} according to a sleep expert",
          'id' => '20446254070_10154193445064071',
          'message' => 'Stop hitting the snooze button.'
        };

Domain: businessinsider.com

ThinkProgress
-----------------------------

POLITICO
-----------------------------
$VAR1 = {
          'link' => 'http://politi.co/2hB4C0w',
          'caption' => 'politi.co',
          'created_time' => '2016-12-16T10:07:28+0000',
          'name' => 'Trump\'s DHS pick could be a \'force for moderation\'',
          'id' => '62317591679_10154098804771680',
          'message' => 'Retired Marine Gen. John Kelly, Donald J. Trump\'s pick to head DHS, has struck a decidedly measured tone on some of the issues that helped propel the president-elect to victory.'
        };

Domain: politi.co

Alias: politico.com
Response:
{"id":"1622501708043673_1633221050305072"}

USA TODAY
-----------------------------

American News
-----------------------------

ABC News
-----------------------------

HuffPost Politics
-----------------------------
$VAR1 = {
          'link' => 'http://huff.to/2hpUAhY',
          'caption' => 'huffingtonpost.com',
          'created_time' => '2016-12-16T10:01:07+0000',
          'name' => "Trump\x{2019}s Carbon-Obsessed Energy Policy And The Planetary Nightmare To Come",
          'id' => '56845382910_10154611521387911',
          'message' => "\"If all of Trump\x{2019}s proposals are enacted, U.S. greenhouse gas (GHG) emissions will soar, wiping out the declines of recent years and significantly increasing the pace of global warming,\" writes contributor Michael T. Klare."
        };

Domain: huffingtonpost.com
Response:
{"id":"1622501708043673_1633221480305029"}

NBC News
-----------------------------

AJ+
-----------------------------

Wikileaks
-----------------------------

CNNMoney
-----------------------------
$VAR1 = {
          'link' => 'http://cnnmon.ie/2h7Iib7',
          'caption' => 'money.cnn.com',
          'created_time' => '2016-12-16T10:03:01+0000',
          'name' => 'China is no longer the biggest foreign holder of U.S. debt',
          'id' => '6651543066_10154194318158067',
          'message' => 'Beijing has been dumping U.S. government debt to prop up its currency.  So who\'s the biggest holder now? http://cnnmon.ie/2h7Iib7'
        };

Domain: cnn.com
Response:
{"id":"1622501708043673_1633221843638326"}

ABC News Politics
-----------------------------

Right Wing News
-----------------------------

The Wall Street Journal
-----------------------------
$VAR1 = {
          'link' => 'http://on.wsj.com/2gRKOVa',
          'caption' => 'wsj.com',
          'created_time' => '2016-12-16T10:00:39+0000',
          'name' => 'Japan Joins Race for Space Resources',
          'id' => '8304333127_10155119048148128',
          'message' => 'Japan is leaping into space resources, agreeing to work with a robotic-exploration company to create a blueprint for an industry to extract resources from the moon that would enable more extensive space exploration.'
        };

Domain: wsj.com
Response:
{"id":"1622501708043673_1633222276971616"}

MSNBC
-----------------------------

the Drudge Report
-----------------------------

Mic
-----------------------------

The Economist
-----------------------------

Bloomberg Politics
-----------------------------

CBS News
-----------------------------

The Young Turks
-----------------------------

Occupy Democrats
-----------------------------

CBC News
-----------------------------

Newsweek
-----------------------------

CNN International
-----------------------------
$VAR1 = {
          'link' => 'https://www.facebook.com/cnninternational/videos/10154797439384641/',
          'created_time' => '2016-12-16T10:00:46+0000',
          'name' => 'Take a VR sleigh ride with Samsung',
          'id' => '18793419640_10154797439384641',
          'message' => 'Ever wonder what it\'s like to ride in Santa\'s sleigh? Tourists and shoppers in New York can see Old Saint Nick\'s POV in this 4D sleigh ride http://cnn.it/2gOZeaw'
        };

The New Yorker
-----------------------------
$VAR1 = {
          'link' => 'http://nyer.cm/IVw9aWH',
          'caption' => 'newyorker.com',
          'created_time' => '2016-12-16T10:01:01+0000',
          'name' => 'Three Songs That Pushed Me Forward in 2016',
          'id' => '9258148868_10154288526578869',
          'message' => 'Whole musical worlds were invented this year, and, perhaps most notable, listeners seemed better equipped than ever to accept and navigate them.'
        };

Domain: newyorker.com
Response:
{"id":"1622501708043673_1633222663638244"}

Rush Limbaugh
-----------------------------

The Independent
-----------------------------
$VAR1 = {
          'link' => 'http://www.independent.co.uk/life-style/food-and-drink/news/man-who-has-eaten-mcdonalds-in-34-countries-reveals-who-does-it-best-a6725491.html?cmpid=facebook-post',
          'caption' => 'independent.co.uk',
          'created_time' => '2016-12-16T10:11:59+0000',
          'name' => 'Man who has eaten McDonald\'s in 34 countries reveals who does it best',
          'id' => '13312631635_10154294593816636',
          'message' => 'Surprising'
        };

Domain: independent.co.uk

TheBlaze
-----------------------------

NPR Politics
-----------------------------

The New York Times
-----------------------------

NPR
-----------------------------

MSN
-----------------------------

CNN Politics
-----------------------------

The Daily Show
-----------------------------

Daily Kos
-----------------------------

Yahoo News
-----------------------------

The Guardian
-----------------------------

CNN
-----------------------------
$VAR1 = {
          'link' => 'https://www.facebook.com/cnn/videos/10155764537906509/',
          'created_time' => '2016-12-16T10:00:57+0000',
          'name' => 'Take a VR sleigh ride with Samsung',
          'id' => '5550296508_10155764537906509',
          'message' => 'Ever wonder what it\'s like to ride in Santa\'s sleigh? Tourists and shoppers in New York can see Old Saint Nick\'s POV in this 4D sleigh ride http://cnn.it/2gOZnKY'
        };

Slate.com
-----------------------------

the AP
-----------------------------

Sean Hannity
-----------------------------

The Ed Schultz Show
-----------------------------

The Atlantic
-----------------------------

Bloomberg
-----------------------------

BuzzFeed
-----------------------------

Fox News
-----------------------------

VICE
-----------------------------

Glenn Beck
-----------------------------

The Other 98%
-----------------------------


Total Posts Made:	9


