***********************************************************************************
Started at 10:00:01 on 00/26/2017
***********************************************************************************
Querying souces from the past 15 minutes....

Al Jazeera
-----------------------------
$VAR1 = {
          'link' => 'https://www.facebook.com/aljazeera/videos/10155151901848690/',
          'created_time' => '2017-01-26T14:59:52+0000',
          'name' => 'NewsGrid: President Donald Trump continues signing executive o...',
          'id' => '7382473689_10155151901848690',
          'message' => "Donald J. Trump is expected to sign more executive orders on Thursday. What questions do you have about how they are work?
 
Also on AJ NewsGrid: it\x{2019}s been 50 years since the Apollo 1 tragedy. What questions do you have for astronaut Leroy Chiao about space exploration?"
        };

Upworthy
-----------------------------

The Huffington Post
-----------------------------

HuffPost Women
-----------------------------

PBS News Hour
-----------------------------

ATTN:
-----------------------------

Reuters
-----------------------------
$VAR1 = {
          'link' => 'https://www.facebook.com/Reuters/photos/a.128043330549365.16594.114050161948682/1373444399342579/?type=3',
          'created_time' => '2017-01-26T14:46:06+0000',
          'name' => 'Timeline Photos',
          'id' => '114050161948682_1373444399342579',
          'message' => "Reuters Select: The cost of sheltering illegal immigrants, and Hungary\x{2019}s foie gras industry suffers from bird flu. Catch up on all the latest stories: http://reut.rs/2k4LyIB"
        };

NowThis
-----------------------------

Daily Caller
-----------------------------
$VAR1 = {
          'link' => 'http://trib.al/e4ILbOk',
          'caption' => 'dailycaller.com',
          'created_time' => '2017-01-26T14:54:33+0000',
          'name' => 'NYC Mayor de Blows Up On CNN -- Trump Is Making Sanctuary Cities \'Less Safe\' [VIDEO]',
          'id' => '182919686769_10154174768526770',
          'message' => 'NYC Mayor Bill de Blasio is attacking President Trump for his plan to take down sanctuary cities.'
        };

Domain: dailycaller.com

CNBC
-----------------------------
$VAR1 = {
          'link' => 'https://www.facebook.com/cnbc/videos/1446015422126618/',
          'created_time' => '2017-01-26T15:00:05+0000',
          'name' => 'Jack Dorsey says the best investment he ever made cost him not...',
          'id' => '97212224368_1446015422126618',
          'message' => 'Self-made billionaire Jack Dorsey says the best investment he ever made literally cost him nothing.
http://cnb.cx/2jGZ3y8'
        };
$VAR1 = {
          'link' => 'http://cnb.cx/2jAV7vY',
          'caption' => 'cnbc.com',
          'created_time' => '2017-01-26T14:58:48+0000',
          'name' => 'Trump threatens to cancel meeting with Mexican president after Mexico reiterates it will not pay for wall',
          'id' => '97212224368_10155146648599369',
          'message' => "\"I have said it over and over again. Mexico will not pay for any wall,\" Enrique Pe\x{f1}a Nieto said."
        };

Domain: cnbc.com
$VAR1 = {
          'link' => 'http://cnb.cx/2j5uGCd',
          'caption' => 'nymag.com',
          'created_time' => '2017-01-26T14:50:57+0000',
          'name' => "Men won\x{2019}t apply for job postings that use \x{2018}feminine\x{2019} phrases",
          'id' => '97212224368_10155146636209369',
          'message' => "They won\x{2019}t apply if the posting says \x{201c}sympathetic\x{201d} or \x{201c}families.\x{201d}"
        };

Domain: nymag.com

The Onion
-----------------------------

Opposing Views
-----------------------------
$VAR1 = {
          'link' => 'https://www.opposingviews.com/i/society/remember-kid-who-proudly-set-fire-street-during-anti-trump-protest-and-told-news-reporter',
          'caption' => 'opposingviews.com',
          'created_time' => '2017-01-26T15:00:00+0000',
          'name' => 'Boy Who Said \'Screw Our President\' Is Famous Celeb\'s Son',
          'id' => '34226391050_10154464181886051',
          'message' => 'Remember the kid who proudly set a fire in the street during an anti-Trump protest and told a news reporter, "Screw our President?" Everyone wanted to know what kind of parents would let him do that. Well, turns out, his father is one of the most recognizable celebrities in the world.'
        };

Domain: opposingviews.com

the Today Show
-----------------------------
$VAR1 = {
          'link' => 'http://www.today.com/parents/hilarious-ad-pregnancy-test-has-one-glaring-problem-t107424?cid=sm_fbn',
          'caption' => 'today.com',
          'created_time' => '2017-01-26T14:47:00+0000',
          'name' => 'This hilarious ad for a pregnancy test has one big problem',
          'id' => '12566691349_10154975788356350',
          'message' => "It\x{2019}s a little late to be this shocked."
        };

Domain: today.com
$VAR1 = {
          'link' => 'https://www.facebook.com/today/videos/10154975736836350/',
          'created_time' => '2017-01-26T14:46:04+0000',
          'name' => '\'The Ring\' pranks TODAY',
          'id' => '12566691349_10154975736836350',
          'message' => 'WATCH: Best. Prank. Ever.'
        };

Kotaku
-----------------------------
$VAR1 = {
          'link' => 'http://trib.al/4kKDOKh',
          'caption' => 'cosplay.kotaku.com',
          'created_time' => '2017-01-26T14:57:12+0000',
          'name' => 'Look At This Damn Star Wars Cosplay',
          'id' => '273824104039_10155068938844040',
          'message' => 'Nice.'
        };

Domain: kotaku.com

Washington Post
-----------------------------
$VAR1 = {
          'link' => 'https://www.washingtonpost.com/politics/people-were-taking-trump-seriously-now-theyre-starting-to-take-him-literally-too/2017/01/25/dc86447e-e31d-11e6-ba11-63c4b4fb5a63_story.html?tid=sm_fb',
          'caption' => 'washingtonpost.com',
          'created_time' => '2017-01-26T15:00:00+0000',
          'name' => "People were taking Trump seriously. Now they\x{2019}re starting to take him literally.",
          'id' => '6250307292_10154707699537293',
          'message' => 'The White House said that no one should be surprised that Trump is trying to follow through on his campaign promises.'
        };

Domain: washingtonpost.com
Response:
{"id":"1622501708043673_1648506532109857"}

the American Center for Law and Justice
-----------------------------

VICE News
-----------------------------
$VAR1 = {
          'link' => 'https://news.vice.com/story/trump-has-to-mess-with-texas-to-build-his-wall-and-it-wont-be-cheap',
          'caption' => 'news.vice.com',
          'created_time' => '2017-01-26T14:50:00+0000',
          'name' => "Trump has to mess with Texas to build his wall \x{2014} and it won\x{2019}t be cheap",
          'id' => '235852889908002_729070973919522',
          'message' => 'Trump will have to take private land to build his border wall.'
        };

Domain: vice.com

PBS
-----------------------------

Mother Jones
-----------------------------
$VAR1 = {
          'link' => 'http://www.motherjones.com/kevin-drum/2017/01/president-trumps-tweets-are-not-you',
          'caption' => 'motherjones.com',
          'created_time' => '2017-01-26T14:51:44+0000',
          'name' => 'Here\'s the truth about Donald Trump\'s tweets',
          'id' => '7642602143_10154448441772144',
          'message' => 'Excellent point.'
        };

Domain: motherjones.com
Response:
{"id":"1622501708043673_1648506602109850"}

HuffPost Good News
-----------------------------

BBC News
-----------------------------
$VAR1 = {
          'link' => 'http://bbc.in/2j7SPIv',
          'caption' => 'bbc.co.uk',
          'created_time' => '2017-01-26T14:57:05+0000',
          'name' => 'Real-life Q from James Bond is a woman, MI6 reveal',
          'id' => '228735667216_10154344566777217',
          'message' => 'Q\'s character has always been played by a man in Bond films.'
        };

Domain: bbc.co.uk
Response:
{"id":"1622501708043673_1648506682109842"}

Breaking News
-----------------------------

The Verge
-----------------------------
$VAR1 = {
          'link' => 'https://www.facebook.com/verge/videos/1327042327332107/',
          'created_time' => '2017-01-26T14:50:46+0000',
          'name' => 'The delicate science of counting crowds',
          'id' => '193742123995472_1327042327332107',
          'message' => 'Counting a crowd is not really that hard...'
        };

New York Magazine
-----------------------------

TIME
-----------------------------

the Business Insider
-----------------------------
$VAR1 = {
          'link' => 'https://www.facebook.com/businessinsider/videos/664832737048419/',
          'created_time' => '2017-01-26T14:55:00+0000',
          'name' => 'What to do if you get stuck in quicksand',
          'id' => '20446254070_664832737048419',
          'message' => "How to escape quicksand \x{2014} it's easier than you might think."
        };
$VAR1 = {
          'link' => 'http://www.businessinsider.com/verizon-charter-merger-talks-2017-1',
          'caption' => 'businessinsider.com',
          'created_time' => '2017-01-26T14:50:04+0000',
          'name' => 'REPORT: Verizon and Charter are looking to combine',
          'id' => '20446254070_10154327914419071',
          'message' => 'Verizon is also in the process of acquiring Yahoo in a $4.8 billion deal.'
        };

Domain: businessinsider.com

ThinkProgress
-----------------------------
$VAR1 = {
          'link' => 'https://thinkprogress.org/trump-mar-a-lago-dues-trump-hotels-profit-off-presidency-92f33bf9f7fb#.54xuxuol0',
          'caption' => 'thinkprogress.org',
          'created_time' => '2017-01-26T14:46:00+0000',
          'name' => "Trump\x{2019}s effort to profit off presidency gets underway in earnest",
          'id' => '200137333331078_1517394924938639',
          'message' => 'Cha-CHING!'
        };

Domain: thinkprogress.org
Response:
{"id":"1622501708043673_1648506778776499"}

POLITICO
-----------------------------
$VAR1 = {
          'link' => 'http://politi.co/2kwY44L',
          'caption' => 'politi.co',
          'created_time' => '2017-01-26T14:59:04+0000',
          'name' => 'Trump warns Mexico: Pay for the wall or cancel the meeting',
          'id' => '62317591679_10154234916451680',
          'message' => 'Mexico\'s president said his country isn\'t paying for the wall.'
        };

Domain: politi.co

Alias: politico.com
Response:
{"id":"1622501708043673_1648506888776488"}

USA TODAY
-----------------------------
$VAR1 = {
          'link' => 'https://www.facebook.com/usatoday/videos/10154343245085667/',
          'created_time' => '2017-01-26T15:00:16+0000',
          'id' => '13652355666_10154343245085667',
          'message' => 'NASA Day of Remembrance: NASA pays tributes to astronauts who have died.'
        };

American News
-----------------------------

ABC News
-----------------------------

HuffPost Politics
-----------------------------

NBC News
-----------------------------

AJ+
-----------------------------
$VAR1 = {
          'link' => 'https://www.facebook.com/ajplusenglish/videos/887935911347917/',
          'created_time' => '2017-01-26T15:00:00+0000',
          'name' => 'Secret Prisons and Torture',
          'id' => '407570359384477_887935911347917',
          'message' => "Will President Trump bring back \x{201c}black site\x{201d} prisons and torture programs?"
        };

Wikileaks
-----------------------------

CNNMoney
-----------------------------
$VAR1 = {
          'link' => 'http://cnnmon.ie/2k4lGww',
          'caption' => 'money.cnn.com',
          'created_time' => '2017-01-26T14:48:01+0000',
          'name' => 'How one South African textile firm survived Chinese competition',
          'id' => '6651543066_10154319559383067',
          'message' => 'South Africa\'s Gelvenor specialized in high performance textiles such as microfibers to reduce the size and weight of parachutes. http://cnnmon.ie/2k4lGww'
        };

Domain: cnn.com
Response:
{"id":"1622501708043673_1648506965443147"}

ABC News Politics
-----------------------------

Right Wing News
-----------------------------

The Wall Street Journal
-----------------------------

MSNBC
-----------------------------
$VAR1 = {
          'link' => 'http://on.msnbc.com/2jALGg4',
          'caption' => 'msnbc.com',
          'created_time' => '2017-01-26T15:00:13+0000',
          'name' => 'PPP poll: Trump base believes he had largest inauguration ever',
          'id' => '273864989376427_1445318985564349',
          'message' => '"If you only look at the results from people who say they support Donald Trump and they voted for him for president, they believe that Donald Trump did have the biggest inauguration in U.S. history."

- Rachel Maddow on the disparity between Trump voters and the rest of the country'
        };

Domain: msnbc.com
Response:
{"id":"1622501708043673_1648507042109806"}

the Drudge Report
-----------------------------

Mic
-----------------------------

The Economist
-----------------------------

Bloomberg Politics
-----------------------------

CBS News
-----------------------------
$VAR1 = {
          'link' => 'http://cbsn.ws/2jiGpZG',
          'caption' => 'www.cbsnews.com',
          'created_time' => '2017-01-26T15:00:04+0000',
          'name' => 'Mylan CEO Heather Bresch speaks out on EpiPen controversy',
          'id' => '131459315949_10154308032130950',
          'message' => 'Heather Bresch, head of the pharma giant, is opening up about the firestorm created by the nearly-500 percent increase in the price of a life-saving allergy medicine.'
        };

Domain: cbsnews.com
Response:
{"id":"1622501708043673_1648507148776462"}

The Young Turks
-----------------------------
$VAR1 = {
          'link' => 'https://www.facebook.com/TheYoungTurks/videos/10154327486669205/',
          'created_time' => '2017-01-26T15:00:00+0000',
          'name' => 'Tomi Lahren Gets Fake-Mad at #WomensMarch',
          'id' => '210277954204_10154327486669205',
          'message' => 'This viral rant on #WomensMarch is riddled with fake outrage and hypocrisy.'
        };

Occupy Democrats
-----------------------------

CBC News
-----------------------------

Newsweek
-----------------------------
$VAR1 = {
          'link' => 'http://www.newsweek.com/2017/02/03/russian-hacking-spurring-revival-cold-war-liberalism-548115.html',
          'caption' => 'newsweek.com',
          'created_time' => '2017-01-26T14:55:00+0000',
          'name' => 'Putin, Russia and the Return of Cold War Liberals',
          'id' => '18343191100_10154825261851101',
          'message' => 'Russian hacking is spurring a revival of anti-Russia liberalism.'
        };

Domain: newsweek.com

CNN International
-----------------------------

The New Yorker
-----------------------------

Rush Limbaugh
-----------------------------

The Independent
-----------------------------

TheBlaze
-----------------------------

NPR Politics
-----------------------------

The New York Times
-----------------------------
$VAR1 = {
          'link' => 'https://www.nytimes.com/2017/01/25/us/politics/some-agencies-told-to-halt-communications-as-trump-administration-moves-in.html?smid=fb-nytimes&smtyp=cur',
          'caption' => 'nytimes.com',
          'created_time' => '2017-01-26T14:55:00+0000',
          'name' => 'Agencies Told to Halt Communications as Trump Administration Moves In',
          'id' => '5281959998_10151060697274999',
          'message' => 'There were so many rebellious social media posts that the Interior Department appeared powerless to find them all.'
        };

Domain: nytimes.com
Response:
{"id":"1622501708043673_1648507232109787"}

NPR
-----------------------------
$VAR1 = {
          'link' => 'https://www.facebook.com/NPR/videos/10155235631136756/',
          'created_time' => '2017-01-26T15:00:17+0000',
          'id' => '10643211755_10155235631136756',
          'message' => 'Today\'s headlines with NPR\'s Jeanine Herbst. House and Senate Republicans are meeting in Philadelphia to attempt to find an agreement to replace Obamacare. Plus, President Trump has signed an executive order to withhold funds from sanctuary cities that could upend the lives of immigrants who are staying in the U.S. illegally. Have a question? Post it in the comments.'
        };
$VAR1 = {
          'link' => 'http://www.npr.org/2017/01/26/511733631/as-wall-moves-forward-mexicos-president-mulls-canceling-u-s-trip?utm_source=facebook.com&utm_medium=social&utm_campaign=npr&utm_term=nprnews&utm_content=20170126',
          'caption' => 'npr.org',
          'created_time' => '2017-01-26T14:57:00+0000',
          'name' => 'As Wall Moves Forward, Mexico\'s President Mulls Canceling U.S. Trip',
          'id' => '10643211755_10155235236266756',
          'message' => "\"I have repeatedly said, 'Mexico will not pay for a wall,' \" Mexican President Pe\x{f1}a Nieto said in a video released last night."
        };

Domain: npr.org
Response:
{"id":"1622501708043673_1648507335443110"}

MSN
-----------------------------
$VAR1 = {
          'link' => 'http://msn.com/en-us/news/politics/albright-im-ready-to-register-as-muslim/ar-AAmf8Wv?ocid=ob-fb-enus-280',
          'caption' => 'msn.com',
          'created_time' => '2017-01-26T14:52:18+0000',
          'name' => 'Albright: I\'m \'ready to register as Muslim\'',
          'id' => '49940376408_10154255496786409'
        };

Domain: msn.com

CNN Politics
-----------------------------

The Daily Show
-----------------------------
$VAR1 = {
          'link' => 'https://www.facebook.com/thedailyshow/videos/10154993137081800/',
          'created_time' => '2017-01-26T14:57:40+0000',
          'id' => '7976226799_10154993137081800',
          'message' => 'Trump signs executive orders to ban immigrants from Muslim-majority countries and revive plans to build the Dakota Access Pipeline. http://on.cc.com/2jAUT8e'
        };

Daily Kos
-----------------------------

Yahoo News
-----------------------------

The Guardian
-----------------------------

CNN
-----------------------------

Slate.com
-----------------------------

the AP
-----------------------------
$VAR1 = {
          'link' => 'https://www.facebook.com/APNews/videos/10154269048156623/',
          'created_time' => '2017-01-26T14:55:42+0000',
          'name' => 'Great Mosque of Aleppo',
          'id' => '249655421622_10154269048156623',
          'message' => "Step inside what remains of the Umayyad Mosque in the heart of Aleppo, Syria, one of the world\x{2019}s oldest cities, in this #360Video. Read more here: http://apne.ws/2kkmoTb"
        };

Sean Hannity
-----------------------------

The Ed Schultz Show
-----------------------------
$VAR1 = {
          'link' => 'http://www.rawstory.com/2017/01/trump-concluded-his-first-white-house-interview-by-showing-off-photos-of-his-massive-crowd-size/',
          'created_time' => '2017-01-26T14:49:15+0000',
          'name' => 'The Raw Story',
          'id' => '31709165325_10154457510575326'
        };

The Atlantic
-----------------------------
$VAR1 = {
          'link' => 'http://theatln.tc/2jUvJSQ',
          'caption' => 'theatlantic.com',
          'created_time' => '2017-01-26T14:49:09+0000',
          'name' => 'Trump Wants to Bring Back Torture. Can He Do It?',
          'id' => '29259828486_10155057573918487',
          'message' => "\x{201c}They can try to change the laws to bring back torture, but in doing so they'll face massive resistance among our military, intelligence, and law-enforcement communities.\x{201d} -  Raha Wala of Human Rights First"
        };

Domain: theatlantic.com

Bloomberg
-----------------------------
$VAR1 = {
          'link' => 'http://bloom.bg/2kwTMKT',
          'caption' => 'bloomberg.com',
          'created_time' => '2017-01-26T14:56:55+0000',
          'name' => 'Lyft Is Cutting Fares and Expanding to 100 More Cities',
          'id' => '266790296879_10154976074926880',
          'message' => 'Neither Lyft or Uber are making money in the U.S..'
        };

Domain: bloomberg.com
Response:
{"id":"1622501708043673_1648507442109766"}

BuzzFeed
-----------------------------

Fox News
-----------------------------
$VAR1 = {
          'link' => 'https://www.facebook.com/FoxNews/videos/10155047676551336/',
          'created_time' => '2017-01-26T14:52:04+0000',
          'id' => '15704546335_10155047676551336',
          'message' => "\"Everything that President Obama did by executive order, [President Donald J. Trump] can undo.\" \x{2013}House Speaker Paul Ryan speaks from the GOP retreat in Philadelphia"
        };

VICE
-----------------------------

Glenn Beck
-----------------------------

The Other 98%
-----------------------------
$VAR1 = {
          'link' => 'https://www.facebook.com/TheOther98/photos/a.115969958413991.17486.114517875225866/1671001156244189/?type=3',
          'created_time' => '2017-01-26T14:49:39+0000',
          'name' => 'Timeline Photos',
          'id' => '114517875225866_1671001156244189'
        };


Total Posts Made:	11


