***********************************************************************************
Started at 17:15:01 on 11/12/2016
***********************************************************************************
Querying souces from the past 15 minutes....

Al Jazeera
-----------------------------
$VAR1 = {
          'link' => 'http://aje.io/32gn',
          'caption' => 'aljazeera.com',
          'created_time' => '2016-12-12T22:00:56+0000',
          'name' => 'IMF\'s Christine Lagarde goes on trial in France',
          'id' => '7382473689_10154967036408690',
          'message' => 'Lagarde told a judge presiding over the case that she "didn\'t plan to keep quiet", when she was advised of her right to remain silent. http://aje.io/32gn'
        };

Domain: aljazeera.com
Response:
{"id":"1622501708043673_1631878963772614"}

Upworthy
-----------------------------
$VAR1 = {
          'link' => 'http://u.pw/2hmjC26',
          'caption' => 'upworthy.com',
          'created_time' => '2016-12-12T22:10:00+0000',
          'name' => 'Why it matters that more college students now smoke pot than cigarettes.',
          'id' => '354522044588660_1528069320567254',
          'message' => 'In 2015, researchers learned something new about college students\' smoking habits. And it was a big deal.'
        };

Domain: upworthy.com

The Huffington Post
-----------------------------
$VAR1 = {
          'link' => 'http://giphy.com/gifs/d1JfgL4e59mSFrag',
          'created_time' => '2016-12-12T22:15:00+0000',
          'name' => 'Tomorrow, Inshallah',
          'id' => '18468761129_10154503890741130'
        };
$VAR1 = {
          'link' => 'https://www.facebook.com/HuffingtonPost/videos/378847365792750/',
          'created_time' => '2016-12-12T22:10:24+0000',
          'name' => 'The Golden Globe Noms Are In I HuffPost News',
          'id' => '18468761129_378847365792750',
          'message' => "\x{201c}La La Land\x{201d} leads the 2017 Golden Globes with 7 nominations."
        };
$VAR1 = {
          'link' => 'http://huff.to/2gRMZpw',
          'caption' => 'huffingtonpost.com',
          'created_time' => '2016-12-12T22:00:46+0000',
          'name' => '\'Trump On A Stump\' Is Kimmel\'s Terrifying Alternative To \'Elf On The Shelf\'',
          'id' => '18468761129_10154503901416130',
          'message' => "\x{201c}This year we came up with a new product that I hope will make your kids behave bigly.\x{201d} -- Jimmy Kimmel"
        };

Domain: huffingtonpost.com
Response:
{"id":"1622501708043673_1631879143772596"}

HuffPost Women
-----------------------------
$VAR1 = {
          'link' => 'http://huff.to/2gF1QWH',
          'caption' => 'huffingtonpost.com',
          'created_time' => '2016-12-12T22:00:10+0000',
          'name' => 'Attorney General: Spike In Anti-Muslim Hate Crimes Is A \'Stain On Our Nation\'s Very Soul\'',
          'id' => '153213781413350_1235022549899129',
          'message' => "\x{201c}Hate crimes target more than just the individual at that time; they target the fabric of our communities.\""
        };

Domain: huffingtonpost.com
Response:
{"id":"1622501708043673_1631879210439256"}

PBS News Hour
-----------------------------

ATTN:
-----------------------------

Reuters
-----------------------------
$VAR1 = {
          'link' => 'http://reut.rs/2gF53FC',
          'caption' => 'www.reuters.com',
          'created_time' => '2016-12-12T22:05:07+0000',
          'name' => 'SEC Chair White defies Republican requests to stall rulemaking',
          'id' => '114050161948682_1319735531380133',
          'message' => 'U.S. Securities and Exchange Commission Chair Mary Jo White on Monday defied requests by Senate Republicans to delay adopting new rules until after President-elect Donald Trump takes office, according to a copy of a letter seen by Reuters.'
        };

Domain: reuters.com

NowThis
-----------------------------

Daily Caller
-----------------------------
$VAR1 = {
          'link' => 'http://trib.al/bQmpU8M',
          'caption' => 'dailycaller.com',
          'created_time' => '2016-12-12T22:10:09+0000',
          'name' => "Foreign Policy Mag Applauds Merkel For \x{2018}Keeping The Doors Ajar\x{2019}",
          'id' => '182919686769_10154039695856770',
          'message' => 'Foreign Policy magazine named Angela Merkel, Hillary Clinton, and Loretta Lynch the world\'s best decision makers.'
        };

Domain: dailycaller.com

CNBC
-----------------------------

The Onion
-----------------------------

Opposing Views
-----------------------------

the Today Show
-----------------------------
$VAR1 = {
          'link' => 'https://www.facebook.com/today/videos/10154824148846350/',
          'created_time' => '2016-12-12T22:14:00+0000',
          'name' => 'The biggest celebrity splits of 2016',
          'id' => '12566691349_10154824148846350',
          'message' => "WATCH: 2016 was the year Brangelina \x{2014} and everyone else \x{2014} broke up. http://on.today.com/2hgpjxV"
        };

Kotaku
-----------------------------

Washington Post
-----------------------------

the American Center for Law and Justice
-----------------------------

VICE News
-----------------------------

PBS
-----------------------------

Mother Jones
-----------------------------

HuffPost Good News
-----------------------------
$VAR1 = {
          'link' => 'http://huff.to/2hrd3c8',
          'caption' => 'huffingtonpost.com',
          'created_time' => '2016-12-12T22:01:34+0000',
          'name' => 'Pope Francis\' Nativity Scene Includes A Poignant Tribute To Refugees',
          'id' => '202163013203224_1221604101259105',
          'message' => 'Next to Mary and Joseph, a fishing boat.'
        };

Domain: huffingtonpost.com
Response:
{"id":"1622501708043673_1631879303772580"}

BBC News
-----------------------------

Breaking News
-----------------------------

The Verge
-----------------------------
$VAR1 = {
          'link' => 'http://www.theverge.com/2016/12/12/13927058/dropbox-xbox-one-app-universal-windows-10',
          'caption' => 'theverge.com',
          'created_time' => '2016-12-12T22:14:00+0000',
          'name' => 'Dropbox now has an Xbox One app',
          'id' => '193742123995472_1281441341892206',
          'message' => 'Dropbox on your Xbox.'
        };

Domain: theverge.com

New York Magazine
-----------------------------
$VAR1 = {
          'link' => 'http://nym.ag/2hGdpux',
          'caption' => 'nymag.com',
          'created_time' => '2016-12-12T22:10:05+0000',
          'name' => 'Trump, McConnell, Putin, and the Triumph of the Will to Power',
          'id' => '14516439825_10154843968304826',
          'message' => 'Russia set out to influence the U.S. election, Republicans in Congress decided not to speak out against them, and both their calculations were rewarded.'
        };

Domain: nymag.com
$VAR1 = {
          'link' => 'http://thecut.io/2hm9B2d',
          'created_time' => '2016-12-12T22:08:08+0000',
          'name' => 'The Cut',
          'id' => '14516439825_10154843963289826'
        };
$VAR1 = {
          'link' => 'http://nym.ag/2hx97t6',
          'created_time' => '2016-12-12T22:05:45+0000',
          'name' => 'The Strategist',
          'id' => '14516439825_10154843956894826'
        };

TIME
-----------------------------
$VAR1 = {
          'link' => 'http://ti.me/2hm6ASa',
          'caption' => 'time.com',
          'created_time' => '2016-12-12T22:00:57+0000',
          'name' => 'This \'Walking Dead\' Moment Is Giving Everyone a Lot of Feelings',
          'id' => '10606591490_10154253112976491',
          'message' => 'Did you catch this tribute, The Walking Dead fans?'
        };

Domain: time.com

the Business Insider
-----------------------------
$VAR1 = {
          'link' => 'http://read.bi/2gyUmGq',
          'caption' => 'businessinsider.com',
          'created_time' => '2016-12-12T22:15:06+0000',
          'name' => 'The best way to clear out a ton of space on your iPhone superfast',
          'id' => '20446254070_10154180109144071',
          'message' => 'Running out of space on your iPhone?'
        };

Domain: businessinsider.com
$VAR1 = {
          'link' => 'http://www.theplayerstribune.com/richard-sherman-nfl-player-relationship-pov-video/?utm_source=business-insider&utm_campaign=chase-deal&utm_medium=syndication',
          'caption' => 'theplayerstribune.com',
          'created_time' => '2016-12-12T22:10:00+0000',
          'name' => 'Seahawks cornerback Richard Sherman explains what the NFL really thinks about its players',
          'id' => '20446254070_10154179603944071',
          'message' => 'It sounds like there is some bad blood between Richard Sherman and the NFL.'
        };

Domain: theplayerstribune.com

ThinkProgress
-----------------------------

POLITICO
-----------------------------
$VAR1 = {
          'link' => 'http://politi.co/2hGfNBt',
          'caption' => 'politi.co',
          'created_time' => '2016-12-12T22:10:04+0000',
          'name' => 'Tillerson boosters have Russia, Exxon business ties',
          'id' => '62317591679_10154085811051680',
          'message' => 'It would not be the first time @[Donald J. Trump]\'s transition appeared to be influenced by people promoting paying clients.'
        };

Domain: politi.co

Alias: politico.com
Response:
{"id":"1622501708043673_1631879353772575"}

USA TODAY
-----------------------------

American News
-----------------------------

ABC News
-----------------------------
$VAR1 = {
          'link' => 'https://www.facebook.com/GoodMorningAmerica/videos/10154162711362061/',
          'created_time' => '2016-12-12T22:14:37+0000',
          'name' => 'Good Morning America',
          'id' => '86680728811_10155129502573812'
        };
$VAR1 = {
          'link' => 'http://abcn.ws/2hG9ihN',
          'caption' => 'abcnews.go.com',
          'created_time' => '2016-12-12T22:10:22+0000',
          'name' => 'Trump Picks Goldman Sachs President to Be Economic Adviser',
          'id' => '86680728811_10155129483583812',
          'message' => 'Pres.-elect Donald Trump plans to name Goldman Sachs\' president and CEO Gary Cohn the director of the White House National Economic Council.'
        };

Domain: go.com
Response:
{"id":"1622501708043673_1631879393772571"}

HuffPost Politics
-----------------------------
$VAR1 = {
          'link' => 'http://huff.to/2hFQwaj',
          'caption' => 'm.huffpost.com',
          'created_time' => '2016-12-12T22:01:00+0000',
          'name' => 'Paul Ryan\'s Bizarre Response To Russian Meddling In The Election',
          'id' => '56845382910_10154597641687911',
          'message' => "It\x{2019}s a serious matter that we should just ignore, Paul Ryan seems to be saying."
        };

Domain: huffpost.com

NBC News
-----------------------------

AJ+
-----------------------------

Wikileaks
-----------------------------

CNNMoney
-----------------------------
$VAR1 = {
          'link' => 'http://cnnmon.ie/2gS56vu',
          'created_time' => '2016-12-12T22:03:31+0000',
          'name' => 'CNNTech',
          'id' => '6651543066_10154181116943067'
        };

ABC News Politics
-----------------------------

Right Wing News
-----------------------------

The Wall Street Journal
-----------------------------
$VAR1 = {
          'link' => 'http://on.wsj.com/2gtyBmr',
          'caption' => 'wsj.com',
          'created_time' => '2016-12-12T22:00:08+0000',
          'name' => 'Hunters Kill Record Number of Bears in New Jersey, to the Dismay of Activists',
          'id' => '8304333127_10155095896133128',
          'message' => 'Hunters killed a record 636 black bears in northwestern New Jersey this year, taking advantage of a new bow hunting season in October that triggered protests among animal-rights activists.'
        };

Domain: wsj.com
Response:
{"id":"1622501708043673_1631879467105897"}

MSNBC
-----------------------------

the Drudge Report
-----------------------------

Mic
-----------------------------

The Economist
-----------------------------

Bloomberg Politics
-----------------------------

CBS News
-----------------------------
$VAR1 = {
          'link' => 'http://cbsn.ws/2hra6bn',
          'caption' => 'www.cbsnews.com',
          'created_time' => '2016-12-12T22:15:03+0000',
          'name' => 'Melania Trump appears in court in defamation case',
          'id' => '131459315949_10154163114400950',
          'message' => 'The incoming first lady is suing a British tabloid and a blogger for reporting that she was previously employed by a high-end escort.'
        };

Domain: cbsnews.com
Response:
{"id":"1622501708043673_1631879570439220"}

The Young Turks
-----------------------------

Occupy Democrats
-----------------------------
$VAR1 = {
          'link' => 'http://occupydemocrats.com/2016/12/12/terrified-trump-just-took-legal-action-block-electors-voting/',
          'caption' => 'occupydemocrats.com',
          'created_time' => '2016-12-12T22:05:49+0000',
          'name' => 'Terrified Trump Just Took Legal Action To Block Electors From Voting Against Him',
          'id' => '346937065399354_1347566638669720',
          'message' => 'Trump is trying to stop the Electoral College from fulfilling its purpose - keeping men like him out of the White House.'
        };

Domain: occupydemocrats.com

CBC News
-----------------------------

Newsweek
-----------------------------
$VAR1 = {
          'link' => 'http://www.newsweek.com/donald-trump-mitch-mcconnell-russia-russian-hacking-2016-election-hillary-531199',
          'caption' => 'newsweek.com',
          'created_time' => '2016-12-12T22:14:18+0000',
          'name' => 'Senate Republican leader McConnell supports investigation into Russian hacking during election.',
          'id' => '18343191100_10154677291476101',
          'message' => 'McConnell joins the bipartisan call for an investigation into the Russian hacking during the election.'
        };

Domain: newsweek.com

CNN International
-----------------------------

The New Yorker
-----------------------------
$VAR1 = {
          'link' => 'http://nyer.cm/dUdJl3r',
          'caption' => 'newyorker.com',
          'created_time' => '2016-12-12T22:00:43+0000',
          'name' => '2016: Our Year in Poems',
          'id' => '9258148868_10154274867183869',
          'message' => 'The poetry that appeared in the magazine in 2016 included pieces by newcomers to our pages and by longtime veterans.'
        };

Domain: newyorker.com
Response:
{"id":"1622501708043673_1631879663772544"}

Rush Limbaugh
-----------------------------

The Independent
-----------------------------
$VAR1 = {
          'link' => 'https://www.facebook.com/TheIndependentOnline/videos/10154279526756636/',
          'created_time' => '2016-12-12T22:01:00+0000',
          'id' => '13312631635_10154279526756636',
          'message' => 'This video of two men in jetpacks flying alongside an A380 is just incredible'
        };

TheBlaze
-----------------------------
$VAR1 = {
          'link' => 'http://www.theblaze.com/news/2016/12/12/man-enlists-police-to-help-him-propose-to-his-girlfriend-in-scheme-to-promote-unity/',
          'caption' => 'www.theblaze.com',
          'created_time' => '2016-12-12T22:15:02+0000',
          'name' => 'Man enlists police to help him propose to his girlfriend in scheme to promote unity',
          'id' => '140738092630206_1298059576898046',
          'message' => 'Fellas, I would not recommend trying this method of proposing to your girlfriend at home.'
        };

Domain: theblaze.com
Response:
{"id":"1622501708043673_1631879750439202"}
$VAR1 = {
          'link' => 'http://www.theblaze.com/contributions/no-russia-didnt-elect-donald-trump-the-voters-did/',
          'caption' => 'www.theblaze.com',
          'created_time' => '2016-12-12T22:06:37+0000',
          'name' => "No, Russia didn\x{2019}t elect Donald Trump \x{2014} the voters did",
          'id' => '140738092630206_1298048360232501',
          'message' => 'Russia voted for Trump? Or, did we? More from Matt Walsh -http://bit.ly/2hraEhx'
        };

Domain: theblaze.com
Response:
{"id":"1622501708043673_1631879857105858"}

NPR Politics
-----------------------------

The New York Times
-----------------------------

NPR
-----------------------------
$VAR1 = {
          'link' => 'http://www.npr.org/sections/thetwo-way/2016/12/12/505301116/meet-lun-luns-elegant-and-happy-panda-daughters?utm_source=facebook.com&utm_medium=social&utm_campaign=npr&utm_term=nprnews&utm_content=2040',
          'caption' => 'npr.org',
          'created_time' => '2016-12-12T22:14:32+0000',
          'name' => 'Meet Lun Lun\'s Elegant And Happy (Panda) Daughters',
          'id' => '10643211755_10155067962346756',
          'message' => 'We can all probably use a cute panda break right about now.'
        };

Domain: npr.org
Response:
{"error":{"message":"It looks like you were misusing this feature by going too fast. You\u2019ve been blocked from using it.\n\nLearn more about blocks in the Help Center.","type":"OAuthException","code":368,"error_subcode":1390008,"fbtrace_id":"FHiCF8S0NK\/"}}
