***********************************************************************************
Started at 10:30:01 on 00/25/2017
***********************************************************************************
Querying souces from the past 15 minutes....

Al Jazeera
-----------------------------
$VAR1 = {
          'link' => 'https://www.facebook.com/aljazeera/videos/10155147977493690/',
          'created_time' => '2017-01-25T15:30:04+0000',
          'name' => 'Netherlands to launch int\'l abortion fund',
          'id' => '7382473689_10155147977493690',
          'message' => 'The Dutch government plans to respond to President Trump\'s \'Global Gag Rule\' with an international abortion fund.'
        };

Upworthy
-----------------------------

The Huffington Post
-----------------------------

HuffPost Women
-----------------------------
$VAR1 = {
          'link' => 'http://huff.to/2kiFhH8',
          'caption' => 'huffingtonpost.com',
          'created_time' => '2017-01-25T15:20:04+0000',
          'name' => 'Russian Law Easing Penalties On Domestic Violence Sails Through Parliament',
          'id' => '153213781413350_1283875698347147',
          'message' => 'This is terrifying.'
        };

Domain: huffingtonpost.com
Response:
{"id":"1622501708043673_1648115825482261"}

PBS News Hour
-----------------------------

ATTN:
-----------------------------

Reuters
-----------------------------

NowThis
-----------------------------

Daily Caller
-----------------------------
$VAR1 = {
          'link' => 'http://trib.al/B7g6Xej',
          'caption' => 'dailycaller.com',
          'created_time' => '2017-01-25T15:28:00+0000',
          'name' => 'Tucker Browbeats Lib Professor: \'The Last President Lied A Lot\' -- \'Your Outrage Seems Selective\' [VIDEO]',
          'id' => '182919686769_10154171841596770',
          'message' => 'Tucker roasted this guy who is suggesting the press "shun" Trump and Kellyanne Conway.'
        };

Domain: dailycaller.com
$VAR1 = {
          'link' => 'http://trib.al/kKNAckF',
          'caption' => 'dailycaller.com',
          'created_time' => '2017-01-25T15:19:45+0000',
          'name' => 'MUST WATCH: Kellyanne Conway Doing Stand-Up Comedy',
          'id' => '182919686769_10154171823296770',
          'message' => 'Before she was Trump\'s adviser...'
        };

Domain: dailycaller.com

CNBC
-----------------------------
$VAR1 = {
          'link' => 'http://cnb.cx/2jYzmd1',
          'caption' => 'cnbc.com',
          'created_time' => '2017-01-25T15:29:03+0000',
          'name' => 'UK fraud hits record high after increase in cyber attacks',
          'id' => '97212224368_10155143317574369',
          'message' => 'The value of alleged fraud cases reaching U.K. courts totaled more than $1.36 billion in 2016.'
        };

Domain: cnbc.com
$VAR1 = {
          'link' => 'http://cnb.cx/2jx6vJl',
          'caption' => 'cnbc.com',
          'created_time' => '2017-01-25T15:28:08+0000',
          'name' => 'The Dow at 20K doesn\'t mean so much to long-term investors, advisors say',
          'id' => '97212224368_10155143314949369',
          'message' => 'Don\'t lose perspective. This milestone is great for people who have stayed with stocks over the second-longest bull market in history, but...'
        };

Domain: cnbc.com

The Onion
-----------------------------

Opposing Views
-----------------------------

the Today Show
-----------------------------
$VAR1 = {
          'link' => 'http://www.today.com/popculture/how-attend-fifty-shades-darker-masquerade-ball-screening-t107366',
          'caption' => 'today.com',
          'created_time' => '2017-01-25T15:22:29+0000',
          'name' => 'Want to attend the \'Fifty Shades Darker\' Masquerade Ball? Here\'s how you can',
          'id' => '12566691349_10154972607736350',
          'message' => "Now\x{2019}s your chance to party like Ana Steele and Christian Grey.

NoPurNec. 18+. Rules:http://on.today.com/2kiIEOr"
        };

Domain: today.com

Kotaku
-----------------------------

Washington Post
-----------------------------
$VAR1 = {
          'link' => 'https://www.washingtonpost.com/news/monkey-cage/wp/2017/01/25/we-asked-people-which-inauguration-crowd-was-bigger-heres-what-they-said/?tid=sm_fb',
          'caption' => 'washingtonpost.com',
          'created_time' => '2017-01-25T15:30:01+0000',
          'name' => "This is what Trump voters said when asked to compare his inauguration crowd with Obama\x{2019}s",
          'id' => '6250307292_10154704130342293',
          'message' => 'With the photos in front of them, one in seven Trump supporters still gave the false answer.'
        };

Domain: washingtonpost.com
Response:
{"id":"1622501708043673_1648115938815583"}

the American Center for Law and Justice
-----------------------------

VICE News
-----------------------------

PBS
-----------------------------

Mother Jones
-----------------------------

HuffPost Good News
-----------------------------

BBC News
-----------------------------

Breaking News
-----------------------------

The Verge
-----------------------------

New York Magazine
-----------------------------

TIME
-----------------------------

the Business Insider
-----------------------------
$VAR1 = {
          'link' => 'http://read.bi/2jex6ts',
          'caption' => 'businessinsider.com',
          'created_time' => '2017-01-25T15:20:02+0000',
          'name' => 'The Dow just hit 20,000 but it\'s actually overrated',
          'id' => '20446254070_10154324895874071',
          'message' => 'Everyone needs to relax.'
        };

Domain: businessinsider.com

ThinkProgress
-----------------------------

POLITICO
-----------------------------
$VAR1 = {
          'link' => 'http://politi.co/2k3gNV9',
          'caption' => 'politi.co',
          'created_time' => '2017-01-25T15:17:07+0000',
          'name' => 'Hamas spokesman warns Trump not to move U.S. embassy to Jerusalem',
          'id' => '62317591679_10154231871456680',
          'message' => "He says it would add \x{201c}more oil to the fire\x{201d} of the Israeli-Palestinian conflict."
        };

Domain: politi.co

Alias: politico.com
Response:
{"id":"1622501708043673_1648116052148905"}

USA TODAY
-----------------------------

American News
-----------------------------

ABC News
-----------------------------
$VAR1 = {
          'link' => 'https://www.facebook.com/ABCNews/videos/10155310817453812/',
          'created_time' => '2017-01-25T15:28:46+0000',
          'name' => 'President Trump: The First Interview',
          'id' => '86680728811_10155310817453812',
          'message' => 'TONIGHT: David Muir\'s exclusive interview with Pres. Donald J. Trump - the first since taking office. Watch at 10/9c on ABC News.'
        };

HuffPost Politics
-----------------------------
$VAR1 = {
          'link' => 'http://huff.to/2ksOcsF',
          'caption' => 'huffingtonpost.com',
          'created_time' => '2017-01-25T15:27:12+0000',
          'name' => 'Trump To Sign Executive Order Enabling Construction Of Border Wall',
          'id' => '56845382910_10154743390842911',
          'message' => 'There it is.'
        };

Domain: huffingtonpost.com
Response:
{"id":"1622501708043673_1648116112148899"}
$VAR1 = {
          'link' => 'http://huff.to/2juTCzd',
          'caption' => 'm.huffpost.com',
          'created_time' => '2017-01-25T15:16:48+0000',
          'name' => 'John McCain Scorches Trump OMB Pick For Defense Spending Cuts, Government Shutdown',
          'id' => '56845382910_10154743360617911',
          'message' => "\"I\x{2019}m interested in what our military needs and what it receives. It\x{2019}s clear from your record that you\x{2019}ve been an impediment to that for years.\" -- John McCain"
        };

Domain: huffpost.com

NBC News
-----------------------------
$VAR1 = {
          'link' => 'http://nbcnews.to/2jwPgb0',
          'caption' => 'nbcnews.com',
          'created_time' => '2017-01-25T15:20:05+0000',
          'name' => 'Trump tweets that he will pick Supreme Court nominee next week',
          'id' => '155869377766434_1680223005331056',
          'message' => 'President Trump is set to pick a Supreme Court judge on Groundhog Day.'
        };

Domain: nbcnews.com
Response:
{"id":"1622501708043673_1648116268815550"}

AJ+
-----------------------------

Wikileaks
-----------------------------

CNNMoney
-----------------------------
$VAR1 = {
          'link' => 'http://cnnmon.ie/2jZrR59',
          'created_time' => '2017-01-25T15:25:30+0000',
          'name' => 'CNNTech',
          'id' => '6651543066_10154316313223067'
        };
$VAR1 = {
          'link' => 'http://cnnmon.ie/2ji8Zxj',
          'caption' => 'money.cnn.com',
          'created_time' => '2017-01-25T15:18:01+0000',
          'name' => 'How I graduated from college debt-free',
          'id' => '6651543066_10154316294933067',
          'message' => 'When so many families are stuck having to borrow money to send their kids to college, these middle class students were able to graduate debt-free.
http://cnnmon.ie/2ji8Zxj'
        };

Domain: cnn.com
Response:
{"id":"1622501708043673_1648116352148875"}

ABC News Politics
-----------------------------
$VAR1 = {
          'link' => 'http://abcn.ws/2j4OkOJ',
          'caption' => 'abcnews.go.com',
          'created_time' => '2017-01-25T15:24:06+0000',
          'name' => 'Fact-Checking Trump\'s Repeated Unsubstantiated Voter Fraud Claim',
          'id' => '184096565021911_1163441283754096',
          'message' => 'Academic experts and election officials both say there was no evidence of any widespread voter fraud in the 2016 presidential race.'
        };

Domain: go.com
Response:
{"id":"1622501708043673_1648116432148867"}

Right Wing News
-----------------------------

The Wall Street Journal
-----------------------------
$VAR1 = {
          'link' => 'http://on.wsj.com/2k3vfMJ',
          'caption' => 'blogs.wsj.com',
          'created_time' => '2017-01-25T15:21:50+0000',
          'name' => "How Has the Dow Changed Over the Past 120 Years? \x{2013} The Short Answer",
          'id' => '8304333127_10155354739118128',
          'message' => 'A quick look at the Dow, a 30-member constellation of stocks from disparate corners of the U.S. economy.'
        };

Domain: wsj.com
Response:
{"id":"1622501708043673_1648116505482193"}

MSNBC
-----------------------------

the Drudge Report
-----------------------------

Mic
-----------------------------
$VAR1 = {
          'link' => 'https://www.facebook.com/MicMedia/videos/1375533952469391/',
          'created_time' => '2017-01-25T15:25:19+0000',
          'name' => 'Trump is threatening Chicago with martial law',
          'id' => '174742062548592_1375533952469391',
          'message' => "President Donald J. Trump is threatening Chicago with martial law \x{2014} because Fox News told him to."
        };

The Economist
-----------------------------
$VAR1 = {
          'link' => 'http://econ.st/2k2a0e3',
          'caption' => 'economist.com',
          'created_time' => '2017-01-25T15:15:39+0000',
          'name' => 'What is an intifada?',
          'id' => '6013004059_10155032894024060',
          'message' => 'Palestinians have already fought two full intifadas, chiefly against the Israeli occupation of the West Bank and Gaza. Does ongoing violence in Israel constitute a new one?'
        };

Domain: economist.com
Response:
{"id":"1622501708043673_1648116632148847"}

Bloomberg Politics
-----------------------------

CBS News
-----------------------------
$VAR1 = {
          'link' => 'http://cbsn.ws/2j4IMnH',
          'caption' => 'www.cbsnews.com',
          'created_time' => '2017-01-25T15:20:02+0000',
          'name' => 'The EU sees a big trade opportunity with China',
          'id' => '131459315949_10154304811555950',
          'message' => 'President Xi Jinping\'s recent rejection of trade wars and protectionism gives the EU\'s ambassador to China high hopes.'
        };

Domain: cbsnews.com
Response:
{"id":"1622501708043673_1648116772148833"}

The Young Turks
-----------------------------

Occupy Democrats
-----------------------------

CBC News
-----------------------------

Newsweek
-----------------------------

CNN International
-----------------------------
$VAR1 = {
          'link' => 'http://cnn.it/2kj3QDJ',
          'caption' => 'edition.cnn.com',
          'created_time' => '2017-01-25T15:30:02+0000',
          'name' => 'Russia is one step closer to decriminalizing some domestic violence',
          'id' => '18793419640_10154943764894641',
          'message' => 'It\'s called the "slapping law," and it would decriminalize a first offense of domestic violence that does not seriously injure the victim.'
        };

Domain: cnn.com
Response:
{"id":"1622501708043673_1648116858815491"}

The New Yorker
-----------------------------
$VAR1 = {
          'link' => 'http://nyer.cm/fsZmIst',
          'caption' => 'newyorker.com',
          'created_time' => '2017-01-25T15:30:22+0000',
          'name' => 'The Real Voting Scandal of 2016',
          'id' => '9258148868_10154413907493869',
          'message' => "Federal courts can\x{2019}t police every aspect of voting rights. Ultimately, issues like early voting and I.D. requirements are determined by the states."
        };

Domain: newyorker.com
Response:
{"id":"1622501708043673_1648116942148816"}

Rush Limbaugh
-----------------------------

The Independent
-----------------------------
$VAR1 = {
          'link' => 'https://www.indy100.com/article/david-beckham-dad-joke-brooklyn-7545006',
          'caption' => 'indy100.com',
          'created_time' => '2017-01-25T15:21:00+0000',
          'name' => 'David Beckham trolled his son\'s Instagram live in the most dad way ever',
          'id' => '13312631635_10154427693501636',
          'message' => 'Amazing'
        };

Domain: indy100.com

TheBlaze
-----------------------------
$VAR1 = {
          'link' => 'http://www.theblaze.com/news/2017/01/25/hundreds-gather-near-trump-tower-to-protest-pipeline-executive-orders/',
          'caption' => 'www.theblaze.com',
          'created_time' => '2017-01-25T15:30:02+0000',
          'name' => 'Hundreds gather near Trump Tower to protest pipeline executive orders',
          'id' => '140738092630206_1347801468590523',
          'message' => 'Another typical anti-oil protest from East Coast liberals.'
        };

Domain: theblaze.com
Response:
{"id":"1622501708043673_1648116998815477"}

NPR Politics
-----------------------------

The New York Times
-----------------------------
$VAR1 = {
          'link' => 'https://www.nytimes.com/2017/01/25/us/politics/homeland-security-john-kelly-border-wall.html?smid=fb-nytimes&smtyp=cur',
          'caption' => 'nytimes.com',
          'created_time' => '2017-01-25T15:29:02+0000',
          'name' => 'Homeland Security Secretary Has Said Border Wall Alone Will Not Work',
          'id' => '5281959998_10151060626349999',
          'message' => 'President Donald J. Trump\'s homeland security secretary said that rather than depending on a wall, the key to stopping drugs smugglers was to attack the problem at its source.'
        };

Domain: nytimes.com
Response:
{"id":"1622501708043673_1648117092148801"}

NPR
-----------------------------
$VAR1 = {
          'link' => 'http://www.npr.org/sections/13.7/2017/01/25/511415215/when-the-mysterious-and-inexplicable-happens?utm_source=facebook.com&utm_medium=social&utm_campaign=npr&utm_term=nprnews&utm_content=20170125',
          'caption' => 'npr.org',
          'created_time' => '2017-01-25T15:30:01+0000',
          'name' => 'When The Mysterious And Inexplicable Happens',
          'id' => '10643211755_10155231542116756',
          'message' => 'Have you ever experienced something mysterious that you can\'t explain?'
        };

Domain: npr.org
Response:
{"id":"1622501708043673_1648117198815457"}

MSN
-----------------------------

CNN Politics
-----------------------------

The Daily Show
-----------------------------

Daily Kos
-----------------------------
$VAR1 = {
          'link' => 'http://www.dailykos.com/stories/2017/1/24/1624694/-South-Carolina-s-new-GOP-governor-refuses-to-leave-his-all-white-country-club?detail=facebook',
          'caption' => 'dailykos.com',
          'created_time' => '2017-01-25T15:30:01+0000',
          'name' => 'South Carolina\'s new GOP governor refuses to leave his all-white country club',
          'id' => '43179984254_10155108706509255',
          'message' => 'It is amazing this isn\'t a huge national story.'
        };

Domain: dailykos.com
Response:
{"id":"1622501708043673_1648117302148780"}

Yahoo News
-----------------------------
$VAR1 = {
          'link' => 'https://yhoo.it/2ksw2Di',
          'created_time' => '2017-01-25T15:20:02+0000',
          'name' => 'Yahoo Finance',
          'id' => '338028696036_10155159550556037',
          'message' => 'The CNN anchor unloads on President Trump.'
        };

The Guardian
-----------------------------
$VAR1 = {
          'link' => 'https://www.theguardian.com/books/2017/jan/25/hugh-macdiarmid-robert-burns-scots-vernacular-poetry-auld-lang-syne?CMP=fb_gu',
          'caption' => 'theguardian.com',
          'created_time' => '2017-01-25T15:20:01+0000',
          'name' => 'Burns night: the battle over Scottish identity continues',
          'id' => '10513336322_10155003394271323',
          'message' => 'Tonight is Burns night, when Scots the world over celebrate the life and poetry of the Bard of Ayrshire, Robert Burns, with a ritualistic haggis ceremony, a singing of Auld Lang Syne, and a stiff drink. However, not all Scots are on board with the popularised traditions, and the Scots language itself remains a contested issue'
        };

Domain: theguardian.com
Response:
{"id":"1622501708043673_1648117362148774"}

CNN
-----------------------------
$VAR1 = {
          'link' => 'https://www.facebook.com/cnn/videos/10155970242036509/',
          'created_time' => '2017-01-25T15:28:28+0000',
          'name' => 'Train smashes into truck and cuts it in two',
          'id' => '5550296508_10155970242036509',
          'message' => 'Watch a speeding train plow into a FedEx truck (luckily, nobody was hurt) http://cnn.it/2kj4u43'
        };

Slate.com
-----------------------------
$VAR1 = {
          'link' => 'http://slate.me/2jvtxQR',
          'caption' => 'slate.com',
          'created_time' => '2017-01-25T15:25:03+0000',
          'name' => 'The Bestselling Book on Amazon Right Now Is 1984',
          'id' => '21516776437_10154806585446438',
          'message' => 'For some reason.'
        };

Domain: slate.com
Response:
{"id":"1622501708043673_1648117472148763"}

the AP
-----------------------------

Sean Hannity
-----------------------------

The Ed Schultz Show
-----------------------------

The Atlantic
-----------------------------
$VAR1 = {
          'link' => 'http://theatln.tc/2kiDAt7',
          'caption' => 'theatlantic.com',
          'created_time' => '2017-01-25T15:16:36+0000',
          'name' => 'The Conspiracy Theorist in the White House',
          'id' => '29259828486_10155054316543487',
          'message' => '"When he could be fulfilling those duties, Trump is instead spending time on conspiracy theories, as if his vanity cannot handle the fact that he lost the popular vote, and he cares more about litigating the matter than the voters he pledged to help," writes Conor Friedersdorf.'
        };

Domain: theatlantic.com

Bloomberg
-----------------------------

BuzzFeed
-----------------------------

Fox News
-----------------------------

VICE
-----------------------------

Glenn Beck
-----------------------------

The Other 98%
-----------------------------
$VAR1 = {
          'link' => 'https://www.facebook.com/fox5dc/videos/10155140412072494/',
          'created_time' => '2017-01-25T15:16:36+0000',
          'name' => 'Fox 5 DC',
          'id' => '114517875225866_1669367106407594',
          'message' => 'Happening NOW! #Resist'
        };


Total Posts Made:	18


