***********************************************************************************
Started at 18:20:01 on 10/27/2016
***********************************************************************************
Querying souces from the past 10 minutes....

Al Jazeera
-----------------------------

Upworthy
-----------------------------

The Huffington Post
-----------------------------

HuffPost Women
-----------------------------

PBS News Hour
-----------------------------
$VAR1 = {
          'link' => 'http://www.pbs.org/newshour/bb/recount-efforts-brewing-three-states-now/',
          'caption' => 'pbs.org',
          'created_time' => '2016-11-27T23:15:00+0000',
          'name' => 'With recount efforts brewing in three states, what now?',
          'id' => '6491828674_10154804585633675',
          'message' => 'Clinton\'s campaign will join the recount effort -- but does not anticipate a change in the result of the election.'
        };

Domain: pbs.org
$VAR1 = bless( {
                 'response' => bless( {
                                        '_protocol' => 'HTTP/1.1',
                                        '_content' => '{"error":{"message":"It looks like you were misusing this feature by going too fast. You\\u2019ve been blocked from using it.\\n\\nLearn more about blocks in the Help Center.","type":"OAuthException","code":368,"error_subcode":1390008,"fbtrace_id":"CCoSOjXmWrS"}}',
                                        '_rc' => '400',
                                        '_headers' => bless( {
                                                               'connection' => 'close',
                                                               'cache-control' => 'no-store',
                                                               'x-fb-rev' => '2702404',
                                                               'date' => 'Sun, 27 Nov 2016 23:20:38 GMT',
                                                               'x-fb-debug' => 'cfLD0zECB8rb8jkGO9z48jycWq1QI7F7UcWVDjyvEUQNaswEfweXvUTVNHEt0w/gWDV/gOGoZb+xK4bUXQYhHg==',
                                                               'access-control-allow-origin' => '*',
                                                               'vary' => 'Accept-Encoding',
                                                               'client-ssl-cert-issuer' => '/C=US/O=DigiCert Inc/OU=www.digicert.com/CN=DigiCert SHA2 High Assurance Server CA',
                                                               'client-ssl-cipher' => 'ECDHE-ECDSA-AES128-GCM-SHA256',
                                                               'client-peer' => '31.13.65.1:443',
                                                               'facebook-api-version' => 'v2.8',
                                                               'client-date' => 'Sun, 27 Nov 2016 23:20:38 GMT',
                                                               'x-page-usage' => '{"call_count":27,"total_cputime":6,"total_time":11}',
                                                               'content-type' => 'text/javascript; charset=UTF-8',
                                                               'pragma' => 'no-cache',
                                                               'www-authenticate' => 'OAuth "Facebook Platform" "access_denied" "It looks like you were misusing this feature by going too fast. You’ve been blocked from using it.\\n\\nLearn more about blocks in the Help Center."',
                                                               'client-ssl-socket-class' => 'IO::Socket::SSL',
                                                               'client-response-num' => 1,
                                                               'x-fb-trace-id' => 'CCoSOjXmWrS',
                                                               '::std_case' => {
                                                                                 'client-response-num' => 'Client-Response-Num',
                                                                                 'x-fb-rev' => 'X-Fb-Rev',
                                                                                 'x-fb-debug' => 'X-FB-Debug',
                                                                                 'access-control-allow-origin' => 'Access-Control-Allow-Origin',
                                                                                 'client-ssl-cert-issuer' => 'Client-SSL-Cert-Issuer',
                                                                                 'client-ssl-cipher' => 'Client-SSL-Cipher',
                                                                                 'client-peer' => 'Client-Peer',
                                                                                 'facebook-api-version' => 'Facebook-Api-Version',
                                                                                 'x-fb-trace-id' => 'X-Fb-Trace-Id',
                                                                                 'client-date' => 'Client-Date',
                                                                                 'x-page-usage' => 'X-Page-Usage',
                                                                                 'client-ssl-cert-subject' => 'Client-SSL-Cert-Subject',
                                                                                 'client-ssl-socket-class' => 'Client-SSL-Socket-Class'
                                                                               },
                                                               'client-ssl-cert-subject' => '/C=US/ST=CA/L=Menlo Park/O=Facebook, Inc./CN=*.facebook.com',
                                                               'expires' => 'Sat, 01 Jan 2000 00:00:00 GMT'
                                                             }, 'HTTP::Headers' ),
                                        '_msg' => 'Bad Request',
                                        '_request' => bless( {
                                                               '_content' => 'access_token=EAAPvBQ5tbjMBAOZCljSOHJaa34AP592NeeQe2myDFLNEAveb8YXf1ELXevI1MsTSCTvx2L2cFWYW8BpzTpeb2bydgVyzpzu5UisFemZC1TldMOZBJFnBq5zXzdGyy3ZABg1nUYRZAStCeCeSffZCSQUacCpgMorcec71s7O36CwAZDZD&message=The+Facebook+page+of+PBS+News+Hour+originally+shared+this+article.+According+to+data+gathered+by+the+Pew+Research+Center%2C+PBS+is+more+trusted+than+distrusted+by+survey+respondents+who+have+heard+of+the+source.+(Over+40%25+of+respondents)+%0D%0AAdditionally%2C+the+research+indicates+that+left-leaning+readers+were+more+likely+to+find+this+source+credible+than+other+readers.+%0D%0A%0D%0AOut+of+the+88%25+of+respondents+who+have+heard+of+PBS%2C%0D%0A43%25%09trusted+the+news+source%2C%0D%0A14%25%09distrusted+the+news+source%2C+and%0D%0A43%25%09neither+trusted+nor+distrusted+the+news+source.%0D%0A%0D%0ATo+learn+more+about+Pew+Research+Center\'s+study+on+Political+Polarization+%26+Media+Habits%2C+follow+this+link+to+visit+their+report.+https%3A%2F%2Fgoo.gl%2FxwVtjv&link=http%3A%2F%2Fwww.pbs.org%2Fnewshour%2Fbb%2Frecount-efforts-brewing-three-states-now%2F&published=true',
                                                               '_uri' => bless( do{\(my $o = 'https://graph.facebook.com/v2.2/1622501708043673/feed')}, 'URI::https' ),
                                                               '_headers' => bless( {
                                                                                      'user-agent' => 'libwww-perl/6.15',
                                                                                      'content-type' => 'application/x-www-form-urlencoded',
                                                                                      'content-length' => 1074,
                                                                                      '::std_case' => {
                                                                                                        'if-ssl-cert-subject' => 'If-SSL-Cert-Subject'
                                                                                                      }
                                                                                    }, 'HTTP::Headers' ),
                                                               '_method' => 'POST',
                                                               '_uri_canonical' => $VAR1->{'response'}{'_request'}{'_uri'}
                                                             }, 'HTTP::Request' )
                                      }, 'HTTP::Response' )
               }, 'Facebook::Graph::Response' );

ATTN:
-----------------------------

Reuters
-----------------------------

NowThis
-----------------------------

Daily Caller
-----------------------------

CNBC
-----------------------------

The Onion
-----------------------------

Opposing Views
-----------------------------

the Today Show
-----------------------------

Kotaku
-----------------------------

Washington Post
-----------------------------

the American Center for Law and Justice
-----------------------------

VICE News
-----------------------------

PBS
-----------------------------

Mother Jones
-----------------------------

HuffPost Good News
-----------------------------

BBC News
-----------------------------

Breaking News
-----------------------------

The Verge
-----------------------------

New York Magazine
-----------------------------

TIME
-----------------------------

the Business Insider
-----------------------------
$VAR1 = {
          'link' => 'http://read.bi/2gHXvn0',
          'caption' => 'businessinsider.com',
          'created_time' => '2016-11-27T23:20:02+0000',
          'name' => 'A Marine explains which state would win if the US declared war on itself',
          'id' => '20446254070_10154128946749071',
          'message' => 'Fascinating.'
        };

Domain: businessinsider.com
$VAR1 = {
          'link' => 'http://read.bi/2fTP5EX',
          'caption' => 'businessinsider.com',
          'created_time' => '2016-11-27T23:15:13+0000',
          'name' => 'We compared prices of Trader Joe\'s items to those of Whole Foods 365 Everyday Value',
          'id' => '20446254070_10154128938629071',
          'message' => 'Here\'s who has the best value.'
        };

Domain: businessinsider.com

ThinkProgress
-----------------------------

POLITICO
-----------------------------

USA TODAY
-----------------------------

American News
-----------------------------

ABC News
-----------------------------

HuffPost Politics
-----------------------------

NBC News
-----------------------------

AJ+
-----------------------------

Wikileaks
-----------------------------

CNNMoney
-----------------------------

ABC News Politics
-----------------------------

Right Wing News
-----------------------------

The Wall Street Journal
-----------------------------
$VAR1 = {
          'link' => 'http://on.wsj.com/2gw11QQ',
          'caption' => 'wsj.com',
          'created_time' => '2016-11-27T23:20:04+0000',
          'name' => 'Castro, in Death, Casts Long Shadow Over Cuba',
          'id' => '8304333127_10155005878583128',
          'message' => "Fidel Castro\x{2019}s legacy in Cuba, a country he ruled for five decades, is likely to endure for many years to come."
        };

Domain: wsj.com
$VAR1 = bless( {
                 'response' => bless( {
                                        '_protocol' => 'HTTP/1.1',
                                        '_content' => '{"error":{"message":"It looks like you were misusing this feature by going too fast. You\\u2019ve been blocked from using it.\\n\\nLearn more about blocks in the Help Center.","type":"OAuthException","code":368,"error_subcode":1390008,"fbtrace_id":"GJyXzUdH302"}}',
                                        '_rc' => '400',
                                        '_headers' => bless( {
                                                               'connection' => 'close',
                                                               'cache-control' => 'no-store',
                                                               'x-fb-rev' => '2702404',
                                                               'date' => 'Sun, 27 Nov 2016 23:20:38 GMT',
                                                               'x-fb-debug' => 'TAcOIWlRYn90P3sxyAS2cVN3LA7h8Xep3JPaKa6xJISHOkLbe+bjQBsf4ZTmTB8TlZN6O+mFqLg+PNNYKx6Exg==',
                                                               'access-control-allow-origin' => '*',
                                                               'vary' => 'Accept-Encoding',
                                                               'client-ssl-cert-issuer' => '/C=US/O=DigiCert Inc/OU=www.digicert.com/CN=DigiCert SHA2 High Assurance Server CA',
                                                               'client-ssl-cipher' => 'ECDHE-ECDSA-AES128-GCM-SHA256',
                                                               'client-peer' => '31.13.65.1:443',
                                                               'facebook-api-version' => 'v2.8',
                                                               'client-date' => 'Sun, 27 Nov 2016 23:20:38 GMT',
                                                               'x-page-usage' => '{"call_count":27,"total_cputime":6,"total_time":11}',
                                                               'content-type' => 'text/javascript; charset=UTF-8',
                                                               'pragma' => 'no-cache',
                                                               'www-authenticate' => 'OAuth "Facebook Platform" "access_denied" "It looks like you were misusing this feature by going too fast. You’ve been blocked from using it.\\n\\nLearn more about blocks in the Help Center."',
                                                               'client-ssl-socket-class' => 'IO::Socket::SSL',
                                                               'client-response-num' => 1,
                                                               'x-fb-trace-id' => 'GJyXzUdH302',
                                                               '::std_case' => {
                                                                                 'client-response-num' => 'Client-Response-Num',
                                                                                 'x-fb-rev' => 'X-Fb-Rev',
                                                                                 'x-fb-debug' => 'X-FB-Debug',
                                                                                 'access-control-allow-origin' => 'Access-Control-Allow-Origin',
                                                                                 'client-ssl-cert-issuer' => 'Client-SSL-Cert-Issuer',
                                                                                 'client-ssl-cipher' => 'Client-SSL-Cipher',
                                                                                 'client-peer' => 'Client-Peer',
                                                                                 'facebook-api-version' => 'Facebook-Api-Version',
                                                                                 'x-fb-trace-id' => 'X-Fb-Trace-Id',
                                                                                 'client-date' => 'Client-Date',
                                                                                 'x-page-usage' => 'X-Page-Usage',
                                                                                 'client-ssl-cert-subject' => 'Client-SSL-Cert-Subject',
                                                                                 'client-ssl-socket-class' => 'Client-SSL-Socket-Class'
                                                                               },
                                                               'client-ssl-cert-subject' => '/C=US/ST=CA/L=Menlo Park/O=Facebook, Inc./CN=*.facebook.com',
                                                               'expires' => 'Sat, 01 Jan 2000 00:00:00 GMT'
                                                             }, 'HTTP::Headers' ),
                                        '_msg' => 'Bad Request',
                                        '_request' => bless( {
                                                               '_content' => 'access_token=EAAPvBQ5tbjMBAOZCljSOHJaa34AP592NeeQe2myDFLNEAveb8YXf1ELXevI1MsTSCTvx2L2cFWYW8BpzTpeb2bydgVyzpzu5UisFemZC1TldMOZBJFnBq5zXzdGyy3ZABg1nUYRZAStCeCeSffZCSQUacCpgMorcec71s7O36CwAZDZD&message=The+Facebook+page+of+The+Wall+Street+Journal+originally+shared+this+article.+According+to+data+gathered+by+the+Pew+Research+Center%2C+The+Wall+Street+Journal+is+more+trusted+than+distrusted+by+survey+respondents+who+have+heard+of+the+source.+(Over+40%25+of+respondents)+%0D%0AAdditionally%2C+the+research+indicates+that+left-leaning+readers+and+right-leaning+readers+were+about+equally+as+likely+to+find+this+source+credible.+%0D%0A%0D%0AOut+of+the+82%25+of+respondents+who+have+heard+of+The+Wall+Street+Journal%2C%0D%0A38%25%09trusted+the+news+source%2C%0D%0A12%25%09distrusted+the+news+source%2C+and%0D%0A49%25%09neither+trusted+nor+distrusted+the+news+source.%0D%0A%0D%0ATo+learn+more+about+Pew+Research+Center\'s+study+on+Political+Polarization+%26+Media+Habits%2C+follow+this+link+to+visit+their+report.+https%3A%2F%2Fgoo.gl%2FxwVtjv&link=http%3A%2F%2Fon.wsj.com%2F2gw11QQ&published=true',
                                                               '_uri' => bless( do{\(my $o = 'https://graph.facebook.com/v2.2/1622501708043673/feed')}, 'URI::https' ),
                                                               '_headers' => bless( {
                                                                                      'user-agent' => 'libwww-perl/6.15',
                                                                                      'content-type' => 'application/x-www-form-urlencoded',
                                                                                      'content-length' => 1090,
                                                                                      '::std_case' => {
                                                                                                        'if-ssl-cert-subject' => 'If-SSL-Cert-Subject'
                                                                                                      }
                                                                                    }, 'HTTP::Headers' ),
                                                               '_method' => 'POST',
                                                               '_uri_canonical' => $VAR1->{'response'}{'_request'}{'_uri'}
                                                             }, 'HTTP::Request' )
                                      }, 'HTTP::Response' )
               }, 'Facebook::Graph::Response' );

MSNBC
-----------------------------

the Drudge Report
-----------------------------

Mic
-----------------------------

The Economist
-----------------------------
$VAR1 = {
          'link' => 'http://econ.st/2fMVFwX',
          'caption' => 'theworldin.com',
          'created_time' => '2016-11-27T23:17:06+0000',
          'name' => 'Like it or not, immigration to the West will rise in 2017 and beyond',
          'id' => '6013004059_10154815110174060',
          'message' => 'In 2017 Western politicians will crack down on immigration. But developments beyond their control are conspiring to push it up'
        };

Domain: theworldin.com

Bloomberg Politics
-----------------------------

CBS News
-----------------------------

The Young Turks
-----------------------------

Occupy Democrats
-----------------------------

CBC News
-----------------------------

Newsweek
-----------------------------
$VAR1 = {
          'link' => 'http://www.newsweek.com/trump-claims-illegal-voting-clinton-popular-vote-525648',
          'caption' => 'newsweek.com',
          'created_time' => '2016-11-27T23:15:00+0000',
          'name' => 'Donald Trump claims without evidence that illegal voting gave Hillary Clinton the popular vote',
          'id' => '18343191100_10154624707046101',
          'message' => 'The president-elect, at his resort in Florida for the weekend, went on Twitter rants against the Wisconsin election recount and Clinton\'s wide popular vote tally.'
        };

Domain: newsweek.com

CNN International
-----------------------------
$VAR1 = {
          'link' => 'http://cnn.it/2fGeKmI',
          'caption' => 'www.cnn.com',
          'created_time' => '2016-11-27T23:20:00+0000',
          'name' => 'Infant ejected from car found alive in storm drain',
          'id' => '18793419640_10154727201859641',
          'message' => 'An 8-month-old girl ejected from her car during a crash was found alive in a storm drain 25 feet away -- with nothing but a scratch'
        };

Domain: cnn.com
$VAR1 = bless( {
                 'response' => bless( {
                                        '_protocol' => 'HTTP/1.1',
                                        '_content' => '{"error":{"message":"It looks like you were misusing this feature by going too fast. You\\u2019ve been blocked from using it.\\n\\nLearn more about blocks in the Help Center.","type":"OAuthException","code":368,"error_subcode":1390008,"fbtrace_id":"Ec5wq7MqIjE"}}',
                                        '_rc' => '400',
                                        '_headers' => bless( {
                                                               'connection' => 'close',
                                                               'cache-control' => 'no-store',
                                                               'x-fb-rev' => '2702404',
                                                               'date' => 'Sun, 27 Nov 2016 23:20:39 GMT',
                                                               'x-fb-debug' => 'OVMhFHk5osyrW0jSbOeR9Tx0FhDulE/ZTw1JLB2tveaHVN7gSTC7sHoLUEvJMXnxYBaqtf7Ape0s3t+8epAHXQ==',
                                                               'access-control-allow-origin' => '*',
                                                               'vary' => 'Accept-Encoding',
                                                               'client-ssl-cert-issuer' => '/C=US/O=DigiCert Inc/OU=www.digicert.com/CN=DigiCert SHA2 High Assurance Server CA',
                                                               'client-ssl-cipher' => 'ECDHE-ECDSA-AES128-GCM-SHA256',
                                                               'client-peer' => '31.13.65.1:443',
                                                               'facebook-api-version' => 'v2.8',
                                                               'client-date' => 'Sun, 27 Nov 2016 23:20:39 GMT',
                                                               'x-page-usage' => '{"call_count":27,"total_cputime":6,"total_time":11}',
                                                               'content-type' => 'text/javascript; charset=UTF-8',
                                                               'pragma' => 'no-cache',
                                                               'www-authenticate' => 'OAuth "Facebook Platform" "access_denied" "It looks like you were misusing this feature by going too fast. You’ve been blocked from using it.\\n\\nLearn more about blocks in the Help Center."',
                                                               'client-ssl-socket-class' => 'IO::Socket::SSL',
                                                               'client-response-num' => 1,
                                                               'x-fb-trace-id' => 'Ec5wq7MqIjE',
                                                               '::std_case' => {
                                                                                 'client-response-num' => 'Client-Response-Num',
                                                                                 'x-fb-rev' => 'X-Fb-Rev',
                                                                                 'x-fb-debug' => 'X-FB-Debug',
                                                                                 'access-control-allow-origin' => 'Access-Control-Allow-Origin',
                                                                                 'client-ssl-cert-issuer' => 'Client-SSL-Cert-Issuer',
                                                                                 'client-ssl-cipher' => 'Client-SSL-Cipher',
                                                                                 'client-peer' => 'Client-Peer',
                                                                                 'facebook-api-version' => 'Facebook-Api-Version',
                                                                                 'x-fb-trace-id' => 'X-Fb-Trace-Id',
                                                                                 'client-date' => 'Client-Date',
                                                                                 'x-page-usage' => 'X-Page-Usage',
                                                                                 'client-ssl-cert-subject' => 'Client-SSL-Cert-Subject',
                                                                                 'client-ssl-socket-class' => 'Client-SSL-Socket-Class'
                                                                               },
                                                               'client-ssl-cert-subject' => '/C=US/ST=CA/L=Menlo Park/O=Facebook, Inc./CN=*.facebook.com',
                                                               'expires' => 'Sat, 01 Jan 2000 00:00:00 GMT'
                                                             }, 'HTTP::Headers' ),
                                        '_msg' => 'Bad Request',
                                        '_request' => bless( {
                                                               '_content' => 'access_token=EAAPvBQ5tbjMBAOZCljSOHJaa34AP592NeeQe2myDFLNEAveb8YXf1ELXevI1MsTSCTvx2L2cFWYW8BpzTpeb2bydgVyzpzu5UisFemZC1TldMOZBJFnBq5zXzdGyy3ZABg1nUYRZAStCeCeSffZCSQUacCpgMorcec71s7O36CwAZDZD&message=The+Facebook+page+of+CNN+International+originally+shared+this+article.+According+to+data+gathered+by+the+Pew+Research+Center%2C+CNN+is+more+trusted+than+distrusted+by+survey+respondents+who+have+heard+of+the+source.+(Over+40%25+of+respondents)+%0D%0AAdditionally%2C+the+research+indicates+that+left-leaning+readers+were+more+likely+to+find+this+source+credible+than+other+readers.+%0D%0A%0D%0AOut+of+the+95%25+of+respondents+who+have+heard+of+CNN%2C%0D%0A57%25%09trusted+the+news+source%2C%0D%0A22%25%09distrusted+the+news+source%2C+and%0D%0A22%25%09neither+trusted+nor+distrusted+the+news+source.%0D%0A%0D%0ATo+learn+more+about+Pew+Research+Center\'s+study+on+Political+Polarization+%26+Media+Habits%2C+follow+this+link+to+visit+their+report.+https%3A%2F%2Fgoo.gl%2FxwVtjv&link=http%3A%2F%2Fcnn.it%2F2fGeKmI&published=true',
                                                               '_uri' => bless( do{\(my $o = 'https://graph.facebook.com/v2.2/1622501708043673/feed')}, 'URI::https' ),
                                                               '_headers' => bless( {
                                                                                      'user-agent' => 'libwww-perl/6.15',
                                                                                      'content-type' => 'application/x-www-form-urlencoded',
                                                                                      'content-length' => 1021,
                                                                                      '::std_case' => {
                                                                                                        'if-ssl-cert-subject' => 'If-SSL-Cert-Subject'
                                                                                                      }
                                                                                    }, 'HTTP::Headers' ),
                                                               '_method' => 'POST',
                                                               '_uri_canonical' => $VAR1->{'response'}{'_request'}{'_uri'}
                                                             }, 'HTTP::Request' )
                                      }, 'HTTP::Response' )
               }, 'Facebook::Graph::Response' );

The New Yorker
-----------------------------

Rush Limbaugh
-----------------------------

The Independent
-----------------------------

TheBlaze
-----------------------------

NPR Politics
-----------------------------

The New York Times
-----------------------------

NPR
-----------------------------

MSN
-----------------------------

CNN Politics
-----------------------------

The Daily Show
-----------------------------

Daily Kos
-----------------------------

Yahoo News
-----------------------------

The Guardian
-----------------------------

CNN
-----------------------------
$VAR1 = {
          'link' => 'http://cnn.it/2fGdos0',
          'caption' => 'www.cnn.com',
          'created_time' => '2016-11-27T23:20:00+0000',
          'name' => 'Infant ejected from car found alive in storm drain',
          'id' => '5550296508_10155666790446509',
          'message' => 'An 8-month-old girl ejected from her car during a crash was found alive in a storm drain 25 feet away -- with nothing but a scratch'
        };

Domain: cnn.com
$VAR1 = bless( {
                 'response' => bless( {
                                        '_protocol' => 'HTTP/1.1',
                                        '_content' => '{"error":{"message":"It looks like you were misusing this feature by going too fast. You\\u2019ve been blocked from using it.\\n\\nLearn more about blocks in the Help Center.","type":"OAuthException","code":368,"error_subcode":1390008,"fbtrace_id":"BjeKHgnRqMy"}}',
                                        '_rc' => '400',
                                        '_headers' => bless( {
                                                               'connection' => 'close',
                                                               'cache-control' => 'no-store',
                                                               'x-fb-rev' => '2702404',
                                                               'date' => 'Sun, 27 Nov 2016 23:20:39 GMT',
                                                               'x-fb-debug' => 'T34SZcioyptA9QZCGYHiBkt6Y7kj5PgmemVgQcFHDCJSQYkpPQ36nvh3iyL+8X8aEeNaeO09HWv6FF9kqNV0gA==',
                                                               'access-control-allow-origin' => '*',
                                                               'vary' => 'Accept-Encoding',
                                                               'client-ssl-cert-issuer' => '/C=US/O=DigiCert Inc/OU=www.digicert.com/CN=DigiCert SHA2 High Assurance Server CA',
                                                               'client-ssl-cipher' => 'ECDHE-ECDSA-AES128-GCM-SHA256',
                                                               'client-peer' => '31.13.65.1:443',
                                                               'facebook-api-version' => 'v2.8',
                                                               'client-date' => 'Sun, 27 Nov 2016 23:20:39 GMT',
                                                               'x-page-usage' => '{"call_count":27,"total_cputime":6,"total_time":11}',
                                                               'content-type' => 'text/javascript; charset=UTF-8',
                                                               'pragma' => 'no-cache',
                                                               'www-authenticate' => 'OAuth "Facebook Platform" "access_denied" "It looks like you were misusing this feature by going too fast. You’ve been blocked from using it.\\n\\nLearn more about blocks in the Help Center."',
                                                               'client-ssl-socket-class' => 'IO::Socket::SSL',
                                                               'client-response-num' => 1,
                                                               'x-fb-trace-id' => 'BjeKHgnRqMy',
                                                               '::std_case' => {
                                                                                 'client-response-num' => 'Client-Response-Num',
                                                                                 'x-fb-rev' => 'X-Fb-Rev',
                                                                                 'x-fb-debug' => 'X-FB-Debug',
                                                                                 'access-control-allow-origin' => 'Access-Control-Allow-Origin',
                                                                                 'client-ssl-cert-issuer' => 'Client-SSL-Cert-Issuer',
                                                                                 'client-ssl-cipher' => 'Client-SSL-Cipher',
                                                                                 'client-peer' => 'Client-Peer',
                                                                                 'facebook-api-version' => 'Facebook-Api-Version',
                                                                                 'x-fb-trace-id' => 'X-Fb-Trace-Id',
                                                                                 'client-date' => 'Client-Date',
                                                                                 'x-page-usage' => 'X-Page-Usage',
                                                                                 'client-ssl-cert-subject' => 'Client-SSL-Cert-Subject',
                                                                                 'client-ssl-socket-class' => 'Client-SSL-Socket-Class'
                                                                               },
                                                               'client-ssl-cert-subject' => '/C=US/ST=CA/L=Menlo Park/O=Facebook, Inc./CN=*.facebook.com',
                                                               'expires' => 'Sat, 01 Jan 2000 00:00:00 GMT'
                                                             }, 'HTTP::Headers' ),
                                        '_msg' => 'Bad Request',
                                        '_request' => bless( {
                                                               '_content' => 'access_token=EAAPvBQ5tbjMBAOZCljSOHJaa34AP592NeeQe2myDFLNEAveb8YXf1ELXevI1MsTSCTvx2L2cFWYW8BpzTpeb2bydgVyzpzu5UisFemZC1TldMOZBJFnBq5zXzdGyy3ZABg1nUYRZAStCeCeSffZCSQUacCpgMorcec71s7O36CwAZDZD&message=The+Facebook+page+of+CNN+originally+shared+this+article.+According+to+data+gathered+by+the+Pew+Research+Center%2C+CNN+is+more+trusted+than+distrusted+by+survey+respondents+who+have+heard+of+the+source.+(Over+40%25+of+respondents)+%0D%0AAdditionally%2C+the+research+indicates+that+left-leaning+readers+were+more+likely+to+find+this+source+credible+than+other+readers.+%0D%0A%0D%0AOut+of+the+95%25+of+respondents+who+have+heard+of+CNN%2C%0D%0A57%25%09trusted+the+news+source%2C%0D%0A22%25%09distrusted+the+news+source%2C+and%0D%0A22%25%09neither+trusted+nor+distrusted+the+news+source.%0D%0A%0D%0ATo+learn+more+about+Pew+Research+Center\'s+study+on+Political+Polarization+%26+Media+Habits%2C+follow+this+link+to+visit+their+report.+https%3A%2F%2Fgoo.gl%2FxwVtjv&link=http%3A%2F%2Fcnn.it%2F2fGdos0&published=true',
                                                               '_uri' => bless( do{\(my $o = 'https://graph.facebook.com/v2.2/1622501708043673/feed')}, 'URI::https' ),
                                                               '_headers' => bless( {
                                                                                      'user-agent' => 'libwww-perl/6.15',
                                                                                      'content-type' => 'application/x-www-form-urlencoded',
                                                                                      'content-length' => 1007,
                                                                                      '::std_case' => {
                                                                                                        'if-ssl-cert-subject' => 'If-SSL-Cert-Subject'
                                                                                                      }
                                                                                    }, 'HTTP::Headers' ),
                                                               '_method' => 'POST',
                                                               '_uri_canonical' => $VAR1->{'response'}{'_request'}{'_uri'}
                                                             }, 'HTTP::Request' )
                                      }, 'HTTP::Response' )
               }, 'Facebook::Graph::Response' );

Slate.com
-----------------------------

the AP
-----------------------------

Sean Hannity
-----------------------------

The Ed Schultz Show
-----------------------------

The Atlantic
-----------------------------
$VAR1 = {
          'link' => 'http://theatln.tc/2fNQBIF',
          'caption' => 'theatlantic.com',
          'created_time' => '2016-11-27T23:17:16+0000',
          'name' => 'How to Outsmart the Impulse Buy',
          'id' => '29259828486_10154841169563487',
          'message' => 'The arms race is never over: Consumers may be on the way to outsmarting old-school strategies, but rest assured that new ones are on the way. (from 2014)'
        };

Domain: theatlantic.com

Bloomberg
-----------------------------

BuzzFeed
-----------------------------

Fox News
-----------------------------

VICE
-----------------------------

Glenn Beck
-----------------------------

The Other 98%
-----------------------------





