***********************************************************************************
Started at 02:30:01 on 11/18/2016
***********************************************************************************
Querying souces from the past 15 minutes....

Al Jazeera
-----------------------------

Upworthy
-----------------------------

The Huffington Post
-----------------------------

HuffPost Women
-----------------------------

PBS News Hour
-----------------------------

ATTN:
-----------------------------

Reuters
-----------------------------

NowThis
-----------------------------
$VAR1 = {
          'link' => 'https://www.facebook.com/NowThisNews/videos/1005724092895599/',
          'created_time' => '2016-12-18T07:30:00+0000',
          'name' => 'This Vet Will Care For ANY Animal',
          'id' => '341163402640457_1005724092895599',
          'message' => "This vet takes care of ALL animals  \x{2014} no matter what they look like (via The Dodo)"
        };

Daily Caller
-----------------------------

CNBC
-----------------------------

The Onion
-----------------------------

Opposing Views
-----------------------------

the Today Show
-----------------------------

Kotaku
-----------------------------

Washington Post
-----------------------------

the American Center for Law and Justice
-----------------------------

VICE News
-----------------------------

PBS
-----------------------------
$VAR1 = {
          'link' => 'http://to.pbs.org/2hdhE0v',
          'caption' => 'pbs.org',
          'created_time' => '2016-12-18T07:26:00+0000',
          'name' => 'In Cuba, American tourists increase demand for hotels',
          'id' => '19013582168_10154266605887169',
          'message' => 'Cuba\'s hospitality industry has seen a surge of U.S. tourists and is scrambling to accommodate them (Via PBS NewsHour)'
        };

Domain: pbs.org
Response:
{"id":"1622501708043673_1633975716896272"}

Mother Jones
-----------------------------

HuffPost Good News
-----------------------------

BBC News
-----------------------------

Breaking News
-----------------------------

The Verge
-----------------------------

New York Magazine
-----------------------------
$VAR1 = {
          'link' => 'http://nym.ag/2hXTjfe',
          'caption' => 'grubstreet.com',
          'created_time' => '2016-12-18T07:22:16+0000',
          'name' => 'This Is the Absolute Best Slice of Pizza in New York',
          'id' => '14516439825_10154866045764826',
          'message' => "Pizza: It\x{2019}s what New Yorkers are made of."
        };

Domain: grubstreet.com

TIME
-----------------------------

the Business Insider
-----------------------------
$VAR1 = {
          'link' => 'http://read.bi/2hXmHSK',
          'caption' => 'businessinsider.com',
          'created_time' => '2016-12-18T07:20:02+0000',
          'name' => 'Parents of successful kids have these 12 things in common',
          'id' => '20446254070_10154198971229071',
          'message' => 'They develop a relationship with their kids.'
        };

Domain: businessinsider.com

ThinkProgress
-----------------------------

POLITICO
-----------------------------

USA TODAY
-----------------------------
$VAR1 = {
          'link' => 'http://www.usatoday.com/story/news/nation-now/2016/12/18/tree-falls-on-wedding-attendees-whittier-california/95580204/',
          'caption' => 'usatoday.com',
          'created_time' => '2016-12-18T07:27:17+0000',
          'name' => '1 dead, 5 hurt after tree falls on wedding party in southern California',
          'id' => '13652355666_10154177799990667',
          'message' => '"They were here for a joyous occasion and then, unfortunately, a very large tree interrupted that."'
        };

Domain: usatoday.com
Response:
{"id":"1622501708043673_1633975780229599"}

American News
-----------------------------

ABC News
-----------------------------

HuffPost Politics
-----------------------------

NBC News
-----------------------------

AJ+
-----------------------------

Wikileaks
-----------------------------

CNNMoney
-----------------------------

ABC News Politics
-----------------------------

Right Wing News
-----------------------------
$VAR1 = {
          'link' => 'https://www.facebook.com/OfficialRightWingNews/photos/a.401034789956656.90394.389658314427637/1642763789117077/?type=3',
          'created_time' => '2016-12-18T07:27:26+0000',
          'name' => 'Timeline Photos',
          'id' => '389658314427637_1642763789117077'
        };

The Wall Street Journal
-----------------------------

MSNBC
-----------------------------

the Drudge Report
-----------------------------

Mic
-----------------------------

The Economist
-----------------------------
$VAR1 = {
          'link' => 'http://econ.st/2hFQPTu',
          'caption' => 'theworldin.com',
          'created_time' => '2016-12-18T07:29:42+0000',
          'name' => 'South America\'s shift back to the centre-right and away from the left will be bolstered in 2017',
          'id' => '6013004059_10154898339309060',
          'message' => 'In 2017, attention will focus on how effectively South America\'s politicians deal with the aspirations of a swelling middle class whose expectations of continued progress are being frustrated by the economic stagnation left by the end of the great commodity super-cycle'
        };

Domain: theworldin.com

Bloomberg Politics
-----------------------------

CBS News
-----------------------------

The Young Turks
-----------------------------

Occupy Democrats
-----------------------------

CBC News
-----------------------------

Newsweek
-----------------------------

CNN International
-----------------------------

The New Yorker
-----------------------------

Rush Limbaugh
-----------------------------

The Independent
-----------------------------
$VAR1 = {
          'link' => 'https://www.indy100.com/article/countries-tourism-slogan-world-map-7481341',
          'caption' => 'indy100.com',
          'created_time' => '2016-12-18T07:21:01+0000',
          'name' => 'The map of every country in the world\'s tourism slogan',
          'id' => '13312631635_10154298610731636',
          'message' => 'Optimistic'
        };

Domain: indy100.com

TheBlaze
-----------------------------

NPR Politics
-----------------------------

The New York Times
-----------------------------

NPR
-----------------------------

MSN
-----------------------------

CNN Politics
-----------------------------

The Daily Show
-----------------------------

Daily Kos
-----------------------------

Yahoo News
-----------------------------
$VAR1 = {
          'link' => 'https://www.facebook.com/yahoonews/videos/10153890344011371/',
          'created_time' => '2016-12-18T07:20:00+0000',
          'name' => 'Police officer reunites with python after eight years, it does...',
          'id' => '338028696036_10153890344011371',
          'message' => 'Police officer reunites with python after eight years, it doesn\'t go well...

(Credit: Queensland Police Service via Storyful)'
        };

The Guardian
-----------------------------

CNN
-----------------------------

Slate.com
-----------------------------

the AP
-----------------------------

Sean Hannity
-----------------------------

The Ed Schultz Show
-----------------------------

The Atlantic
-----------------------------

Bloomberg
-----------------------------

BuzzFeed
-----------------------------

Fox News
-----------------------------

VICE
-----------------------------

Glenn Beck
-----------------------------

The Other 98%
-----------------------------


Total Posts Made:	2


