***********************************************************************************
Started at 03:45:01 on 11/18/2016
***********************************************************************************
Querying souces from the past 15 minutes....

Al Jazeera
-----------------------------

Upworthy
-----------------------------

The Huffington Post
-----------------------------

HuffPost Women
-----------------------------

PBS News Hour
-----------------------------

ATTN:
-----------------------------
$VAR1 = {
          'link' => 'http://www.attn.com/stories/6729/nsfw-photo-series-promotes-self-love?utm_source=facebook&utm_medium=rerun5&utm_campaign=reruns',
          'caption' => 'attn.com',
          'created_time' => '2016-12-18T08:37:00+0000',
          'name' => 'These Completely Nude Photos of Everyday People Remind You to Love Your Body the Way It Is',
          'id' => '160389977329803_1226943457341111',
          'message' => 'Amazing.'
        };

Domain: attn.com

Reuters
-----------------------------

NowThis
-----------------------------

Daily Caller
-----------------------------

CNBC
-----------------------------

The Onion
-----------------------------

Opposing Views
-----------------------------

the Today Show
-----------------------------

Kotaku
-----------------------------

Washington Post
-----------------------------

the American Center for Law and Justice
-----------------------------

VICE News
-----------------------------

PBS
-----------------------------

Mother Jones
-----------------------------

HuffPost Good News
-----------------------------

BBC News
-----------------------------

Breaking News
-----------------------------

The Verge
-----------------------------

New York Magazine
-----------------------------

TIME
-----------------------------
$VAR1 = {
          'link' => 'http://ti.me/2hwLspS',
          'caption' => 'time.com',
          'created_time' => '2016-12-18T08:30:07+0000',
          'name' => 'Watch 100 Years of Russian Beauty Trends in Less Than 2 Minutes',
          'id' => '10606591490_10154270862046491',
          'message' => 'From balaclavas to Pussy riot face masks.'
        };

Domain: time.com

the Business Insider
-----------------------------
$VAR1 = {
          'link' => 'http://read.bi/2gTVF14',
          'caption' => 'businessinsider.com',
          'created_time' => '2016-12-18T08:40:05+0000',
          'name' => 'Diamonds Are A Sham And It\'s Time We Stop Getting Engaged With Them',
          'id' => '20446254070_10154199104989071',
          'message' => 'Diamonds may not be a girls best friend.'
        };

Domain: businessinsider.com

ThinkProgress
-----------------------------

POLITICO
-----------------------------

USA TODAY
-----------------------------

American News
-----------------------------

ABC News
-----------------------------

HuffPost Politics
-----------------------------

NBC News
-----------------------------

AJ+
-----------------------------

Wikileaks
-----------------------------

CNNMoney
-----------------------------
$VAR1 = {
          'link' => 'http://cnn.it/2hoaGca',
          'caption' => 'www.cnn.com',
          'created_time' => '2016-12-18T08:32:00+0000',
          'name' => 'Tower at Dubai Creek Harbour joins race to be world\'s tallest building',
          'id' => '6651543066_10154199475893067',
          'message' => 'The race to the top has just gotten tighter, with two rising mega-towers in the Middle East battling to become the world\'s tallest: http://cnn.it/2hoaGca via CNN Travel'
        };

Domain: cnn.com
Response:
{"id":"1622501708043673_1633991890227988"}

ABC News Politics
-----------------------------

Right Wing News
-----------------------------

The Wall Street Journal
-----------------------------

MSNBC
-----------------------------

the Drudge Report
-----------------------------

Mic
-----------------------------

The Economist
-----------------------------
$VAR1 = {
          'link' => 'http://econ.st/2hXm8sm',
          'caption' => 'economist.com',
          'created_time' => '2016-12-18T08:45:12+0000',
          'name' => 'Some small colleges are finding clever ways to stay open',
          'id' => '6013004059_10154898445999060',
          'message' => 'About 40% of college students are at places with fewer than 1,000 people. But enrolment at these institutions has fallen by more than 5% since 2010, while the student population has increased overall'
        };

Domain: economist.com
Response:
{"id":"1622501708043673_1633991950227982"}

Bloomberg Politics
-----------------------------

CBS News
-----------------------------

The Young Turks
-----------------------------

Occupy Democrats
-----------------------------

CBC News
-----------------------------

Newsweek
-----------------------------

CNN International
-----------------------------

The New Yorker
-----------------------------

Rush Limbaugh
-----------------------------

The Independent
-----------------------------
$VAR1 = {
          'link' => 'http://www.independent.co.uk/news/world/europe/russia-finland-putin-propaganda-destabilising-effect-a7371126.html?cmpid=facebook-post',
          'caption' => 'independent.co.uk',
          'created_time' => '2016-12-18T08:38:00+0000',
          'name' => 'Is Finland Russia\'s next target?',
          'id' => '13312631635_10154298620856636',
          'message' => 'The state propaganda has begun'
        };

Domain: independent.co.uk

TheBlaze
-----------------------------

NPR Politics
-----------------------------

The New York Times
-----------------------------

NPR
-----------------------------

MSN
-----------------------------

CNN Politics
-----------------------------

The Daily Show
-----------------------------

Daily Kos
-----------------------------

Yahoo News
-----------------------------

The Guardian
-----------------------------

CNN
-----------------------------

Slate.com
-----------------------------

the AP
-----------------------------

Sean Hannity
-----------------------------

The Ed Schultz Show
-----------------------------

The Atlantic
-----------------------------

Bloomberg
-----------------------------

BuzzFeed
-----------------------------

Fox News
-----------------------------

VICE
-----------------------------

Glenn Beck
-----------------------------

The Other 98%
-----------------------------


Total Posts Made:	2


