***********************************************************************************
Started at 01:15:01 on 00/24/2017
***********************************************************************************
Querying souces from the past 15 minutes....

Al Jazeera
-----------------------------

Upworthy
-----------------------------

The Huffington Post
-----------------------------
$VAR1 = {
          'link' => 'http://huff.to/2klm8Ua',
          'caption' => 'huffingtonpost.com',
          'created_time' => '2017-01-24T06:00:29+0000',
          'name' => '\'A Dog\'s Purpose\' Trainers Release Statement On Controversial Video',
          'id' => '18468761129_10154639419506130',
          'message' => 'They claim the leaked clip was "falsely edited."'
        };

Domain: huffingtonpost.com
Response:
{"id":"1622501708043673_1647498905543953"}

HuffPost Women
-----------------------------
$VAR1 = {
          'link' => 'http://huff.to/2jUp4uo',
          'caption' => 'huffingtonpost.com',
          'created_time' => '2017-01-24T06:00:55+0000',
          'name' => 'Media Still Has A Problem With Queer Women',
          'id' => '153213781413350_1282185355182848',
          'message' => 'Queer representation still has a long way to go.'
        };

Domain: huffingtonpost.com
Response:
{"id":"1622501708043673_1647498955543948"}

PBS News Hour
-----------------------------

ATTN:
-----------------------------
$VAR1 = {
          'link' => 'http://www.attn.com/stories/14466/these-sites-are-offering-democrats-path-forward?utm_source=facebook&utm_medium=post&utm_campaign=internal',
          'caption' => 'attn.com',
          'created_time' => '2017-01-24T06:06:00+0000',
          'name' => 'This Tool Wants to Help You Become the Next Democrat in Office',
          'id' => '160389977329803_1264415896927200',
          'message' => 'Would you consider running in 2018?'
        };

Domain: attn.com

Reuters
-----------------------------
$VAR1 = {
          'link' => 'http://reut.rs/2jT2lyp',
          'caption' => 'www.reuters.com',
          'created_time' => '2017-01-24T06:05:10+0000',
          'name' => 'Oil prices rebound on weaker dollar, production cuts',
          'id' => '114050161948682_1370527846300901',
          'message' => 'Oil climbed on Tuesday as a weaker U.S. dollar and production cuts announced by OPEC and other producers buoyed the market, but an increase in drilling activity in the United States is likely to keep a lid on prices.'
        };

Domain: reuters.com

NowThis
-----------------------------

Daily Caller
-----------------------------

CNBC
-----------------------------
$VAR1 = {
          'link' => 'http://cnb.cx/2jpLPme',
          'caption' => 'cnbc.com',
          'created_time' => '2017-01-24T06:01:55+0000',
          'name' => 'Trump says suit claiming constitutional violations is \'without merit\'',
          'id' => '97212224368_10155136141534369',
          'message' => "\"As you know, I have a no-conflict situation because I'm president, which is \x{2014} I didn't know about that until about three months ago, but it's a nice thing to have.\" - Donald J. Trump"
        };

Domain: cnbc.com

The Onion
-----------------------------

Opposing Views
-----------------------------
$VAR1 = {
          'link' => 'https://www.opposingviews.com/i/society/spicer-press-routinely-criticizing-undermining-trump?fb=ov',
          'caption' => 'opposingviews.com',
          'created_time' => '2017-01-24T06:15:01+0000',
          'name' => 'Spicer: No Question The Media Is Against Trump',
          'id' => '34226391050_10154455149196051',
          'message' => 'Trump\'s press secretary says it\'s clear the media wants to see Trump fail. Is he right?'
        };

Domain: opposingviews.com

the Today Show
-----------------------------

Kotaku
-----------------------------

Washington Post
-----------------------------

the American Center for Law and Justice
-----------------------------

VICE News
-----------------------------

PBS
-----------------------------

Mother Jones
-----------------------------

HuffPost Good News
-----------------------------

BBC News
-----------------------------
$VAR1 = {
          'link' => 'http://bbc.in/2jrnc93',
          'caption' => 'bbc.co.uk',
          'created_time' => '2017-01-24T06:12:04+0000',
          'name' => 'George HW Bush to leave intensive care',
          'id' => '228735667216_10154335397617217',
          'message' => 'The former US president could even return home soon.'
        };

Domain: bbc.co.uk
Response:
{"id":"1622501708043673_1647499022210608"}

Breaking News
-----------------------------

The Verge
-----------------------------

New York Magazine
-----------------------------
$VAR1 = {
          'link' => 'http://nym.ag/2jIQwLk',
          'caption' => 'nymag.com',
          'created_time' => '2017-01-24T06:09:02+0000',
          'name' => 'Why New Moms Make Bad Friends',
          'id' => '14516439825_10154991503819826',
          'message' => "\"We self-proclaimed bad moms, we really didn\x{2019}t want to be that friend.\""
        };

Domain: nymag.com

TIME
-----------------------------
$VAR1 = {
          'link' => 'http://ti.me/2kmbso2',
          'caption' => 'time.com',
          'created_time' => '2017-01-24T06:00:45+0000',
          'name' => 'Donald Trump Breaks Almost All His \'Day One\' Promises',
          'id' => '10606591490_10154378513011491',
          'message' => "Here\x{2019}s what President Donald J. Trump promised to do on his first day in office, compared with what he\x{2019}s actually accomplished so far."
        };

Domain: time.com

the Business Insider
-----------------------------
$VAR1 = {
          'link' => 'http://read.bi/2k9CdNB',
          'caption' => 'businessinsider.com',
          'created_time' => '2017-01-24T06:15:22+0000',
          'name' => 'Trump signs 3 executive orders, including a withdrawal from the TPP',
          'id' => '20446254070_10154319282684071',
          'message' => 'President Trump has previously called the TPP a "potential disaster."'
        };

Domain: businessinsider.com

ThinkProgress
-----------------------------

POLITICO
-----------------------------

USA TODAY
-----------------------------

American News
-----------------------------

ABC News
-----------------------------

HuffPost Politics
-----------------------------
$VAR1 = {
          'link' => 'http://huff.to/2jKEmzc',
          'caption' => 'huffingtonpost.com',
          'created_time' => '2017-01-24T06:00:28+0000',
          'name' => "Newt Gingrich Says Madonna Should Be Arrested For Women\x{2019}s March Speech",
          'id' => '56845382910_10154737481272911',
          'message' => "Madonna said she thought about \x{201c}blowing up the White House.\x{201d}"
        };

Domain: huffingtonpost.com
Response:
{"id":"1622501708043673_1647499132210597"}

NBC News
-----------------------------
$VAR1 = {
          'link' => 'http://nbcnews.to/2klyL1t',
          'caption' => 'nbcnews.com',
          'created_time' => '2017-01-24T06:00:43+0000',
          'name' => 'Georgia judge dismisses suit alleging Snapchat caused high-speed crash',
          'id' => '155869377766434_1678151182204905',
          'message' => 'In a ruling Friday, Spaulding County judge Josh Thacker said the social media platform was granted broad immunity under the Communications Decency Act of 1996.'
        };

Domain: nbcnews.com
Response:
{"id":"1622501708043673_1647499205543923"}

AJ+
-----------------------------

Wikileaks
-----------------------------

CNNMoney
-----------------------------
$VAR1 = {
          'link' => 'http://cnnmon.ie/2jkrzVw',
          'caption' => 'money.cnn.com',
          'created_time' => '2017-01-24T06:02:01+0000',
          'name' => 'Olive Garden unveils its latest all-you-can-eat deal',
          'id' => '6651543066_10154310422233067',
          'message' => 'Manga! Olive Garden says eat all the past you want for $11.99. http://cnnmon.ie/2jkrzVw'
        };

Domain: cnn.com
Response:
{"id":"1622501708043673_1647499268877250"}

ABC News Politics
-----------------------------

Right Wing News
-----------------------------

The Wall Street Journal
-----------------------------
$VAR1 = {
          'link' => 'http://on.wsj.com/2iYB8uK',
          'caption' => 'wsj.com',
          'created_time' => '2017-01-24T06:00:45+0000',
          'name' => 'The Hidden Effects of Jet Lag on Baseball Players',
          'id' => '8304333127_10155344653428128',
          'message' => 'Northwestern University researchers found that jet-lagged pitchers give up more homers and that the effects of long flights can wipe out home-field advantage.'
        };

Domain: wsj.com
Response:
{"id":"1622501708043673_1647499305543913"}

MSNBC
-----------------------------

the Drudge Report
-----------------------------

Mic
-----------------------------

The Economist
-----------------------------
$VAR1 = {
          'link' => 'http://econ.st/2jpJ98r',
          'caption' => '1843magazine.com',
          'created_time' => '2017-01-24T06:14:19+0000',
          'name' => 'South African attitudes to drink-driving are changing',
          'id' => '6013004059_10155025900499060',
          'message' => "South Africa has one of the highest rates of alcohol-related road deaths in the world. The arrival of Uber could be a game-changer, reports The Economist\x{2019}s 1843 magazine"
        };

Domain: 1843magazine.com

Bloomberg Politics
-----------------------------

CBS News
-----------------------------

The Young Turks
-----------------------------

Occupy Democrats
-----------------------------
$VAR1 = {
          'link' => 'https://www.facebook.com/OccupyDemocrats/photos/a.347907068635687.81180.346937065399354/1401358189957231/?type=3',
          'created_time' => '2017-01-24T06:15:00+0000',
          'name' => 'Timeline Photos',
          'id' => '346937065399354_1401358189957231',
          'message' => 'Some words of wisdom from Richard Dawkins..'
        };
$VAR1 = {
          'link' => 'http://www.liberalamerica.org/2017/01/23/wikileaks-says-will-locate-release-trumps-tax-returns/',
          'caption' => 'www.liberalamerica.org',
          'created_time' => '2017-01-24T06:01:35+0000',
          'name' => 'WikiLeaks Says It Will Locate And Release Trump\'s Tax Returns',
          'id' => '346937065399354_1401428616616855',
          'message' => 'The plot thickens...'
        };

Domain: liberalamerica.org

CBC News
-----------------------------

Newsweek
-----------------------------

CNN International
-----------------------------

The New Yorker
-----------------------------

Rush Limbaugh
-----------------------------

The Independent
-----------------------------
$VAR1 = {
          'link' => 'http://www.independent.co.uk/travel/null-stern-outdoor-hotel-swiss-alps-no-walls-a7541801.html?cmpid=facebook-post',
          'caption' => 'independent.co.uk',
          'created_time' => '2017-01-24T06:01:01+0000',
          'name' => 'This incredible hotel room in the Swiss Alps has no walls',
          'id' => '13312631635_10154419871296636',
          'message' => 'Would you stay here?'
        };

Domain: independent.co.uk

TheBlaze
-----------------------------

NPR Politics
-----------------------------

The New York Times
-----------------------------

NPR
-----------------------------

MSN
-----------------------------

CNN Politics
-----------------------------

The Daily Show
-----------------------------

Daily Kos
-----------------------------

Yahoo News
-----------------------------
$VAR1 = {
          'link' => 'https://yhoo.it/2kkNKsH',
          'caption' => 'yahoo.com',
          'created_time' => '2017-01-24T06:00:26+0000',
          'name' => 'The nominations for the worst movies of the year are here',
          'id' => '338028696036_10155152365211037',
          'message' => 'How many have you seen?'
        };

Domain: yahoo.com
Response:
{"id":"1622501708043673_1647499382210572"}

The Guardian
-----------------------------

CNN
-----------------------------

Slate.com
-----------------------------

the AP
-----------------------------

Sean Hannity
-----------------------------

The Ed Schultz Show
-----------------------------

The Atlantic
-----------------------------

Bloomberg
-----------------------------

BuzzFeed
-----------------------------

Fox News
-----------------------------

VICE
-----------------------------
$VAR1 = {
          'link' => 'https://www.vice.com/en_au/article/the-world-is-unprepared-for-the-next-big-virus-outbreak-study-finds?utm_source=vicefbanz&utm_campaign=global',
          'caption' => 'www.vice.com',
          'created_time' => '2017-01-24T06:01:02+0000',
          'name' => 'The World Is Unprepared for the Next Big Virus Outbreak, Study Finds',
          'id' => '167115176655082_1539196316113621',
          'message' => 'This is a problem.'
        };

Domain: vice.com

Glenn Beck
-----------------------------

The Other 98%
-----------------------------


Total Posts Made:	8


