***********************************************************************************
Started at 05:45:01 on 00/04/2017
***********************************************************************************
Querying souces from the past 15 minutes....

Al Jazeera
-----------------------------

Upworthy
-----------------------------

The Huffington Post
-----------------------------

HuffPost Women
-----------------------------

PBS News Hour
-----------------------------

ATTN:
-----------------------------

Reuters
-----------------------------

NowThis
-----------------------------

Daily Caller
-----------------------------

CNBC
-----------------------------
$VAR1 = {
          'link' => 'http://cnb.cx/2hNRTDt',
          'caption' => 'cnbc.com',
          'created_time' => '2017-01-04T10:35:35+0000',
          'name' => 'Trump takes jab at \'intelligence\' officials for allegedly delaying \'Russian hacking\' briefing',
          'id' => '97212224368_10155069090959369',
          'message' => 'Donald J. Trump thinks the delay is "very strange!"'
        };

Domain: cnbc.com

The Onion
-----------------------------

Opposing Views
-----------------------------

the Today Show
-----------------------------

Kotaku
-----------------------------

Washington Post
-----------------------------

the American Center for Law and Justice
-----------------------------

VICE News
-----------------------------

PBS
-----------------------------

Mother Jones
-----------------------------

HuffPost Good News
-----------------------------

BBC News
-----------------------------
$VAR1 = {
          'link' => 'https://www.facebook.com/bbcnews/videos/637043279834224/',
          'created_time' => '2017-01-04T10:35:35+0000',
          'name' => 'Faraday Future at CES',
          'id' => '228735667216_637043279834224',
          'message' => 'Electric car start-up Faraday Future can claim the first big launch of the CES tech show  - and the first on-stage glitch...
bbc.in/2hQUT5s #CES2017'
        };

Breaking News
-----------------------------

The Verge
-----------------------------

New York Magazine
-----------------------------
$VAR1 = {
          'link' => 'http://nym.ag/2iwSBZW',
          'caption' => 'nymag.com',
          'created_time' => '2017-01-04T10:36:06+0000',
          'name' => 'Why You Should Go to the Movies (and Do Other Stuff) Alone',
          'id' => '14516439825_10154923811444826',
          'message' => "As soon as that fear kicks in\x{2014}imagining yourself friendless in a place people go with friends\x{2014}many give up on the idea of going out alone. But studies show if you just work past that initial fear, you'd actually have a good time."
        };

Domain: nymag.com

TIME
-----------------------------
$VAR1 = {
          'link' => 'http://ti.me/2iCeeGo',
          'caption' => 'time.com',
          'created_time' => '2017-01-04T10:30:22+0000',
          'name' => "China Warns Donald Trump Not to \x{2018}Escalate\x{2019} North Korea Situation With Tweets",
          'id' => '10606591490_10154320018481491',
          'message' => "Donald J. Trump: \x{201c}China has been taking out massive amounts of money & wealth from the U.S. in totally one-sided trade, but won\x{2019}t help with North Korea. Nice!\x{201d}"
        };

Domain: time.com

the Business Insider
-----------------------------
$VAR1 = {
          'link' => 'http://read.bi/2hPaenc',
          'caption' => 'businessinsider.com',
          'created_time' => '2017-01-04T10:40:35+0000',
          'name' => 'These are the gadgets I used the most during the holidays',
          'id' => '20446254070_10154255342969071',
          'message' => 'Some turned out to be better than the others.'
        };

Domain: businessinsider.com

ThinkProgress
-----------------------------

POLITICO
-----------------------------

USA TODAY
-----------------------------

American News
-----------------------------

ABC News
-----------------------------
$VAR1 = {
          'link' => 'http://abcn.ws/2hMDDej',
          'caption' => 'abcnews.go.com',
          'created_time' => '2017-01-04T10:30:21+0000',
          'name' => 'Here Come \'Smart Stores\' With Robots, Interactive Shelves',
          'id' => '86680728811_10155219721293812',
          'message' => "Tomorrow's retail stores want to take a page from their online rivals by embracing advanced technology \x{2014} everything from helpful robots to interactive mirrors to shelves embedded with sensors. The goal: Use these real-world store features to lure shoppers back from the internet, and maybe even nudge them to spend more in the process."
        };

Domain: go.com
Response:
{"error":{"message":"It looks like you were misusing this feature by going too fast. You\u2019ve been blocked from using it.\n\nLearn more about blocks in the Help Center.","type":"OAuthException","code":368,"error_subcode":1390008,"error_user_msg":"","fbtrace_id":"Fth\/SFnUNa\/"}}

Facebook ran into an error and the post was not published. Zach Muckerberg please fix. Try again in a few hours.

