***********************************************************************************
Started at 05:30:01 on 11/31/2016
***********************************************************************************
Querying souces from the past 15 minutes....

Al Jazeera
-----------------------------

Upworthy
-----------------------------

The Huffington Post
-----------------------------

HuffPost Women
-----------------------------

PBS News Hour
-----------------------------

ATTN:
-----------------------------

Reuters
-----------------------------

NowThis
-----------------------------

Daily Caller
-----------------------------

CNBC
-----------------------------

The Onion
-----------------------------

Opposing Views
-----------------------------

the Today Show
-----------------------------

Kotaku
-----------------------------

Washington Post
-----------------------------

the American Center for Law and Justice
-----------------------------

VICE News
-----------------------------

PBS
-----------------------------

Mother Jones
-----------------------------

HuffPost Good News
-----------------------------

BBC News
-----------------------------

Breaking News
-----------------------------

The Verge
-----------------------------

New York Magazine
-----------------------------

TIME
-----------------------------

the Business Insider
-----------------------------
$VAR1 = {
          'link' => 'http://read.bi/2ixFeGj',
          'caption' => 'businessinsider.com',
          'created_time' => '2016-12-31T10:20:00+0000',
          'name' => "Milo Yiannopoulos' just-announced book hits No. 2 on Amazon \x{2014} here's our Q&A with him",
          'id' => '20446254070_10154243008234071',
          'message' => 'The book deal is reportedly worth $250,000.'
        };

Domain: businessinsider.com

ThinkProgress
-----------------------------

POLITICO
-----------------------------

USA TODAY
-----------------------------

American News
-----------------------------

ABC News
-----------------------------

HuffPost Politics
-----------------------------

NBC News
-----------------------------

AJ+
-----------------------------

Wikileaks
-----------------------------

CNNMoney
-----------------------------
$VAR1 = {
          'link' => 'http://cnnmon.ie/2hwDsbI',
          'caption' => 'money.cnn.com',
          'created_time' => '2016-12-31T10:30:01+0000',
          'name' => 'Twitter reveals the top tweeted events of 2016',
          'id' => '6651543066_10154240617443067',
          'message' => 'Can you guess the top hashtag of 2016? http://cnnmon.ie/2hwDsbI via CNNTech'
        };

Domain: cnn.com
Response:
{"error":{"message":"It looks like you were misusing this feature by going too fast. You\u2019ve been blocked from using it.\n\nLearn more about blocks in the Help Center.","type":"OAuthException","code":368,"error_subcode":1390008,"error_user_msg":"","fbtrace_id":"AV9V5JPS6hi"}}

Facebook ran into an error and the post was not published. Zach Muckerberg please fix. Try again in a few hours.

