***********************************************************************************
Started at 18:45:01 on 11/12/2016
***********************************************************************************
Querying souces from the past 15 minutes....

Al Jazeera
-----------------------------

Upworthy
-----------------------------

The Huffington Post
-----------------------------
$VAR1 = {
          'link' => 'http://huff.to/2hGrt74',
          'caption' => 'huffingtonpost.com',
          'created_time' => '2016-12-12T23:33:27+0000',
          'name' => 'Harry Reid: The Trump Campaign \'Was In On\' Russia\'s Election Hacking',
          'id' => '18468761129_10154504135676130',
          'message' => 'The outgoing Senate minority leader says the Electoral College has a "tremendous responsibility" on its hands.'
        };

Domain: huffingtonpost.com
Response:
{"error":{"message":"It looks like you were misusing this feature by going too fast. You\u2019ve been blocked from using it.\n\nLearn more about blocks in the Help Center.","type":"OAuthException","code":368,"error_subcode":1390008,"fbtrace_id":"Gtb7GzmYNBi"}}
