***********************************************************************************
Started at 06:45:01 on 00/31/2017
***********************************************************************************
Querying souces from the past 15 minutes....

Al Jazeera
-----------------------------

Upworthy
-----------------------------

The Huffington Post
-----------------------------

HuffPost Women
-----------------------------

PBS News Hour
-----------------------------

ATTN:
-----------------------------

Reuters
-----------------------------

NowThis
-----------------------------

Daily Caller
-----------------------------
$VAR1 = {
          'link' => 'http://trib.al/lLlQkYK',
          'caption' => 'dailycaller.com',
          'created_time' => '2017-01-31T11:30:40+0000',
          'name' => 'Tom Brady Pumps Up The Patriot Faithful',
          'id' => '182919686769_10154188059521770',
          'message' => 'New England Patriots fans everywhere have to watch this video.'
        };

Domain: dailycaller.com

CNBC
-----------------------------
$VAR1 = {
          'link' => 'http://cnb.cx/2kMUAHj',
          'caption' => 'cnbc.com',
          'created_time' => '2017-01-31T11:34:16+0000',
          'name' => 'Trump adding CIA back to National Security Council',
          'id' => '97212224368_10155163064454369',
          'message' => 'White House spokesman Sean Spicer said the CIA had not been part of the national security forum since 2005.'
        };

Domain: cnbc.com

The Onion
-----------------------------

Opposing Views
-----------------------------

the Today Show
-----------------------------

Kotaku
-----------------------------

Washington Post
-----------------------------

the American Center for Law and Justice
-----------------------------

VICE News
-----------------------------

PBS
-----------------------------

Mother Jones
-----------------------------

HuffPost Good News
-----------------------------

BBC News
-----------------------------
$VAR1 = {
          'link' => 'https://www.facebook.com/bbcnews/videos/10154358258152217/',
          'created_time' => '2017-01-31T11:31:47+0000',
          'id' => '228735667216_10154358258152217',
          'message' => 'A petition to cancel President Trump\'s state visit to the UK has received over 1.6 million signatures but what exactly is a state visit? bbc.in/2kmg3ur'
        };

Breaking News
-----------------------------

The Verge
-----------------------------

New York Magazine
-----------------------------
$VAR1 = {
          'link' => 'http://nym.ag/2jy4w9U',
          'caption' => 'nymag.com',
          'created_time' => '2017-01-31T11:41:12+0000',
          'name' => 'How Being a Little Bit Selfish Can Make You a More Generous Person',
          'id' => '14516439825_10155015956739826',
          'message' => 'The key lies in knowing that generosity and selflessness are not one and the same.'
        };

Domain: nymag.com

TIME
-----------------------------
$VAR1 = {
          'link' => 'http://ti.me/2kLPxv1',
          'caption' => 'forbes.com',
          'created_time' => '2017-01-31T11:30:15+0000',
          'name' => 'This Is the No. 1 Predictor of Career Success, According to Science',
          'id' => '10606591490_10154399960616491',
          'message' => 'Half of the predicted difference in career success is due to this one variable.'
        };

Domain: forbes.com

the Business Insider
-----------------------------
$VAR1 = {
          'link' => 'http://buff.ly/2kPaa5A',
          'created_time' => '2017-01-31T11:35:03+0000',
          'name' => 'Business Insider UK',
          'id' => '20446254070_10154341420689071',
          'message' => 'Moving abroad could save you money in the long run.'
        };

ThinkProgress
-----------------------------

POLITICO
-----------------------------
$VAR1 = {
          'link' => 'http://politi.co/2jPhxfH',
          'caption' => 'politi.co',
          'created_time' => '2017-01-31T11:40:02+0000',
          'name' => 'The Politicization of Everything',
          'id' => '62317591679_10154247976266680',
          'message' => '"Thanks to social media, and to the nature of our new president and his administration, politics is suddenly with us always, in every aspect of our lives, including wherever we may look for diversion," writes author Kevin Baker in POLITICO Magazine.'
        };

Domain: politi.co

Alias: politico.com
Response:
{"error":{"message":"It looks like you were misusing this feature by going too fast. You\u2019ve been blocked from using it.\n\nLearn more about blocks in the Help Center.","type":"OAuthException","code":368,"error_subcode":1390008,"error_user_msg":"","fbtrace_id":"EPCL5\/oGN8y"}}

Facebook ran into an error and the post was not published. Zach Muckerberg please fix. Try again in a few hours.

