***********************************************************************************
Started at 03:45:01 on 11/11/2016
***********************************************************************************
Querying souces from the past 15 minutes....

Al Jazeera
-----------------------------

Upworthy
-----------------------------

The Huffington Post
-----------------------------
$VAR1 = {
          'link' => 'http://huff.to/2gJpzCy',
          'caption' => 'huffingtonpost.com',
          'created_time' => '2016-12-11T08:37:33+0000',
          'name' => 'These 39 Pictures Of Christmas Wishes From Kids Around The World Will Melt Your Heart',
          'id' => '18468761129_10154497790171130',
          'message' => '*grabs tissues*'
        };

Domain: huffingtonpost.com
Response:
{"id":"1622501708043673_1631225143837996"}

HuffPost Women
-----------------------------

PBS News Hour
-----------------------------

ATTN:
-----------------------------
$VAR1 = {
          'link' => 'https://www.facebook.com/Channel4News/videos/10154313302581939/',
          'created_time' => '2016-12-11T08:37:00+0000',
          'name' => 'Channel 4 News',
          'id' => '160389977329803_1217117194990404',
          'message' => 'A Muslim police officer was the victim of a hate crime in New York City.'
        };

Reuters
-----------------------------

NowThis
-----------------------------

Daily Caller
-----------------------------

CNBC
-----------------------------

The Onion
-----------------------------

Opposing Views
-----------------------------

the Today Show
-----------------------------

Kotaku
-----------------------------

Washington Post
-----------------------------

the American Center for Law and Justice
-----------------------------

VICE News
-----------------------------

PBS
-----------------------------

Mother Jones
-----------------------------

HuffPost Good News
-----------------------------

BBC News
-----------------------------

Breaking News
-----------------------------

The Verge
-----------------------------

New York Magazine
-----------------------------

TIME
-----------------------------
$VAR1 = {
          'link' => 'http://ti.me/2hdq73E',
          'caption' => 'time.com',
          'created_time' => '2016-12-11T08:30:19+0000',
          'name' => 'How Your Cat Could Make You Mentally Ill',
          'id' => '10606591490_10154247401451491',
          'message' => 'Research links cat ownership to schizophrenia.'
        };

Domain: time.com

the Business Insider
-----------------------------
$VAR1 = {
          'link' => 'http://read.bi/2h6DtBM',
          'caption' => 'businessinsider.com',
          'created_time' => '2016-12-11T08:40:06+0000',
          'name' => 'This graphic shows the hardest college to get into in every state',
          'id' => '20446254070_10154174128789071',
          'message' => 'Yes, Harvard made the list.'
        };

Domain: businessinsider.com

ThinkProgress
-----------------------------

POLITICO
-----------------------------

USA TODAY
-----------------------------

American News
-----------------------------

ABC News
-----------------------------
$VAR1 = {
          'link' => 'http://abcn.ws/2hc7wrW',
          'caption' => 'abcnews.go.com',
          'created_time' => '2016-12-11T08:41:34+0000',
          'name' => 'Day of Mourning Declared in Turkey After Twin Blasts Kill 29',
          'id' => '86680728811_10155122335478812',
          'message' => "Turkey declared a national day of mourning Sunday after twin blasts in Istanbul killed 29 people and wounded 166 others near a soccer stadium \x{2014} the latest large-scale assault to traumatize a nation confronting an array of security threats."
        };

Domain: go.com
Response:
{"id":"1622501708043673_1631225253837985"}

HuffPost Politics
-----------------------------

NBC News
-----------------------------

AJ+
-----------------------------

Wikileaks
-----------------------------

CNNMoney
-----------------------------
$VAR1 = {
          'link' => 'http://cnnmon.ie/2gXvZRt',
          'caption' => 'money.cnn.com',
          'created_time' => '2016-12-11T08:31:02+0000',
          'name' => 'Trump to meet with tech execs next week',
          'id' => '6651543066_10154175125138067',
          'message' => 'Donald J. Trump is about to meet with one of his loudest critics: Silicon Valley. http://cnnmon.ie/2gXvZRt Via CNNTech'
        };

Domain: cnn.com
Response:
{"id":"1622501708043673_1631225350504642"}

ABC News Politics
-----------------------------

Right Wing News
-----------------------------

The Wall Street Journal
-----------------------------

MSNBC
-----------------------------

the Drudge Report
-----------------------------

Mic
-----------------------------

The Economist
-----------------------------
$VAR1 = {
          'link' => 'http://econ.st/2huWw5J',
          'caption' => 'economist.com',
          'created_time' => '2016-12-11T08:34:20+0000',
          'name' => 'Why do hotels still bother with receptionists?',
          'id' => '6013004059_10154867711629060',
          'message' => 'Hotels are still a long way behind airlines, theatres and the like when it comes to mobile check-in'
        };

Domain: economist.com
Response:
{"id":"1622501708043673_1631225403837970"}

Bloomberg Politics
-----------------------------

CBS News
-----------------------------

The Young Turks
-----------------------------

Occupy Democrats
-----------------------------

CBC News
-----------------------------

Newsweek
-----------------------------

CNN International
-----------------------------

The New Yorker
-----------------------------

Rush Limbaugh
-----------------------------

The Independent
-----------------------------
$VAR1 = {
          'link' => 'http://www.independent.co.uk/voices/boris-johnson-saudi-arabia-proxy-wars-arms-sales-ethical-foreign-policy-what-would-happen-a7465756.html?cmpid=facebook-post',
          'caption' => 'independent.co.uk',
          'created_time' => '2016-12-11T08:41:00+0000',
          'name' => 'This is what would happen if everything Boris Johnson said about Saudi Arabia was official Government policy',
          'id' => '13312631635_10154271248241636',
          'message' => '1. We would finally have an ethical foreign policy'
        };

Domain: independent.co.uk

TheBlaze
-----------------------------

NPR Politics
-----------------------------

The New York Times
-----------------------------

NPR
-----------------------------

MSN
-----------------------------

CNN Politics
-----------------------------

The Daily Show
-----------------------------

Daily Kos
-----------------------------

Yahoo News
-----------------------------

The Guardian
-----------------------------

CNN
-----------------------------

Slate.com
-----------------------------

the AP
-----------------------------

Sean Hannity
-----------------------------

The Ed Schultz Show
-----------------------------

The Atlantic
-----------------------------

Bloomberg
-----------------------------

BuzzFeed
-----------------------------

Fox News
-----------------------------

VICE
-----------------------------

Glenn Beck
-----------------------------

The Other 98%
-----------------------------


Total Posts Made:	4


