***********************************************************************************
Started at 00:30:02 on 00/01/2017
***********************************************************************************
Querying souces from the past 15 minutes....

Al Jazeera
-----------------------------

Upworthy
-----------------------------

The Huffington Post
-----------------------------

HuffPost Women
-----------------------------

PBS News Hour
-----------------------------

ATTN:
-----------------------------

Reuters
-----------------------------

NowThis
-----------------------------

Daily Caller
-----------------------------

CNBC
-----------------------------
$VAR1 = {
          'link' => 'http://cnb.cx/2iN9IYi',
          'caption' => 'cnbc.com',
          'created_time' => '2017-01-01T05:28:33+0000',
          'name' => 'Bill Gates lists 5 people who inspired him in 2016',
          'id' => '97212224368_10155059230479369',
          'message' => 'You have to be impressive to stand out to Bill Gates.'
        };

Domain: cnbc.com

The Onion
-----------------------------

Opposing Views
-----------------------------
$VAR1 = {
          'link' => 'https://www.opposingviews.com/i/society/800000-undocumented-immigrants-get-california-drivers-licenses',
          'caption' => 'opposingviews.com',
          'created_time' => '2017-01-01T05:22:03+0000',
          'name' => '800,000 Undocumented CA Immigrants Get Driver\'s Licenses',
          'id' => '34226391050_10154391491026051',
          'message' => 'Do you think undocumented immigrants should be able to get driver\'s licenses?'
        };

Domain: opposingviews.com

the Today Show
-----------------------------

Kotaku
-----------------------------

Washington Post
-----------------------------

the American Center for Law and Justice
-----------------------------

VICE News
-----------------------------

PBS
-----------------------------

Mother Jones
-----------------------------

HuffPost Good News
-----------------------------

BBC News
-----------------------------

Breaking News
-----------------------------

The Verge
-----------------------------

New York Magazine
-----------------------------
$VAR1 = {
          'link' => 'http://nym.ag/2hxwEpk',
          'caption' => 'nymag.com',
          'created_time' => '2017-01-01T05:29:25+0000',
          'name' => 'Glenn Greenwald, Tucker Carlson Unite to Dismiss Russian Hacking Allegations',
          'id' => '14516439825_10154914127719826',
          'message' => 'A remarkable segment that merits close reading.'
        };

Domain: nymag.com

TIME
-----------------------------
$VAR1 = {
          'link' => 'http://ti.me/2i6SyVw',
          'caption' => 'time.com',
          'created_time' => '2017-01-01T05:30:03+0000',
          'name' => "Why 'Don\x{2019}t Worry About Money, Just Travel' Is the Worst Advice of All Time",
          'id' => '10606591490_10154311980211491',
          'message' => '"Traveling for the sake of travel is not an achievement, nor is it guaranteed to make anyone a more cultured, nuanced person."'
        };

Domain: time.com

the Business Insider
-----------------------------
$VAR1 = {
          'link' => 'http://read.bi/2ixXD6c',
          'caption' => 'businessinsider.com',
          'created_time' => '2017-01-01T05:20:02+0000',
          'name' => 'The 42 most powerful photos from around the world in 2016',
          'id' => '20446254070_10154246270664071',
          'message' => 'It\'s been quite a year.'
        };

Domain: businessinsider.com

ThinkProgress
-----------------------------

POLITICO
-----------------------------

USA TODAY
-----------------------------

American News
-----------------------------

ABC News
-----------------------------

HuffPost Politics
-----------------------------

NBC News
-----------------------------

AJ+
-----------------------------

Wikileaks
-----------------------------

CNNMoney
-----------------------------
$VAR1 = {
          'link' => 'http://cnnmon.ie/2hXOXW4',
          'created_time' => '2017-01-01T05:29:04+0000',
          'name' => 'CNNTech',
          'id' => '6651543066_10154243263463067'
        };

ABC News Politics
-----------------------------
$VAR1 = {
          'link' => 'http://abcn.ws/2ijJfAN',
          'caption' => 'abcnews.go.com',
          'created_time' => '2017-01-01T05:17:17+0000',
          'name' => 'Brazilian Police: Greek Ambassador Killed by Wife\'s Lover',
          'id' => '184096565021911_1140901662674725',
          'message' => 'Police in Brazil believe that Greece\'s ambassador to the country was killed by his wife\'s lover under her orders in a house in the Rio area and have detained three suspects.'
        };

Domain: go.com
Response:
{"error":{"message":"It looks like you were misusing this feature by going too fast. You\u2019ve been blocked from using it.\n\nLearn more about blocks in the Help Center.","type":"OAuthException","code":368,"error_subcode":1390008,"error_user_msg":"","fbtrace_id":"Gy2NPPRzImB"}}

Facebook ran into an error and the post was not published. Zach Muckerberg please fix. Try again in a few hours.

