***********************************************************************************
Started at 13:36:02 on 11/03/2016
***********************************************************************************
Querying souces from the past 6 minutes....

Al Jazeera
-----------------------------

Upworthy
-----------------------------

The Huffington Post
-----------------------------

HuffPost Women
-----------------------------
$VAR1 = {
          'link' => 'http://huff.to/2gvUiWu',
          'caption' => 'huffingtonpost.com',
          'created_time' => '2016-12-03T18:30:39+0000',
          'name' => 'Dem Senator Calls On Obama To Defend Standing Rock Protesters',
          'id' => '153213781413350_1222829717785079',
          'message' => 'Do more, Barack Obama.'
        };

Domain: huffingtonpost.com
$VAR1 = bless( {
                 'response' => bless( {
                                        '_protocol' => 'HTTP/1.1',
                                        '_content' => '{"id":"1622501708043673_1627995990827578"}',
                                        '_rc' => '200',
                                        '_headers' => bless( {
                                                               'connection' => 'close',
                                                               'x-fb-rev' => '2717633',
                                                               'cache-control' => 'private, no-cache, no-store, must-revalidate',
                                                               'date' => 'Sat, 03 Dec 2016 18:36:35 GMT',
                                                               'x-fb-debug' => 'HE8L+u0tCscqw7UUrhVSe7d0qAgXsosPi/tFxFBMkg6MtwI2RRXfA0x5p6wXIs1ZGv++7w56+9v6lPfF76O8zw==',
                                                               'access-control-allow-origin' => '*',
                                                               'client-ssl-cert-issuer' => '/C=US/O=DigiCert Inc/OU=www.digicert.com/CN=DigiCert SHA2 High Assurance Server CA',
                                                               'client-ssl-cipher' => 'ECDHE-ECDSA-AES128-GCM-SHA256',
                                                               'client-peer' => '31.13.65.1:443',
                                                               'facebook-api-version' => 'v2.8',
                                                               'client-date' => 'Sat, 03 Dec 2016 18:36:35 GMT',
                                                               'x-page-usage' => '{"call_count":98,"total_cputime":24,"total_time":40}',
                                                               'pragma' => 'no-cache',
                                                               'content-type' => 'text/javascript; charset=UTF-8',
                                                               'client-ssl-socket-class' => 'IO::Socket::SSL',
                                                               'client-response-num' => 1,
                                                               'content-length' => '42',
                                                               'x-fb-trace-id' => 'H+B5wujt3uU',
                                                               '::std_case' => {
                                                                                 'client-response-num' => 'Client-Response-Num',
                                                                                 'x-fb-rev' => 'X-Fb-Rev',
                                                                                 'x-fb-debug' => 'X-FB-Debug',
                                                                                 'access-control-allow-origin' => 'Access-Control-Allow-Origin',
                                                                                 'client-ssl-cert-issuer' => 'Client-SSL-Cert-Issuer',
                                                                                 'client-ssl-cipher' => 'Client-SSL-Cipher',
                                                                                 'client-peer' => 'Client-Peer',
                                                                                 'facebook-api-version' => 'Facebook-Api-Version',
                                                                                 'x-fb-trace-id' => 'X-Fb-Trace-Id',
                                                                                 'client-date' => 'Client-Date',
                                                                                 'x-page-usage' => 'X-Page-Usage',
                                                                                 'client-ssl-cert-subject' => 'Client-SSL-Cert-Subject',
                                                                                 'client-ssl-socket-class' => 'Client-SSL-Socket-Class'
                                                                               },
                                                               'client-ssl-cert-subject' => '/C=US/ST=CA/L=Menlo Park/O=Facebook, Inc./CN=*.facebook.com',
                                                               'expires' => 'Sat, 01 Jan 2000 00:00:00 GMT'
                                                             }, 'HTTP::Headers' ),
                                        '_msg' => 'OK',
                                        '_request' => bless( {
                                                               '_content' => 'access_token=EAAPvBQ5tbjMBAIgMPORfLbexZAZAVtTuqzr7wPbhCpVFyxUtDQEsBZAIS72ADwnUQzdtZA4A2DE8kDyNia2wdCQFeFnFKnxlv7dOhQ0zxnIbA3bwasf4ET1xjq4k9Nojqjmx5HZBlOy9gccDrAFC7fVnGUOjJaTIZD&message=The+Facebook+page+of+HuffPost+Women+originally+shared+this+article.+According+to+data+gathered+by+the+Pew+Research+Center%2C+Huffington+Post+is+about+equally+trusted+and+distrusted+by+survey+respondents+who+have+heard+of+the+source.+(Over+40%25+of+respondents)+%0D%0AAdditionally%2C+the+research+indicates+that+left-leaning+readers+were+more+likely+to+find+this+source+credible+than+other+readers.+%0D%0A%0D%0AOut+of+the+76%25+of+respondents+who+have+heard+of+Huffington+Post%2C%0D%0A27%25%09trusted+the+news+source%2C%0D%0A27%25%09distrusted+the+news+source%2C+and%0D%0A47%25%09neither+trusted+nor+distrusted+the+news+source.%0D%0A%0D%0ATo+learn+more+about+Pew+Research+Center\'s+study+on+Political+Polarization+%26+Media+Habits%2C+follow+this+link+to+visit+their+report.+https%3A%2F%2Fgoo.gl%2FxwVtjv&link=http%3A%2F%2Fhuff.to%2F2gvUiWu&published=true',
                                                               '_uri' => bless( do{\(my $o = 'https://graph.facebook.com/v2.2/1622501708043673/feed')}, 'URI::https' ),
                                                               '_headers' => bless( {
                                                                                      'user-agent' => 'libwww-perl/6.15',
                                                                                      'content-type' => 'application/x-www-form-urlencoded',
                                                                                      'content-length' => 1037,
                                                                                      '::std_case' => {
                                                                                                        'if-ssl-cert-subject' => 'If-SSL-Cert-Subject'
                                                                                                      }
                                                                                    }, 'HTTP::Headers' ),
                                                               '_method' => 'POST',
                                                               '_uri_canonical' => $VAR1->{'response'}{'_request'}{'_uri'}
                                                             }, 'HTTP::Request' )
                                      }, 'HTTP::Response' )
               }, 'Facebook::Graph::Response' );

PBS News Hour
-----------------------------

ATTN:
-----------------------------

Reuters
-----------------------------

NowThis
-----------------------------

Daily Caller
-----------------------------
$VAR1 = {
          'link' => 'http://trib.al/ZwfgGh2',
          'caption' => 'dailycaller.com',
          'created_time' => '2016-12-03T18:32:43+0000',
          'name' => 'Students At Mediocre $62,500-Per-Year University Want A Trustee Fired Because He MET WITH Trump',
          'id' => '182919686769_10154006715061770',
          'message' => 'Students At Mediocre $62,500-Per-Year University Want A Trustee Fired Because He MET WITH Trump http://trib.al/ZwfgGh2'
        };

Domain: dailycaller.com

CNBC
-----------------------------

The Onion
-----------------------------

Opposing Views
-----------------------------

the Today Show
-----------------------------

Kotaku
-----------------------------

Washington Post
-----------------------------

the American Center for Law and Justice
-----------------------------

VICE News
-----------------------------

PBS
-----------------------------

Mother Jones
-----------------------------

HuffPost Good News
-----------------------------

BBC News
-----------------------------

Breaking News
-----------------------------

The Verge
-----------------------------
$VAR1 = {
          'link' => 'http://www.theverge.com/2016/12/3/13829088/uncharted-the-lost-legacy-ps4-sony-event',
          'caption' => 'theverge.com',
          'created_time' => '2016-12-03T18:33:21+0000',
          'name' => "Uncharted: The Lost Legacy pairs two of the series\x{2019}s best co-stars in a standalone game",
          'id' => '193742123995472_1268577476511926',
          'message' => 'Surprise!'
        };

Domain: theverge.com

New York Magazine
-----------------------------
$VAR1 = {
          'link' => 'http://nym.ag/2giQDbT',
          'caption' => 'vulture.com',
          'created_time' => '2016-12-03T18:35:08+0000',
          'name' => "Beyonc\x{e9} Made Another Ugly Christmas Sweater for You to \x{2018}Sleigh All Day\x{2019} In",
          'id' => '14516439825_10154805285609826',
          'message' => "Is an ugly Christmas sweater truly ugly if Beyonc\x{e9}'s wearing it?"
        };

Domain: vulture.com

TIME
-----------------------------
$VAR1 = {
          'link' => 'http://ti.me/2gETfR3',
          'caption' => 'time.com',
          'created_time' => '2016-12-03T18:33:51+0000',
          'name' => 'You Asked: Are Calories Created Equal?',
          'id' => '10606591490_10154216565716491',
          'message' => 'The body responds differently to calories from different sources.'
        };

Domain: time.com

the Business Insider
-----------------------------

ThinkProgress
-----------------------------

POLITICO
-----------------------------

USA TODAY
-----------------------------

American News
-----------------------------

ABC News
-----------------------------

HuffPost Politics
-----------------------------
$VAR1 = {
          'link' => 'http://huff.to/2gRJZwD',
          'caption' => 'huffingtonpost.com',
          'created_time' => '2016-12-03T18:30:11+0000',
          'name' => 'Nancy Pelosi Has A Plan For Taking On The GOP Majority. It Worked Before.',
          'id' => '56845382910_10154561756442911',
          'message' => 'Nancy Pelosi has been down this road before.'
        };

Domain: huffingtonpost.com
$VAR1 = bless( {
                 'response' => bless( {
                                        '_protocol' => 'HTTP/1.1',
                                        '_content' => '{"id":"1622501708043673_1627996034160907"}',
                                        '_rc' => '200',
                                        '_headers' => bless( {
                                                               'connection' => 'close',
                                                               'x-fb-rev' => '2717633',
                                                               'cache-control' => 'private, no-cache, no-store, must-revalidate',
                                                               'date' => 'Sat, 03 Dec 2016 18:36:36 GMT',
                                                               'x-fb-debug' => 'D6ajUZlRHY2Exk92NMoRwzFA/2IVGziOZBYfP7KnjDZSAVAC92TOJ1xXetE6N4Tbv7w1QM8ivMNUh/HGB8/XNg==',
                                                               'access-control-allow-origin' => '*',
                                                               'client-ssl-cert-issuer' => '/C=US/O=DigiCert Inc/OU=www.digicert.com/CN=DigiCert SHA2 High Assurance Server CA',
                                                               'client-ssl-cipher' => 'ECDHE-ECDSA-AES128-GCM-SHA256',
                                                               'client-peer' => '31.13.65.1:443',
                                                               'facebook-api-version' => 'v2.8',
                                                               'client-date' => 'Sat, 03 Dec 2016 18:36:36 GMT',
                                                               'x-page-usage' => '{"call_count":98,"total_cputime":24,"total_time":40}',
                                                               'pragma' => 'no-cache',
                                                               'content-type' => 'text/javascript; charset=UTF-8',
                                                               'client-ssl-socket-class' => 'IO::Socket::SSL',
                                                               'client-response-num' => 1,
                                                               'content-length' => '42',
                                                               'x-fb-trace-id' => 'Cl1Afojeeiq',
                                                               '::std_case' => {
                                                                                 'client-response-num' => 'Client-Response-Num',
                                                                                 'x-fb-rev' => 'X-Fb-Rev',
                                                                                 'x-fb-debug' => 'X-FB-Debug',
                                                                                 'access-control-allow-origin' => 'Access-Control-Allow-Origin',
                                                                                 'client-ssl-cert-issuer' => 'Client-SSL-Cert-Issuer',
                                                                                 'client-ssl-cipher' => 'Client-SSL-Cipher',
                                                                                 'client-peer' => 'Client-Peer',
                                                                                 'facebook-api-version' => 'Facebook-Api-Version',
                                                                                 'x-fb-trace-id' => 'X-Fb-Trace-Id',
                                                                                 'client-date' => 'Client-Date',
                                                                                 'x-page-usage' => 'X-Page-Usage',
                                                                                 'client-ssl-cert-subject' => 'Client-SSL-Cert-Subject',
                                                                                 'client-ssl-socket-class' => 'Client-SSL-Socket-Class'
                                                                               },
                                                               'client-ssl-cert-subject' => '/C=US/ST=CA/L=Menlo Park/O=Facebook, Inc./CN=*.facebook.com',
                                                               'expires' => 'Sat, 01 Jan 2000 00:00:00 GMT'
                                                             }, 'HTTP::Headers' ),
                                        '_msg' => 'OK',
                                        '_request' => bless( {
                                                               '_content' => 'access_token=EAAPvBQ5tbjMBAIgMPORfLbexZAZAVtTuqzr7wPbhCpVFyxUtDQEsBZAIS72ADwnUQzdtZA4A2DE8kDyNia2wdCQFeFnFKnxlv7dOhQ0zxnIbA3bwasf4ET1xjq4k9Nojqjmx5HZBlOy9gccDrAFC7fVnGUOjJaTIZD&message=The+Facebook+page+of+HuffPost+Politics+originally+shared+this+article.+According+to+data+gathered+by+the+Pew+Research+Center%2C+Huffington+Post+is+about+equally+trusted+and+distrusted+by+survey+respondents+who+have+heard+of+the+source.+(Over+40%25+of+respondents)+%0D%0AAdditionally%2C+the+research+indicates+that+left-leaning+readers+were+more+likely+to+find+this+source+credible+than+other+readers.+%0D%0A%0D%0AOut+of+the+76%25+of+respondents+who+have+heard+of+Huffington+Post%2C%0D%0A27%25%09trusted+the+news+source%2C%0D%0A27%25%09distrusted+the+news+source%2C+and%0D%0A47%25%09neither+trusted+nor+distrusted+the+news+source.%0D%0A%0D%0ATo+learn+more+about+Pew+Research+Center\'s+study+on+Political+Polarization+%26+Media+Habits%2C+follow+this+link+to+visit+their+report.+https%3A%2F%2Fgoo.gl%2FxwVtjv&link=http%3A%2F%2Fhuff.to%2F2gRJZwD&published=true',
                                                               '_uri' => bless( do{\(my $o = 'https://graph.facebook.com/v2.2/1622501708043673/feed')}, 'URI::https' ),
                                                               '_headers' => bless( {
                                                                                      'user-agent' => 'libwww-perl/6.15',
                                                                                      'content-type' => 'application/x-www-form-urlencoded',
                                                                                      'content-length' => 1040,
                                                                                      '::std_case' => {
                                                                                                        'if-ssl-cert-subject' => 'If-SSL-Cert-Subject'
                                                                                                      }
                                                                                    }, 'HTTP::Headers' ),
                                                               '_method' => 'POST',
                                                               '_uri_canonical' => $VAR1->{'response'}{'_request'}{'_uri'}
                                                             }, 'HTTP::Request' )
                                      }, 'HTTP::Response' )
               }, 'Facebook::Graph::Response' );

NBC News
-----------------------------

AJ+
-----------------------------

Wikileaks
-----------------------------

CNNMoney
-----------------------------
$VAR1 = {
          'link' => 'http://cnnmon.ie/2gqquIl',
          'caption' => 'money.cnn.com',
          'created_time' => '2016-12-03T18:31:01+0000',
          'name' => 'Tesla\'s Model X SUV gets one big, bad review',
          'id' => '6651543066_10154145708523067',
          'message' => 'Tesla\'s super-hot Model X SUV just took a beating in Consumer Reports magazine. The verdict: "fast but flawed." http://cnnmon.ie/2gqquIl'
        };

Domain: cnn.com
$VAR1 = bless( {
                 'response' => bless( {
                                        '_protocol' => 'HTTP/1.1',
                                        '_content' => '{"id":"1622501708043673_1627996040827573"}',
                                        '_rc' => '200',
                                        '_headers' => bless( {
                                                               'connection' => 'close',
                                                               'x-fb-rev' => '2717633',
                                                               'cache-control' => 'private, no-cache, no-store, must-revalidate',
                                                               'date' => 'Sat, 03 Dec 2016 18:36:37 GMT',
                                                               'x-fb-debug' => 'XdehwtF+8YL0+QOvBSt2gjmwrKEL5GyIGuz1bdSId5C8e7ALvqMkqeASCx3/rFdAk+pfdqrM77ZMBfolWi4DTQ==',
                                                               'access-control-allow-origin' => '*',
                                                               'client-ssl-cert-issuer' => '/C=US/O=DigiCert Inc/OU=www.digicert.com/CN=DigiCert SHA2 High Assurance Server CA',
                                                               'client-ssl-cipher' => 'ECDHE-ECDSA-AES128-GCM-SHA256',
                                                               'client-peer' => '31.13.65.1:443',
                                                               'facebook-api-version' => 'v2.8',
                                                               'client-date' => 'Sat, 03 Dec 2016 18:36:37 GMT',
                                                               'x-page-usage' => '{"call_count":98,"total_cputime":24,"total_time":40}',
                                                               'pragma' => 'no-cache',
                                                               'content-type' => 'text/javascript; charset=UTF-8',
                                                               'client-ssl-socket-class' => 'IO::Socket::SSL',
                                                               'client-response-num' => 1,
                                                               'content-length' => '42',
                                                               'x-fb-trace-id' => 'BcUBW+Id8KI',
                                                               '::std_case' => {
                                                                                 'client-response-num' => 'Client-Response-Num',
                                                                                 'x-fb-rev' => 'X-Fb-Rev',
                                                                                 'x-fb-debug' => 'X-FB-Debug',
                                                                                 'access-control-allow-origin' => 'Access-Control-Allow-Origin',
                                                                                 'client-ssl-cert-issuer' => 'Client-SSL-Cert-Issuer',
                                                                                 'client-ssl-cipher' => 'Client-SSL-Cipher',
                                                                                 'client-peer' => 'Client-Peer',
                                                                                 'facebook-api-version' => 'Facebook-Api-Version',
                                                                                 'x-fb-trace-id' => 'X-Fb-Trace-Id',
                                                                                 'client-date' => 'Client-Date',
                                                                                 'x-page-usage' => 'X-Page-Usage',
                                                                                 'client-ssl-cert-subject' => 'Client-SSL-Cert-Subject',
                                                                                 'client-ssl-socket-class' => 'Client-SSL-Socket-Class'
                                                                               },
                                                               'client-ssl-cert-subject' => '/C=US/ST=CA/L=Menlo Park/O=Facebook, Inc./CN=*.facebook.com',
                                                               'expires' => 'Sat, 01 Jan 2000 00:00:00 GMT'
                                                             }, 'HTTP::Headers' ),
                                        '_msg' => 'OK',
                                        '_request' => bless( {
                                                               '_content' => 'access_token=EAAPvBQ5tbjMBAIgMPORfLbexZAZAVtTuqzr7wPbhCpVFyxUtDQEsBZAIS72ADwnUQzdtZA4A2DE8kDyNia2wdCQFeFnFKnxlv7dOhQ0zxnIbA3bwasf4ET1xjq4k9Nojqjmx5HZBlOy9gccDrAFC7fVnGUOjJaTIZD&message=The+Facebook+page+of+CNNMoney+originally+shared+this+article.+According+to+data+gathered+by+the+Pew+Research+Center%2C+CNN+is+more+trusted+than+distrusted+by+survey+respondents+who+have+heard+of+the+source.+(Over+40%25+of+respondents)+%0D%0AAdditionally%2C+the+research+indicates+that+left-leaning+readers+were+more+likely+to+find+this+source+credible+than+other+readers.+%0D%0A%0D%0AOut+of+the+95%25+of+respondents+who+have+heard+of+CNN%2C%0D%0A57%25%09trusted+the+news+source%2C%0D%0A22%25%09distrusted+the+news+source%2C+and%0D%0A22%25%09neither+trusted+nor+distrusted+the+news+source.%0D%0A%0D%0ATo+learn+more+about+Pew+Research+Center\'s+study+on+Political+Polarization+%26+Media+Habits%2C+follow+this+link+to+visit+their+report.+https%3A%2F%2Fgoo.gl%2FxwVtjv&link=http%3A%2F%2Fcnnmon.ie%2F2gqquIl&published=true',
                                                               '_uri' => bless( do{\(my $o = 'https://graph.facebook.com/v2.2/1622501708043673/feed')}, 'URI::https' ),
                                                               '_headers' => bless( {
                                                                                      'user-agent' => 'libwww-perl/6.15',
                                                                                      'content-type' => 'application/x-www-form-urlencoded',
                                                                                      'content-length' => 1001,
                                                                                      '::std_case' => {
                                                                                                        'if-ssl-cert-subject' => 'If-SSL-Cert-Subject'
                                                                                                      }
                                                                                    }, 'HTTP::Headers' ),
                                                               '_method' => 'POST',
                                                               '_uri_canonical' => $VAR1->{'response'}{'_request'}{'_uri'}
                                                             }, 'HTTP::Request' )
                                      }, 'HTTP::Response' )
               }, 'Facebook::Graph::Response' );

ABC News Politics
-----------------------------
$VAR1 = {
          'link' => 'http://abcn.ws/2gT60bX',
          'caption' => 'abcnews.go.com',
          'created_time' => '2016-12-03T18:31:49+0000',
          'name' => 'Iran Condemns US Senate Vote to Extend Sanctions',
          'id' => '184096565021911_1109817812449777',
          'message' => 'Iran\'s state television quoted Mohammad Javad Zarif as saying that the extension "shows the lack of credibility of the U.S. government."'
        };

Domain: go.com
$VAR1 = bless( {
                 'response' => bless( {
                                        '_protocol' => 'HTTP/1.1',
                                        '_content' => '{"id":"1622501708043673_1627996064160904"}',
                                        '_rc' => '200',
                                        '_headers' => bless( {
                                                               'connection' => 'close',
                                                               'x-fb-rev' => '2717633',
                                                               'cache-control' => 'private, no-cache, no-store, must-revalidate',
                                                               'date' => 'Sat, 03 Dec 2016 18:36:38 GMT',
                                                               'x-fb-debug' => 'bZY/6zIBR2azBu9AJMb+Eozp7eqXqVPMomO1HCNdrTs2wjuJ1891mL+nhjas7zQyQMMkNFoNB4eAOAvPkBsmDw==',
                                                               'access-control-allow-origin' => '*',
                                                               'client-ssl-cert-issuer' => '/C=US/O=DigiCert Inc/OU=www.digicert.com/CN=DigiCert SHA2 High Assurance Server CA',
                                                               'client-ssl-cipher' => 'ECDHE-ECDSA-AES128-GCM-SHA256',
                                                               'client-peer' => '31.13.65.1:443',
                                                               'facebook-api-version' => 'v2.8',
                                                               'client-date' => 'Sat, 03 Dec 2016 18:36:38 GMT',
                                                               'x-page-usage' => '{"call_count":98,"total_cputime":24,"total_time":40}',
                                                               'pragma' => 'no-cache',
                                                               'content-type' => 'text/javascript; charset=UTF-8',
                                                               'client-ssl-socket-class' => 'IO::Socket::SSL',
                                                               'client-response-num' => 1,
                                                               'content-length' => '42',
                                                               'x-fb-trace-id' => 'BC9jQ+rmObR',
                                                               '::std_case' => {
                                                                                 'client-response-num' => 'Client-Response-Num',
                                                                                 'x-fb-rev' => 'X-Fb-Rev',
                                                                                 'x-fb-debug' => 'X-FB-Debug',
                                                                                 'access-control-allow-origin' => 'Access-Control-Allow-Origin',
                                                                                 'client-ssl-cert-issuer' => 'Client-SSL-Cert-Issuer',
                                                                                 'client-ssl-cipher' => 'Client-SSL-Cipher',
                                                                                 'client-peer' => 'Client-Peer',
                                                                                 'facebook-api-version' => 'Facebook-Api-Version',
                                                                                 'x-fb-trace-id' => 'X-Fb-Trace-Id',
                                                                                 'client-date' => 'Client-Date',
                                                                                 'x-page-usage' => 'X-Page-Usage',
                                                                                 'client-ssl-cert-subject' => 'Client-SSL-Cert-Subject',
                                                                                 'client-ssl-socket-class' => 'Client-SSL-Socket-Class'
                                                                               },
                                                               'client-ssl-cert-subject' => '/C=US/ST=CA/L=Menlo Park/O=Facebook, Inc./CN=*.facebook.com',
                                                               'expires' => 'Sat, 01 Jan 2000 00:00:00 GMT'
                                                             }, 'HTTP::Headers' ),
                                        '_msg' => 'OK',
                                        '_request' => bless( {
                                                               '_content' => 'access_token=EAAPvBQ5tbjMBAIgMPORfLbexZAZAVtTuqzr7wPbhCpVFyxUtDQEsBZAIS72ADwnUQzdtZA4A2DE8kDyNia2wdCQFeFnFKnxlv7dOhQ0zxnIbA3bwasf4ET1xjq4k9Nojqjmx5HZBlOy9gccDrAFC7fVnGUOjJaTIZD&message=The+Facebook+page+of+ABC+News+Politics+originally+shared+this+article.+According+to+data+gathered+by+the+Pew+Research+Center%2C+ABC+News+is+more+trusted+than+distrusted+by+survey+respondents+who+have+heard+of+the+source.+(Over+40%25+of+respondents)+%0D%0AAdditionally%2C+the+research+indicates+that+left-leaning+readers+and+right-leaning+readers+were+about+equally+as+likely+to+find+this+source+credible.+%0D%0A%0D%0AOut+of+the+94%25+of+respondents+who+have+heard+of+ABC+News%2C%0D%0A53%25%09trusted+the+news+source%2C%0D%0A18%25%09distrusted+the+news+source%2C+and%0D%0A29%25%09neither+trusted+nor+distrusted+the+news+source.%0D%0A%0D%0ATo+learn+more+about+Pew+Research+Center\'s+study+on+Political+Polarization+%26+Media+Habits%2C+follow+this+link+to+visit+their+report.+https%3A%2F%2Fgoo.gl%2FxwVtjv&link=http%3A%2F%2Fabcn.ws%2F2gT60bX&published=true',
                                                               '_uri' => bless( do{\(my $o = 'https://graph.facebook.com/v2.2/1622501708043673/feed')}, 'URI::https' ),
                                                               '_headers' => bless( {
                                                                                      'user-agent' => 'libwww-perl/6.15',
                                                                                      'content-type' => 'application/x-www-form-urlencoded',
                                                                                      'content-length' => 1037,
                                                                                      '::std_case' => {
                                                                                                        'if-ssl-cert-subject' => 'If-SSL-Cert-Subject'
                                                                                                      }
                                                                                    }, 'HTTP::Headers' ),
                                                               '_method' => 'POST',
                                                               '_uri_canonical' => $VAR1->{'response'}{'_request'}{'_uri'}
                                                             }, 'HTTP::Request' )
                                      }, 'HTTP::Response' )
               }, 'Facebook::Graph::Response' );

Right Wing News
-----------------------------

The Wall Street Journal
-----------------------------

MSNBC
-----------------------------

the Drudge Report
-----------------------------

Mic
-----------------------------

The Economist
-----------------------------

Bloomberg Politics
-----------------------------

CBS News
-----------------------------

The Young Turks
-----------------------------

Occupy Democrats
-----------------------------

CBC News
-----------------------------

Newsweek
-----------------------------

CNN International
-----------------------------

The New Yorker
-----------------------------

Rush Limbaugh
-----------------------------

The Independent
-----------------------------

TheBlaze
-----------------------------
$VAR1 = {
          'link' => 'http://buff.ly/2gZnaDu',
          'caption' => 'theblaze.com',
          'created_time' => '2016-12-03T18:30:25+0000',
          'name' => 'Scott Brown wants the VA secretary job and finds unlikely ally in Sen. Elizabeth Warren',
          'id' => '140738092630206_1285483771488960',
          'message' => 'After Warren unseated him in 2012.'
        };

Domain: theblaze.com
$VAR1 = bless( {
                 'response' => bless( {
                                        '_protocol' => 'HTTP/1.1',
                                        '_content' => '{"id":"1622501708043673_1627996084160902"}',
                                        '_rc' => '200',
                                        '_headers' => bless( {
                                                               'connection' => 'close',
                                                               'x-fb-rev' => '2717633',
                                                               'cache-control' => 'private, no-cache, no-store, must-revalidate',
                                                               'date' => 'Sat, 03 Dec 2016 18:36:39 GMT',
                                                               'x-fb-debug' => 'yBsZNu20d7okalIpaJlSLJ5Kbzur6dvuLCOwLa/mqcC/kFg6/8lgpYFRL8sLWscvJpsWFJXnbdoQPCOlePh4Lw==',
                                                               'access-control-allow-origin' => '*',
                                                               'client-ssl-cert-issuer' => '/C=US/O=DigiCert Inc/OU=www.digicert.com/CN=DigiCert SHA2 High Assurance Server CA',
                                                               'client-ssl-cipher' => 'ECDHE-ECDSA-AES128-GCM-SHA256',
                                                               'client-peer' => '31.13.65.1:443',
                                                               'facebook-api-version' => 'v2.8',
                                                               'client-date' => 'Sat, 03 Dec 2016 18:36:39 GMT',
                                                               'x-page-usage' => '{"call_count":98,"total_cputime":24,"total_time":40}',
                                                               'pragma' => 'no-cache',
                                                               'content-type' => 'text/javascript; charset=UTF-8',
                                                               'client-ssl-socket-class' => 'IO::Socket::SSL',
                                                               'client-response-num' => 1,
                                                               'content-length' => '42',
                                                               'x-fb-trace-id' => 'Bh1dA6amN2x',
                                                               '::std_case' => {
                                                                                 'client-response-num' => 'Client-Response-Num',
                                                                                 'x-fb-rev' => 'X-Fb-Rev',
                                                                                 'x-fb-debug' => 'X-FB-Debug',
                                                                                 'access-control-allow-origin' => 'Access-Control-Allow-Origin',
                                                                                 'client-ssl-cert-issuer' => 'Client-SSL-Cert-Issuer',
                                                                                 'client-ssl-cipher' => 'Client-SSL-Cipher',
                                                                                 'client-peer' => 'Client-Peer',
                                                                                 'facebook-api-version' => 'Facebook-Api-Version',
                                                                                 'x-fb-trace-id' => 'X-Fb-Trace-Id',
                                                                                 'client-date' => 'Client-Date',
                                                                                 'x-page-usage' => 'X-Page-Usage',
                                                                                 'client-ssl-cert-subject' => 'Client-SSL-Cert-Subject',
                                                                                 'client-ssl-socket-class' => 'Client-SSL-Socket-Class'
                                                                               },
                                                               'client-ssl-cert-subject' => '/C=US/ST=CA/L=Menlo Park/O=Facebook, Inc./CN=*.facebook.com',
                                                               'expires' => 'Sat, 01 Jan 2000 00:00:00 GMT'
                                                             }, 'HTTP::Headers' ),
                                        '_msg' => 'OK',
                                        '_request' => bless( {
                                                               '_content' => 'access_token=EAAPvBQ5tbjMBAIgMPORfLbexZAZAVtTuqzr7wPbhCpVFyxUtDQEsBZAIS72ADwnUQzdtZA4A2DE8kDyNia2wdCQFeFnFKnxlv7dOhQ0zxnIbA3bwasf4ET1xjq4k9Nojqjmx5HZBlOy9gccDrAFC7fVnGUOjJaTIZD&message=The+Facebook+page+of+TheBlaze+originally+shared+this+article.+According+to+data+gathered+by+the+Pew+Research+Center%2C+The+Blaze+is+more+trusted+than+distrusted+by+survey+respondents+who+have+heard+of+the+source.+%0D%0AAdditionally%2C+the+research+indicates+that+right-leaning+readers+were+more+likely+to+find+this+source+credible+than+other+readers.+%0D%0A%0D%0AOut+of+the+18%25+of+respondents+who+have+heard+of+The+Blaze%2C%0D%0A34%25%09trusted+the+news+source%2C%0D%0A16%25%09distrusted+the+news+source%2C+and%0D%0A50%25%09neither+trusted+nor+distrusted+the+news+source.%0D%0A%0D%0ATo+learn+more+about+Pew+Research+Center\'s+study+on+Political+Polarization+%26+Media+Habits%2C+follow+this+link+to+visit+their+report.+https%3A%2F%2Fgoo.gl%2FxwVtjv&link=http%3A%2F%2Fbuff.ly%2F2gZnaDu&published=true',
                                                               '_uri' => bless( do{\(my $o = 'https://graph.facebook.com/v2.2/1622501708043673/feed')}, 'URI::https' ),
                                                               '_headers' => bless( {
                                                                                      'user-agent' => 'libwww-perl/6.15',
                                                                                      'content-type' => 'application/x-www-form-urlencoded',
                                                                                      'content-length' => 984,
                                                                                      '::std_case' => {
                                                                                                        'if-ssl-cert-subject' => 'If-SSL-Cert-Subject'
                                                                                                      }
                                                                                    }, 'HTTP::Headers' ),
                                                               '_method' => 'POST',
                                                               '_uri_canonical' => $VAR1->{'response'}{'_request'}{'_uri'}
                                                             }, 'HTTP::Request' )
                                      }, 'HTTP::Response' )
               }, 'Facebook::Graph::Response' );

NPR Politics
-----------------------------

The New York Times
-----------------------------

NPR
-----------------------------
$VAR1 = {
          'link' => 'http://www.npr.org/2016/12/03/504158266/i-dont-want-to-be-the-breadwinner-in-my-marriage-anymore?utm_source=facebook.com&utm_medium=social&utm_campaign=npr&utm_term=nprnews&utm_content=202803',
          'caption' => 'npr.org',
          'created_time' => '2016-12-03T18:35:01+0000',
          'name' => 'I Don\'t Want To Be The Breadwinner In My Marriage Anymore!',
          'id' => '10643211755_10155027204111756',
          'message' => "A woman writes that she \"can't live this girl-power lifestyle that I believe in.\" She makes more money than her husband \x{2014} and doesn't like it."
        };

Domain: npr.org
$VAR1 = bless( {
                 'response' => bless( {
                                        '_protocol' => 'HTTP/1.1',
                                        '_content' => '{"id":"1622501708043673_1627996104160900"}',
                                        '_rc' => '200',
                                        '_headers' => bless( {
                                                               'connection' => 'close',
                                                               'x-fb-rev' => '2717633',
                                                               'cache-control' => 'private, no-cache, no-store, must-revalidate',
                                                               'date' => 'Sat, 03 Dec 2016 18:36:39 GMT',
                                                               'x-fb-debug' => 'AFFDGtr8w/mqUYSqpfZmzIwiLHFmWVzqjVQWq52hDOUaR6F7sh5jln5g/bY1Nud/tzmUhakfe5x5deyUgK4IDA==',
                                                               'access-control-allow-origin' => '*',
                                                               'client-ssl-cert-issuer' => '/C=US/O=DigiCert Inc/OU=www.digicert.com/CN=DigiCert SHA2 High Assurance Server CA',
                                                               'client-ssl-cipher' => 'ECDHE-ECDSA-AES128-GCM-SHA256',
                                                               'client-peer' => '31.13.65.1:443',
                                                               'facebook-api-version' => 'v2.8',
                                                               'client-date' => 'Sat, 03 Dec 2016 18:36:39 GMT',
                                                               'x-page-usage' => '{"call_count":98,"total_cputime":24,"total_time":40}',
                                                               'pragma' => 'no-cache',
                                                               'content-type' => 'text/javascript; charset=UTF-8',
                                                               'client-ssl-socket-class' => 'IO::Socket::SSL',
                                                               'client-response-num' => 1,
                                                               'content-length' => '42',
                                                               'x-fb-trace-id' => 'Hru+rM7lN2f',
                                                               '::std_case' => {
                                                                                 'client-response-num' => 'Client-Response-Num',
                                                                                 'x-fb-rev' => 'X-Fb-Rev',
                                                                                 'x-fb-debug' => 'X-FB-Debug',
                                                                                 'access-control-allow-origin' => 'Access-Control-Allow-Origin',
                                                                                 'client-ssl-cert-issuer' => 'Client-SSL-Cert-Issuer',
                                                                                 'client-ssl-cipher' => 'Client-SSL-Cipher',
                                                                                 'client-peer' => 'Client-Peer',
                                                                                 'facebook-api-version' => 'Facebook-Api-Version',
                                                                                 'x-fb-trace-id' => 'X-Fb-Trace-Id',
                                                                                 'client-date' => 'Client-Date',
                                                                                 'x-page-usage' => 'X-Page-Usage',
                                                                                 'client-ssl-cert-subject' => 'Client-SSL-Cert-Subject',
                                                                                 'client-ssl-socket-class' => 'Client-SSL-Socket-Class'
                                                                               },
                                                               'client-ssl-cert-subject' => '/C=US/ST=CA/L=Menlo Park/O=Facebook, Inc./CN=*.facebook.com',
                                                               'expires' => 'Sat, 01 Jan 2000 00:00:00 GMT'
                                                             }, 'HTTP::Headers' ),
                                        '_msg' => 'OK',
                                        '_request' => bless( {
                                                               '_content' => 'access_token=EAAPvBQ5tbjMBAIgMPORfLbexZAZAVtTuqzr7wPbhCpVFyxUtDQEsBZAIS72ADwnUQzdtZA4A2DE8kDyNia2wdCQFeFnFKnxlv7dOhQ0zxnIbA3bwasf4ET1xjq4k9Nojqjmx5HZBlOy9gccDrAFC7fVnGUOjJaTIZD&message=The+Facebook+page+of+NPR+originally+shared+this+article.+According+to+data+gathered+by+the+Pew+Research+Center%2C+NPR+is+more+trusted+than+distrusted+by+survey+respondents+who+have+heard+of+the+source.+(Over+40%25+of+respondents)+%0D%0AAdditionally%2C+the+research+indicates+that+left-leaning+readers+were+more+likely+to+find+this+source+credible+than+other+readers.+%0D%0A%0D%0AOut+of+the+53%25+of+respondents+who+have+heard+of+NPR%2C%0D%0A55%25%09trusted+the+news+source%2C%0D%0A17%25%09distrusted+the+news+source%2C+and%0D%0A28%25%09neither+trusted+nor+distrusted+the+news+source.%0D%0A%0D%0ATo+learn+more+about+Pew+Research+Center\'s+study+on+Political+Polarization+%26+Media+Habits%2C+follow+this+link+to+visit+their+report.+https%3A%2F%2Fgoo.gl%2FxwVtjv&link=http%3A%2F%2Fwww.npr.org%2F2016%2F12%2F03%2F504158266%2Fi-dont-want-to-be-the-breadwinner-in-my-marriage-anymore%3Futm_source%3Dfacebook.com%26utm_medium%3Dsocial%26utm_campaign%3Dnpr%26utm_term%3Dnprnews%26utm_content%3D202803&published=true',
                                                               '_uri' => bless( do{\(my $o = 'https://graph.facebook.com/v2.2/1622501708043673/feed')}, 'URI::https' ),
                                                               '_headers' => bless( {
                                                                                      'user-agent' => 'libwww-perl/6.15',
                                                                                      'content-type' => 'application/x-www-form-urlencoded',
                                                                                      'content-length' => 1191,
                                                                                      '::std_case' => {
                                                                                                        'if-ssl-cert-subject' => 'If-SSL-Cert-Subject'
                                                                                                      }
                                                                                    }, 'HTTP::Headers' ),
                                                               '_method' => 'POST',
                                                               '_uri_canonical' => $VAR1->{'response'}{'_request'}{'_uri'}
                                                             }, 'HTTP::Request' )
                                      }, 'HTTP::Response' )
               }, 'Facebook::Graph::Response' );

MSN
-----------------------------

CNN Politics
-----------------------------

The Daily Show
-----------------------------

Daily Kos
-----------------------------

Yahoo News
-----------------------------

The Guardian
-----------------------------

CNN
-----------------------------

Slate.com
-----------------------------

the AP
-----------------------------
$VAR1 = {
          'link' => 'https://apnews.com/4938ae19eaa74ef0ba39b436ef9d2cf2',
          'caption' => 'apnews.com',
          'created_time' => '2016-12-03T18:31:02+0000',
          'name' => 'Supreme Court hears cases about use of race in redistricting',
          'id' => '249655421622_10154104211586623',
          'message' => 'The court will hearing arguments Monday in two cases that deal with the same basic issue of whether race played too large a role in the drawing of electoral districts.'
        };

Domain: apnews.com

Sean Hannity
-----------------------------

The Ed Schultz Show
-----------------------------

The Atlantic
-----------------------------

Bloomberg
-----------------------------

BuzzFeed
-----------------------------

Fox News
-----------------------------

VICE
-----------------------------

Glenn Beck
-----------------------------

The Other 98%
-----------------------------





