***********************************************************************************
Started at 14:00:01 on 11/18/2016
***********************************************************************************
Querying souces from the past 15 minutes....

Al Jazeera
-----------------------------
$VAR1 = {
          'link' => 'http://www.aljazeera.com/programmes/upfront/2016/12/upfront-special-brazil-dilma-betrayed-161216072617682.html',
          'caption' => 'aljazeera.com',
          'created_time' => '2016-12-18T19:00:00+0000',
          'name' => 'UpFront special: Brazil\'s Dilma on being betrayed',
          'id' => '7382473689_10154985631253690',
          'message' => 'Brazil\'s former president, Dilma Rousseff, talks to Mehdi Hasan about her presidency, impeachment and legacy.
(via UpFront)'
        };

Domain: aljazeera.com
Response:
{"id":"1622501708043673_1634171693543341"}

Upworthy
-----------------------------

The Huffington Post
-----------------------------

HuffPost Women
-----------------------------

PBS News Hour
-----------------------------
$VAR1 = {
          'link' => 'http://www.pbs.org/newshour/rundown/latest-zika-research-virus-cloudier/',
          'caption' => 'pbs.org',
          'created_time' => '2016-12-18T19:00:00+0000',
          'name' => 'With latest Zika research, our picture of the virus gets cloudier',
          'id' => '6491828674_10154882758613675',
          'message' => 'Scores of studies on Zika in the works. That could mean our picture of the virus will become blurrier before it starts to come into focus. (via STAT)'
        };

Domain: pbs.org
Response:
{"id":"1622501708043673_1634171793543331"}

ATTN:
-----------------------------
$VAR1 = {
          'link' => 'http://www.attn.com/stories/13654/orlando-police-showing-solidarity-with-lgbt-community?utm_source=facebook&utm_medium=post&utm_campaign=internal',
          'caption' => 'attn.com',
          'created_time' => '2016-12-18T18:56:08+0000',
          'name' => 'The Orlando Police Department\'s Remembrance to the Mass Shooting Victims Is Excellent',
          'id' => '160389977329803_1228104577224999',
          'message' => 'Their response reflects a bigger trend across the country.'
        };

Domain: attn.com

Reuters
-----------------------------

NowThis
-----------------------------

Daily Caller
-----------------------------
$VAR1 = {
          'link' => 'http://trib.al/I1TlVfc',
          'caption' => 'smokeroom.com',
          'created_time' => '2016-12-18T18:55:28+0000',
          'name' => 'Everyone Is Talking About The Dress Ivanka Trump Wore To Her Father\'s Hotel Opening',
          'id' => '182919686769_10154058480586770',
          'message' => 'Ivanka Trump is always dressed for the occasion.'
        };

Domain: smokeroom.com

CNBC
-----------------------------

The Onion
-----------------------------

Opposing Views
-----------------------------

the Today Show
-----------------------------

Kotaku
-----------------------------

Washington Post
-----------------------------

the American Center for Law and Justice
-----------------------------

VICE News
-----------------------------

PBS
-----------------------------
$VAR1 = {
          'link' => 'https://www.facebook.com/pbs/photos/a.161853477168.112211.19013582168/10154268761497169/?type=3',
          'created_time' => '2016-12-18T19:00:00+0000',
          'name' => 'Timeline Photos',
          'id' => '19013582168_10154268761497169',
          'message' => 'A time for friends, family and those you miss the most. #SherlockPBS  http://to.pbs.org/2i3NOvL'
        };

Mother Jones
-----------------------------
$VAR1 = {
          'link' => 'http://www.motherjones.com/environment/2012/12/greenest-christmas-trees-real-fake',
          'caption' => 'motherjones.com',
          'created_time' => '2016-12-18T19:00:01+0000',
          'name' => 'Should I Buy a Fake Christmas Tree or a Real One?',
          'id' => '7642602143_10154330137657144',
          'message' => 'Such a hard question.'
        };

Domain: motherjones.com
Response:
{"id":"1622501708043673_1634171856876658"}

HuffPost Good News
-----------------------------

BBC News
-----------------------------

Breaking News
-----------------------------

The Verge
-----------------------------
$VAR1 = {
          'link' => 'http://www.theverge.com/2016/12/18/13999380/x-story-vitaliy-shushko-short-film-animation',
          'caption' => 'theverge.com',
          'created_time' => '2016-12-18T18:48:55+0000',
          'name' => 'This animated short is the perfect mix of Indiana Jones and Akira',
          'id' => '193742123995472_1289506907752316',
          'message' => 'The animation in this short is beautiful.'
        };

Domain: theverge.com

New York Magazine
-----------------------------
$VAR1 = {
          'link' => 'http://nym.ag/2hWodZp',
          'caption' => 'vulture.com',
          'created_time' => '2016-12-18T18:47:42+0000',
          'name' => "Dunkin\x{2019} Donuts Will Likely Be Very Unenthused by Casey Affleck\x{2019}s SNL Short",
          'id' => '14516439825_10154867492294826',
          'message' => '"This is the face of Dunkin\' Donuts right here."'
        };

Domain: vulture.com

TIME
-----------------------------

the Business Insider
-----------------------------

ThinkProgress
-----------------------------

POLITICO
-----------------------------

USA TODAY
-----------------------------

American News
-----------------------------
$VAR1 = {
          'link' => 'http://americannews.com/josh-earnest-total-meltdown-kellyanne-destroys-live-tv/',
          'caption' => 'americannews.com',
          'created_time' => '2016-12-18T19:00:00+0000',
          'name' => 'Josh Earnest Has A Total Meltdown After Kellyanne Destroys Him On Live TV',
          'id' => '179035672287016_900218870168689',
          'message' => 'Josh Earnest loses it after Kellyanne brutally roasts him.

This is hilarious. What a joke.

Do you think Josh got what he had coming to him?'
        };

Domain: americannews.com

ABC News
-----------------------------
$VAR1 = {
          'link' => 'http://abcn.ws/2gP9Ot4',
          'caption' => 'abcnews.go.com',
          'created_time' => '2016-12-18T18:55:36+0000',
          'name' => 'Massive 2013 Oil Spill in North Dakota Still Not Cleaned Up',
          'id' => '86680728811_10155155192993812',
          'message' => 'The company responsible hasn\'t set a date for completion.'
        };

Domain: go.com
Response:
{"id":"1622501708043673_1634171910209986"}

HuffPost Politics
-----------------------------

NBC News
-----------------------------

AJ+
-----------------------------
$VAR1 = {
          'link' => 'https://www.facebook.com/ajplusenglish/videos/862927483848760/',
          'created_time' => '2016-12-18T19:00:00+0000',
          'name' => 'Aleppo Children Escape to Idlib',
          'id' => '407570359384477_862927483848760',
          'message' => "\x{201c}I lost my leg and my arm.\x{201d}

These children from Aleppo may have survived but where they have just escaped to could be the next major battleground."
        };

Wikileaks
-----------------------------

CNNMoney
-----------------------------
$VAR1 = {
          'link' => 'http://cnnmon.ie/2gSrOYB',
          'caption' => 'money.cnn.com',
          'created_time' => '2016-12-18T18:53:01+0000',
          'name' => 'MLB accused of ignoring Cuban baseball player smuggling',
          'id' => '6651543066_10154200656003067',
          'message' => 'The U.S. Government revealed last month just how harshly some players were treated by their captors: http://cnnmon.ie/2gSrOYB'
        };

Domain: cnn.com
Response:
{"id":"1622501708043673_1634171946876649"}

ABC News Politics
-----------------------------

Right Wing News
-----------------------------
$VAR1 = {
          'link' => 'http://newsbake.com/entertainment-news/celebrity-news/kacey-musgraves-urges-prayers-brutal-hit-run-please-pray/?utm_source=Right+Wing+News&utm_medium=musgraves%2F12%2F18&utm_term=Right+Wing+News%2Fmusgraves%2F12%2F18',
          'caption' => 'newsbake.com',
          'created_time' => '2016-12-18T19:00:01+0000',
          'name' => 'Kacey Musgraves Urges For Prayers After Brutal Hit & Run, Please PRAY!',
          'id' => '389658314427637_1642483459145110',
          'message' => 'Do NOT Ignore.

Please say a quick prayer below!'
        };

Domain: newsbake.com

The Wall Street Journal
-----------------------------

MSNBC
-----------------------------

the Drudge Report
-----------------------------

Mic
-----------------------------

The Economist
-----------------------------

Bloomberg Politics
-----------------------------

CBS News
-----------------------------
$VAR1 = {
          'link' => 'http://cbsn.ws/2hxCRFt',
          'caption' => 'www.cbsnews.com',
          'created_time' => '2016-12-18T19:00:03+0000',
          'name' => 'Corpus Christi tap water ban is over, mayor says',
          'id' => '131459315949_10154183326880950',
          'message' => 'Corpus Christi\'s 300,000 residents had been told not to drink the city\'s water due to a chemical leak at an asphalt plant.'
        };

Domain: cbsnews.com
Response:
{"id":"1622501708043673_1634172080209969"}

The Young Turks
-----------------------------

Occupy Democrats
-----------------------------

CBC News
-----------------------------
$VAR1 = {
          'link' => 'http://www.cbc.ca/news/canada/ottawa/red-couch-tour-unveiled-1.3898596',
          'caption' => 'cbc.ca',
          'created_time' => '2016-12-18T19:00:00+0000',
          'name' => 'Why a Polish duo\'s red couch will be part of Canada\'s 150th birthday festivities',
          'id' => '5823419603_10154956788529604',
          'message' => 'The tour will collect video testimonials on what it means to be Canadian.'
        };

Newsweek
-----------------------------

CNN International
-----------------------------

The New Yorker
-----------------------------
$VAR1 = {
          'link' => 'http://nyer.cm/ZgV2sVg',
          'caption' => 'newyorker.com',
          'created_time' => '2016-12-18T18:57:10+0000',
          'name' => "Barack Obama\x{2019}s Sanity-Affirming Press Conference",
          'id' => '9258148868_10154296796528869',
          'message' => 'In a press conference on Friday, President Obama\'s tone and his message were the right ones, and sanity-affirming.'
        };

Domain: newyorker.com
Response:
{"id":"1622501708043673_1634172163543294"}

Rush Limbaugh
-----------------------------

The Independent
-----------------------------

TheBlaze
-----------------------------

NPR Politics
-----------------------------

The New York Times
-----------------------------
$VAR1 = {
          'link' => 'https://www.nytimes.com/2016/12/17/opinion/sunday/the-tent-cities-of-san-francisco.html?smid=fb-nytimes&smtyp=cur',
          'caption' => 'nytimes.com',
          'created_time' => '2016-12-18T18:55:00+0000',
          'name' => 'The Tent Cities of San Francisco',
          'id' => '5281959998_10151014171739999',
          'message' => 'In San Francisco, there are tents on sidewalks above which people pay $4,500 a month for one-bedroom apartments.

Read on in The New York Times Opinion Section.'
        };

Domain: nytimes.com
Response:
{"id":"1622501708043673_1634172216876622"}

NPR
-----------------------------

MSN
-----------------------------
$VAR1 = {
          'link' => 'http://msn.com/en-us/news/world/duterte-painkiller-use-draws-concern-in-philippines/ar-AAlHeG8?ocid=ob-fb-enus-280',
          'caption' => 'msn.com',
          'created_time' => '2016-12-18T18:54:54+0000',
          'name' => 'Duterte painkiller use draws concern in Philippines',
          'id' => '49940376408_10154141000506409'
        };

Domain: msn.com

CNN Politics
-----------------------------
$VAR1 = {
          'link' => 'http://cnn.it/2h00veQ',
          'caption' => 'www.cnn.com',
          'created_time' => '2016-12-18T19:00:05+0000',
          'name' => 'Van Jones: \'Cyber war is real war\'',
          'id' => '219367258105115_1401371886571307',
          'message' => 'Van Jones says the country and the President-elect must "be honest" about the extent of Russia\'s intervention in the US election.'
        };

Domain: cnn.com
Response:
{"id":"1622501708043673_1634172340209943"}

The Daily Show
-----------------------------
$VAR1 = {
          'link' => 'http://on.cc.com/2hfuFXy',
          'caption' => 'www.cc.com',
          'created_time' => '2016-12-18T19:00:00+0000',
          'name' => 'Between the Scenes - Trump\'s Foreign Policy Knowhow',
          'id' => '7976226799_10154853440296800',
          'message' => 'Trevor has some doubts about Donald Trump\'s ability to govern without intelligence briefings.'
        };

Domain: cc.com
Response:
{"id":"1622501708043673_1634172503543260"}

Daily Kos
-----------------------------
$VAR1 = {
          'link' => 'http://www.dailykos.com/stories/2016/12/18/1608621/-Democrats-can-learn-from-the-Rev-William-Barber-and-the-Moral-Mondays-fusion-movement?detail=facebook',
          'caption' => 'dailykos.com',
          'created_time' => '2016-12-18T19:00:00+0000',
          'name' => 'Democrats can learn from the Rev. William Barber and the Moral Mondays fusion movement',
          'id' => '43179984254_10154977399199255',
          'message' => 'For those of you are who already aware of the movement, please take the time to share with those in your networks who may not.'
        };

Domain: dailykos.com
Response:
{"id":"1622501708043673_1634172703543240"}

Yahoo News
-----------------------------
$VAR1 = {
          'link' => 'https://yhoo.it/2hfHcKs',
          'caption' => 'yahoo.com',
          'created_time' => '2016-12-18T19:00:12+0000',
          'name' => 'Podesta: FBI contacted me just once about hacked emails',
          'id' => '338028696036_10155004366241037',
          'message' => 'Hillary Clinton\'s former campaign chairman remains critical of the bureau\'s response to the Russian plot to "sabotage" her election.'
        };

Domain: yahoo.com
Response:
{"id":"1622501708043673_1634172880209889"}

The Guardian
-----------------------------

CNN
-----------------------------

Slate.com
-----------------------------

the AP
-----------------------------

Sean Hannity
-----------------------------

The Ed Schultz Show
-----------------------------

The Atlantic
-----------------------------

Bloomberg
-----------------------------

BuzzFeed
-----------------------------

Fox News
-----------------------------
$VAR1 = {
          'link' => 'https://www.facebook.com/FoxNews/photos/a.184044921335.134777.15704546335/10154907820021336/?type=3',
          'created_time' => '2016-12-18T19:00:01+0000',
          'name' => 'Timeline Photos',
          'id' => '15704546335_10154907820021336',
          'message' => 'Yesterday at the final stop on his "Thank You" tour, President-elect Donald J. Trump began his speech by wishing everyone a Merry Christmas. http://fxn.ws/2i1DP9Z'
        };

VICE
-----------------------------

Glenn Beck
-----------------------------

The Other 98%
-----------------------------


Total Posts Made:	12


