***********************************************************************************
Started at 23:15:01 on 00/11/2017
***********************************************************************************
Querying souces from the past 15 minutes....

Al Jazeera
-----------------------------

Upworthy
-----------------------------
$VAR1 = {
          'link' => 'http://u.pw/2j7GhQ6',
          'caption' => 'upworthy.com',
          'created_time' => '2017-01-12T04:01:01+0000',
          'name' => 'Sadness and depression can be easily confused. These 10 tweets show there\'s a difference.',
          'id' => '354522044588660_1595207073853478',
          'message' => 'The hashtag started trending in August, but the message is just as important today.'
        };

Domain: upworthy.com

The Huffington Post
-----------------------------
$VAR1 = {
          'link' => 'http://huff.to/2ila8Um',
          'caption' => 'huffingtonpost.com',
          'created_time' => '2017-01-12T04:00:31+0000',
          'name' => 'Civil Rights Leader John Lewis Warns Against Jeff Sessions As Attorney General',
          'id' => '18468761129_10154600365891130',
          'message' => "\x{201c}We need someone as attorney general who is going to look out for all of us and not just for some of us.\""
        };

Domain: huffingtonpost.com
Response:
{"id":"1622501708043673_1642642992696211"}

HuffPost Women
-----------------------------
$VAR1 = {
          'link' => 'http://huff.to/2jEN44Z',
          'caption' => 'huffingtonpost.com',
          'created_time' => '2017-01-12T04:00:53+0000',
          'name' => 'Why I Started The Feminist Porn Awards 10 Years Ago',
          'id' => '153213781413350_1270305889704128',
          'message' => '"Our sexual desires and fantasies deserve so much more than the largely crappy, racist, male-dominated images being produced."'
        };

Domain: huffingtonpost.com
Response:
{"id":"1622501708043673_1642645666029277"}

PBS News Hour
-----------------------------

ATTN:
-----------------------------

Reuters
-----------------------------
$VAR1 = {
          'link' => 'http://reut.rs/2j9Fu1o',
          'caption' => 'www.reuters.com',
          'created_time' => '2017-01-12T04:05:10+0000',
          'name' => 'Dollar loses altitude, Asia shares at 11-week top',
          'id' => '114050161948682_1357852850901734',
          'message' => 'The U.S. dollar nursed widespread losses on Thursday after President-elect Donald Trump\'s long-awaited news briefing provided scant clarity on future fiscal policies, disappointing bulls wagering on major stimulus.'
        };

Domain: reuters.com

NowThis
-----------------------------
$VAR1 = {
          'link' => 'https://www.facebook.com/NowThisNews/videos/1298827193540735/',
          'created_time' => '2017-01-12T04:15:00+0000',
          'name' => 'Man Breaks into Dance Store Wearing Leotard',
          'id' => '341163402640457_1298827193540735',
          'message' => 'A man in a leotard robbed this dance store twice in one night'
        };

Daily Caller
-----------------------------
$VAR1 = {
          'link' => 'http://trib.al/yKAULxC',
          'caption' => 'dailycaller.com',
          'created_time' => '2017-01-12T04:09:02+0000',
          'name' => 'New York Times Makes It Seem Anti-White Torture Was Committed By White Trump Fans',
          'id' => '182919686769_10154128846391770',
          'message' => 'The New York Times published an article Wednesday that framed the recent kidnapping and torturing of a handicapped white man at the hands of four black Chicagoans as possibly being done by white Donald Trump supporters.'
        };

Domain: dailycaller.com
$VAR1 = {
          'link' => 'http://trib.al/kSRz3YO',
          'caption' => 'dailycaller.com',
          'created_time' => '2017-01-12T04:01:00+0000',
          'name' => "Hope Beel\x{2019}s Swimsuit Doesn\x{2019}t Cover Up Much",
          'id' => '182919686769_10154128764681770',
          'message' => 'This skimpy little swimsuit doesn\'t hide much....'
        };

Domain: dailycaller.com

CNBC
-----------------------------
$VAR1 = {
          'link' => 'http://cnb.cx/2jcff7L',
          'caption' => 'cnbc.com',
          'created_time' => '2017-01-12T04:04:06+0000',
          'name' => 'Biden outlines steps to pursue post-Obama \'cancer moonshot\'',
          'id' => '97212224368_10155093616749369',
          'message' => 'Joe Biden has pushed for progress toward a cure since his son, Beau Biden, died from brain cancer in 2015.'
        };

Domain: cnbc.com

The Onion
-----------------------------

Opposing Views
-----------------------------

the Today Show
-----------------------------
$VAR1 = {
          'link' => 'http://www.today.com/recipes/chocolate-banana-overnight-oatmeal-recipe-t106902',
          'caption' => 'today.com',
          'created_time' => '2017-01-12T04:15:00+0000',
          'name' => 'Prep an easy and healthy breakfast of chocolate-banana overnight oatmeal',
          'id' => '12566691349_10154923578056350',
          'message' => 'Beat breakfast boredom.'
        };

Domain: today.com
$VAR1 = {
          'link' => 'http://www.today.com/home/nate-berkus-launches-nursery-line-target-see-colection-t106891',
          'caption' => 'today.com',
          'created_time' => '2017-01-12T04:11:00+0000',
          'name' => 'Baby on board? Nate Berkus\' new nursery line for Target is a must-see',
          'id' => '12566691349_10154923230556350',
          'message' => "Nursery d\x{e9}cor that is stylish, too? It exists!"
        };

Domain: today.com

Kotaku
-----------------------------
$VAR1 = {
          'link' => 'http://trib.al/nJ3QhOE',
          'caption' => 'kotaku.com',
          'created_time' => '2017-01-12T04:05:35+0000',
          'name' => 'Tony Rosato, The Cartoon Voice Of Luigi, Dead At 62',
          'id' => '273824104039_10155017549569040',
          'message' => 'RIP.'
        };

Domain: kotaku.com

Washington Post
-----------------------------

the American Center for Law and Justice
-----------------------------
$VAR1 = {
          'link' => 'https://www.facebook.com/theACLJ/videos/10154042065885047/',
          'created_time' => '2017-01-12T04:02:48+0000',
          'id' => '58158120046_10154042065885047',
          'message' => "Planned Parenthood was caught selling the body parts of aborted babies \x{2013} yet President Obama is still forcing every state to fund the abortion giant.
     
Sign our pro-life petition to fight back: http://aclj.us/2iiwrXE"
        };

VICE News
-----------------------------

PBS
-----------------------------
$VAR1 = {
          'link' => 'http://www.pbs.org/newshour/rundown/u-s-ethics-chief-blasts-trump-plan-keep-business-profits/',
          'caption' => 'www.pbs.org',
          'created_time' => '2017-01-12T04:05:30+0000',
          'name' => 'U.S. ethics chief blasts Trump plan to keep business profits',
          'id' => '19013582168_10154341680442169',
          'message' => 'U.S. ethics chief blasts Trump plan to keep business profits (From PBS NewsHour)'
        };

Domain: pbs.org
Response:
{"id":"1622501708043673_1642645732695937"}

Mother Jones
-----------------------------

HuffPost Good News
-----------------------------

BBC News
-----------------------------
$VAR1 = {
          'link' => 'http://bbc.in/2j8cCXh',
          'caption' => 'bbc.com',
          'created_time' => '2017-01-12T04:02:38+0000',
          'name' => 'Fury over India flag doormats for sale on Amazon.ca',
          'id' => '228735667216_10154296647612217',
          'message' => '"Amazon.com must withdraw all products insulting our national flag immediately."'
        };

Domain: bbc.com

Breaking News
-----------------------------

The Verge
-----------------------------

New York Magazine
-----------------------------
$VAR1 = {
          'link' => 'http://nym.ag/2jjWG1u',
          'caption' => 'nymag.com',
          'created_time' => '2017-01-12T04:00:59+0000',
          'name' => "The Sweatpants That Don\x{2019}t Look Like You\x{2019}ve Given Up On Life",
          'id' => '14516439825_10154948638969826',
          'message' => "What\x{2019}s so wrong about pants with a little elastic at the waist?"
        };

Domain: nymag.com

TIME
-----------------------------
$VAR1 = {
          'link' => 'http://ti.me/2jkBV5Y',
          'caption' => 'motto.time.com',
          'created_time' => '2017-01-12T04:00:30+0000',
          'name' => 'These Hilarious Valentine\'s Day Gifts Will Make Anybody Love You',
          'id' => '10606591490_10154341604156491',
          'message' => 'Looking to mix it up on Valentine\'s Day? Try one of these out-of-the box ideas.'
        };

Domain: time.com

the Business Insider
-----------------------------
$VAR1 = {
          'link' => 'http://read.bi/2jFaqri',
          'caption' => 'businessinsider.com',
          'created_time' => '2017-01-12T04:14:55+0000',
          'name' => 'Mercedes finally has a solution to the most annoying thing about windshield wipers',
          'id' => '20446254070_10154279377639071',
          'message' => 'Bird poop be gone.'
        };

Domain: businessinsider.com

ThinkProgress
-----------------------------

POLITICO
-----------------------------

USA TODAY
-----------------------------
$VAR1 = {
          'link' => 'http://usat.ly/2jvQYJ6',
          'caption' => 'usatoday.com',
          'created_time' => '2017-01-12T04:08:00+0000',
          'name' => 'USA TODAY\'s top 100 books of 2016',
          'id' => '13652355666_10154274971485667',
          'message' => 'OK, bookworms. Give us your tally. How many have you read?'
        };

Domain: usatoday.com
Response:
{"id":"1622501708043673_1642645822695928"}

American News
-----------------------------

ABC News
-----------------------------
$VAR1 = {
          'link' => 'http://abcn.ws/2ilLKlI',
          'caption' => 'abcnews.go.com',
          'created_time' => '2017-01-12T04:04:06+0000',
          'name' => 'Tillerson Calls Climate Change a \'Risk,\' Breaks With Trump on Paris Agreement',
          'id' => '86680728811_10155248880448812',
          'message' => "Rex Tillerson, former ExxonMobil CEO and Pres.-elect Donald J. Trump's nominee for secretary of state, was confronted about Exxon\x{2019}s climate change record by Sen. Tim Kaine during Senate confirmation hearings."
        };

Domain: go.com
Response:
{"id":"1622501708043673_1642645866029257"}

HuffPost Politics
-----------------------------
$VAR1 = {
          'link' => 'http://huff.to/2jjNXfL',
          'caption' => 'm.huffpost.com',
          'created_time' => '2017-01-12T04:00:49+0000',
          'name' => 'Sessions Supporters Won\'t Back Trump\'s Unsupported Claim That \'Millions\' Voted Illegally',
          'id' => '56845382910_10154695819962911',
          'message' => 'No one on the panel spoke up.'
        };

Domain: huffpost.com

NBC News
-----------------------------
$VAR1 = {
          'link' => 'http://nbcnews.to/2j8OMup',
          'caption' => 'nbcnews.com',
          'created_time' => '2017-01-12T04:00:18+0000',
          'name' => "Rubio presses Tillerson on Aleppo, Putin\x{2019}s role in dissident murders",
          'id' => '155869377766434_1662222697131087',
          'message' => 'Marco Rubio did not shy away from asking the Secretary of State nominee pointed questions about Russia during his confirmation hearing Wednesday.'
        };

Domain: nbcnews.com
Response:
{"id":"1622501708043673_1642645916029252"}

AJ+
-----------------------------
$VAR1 = {
          'link' => 'https://www.facebook.com/ajplusenglish/videos/877972869010888/',
          'created_time' => '2017-01-12T04:01:00+0000',
          'name' => 'Steve Harvey\'s Rant Against Asian Men',
          'id' => '407570359384477_877972869010888',
          'message' => 'Steve Harvey and his audience found his rant against Asian men really funny. The internet did not.'
        };

Wikileaks
-----------------------------

CNNMoney
-----------------------------
$VAR1 = {
          'link' => 'http://cnn.it/1Ud34XD',
          'caption' => 'www.cnn.com',
          'created_time' => '2017-01-12T04:05:00+0000',
          'name' => 'Instant vacation: The world\'s best travel photos',
          'id' => '6651543066_10154272323793067',
          'message' => 'If inspiration is the first step in travel, the journey starts here. http://cnn.it/1Ud34XD (via CNN Travel)'
        };

Domain: cnn.com
Response:
{"id":"1622501708043673_1642645949362582"}

ABC News Politics
-----------------------------
$VAR1 = {
          'link' => 'http://abcn.ws/2jFDu1y',
          'caption' => 'abcnews.go.com',
          'created_time' => '2017-01-12T04:12:18+0000',
          'name' => 'Everything You Need to Know About Trump\'s Pick for VA Secretary, David Shulkin',
          'id' => '184096565021911_1150214231743468',
          'message' => 'David Shulkin, a doctor, would be the first U.S. Department of Veterans Affairs secretary in history not to have served in the military. He would also be Pres.-elect Donald J. Trump first cabinet nominee who was nominated to a position within Pres. Barack Obama\'s administration.'
        };

Domain: go.com
Response:
{"id":"1622501708043673_1642646016029242"}

Right Wing News
-----------------------------

The Wall Street Journal
-----------------------------
$VAR1 = {
          'link' => 'http://on.wsj.com/2j8QZWN',
          'caption' => 'wsj.com',
          'created_time' => '2017-01-12T04:00:16+0000',
          'name' => "Publishers Aren\x{2019}t Seeing Revenue From Instagram\x{2019}s New Ads",
          'id' => '8304333127_10155273271198128',
          'message' => 'For publishers Instagram Stories are, for now, the anti-Discover.'
        };

Domain: wsj.com
Response:
{"id":"1622501708043673_1642646142695896"}

MSNBC
-----------------------------

the Drudge Report
-----------------------------

Mic
-----------------------------

The Economist
-----------------------------

Bloomberg Politics
-----------------------------
$VAR1 = {
          'link' => 'http://bloom.bg/2if2v3D',
          'caption' => 'bloomberg.com',
          'created_time' => '2017-01-12T04:06:24+0000',
          'name' => 'Soros-Funded Group to Stay in Hungary Amid Trump-Inspired Crackdown',
          'id' => '1481073582140028_1867141996866516',
          'message' => 'Fighting back.'
        };

Domain: bloomberg.com
Response:
{"id":"1622501708043673_1642646219362555"}

CBS News
-----------------------------

The Young Turks
-----------------------------

Occupy Democrats
-----------------------------
$VAR1 = {
          'link' => 'https://www.facebook.com/OccupyDemocrats/photos/a.347907068635687.81180.346937065399354/1384595841633466/?type=3',
          'created_time' => '2017-01-12T04:13:42+0000',
          'name' => 'Timeline Photos',
          'id' => '346937065399354_1384595841633466',
          'message' => 'Seriously... how can anyone be so dumb?

Thanks to Hostile Politics.'
        };

CBC News
-----------------------------

Newsweek
-----------------------------
$VAR1 = {
          'link' => 'http://www.newsweek.com/iphone-10-why-apples-smartphone-revolution-has-come-price-541107',
          'caption' => 'newsweek.com',
          'created_time' => '2017-01-12T04:08:00+0000',
          'name' => 'iPhone at 10: Why Apple\'s smartphone revolution has come at a price',
          'id' => '18343191100_10154774564656101',
          'message' => 'We are merely users in the hands of the big tech companies.'
        };

Domain: newsweek.com

CNN International
-----------------------------

The New Yorker
-----------------------------

Rush Limbaugh
-----------------------------

The Independent
-----------------------------
$VAR1 = {
          'link' => 'http://www.independent.co.uk/life-style/love-sex/cheaters-infidelity-mobile-apps-unfaithful-relationships-split-love-dating-smartphone-a7521556.html?cmpid=facebook-post',
          'caption' => 'independent.co.uk',
          'created_time' => '2017-01-12T04:01:00+0000',
          'name' => 'If your partner has any of these apps on their phone, they\'re probably cheating on you',
          'id' => '13312631635_10154379701511636',
          'message' => 'Take note'
        };

Domain: independent.co.uk

TheBlaze
-----------------------------

NPR Politics
-----------------------------

The New York Times
-----------------------------
$VAR1 = {
          'link' => 'http://www.nytimes.com/watching/lists/binge-watch-one-season-wonders?smid=fb-nytimes&smtyp=cur',
          'caption' => 'nytimes.com',
          'created_time' => '2017-01-12T04:10:00+0000',
          'name' => 'Binge These One-Season Wonders',
          'id' => '5281959998_10151044993949999',
          'message' => 'Here\'s where you can stream "Firefly," "My So-Called Life," "Freaks and Geeks" and other one-season wonders. (via NYT Watching)'
        };

Domain: nytimes.com
Response:
{"id":"1622501708043673_1642646366029207"}

NPR
-----------------------------
$VAR1 = {
          'link' => 'http://www.npr.org/2017/01/10/509168850/student-painting-depicting-cops-as-animals-sparks-tensions-on-capitol-hill?utm_source=facebook.com&utm_medium=social&utm_campaign=npr&utm_term=nprnews&utm_content=20170111',
          'caption' => 'npr.org',
          'created_time' => '2017-01-12T04:01:00+0000',
          'name' => 'Student Painting Depicting Cops As Animals Sparks Tensions On Capitol Hill',
          'id' => '10643211755_10155177645831756',
          'message' => '"This is really not about a student art competition anymore. It\'s about defending the Constitution," said Rep. William Lacy Clay.'
        };

Domain: npr.org
Response:
{"id":"1622501708043673_1642646472695863"}

MSN
-----------------------------

CNN Politics
-----------------------------

The Daily Show
-----------------------------

Daily Kos
-----------------------------

Yahoo News
-----------------------------

The Guardian
-----------------------------

CNN
-----------------------------

Slate.com
-----------------------------
$VAR1 = {
          'link' => 'http://slate.me/2id1pDM',
          'caption' => 'slate.com',
          'created_time' => '2017-01-12T04:15:03+0000',
          'name' => "Scandal Delayed to Make Room for America\x{2019}s First Family: The Trumps Go to Washington",
          'id' => '21516776437_10154751968331438',
          'message' => "Also Grey\x{2019}s Anatomy and How to Get Away with Murder, for good measure."
        };

Domain: slate.com
Response:
{"id":"1622501708043673_1642646516029192"}

the AP
-----------------------------

Sean Hannity
-----------------------------
$VAR1 = {
          'link' => 'https://www.facebook.com/SeanHannity/videos/10158241536615389/',
          'created_time' => '2017-01-12T04:03:57+0000',
          'id' => '69813760388_10158241536615389',
          'message' => "Question of the Day: What did you think of President-elect Donald J. Trump\x{2019}s press conference today?"
        };

The Ed Schultz Show
-----------------------------

The Atlantic
-----------------------------

Bloomberg
-----------------------------

BuzzFeed
-----------------------------

Fox News
-----------------------------

VICE
-----------------------------
$VAR1 = {
          'link' => 'https://www.vice.com/en_ca/article/deporting-young-immigrants-only-hurts-america?utm_source=vicefbca&utm_campaign=Canada',
          'caption' => 'www.vice.com',
          'created_time' => '2017-01-12T04:01:02+0000',
          'name' => 'Deporting Young Immigrants Only Hurts America',
          'id' => '167115176655082_1525068770859709',
          'message' => 'Ending Deferred Action for Childhood Arrivals (DACA) could decrease the national GDP by $433.4 billion over the next decade.'
        };

Domain: vice.com

Glenn Beck
-----------------------------

The Other 98%
-----------------------------


Total Posts Made:	13


