***********************************************************************************
Started at 10:45:01 on 11/14/2016
***********************************************************************************
Querying souces from the past 15 minutes....

Al Jazeera
-----------------------------
$VAR1 = {
          'link' => 'https://www.facebook.com/aljazeera/videos/10154975435728690/',
          'created_time' => '2016-12-14T15:33:53+0000',
          'name' => 'Low MP turnout to Aleppo emergency session',
          'id' => '7382473689_10154975435728690',
          'message' => 'Brits are calling their MPs out for low turnout at last night\'s emergency session on Aleppo.'
        };

Upworthy
-----------------------------

The Huffington Post
-----------------------------
$VAR1 = {
          'link' => 'http://huff.to/2gL0tWp',
          'caption' => 'huffingtonpost.com',
          'created_time' => '2016-12-14T15:30:35+0000',
          'name' => 'How to Help Kids Stop Automatic Negative Thoughts',
          'id' => '18468761129_10154511797276130',
          'message' => "\"It\x{2019}s time to ditch the idea of positive thinking and introduce the tool of accurate thinking,\" writes contributor Renee Jain"
        };

Domain: huffingtonpost.com
Response:
{"id":"1622501708043673_1632507297043114"}

HuffPost Women
-----------------------------

PBS News Hour
-----------------------------
$VAR1 = {
          'link' => 'http://www.pbs.org/newshour/rundown/babies-zika-infection-brain-defects-researchers-say/',
          'caption' => 'pbs.org',
          'created_time' => '2016-12-14T15:35:00+0000',
          'name' => '4 in 10 babies born after Zika infection may have brain defects, researchers say',
          'id' => '6491828674_10154869323668675',
          'message' => "\x{201c}For every case of microcephaly you\x{2019}re probably going to have 10 cases of other problems that haven\x{2019}t been recognized.\x{201d} (via STAT)"
        };

Domain: pbs.org
Response:
{"id":"1622501708043673_1632507423709768"}

ATTN:
-----------------------------

Reuters
-----------------------------
$VAR1 = {
          'link' => 'https://www.facebook.com/Reuters/videos/1322414067778946/',
          'created_time' => '2016-12-14T15:35:18+0000',
          'name' => 'Fish restaurant called "Trump" opens in northern Iraq',
          'id' => '114050161948682_1322414067778946',
          'message' => 'A Kurdish businessman in the northern Iraqi city of Duhok hopes that using the name "Trump" will attract customers to his fish restaurant. Read more: http://reut.rs/2gLeEL9'
        };

NowThis
-----------------------------
$VAR1 = {
          'link' => 'https://www.facebook.com/NowThisEntertainment/videos/1259941030734123/',
          'created_time' => '2016-12-14T15:31:04+0000',
          'name' => 'NowThis Entertainment',
          'id' => '341163402640457_1265112553578866',
          'message' => 'Alan Thicke died Tuesday from a heart attack'
        };
$VAR1 = {
          'link' => 'https://www.facebook.com/NowThisNews/videos/1265118176911637/',
          'created_time' => '2016-12-14T15:31:00+0000',
          'id' => '341163402640457_1265118176911637',
          'message' => 'A moment of silence... 
4 years ago today, 26 people were killed in the mass shooting at Sandy Hook Elementary School'
        };

Daily Caller
-----------------------------
$VAR1 = {
          'link' => 'http://trib.al/7KRIleX',
          'caption' => 'dailycaller.com',
          'created_time' => '2016-12-14T15:32:30+0000',
          'name' => "Duterte Murdered People To Show Cops How It\x{2019}s Done",
          'id' => '182919686769_10154046474766770',
          'message' => 'Foreign leader admits he murdered people just to show police how it\'s done'
        };

Domain: dailycaller.com

CNBC
-----------------------------
$VAR1 = {
          'link' => 'http://cnb.cx/2huz1KK',
          'caption' => 'cnbc.com',
          'created_time' => '2016-12-14T15:31:22+0000',
          'name' => "Tillerson is capable but won\x{2019}t quell Trump concerns in Asia",
          'id' => '97212224368_10154993197249369',
          'message' => '"I don\'t believe that Trump actually has the policy chops to know the implications of what he\'s doing but I do know that American allies in Asia are desperately concerned..."'
        };

Domain: cnbc.com

The Onion
-----------------------------

Opposing Views
-----------------------------
$VAR1 = {
          'link' => 'https://www.opposingviews.com/i/society/game-thrones-threatens-sue-autistic-13-year-old-girl',
          'caption' => 'opposingviews.com',
          'created_time' => '2016-12-14T15:36:40+0000',
          'name' => 'HBO\'s Game Of Thrones Threatens To Sue Autistic 13-Year-Old Girl',
          'id' => '34226391050_10154341138546051',
          'message' => 'Game of Thrones is threatening an autistic 13-year-old girl with a lawsuit. Here\'s why.'
        };

Domain: opposingviews.com

the Today Show
-----------------------------

Kotaku
-----------------------------

Washington Post
-----------------------------
$VAR1 = {
          'link' => 'https://www.washingtonpost.com/politics/trump-recruits-army-of-chief-executives-to-battle-with-the-system-in-washington/2016/12/13/cc25cd12-c14d-11e6-9578-0054287507db_story.html?tid=sm_fb&utm_term=.aeef0b77ac8c',
          'caption' => 'washingtonpost.com',
          'created_time' => '2016-12-14T15:30:33+0000',
          'name' => 'Trump recruits army of chief executives to battle with the system in Washington',
          'id' => '6250307292_10154529610157293',
          'message' => 'Trump is stocking the upper echelons of his administration with more than the usual share of business titans like himself.'
        };

Domain: washingtonpost.com
Response:
{"id":"1622501708043673_1632507530376424"}

the American Center for Law and Justice
-----------------------------

VICE News
-----------------------------

PBS
-----------------------------

Mother Jones
-----------------------------

HuffPost Good News
-----------------------------

BBC News
-----------------------------
$VAR1 = {
          'link' => 'http://bbc.in/2hNvS8p',
          'caption' => 'bbc.co.uk',
          'created_time' => '2016-12-14T15:41:14+0000',
          'name' => 'British Airways crew vote for Heathrow strike',
          'id' => '228735667216_10154208265207217',
          'message' => 'It\'s unclear whether Christmas travellers will be affected.'
        };

Domain: bbc.co.uk
Response:
{"id":"1622501708043673_1632507613709749"}

Breaking News
-----------------------------

The Verge
-----------------------------

New York Magazine
-----------------------------
$VAR1 = {
          'link' => 'http://nym.ag/2hNuu5w',
          'caption' => 'vulture.com',
          'created_time' => '2016-12-14T15:44:07+0000',
          'name' => 'Michael Moore\'s Next Prediction Is a Lot More Dire: \'Donald Trump Is Gonna Get Us Killed\'',
          'id' => '14516439825_10154853423694826',
          'message' => '"He will suspend constitutional rights. He will round up anyone he deems a threat. He will declare war, and his Republican Congress will back him."'
        };

Domain: vulture.com

TIME
-----------------------------
$VAR1 = {
          'link' => 'http://ti.me/2gAvJE6',
          'caption' => 'time.com',
          'created_time' => '2016-12-14T15:30:34+0000',
          'name' => 'Watch Bruno Mars Jam Out to Elvis With James Corden on Carpool Karaoke',
          'id' => '10606591490_10154260358876491',
          'message' => 'Bruno Mars brought the funk to Carpool Karaoke.'
        };

Domain: time.com

the Business Insider
-----------------------------
$VAR1 = {
          'link' => 'http://read.bi/2he4fbL',
          'caption' => 'businessinsider.com',
          'created_time' => '2016-12-14T15:40:16+0000',
          'name' => "This is how much it\x{2019}ll cost you to open a McDonald\x{2019}s",
          'id' => '20446254070_10154187697429071',
          'message' => 'It\'s not as easy as you\'d think.'
        };

Domain: businessinsider.com

ThinkProgress
-----------------------------

POLITICO
-----------------------------
$VAR1 = {
          'link' => 'http://politi.co/2htaHfr',
          'caption' => 'politi.co',
          'created_time' => '2016-12-14T15:40:08+0000',
          'name' => 'Ex-CIA chief: Trump responsible if U.S. attacked while he skips intel briefings',
          'id' => '62317591679_10154093187096680',
          'message' => 'Leon Panetta said Donald J. Trump\'s disinterest in the briefings can\'t last.'
        };

Domain: politi.co

Alias: politico.com
Response:
{"id":"1622501708043673_1632507717043072"}

USA TODAY
-----------------------------
$VAR1 = {
          'link' => 'http://www.usatoday.com/story/life/entertainthis/2016/12/14/hilary-duff-defends-kissing-her-four-year-old-son-luca-on-the-lips/95415942/',
          'caption' => 'usatoday.com',
          'created_time' => '2016-12-14T15:40:00+0000',
          'name' => 'Hilary Duff defends kissing her four-year-old son on the lips',
          'id' => '13652355666_10154162850500667',
          'message' => 'It started off as a sweet picture from Hillary Duff\'s family Disneyland trip.'
        };

Domain: usatoday.com
Response:
{"id":"1622501708043673_1632507837043060"}

American News
-----------------------------

ABC News
-----------------------------

HuffPost Politics
-----------------------------
$VAR1 = {
          'link' => 'http://huff.to/2hqQw1F',
          'caption' => 'm.huffpost.com',
          'created_time' => '2016-12-14T15:30:32+0000',
          'name' => 'Joe Biden Enlists Jon Stewart And 9/11 Heroes For His Cancer Moonshot',
          'id' => '56845382910_10154605617677911',
          'message' => "\"You kind of threw yourself in front of a train, man, to make sure that people didn\x{2019}t walk away,\" Vice President Biden said in praise of Jon Stewart."
        };

Domain: huffpost.com

NBC News
-----------------------------

AJ+
-----------------------------

Wikileaks
-----------------------------

CNNMoney
-----------------------------
$VAR1 = {
          'link' => 'http://cnnmon.ie/2gIGiKh',
          'caption' => 'money.cnn.com',
          'created_time' => '2016-12-14T15:33:00+0000',
          'name' => 'Fed on track to raise rates today: 4 fast facts',
          'id' => '6651543066_10154188549253067',
          'message' => 'America\'s second interest rate in a decade could be here soon. Here\'s why: http://cnnmon.ie/2gIGiKh'
        };

Domain: cnn.com
Response:
{"id":"1622501708043673_1632507967043047"}

ABC News Politics
-----------------------------

Right Wing News
-----------------------------

The Wall Street Journal
-----------------------------
$VAR1 = {
          'link' => 'http://on.wsj.com/2hF1K2U',
          'caption' => 'wsj.com',
          'created_time' => '2016-12-14T15:40:09+0000',
          'name' => 'Amazon Conducts First Commercial Drone Delivery',
          'id' => '8304333127_10155108754278128',
          'message' => "The first customer, a British man near Cambridge in the U.K., ordered a Fire TV and a bag of popcorn. Amazon\x{2019}s drone took 13 minutes to deliver the 4.7 pound package to a two-story farmhouse after flying over the English countryside."
        };

Domain: wsj.com
Response:
{"id":"1622501708043673_1632508130376364"}

MSNBC
-----------------------------
$VAR1 = {
          'link' => 'http://on.msnbc.com/2ht9tRr',
          'caption' => 'msnbc.com',
          'created_time' => '2016-12-14T15:30:31+0000',
          'name' => 'Terror expert: Conway is \'two-faced\' to intel agencies',
          'id' => '273864989376427_1391681577594757',
          'message' => 'Malcom Nance, a terror expert, says he begged Kellyanne Conway to take the CIA\'s reports on Russia seriously ...

Five minutes later she went on Face The Nation and called the analysis "ludicrous," he said.'
        };

Domain: msnbc.com
Response:
{"id":"1622501708043673_1632508223709688"}

the Drudge Report
-----------------------------

Mic
-----------------------------

The Economist
-----------------------------

Bloomberg Politics
-----------------------------
$VAR1 = {
          'link' => 'http://bloom.bg/2hwDDke',
          'caption' => 'bloomberg.com',
          'created_time' => '2016-12-14T15:40:42+0000',
          'name' => 'The Phone Call Between Donald Trump and Bill Gates',
          'id' => '1481073582140028_1853277638252952',
          'message' => 'Not an easy conversation.'
        };

Domain: bloomberg.com
Response:
{"id":"1622501708043673_1632508313709679"}

CBS News
-----------------------------
$VAR1 = {
          'link' => 'http://cbsn.ws/2hwqTKn',
          'caption' => 'www.cbsnews.com',
          'created_time' => '2016-12-14T15:40:03+0000',
          'name' => 'SAG Awards 2017: List of nominations',
          'id' => '131459315949_10154170313615950',
          'message' => 'Sophia Bush and Common were on hand to announce the list of nominations for the 2017 SAG Awards.'
        };

Domain: cbsnews.com
Response:
{"id":"1622501708043673_1632508383709672"}

The Young Turks
-----------------------------

Occupy Democrats
-----------------------------

CBC News
-----------------------------

Newsweek
-----------------------------

CNN International
-----------------------------

The New Yorker
-----------------------------
$VAR1 = {
          'link' => 'http://nyer.cm/vkKQxkx',
          'caption' => 'newyorker.com',
          'created_time' => '2016-12-14T15:30:46+0000',
          'name' => "What Happened, Exactly, in Oakland\x{2019}s Ghost Ship Fire?",
          'id' => '9258148868_10154282415143869',
          'message' => 'Cities require that we get not just the big things right, but the little ones too.'
        };

Domain: newyorker.com
Response:
{"id":"1622501708043673_1632508483709662"}

Rush Limbaugh
-----------------------------

The Independent
-----------------------------
$VAR1 = {
          'link' => 'http://www.independent.co.uk/news/people/michael-moore-warns-donald-trump-is-gonna-get-us-killed-a7473466.html?cmpid=facebook-post',
          'caption' => 'independent.co.uk',
          'created_time' => '2016-12-14T15:41:00+0000',
          'name' => 'Michael Moore predicted Donald Trump\'s win. Now he thinks Trump will get us killed',
          'id' => '13312631635_10154288030466636',
          'message' => 'This is scary'
        };

Domain: independent.co.uk

TheBlaze
-----------------------------
$VAR1 = {
          'link' => 'https://www.facebook.com/theblaze/videos/1300568786647125/',
          'created_time' => '2016-12-14T15:35:46+0000',
          'id' => '140738092630206_1300568786647125',
          'message' => 'Jeremy, JP, and Nathan take a look more artifacts from the Mercury Museum.'
        };

NPR Politics
-----------------------------

The New York Times
-----------------------------

NPR
-----------------------------

MSN
-----------------------------

CNN Politics
-----------------------------

The Daily Show
-----------------------------

Daily Kos
-----------------------------

Yahoo News
-----------------------------
$VAR1 = {
          'link' => 'https://yhoo.it/2hwzdtE',
          'caption' => 'yahoo.com',
          'created_time' => '2016-12-14T15:40:02+0000',
          'name' => 'Elon Musk and Uber\'s Travis Kalanick are joining Trump\'s business council',
          'id' => '338028696036_10154987078281037',
          'message' => 'SpaceX/Tesla\'s Elon Musk will advise Trump on business issues, along with the CEOs of Uber & Pepsi'
        };

Domain: yahoo.com
Response:
{"id":"1622501708043673_1632508617042982"}

The Guardian
-----------------------------
$VAR1 = {
          'link' => 'https://www.theguardian.com/commentisfree/2016/dec/14/syria-aleppo-homelessness-rough-sleeping-parliament?CMP=fb_gu',
          'caption' => 'theguardian.com',
          'created_time' => '2016-12-14T15:40:00+0000',
          'name' => "Feel powerless right now? We mustn\x{2019}t forget the good that politics can do | Anne Perkins",
          'id' => '10513336322_10154842834021323',
          'message' => '"Daily life is an exercise in empathy suppression. The eyes of someone walking by a person who is begging are blind."'
        };

Domain: theguardian.com
Response:
{"id":"1622501708043673_1632508710376306"}

CNN
-----------------------------

Slate.com
-----------------------------
$VAR1 = {
          'link' => 'http://slate.me/2hN4RSj',
          'caption' => 'slate.com',
          'created_time' => '2016-12-14T15:30:26+0000',
          'name' => "The Word of the Year for 2016 Isn\x{2019}t a Word. It\x{2019}s a Number.",
          'id' => '21516776437_10154653364566438',
          'message' => 'Sorry, "fascism." Better luck next time, "rigged."'
        };

Domain: slate.com
Response:
{"id":"1622501708043673_1632508773709633"}

the AP
-----------------------------

Sean Hannity
-----------------------------

The Ed Schultz Show
-----------------------------

The Atlantic
-----------------------------
$VAR1 = {
          'link' => 'http://theatln.tc/2hhFvzi',
          'caption' => 'theatlantic.com',
          'created_time' => '2016-12-14T15:43:52+0000',
          'name' => 'The Benefits of Awe',
          'id' => '29259828486_10154907137728487',
          'message' => "Awe makes spiritual and religious people feel a greater sense of oneness with others. And this oneness can make us nicer: Researchers found that inducing awe\x{2014}say, by having people stand in a grove of tall trees\x{2014}increased generosity, in part by stoking \x{201c}feelings of a small self.\x{201d}"
        };

Domain: theatlantic.com

Bloomberg
-----------------------------
$VAR1 = {
          'link' => 'https://assets.bwbx.io/images/users/iqjWHBFdfxIU/iNpMHrmb_Dwg/v0/-999x-999.gif',
          'caption' => 'assets.bwbx.io',
          'created_time' => '2016-12-14T15:45:00+0000',
          'name' => 'assets.bwbx.io',
          'id' => '266790296879_10154831047846880',
          'message' => 'Forget Bitcoin and mobile payments. Cash is still king of the world: http://bloom.bg/2hsrTBL'
        };

BuzzFeed
-----------------------------

Fox News
-----------------------------
$VAR1 = {
          'link' => 'http://www.foxnews.com/politics/2016/12/14/trump-announces-intent-to-name-perry-as-energy-secretary.html',
          'caption' => 'foxnews.com',
          'created_time' => '2016-12-14T15:32:22+0000',
          'name' => 'Rick Perry Picked to Head Dept He Once Sought to Abolish',
          'id' => '15704546335_10154894102271336',
          'message' => "Ironically, it was the Energy Department in a sense that helped derail Rick Perry's 2012 presidential bid. 

During a 2011 presidential debate, the Texas governor couldn\x{2019}t remember the agency when he was ticking off departments he would eliminate."
        };

Domain: foxnews.com
Response:
{"id":"1622501708043673_1632508837042960"}

VICE
-----------------------------
$VAR1 = {
          'link' => 'http://www.vice.com/read/krampus-is-the-fucked-up-santa-america-deserves-this-year?utm_source=vicefbus',
          'caption' => 'www.vice.com',
          'created_time' => '2016-12-14T15:44:10+0000',
          'name' => 'Krampus Is the F\'d-Up Santa America Deserves This Year',
          'id' => '167115176655082_1487940164572570',
          'message' => '"He was said not only to beat children but to eat them, tear them apart, throw them in frozen lakes, or drag them down to hell..."

Yeah, we definitely deserve him.'
        };

Domain: vice.com

Glenn Beck
-----------------------------

The Other 98%
-----------------------------


Total Posts Made:	16


