***********************************************************************************
Started at 11:15:01 on 11/13/2016
***********************************************************************************
Querying souces from the past 15 minutes....

Al Jazeera
-----------------------------

Upworthy
-----------------------------

The Huffington Post
-----------------------------
$VAR1 = {
          'link' => 'http://huff.to/2gwBToO',
          'caption' => 'huffingtonpost.com',
          'created_time' => '2016-12-13T16:00:04+0000',
          'name' => 'Stephen Colbert Grills Trump Over Russian Hacking In Spoof Interview',
          'id' => '18468761129_10154507016561130',
          'message' => "If only this really happened. \x{1f64f}"
        };

Domain: huffingtonpost.com
Response:
{"id":"1622501708043673_1632150643745446"}

HuffPost Women
-----------------------------

PBS News Hour
-----------------------------
$VAR1 = {
          'link' => 'http://www.pbs.org/newshour/rundown/ap-reports-former-texas-gov-rick-perry-selected-lead-energy-department/',
          'caption' => 'pbs.org',
          'created_time' => '2016-12-13T16:06:40+0000',
          'name' => 'Trumps selects former Texas Gov. Rick Perry to lead Energy Department, AP reports',
          'id' => '6491828674_10154864313143675',
          'message' => 'Perry is likely to shift the department away from renewable energy and toward oil and other fossil fuels that he championed as Texas governor.'
        };

Domain: pbs.org
Response:
{"id":"1622501708043673_1632150740412103"}

ATTN:
-----------------------------
$VAR1 = {
          'link' => 'https://www.facebook.com/attn/videos/1220649861303804/',
          'created_time' => '2016-12-13T16:04:01+0000',
          'id' => '160389977329803_1220649861303804',
          'message' => 'It\'s absurd that women\'s pants don\'t have pockets.'
        };

Reuters
-----------------------------
$VAR1 = {
          'link' => 'http://reut.rs/2hpddmB',
          'caption' => 'reuters.com',
          'created_time' => '2016-12-13T16:11:14+0000',
          'name' => 'Syrian army, Iraqi militia accused of \'slaughter\' of civilians in Aleppo',
          'id' => '114050161948682_1321062387914114',
          'message' => 'The U.N. said it had reports that Syrian government troops and an allied Iraqi militia had deliberately shot dead scores of men, women and children in eastern Aleppo, and warned the same "slaughter" could happen elsewhere: http://reut.rs/2hpddmB'
        };

Domain: reuters.com
$VAR1 = {
          'link' => 'http://reut.rs/2hJrV4E',
          'caption' => 'reuters.com',
          'created_time' => '2016-12-13T16:01:53+0000',
          'name' => 'Trump to pick former Texas Governor Perry as Energy Secretary',
          'id' => '114050161948682_1321049961248690',
          'message' => 'President-elect Trump has chosen former Texas Governor Rick Perry to head the U.S. Department of Energy, putting Perry in charge of the agency he proposed eliminating during his bid for the 2012 Republican presidential nomination: http://reut.rs/2hJrV4E'
        };

Domain: reuters.com

NowThis
-----------------------------

Daily Caller
-----------------------------
$VAR1 = {
          'link' => 'http://trib.al/21BTe6N',
          'caption' => 'dailycaller.com',
          'created_time' => '2016-12-13T16:04:48+0000',
          'name' => "Bill Gates Shocks \x{2018}Squawk Box\x{2019} \x{2014} Here\x{2019}s Why He Thinks Trump Is A Modern JFK",
          'id' => '182919686769_10154042570981770',
          'message' => 'After talking to Donald J. Trump for the first time, Bill Gates thinks he could be the next JFK...'
        };

Domain: dailycaller.com

CNBC
-----------------------------

The Onion
-----------------------------

Opposing Views
-----------------------------
$VAR1 = {
          'link' => 'https://www.facebook.com/opposingviews/videos/10154336982176051/',
          'created_time' => '2016-12-13T16:00:34+0000',
          'id' => '34226391050_10154336982176051',
          'message' => 'Do you support or oppose this punishment for convicted child molesters?'
        };

the Today Show
-----------------------------
$VAR1 = {
          'link' => 'http://on.today.com/2hp6clZ',
          'caption' => 'today.com',
          'created_time' => '2016-12-13T16:01:14+0000',
          'name' => '\'Santa, can you help me?\' Boy dies in Santa\'s arms while making last wish',
          'id' => '12566691349_10154827210226350',
          'message' => "\x{201c}Well you're not going to miss Christmas,\x{201d} Santa told him. \x{201c}The elves already have your present. We knew you wanted this for a long time.\""
        };

Domain: today.com

Kotaku
-----------------------------

Washington Post
-----------------------------
$VAR1 = {
          'link' => 'http://wapo.st/2hoGFJI',
          'caption' => 'washingtonpost.com',
          'created_time' => '2016-12-13T16:01:33+0000',
          'name' => "Former \x{2018}Brady Bunch\x{2019} star fired from radio show after vulgar, homophobic rant",
          'id' => '6250307292_10154522818052293',
          'message' => "The messages were a far cry from Susan Olsen\x{2019}s image as \x{201c}the youngest one in curls\x{201d} on \x{201c}The Brady Bunch.\x{201d}"
        };

Domain: washingtonpost.com
Response:
{"id":"1622501708043673_1632150813745429"}

the American Center for Law and Justice
-----------------------------

VICE News
-----------------------------
$VAR1 = {
          'link' => 'https://www.facebook.com/vicenews/videos/705119726314647/',
          'created_time' => '2016-12-13T16:07:20+0000',
          'name' => 'ISIS fighters on drugs',
          'id' => '235852889908002_705119726314647',
          'message' => 'We talked to captured ISIS fighters about drugs on the battlefield.'
        };

PBS
-----------------------------

Mother Jones
-----------------------------
$VAR1 = {
          'link' => 'http://www.motherjones.com/politics/2016/12/fight-like-hell-trump-racism-fake-news',
          'caption' => 'motherjones.com',
          'created_time' => '2016-12-13T16:15:00+0000',
          'name' => 'The threat of Donald Trump is real. It\'s time to fight like hell.',
          'id' => '7642602143_10154314961432144',
          'message' => "\"This is a dark hour, and to say otherwise would be a lie. It is\x{2014}by orders of magnitude\x{2014}the worst electoral outcome our country has faced in many generations...This is a time when we're called on to do things we may not have done before.\""
        };

Domain: motherjones.com
Response:
{"id":"1622501708043673_1632150920412085"}

HuffPost Good News
-----------------------------

BBC News
-----------------------------

Breaking News
-----------------------------

The Verge
-----------------------------
$VAR1 = {
          'link' => 'http://www.theverge.com/2016/12/13/13936342/wireless-vehicle-to-vehicle-communication-v2v-v2i-dot-nhtsa',
          'caption' => 'theverge.com',
          'created_time' => '2016-12-13T16:02:35+0000',
          'name' => 'Wireless vehicle-to-vehicle communication would be required in new cars under proposed DOT rule',
          'id' => '193742123995472_1282704571765883',
          'message' => 'The DOT hopes that the technology would be used to warn drivers of oncoming dangers.'
        };

Domain: theverge.com

New York Magazine
-----------------------------
$VAR1 = {
          'link' => 'http://nym.ag/2hqLyPH',
          'caption' => 'nymag.com',
          'created_time' => '2016-12-13T16:01:28+0000',
          'name' => "Trump Said to Pick Rick Perry to Helm Energy Department, Agency He Couldn\x{2019}t Name",
          'id' => '14516439825_10154847169004826',
          'message' => 'Rick Perry might just be the first Dancing With the Stars contestant turned Energy secretary.'
        };

Domain: nymag.com

TIME
-----------------------------

the Business Insider
-----------------------------
$VAR1 = {
          'link' => 'http://read.bi/2hATTDM',
          'caption' => 'businessinsider.com',
          'created_time' => '2016-12-13T16:15:05+0000',
          'name' => 'Watch Kanye West visit Donald Trump at Trump Tower',
          'id' => '20446254070_10154183247974071',
          'message' => 'During a concert last month Kanye West said he didn\'t vote for president, but if he had, he would\'ve voted for Trump.'
        };

Domain: businessinsider.com
$VAR1 = {
          'link' => 'http://www.businessinsider.com/amazon-prime-membership-perks-explainer-2016-3',
          'caption' => 'businessinsider.com',
          'created_time' => '2016-12-13T16:13:43+0000',
          'name' => 'These 11 little-known perks show why Amazon Prime is so much more than free shipping',
          'id' => '20446254070_10154183028739071',
          'message' => 'Amazon.com Prime membership is totally worth it.'
        };

Domain: businessinsider.com
$VAR1 = {
          'link' => 'http://read.bi/2gHBHXn',
          'caption' => 'businessinsider.com',
          'created_time' => '2016-12-13T16:01:31+0000',
          'name' => 'Summary executions and forced conscription: \'A complete meltdown of humanity\' is underway in Aleppo',
          'id' => '20446254070_10154183139389071',
          'message' => 'An early agreement has been made to evacuate about 40,000 people from the city.'
        };

Domain: businessinsider.com

ThinkProgress
-----------------------------

POLITICO
-----------------------------
$VAR1 = {
          'link' => 'http://politi.co/2hJfqG1',
          'caption' => 'politi.co',
          'created_time' => '2016-12-13T16:15:07+0000',
          'name' => 'Democracy for America endorses Ellison for DNC chair',
          'id' => '62317591679_10154089060346680',
          'message' => 'Keith Ellison has also been endorsed by Sens. Elizabeth Warren and Bernie Sanders, among others.'
        };

Domain: politi.co

Alias: politico.com
Response:
{"id":"1622501708043673_1632151023745408"}
$VAR1 = {
          'link' => 'http://politi.co/2hoSmjy',
          'caption' => 'politi.co',
          'created_time' => '2016-12-13T16:00:28+0000',
          'name' => 'Trump dares GOP Senate to reject Tillerson',
          'id' => '62317591679_10154089025006680',
          'message' => 'Sen. John McCain has expressed concern over Rex Tillerson\'s close ties to Vladimir Putin.'
        };

Domain: politi.co

Alias: politico.com
Response:
{"id":"1622501708043673_1632151183745392"}

USA TODAY
-----------------------------
$VAR1 = {
          'link' => 'http://usat.ly/2hA5C5p',
          'caption' => 'usatoday.com',
          'created_time' => '2016-12-13T16:00:33+0000',
          'name' => 'Warrick Dunn in 19th year of helping single parents own homes',
          'id' => '13652355666_10154156750735667',
          'message' => 'Former NFL star Warrick Dunn changes lives by awarding homes to economically disadvantaged single parents.'
        };

Domain: usatoday.com
Response:
{"id":"1622501708043673_1632151503745360"}

American News
-----------------------------

ABC News
-----------------------------

HuffPost Politics
-----------------------------
$VAR1 = {
          'link' => 'http://huff.to/2htadTS',
          'caption' => 'm.huffpost.com',
          'created_time' => '2016-12-13T16:05:14+0000',
          'name' => "Kanye West Meets With Donald Trump, Talks About \x{2018}Life\x{2019}",
          'id' => '56845382910_10154600912897911',
          'message' => 'Welcome to the good life.'
        };

Domain: huffpost.com

NBC News
-----------------------------

AJ+
-----------------------------

Wikileaks
-----------------------------

CNNMoney
-----------------------------
$VAR1 = {
          'link' => 'http://cnnmon.ie/2gDJTJO',
          'caption' => 'money.cnn.com',
          'created_time' => '2016-12-13T16:03:01+0000',
          'name' => 'Elon Musk could benefit from Trump policies',
          'id' => '6651543066_10154184101073067',
          'message' => 'If oil prices keep rising, more consumers might be willing to spurn gas-guzzling cars and trucks for electric vehicles, like Tesla\'s. http://cnnmon.ie/2gDJTJO'
        };

Domain: cnn.com
Response:
{"id":"1622501708043673_1632151603745350"}

ABC News Politics
-----------------------------

Right Wing News
-----------------------------
$VAR1 = {
          'link' => 'http://www.americanow.com/story/society/2016/06/06/squatters-who-stole-vets-home-and-refused-leave-get-big-suprise?fb=rwn',
          'caption' => 'americanow.com',
          'created_time' => '2016-12-13T16:02:03+0000',
          'name' => 'Squatters Who Stole Vet\'s Home And Refused To Leave Get A Big Suprise',
          'id' => '389658314427637_1636302146429908',
          'message' => 'A group of squatters took over a soldier\'s home and refused to leave. The police said they wanted to help, but their hands were tied. That\'s when a group of unexpected guests showed up.'
        };

Domain: americanow.com

The Wall Street Journal
-----------------------------
$VAR1 = {
          'link' => 'http://on.wsj.com/2gwoaP6',
          'caption' => 'wsj.com',
          'created_time' => '2016-12-13T16:00:29+0000',
          'name' => "Sen. Marco Rubio Says He Has \x{2018}Serious Concerns\x{2019} With Rex Tillerson Pick",
          'id' => '8304333127_10155101250543128',
          'message' => "Sen. Marco Rubio said he had \x{201c}serious concerns\x{201d} about President-elect Donald Trump\x{2019}s selection of Rex Tillerson to be secretary of state, setting up what could be a challenging Senate confirmation process."
        };

Domain: wsj.com
Response:
{"id":"1622501708043673_1632151663745344"}

MSNBC
-----------------------------

the Drudge Report
-----------------------------

Mic
-----------------------------
$VAR1 = {
          'link' => 'https://mic.com/articles/162075/people-are-sending-heartbreaking-goodbye-messages-as-assad-backed-forces-seize-aleppo#.ObnFeT4jr',
          'caption' => 'mic.com',
          'created_time' => '2016-12-13T16:06:04+0000',
          'name' => 'Syrians are posting heartbreaking farewell messages as Assad\'s forces seize Aleppo',
          'id' => '174742062548592_1323669177655869',
          'message' => '"To everyone who can hear me, we are here exposed to a genocide in the besieged city of Aleppo. This may be my last video."'
        };

Domain: mic.com

The Economist
-----------------------------

Bloomberg Politics
-----------------------------

CBS News
-----------------------------
$VAR1 = {
          'link' => 'http://cbsn.ws/2hiwd68',
          'caption' => 'www.cbsnews.com',
          'created_time' => '2016-12-13T16:10:01+0000',
          'name' => 'Kanye West meets with Donald Trump at Trump Tower',
          'id' => '131459315949_10154165916655950',
          'message' => 'Asked what he and Kanye discussed in their meeting, President-elect Donald J. Trump replied: "Life. We discussed life"'
        };

Domain: cbsnews.com
Response:
{"id":"1622501708043673_1632151730412004"}

The Young Turks
-----------------------------

Occupy Democrats
-----------------------------
$VAR1 = {
          'link' => 'http://occupydemocrats.com/2016/12/13/bernie-just-blew-trump-voters-minds-two-simple-questions-video/',
          'caption' => 'occupydemocrats.com',
          'created_time' => '2016-12-13T16:05:53+0000',
          'name' => 'Bernie Just Blew Trump Voters\' Minds With Two Simple Questions (VIDEO)',
          'id' => '346937065399354_1348717008554683',
          'message' => 'Well played, Bernie!'
        };

Domain: occupydemocrats.com

CBC News
-----------------------------
$VAR1 = {
          'link' => 'https://www.facebook.com/cbcnews/videos/10154937620869604/',
          'created_time' => '2016-12-13T16:05:37+0000',
          'name' => 'Kayne West and Donald Trump meet',
          'id' => '5823419603_10154937620869604',
          'message' => 'Kanye West met with President-elect Donald Trump today: http://www.cbc.ca/1.3894013'
        };

Newsweek
-----------------------------

CNN International
-----------------------------

The New Yorker
-----------------------------
$VAR1 = {
          'link' => 'https://www.facebook.com/newyorker/photos/a.430906773868.229225.9258148868/10154277915513869/?type=3',
          'created_time' => '2016-12-13T16:15:16+0000',
          'name' => 'Timeline Photos',
          'id' => '9258148868_10154277915513869',
          'message' => 'Today\'s daily cartoon by Emily Flake. Swipe through more cartoons with the New Yorker Today app: http://nyer.cm/DVHEYq5'
        };

Rush Limbaugh
-----------------------------

The Independent
-----------------------------

TheBlaze
-----------------------------

NPR Politics
-----------------------------

The New York Times
-----------------------------

NPR
-----------------------------
$VAR1 = {
          'link' => 'https://www.facebook.com/NPR/videos/10155071324836756/',
          'created_time' => '2016-12-13T16:12:26+0000',
          'id' => '10643211755_10155071324836756',
          'message' => "As Aleppo falls to the forces of Bashar al-Assad and his allies, civilians describe mounting horrors. We look at the conflict in Syria \x{2014} what\x{2019}s happening, and what it means -- after an update on the other top news of the day."
        };

MSN
-----------------------------

CNN Politics
-----------------------------
$VAR1 = {
          'link' => 'http://cnn.it/2gDLsra',
          'caption' => 'www.cnn.com',
          'created_time' => '2016-12-13T16:05:39+0000',
          'name' => 'Aleppo: Executions reported as Syrian army closes in',
          'id' => '219367258105115_1393657870676042',
          'message' => 'Humanitarian volunteers in Aleppo issue a desperate plea for help amid what are thought to be multiple reports of executions of people with ties to rebel groups.'
        };

Domain: cnn.com
Response:
{"id":"1622501708043673_1632151843745326"}
$VAR1 = {
          'link' => 'http://cnn.it/2gWeNsI',
          'caption' => 'www.cnn.com',
          'created_time' => '2016-12-13T16:04:02+0000',
          'name' => 'Rubio endangers Tillerson nomination by saying he has \'serious concerns\'',
          'id' => '219367258105115_1393655084009654',
          'message' => 'Opposition to Rex Tillerson as the next secretary of state heightens as Marco Rubio, a key Republican vote on the panel that oversees his confirmation, says he has "serious concerns about his nomination."'
        };

Domain: cnn.com
Response:
{"id":"1622501708043673_1632151940411983"}

The Daily Show
-----------------------------

Daily Kos
-----------------------------

Yahoo News
-----------------------------
$VAR1 = {
          'link' => 'https://yhoo.it/2hqPSOD',
          'caption' => 'yahoo.com',
          'created_time' => '2016-12-13T16:01:14+0000',
          'name' => 'Unarmed man with dementia, 73, shot and killed by police in California',
          'id' => '338028696036_10154981471016037',
          'message' => '"My dad did not own a gun. He was a 73-year-old retired grandpa, just living life."'
        };

Domain: yahoo.com
Response:
{"id":"1622501708043673_1632152150411962"}

The Guardian
-----------------------------

CNN
-----------------------------

Slate.com
-----------------------------
$VAR1 = {
          'link' => 'http://slate.me/2hIlRsT',
          'caption' => 'slate.com',
          'created_time' => '2016-12-13T16:15:11+0000',
          'name' => "It\x{2019}s Not Enough to Know What News Is Fake. Help Stop Its Spread With Slate\x{2019}s New Tool.",
          'id' => '21516776437_10154646745661438',
          'message' => 'We made a tool to fight fake news. But we need your help.'
        };

Domain: slate.com
Response:
{"id":"1622501708043673_1632152253745285"}

the AP
-----------------------------
$VAR1 = {
          'link' => 'https://apnews.com/b2c714ea077e47b0b26db42fca72b7a4',
          'caption' => 'apnews.com',
          'created_time' => '2016-12-13T16:07:30+0000',
          'name' => 'Kanye West and Donald Trump meet, talk about \'life\'',
          'id' => '249655421622_10154141466396623',
          'message' => 'Musical interlude at Trump tower.'
        };

Domain: apnews.com

Sean Hannity
-----------------------------

The Ed Schultz Show
-----------------------------

The Atlantic
-----------------------------

Bloomberg
-----------------------------
$VAR1 = {
          'link' => 'http://bloom.bg/2gHMyjN',
          'caption' => 'bloomberg.com',
          'created_time' => '2016-12-13T16:11:23+0000',
          'name' => 'Kanye West Meets With Donald Trump',
          'id' => '266790296879_10154826448916880',
          'message' => 'The two were together at Trump Tower this morning.'
        };

Domain: bloomberg.com
Response:
{"id":"1622501708043673_1632152380411939"}
$VAR1 = {
          'link' => 'http://bloom.bg/2htnnjJ',
          'caption' => 'bloomberg.com',
          'created_time' => '2016-12-13T16:04:28+0000',
          'name' => 'Someone\'s Betting on Venezuelan Stocks, And Nobody Can Figure Out Why',
          'id' => '266790296879_10154826431301880',
          'message' => 'Traders are completely confused.'
        };

Domain: bloomberg.com
Response:
{"id":"1622501708043673_1632152583745252"}

BuzzFeed
-----------------------------

Fox News
-----------------------------

VICE
-----------------------------
$VAR1 = {
          'link' => 'http://www.vice.com/read/everything-you-need-to-know-about-this-whole-russian-hacking-mess?utm_source=vicefbus',
          'caption' => 'www.vice.com',
          'created_time' => '2016-12-13T16:15:03+0000',
          'name' => 'Everything You Need to Know About This Whole Russian Hacking Mess',
          'id' => '167115176655082_1486316414734945',
          'message' => 'Remember a month ago when we were all looking forward to all this election business being over?'
        };

Domain: vice.com

Glenn Beck
-----------------------------

The Other 98%
-----------------------------


Total Posts Made:	16


