***********************************************************************************
Started at 07:10:01 on 10/26/2016
***********************************************************************************
Querying souces from the past 10 minutes....

Al Jazeera
-----------------------------
$VAR1 = {
          'link' => 'http://aje.io/j8hw',
          'caption' => 'aljazeera.com',
          'created_time' => '2016-11-26T12:00:44+0000',
          'name' => 'South Sudan agrees to deploy regional protection force',
          'id' => '7382473689_10154902700473690',
          'message' => 'South Sudan has agreed to accept the deployment of a UN-mandated regional force in Juba after months of hesitation over whether to allow extra foreign troops on its soil.'
        };

Domain: aljazeera.com
$VAR1 = bless( {
                 'response' => bless( {
                                        '_protocol' => 'HTTP/1.1',
                                        '_content' => '{"error":{"message":"It looks like you were misusing this feature by going too fast. You\\u2019ve been blocked from using it.\\n\\nLearn more about blocks in the Help Center.","type":"OAuthException","code":368,"error_subcode":1390008,"fbtrace_id":"AhwKbBDR5ks"}}',
                                        '_rc' => '400',
                                        '_headers' => bless( {
                                                               'connection' => 'close',
                                                               'cache-control' => 'no-store',
                                                               'x-fb-rev' => '2702404',
                                                               'date' => 'Sat, 26 Nov 2016 12:10:35 GMT',
                                                               'x-fb-debug' => 'sFPLrVmgxaAdC4o/suhHIylFydIVkoL3MkaHarqAP8jXVBe4WDRDF7XZm/cqTKnIyTBoZqJmuDM9Yp5wwHA6oQ==',
                                                               'access-control-allow-origin' => '*',
                                                               'vary' => 'Accept-Encoding',
                                                               'client-ssl-cert-issuer' => '/C=US/O=DigiCert Inc/OU=www.digicert.com/CN=DigiCert SHA2 High Assurance Server CA',
                                                               'client-ssl-cipher' => 'ECDHE-ECDSA-AES128-GCM-SHA256',
                                                               'client-peer' => '31.13.65.1:443',
                                                               'facebook-api-version' => 'v2.8',
                                                               'client-date' => 'Sat, 26 Nov 2016 12:10:35 GMT',
                                                               'x-page-usage' => '{"call_count":41,"total_cputime":15,"total_time":18}',
                                                               'content-type' => 'text/javascript; charset=UTF-8',
                                                               'pragma' => 'no-cache',
                                                               'www-authenticate' => 'OAuth "Facebook Platform" "access_denied" "It looks like you were misusing this feature by going too fast. You’ve been blocked from using it.\\n\\nLearn more about blocks in the Help Center."',
                                                               'client-ssl-socket-class' => 'IO::Socket::SSL',
                                                               'client-response-num' => 1,
                                                               'x-fb-trace-id' => 'AhwKbBDR5ks',
                                                               '::std_case' => {
                                                                                 'client-response-num' => 'Client-Response-Num',
                                                                                 'x-fb-rev' => 'X-Fb-Rev',
                                                                                 'x-fb-debug' => 'X-FB-Debug',
                                                                                 'access-control-allow-origin' => 'Access-Control-Allow-Origin',
                                                                                 'client-ssl-cert-issuer' => 'Client-SSL-Cert-Issuer',
                                                                                 'client-ssl-cipher' => 'Client-SSL-Cipher',
                                                                                 'client-peer' => 'Client-Peer',
                                                                                 'facebook-api-version' => 'Facebook-Api-Version',
                                                                                 'x-fb-trace-id' => 'X-Fb-Trace-Id',
                                                                                 'client-date' => 'Client-Date',
                                                                                 'x-page-usage' => 'X-Page-Usage',
                                                                                 'client-ssl-cert-subject' => 'Client-SSL-Cert-Subject',
                                                                                 'client-ssl-socket-class' => 'Client-SSL-Socket-Class'
                                                                               },
                                                               'client-ssl-cert-subject' => '/C=US/ST=CA/L=Menlo Park/O=Facebook, Inc./CN=*.facebook.com',
                                                               'expires' => 'Sat, 01 Jan 2000 00:00:00 GMT'
                                                             }, 'HTTP::Headers' ),
                                        '_msg' => 'Bad Request',
                                        '_request' => bless( {
                                                               '_content' => 'access_token=EAAPvBQ5tbjMBAOZCljSOHJaa34AP592NeeQe2myDFLNEAveb8YXf1ELXevI1MsTSCTvx2L2cFWYW8BpzTpeb2bydgVyzpzu5UisFemZC1TldMOZBJFnBq5zXzdGyy3ZABg1nUYRZAStCeCeSffZCSQUacCpgMorcec71s7O36CwAZDZD&message=The+Facebook+page+of+Al+Jazeera+originally+shared+this+article.+According+to+data+gathered+by+the+Pew+Research+Center%2C+Al+Jazeera+is+more+distrusted+than+trusted+by+survey+respondents+who+have+heard+of+the+source.+(Over+40%25+of+respondents)+%0D%0AAdditionally%2C+the+research+indicates+that+left-leaning+readers+were+more+likely+to+find+this+source+credible+than+other+readers.+%0D%0A%0D%0AOut+of+the+42%25+of+respondents+who+have+heard+of+Al+Jazeera%2C%0D%0A21%25%09trusted+the+news+source%2C%0D%0A37%25%09distrusted+the+news+source%2C+and%0D%0A43%25%09neither+trusted+nor+distrusted+the+news+source.%0D%0A%0D%0ATo+learn+more+about+Pew+Research+Center\'s+study+on+Political+Polarization+%26+Media+Habits%2C+follow+this+link+to+visit+their+report.+https%3A%2F%2Fgoo.gl%2FxwVtjv&link=http%3A%2F%2Faje.io%2Fj8hw&published=true',
                                                               '_uri' => bless( do{\(my $o = 'https://graph.facebook.com/v2.2/1622501708043673/feed')}, 'URI::https' ),
                                                               '_headers' => bless( {
                                                                                      'user-agent' => 'libwww-perl/6.15',
                                                                                      'content-type' => 'application/x-www-form-urlencoded',
                                                                                      'content-length' => 1025,
                                                                                      '::std_case' => {
                                                                                                        'if-ssl-cert-subject' => 'If-SSL-Cert-Subject'
                                                                                                      }
                                                                                    }, 'HTTP::Headers' ),
                                                               '_method' => 'POST',
                                                               '_uri_canonical' => $VAR1->{'response'}{'_request'}{'_uri'}
                                                             }, 'HTTP::Request' )
                                      }, 'HTTP::Response' )
               }, 'Facebook::Graph::Response' );

Upworthy
-----------------------------

The Huffington Post
-----------------------------

HuffPost Women
-----------------------------

PBS News Hour
-----------------------------

ATTN:
-----------------------------
$VAR1 = {
          'link' => 'http://www.mtv.com/news/2956236/living-with-diabetes/?xrs=_s.fb_attn',
          'caption' => 'mtv.com',
          'created_time' => '2016-11-26T12:02:00+0000',
          'name' => 'What It\'s Like Living With An Incurable Illness',
          'id' => '160389977329803_1198516776850446',
          'message' => "No matter how healthy a person looks, don\x{2019}t make assumptions if you haven\x{2019}t lived their struggle."
        };

Domain: mtv.com

Reuters
-----------------------------
$VAR1 = {
          'link' => 'http://reut.rs/2fyzzNG',
          'caption' => 'www.reuters.com',
          'created_time' => '2016-11-26T12:05:09+0000',
          'name' => 'Warplanes hit Islamic State targets in northern Syria: Turkish army',
          'id' => '114050161948682_1300741706612849',
          'message' => 'Turkish warplanes destroyed 12 Islamic State targets while one Turkish soldier was killed in a clash with militants during an offensive in northern Syria, Turkey\'s military said on Saturday.'
        };

Domain: reuters.com

NowThis
-----------------------------

Daily Caller
-----------------------------

CNBC
-----------------------------

The Onion
-----------------------------

Opposing Views
-----------------------------

the Today Show
-----------------------------

Kotaku
-----------------------------

Washington Post
-----------------------------

the American Center for Law and Justice
-----------------------------

VICE News
-----------------------------

PBS
-----------------------------

Mother Jones
-----------------------------

HuffPost Good News
-----------------------------
$VAR1 = {
          'link' => 'http://huff.to/2gfi9XX',
          'caption' => 'huffingtonpost.com',
          'created_time' => '2016-11-26T12:02:02+0000',
          'name' => '26 Tell-Tale Signs You Were Raised In The Suburbs',
          'id' => '202163013203224_1198893743530141',
          'message' => "There's no place like home. Especially when you're a suburban kid.  \x{1f3e1}"
        };

Domain: huffingtonpost.com
$VAR1 = bless( {
                 'response' => bless( {
                                        '_protocol' => 'HTTP/1.1',
                                        '_content' => '{"error":{"message":"It looks like you were misusing this feature by going too fast. You\\u2019ve been blocked from using it.\\n\\nLearn more about blocks in the Help Center.","type":"OAuthException","code":368,"error_subcode":1390008,"fbtrace_id":"BPhwYxvYXu0"}}',
                                        '_rc' => '400',
                                        '_headers' => bless( {
                                                               'connection' => 'close',
                                                               'cache-control' => 'no-store',
                                                               'x-fb-rev' => '2702404',
                                                               'date' => 'Sat, 26 Nov 2016 12:10:35 GMT',
                                                               'x-fb-debug' => 'uN8GgjO+vtSdo8eOSLnqfkzFTft2y9lQrFvivo7XKbwbfhuu+G9Z7ae2cLF+KGkBFWX9ynI8HIY/PqDW74hehQ==',
                                                               'access-control-allow-origin' => '*',
                                                               'vary' => 'Accept-Encoding',
                                                               'client-ssl-cert-issuer' => '/C=US/O=DigiCert Inc/OU=www.digicert.com/CN=DigiCert SHA2 High Assurance Server CA',
                                                               'client-ssl-cipher' => 'ECDHE-ECDSA-AES128-GCM-SHA256',
                                                               'client-peer' => '31.13.65.1:443',
                                                               'facebook-api-version' => 'v2.8',
                                                               'client-date' => 'Sat, 26 Nov 2016 12:10:35 GMT',
                                                               'x-page-usage' => '{"call_count":41,"total_cputime":15,"total_time":18}',
                                                               'content-type' => 'text/javascript; charset=UTF-8',
                                                               'pragma' => 'no-cache',
                                                               'www-authenticate' => 'OAuth "Facebook Platform" "access_denied" "It looks like you were misusing this feature by going too fast. You’ve been blocked from using it.\\n\\nLearn more about blocks in the Help Center."',
                                                               'client-ssl-socket-class' => 'IO::Socket::SSL',
                                                               'client-response-num' => 1,
                                                               'x-fb-trace-id' => 'BPhwYxvYXu0',
                                                               '::std_case' => {
                                                                                 'client-response-num' => 'Client-Response-Num',
                                                                                 'x-fb-rev' => 'X-Fb-Rev',
                                                                                 'x-fb-debug' => 'X-FB-Debug',
                                                                                 'access-control-allow-origin' => 'Access-Control-Allow-Origin',
                                                                                 'client-ssl-cert-issuer' => 'Client-SSL-Cert-Issuer',
                                                                                 'client-ssl-cipher' => 'Client-SSL-Cipher',
                                                                                 'client-peer' => 'Client-Peer',
                                                                                 'facebook-api-version' => 'Facebook-Api-Version',
                                                                                 'x-fb-trace-id' => 'X-Fb-Trace-Id',
                                                                                 'client-date' => 'Client-Date',
                                                                                 'x-page-usage' => 'X-Page-Usage',
                                                                                 'client-ssl-cert-subject' => 'Client-SSL-Cert-Subject',
                                                                                 'client-ssl-socket-class' => 'Client-SSL-Socket-Class'
                                                                               },
                                                               'client-ssl-cert-subject' => '/C=US/ST=CA/L=Menlo Park/O=Facebook, Inc./CN=*.facebook.com',
                                                               'expires' => 'Sat, 01 Jan 2000 00:00:00 GMT'
                                                             }, 'HTTP::Headers' ),
                                        '_msg' => 'Bad Request',
                                        '_request' => bless( {
                                                               '_content' => 'access_token=EAAPvBQ5tbjMBAOZCljSOHJaa34AP592NeeQe2myDFLNEAveb8YXf1ELXevI1MsTSCTvx2L2cFWYW8BpzTpeb2bydgVyzpzu5UisFemZC1TldMOZBJFnBq5zXzdGyy3ZABg1nUYRZAStCeCeSffZCSQUacCpgMorcec71s7O36CwAZDZD&message=The+Facebook+page+of+HuffPost+Good+News+originally+shared+this+article.+According+to+data+gathered+by+the+Pew+Research+Center%2C+Huffington+Post+is+about+equally+trusted+and+distrusted+by+survey+respondents+who+have+heard+of+the+source.+(Over+40%25+of+respondents)+%0D%0AAdditionally%2C+the+research+indicates+that+left-leaning+readers+were+more+likely+to+find+this+source+credible+than+other+readers.+%0D%0A%0D%0AOut+of+the+76%25+of+respondents+who+have+heard+of+Huffington+Post%2C%0D%0A27%25%09trusted+the+news+source%2C%0D%0A27%25%09distrusted+the+news+source%2C+and%0D%0A47%25%09neither+trusted+nor+distrusted+the+news+source.%0D%0A%0D%0ATo+learn+more+about+Pew+Research+Center\'s+study+on+Political+Polarization+%26+Media+Habits%2C+follow+this+link+to+visit+their+report.+https%3A%2F%2Fgoo.gl%2FxwVtjv&link=http%3A%2F%2Fhuff.to%2F2gfi9XX&published=true',
                                                               '_uri' => bless( do{\(my $o = 'https://graph.facebook.com/v2.2/1622501708043673/feed')}, 'URI::https' ),
                                                               '_headers' => bless( {
                                                                                      'user-agent' => 'libwww-perl/6.15',
                                                                                      'content-type' => 'application/x-www-form-urlencoded',
                                                                                      'content-length' => 1055,
                                                                                      '::std_case' => {
                                                                                                        'if-ssl-cert-subject' => 'If-SSL-Cert-Subject'
                                                                                                      }
                                                                                    }, 'HTTP::Headers' ),
                                                               '_method' => 'POST',
                                                               '_uri_canonical' => $VAR1->{'response'}{'_request'}{'_uri'}
                                                             }, 'HTTP::Request' )
                                      }, 'HTTP::Response' )
               }, 'Facebook::Graph::Response' );

BBC News
-----------------------------

Breaking News
-----------------------------

The Verge
-----------------------------

New York Magazine
-----------------------------

TIME
-----------------------------
$VAR1 = {
          'link' => 'http://ti.me/2gorfoD',
          'caption' => 'time.com',
          'created_time' => '2016-11-26T12:00:49+0000',
          'name' => 'How Often Should You Shower?',
          'id' => '10606591490_10154198425181491',
          'message' => 'Experts weigh in on whether you need a daily shower.'
        };

Domain: time.com

the Business Insider
-----------------------------

ThinkProgress
-----------------------------

POLITICO
-----------------------------

USA TODAY
-----------------------------
$VAR1 = {
          'link' => 'http://www.usatoday.com/story/news/nation/2016/11/23/epa-big-cities-stop-killing-rats-dry-ice/94337366/',
          'caption' => 'usatoday.com',
          'created_time' => '2016-11-26T12:04:00+0000',
          'name' => 'EPA to big cities: Stop killing rats with dry ice',
          'id' => '13652355666_10154084080455667',
          'message' => 'Boston and New York have halted the practice, while Chicago is investigating.'
        };

Domain: usatoday.com
$VAR1 = bless( {
                 'response' => bless( {
                                        '_protocol' => 'HTTP/1.1',
                                        '_content' => '{"error":{"message":"It looks like you were misusing this feature by going too fast. You\\u2019ve been blocked from using it.\\n\\nLearn more about blocks in the Help Center.","type":"OAuthException","code":368,"error_subcode":1390008,"fbtrace_id":"Ht6gsG4fYg2"}}',
                                        '_rc' => '400',
                                        '_headers' => bless( {
                                                               'connection' => 'close',
                                                               'cache-control' => 'no-store',
                                                               'x-fb-rev' => '2702404',
                                                               'date' => 'Sat, 26 Nov 2016 12:10:36 GMT',
                                                               'x-fb-debug' => '8e08P8a6ioWrEd0P47YCXh+fy4LwQgl7hGyRQ307hp19xwjLFMAg7Pr2xvmwbsSwomoSC8ZVWjA7vMRGmshEdg==',
                                                               'access-control-allow-origin' => '*',
                                                               'vary' => 'Accept-Encoding',
                                                               'client-ssl-cert-issuer' => '/C=US/O=DigiCert Inc/OU=www.digicert.com/CN=DigiCert SHA2 High Assurance Server CA',
                                                               'client-ssl-cipher' => 'ECDHE-ECDSA-AES128-GCM-SHA256',
                                                               'client-peer' => '31.13.65.1:443',
                                                               'facebook-api-version' => 'v2.8',
                                                               'client-date' => 'Sat, 26 Nov 2016 12:10:36 GMT',
                                                               'x-page-usage' => '{"call_count":41,"total_cputime":15,"total_time":18}',
                                                               'content-type' => 'text/javascript; charset=UTF-8',
                                                               'pragma' => 'no-cache',
                                                               'www-authenticate' => 'OAuth "Facebook Platform" "access_denied" "It looks like you were misusing this feature by going too fast. You’ve been blocked from using it.\\n\\nLearn more about blocks in the Help Center."',
                                                               'client-ssl-socket-class' => 'IO::Socket::SSL',
                                                               'client-response-num' => 1,
                                                               'x-fb-trace-id' => 'Ht6gsG4fYg2',
                                                               '::std_case' => {
                                                                                 'client-response-num' => 'Client-Response-Num',
                                                                                 'x-fb-rev' => 'X-Fb-Rev',
                                                                                 'x-fb-debug' => 'X-FB-Debug',
                                                                                 'access-control-allow-origin' => 'Access-Control-Allow-Origin',
                                                                                 'client-ssl-cert-issuer' => 'Client-SSL-Cert-Issuer',
                                                                                 'client-ssl-cipher' => 'Client-SSL-Cipher',
                                                                                 'client-peer' => 'Client-Peer',
                                                                                 'facebook-api-version' => 'Facebook-Api-Version',
                                                                                 'x-fb-trace-id' => 'X-Fb-Trace-Id',
                                                                                 'client-date' => 'Client-Date',
                                                                                 'x-page-usage' => 'X-Page-Usage',
                                                                                 'client-ssl-cert-subject' => 'Client-SSL-Cert-Subject',
                                                                                 'client-ssl-socket-class' => 'Client-SSL-Socket-Class'
                                                                               },
                                                               'client-ssl-cert-subject' => '/C=US/ST=CA/L=Menlo Park/O=Facebook, Inc./CN=*.facebook.com',
                                                               'expires' => 'Sat, 01 Jan 2000 00:00:00 GMT'
                                                             }, 'HTTP::Headers' ),
                                        '_msg' => 'Bad Request',
                                        '_request' => bless( {
                                                               '_content' => 'access_token=EAAPvBQ5tbjMBAOZCljSOHJaa34AP592NeeQe2myDFLNEAveb8YXf1ELXevI1MsTSCTvx2L2cFWYW8BpzTpeb2bydgVyzpzu5UisFemZC1TldMOZBJFnBq5zXzdGyy3ZABg1nUYRZAStCeCeSffZCSQUacCpgMorcec71s7O36CwAZDZD&message=The+Facebook+page+of+USA+TODAY+originally+shared+this+article.+According+to+data+gathered+by+the+Pew+Research+Center%2C+USA+Today+is+more+trusted+than+distrusted+by+survey+respondents+who+have+heard+of+the+source.+(Over+40%25+of+respondents)+%0D%0AAdditionally%2C+the+research+indicates+that+left-leaning+readers+and+right-leaning+readers+were+about+equally+as+likely+to+find+this+source+credible.+%0D%0A%0D%0AOut+of+the+90%25+of+respondents+who+have+heard+of+USA+Today%2C%0D%0A37%25%09trusted+the+news+source%2C%0D%0A14%25%09distrusted+the+news+source%2C+and%0D%0A49%25%09neither+trusted+nor+distrusted+the+news+source.%0D%0A%0D%0ATo+learn+more+about+Pew+Research+Center\'s+study+on+Political+Polarization+%26+Media+Habits%2C+follow+this+link+to+visit+their+report.+https%3A%2F%2Fgoo.gl%2FxwVtjv&link=http%3A%2F%2Fwww.usatoday.com%2Fstory%2Fnews%2Fnation%2F2016%2F11%2F23%2Fepa-big-cities-stop-killing-rats-dry-ice%2F94337366%2F&published=true',
                                                               '_uri' => bless( do{\(my $o = 'https://graph.facebook.com/v2.2/1622501708043673/feed')}, 'URI::https' ),
                                                               '_headers' => bless( {
                                                                                      'user-agent' => 'libwww-perl/6.15',
                                                                                      'content-type' => 'application/x-www-form-urlencoded',
                                                                                      'content-length' => 1142,
                                                                                      '::std_case' => {
                                                                                                        'if-ssl-cert-subject' => 'If-SSL-Cert-Subject'
                                                                                                      }
                                                                                    }, 'HTTP::Headers' ),
                                                               '_method' => 'POST',
                                                               '_uri_canonical' => $VAR1->{'response'}{'_request'}{'_uri'}
                                                             }, 'HTTP::Request' )
                                      }, 'HTTP::Response' )
               }, 'Facebook::Graph::Response' );

American News
-----------------------------

ABC News
-----------------------------

HuffPost Politics
-----------------------------
$VAR1 = {
          'link' => 'http://huff.to/2gp912i',
          'caption' => 'huffingtonpost.com',
          'created_time' => '2016-11-26T12:00:26+0000',
          'name' => 'Refugees In The U.S. Wonder If They\'ll Still Have A Home In Trump\'s America',
          'id' => '56845382910_10154540809772911',
          'message' => "\x{201c}There\x{2019}s just so much uncertainty, confusion and certainly anxiety around the future of immigrants and refugees in this country.\""
        };

Domain: huffingtonpost.com
$VAR1 = bless( {
                 'response' => bless( {
                                        '_protocol' => 'HTTP/1.1',
                                        '_content' => '{"error":{"message":"It looks like you were misusing this feature by going too fast. You\\u2019ve been blocked from using it.\\n\\nLearn more about blocks in the Help Center.","type":"OAuthException","code":368,"error_subcode":1390008,"fbtrace_id":"Bi5YJ\\/urfbh"}}',
                                        '_rc' => '400',
                                        '_headers' => bless( {
                                                               'connection' => 'close',
                                                               'cache-control' => 'no-store',
                                                               'x-fb-rev' => '2702404',
                                                               'date' => 'Sat, 26 Nov 2016 12:10:36 GMT',
                                                               'x-fb-debug' => 'd9Im9Cgc2MdyziMy4cHgypJvpL9WTvL3HBtSQHlrlmqHRBgM+gi4se8SRGB5zQfFEla9GQz6qkoHYHGY/6xQOg==',
                                                               'access-control-allow-origin' => '*',
                                                               'vary' => 'Accept-Encoding',
                                                               'client-ssl-cert-issuer' => '/C=US/O=DigiCert Inc/OU=www.digicert.com/CN=DigiCert SHA2 High Assurance Server CA',
                                                               'client-ssl-cipher' => 'ECDHE-ECDSA-AES128-GCM-SHA256',
                                                               'client-peer' => '31.13.65.1:443',
                                                               'facebook-api-version' => 'v2.8',
                                                               'client-date' => 'Sat, 26 Nov 2016 12:10:36 GMT',
                                                               'x-page-usage' => '{"call_count":41,"total_cputime":15,"total_time":18}',
                                                               'content-type' => 'text/javascript; charset=UTF-8',
                                                               'pragma' => 'no-cache',
                                                               'www-authenticate' => 'OAuth "Facebook Platform" "access_denied" "It looks like you were misusing this feature by going too fast. You’ve been blocked from using it.\\n\\nLearn more about blocks in the Help Center."',
                                                               'client-ssl-socket-class' => 'IO::Socket::SSL',
                                                               'client-response-num' => 1,
                                                               'x-fb-trace-id' => 'Bi5YJ/urfbh',
                                                               '::std_case' => {
                                                                                 'client-response-num' => 'Client-Response-Num',
                                                                                 'x-fb-rev' => 'X-Fb-Rev',
                                                                                 'x-fb-debug' => 'X-FB-Debug',
                                                                                 'access-control-allow-origin' => 'Access-Control-Allow-Origin',
                                                                                 'client-ssl-cert-issuer' => 'Client-SSL-Cert-Issuer',
                                                                                 'client-ssl-cipher' => 'Client-SSL-Cipher',
                                                                                 'client-peer' => 'Client-Peer',
                                                                                 'facebook-api-version' => 'Facebook-Api-Version',
                                                                                 'x-fb-trace-id' => 'X-Fb-Trace-Id',
                                                                                 'client-date' => 'Client-Date',
                                                                                 'x-page-usage' => 'X-Page-Usage',
                                                                                 'client-ssl-cert-subject' => 'Client-SSL-Cert-Subject',
                                                                                 'client-ssl-socket-class' => 'Client-SSL-Socket-Class'
                                                                               },
                                                               'client-ssl-cert-subject' => '/C=US/ST=CA/L=Menlo Park/O=Facebook, Inc./CN=*.facebook.com',
                                                               'expires' => 'Sat, 01 Jan 2000 00:00:00 GMT'
                                                             }, 'HTTP::Headers' ),
                                        '_msg' => 'Bad Request',
                                        '_request' => bless( {
                                                               '_content' => 'access_token=EAAPvBQ5tbjMBAOZCljSOHJaa34AP592NeeQe2myDFLNEAveb8YXf1ELXevI1MsTSCTvx2L2cFWYW8BpzTpeb2bydgVyzpzu5UisFemZC1TldMOZBJFnBq5zXzdGyy3ZABg1nUYRZAStCeCeSffZCSQUacCpgMorcec71s7O36CwAZDZD&message=The+Facebook+page+of+HuffPost+Politics+originally+shared+this+article.+According+to+data+gathered+by+the+Pew+Research+Center%2C+Huffington+Post+is+about+equally+trusted+and+distrusted+by+survey+respondents+who+have+heard+of+the+source.+(Over+40%25+of+respondents)+%0D%0AAdditionally%2C+the+research+indicates+that+left-leaning+readers+were+more+likely+to+find+this+source+credible+than+other+readers.+%0D%0A%0D%0AOut+of+the+76%25+of+respondents+who+have+heard+of+Huffington+Post%2C%0D%0A27%25%09trusted+the+news+source%2C%0D%0A27%25%09distrusted+the+news+source%2C+and%0D%0A47%25%09neither+trusted+nor+distrusted+the+news+source.%0D%0A%0D%0ATo+learn+more+about+Pew+Research+Center\'s+study+on+Political+Polarization+%26+Media+Habits%2C+follow+this+link+to+visit+their+report.+https%3A%2F%2Fgoo.gl%2FxwVtjv&link=http%3A%2F%2Fhuff.to%2F2gp912i&published=true',
                                                               '_uri' => bless( do{\(my $o = 'https://graph.facebook.com/v2.2/1622501708043673/feed')}, 'URI::https' ),
                                                               '_headers' => bless( {
                                                                                      'user-agent' => 'libwww-perl/6.15',
                                                                                      'content-type' => 'application/x-www-form-urlencoded',
                                                                                      'content-length' => 1054,
                                                                                      '::std_case' => {
                                                                                                        'if-ssl-cert-subject' => 'If-SSL-Cert-Subject'
                                                                                                      }
                                                                                    }, 'HTTP::Headers' ),
                                                               '_method' => 'POST',
                                                               '_uri_canonical' => $VAR1->{'response'}{'_request'}{'_uri'}
                                                             }, 'HTTP::Request' )
                                      }, 'HTTP::Response' )
               }, 'Facebook::Graph::Response' );

NBC News
-----------------------------

AJ+
-----------------------------

Wikileaks
-----------------------------

CNNMoney
-----------------------------
$VAR1 = {
          'link' => 'http://cnnmon.ie/2fW5WY5',
          'caption' => 'money.cnn.com',
          'created_time' => '2016-11-26T12:05:01+0000',
          'name' => '5 convertibles you can afford',
          'id' => '6651543066_10154126746703067',
          'message' => 'Time to hit the open road with the top down... http://cnnmon.ie/2fW5WY5'
        };

Domain: cnn.com
$VAR1 = bless( {
                 'response' => bless( {
                                        '_protocol' => 'HTTP/1.1',
                                        '_content' => '{"error":{"message":"It looks like you were misusing this feature by going too fast. You\\u2019ve been blocked from using it.\\n\\nLearn more about blocks in the Help Center.","type":"OAuthException","code":368,"error_subcode":1390008,"fbtrace_id":"DnhO1RVw9CK"}}',
                                        '_rc' => '400',
                                        '_headers' => bless( {
                                                               'connection' => 'close',
                                                               'cache-control' => 'no-store',
                                                               'x-fb-rev' => '2702404',
                                                               'date' => 'Sat, 26 Nov 2016 12:10:37 GMT',
                                                               'x-fb-debug' => 'lR1UiTJQ3raVEbzpdzvJxwpBtl0PO4aqdwGnvBMmkXNAq1xj+pCEtv+E6W1PepV4qdgc2QOqWm7Sbe7Ys8GwbQ==',
                                                               'access-control-allow-origin' => '*',
                                                               'vary' => 'Accept-Encoding',
                                                               'client-ssl-cert-issuer' => '/C=US/O=DigiCert Inc/OU=www.digicert.com/CN=DigiCert SHA2 High Assurance Server CA',
                                                               'client-ssl-cipher' => 'ECDHE-ECDSA-AES128-GCM-SHA256',
                                                               'client-peer' => '31.13.65.1:443',
                                                               'facebook-api-version' => 'v2.8',
                                                               'client-date' => 'Sat, 26 Nov 2016 12:10:37 GMT',
                                                               'x-page-usage' => '{"call_count":41,"total_cputime":15,"total_time":18}',
                                                               'content-type' => 'text/javascript; charset=UTF-8',
                                                               'pragma' => 'no-cache',
                                                               'www-authenticate' => 'OAuth "Facebook Platform" "access_denied" "It looks like you were misusing this feature by going too fast. You’ve been blocked from using it.\\n\\nLearn more about blocks in the Help Center."',
                                                               'client-ssl-socket-class' => 'IO::Socket::SSL',
                                                               'client-response-num' => 1,
                                                               'x-fb-trace-id' => 'DnhO1RVw9CK',
                                                               '::std_case' => {
                                                                                 'client-response-num' => 'Client-Response-Num',
                                                                                 'x-fb-rev' => 'X-Fb-Rev',
                                                                                 'x-fb-debug' => 'X-FB-Debug',
                                                                                 'access-control-allow-origin' => 'Access-Control-Allow-Origin',
                                                                                 'client-ssl-cert-issuer' => 'Client-SSL-Cert-Issuer',
                                                                                 'client-ssl-cipher' => 'Client-SSL-Cipher',
                                                                                 'client-peer' => 'Client-Peer',
                                                                                 'facebook-api-version' => 'Facebook-Api-Version',
                                                                                 'x-fb-trace-id' => 'X-Fb-Trace-Id',
                                                                                 'client-date' => 'Client-Date',
                                                                                 'x-page-usage' => 'X-Page-Usage',
                                                                                 'client-ssl-cert-subject' => 'Client-SSL-Cert-Subject',
                                                                                 'client-ssl-socket-class' => 'Client-SSL-Socket-Class'
                                                                               },
                                                               'client-ssl-cert-subject' => '/C=US/ST=CA/L=Menlo Park/O=Facebook, Inc./CN=*.facebook.com',
                                                               'expires' => 'Sat, 01 Jan 2000 00:00:00 GMT'
                                                             }, 'HTTP::Headers' ),
                                        '_msg' => 'Bad Request',
                                        '_request' => bless( {
                                                               '_content' => 'access_token=EAAPvBQ5tbjMBAOZCljSOHJaa34AP592NeeQe2myDFLNEAveb8YXf1ELXevI1MsTSCTvx2L2cFWYW8BpzTpeb2bydgVyzpzu5UisFemZC1TldMOZBJFnBq5zXzdGyy3ZABg1nUYRZAStCeCeSffZCSQUacCpgMorcec71s7O36CwAZDZD&message=The+Facebook+page+of+CNNMoney+originally+shared+this+article.+According+to+data+gathered+by+the+Pew+Research+Center%2C+CNN+is+more+trusted+than+distrusted+by+survey+respondents+who+have+heard+of+the+source.+(Over+40%25+of+respondents)+%0D%0AAdditionally%2C+the+research+indicates+that+left-leaning+readers+were+more+likely+to+find+this+source+credible+than+other+readers.+%0D%0A%0D%0AOut+of+the+95%25+of+respondents+who+have+heard+of+CNN%2C%0D%0A57%25%09trusted+the+news+source%2C%0D%0A22%25%09distrusted+the+news+source%2C+and%0D%0A22%25%09neither+trusted+nor+distrusted+the+news+source.%0D%0A%0D%0ATo+learn+more+about+Pew+Research+Center\'s+study+on+Political+Polarization+%26+Media+Habits%2C+follow+this+link+to+visit+their+report.+https%3A%2F%2Fgoo.gl%2FxwVtjv&link=http%3A%2F%2Fcnnmon.ie%2F2fW5WY5&published=true',
                                                               '_uri' => bless( do{\(my $o = 'https://graph.facebook.com/v2.2/1622501708043673/feed')}, 'URI::https' ),
                                                               '_headers' => bless( {
                                                                                      'user-agent' => 'libwww-perl/6.15',
                                                                                      'content-type' => 'application/x-www-form-urlencoded',
                                                                                      'content-length' => 1015,
                                                                                      '::std_case' => {
                                                                                                        'if-ssl-cert-subject' => 'If-SSL-Cert-Subject'
                                                                                                      }
                                                                                    }, 'HTTP::Headers' ),
                                                               '_method' => 'POST',
                                                               '_uri_canonical' => $VAR1->{'response'}{'_request'}{'_uri'}
                                                             }, 'HTTP::Request' )
                                      }, 'HTTP::Response' )
               }, 'Facebook::Graph::Response' );

ABC News Politics
-----------------------------

Right Wing News
-----------------------------

The Wall Street Journal
-----------------------------
$VAR1 = {
          'link' => 'http://on.wsj.com/2gj1wuS',
          'caption' => 'wsj.com',
          'created_time' => '2016-11-26T12:00:53+0000',
          'name' => "How \x{2018}Moonlight\x{2019} Became an Improbable Hit",
          'id' => '8304333127_10154998029658128',
          'message' => 'How \'Moonlight,\' a difficult coming-of-age story, found a nationwide audience.'
        };

Domain: wsj.com
$VAR1 = bless( {
                 'response' => bless( {
                                        '_protocol' => 'HTTP/1.1',
                                        '_content' => '{"error":{"message":"It looks like you were misusing this feature by going too fast. You\\u2019ve been blocked from using it.\\n\\nLearn more about blocks in the Help Center.","type":"OAuthException","code":368,"error_subcode":1390008,"fbtrace_id":"BuxrCGjpq\\/B"}}',
                                        '_rc' => '400',
                                        '_headers' => bless( {
                                                               'connection' => 'close',
                                                               'cache-control' => 'no-store',
                                                               'x-fb-rev' => '2702404',
                                                               'date' => 'Sat, 26 Nov 2016 12:10:37 GMT',
                                                               'x-fb-debug' => 'WnrA1Xl9YjFuCkww+SSVpcMG+YJWcGV8wI1uLmfpA3W1hIKxLePFHpvFti3rCh61kRCk3nzHwE6Z9frF/hpQbQ==',
                                                               'access-control-allow-origin' => '*',
                                                               'vary' => 'Accept-Encoding',
                                                               'client-ssl-cert-issuer' => '/C=US/O=DigiCert Inc/OU=www.digicert.com/CN=DigiCert SHA2 High Assurance Server CA',
                                                               'client-ssl-cipher' => 'ECDHE-ECDSA-AES128-GCM-SHA256',
                                                               'client-peer' => '31.13.65.1:443',
                                                               'facebook-api-version' => 'v2.8',
                                                               'client-date' => 'Sat, 26 Nov 2016 12:10:37 GMT',
                                                               'x-page-usage' => '{"call_count":41,"total_cputime":15,"total_time":18}',
                                                               'content-type' => 'text/javascript; charset=UTF-8',
                                                               'pragma' => 'no-cache',
                                                               'www-authenticate' => 'OAuth "Facebook Platform" "access_denied" "It looks like you were misusing this feature by going too fast. You’ve been blocked from using it.\\n\\nLearn more about blocks in the Help Center."',
                                                               'client-ssl-socket-class' => 'IO::Socket::SSL',
                                                               'client-response-num' => 1,
                                                               'x-fb-trace-id' => 'BuxrCGjpq/B',
                                                               '::std_case' => {
                                                                                 'client-response-num' => 'Client-Response-Num',
                                                                                 'x-fb-rev' => 'X-Fb-Rev',
                                                                                 'x-fb-debug' => 'X-FB-Debug',
                                                                                 'access-control-allow-origin' => 'Access-Control-Allow-Origin',
                                                                                 'client-ssl-cert-issuer' => 'Client-SSL-Cert-Issuer',
                                                                                 'client-ssl-cipher' => 'Client-SSL-Cipher',
                                                                                 'client-peer' => 'Client-Peer',
                                                                                 'facebook-api-version' => 'Facebook-Api-Version',
                                                                                 'x-fb-trace-id' => 'X-Fb-Trace-Id',
                                                                                 'client-date' => 'Client-Date',
                                                                                 'x-page-usage' => 'X-Page-Usage',
                                                                                 'client-ssl-cert-subject' => 'Client-SSL-Cert-Subject',
                                                                                 'client-ssl-socket-class' => 'Client-SSL-Socket-Class'
                                                                               },
                                                               'client-ssl-cert-subject' => '/C=US/ST=CA/L=Menlo Park/O=Facebook, Inc./CN=*.facebook.com',
                                                               'expires' => 'Sat, 01 Jan 2000 00:00:00 GMT'
                                                             }, 'HTTP::Headers' ),
                                        '_msg' => 'Bad Request',
                                        '_request' => bless( {
                                                               '_content' => 'access_token=EAAPvBQ5tbjMBAOZCljSOHJaa34AP592NeeQe2myDFLNEAveb8YXf1ELXevI1MsTSCTvx2L2cFWYW8BpzTpeb2bydgVyzpzu5UisFemZC1TldMOZBJFnBq5zXzdGyy3ZABg1nUYRZAStCeCeSffZCSQUacCpgMorcec71s7O36CwAZDZD&message=The+Facebook+page+of+The+Wall+Street+Journal+originally+shared+this+article.+According+to+data+gathered+by+the+Pew+Research+Center%2C+The+Wall+Street+Journal+is+more+trusted+than+distrusted+by+survey+respondents+who+have+heard+of+the+source.+(Over+40%25+of+respondents)+%0D%0AAdditionally%2C+the+research+indicates+that+left-leaning+readers+and+right-leaning+readers+were+about+equally+as+likely+to+find+this+source+credible.+%0D%0A%0D%0AOut+of+the+82%25+of+respondents+who+have+heard+of+The+Wall+Street+Journal%2C%0D%0A38%25%09trusted+the+news+source%2C%0D%0A12%25%09distrusted+the+news+source%2C+and%0D%0A49%25%09neither+trusted+nor+distrusted+the+news+source.%0D%0A%0D%0ATo+learn+more+about+Pew+Research+Center\'s+study+on+Political+Polarization+%26+Media+Habits%2C+follow+this+link+to+visit+their+report.+https%3A%2F%2Fgoo.gl%2FxwVtjv&link=http%3A%2F%2Fon.wsj.com%2F2gj1wuS&published=true',
                                                               '_uri' => bless( do{\(my $o = 'https://graph.facebook.com/v2.2/1622501708043673/feed')}, 'URI::https' ),
                                                               '_headers' => bless( {
                                                                                      'user-agent' => 'libwww-perl/6.15',
                                                                                      'content-type' => 'application/x-www-form-urlencoded',
                                                                                      'content-length' => 1090,
                                                                                      '::std_case' => {
                                                                                                        'if-ssl-cert-subject' => 'If-SSL-Cert-Subject'
                                                                                                      }
                                                                                    }, 'HTTP::Headers' ),
                                                               '_method' => 'POST',
                                                               '_uri_canonical' => $VAR1->{'response'}{'_request'}{'_uri'}
                                                             }, 'HTTP::Request' )
                                      }, 'HTTP::Response' )
               }, 'Facebook::Graph::Response' );

MSNBC
-----------------------------

the Drudge Report
-----------------------------

Mic
-----------------------------

The Economist
-----------------------------

Bloomberg Politics
-----------------------------

CBS News
-----------------------------

The Young Turks
-----------------------------

Occupy Democrats
-----------------------------

CBC News
-----------------------------

Newsweek
-----------------------------

CNN International
-----------------------------
$VAR1 = {
          'link' => 'https://www.facebook.com/cnninternational/videos/10154722712154641/',
          'created_time' => '2016-11-26T12:02:18+0000',
          'name' => 'Arctic,  Antarctic sea ice at record lows',
          'id' => '18793419640_10154722712154641',
          'message' => 'Sea ice in both Antarctica and the Arctic are at record lows for the first time, scientists say. Here\'s what to know. http://cnn.it/2g5VcX4'
        };

The New Yorker
-----------------------------
$VAR1 = {
          'link' => 'http://nyer.cm/WiIqr4S',
          'caption' => 'newyorker.com',
          'created_time' => '2016-11-26T12:00:55+0000',
          'name' => "A Young Black Girl\x{2019}s View of Harlem at the Height of the Great Migration",
          'id' => '9258148868_10154221042458869',
          'message' => 'Mildred Harris was given a Kodak Brownie box camera for Christmas sometime in the mid-nineteen-thirties. The photographs she took are now on display in New York.'
        };

Domain: newyorker.com
$VAR1 = bless( {
                 'response' => bless( {
                                        '_protocol' => 'HTTP/1.1',
                                        '_content' => '{"error":{"message":"It looks like you were misusing this feature by going too fast. You\\u2019ve been blocked from using it.\\n\\nLearn more about blocks in the Help Center.","type":"OAuthException","code":368,"error_subcode":1390008,"fbtrace_id":"FgjeLEElGck"}}',
                                        '_rc' => '400',
                                        '_headers' => bless( {
                                                               'connection' => 'close',
                                                               'cache-control' => 'no-store',
                                                               'x-fb-rev' => '2702404',
                                                               'date' => 'Sat, 26 Nov 2016 12:10:37 GMT',
                                                               'x-fb-debug' => 'kL0589muQAzQypCO559+SU6HYw1qJ+zbi13e0cX4zwuH+MqTF2Z5F1jnqTmrABMQNDTcA8RanIKAEucg4xaayQ==',
                                                               'access-control-allow-origin' => '*',
                                                               'vary' => 'Accept-Encoding',
                                                               'client-ssl-cert-issuer' => '/C=US/O=DigiCert Inc/OU=www.digicert.com/CN=DigiCert SHA2 High Assurance Server CA',
                                                               'client-ssl-cipher' => 'ECDHE-ECDSA-AES128-GCM-SHA256',
                                                               'client-peer' => '31.13.65.1:443',
                                                               'facebook-api-version' => 'v2.8',
                                                               'client-date' => 'Sat, 26 Nov 2016 12:10:38 GMT',
                                                               'x-page-usage' => '{"call_count":41,"total_cputime":15,"total_time":18}',
                                                               'content-type' => 'text/javascript; charset=UTF-8',
                                                               'pragma' => 'no-cache',
                                                               'www-authenticate' => 'OAuth "Facebook Platform" "access_denied" "It looks like you were misusing this feature by going too fast. You’ve been blocked from using it.\\n\\nLearn more about blocks in the Help Center."',
                                                               'client-ssl-socket-class' => 'IO::Socket::SSL',
                                                               'client-response-num' => 1,
                                                               'x-fb-trace-id' => 'FgjeLEElGck',
                                                               '::std_case' => {
                                                                                 'client-response-num' => 'Client-Response-Num',
                                                                                 'x-fb-rev' => 'X-Fb-Rev',
                                                                                 'x-fb-debug' => 'X-FB-Debug',
                                                                                 'access-control-allow-origin' => 'Access-Control-Allow-Origin',
                                                                                 'client-ssl-cert-issuer' => 'Client-SSL-Cert-Issuer',
                                                                                 'client-ssl-cipher' => 'Client-SSL-Cipher',
                                                                                 'client-peer' => 'Client-Peer',
                                                                                 'facebook-api-version' => 'Facebook-Api-Version',
                                                                                 'x-fb-trace-id' => 'X-Fb-Trace-Id',
                                                                                 'client-date' => 'Client-Date',
                                                                                 'x-page-usage' => 'X-Page-Usage',
                                                                                 'client-ssl-cert-subject' => 'Client-SSL-Cert-Subject',
                                                                                 'client-ssl-socket-class' => 'Client-SSL-Socket-Class'
                                                                               },
                                                               'client-ssl-cert-subject' => '/C=US/ST=CA/L=Menlo Park/O=Facebook, Inc./CN=*.facebook.com',
                                                               'expires' => 'Sat, 01 Jan 2000 00:00:00 GMT'
                                                             }, 'HTTP::Headers' ),
                                        '_msg' => 'Bad Request',
                                        '_request' => bless( {
                                                               '_content' => 'access_token=EAAPvBQ5tbjMBAOZCljSOHJaa34AP592NeeQe2myDFLNEAveb8YXf1ELXevI1MsTSCTvx2L2cFWYW8BpzTpeb2bydgVyzpzu5UisFemZC1TldMOZBJFnBq5zXzdGyy3ZABg1nUYRZAStCeCeSffZCSQUacCpgMorcec71s7O36CwAZDZD&message=The+Facebook+page+of+The+New+Yorker+originally+shared+this+article.+According+to+data+gathered+by+the+Pew+Research+Center%2C+The+New+Yorker+is+more+trusted+than+distrusted+by+survey+respondents+who+have+heard+of+the+source.+(Over+40%25+of+respondents)+%0D%0AAdditionally%2C+the+research+indicates+that+left-leaning+readers+were+more+likely+to+find+this+source+credible+than+other+readers.+%0D%0A%0D%0AOut+of+the+65%25+of+respondents+who+have+heard+of+The+New+Yorker%2C%0D%0A22%25%09trusted+the+news+source%2C%0D%0A15%25%09distrusted+the+news+source%2C+and%0D%0A62%25%09neither+trusted+nor+distrusted+the+news+source.%0D%0A%0D%0ATo+learn+more+about+Pew+Research+Center\'s+study+on+Political+Polarization+%26+Media+Habits%2C+follow+this+link+to+visit+their+report.+https%3A%2F%2Fgoo.gl%2FxwVtjv&link=http%3A%2F%2Fnyer.cm%2FWiIqr4S&published=true',
                                                               '_uri' => bless( do{\(my $o = 'https://graph.facebook.com/v2.2/1622501708043673/feed')}, 'URI::https' ),
                                                               '_headers' => bless( {
                                                                                      'user-agent' => 'libwww-perl/6.15',
                                                                                      'content-type' => 'application/x-www-form-urlencoded',
                                                                                      'content-length' => 1041,
                                                                                      '::std_case' => {
                                                                                                        'if-ssl-cert-subject' => 'If-SSL-Cert-Subject'
                                                                                                      }
                                                                                    }, 'HTTP::Headers' ),
                                                               '_method' => 'POST',
                                                               '_uri_canonical' => $VAR1->{'response'}{'_request'}{'_uri'}
                                                             }, 'HTTP::Request' )
                                      }, 'HTTP::Response' )
               }, 'Facebook::Graph::Response' );

Rush Limbaugh
-----------------------------

The Independent
-----------------------------
$VAR1 = {
          'link' => 'http://www.independent.co.uk/news/uk/home-news/fracking-report-blocked-suppressed-minister-vote-parliament-a7439496.html?cmpid=facebook-post',
          'caption' => 'independent.co.uk',
          'created_time' => '2016-11-26T12:01:00+0000',
          'name' => 'Ministers suppressed damaging fracking report until after crucial vote',
          'id' => '13312631635_10154218526586636',
          'message' => '\'Dirty tricks of the highest order\''
        };

Domain: independent.co.uk

TheBlaze
-----------------------------

NPR Politics
-----------------------------

The New York Times
-----------------------------

NPR
-----------------------------

MSN
-----------------------------

CNN Politics
-----------------------------

The Daily Show
-----------------------------

Daily Kos
-----------------------------

Yahoo News
-----------------------------

The Guardian
-----------------------------

CNN
-----------------------------
$VAR1 = {
          'link' => 'https://www.facebook.com/cnn/videos/10155659758411509/',
          'created_time' => '2016-11-26T12:02:14+0000',
          'name' => 'Arctic,  Antarctic sea ice at record lows',
          'id' => '5550296508_10155659758411509',
          'message' => 'Sea ice in both Antarctica and the Arctic are at record lows for the first time, scientists say. Here\'s what to know. http://cnn.it/2g5VAoI'
        };

Slate.com
-----------------------------

the AP
-----------------------------

Sean Hannity
-----------------------------

The Ed Schultz Show
-----------------------------

The Atlantic
-----------------------------
$VAR1 = {
          'link' => 'http://www.mtv.com/news/2956522/moana-aulii-cravalho-disney-heroine-interview/?xrs=_s.fb_atlantic',
          'caption' => 'mtv.com',
          'created_time' => '2016-11-26T12:09:00+0000',
          'name' => 'The Teen Star Of Moana Ushers In A New Era For Disney Heroines',
          'id' => '29259828486_10154829419473487',
          'message' => "\"It\x{2019}s such a wonderful time to bring in heroines.\" (via MTV)"
        };

Domain: mtv.com
$VAR1 = {
          'link' => 'http://theatln.tc/2gIiW7h',
          'caption' => 'theatlantic.com',
          'created_time' => '2016-11-26T12:00:57+0000',
          'name' => 'Can Republicans Contain Trump?',
          'id' => '29259828486_10154836699608487',
          'message' => "\"What happens next to the American republic will depend on whether Trump chooses to abide by, or can be restrained within, legal and bureaucratic limits\x{2014}or whether his fellow partisans, seeking their own immediate political objectives, instead empower and enable him.\""
        };

Domain: theatlantic.com

Bloomberg
-----------------------------
$VAR1 = {
          'link' => 'http://bloom.bg/2gfXxin',
          'caption' => 'bloomberg.com',
          'created_time' => '2016-11-26T12:05:53+0000',
          'name' => 'Fidel Castro\'s Death Is Greeted By Both Sorrow and Celebration',
          'id' => '266790296879_10154763499816880',
          'message' => 'The former Cuban leader has passed away at the age of 90.'
        };

Domain: bloomberg.com
$VAR1 = bless( {
                 'response' => bless( {
                                        '_protocol' => 'HTTP/1.1',
                                        '_content' => '{"error":{"message":"It looks like you were misusing this feature by going too fast. You\\u2019ve been blocked from using it.\\n\\nLearn more about blocks in the Help Center.","type":"OAuthException","code":368,"error_subcode":1390008,"fbtrace_id":"CPwi2hCEi50"}}',
                                        '_rc' => '400',
                                        '_headers' => bless( {
                                                               'connection' => 'close',
                                                               'cache-control' => 'no-store',
                                                               'x-fb-rev' => '2702404',
                                                               'date' => 'Sat, 26 Nov 2016 12:10:38 GMT',
                                                               'x-fb-debug' => 'GIoXzHE/lBqNsIneZ+D+Jk/+QMb+tbCOgsYcQ18ISZYBnM2cc7ooGTDO4HKYo97J/gcNHT/FH6yeizXiVn0HMw==',
                                                               'access-control-allow-origin' => '*',
                                                               'vary' => 'Accept-Encoding',
                                                               'client-ssl-cert-issuer' => '/C=US/O=DigiCert Inc/OU=www.digicert.com/CN=DigiCert SHA2 High Assurance Server CA',
                                                               'client-ssl-cipher' => 'ECDHE-ECDSA-AES128-GCM-SHA256',
                                                               'client-peer' => '31.13.65.1:443',
                                                               'facebook-api-version' => 'v2.8',
                                                               'client-date' => 'Sat, 26 Nov 2016 12:10:38 GMT',
                                                               'x-page-usage' => '{"call_count":41,"total_cputime":15,"total_time":18}',
                                                               'content-type' => 'text/javascript; charset=UTF-8',
                                                               'pragma' => 'no-cache',
                                                               'www-authenticate' => 'OAuth "Facebook Platform" "access_denied" "It looks like you were misusing this feature by going too fast. You’ve been blocked from using it.\\n\\nLearn more about blocks in the Help Center."',
                                                               'client-ssl-socket-class' => 'IO::Socket::SSL',
                                                               'client-response-num' => 1,
                                                               'x-fb-trace-id' => 'CPwi2hCEi50',
                                                               '::std_case' => {
                                                                                 'client-response-num' => 'Client-Response-Num',
                                                                                 'x-fb-rev' => 'X-Fb-Rev',
                                                                                 'x-fb-debug' => 'X-FB-Debug',
                                                                                 'access-control-allow-origin' => 'Access-Control-Allow-Origin',
                                                                                 'client-ssl-cert-issuer' => 'Client-SSL-Cert-Issuer',
                                                                                 'client-ssl-cipher' => 'Client-SSL-Cipher',
                                                                                 'client-peer' => 'Client-Peer',
                                                                                 'facebook-api-version' => 'Facebook-Api-Version',
                                                                                 'x-fb-trace-id' => 'X-Fb-Trace-Id',
                                                                                 'client-date' => 'Client-Date',
                                                                                 'x-page-usage' => 'X-Page-Usage',
                                                                                 'client-ssl-cert-subject' => 'Client-SSL-Cert-Subject',
                                                                                 'client-ssl-socket-class' => 'Client-SSL-Socket-Class'
                                                                               },
                                                               'client-ssl-cert-subject' => '/C=US/ST=CA/L=Menlo Park/O=Facebook, Inc./CN=*.facebook.com',
                                                               'expires' => 'Sat, 01 Jan 2000 00:00:00 GMT'
                                                             }, 'HTTP::Headers' ),
                                        '_msg' => 'Bad Request',
                                        '_request' => bless( {
                                                               '_content' => 'access_token=EAAPvBQ5tbjMBAOZCljSOHJaa34AP592NeeQe2myDFLNEAveb8YXf1ELXevI1MsTSCTvx2L2cFWYW8BpzTpeb2bydgVyzpzu5UisFemZC1TldMOZBJFnBq5zXzdGyy3ZABg1nUYRZAStCeCeSffZCSQUacCpgMorcec71s7O36CwAZDZD&message=The+Facebook+page+of+Bloomberg+originally+shared+this+article.+According+to+data+gathered+by+the+Pew+Research+Center%2C+Bloomberg+is+more+trusted+than+distrusted+by+survey+respondents+who+have+heard+of+the+source.+(Over+40%25+of+respondents)+%0D%0AAdditionally%2C+the+research+indicates+that+left-leaning+readers+were+more+likely+to+find+this+source+credible+than+other+readers.+%0D%0A%0D%0AOut+of+the+60%25+of+respondents+who+have+heard+of+Bloomberg%2C%0D%0A18%25%09trusted+the+news+source%2C%0D%0A13%25%09distrusted+the+news+source%2C+and%0D%0A69%25%09neither+trusted+nor+distrusted+the+news+source.%0D%0A%0D%0ATo+learn+more+about+Pew+Research+Center\'s+study+on+Political+Polarization+%26+Media+Habits%2C+follow+this+link+to+visit+their+report.+https%3A%2F%2Fgoo.gl%2FxwVtjv&link=http%3A%2F%2Fbloom.bg%2F2gfXxin&published=true',
                                                               '_uri' => bless( do{\(my $o = 'https://graph.facebook.com/v2.2/1622501708043673/feed')}, 'URI::https' ),
                                                               '_headers' => bless( {
                                                                                      'user-agent' => 'libwww-perl/6.15',
                                                                                      'content-type' => 'application/x-www-form-urlencoded',
                                                                                      'content-length' => 1027,
                                                                                      '::std_case' => {
                                                                                                        'if-ssl-cert-subject' => 'If-SSL-Cert-Subject'
                                                                                                      }
                                                                                    }, 'HTTP::Headers' ),
                                                               '_method' => 'POST',
                                                               '_uri_canonical' => $VAR1->{'response'}{'_request'}{'_uri'}
                                                             }, 'HTTP::Request' )
                                      }, 'HTTP::Response' )
               }, 'Facebook::Graph::Response' );

BuzzFeed
-----------------------------

Fox News
-----------------------------

VICE
-----------------------------
$VAR1 = {
          'link' => 'http://www.vice.com/en_uk/read/fidel-castro-dead-obituary?utm_source=vicefbuk&utm_campaign=global',
          'caption' => 'www.vice.com',
          'created_time' => '2016-11-26T12:05:36+0000',
          'name' => 'All the Weird Stuff You Probably Didn\'t Know About Fidel Castro',
          'id' => '167115176655082_1461066010593319',
          'message' => 'A look back at the life of a man who avoided hundreds of assassinations, economically ran his country into the ground and loved the Manic Street Preachers.'
        };

Domain: vice.com

Glenn Beck
-----------------------------

The Other 98%
-----------------------------





