***********************************************************************************
Started at 12:00:01 on 00/11/2017
***********************************************************************************
Querying souces from the past 15 minutes....

Al Jazeera
-----------------------------
$VAR1 = {
          'link' => 'https://www.facebook.com/aljazeera/videos/10155091210908690/',
          'created_time' => '2017-01-11T17:00:00+0000',
          'name' => 'America reacts to Obama\'s farewell speech',
          'id' => '7382473689_10155091210908690',
          'message' => 'Depending on where you watched it, you would have seen very different reactions to Barack Obama\'s farewell speech. We compared comments on The New York Times and Fox News livestreams to illustrate America\'s partisan divide.'
        };

Upworthy
-----------------------------

The Huffington Post
-----------------------------
$VAR1 = {
          'link' => 'http://huff.to/2jjp4kw',
          'caption' => 'huffingtonpost.com',
          'created_time' => '2017-01-11T16:55:59+0000',
          'name' => 'Trump Blasts Publication Of Unverified Russia Claims As \'Fake News\'',
          'id' => '18468761129_10154597897891130',
          'message' => "\"It\x{2019}s frankly outrageous and highly irresponsible...\""
        };

Domain: huffingtonpost.com
Response:
{"error":{"message":"It looks like you were misusing this feature by going too fast. You\u2019ve been blocked from using it.\n\nLearn more about blocks in the Help Center.","type":"OAuthException","code":368,"error_subcode":1390008,"error_user_msg":"","fbtrace_id":"B9za5dyaali"}}

Facebook ran into an error and the post was not published. Zach Muckerberg please fix. Try again in a few hours.

