***********************************************************************************
Started at 02:45:01 on 00/27/2017
***********************************************************************************
Querying souces from the past 15 minutes....

Al Jazeera
-----------------------------

Upworthy
-----------------------------

The Huffington Post
-----------------------------

HuffPost Women
-----------------------------

PBS News Hour
-----------------------------

ATTN:
-----------------------------

Reuters
-----------------------------

NowThis
-----------------------------

Daily Caller
-----------------------------

CNBC
-----------------------------

The Onion
-----------------------------

Opposing Views
-----------------------------

the Today Show
-----------------------------

Kotaku
-----------------------------

Washington Post
-----------------------------

the American Center for Law and Justice
-----------------------------

VICE News
-----------------------------

PBS
-----------------------------

Mother Jones
-----------------------------

HuffPost Good News
-----------------------------

BBC News
-----------------------------

Breaking News
-----------------------------

The Verge
-----------------------------

New York Magazine
-----------------------------
$VAR1 = {
          'link' => 'http://nym.ag/2kyjv1s',
          'caption' => 'vulture.com',
          'created_time' => '2017-01-27T07:44:51+0000',
          'name' => 'The 12 Best Episodes of The Mary Tyler Moore Show (Not Including \'Chuckles\')',
          'id' => '14516439825_10155003458079826',
          'message' => 'In remembrance of Mary Tyler Moore, a look back at the best episodes of her pioneering comedy series.'
        };

Domain: vulture.com

TIME
-----------------------------
$VAR1 = {
          'link' => 'http://ti.me/2kpV9HY',
          'caption' => 'time.com',
          'created_time' => '2017-01-27T07:30:20+0000',
          'name' => 'This App Can Scan and Solve Math Equations Instantly',
          'id' => '10606591490_10154389254306491',
          'message' => 'Math homework just got way easier.'
        };

Domain: time.com

the Business Insider
-----------------------------
$VAR1 = {
          'link' => 'http://read.bi/2jy7zwp',
          'caption' => 'businessinsider.com',
          'created_time' => '2017-01-27T07:40:01+0000',
          'name' => 'A 30-something real-estate investor shares his No. 1 piece of advice for building wealth',
          'id' => '20446254070_10154329987844071',
          'message' => 'Don\'t settle down too early.'
        };

Domain: businessinsider.com

ThinkProgress
-----------------------------

POLITICO
-----------------------------
$VAR1 = {
          'link' => 'http://politi.co/2jDwLBJ',
          'caption' => 'politi.co',
          'created_time' => '2017-01-27T07:41:13+0000',
          'name' => 'Report: Miami-Dade mayor orders jails to comply with federal immigration detention requests',
          'id' => '62317591679_10154236882951680',
          'message' => 'The mayor cites Donald J. Trump\'s executive orders in a move that essentially ends the county\'s standing as a "sanctuary" for immigrants.'
        };

Domain: politi.co

Alias: politico.com
Response:
{"error":{"message":"It looks like you were misusing this feature by going too fast. You\u2019ve been blocked from using it.\n\nLearn more about blocks in the Help Center.","type":"OAuthException","code":368,"error_data":{"sentry_block_data":"Aeh45gkrSGExHy7230gqqM3kCBt6TUMeUIyBIdspn8Wqndn4daAzy5DhAi8Aa_sjfYBNS15skwtC2h7tjueu2QFfXEPuNhG1SKHMx-3HqxiwkFjNs9Ii4VJ14N3qurB8ydgcc6Clpu8j4OGTJbn4EG9drWdGlFuQvXdj3BOgh3X3wsqQdldhA76qdrDGKfqleZJDa194z2JcWaRS6f5PI0MLMLI7hsk--MOv1ZabCAoh27newHeCL-WTaDdsjLYSfpYvh8f9nVvVn2rXqhIIYJYgh6MC7dE0GXmN4IimyeV3UmWXvmCmqnXnAj5GcMdqKYYeJTxtB7yYOsQYoVvCzKZ1p80ZInFJJSeyC4NEPu2RB-UUDKcUu3eiOGeNwBdpyo7VscE3K3uSwudx1drlp4VfVlcRO_brdaqz_0qgoi5fYAdYKGh1YEy3pMmQjU1tAiYtleSmEllWYmNHSkN6YtyKhlsiJ-cIDSRKM1laUl_9KGRZnH0nSW4nlh5R9QUdHITynhLwtQGobXwLV3ccNTa1AAEngo3ngxxVW7iZa0EEMAl580_XgzLR5A0_vTlvcOHqxejTFDZaVteC0WLl3lRn_UHEeqGkhJbID8BWtzeHj51utzNUJKxKtleixzjVxzA_oJ9tSgOLBUi7GU4shBE8lG_RlFp8QCY9dk6-AF_D6l5iZ5chzkbWRZZvjt8SLEroJ6mHy2Z_B7MS9St3O4kmPhP-3ydPAyS2mlwsWLFKyA-Xo_sxtUXfP6HcRDy-xw8N9k0U_3_TNua08H42tlgOhIF6YGzNvGaA16iG46bcbXpfpGL8bpWeWW5KjSS1BhiBLXVSJ2chDwRRwoPeT9tpa05jbgsAbrfTi4N04tKfJ5y_agPMA8axZ5QjhjrspSlOTDkFp6AIt8KFyqMtXj-pMQsRjBqBzzKXL8LLw8WnLzMYOtzmjC7IM95pwsUOOwpM1rUKVikbLWGr9HqxkULGKI_M35_0F5yOLZAtrOH1wLAuu3Qzz1h61B4eroONSAulLvmu1G_wKyPJQbN7omK1wiCDgFKN4OSM99IZxBTpihyFHw8ldVtIFhBBg7il4oJSMRQeC6lL0O1_CrNjGGgem019fSXQGRgNm1PlX_VWHbeqLY_CQzTc6mFLj-mhc9Pce3nsLZvX7G_nDkyEDydSWYzCBOClqkU3X88Sq2EHIRpnjfTDiHeoqrBv7V691V_Em80b5IXLqbVk2byF-nNq0pRlRSwn4uPVRrON3lpbh09rqy7_HDFVW_rFvPof19jXbgY8AdpTEpivNOQzhKeVj91GWr6p1ojXEyWibhP_eJfNlH99V0HL1bnnH0zvMVKy9br-ucw3-GYfg-KpeYR2KJUSHkbSvYfbOKdIaqlGULjSTGgsjY8A2X_EqG9ZfFrfA4VEHgFOYh_RS4d91qMP0JtKl_S2hF8ke83Msg76XtYqXJw2l0i6yhtGDZ9w1sH5KD1pjpKT5DADUUGW64bUg0nZLiNXWe2SQlRQueWAwKTRzklQUXI2YenawNIuCracXpO4Gq4hCWfTIuapnktxU-bTXtrwQFKuYN9MAs7vIZXhnWVkoUq1NRx4OAYNlj1vXJ1X-xxe8RxUAHfUzgqUMgg5Ct41EzC0jbckttAeZzqOl-oMJngNzLMwk8NUQ3iQmNByiodYz1_z_q5h762HaDi-x7xjRuCdeIv0MPuCpLYafxPyjVpgP5hUfInUbJptVHgk9LkPZzX-o5e4M-tp1tuy5bJFo4SbAnd7KsDYqNqe4aAR9NocQlxjjgA0K-cK0lo3KQX19V-aFLJTCjW9l_eMYnA2N4whTOz0N3_-R-jMrScqKINX_K9pYnDyiGETHmmJp_1YqC1iTqKQRgHyjh2smyKjfMC1PHmi_5pd-QRrllh4DAD3MnOMGUBmrCVSy84pU1xtFyymFN9G9GVzQw0QK8FmK3TJbZHwSgcP6cOdA_7yRtzpABrawG2CsQ4gimYxY2QEHz6EGR5MisqhCI6EtTCzVyg1pPKL0dltNmCLy4N96LtkkVeAmLQkDJ4LpMTd9QiUu2jsrbGqnXWIyQqdWSQb80xYCWhX-JS1CwM3FStt2Ji1bp8Pjb_xEyEtUueeYNw94bR9WIJrkd1zzWvH8j0zFfSj9VNRgqVk4DpsE5DHyhFiaBjxiTCFBjVGYFnAwUGHasudVmfhzhuTowVU0QKN57CNi95oevQM9urqzkRtLS0nDeUyc985mi9SMSzczPq7WouggqpJ4C4qVnduBzye9iIl-CHu7a7r9qf0zAZ29misxXCLDFHd5qfLrcJBA-Bv0I8kWWgnAb25p0j4bLgWEd4wBqS3v5mg9PIHi_eNLIG2YNWn6sKFfLfvs1Y_hb_8qC4dUvrPvPBifLg4FFJJPOkv9W-r0-ag23fbGDQH9b7qeTgy2di8CEWxGb7VXJKzY9zOsD8EWQEB2DuZfVSt0VsvsUvTnFp3Yp6NA2FqoGa27Ju-Z_UUTO0"},"error_subcode":1390008,"error_user_msg":"","fbtrace_id":"HkDmI\/o4mQS"}}

Facebook ran into an error and the post was not published. Zach Muckerberg please fix. Try again in a few hours.

