***********************************************************************************
Started at 08:00:01 on 00/26/2017
***********************************************************************************
Querying souces from the past 15 minutes....

Al Jazeera
-----------------------------

Upworthy
-----------------------------

The Huffington Post
-----------------------------

HuffPost Women
-----------------------------

PBS News Hour
-----------------------------

ATTN:
-----------------------------
$VAR1 = {
          'link' => 'https://www.facebook.com/ajplusenglish/videos/887619274712914/',
          'created_time' => '2017-01-26T12:57:00+0000',
          'name' => 'AJ+',
          'id' => '160389977329803_1266857423349714',
          'message' => 'Here\'s what you should know about the wall that already exists at the U.S.-Mexico border.'
        };

Reuters
-----------------------------
$VAR1 = {
          'link' => 'http://reut.rs/2j7TRV3',
          'caption' => 'reuters.com',
          'created_time' => '2017-01-26T12:47:56+0000',
          'name' => 'Top 10 U.S. sanctuary cities face roughly $2.27 billion in cuts by Trump policy',
          'id' => '114050161948682_1373350572685295',
          'message' => 'Spicer said an executive order signed by Trump on Wednesday directs the Secretary of Homeland Security to look at federal funding to cities to figure out "how we can defund those streams." Read the full story: http://reut.rs/2j7TRV3'
        };

Domain: reuters.com

NowThis
-----------------------------

Daily Caller
-----------------------------
$VAR1 = {
          'link' => 'http://trib.al/dKtUeIP',
          'caption' => 'dailycaller.com',
          'created_time' => '2017-01-26T12:59:14+0000',
          'name' => "Report: Germany\x{2019}s Green Energy Policy \x{2018}A Disaster In The Making\x{2019}",
          'id' => '182919686769_10154174555901770',
          'message' => 'Left-wing problem incoming...'
        };

Domain: dailycaller.com

CNBC
-----------------------------

The Onion
-----------------------------

Opposing Views
-----------------------------

the Today Show
-----------------------------
$VAR1 = {
          'link' => 'http://www.today.com/news/kellyanne-conway-donald-trump-s-daughter-tiffany-isn-t-registered-t107422',
          'caption' => 'today.com',
          'created_time' => '2017-01-26T12:48:15+0000',
          'name' => 'Kellyanne Conway: Tiffany Trump says it\'s \'flatly false\' she\'s registered to vote in 2 states',
          'id' => '12566691349_10154975580461350',
          'message' => 'Just one day after President Donald Trump said he would ask for a "major investigation" into his unsubstantiated allegations of voter fraud, Kellyanne Conway weighed in.'
        };

Domain: today.com

Kotaku
-----------------------------

Washington Post
-----------------------------
$VAR1 = {
          'link' => 'https://www.washingtonpost.com/news/post-politics/wp/2017/01/26/in-his-first-major-tv-interview-as-president-trump-is-endlessly-obsessed-about-his-popularity/?tid=sm_fb',
          'caption' => 'washingtonpost.com',
          'created_time' => '2017-01-26T12:54:28+0000',
          'name' => 'In his first major TV interview as president, Trump is endlessly obsessed with his popularity',
          'id' => '6250307292_10154707690727293',
          'message' => "Trump insisted that he could have \x{201c}very, very easily\x{201d} won the popular vote in the election \x{2014} had he simply tried."
        };

Domain: washingtonpost.com
Response:
{"id":"1622501708043673_1648474888779688"}

the American Center for Law and Justice
-----------------------------

VICE News
-----------------------------

PBS
-----------------------------

Mother Jones
-----------------------------

HuffPost Good News
-----------------------------

BBC News
-----------------------------

Breaking News
-----------------------------

The Verge
-----------------------------
$VAR1 = {
          'link' => 'http://www.theverge.com/circuitbreaker/2017/1/25/14384112/apple-airpods-fashion-style-wireless-earbuds',
          'caption' => 'theverge.com',
          'created_time' => '2017-01-26T12:56:30+0000',
          'name' => 'The most important AirPods question: are they actually cool?',
          'id' => '193742123995472_1326089474094059',
          'message' => 'Yea or nay?'
        };

Domain: theverge.com

New York Magazine
-----------------------------

TIME
-----------------------------

the Business Insider
-----------------------------
$VAR1 = {
          'link' => 'https://www.facebook.com/businessinsider/videos/10154316549144071/',
          'created_time' => '2017-01-26T12:55:00+0000',
          'name' => 'Bird Island is a private island off the coast of Belize on Airbnb',
          'id' => '20446254070_10154316549144071',
          'message' => 'You can rent this isolated island off the coast of Belize for $495 a night.'
        };

ThinkProgress
-----------------------------

POLITICO
-----------------------------
$VAR1 = {
          'link' => 'http://politi.co/2k447gb',
          'caption' => 'politi.co',
          'created_time' => '2017-01-26T12:46:05+0000',
          'name' => "Jesse Jackson: \x{2018}You drown when you stop kicking\x{2019}",
          'id' => '62317591679_10154234603996680',
          'message' => 'Simon says: "You would expect Trump to be happy being sworn in as the 45th president. Yet his mood remained grim."'
        };

Domain: politi.co

Alias: politico.com
Response:
{"id":"1622501708043673_1648475015446342"}

USA TODAY
-----------------------------
$VAR1 = {
          'link' => 'http://www.usatoday.com/story/news/world/2017/01/26/german-court-jails-girl-16-stabbing-ordered-isil/97077018/',
          'caption' => 'usatoday.com',
          'created_time' => '2017-01-26T12:56:54+0000',
          'name' => 'German court jails girl, 16, for stabbing ordered by ISIL',
          'id' => '13652355666_10154342881150667',
          'message' => 'The teen, named only as Safia S, was sentenced to six years in jail.'
        };

Domain: usatoday.com
Response:
{"id":"1622501708043673_1648475158779661"}

American News
-----------------------------

ABC News
-----------------------------
$VAR1 = {
          'link' => 'http://abcn.ws/2kwAu40',
          'caption' => 'abcnews.go.com',
          'created_time' => '2017-01-26T12:48:46+0000',
          'name' => '\'Feds\' That Trump Wants to Send to Chicago Are Already There',
          'id' => '86680728811_10155314863478812',
          'message' => 'President Donald J. Trump is threatening to send \'the feds\' to Chicago but in some ways, they\'re already there.'
        };

Domain: go.com
Response:
{"id":"1622501708043673_1648475322112978"}

HuffPost Politics
-----------------------------

NBC News
-----------------------------

AJ+
-----------------------------
$VAR1 = {
          'link' => 'https://www.facebook.com/ajplusenglish/videos/681439505330893/',
          'created_time' => '2017-01-26T12:46:47+0000',
          'name' => 'AJ+',
          'id' => '407570359384477_888301121311396',
          'message' => "Today many aboriginals are marking \x{201c}Invasion Day\x{201d} in Australia.

Here\x{2019}s a story of one man who created his own country."
        };

Wikileaks
-----------------------------

CNNMoney
-----------------------------
$VAR1 = {
          'link' => 'http://cnnmon.ie/2k9hBoF',
          'caption' => 'money.cnn.com',
          'created_time' => '2017-01-26T12:51:01+0000',
          'name' => 'Inside the coolest private jets',
          'id' => '6651543066_10154319315183067',
          'message' => 'Wheels up! Take a peak inside some of the coolest private jets http://cnnmon.ie/2k9hBoF'
        };

Domain: cnn.com
Response:
{"id":"1622501708043673_1648475442112966"}

ABC News Politics
-----------------------------

Right Wing News
-----------------------------
$VAR1 = {
          'link' => 'http://rightwingnews.com/top-news/yes-trump-just-put-obamas-hometown-chicago-notice-reduce-carnage-else/',
          'caption' => 'rightwingnews.com',
          'created_time' => '2017-01-26T13:00:01+0000',
          'name' => 'YES! Trump Just Put Obama\'s Hometown Chicago On NOTICE- Reduce Carnage OR ELSE!',
          'id' => '389658314427637_1682446338482155',
          'message' => 'Do they need Trump?...the time of suffering SENSELESSLY needs to end.'
        };

Domain: rightwingnews.com

The Wall Street Journal
-----------------------------

MSNBC
-----------------------------

the Drudge Report
-----------------------------

Mic
-----------------------------

The Economist
-----------------------------

Bloomberg Politics
-----------------------------

CBS News
-----------------------------
$VAR1 = {
          'link' => 'http://cbsn.ws/2jtb0qP',
          'caption' => 'www.cbsnews.com',
          'created_time' => '2017-01-26T13:00:04+0000',
          'name' => 'What is a sanctuary city? And what happens now?',
          'id' => '131459315949_10154307729780950',
          'message' => 'A look at how some U.S. cities could be affected by President Trump\'s executive order.'
        };

Domain: cbsnews.com
Response:
{"id":"1622501708043673_1648475505446293"}

The Young Turks
-----------------------------

Occupy Democrats
-----------------------------

CBC News
-----------------------------
$VAR1 = {
          'link' => 'http://www.cbc.ca/news/investigates/signatures-nominee-directors-panama-papers-1.3951784?cmp=rss',
          'caption' => 'cbc.ca',
          'created_time' => '2017-01-26T13:00:01+0000',
          'name' => '2 Canadians led nearly 200 companies they claim to know nothing about',
          'id' => '5823419603_10155095156939604',
          'message' => 'The latest in our #PanamaPapers investigation: Rules that permit figurehead directors make Canada ripe for tax-haven-type abuse.'
        };

Newsweek
-----------------------------

CNN International
-----------------------------

The New Yorker
-----------------------------

Rush Limbaugh
-----------------------------

The Independent
-----------------------------

TheBlaze
-----------------------------

NPR Politics
-----------------------------

The New York Times
-----------------------------
$VAR1 = {
          'link' => 'https://www.nytimes.com/2017/01/26/world/africa/clinics-health-care-cuts-abortion-trump.html?smid=fb-nytimes&smtyp=cur',
          'caption' => 'nytimes.com',
          'created_time' => '2017-01-26T12:55:01+0000',
          'name' => "Clinics for World\x{2019}s Vulnerable Brace for Trump\x{2019}s Anti-Abortion Cuts",
          'id' => '5281959998_10151061644014999',
          'message' => 'Donald J. Trump revived a policy that prohibits organizations abroad from using American aid to talk about abortion as a method of family planning.'
        };

Domain: nytimes.com
Response:
{"id":"1622501708043673_1648475532112957"}

NPR
-----------------------------

MSN
-----------------------------

CNN Politics
-----------------------------
$VAR1 = {
          'link' => 'https://www.facebook.com/cnnpolitics/videos/1475509959157499/',
          'created_time' => '2017-01-26T12:49:12+0000',
          'id' => '219367258105115_1475509959157499',
          'message' => 'Republican Senator Cory Gardner says he has not seen any evidence that backs up President Donald J. Trump\'s claim that millions voted illegally, costing Trump the popular vote. http://cnn.it/2jAFWTF'
        };

The Daily Show
-----------------------------
$VAR1 = {
          'link' => 'http://on.cc.com/2km0XSH',
          'caption' => 'www.cc.com',
          'created_time' => '2017-01-26T13:00:02+0000',
          'name' => 'Full Episode: January 25, 2017 - Heather Anne Thompson & Bellamy Young',
          'id' => '7976226799_10154991938081800',
          'message' => 'President Trump signs a series of controversial executive orders, Heather Anne Thompson discusses "Blood in the Water," and Bellamy Young talks about "Scandal."'
        };

Domain: cc.com
Response:
{"id":"1622501708043673_1648475575446286"}

Daily Kos
-----------------------------

Yahoo News
-----------------------------

The Guardian
-----------------------------
$VAR1 = {
          'link' => 'https://www.theguardian.com/us-news/2017/jan/25/trump-executive-order-torture-black-sites-guantanamo-bay?CMP=fb_gu',
          'caption' => 'theguardian.com',
          'created_time' => '2017-01-26T13:00:00+0000',
          'name' => 'Trump\'s impending executive order heralds \'dangerous\' return to torture, official warns',
          'id' => '10513336322_10155007796981323',
          'message' => "\"We can\x{2019}t take the morality out of strategy.\""
        };

Domain: theguardian.com
Response:
{"id":"1622501708043673_1648475625446281"}

CNN
-----------------------------

Slate.com
-----------------------------

the AP
-----------------------------

Sean Hannity
-----------------------------

The Ed Schultz Show
-----------------------------

The Atlantic
-----------------------------

Bloomberg
-----------------------------

BuzzFeed
-----------------------------

Fox News
-----------------------------

VICE
-----------------------------
$VAR1 = {
          'link' => 'https://www.vice.com/en_us/article/andrew-wk-on-comics?utm_source=vicefbus',
          'caption' => 'www.vice.com',
          'created_time' => '2017-01-26T12:46:01+0000',
          'name' => 'Andrew W.K. on Comics',
          'id' => '167115176655082_1542363889130197',
          'message' => '"Comics illustrate life in a way that actually matches what being alive feels like."

The newest from Andrew W.K.'
        };

Domain: vice.com

Glenn Beck
-----------------------------

The Other 98%
-----------------------------


Total Posts Made:	9


