***********************************************************************************
Started at 04:00:01 on 00/18/2017
***********************************************************************************
Querying souces from the past 15 minutes....

Al Jazeera
-----------------------------

Upworthy
-----------------------------

The Huffington Post
-----------------------------

HuffPost Women
-----------------------------

PBS News Hour
-----------------------------

ATTN:
-----------------------------
$VAR1 = {
          'link' => 'https://www.facebook.com/ATTNVideo/videos/1635244973447124/',
          'created_time' => '2017-01-18T08:48:00+0000',
          'name' => 'ATTN: Video',
          'id' => '160389977329803_1258278750874248',
          'message' => 'We have to stop blaming women when they get attacked by men.'
        };

Reuters
-----------------------------

NowThis
-----------------------------

Daily Caller
-----------------------------

CNBC
-----------------------------

The Onion
-----------------------------

Opposing Views
-----------------------------

the Today Show
-----------------------------

Kotaku
-----------------------------

Washington Post
-----------------------------

the American Center for Law and Justice
-----------------------------

VICE News
-----------------------------
$VAR1 = {
          'link' => 'https://news.vice.com/story/gitmo-reunion?utm_source=vicenewsfb',
          'caption' => 'news.vice.com',
          'created_time' => '2017-01-18T08:59:00+0000',
          'name' => 'Three former Guantanamo detainees share their stories',
          'id' => '235852889908002_724098164416803',
          'message' => 'Last week marked 15 years since the opening of the Guantanamo Bay prison in Cuba.'
        };

Domain: vice.com

PBS
-----------------------------

Mother Jones
-----------------------------

HuffPost Good News
-----------------------------

BBC News
-----------------------------

Breaking News
-----------------------------

The Verge
-----------------------------
$VAR1 = {
          'link' => 'http://www.theverge.com/2017/1/18/14308296/tesla-gigafactory-expands-production-electric-motors',
          'caption' => 'theverge.com',
          'created_time' => '2017-01-18T08:52:12+0000',
          'name' => 'Tesla will also make Model 3 motors at its Nevada Gigafactory',
          'id' => '193742123995472_1318261781543495',
          'message' => 'Tesla\'s Gigafactory is going to make more than just batteries.'
        };

Domain: theverge.com

New York Magazine
-----------------------------
$VAR1 = {
          'link' => 'http://nym.ag/2iu1YuD',
          'caption' => 'nymag.com',
          'created_time' => '2017-01-18T08:48:39+0000',
          'name' => 'This Pioneering Fashion Photographer Captured Real, Complicated Women',
          'id' => '14516439825_10154969678759826',
          'message' => "\"I go into a woman\x{2019}s private world, where you never go.\""
        };

Domain: nymag.com

TIME
-----------------------------

the Business Insider
-----------------------------

ThinkProgress
-----------------------------

POLITICO
-----------------------------
$VAR1 = {
          'link' => 'http://politi.co/2jv34pO',
          'caption' => 'politico.com',
          'created_time' => '2017-01-18T09:00:07+0000',
          'name' => 'DeVos dodges toughest questions about public school plans',
          'id' => '62317591679_10154207141241680',
          'message' => "Betsy DeVos dodged Democrats\x{2019} toughest questions about how \x{2014} or even if \x{2014} she would protect traditional public schools."
        };

Domain: politico.com

Alias: politico.com
Response:
{"error":{"message":"It looks like you were misusing this feature by going too fast. You\u2019ve been blocked from using it.\n\nLearn more about blocks in the Help Center.","type":"OAuthException","code":368,"error_subcode":1390008,"error_user_msg":"","fbtrace_id":"DXzFDQ5hiOd"}}

Facebook ran into an error and the post was not published. Zach Muckerberg please fix. Try again in a few hours.

