***********************************************************************************
Started at 16:15:01 on 00/30/2017
***********************************************************************************
Querying souces from the past 15 minutes....

Al Jazeera
-----------------------------

Upworthy
-----------------------------
$VAR1 = {
          'link' => 'http://u.pw/2kknS3I',
          'caption' => 'upworthy.com',
          'created_time' => '2017-01-30T21:06:00+0000',
          'name' => '15 companies that took bold stands against Trump\'s immigration ban.',
          'id' => '354522044588660_1632995646741287',
          'message' => 'Trump was a CEO long before he was a politician. These 15 business leaders hope they can get through to him.'
        };

Domain: upworthy.com

The Huffington Post
-----------------------------
$VAR1 = {
          'link' => 'http://huff.to/2kkpIkv',
          'caption' => 'huffingtonpost.com',
          'created_time' => '2017-01-30T21:00:25+0000',
          'name' => 'Sean Spicer Uses San Bernardino Shooting To Justify Banning 220 Million People',
          'id' => '18468761129_10154660299586130',
          'message' => "The shooters weren\x{2019}t tied to any of the countries targeted in the ban."
        };

Domain: huffingtonpost.com
Response:
{"error":{"message":"It looks like you were misusing this feature by going too fast. You\u2019ve been blocked from using it.\n\nLearn more about blocks in the Help Center.","type":"OAuthException","code":368,"error_subcode":1390008,"error_user_msg":"","fbtrace_id":"ABcvE5gd1pl"}}

Facebook ran into an error and the post was not published. Zach Muckerberg please fix. Try again in a few hours.

