***********************************************************************************
Started at 13:00:02 on 10/25/2016
***********************************************************************************
Querying souces from the past 10 minutes....

Al Jazeera
-----------------------------

Upworthy
-----------------------------

The Huffington Post
-----------------------------

HuffPost Women
-----------------------------

PBS News Hour
-----------------------------

ATTN:
-----------------------------

Reuters
-----------------------------

NowThis
-----------------------------

Daily Caller
-----------------------------

CNBC
-----------------------------
$VAR1 = {
          'link' => 'http://cnb.cx/2gk4PnZ',
          'caption' => 'cnbc.com',
          'created_time' => '2016-11-25T17:59:08+0000',
          'name' => 'Jill Stein reaches $2.5 million funding goal to request a recount in Wisconsin',
          'id' => '97212224368_10154920373869369',
          'message' => 'They\'re requesting a recount in key swing states that Donald Trump won.'
        };

Domain: cnbc.com
$VAR1 = {
          'link' => 'http://cnb.cx/2fMIlIV',
          'caption' => 'cnbc.com',
          'created_time' => '2016-11-25T17:59:06+0000',
          'name' => 'Apple offers up to $150 in gift cards on certain Black Friday items',
          'id' => '97212224368_10154920373809369',
          'message' => "Apple has brought back a holiday tradition \x{2014} offering gift cards, not discounts, with certain purchases on Black Friday."
        };

Domain: cnbc.com
$VAR1 = {
          'link' => 'http://cnb.cx/2fMM7Ss',
          'caption' => 'cnbc.com',
          'created_time' => '2016-11-25T17:53:04+0000',
          'name' => "Mall of America, others took a stand against Thanksgiving openings \x{2014} it seems to have paid off",
          'id' => '97212224368_10154920364209369',
          'message' => 'Property owners that stayed closed on Thanksgiving Day said they greeted larger more energized crowds on Friday.'
        };

Domain: cnbc.com

The Onion
-----------------------------

Opposing Views
-----------------------------

the Today Show
-----------------------------

Kotaku
-----------------------------

Washington Post
-----------------------------

the American Center for Law and Justice
-----------------------------

VICE News
-----------------------------

PBS
-----------------------------

Mother Jones
-----------------------------

HuffPost Good News
-----------------------------

BBC News
-----------------------------
$VAR1 = {
          'link' => 'http://bbc.in/2gHDtbW',
          'caption' => 'bbc.co.uk',
          'created_time' => '2016-11-25T17:54:41+0000',
          'name' => 'Turkey threatens to let migrants travel to EU',
          'id' => '228735667216_10154133900612217',
          'message' => 'Turkey currently hosts almost three million migrants, mostly from Syria.'
        };

Domain: bbc.co.uk
$VAR1 = bless( {
                 'response' => bless( {
                                        '_protocol' => 'HTTP/1.1',
                                        '_content' => '{"id":"1622501708043673_1624606741166503"}',
                                        '_rc' => '200',
                                        '_headers' => bless( {
                                                               'connection' => 'close',
                                                               'x-fb-rev' => '2702404',
                                                               'cache-control' => 'private, no-cache, no-store, must-revalidate',
                                                               'date' => 'Fri, 25 Nov 2016 18:00:30 GMT',
                                                               'x-fb-debug' => 'KXLcOPmR3r+qbSCbvZRLFZ/6h2a5BR4LIw2XxPTaFlOcUmUYk5t8LGgij8EJqlUhkpgeX61CdYyiultbGbEdEQ==',
                                                               'access-control-allow-origin' => '*',
                                                               'client-ssl-cert-issuer' => '/C=US/O=DigiCert Inc/OU=www.digicert.com/CN=DigiCert SHA2 High Assurance Server CA',
                                                               'client-ssl-cipher' => 'ECDHE-ECDSA-AES128-GCM-SHA256',
                                                               'client-peer' => '31.13.65.1:443',
                                                               'facebook-api-version' => 'v2.8',
                                                               'client-date' => 'Fri, 25 Nov 2016 18:00:30 GMT',
                                                               'x-page-usage' => '{"call_count":2,"total_cputime":1,"total_time":1}',
                                                               'pragma' => 'no-cache',
                                                               'content-type' => 'text/javascript; charset=UTF-8',
                                                               'client-ssl-socket-class' => 'IO::Socket::SSL',
                                                               'client-response-num' => 1,
                                                               'content-length' => '42',
                                                               'x-fb-trace-id' => 'DFe7/m2xQTg',
                                                               '::std_case' => {
                                                                                 'client-response-num' => 'Client-Response-Num',
                                                                                 'x-fb-rev' => 'X-Fb-Rev',
                                                                                 'x-fb-debug' => 'X-FB-Debug',
                                                                                 'access-control-allow-origin' => 'Access-Control-Allow-Origin',
                                                                                 'client-ssl-cert-issuer' => 'Client-SSL-Cert-Issuer',
                                                                                 'client-ssl-cipher' => 'Client-SSL-Cipher',
                                                                                 'client-peer' => 'Client-Peer',
                                                                                 'facebook-api-version' => 'Facebook-Api-Version',
                                                                                 'x-fb-trace-id' => 'X-Fb-Trace-Id',
                                                                                 'client-date' => 'Client-Date',
                                                                                 'x-page-usage' => 'X-Page-Usage',
                                                                                 'client-ssl-cert-subject' => 'Client-SSL-Cert-Subject',
                                                                                 'client-ssl-socket-class' => 'Client-SSL-Socket-Class'
                                                                               },
                                                               'client-ssl-cert-subject' => '/C=US/ST=CA/L=Menlo Park/O=Facebook, Inc./CN=*.facebook.com',
                                                               'expires' => 'Sat, 01 Jan 2000 00:00:00 GMT'
                                                             }, 'HTTP::Headers' ),
                                        '_msg' => 'OK',
                                        '_request' => bless( {
                                                               '_content' => 'access_token=EAAPvBQ5tbjMBAOZCljSOHJaa34AP592NeeQe2myDFLNEAveb8YXf1ELXevI1MsTSCTvx2L2cFWYW8BpzTpeb2bydgVyzpzu5UisFemZC1TldMOZBJFnBq5zXzdGyy3ZABg1nUYRZAStCeCeSffZCSQUacCpgMorcec71s7O36CwAZDZD&message=The+Facebook+page+of+BBC+News+originally+shared+this+article.+According+to+data+gathered+by+the+Pew+Research+Center%2C+BBC+is+more+trusted+than+distrusted+by+survey+respondents+who+have+heard+of+the+source.+(Over+40%25+of+respondents)+%0D%0AAdditionally%2C+the+research+indicates+that+left-leaning+readers+and+right-leaning+readers+were+about+equally+as+likely+to+find+this+source+credible.+%0D%0A%0D%0AOut+of+the+76%25+of+respondents+who+have+heard+of+BBC%2C%0D%0A47%25%09trusted+the+news+source%2C%0D%0A10%25%09distrusted+the+news+source%2C+and%0D%0A44%25%09neither+trusted+nor+distrusted+the+news+source.%0D%0A%0D%0ATo+learn+more+about+Pew+Research+Center\'s+study+on+Political+Polarization+%26+Media+Habits%2C+follow+this+link+to+visit+their+report.+https%3A%2F%2Fgoo.gl%2FxwVtjv&link=http%3A%2F%2Fbbc.in%2F2gHDtbW&published=true',
                                                               '_uri' => bless( do{\(my $o = 'https://graph.facebook.com/v2.2/1622501708043673/feed')}, 'URI::https' ),
                                                               '_headers' => bless( {
                                                                                      'user-agent' => 'libwww-perl/6.15',
                                                                                      'content-type' => 'application/x-www-form-urlencoded',
                                                                                      'content-length' => 1031,
                                                                                      '::std_case' => {
                                                                                                        'if-ssl-cert-subject' => 'If-SSL-Cert-Subject'
                                                                                                      }
                                                                                    }, 'HTTP::Headers' ),
                                                               '_method' => 'POST',
                                                               '_uri_canonical' => $VAR1->{'response'}{'_request'}{'_uri'}
                                                             }, 'HTTP::Request' )
                                      }, 'HTTP::Response' )
               }, 'Facebook::Graph::Response' );

Breaking News
-----------------------------

The Verge
-----------------------------
$VAR1 = {
          'link' => 'http://www.polygon.com/2016/11/25/13747454/no-mans-sky-foundation-update-release-date',
          'caption' => 'polygon.com',
          'created_time' => '2016-11-25T17:56:00+0000',
          'name' => "No Man\x{2019}s Sky \x{2018}Foundation Update\x{2019} is coming soon",
          'id' => '193742123995472_1259106354125705',
          'message' => "\x{201c}Positive or negative feedback, you have been heard and that will truly help to make this a better game for everyone.\x{201d} (via Polygon)"
        };

Domain: polygon.com

New York Magazine
-----------------------------

TIME
-----------------------------

the Business Insider
-----------------------------
$VAR1 = {
          'link' => 'http://read.bi/2fwgKe8',
          'caption' => 'businessinsider.com',
          'created_time' => '2016-11-25T18:00:01+0000',
          'name' => '\'That\'s what grandmas do\': Woman shares Thanksgiving with teen she accidentally invited by texting the wrong number',
          'id' => '20446254070_10154122665794071',
          'message' => 'They hugged before they sat down for dinner.'
        };

Domain: businessinsider.com
$VAR1 = {
          'link' => 'https://www.facebook.com/businessinsider/videos/10154111673539071/',
          'created_time' => '2016-11-25T17:55:00+0000',
          'name' => 'Christian Siriano weighs in on the shopping mall\'s future',
          'id' => '20446254070_10154111673539071',
          'message' => 'Fashion designer Christian Siriano explains why malls are dying.'
        };

ThinkProgress
-----------------------------

POLITICO
-----------------------------

USA TODAY
-----------------------------

American News
-----------------------------

ABC News
-----------------------------
$VAR1 = {
          'link' => 'http://abcn.ws/2goxJzK',
          'caption' => 'abcnews.go.com',
          'created_time' => '2016-11-25T17:57:10+0000',
          'name' => 'President-Elect Trump to Make More \'Staff-Related\' Announcements',
          'id' => '86680728811_10155055389048812',
          'message' => 'President-elect Donald J. Trump is expected to name two new additions to his staff today, according to aides.'
        };

Domain: go.com
$VAR1 = bless( {
                 'response' => bless( {
                                        '_protocol' => 'HTTP/1.1',
                                        '_content' => '{"id":"1622501708043673_1624606754499835"}',
                                        '_rc' => '200',
                                        '_headers' => bless( {
                                                               'connection' => 'close',
                                                               'x-fb-rev' => '2702404',
                                                               'cache-control' => 'private, no-cache, no-store, must-revalidate',
                                                               'date' => 'Fri, 25 Nov 2016 18:00:31 GMT',
                                                               'x-fb-debug' => 'QIGr9p9W1uALSwEWK2miLOGXvaqIKL7MC36Us5fOWGk24s7+NOp0DatB3fU68/uL2uF1Nr12ITVhTCi7bD8WhQ==',
                                                               'access-control-allow-origin' => '*',
                                                               'client-ssl-cert-issuer' => '/C=US/O=DigiCert Inc/OU=www.digicert.com/CN=DigiCert SHA2 High Assurance Server CA',
                                                               'client-ssl-cipher' => 'ECDHE-ECDSA-AES128-GCM-SHA256',
                                                               'client-peer' => '31.13.65.1:443',
                                                               'facebook-api-version' => 'v2.8',
                                                               'client-date' => 'Fri, 25 Nov 2016 18:00:31 GMT',
                                                               'x-page-usage' => '{"call_count":2,"total_cputime":1,"total_time":1}',
                                                               'pragma' => 'no-cache',
                                                               'content-type' => 'text/javascript; charset=UTF-8',
                                                               'client-ssl-socket-class' => 'IO::Socket::SSL',
                                                               'client-response-num' => 1,
                                                               'content-length' => '42',
                                                               'x-fb-trace-id' => 'CmfkvR/Sp0U',
                                                               '::std_case' => {
                                                                                 'client-response-num' => 'Client-Response-Num',
                                                                                 'x-fb-rev' => 'X-Fb-Rev',
                                                                                 'x-fb-debug' => 'X-FB-Debug',
                                                                                 'access-control-allow-origin' => 'Access-Control-Allow-Origin',
                                                                                 'client-ssl-cert-issuer' => 'Client-SSL-Cert-Issuer',
                                                                                 'client-ssl-cipher' => 'Client-SSL-Cipher',
                                                                                 'client-peer' => 'Client-Peer',
                                                                                 'facebook-api-version' => 'Facebook-Api-Version',
                                                                                 'x-fb-trace-id' => 'X-Fb-Trace-Id',
                                                                                 'client-date' => 'Client-Date',
                                                                                 'x-page-usage' => 'X-Page-Usage',
                                                                                 'client-ssl-cert-subject' => 'Client-SSL-Cert-Subject',
                                                                                 'client-ssl-socket-class' => 'Client-SSL-Socket-Class'
                                                                               },
                                                               'client-ssl-cert-subject' => '/C=US/ST=CA/L=Menlo Park/O=Facebook, Inc./CN=*.facebook.com',
                                                               'expires' => 'Sat, 01 Jan 2000 00:00:00 GMT'
                                                             }, 'HTTP::Headers' ),
                                        '_msg' => 'OK',
                                        '_request' => bless( {
                                                               '_content' => 'access_token=EAAPvBQ5tbjMBAOZCljSOHJaa34AP592NeeQe2myDFLNEAveb8YXf1ELXevI1MsTSCTvx2L2cFWYW8BpzTpeb2bydgVyzpzu5UisFemZC1TldMOZBJFnBq5zXzdGyy3ZABg1nUYRZAStCeCeSffZCSQUacCpgMorcec71s7O36CwAZDZD&message=The+Facebook+page+of+ABC+News+originally+shared+this+article.+According+to+data+gathered+by+the+Pew+Research+Center%2C+ABC+News+is+more+trusted+than+distrusted+by+survey+respondents+who+have+heard+of+the+source.+(Over+40%25+of+respondents)+%0D%0AAdditionally%2C+the+research+indicates+that+left-leaning+readers+and+right-leaning+readers+were+about+equally+as+likely+to+find+this+source+credible.+%0D%0A%0D%0AOut+of+the+94%25+of+respondents+who+have+heard+of+ABC+News%2C%0D%0A53%25%09trusted+the+news+source%2C%0D%0A18%25%09distrusted+the+news+source%2C+and%0D%0A29%25%09neither+trusted+nor+distrusted+the+news+source.%0D%0A%0D%0ATo+learn+more+about+Pew+Research+Center\'s+study+on+Political+Polarization+%26+Media+Habits%2C+follow+this+link+to+visit+their+report.+https%3A%2F%2Fgoo.gl%2FxwVtjv&link=http%3A%2F%2Fabcn.ws%2F2goxJzK&published=true',
                                                               '_uri' => bless( do{\(my $o = 'https://graph.facebook.com/v2.2/1622501708043673/feed')}, 'URI::https' ),
                                                               '_headers' => bless( {
                                                                                      'user-agent' => 'libwww-perl/6.15',
                                                                                      'content-type' => 'application/x-www-form-urlencoded',
                                                                                      'content-length' => 1042,
                                                                                      '::std_case' => {
                                                                                                        'if-ssl-cert-subject' => 'If-SSL-Cert-Subject'
                                                                                                      }
                                                                                    }, 'HTTP::Headers' ),
                                                               '_method' => 'POST',
                                                               '_uri_canonical' => $VAR1->{'response'}{'_request'}{'_uri'}
                                                             }, 'HTTP::Request' )
                                      }, 'HTTP::Response' )
               }, 'Facebook::Graph::Response' );

HuffPost Politics
-----------------------------

NBC News
-----------------------------
$VAR1 = {
          'link' => 'http://nbcnews.to/2gd2Y1u',
          'caption' => 'nbcbayarea.com',
          'created_time' => '2016-11-25T17:53:52+0000',
          'name' => 'California "supermom" who vanished 3 weeks ago found safe',
          'id' => '155869377766434_1582985395054818',
          'message' => 'Authorities are searching for two women suspected in the abduction of a California mother.
via NBC Bay Area'
        };

Domain: nbcbayarea.com

AJ+
-----------------------------
$VAR1 = {
          'link' => 'https://www.facebook.com/ajplusenglish/videos/842925295848979/',
          'created_time' => '2016-11-25T18:00:00+0000',
          'name' => 'Could This Space Elevator Actually Get Made?',
          'id' => '407570359384477_842925295848979',
          'message' => 'Would you ride an elevator to space? This new design could be for real.'
        };

Wikileaks
-----------------------------
$VAR1 = {
          'link' => 'https://www.facebook.com/wikileaks/photos/a.206387512729702.43344.108734602494994/1164733183561792/?type=3',
          'created_time' => '2016-11-25T17:59:01+0000',
          'name' => 'Timeline Photos',
          'id' => '108734602494994_1164733183561792',
          'message' => 'RELEASE: The #Yemen Files: evidence of the US arming, training and funding of Yemeni forces.
https://wikileaks.org/yemen-files/releases/

#HillaryClinton #YemenCrisis #Saudi #Iran #ISIL #AQAP #RedSea'
        };

CNNMoney
-----------------------------

ABC News Politics
-----------------------------

Right Wing News
-----------------------------
$VAR1 = {
          'link' => 'http://rightwingnews.com/human-interest/officers-respond-odd-call-young-boy-find-something-never-expected/',
          'caption' => 'rightwingnews.com',
          'created_time' => '2016-11-25T18:00:01+0000',
          'name' => 'Officers Respond To Odd Call From Young Boy, Find Something They NEVER Expected!',
          'id' => '389658314427637_1608097422583714',
          'message' => 'That\'s a far cry from a normal call!'
        };

Domain: rightwingnews.com

The Wall Street Journal
-----------------------------

MSNBC
-----------------------------

the Drudge Report
-----------------------------

Mic
-----------------------------

The Economist
-----------------------------
$VAR1 = {
          'link' => 'http://econ.st/2fMGtQw',
          'caption' => 'economist.com',
          'created_time' => '2016-11-25T17:53:15+0000',
          'name' => 'A showdown looms over revisions to Basel 3 bank-capital rules',
          'id' => '6013004059_10154808594819060',
          'message' => 'European (and some Asian) bankers fear the latest amendments force them into an American-designed straitjacket'
        };

Domain: economist.com
$VAR1 = bless( {
                 'response' => bless( {
                                        '_protocol' => 'HTTP/1.1',
                                        '_content' => '{"id":"1622501708043673_1624606757833168"}',
                                        '_rc' => '200',
                                        '_headers' => bless( {
                                                               'connection' => 'close',
                                                               'x-fb-rev' => '2702404',
                                                               'cache-control' => 'private, no-cache, no-store, must-revalidate',
                                                               'date' => 'Fri, 25 Nov 2016 18:00:32 GMT',
                                                               'x-fb-debug' => 'jRMCvUBR4B2tI8EvykC1ElYLgJ+GcY/jLWNEkeAa/pUJwRQCtqaTHl3gpFwK9lBxXIhJ8DTI88PAPkjATbB/TQ==',
                                                               'access-control-allow-origin' => '*',
                                                               'client-ssl-cert-issuer' => '/C=US/O=DigiCert Inc/OU=www.digicert.com/CN=DigiCert SHA2 High Assurance Server CA',
                                                               'client-ssl-cipher' => 'ECDHE-ECDSA-AES128-GCM-SHA256',
                                                               'client-peer' => '31.13.65.1:443',
                                                               'facebook-api-version' => 'v2.8',
                                                               'client-date' => 'Fri, 25 Nov 2016 18:00:32 GMT',
                                                               'x-page-usage' => '{"call_count":2,"total_cputime":1,"total_time":1}',
                                                               'pragma' => 'no-cache',
                                                               'content-type' => 'text/javascript; charset=UTF-8',
                                                               'client-ssl-socket-class' => 'IO::Socket::SSL',
                                                               'client-response-num' => 1,
                                                               'content-length' => '42',
                                                               'x-fb-trace-id' => 'BPYFEFfHCfH',
                                                               '::std_case' => {
                                                                                 'client-response-num' => 'Client-Response-Num',
                                                                                 'x-fb-rev' => 'X-Fb-Rev',
                                                                                 'x-fb-debug' => 'X-FB-Debug',
                                                                                 'access-control-allow-origin' => 'Access-Control-Allow-Origin',
                                                                                 'client-ssl-cert-issuer' => 'Client-SSL-Cert-Issuer',
                                                                                 'client-ssl-cipher' => 'Client-SSL-Cipher',
                                                                                 'client-peer' => 'Client-Peer',
                                                                                 'facebook-api-version' => 'Facebook-Api-Version',
                                                                                 'x-fb-trace-id' => 'X-Fb-Trace-Id',
                                                                                 'client-date' => 'Client-Date',
                                                                                 'x-page-usage' => 'X-Page-Usage',
                                                                                 'client-ssl-cert-subject' => 'Client-SSL-Cert-Subject',
                                                                                 'client-ssl-socket-class' => 'Client-SSL-Socket-Class'
                                                                               },
                                                               'client-ssl-cert-subject' => '/C=US/ST=CA/L=Menlo Park/O=Facebook, Inc./CN=*.facebook.com',
                                                               'expires' => 'Sat, 01 Jan 2000 00:00:00 GMT'
                                                             }, 'HTTP::Headers' ),
                                        '_msg' => 'OK',
                                        '_request' => bless( {
                                                               '_content' => 'access_token=EAAPvBQ5tbjMBAOZCljSOHJaa34AP592NeeQe2myDFLNEAveb8YXf1ELXevI1MsTSCTvx2L2cFWYW8BpzTpeb2bydgVyzpzu5UisFemZC1TldMOZBJFnBq5zXzdGyy3ZABg1nUYRZAStCeCeSffZCSQUacCpgMorcec71s7O36CwAZDZD&message=The+Facebook+page+of+The+Economist+originally+shared+this+article.+According+to+data+gathered+by+the+Pew+Research+Center%2C+The+Economist+is+more+trusted+than+distrusted+by+survey+respondents+who+have+heard+of+the+source.+%0D%0AAdditionally%2C+the+research+indicates+that+left-leaning+readers+and+right-leaning+readers+were+about+equally+as+likely+to+find+this+source+credible.+%0D%0A%0D%0AOut+of+the+34%25+of+respondents+who+have+heard+of+The+Economist%2C%0D%0A36%25%09trusted+the+news+source%2C%0D%0A6%25%09distrusted+the+news+source%2C+and%0D%0A58%25%09neither+trusted+nor+distrusted+the+news+source.%0D%0A%0D%0ATo+learn+more+about+Pew+Research+Center\'s+study+on+Political+Polarization+%26+Media+Habits%2C+follow+this+link+to+visit+their+report.+https%3A%2F%2Fgoo.gl%2FxwVtjv&link=http%3A%2F%2Fecon.st%2F2fMGtQw&published=true',
                                                               '_uri' => bless( do{\(my $o = 'https://graph.facebook.com/v2.2/1622501708043673/feed')}, 'URI::https' ),
                                                               '_headers' => bless( {
                                                                                      'user-agent' => 'libwww-perl/6.15',
                                                                                      'content-type' => 'application/x-www-form-urlencoded',
                                                                                      'content-length' => 1028,
                                                                                      '::std_case' => {
                                                                                                        'if-ssl-cert-subject' => 'If-SSL-Cert-Subject'
                                                                                                      }
                                                                                    }, 'HTTP::Headers' ),
                                                               '_method' => 'POST',
                                                               '_uri_canonical' => $VAR1->{'response'}{'_request'}{'_uri'}
                                                             }, 'HTTP::Request' )
                                      }, 'HTTP::Response' )
               }, 'Facebook::Graph::Response' );
$VAR1 = {
          'link' => 'https://www.facebook.com/TheEconomist/photos/a.10150279872209060.361054.6013004059/10154808590034060/?type=3',
          'created_time' => '2016-11-25T17:51:59+0000',
          'name' => 'Timeline Photos',
          'id' => '6013004059_10154808590034060',
          'message' => 'This week\'s KAL cartoon'
        };

Bloomberg Politics
-----------------------------

CBS News
-----------------------------

The Young Turks
-----------------------------

Occupy Democrats
-----------------------------

CBC News
-----------------------------
$VAR1 = {
          'link' => 'http://www.cbc.ca/news/entertainment/movie-review-manchester-by-the-sea-1.3866196',
          'caption' => 'cbc.ca',
          'created_time' => '2016-11-25T18:00:00+0000',
          'name' => 'Manchester by the Sea offers a searing story and Casey Affleck\'s best work yet',
          'id' => '5823419603_10154866990444604',
          'message' => 'Eli Glasner calls it "a rare commitment to truth that deserves to be seen."'
        };

Newsweek
-----------------------------

CNN International
-----------------------------

The New Yorker
-----------------------------

Rush Limbaugh
-----------------------------

The Independent
-----------------------------

TheBlaze
-----------------------------

NPR Politics
-----------------------------

The New York Times
-----------------------------
$VAR1 = {
          'link' => 'http://www.nytimes.com/2016/11/18/podcasts/how-could-you-19-questions-to-ask-loved-ones-who-voted-the-other-way.html?smid=fb-nytimes&smtyp=cur',
          'caption' => 'nytimes.com',
          'created_time' => '2016-11-25T17:55:01+0000',
          'name' => 'How Could You? 19 Questions to Ask Loved Ones Who Voted the Other Way',
          'id' => '5281959998_10150974416919999',
          'message' => 'Did you ask any of these questions over the Thanksgiving holiday? If so, how did your conversations go? Your comments may be used in an upcoming story.'
        };

Domain: nytimes.com
$VAR1 = bless( {
                 'response' => bless( {
                                        '_protocol' => 'HTTP/1.1',
                                        '_content' => '{"id":"1622501708043673_1624606771166500"}',
                                        '_rc' => '200',
                                        '_headers' => bless( {
                                                               'connection' => 'close',
                                                               'x-fb-rev' => '2702404',
                                                               'cache-control' => 'private, no-cache, no-store, must-revalidate',
                                                               'date' => 'Fri, 25 Nov 2016 18:00:33 GMT',
                                                               'x-fb-debug' => 'vYLQgSSM6sr1uegFyijCRgvbrMJ6tN2HhAyckjDxMFS85U3OOtiCea4KMd3gKGID6eNRosRyj1otfkalcUl0Ag==',
                                                               'access-control-allow-origin' => '*',
                                                               'client-ssl-cert-issuer' => '/C=US/O=DigiCert Inc/OU=www.digicert.com/CN=DigiCert SHA2 High Assurance Server CA',
                                                               'client-ssl-cipher' => 'ECDHE-ECDSA-AES128-GCM-SHA256',
                                                               'client-peer' => '31.13.65.1:443',
                                                               'facebook-api-version' => 'v2.8',
                                                               'client-date' => 'Fri, 25 Nov 2016 18:00:33 GMT',
                                                               'x-page-usage' => '{"call_count":2,"total_cputime":1,"total_time":1}',
                                                               'pragma' => 'no-cache',
                                                               'content-type' => 'text/javascript; charset=UTF-8',
                                                               'client-ssl-socket-class' => 'IO::Socket::SSL',
                                                               'client-response-num' => 1,
                                                               'content-length' => '42',
                                                               'x-fb-trace-id' => 'A+nujGOIF4c',
                                                               '::std_case' => {
                                                                                 'client-response-num' => 'Client-Response-Num',
                                                                                 'x-fb-rev' => 'X-Fb-Rev',
                                                                                 'x-fb-debug' => 'X-FB-Debug',
                                                                                 'access-control-allow-origin' => 'Access-Control-Allow-Origin',
                                                                                 'client-ssl-cert-issuer' => 'Client-SSL-Cert-Issuer',
                                                                                 'client-ssl-cipher' => 'Client-SSL-Cipher',
                                                                                 'client-peer' => 'Client-Peer',
                                                                                 'facebook-api-version' => 'Facebook-Api-Version',
                                                                                 'x-fb-trace-id' => 'X-Fb-Trace-Id',
                                                                                 'client-date' => 'Client-Date',
                                                                                 'x-page-usage' => 'X-Page-Usage',
                                                                                 'client-ssl-cert-subject' => 'Client-SSL-Cert-Subject',
                                                                                 'client-ssl-socket-class' => 'Client-SSL-Socket-Class'
                                                                               },
                                                               'client-ssl-cert-subject' => '/C=US/ST=CA/L=Menlo Park/O=Facebook, Inc./CN=*.facebook.com',
                                                               'expires' => 'Sat, 01 Jan 2000 00:00:00 GMT'
                                                             }, 'HTTP::Headers' ),
                                        '_msg' => 'OK',
                                        '_request' => bless( {
                                                               '_content' => 'access_token=EAAPvBQ5tbjMBAOZCljSOHJaa34AP592NeeQe2myDFLNEAveb8YXf1ELXevI1MsTSCTvx2L2cFWYW8BpzTpeb2bydgVyzpzu5UisFemZC1TldMOZBJFnBq5zXzdGyy3ZABg1nUYRZAStCeCeSffZCSQUacCpgMorcec71s7O36CwAZDZD&message=The+Facebook+page+of+The+New+York+Times+originally+shared+this+article.+According+to+data+gathered+by+the+Pew+Research+Center%2C+The+New+York+Times+is+more+trusted+than+distrusted+by+survey+respondents+who+have+heard+of+the+source.+(Over+40%25+of+respondents)+%0D%0AAdditionally%2C+the+research+indicates+that+left-leaning+readers+were+more+likely+to+find+this+source+credible+than+other+readers.+%0D%0A%0D%0AOut+of+the+85%25+of+respondents+who+have+heard+of+The+New+York+Times%2C%0D%0A40%25%09trusted+the+news+source%2C%0D%0A19%25%09distrusted+the+news+source%2C+and%0D%0A41%25%09neither+trusted+nor+distrusted+the+news+source.%0D%0A%0D%0ATo+learn+more+about+Pew+Research+Center\'s+study+on+Political+Polarization+%26+Media+Habits%2C+follow+this+link+to+visit+their+report.+https%3A%2F%2Fgoo.gl%2FxwVtjv&link=http%3A%2F%2Fwww.nytimes.com%2F2016%2F11%2F18%2Fpodcasts%2Fhow-could-you-19-questions-to-ask-loved-ones-who-voted-the-other-way.html%3Fsmid%3Dfb-nytimes%26smtyp%3Dcur&published=true',
                                                               '_uri' => bless( do{\(my $o = 'https://graph.facebook.com/v2.2/1622501708043673/feed')}, 'URI::https' ),
                                                               '_headers' => bless( {
                                                                                      'user-agent' => 'libwww-perl/6.15',
                                                                                      'content-type' => 'application/x-www-form-urlencoded',
                                                                                      'content-length' => 1189,
                                                                                      '::std_case' => {
                                                                                                        'if-ssl-cert-subject' => 'If-SSL-Cert-Subject'
                                                                                                      }
                                                                                    }, 'HTTP::Headers' ),
                                                               '_method' => 'POST',
                                                               '_uri_canonical' => $VAR1->{'response'}{'_request'}{'_uri'}
                                                             }, 'HTTP::Request' )
                                      }, 'HTTP::Response' )
               }, 'Facebook::Graph::Response' );

NPR
-----------------------------

MSN
-----------------------------
$VAR1 = {
          'link' => "http://msn.com/en-us/news/us/many-in-florida-count-on-obama\x{2019}s-health-law-even-amid-talk-of-its-demise/ar-AAkLeX6?ocid=ob-fb-enus-280",
          'caption' => 'msn.com',
          'created_time' => '2016-11-25T17:57:30+0000',
          'name' => "Many in Florida Count on Obama\x{2019}s Health Law, Even Amid Talk of Its Demise",
          'id' => '49940376408_10154070773996409'
        };

Domain: msn.com

CNN Politics
-----------------------------

The Daily Show
-----------------------------

Daily Kos
-----------------------------
$VAR1 = {
          'link' => 'http://www.dailykos.com/stories/2016/11/25/1603992/-Trump-s-foreign-policy-can-be-summed-up-in-a-single-word-extortion?detail=facebook',
          'caption' => 'dailykos.com',
          'created_time' => '2016-11-25T18:00:01+0000',
          'name' => 'Trump\'s foreign policy can be summed up in a single word: extortion',
          'id' => '43179984254_10154887594714255',
          'message' => 'He has zero interest in helping anyone but himself.'
        };

Domain: dailykos.com
$VAR1 = bless( {
                 'response' => bless( {
                                        '_protocol' => 'HTTP/1.1',
                                        '_content' => '{"id":"1622501708043673_1624606784499832"}',
                                        '_rc' => '200',
                                        '_headers' => bless( {
                                                               'connection' => 'close',
                                                               'x-fb-rev' => '2702404',
                                                               'cache-control' => 'private, no-cache, no-store, must-revalidate',
                                                               'date' => 'Fri, 25 Nov 2016 18:00:33 GMT',
                                                               'x-fb-debug' => 'Y3m38bqHlh05xWnyk+Xi6CR7+5g6q+TaM+ePcfKZLxwALDwyNEbMHJZVGj25FR2dpPg/vXZD4a+dgFSj6pa4qA==',
                                                               'access-control-allow-origin' => '*',
                                                               'client-ssl-cert-issuer' => '/C=US/O=DigiCert Inc/OU=www.digicert.com/CN=DigiCert SHA2 High Assurance Server CA',
                                                               'client-ssl-cipher' => 'ECDHE-ECDSA-AES128-GCM-SHA256',
                                                               'client-peer' => '31.13.65.1:443',
                                                               'facebook-api-version' => 'v2.8',
                                                               'client-date' => 'Fri, 25 Nov 2016 18:00:33 GMT',
                                                               'x-page-usage' => '{"call_count":2,"total_cputime":1,"total_time":1}',
                                                               'pragma' => 'no-cache',
                                                               'content-type' => 'text/javascript; charset=UTF-8',
                                                               'client-ssl-socket-class' => 'IO::Socket::SSL',
                                                               'client-response-num' => 1,
                                                               'content-length' => '42',
                                                               'x-fb-trace-id' => 'H8bbkOp6cA5',
                                                               '::std_case' => {
                                                                                 'client-response-num' => 'Client-Response-Num',
                                                                                 'x-fb-rev' => 'X-Fb-Rev',
                                                                                 'x-fb-debug' => 'X-FB-Debug',
                                                                                 'access-control-allow-origin' => 'Access-Control-Allow-Origin',
                                                                                 'client-ssl-cert-issuer' => 'Client-SSL-Cert-Issuer',
                                                                                 'client-ssl-cipher' => 'Client-SSL-Cipher',
                                                                                 'client-peer' => 'Client-Peer',
                                                                                 'facebook-api-version' => 'Facebook-Api-Version',
                                                                                 'x-fb-trace-id' => 'X-Fb-Trace-Id',
                                                                                 'client-date' => 'Client-Date',
                                                                                 'x-page-usage' => 'X-Page-Usage',
                                                                                 'client-ssl-cert-subject' => 'Client-SSL-Cert-Subject',
                                                                                 'client-ssl-socket-class' => 'Client-SSL-Socket-Class'
                                                                               },
                                                               'client-ssl-cert-subject' => '/C=US/ST=CA/L=Menlo Park/O=Facebook, Inc./CN=*.facebook.com',
                                                               'expires' => 'Sat, 01 Jan 2000 00:00:00 GMT'
                                                             }, 'HTTP::Headers' ),
                                        '_msg' => 'OK',
                                        '_request' => bless( {
                                                               '_content' => 'access_token=EAAPvBQ5tbjMBAOZCljSOHJaa34AP592NeeQe2myDFLNEAveb8YXf1ELXevI1MsTSCTvx2L2cFWYW8BpzTpeb2bydgVyzpzu5UisFemZC1TldMOZBJFnBq5zXzdGyy3ZABg1nUYRZAStCeCeSffZCSQUacCpgMorcec71s7O36CwAZDZD&message=The+Facebook+page+of+Daily+Kos+originally+shared+this+article.+According+to+data+gathered+by+the+Pew+Research+Center%2C+Daily+Kos+is+more+distrusted+than+trusted+by+survey+respondents+who+have+heard+of+the+source.+%0D%0AAdditionally%2C+the+research+indicates+that+left-leaning+readers+were+more+likely+to+find+this+source+credible+than+other+readers.+%0D%0A%0D%0AOut+of+the+12%25+of+respondents+who+have+heard+of+Daily+Kos%2C%0D%0A16%25%09trusted+the+news+source%2C%0D%0A27%25%09distrusted+the+news+source%2C+and%0D%0A57%25%09neither+trusted+nor+distrusted+the+news+source.%0D%0A%0D%0ATo+learn+more+about+Pew+Research+Center\'s+study+on+Political+Polarization+%26+Media+Habits%2C+follow+this+link+to+visit+their+report.+https%3A%2F%2Fgoo.gl%2FxwVtjv&link=http%3A%2F%2Fwww.dailykos.com%2Fstories%2F2016%2F11%2F25%2F1603992%2F-Trump-s-foreign-policy-can-be-summed-up-in-a-single-word-extortion%3Fdetail%3Dfacebook&published=true',
                                                               '_uri' => bless( do{\(my $o = 'https://graph.facebook.com/v2.2/1622501708043673/feed')}, 'URI::https' ),
                                                               '_headers' => bless( {
                                                                                      'user-agent' => 'libwww-perl/6.15',
                                                                                      'content-type' => 'application/x-www-form-urlencoded',
                                                                                      'content-length' => 1124,
                                                                                      '::std_case' => {
                                                                                                        'if-ssl-cert-subject' => 'If-SSL-Cert-Subject'
                                                                                                      }
                                                                                    }, 'HTTP::Headers' ),
                                                               '_method' => 'POST',
                                                               '_uri_canonical' => $VAR1->{'response'}{'_request'}{'_uri'}
                                                             }, 'HTTP::Request' )
                                      }, 'HTTP::Response' )
               }, 'Facebook::Graph::Response' );

Yahoo News
-----------------------------

The Guardian
-----------------------------
$VAR1 = {
          'link' => 'https://www.theguardian.com/culture/2016/nov/25/what-how-and-why-the-uks-new-online-porn-restrictions-explained?CMP=fb_gu',
          'caption' => 'theguardian.com',
          'created_time' => '2016-11-25T18:00:00+0000',
          'name' => 'What, how and why? The UK\'s new online porn restrictions explained',
          'id' => '10513336322_10154768556441323',
          'message' => "A new digital economy bill intends to block websites hosting \x{2018}unconventional\x{2019} sexual content. So who decides what is conventional, and who will implement and police such a ban?"
        };

Domain: theguardian.com
$VAR1 = bless( {
                 'response' => bless( {
                                        '_protocol' => 'HTTP/1.1',
                                        '_content' => '{"id":"1622501708043673_1624606791166498"}',
                                        '_rc' => '200',
                                        '_headers' => bless( {
                                                               'connection' => 'close',
                                                               'x-fb-rev' => '2702404',
                                                               'cache-control' => 'private, no-cache, no-store, must-revalidate',
                                                               'date' => 'Fri, 25 Nov 2016 18:00:34 GMT',
                                                               'x-fb-debug' => 'Cc5P9CvC1v2KnpCry3Ia1CXCfjQ+GHf84PtgZBsacAZojtlpYcN6sFtH9I4Y+g900X4jr+/5WYTRf7mXB7jBgw==',
                                                               'access-control-allow-origin' => '*',
                                                               'client-ssl-cert-issuer' => '/C=US/O=DigiCert Inc/OU=www.digicert.com/CN=DigiCert SHA2 High Assurance Server CA',
                                                               'client-ssl-cipher' => 'ECDHE-ECDSA-AES128-GCM-SHA256',
                                                               'client-peer' => '31.13.65.1:443',
                                                               'facebook-api-version' => 'v2.8',
                                                               'client-date' => 'Fri, 25 Nov 2016 18:00:34 GMT',
                                                               'x-page-usage' => '{"call_count":2,"total_cputime":1,"total_time":1}',
                                                               'pragma' => 'no-cache',
                                                               'content-type' => 'text/javascript; charset=UTF-8',
                                                               'client-ssl-socket-class' => 'IO::Socket::SSL',
                                                               'client-response-num' => 1,
                                                               'content-length' => '42',
                                                               'x-fb-trace-id' => 'AypVzdTHkHT',
                                                               '::std_case' => {
                                                                                 'client-response-num' => 'Client-Response-Num',
                                                                                 'x-fb-rev' => 'X-Fb-Rev',
                                                                                 'x-fb-debug' => 'X-FB-Debug',
                                                                                 'access-control-allow-origin' => 'Access-Control-Allow-Origin',
                                                                                 'client-ssl-cert-issuer' => 'Client-SSL-Cert-Issuer',
                                                                                 'client-ssl-cipher' => 'Client-SSL-Cipher',
                                                                                 'client-peer' => 'Client-Peer',
                                                                                 'facebook-api-version' => 'Facebook-Api-Version',
                                                                                 'x-fb-trace-id' => 'X-Fb-Trace-Id',
                                                                                 'client-date' => 'Client-Date',
                                                                                 'x-page-usage' => 'X-Page-Usage',
                                                                                 'client-ssl-cert-subject' => 'Client-SSL-Cert-Subject',
                                                                                 'client-ssl-socket-class' => 'Client-SSL-Socket-Class'
                                                                               },
                                                               'client-ssl-cert-subject' => '/C=US/ST=CA/L=Menlo Park/O=Facebook, Inc./CN=*.facebook.com',
                                                               'expires' => 'Sat, 01 Jan 2000 00:00:00 GMT'
                                                             }, 'HTTP::Headers' ),
                                        '_msg' => 'OK',
                                        '_request' => bless( {
                                                               '_content' => 'access_token=EAAPvBQ5tbjMBAOZCljSOHJaa34AP592NeeQe2myDFLNEAveb8YXf1ELXevI1MsTSCTvx2L2cFWYW8BpzTpeb2bydgVyzpzu5UisFemZC1TldMOZBJFnBq5zXzdGyy3ZABg1nUYRZAStCeCeSffZCSQUacCpgMorcec71s7O36CwAZDZD&message=The+Facebook+page+of+The+Guardian+originally+shared+this+article.+According+to+data+gathered+by+the+Pew+Research+Center%2C+The+Guardian+is+more+trusted+than+distrusted+by+survey+respondents+who+have+heard+of+the+source.+(Over+40%25+of+respondents)+%0D%0AAdditionally%2C+the+research+indicates+that+left-leaning+readers+were+more+likely+to+find+this+source+credible+than+other+readers.+%0D%0A%0D%0AOut+of+the+36%25+of+respondents+who+have+heard+of+The+Guardian%2C%0D%0A20%25%09trusted+the+news+source%2C%0D%0A12%25%09distrusted+the+news+source%2C+and%0D%0A67%25%09neither+trusted+nor+distrusted+the+news+source.%0D%0A%0D%0ATo+learn+more+about+Pew+Research+Center\'s+study+on+Political+Polarization+%26+Media+Habits%2C+follow+this+link+to+visit+their+report.+https%3A%2F%2Fgoo.gl%2FxwVtjv&link=https%3A%2F%2Fwww.theguardian.com%2Fculture%2F2016%2Fnov%2F25%2Fwhat-how-and-why-the-uks-new-online-porn-restrictions-explained%3FCMP%3Dfb_gu&published=true',
                                                               '_uri' => bless( do{\(my $o = 'https://graph.facebook.com/v2.2/1622501708043673/feed')}, 'URI::https' ),
                                                               '_headers' => bless( {
                                                                                      'user-agent' => 'libwww-perl/6.15',
                                                                                      'content-type' => 'application/x-www-form-urlencoded',
                                                                                      'content-length' => 1146,
                                                                                      '::std_case' => {
                                                                                                        'if-ssl-cert-subject' => 'If-SSL-Cert-Subject'
                                                                                                      }
                                                                                    }, 'HTTP::Headers' ),
                                                               '_method' => 'POST',
                                                               '_uri_canonical' => $VAR1->{'response'}{'_request'}{'_uri'}
                                                             }, 'HTTP::Request' )
                                      }, 'HTTP::Response' )
               }, 'Facebook::Graph::Response' );

CNN
-----------------------------

Slate.com
-----------------------------

the AP
-----------------------------

Sean Hannity
-----------------------------

The Ed Schultz Show
-----------------------------

The Atlantic
-----------------------------

Bloomberg
-----------------------------
$VAR1 = {
          'link' => 'https://www.facebook.com/bloombergbusiness/videos/10154755021926880/',
          'created_time' => '2016-11-25T18:00:00+0000',
          'id' => '266790296879_10154755021926880',
          'message' => 'These spider robots are training to build a city on the moon http://bloom.bg/2fMJKiD'
        };

BuzzFeed
-----------------------------
$VAR1 = {
          'link' => 'https://www.facebook.com/BuzzFeedVideo/videos/2092612917546246/',
          'created_time' => '2016-11-25T18:00:00+0000',
          'id' => '1318800798260799_2092612917546246',
          'message' => 'Shit it too real.'
        };

Fox News
-----------------------------
$VAR1 = {
          'link' => 'https://www.facebook.com/FoxNews/videos/10154826903846336/',
          'created_time' => '2016-11-25T17:56:04+0000',
          'id' => '15704546335_10154826903846336',
          'message' => 'Florence Henderson, who starred as the ultimate TV mom when she took on the role of Carol Brady in "The Brady Bunch," has died. She was 82. http://fxn.ws/2gmhYcP'
        };

VICE
-----------------------------

Glenn Beck
-----------------------------

The Other 98%
-----------------------------
$VAR1 = {
          'link' => 'https://www.facebook.com/actdottv/videos/549868438537060/',
          'created_time' => '2016-11-25T18:00:00+0000',
          'name' => 'act.tv',
          'id' => '114517875225866_1550221384988834'
        };





