***********************************************************************************
Started at 09:30:01 on 11/25/2016
***********************************************************************************
Querying souces from the past 15 minutes....

Al Jazeera
-----------------------------
$VAR1 = {
          'link' => 'https://www.facebook.com/aljazeera/videos/10155017136958690/',
          'created_time' => '2016-12-25T14:30:00+0000',
          'name' => 'Iraq: Celebrating Christmas away from home',
          'id' => '7382473689_10155017136958690',
          'message' => 'More than 10,000 displaced Christian families in northern Iraq are forced to celebrate Christmas away from home.'
        };
$VAR1 = {
          'link' => 'http://aje.io/8d78',
          'caption' => 'aljazeera.com',
          'created_time' => '2016-12-25T14:19:08+0000',
          'name' => 'Pope urges end to Syria fighting in Christmas message',
          'id' => '7382473689_10155017254728690',
          'message' => 'Pope Francis: "It is time for weapons to be still forever."'
        };

Domain: aljazeera.com
Response:
{"id":"1622501708043673_1636535433306967"}

Upworthy
-----------------------------
$VAR1 = {
          'link' => 'http://u.pw/2ikwHpo',
          'caption' => 'upworthy.com',
          'created_time' => '2016-12-25T14:20:00+0000',
          'name' => 'There\'s no wrong way to have a family, and IKEA\'s latest ad totally gets it.',
          'id' => '354522044588660_1546380972069422',
          'message' => 'It\'s one of the first to try and destigmatize divorce.'
        };

Domain: upworthy.com

The Huffington Post
-----------------------------
$VAR1 = {
          'link' => 'https://www.facebook.com/HuffingtonPost/videos/10154546751376130/',
          'created_time' => '2016-12-25T14:16:01+0000',
          'name' => 'Fancy Napkin Folds | HuffPost Originals',
          'id' => '18468761129_10154546751376130',
          'message' => 'Spruce up your table with some bow-shaped napkins this year.'
        };

HuffPost Women
-----------------------------

PBS News Hour
-----------------------------

ATTN:
-----------------------------

Reuters
-----------------------------

NowThis
-----------------------------

Daily Caller
-----------------------------
$VAR1 = {
          'link' => 'http://trib.al/dCoi4hG',
          'caption' => 'dailycaller.com',
          'created_time' => '2016-12-25T14:19:01+0000',
          'name' => 'After Miley Cyrus Mocked Her, Jodie Sweetin Responds With A Sobering Message',
          'id' => '182919686769_10154078320341770',
          'message' => 'She shut Miley Cyrus down.'
        };

Domain: dailycaller.com

CNBC
-----------------------------

The Onion
-----------------------------

Opposing Views
-----------------------------
$VAR1 = {
          'link' => 'https://www.opposingviews.com/i/society/dolly-partons-announcement-catches-america-guard?fb=ovDolly',
          'caption' => 'opposingviews.com',
          'created_time' => '2016-12-25T14:20:00+0000',
          'name' => 'Dolly Parton\'s Announcement Catches America Off Guard',
          'id' => '34226391050_10154371528776051',
          'message' => 'Dolly Parton just made an unbelievable announcement.'
        };

Domain: opposingviews.com

the Today Show
-----------------------------
$VAR1 = {
          'link' => 'https://www.facebook.com/today/photos/a.122723261349.132852.12566691349/10154867663206350/?type=3',
          'created_time' => '2016-12-25T14:22:00+0000',
          'name' => 'Timeline Photos',
          'id' => '12566691349_10154867663206350',
          'message' => 'Merry Christmas from all of us at TODAY!'
        };

Kotaku
-----------------------------

Washington Post
-----------------------------

the American Center for Law and Justice
-----------------------------

VICE News
-----------------------------

PBS
-----------------------------

Mother Jones
-----------------------------

HuffPost Good News
-----------------------------

BBC News
-----------------------------
$VAR1 = {
          'link' => 'https://www.facebook.com/bbcnews/videos/10154243095412217/',
          'created_time' => '2016-12-25T14:29:19+0000',
          'id' => '228735667216_10154243095412217',
          'message' => "Merry Christmas! \x{1f384}\x{1f385}\x{1f389}"
        };

Breaking News
-----------------------------

The Verge
-----------------------------

New York Magazine
-----------------------------

TIME
-----------------------------

the Business Insider
-----------------------------
$VAR1 = {
          'link' => 'http://read.bi/2igNJbX',
          'caption' => 'businessinsider.com',
          'created_time' => '2016-12-25T14:19:56+0000',
          'name' => '6 things unsuccessful people do in the New Year',
          'id' => '20446254070_10154222064434071',
          'message' => 'If you\'re going to start off on the right foot, you\'ve got to have a good strategy and mindset.'
        };

Domain: businessinsider.com

ThinkProgress
-----------------------------

POLITICO
-----------------------------

USA TODAY
-----------------------------

American News
-----------------------------

ABC News
-----------------------------

HuffPost Politics
-----------------------------

NBC News
-----------------------------

AJ+
-----------------------------

Wikileaks
-----------------------------

CNNMoney
-----------------------------

ABC News Politics
-----------------------------

Right Wing News
-----------------------------
$VAR1 = {
          'link' => 'http://www.rightwingnews.com/john-hawkins/5-truths-youre-not-allowed-to-say-about-gays-in-america/',
          'caption' => 'rightwingnews.com',
          'created_time' => '2016-12-25T14:30:00+0000',
          'name' => '5 Truths You\'re Not Allowed To Say About Gays In America',
          'id' => '389658314427637_1647851148608341',
          'message' => 'You shouldn\'t hate gay Americans, but you should lie about them either.'
        };

Domain: rightwingnews.com

The Wall Street Journal
-----------------------------

MSNBC
-----------------------------
$VAR1 = {
          'link' => 'http://on.msnbc.com/2hhOXUu',
          'caption' => 'nbcnews.com',
          'created_time' => '2016-12-25T14:30:04+0000',
          'name' => 'What could a Trump administration mean for the environment?',
          'id' => '273864989376427_1409613939134854',
          'message' => 'Environmental advocates are sounding the alarm over what they say are "extreme" selections by Donald J. Trump .'
        };

Domain: nbcnews.com
Response:
{"id":"1622501708043673_1636535756640268"}

the Drudge Report
-----------------------------

Mic
-----------------------------

The Economist
-----------------------------
$VAR1 = {
          'link' => 'http://econ.st/2ijqj1S',
          'caption' => 'economist.com',
          'created_time' => '2016-12-25T14:29:07+0000',
          'name' => 'How Indian Pale Ale was born',
          'id' => '6013004059_10154925455509060',
          'message' => 'Thirsty servants of the East India Company, working in sweltering heat of India, wanted a pale and subtle beer'
        };

Domain: economist.com
Response:
{"id":"1622501708043673_1636535866640257"}

Bloomberg Politics
-----------------------------

CBS News
-----------------------------
$VAR1 = {
          'link' => 'http://cbsn.ws/2i5hVEd',
          'caption' => 'www.cbsnews.com',
          'created_time' => '2016-12-25T14:30:03+0000',
          'name' => 'Trump announces plans to dissolve his family\'s foundation',
          'id' => '131459315949_10154204743840950',
          'message' => 'Mr. Trump issued the decision in a press release, which said the Donald J. Trump Foundation has contributed millions of dollars to groups that support veterans, law enforcement officers and children.'
        };

Domain: cbsnews.com
Response:
{"id":"1622501708043673_1636536006640243"}

The Young Turks
-----------------------------

Occupy Democrats
-----------------------------

CBC News
-----------------------------
$VAR1 = {
          'link' => 'http://www.cbc.ca/news/entertainment/michelle-obama-fashion-legacy-1.3912173',
          'caption' => 'cbc.ca',
          'created_time' => '2016-12-25T14:30:00+0000',
          'name' => 'Michelle Obama\'s \'democratic\' clothing choices are her fashion legacy',
          'id' => '5823419603_10154978691969604',
          'message' => 'She chose to highlight clothing the average woman could afford.'
        };

Newsweek
-----------------------------

CNN International
-----------------------------

The New Yorker
-----------------------------
$VAR1 = {
          'link' => 'http://nyer.cm/gLTNGTY',
          'caption' => 'newyorker.com',
          'created_time' => '2016-12-25T14:30:23+0000',
          'name' => "Hallmark\x{2019}s 2016 Christmas-Movie Lineup (Revamped to Address Post-Election Anxiety)",
          'id' => '9258148868_10154318902173869',
          'message' => "In Daily Shouts: \x{201c}Love, Actually Correct.\x{201d}

This is just \x{201c}Love, Actually,\x{201d} only we re-shot some scenes so that Laura Linney\x{2019}s character doesn\x{2019}t have a mentally unstable brother, and ends up with the hot guy."
        };

Domain: newyorker.com
Response:
{"id":"1622501708043673_1636536089973568"}

Rush Limbaugh
-----------------------------

The Independent
-----------------------------

TheBlaze
-----------------------------
$VAR1 = {
          'link' => 'https://www.facebook.com/theblaze/photos/a.207933762577305.45436.140738092630206/1316685835035420/?type=3',
          'created_time' => '2016-12-25T14:22:04+0000',
          'name' => 'Timeline Photos',
          'id' => '140738092630206_1316685835035420',
          'message' => 'Merry Christmas from TheBlaze! http://bit.ly/2hEWxYn'
        };

NPR Politics
-----------------------------

The New York Times
-----------------------------
$VAR1 = {
          'link' => 'http://www.nytimes.com/interactive/2016/world/americas/canada-syrian-refugees.html?smid=fb-nytimes&smtyp=cur',
          'caption' => 'nytimes.com',
          'created_time' => '2016-12-25T14:25:00+0000',
          'name' => 'Refugees Welcome',
          'id' => '5281959998_10151018928424999',
          'message' => 'Ordinary Canadians, trying to intervene in one of the worst problems on earth. Desperate Syrians, shocked that strangers were adopting them for a year. We asked: How will this work out?'
        };

Domain: nytimes.com
Response:
{"id":"1622501708043673_1636536173306893"}

NPR
-----------------------------
$VAR1 = {
          'link' => 'http://www.npr.org/2016/12/25/506420373/i-saw-first-ladies-kissing-santa-claus-and-a-first-dog-dressed-as-him?utm_source=facebook.com&utm_medium=social&utm_campaign=npr&utm_term=nprnews&utm_content=2053',
          'caption' => 'npr.org',
          'created_time' => '2016-12-25T14:29:00+0000',
          'name' => 'I Saw First Ladies Kissing Santa Claus (And A First Dog Dressed As Him)',
          'id' => '10643211755_10155115249991756',
          'message' => 'Presidents and first families have had fun times with Santa.'
        };

Domain: npr.org
Response:
{"id":"1622501708043673_1636536256640218"}

MSN
-----------------------------

CNN Politics
-----------------------------

The Daily Show
-----------------------------

Daily Kos
-----------------------------

Yahoo News
-----------------------------

The Guardian
-----------------------------
$VAR1 = {
          'link' => 'https://www.theguardian.com/books/2016/dec/24/i-love-christmas-because-of-mother-jeannette-winterson?CMP=fb_gu',
          'caption' => 'theguardian.com',
          'created_time' => '2016-12-25T14:30:01+0000',
          'name' => 'Jeannette Winterson: the last Christmas I spent with my mother',
          'id' => '10513336322_10154878804921323',
          'message' => '"As you get older you remember the dead at Christmas. The Celts, during their festival of Samhain, expected the dead to join the living. Many cultures would understand that; not ours. That is a pity. And a loss."'
        };

Domain: theguardian.com
Response:
{"id":"1622501708043673_1636536363306874"}

CNN
-----------------------------
$VAR1 = {
          'link' => 'https://www.facebook.com/cnn/videos/10155809171006509/',
          'created_time' => '2016-12-25T14:18:28+0000',
          'name' => 'Christmas Yule Log',
          'id' => '5550296508_10155809171006509',
          'message' => 'It\'s Christmas! Turn up the volume and enjoy our toasty Yule log as the backdrop for whatever you\'ve got planned today. Happy holidays from your friends at CNN.'
        };

Slate.com
-----------------------------

the AP
-----------------------------

Sean Hannity
-----------------------------

The Ed Schultz Show
-----------------------------

The Atlantic
-----------------------------
$VAR1 = {
          'link' => 'http://theatln.tc/2he4G1U',
          'caption' => 'theatlantic.com',
          'created_time' => '2016-12-25T14:18:45+0000',
          'name' => 'Why Do Children Get Presents on Christmas Anyway?',
          'id' => '29259828486_10154946124763487',
          'message' => 'The practice of buying Christmas presents for children predates the spread of corporate capitalism in the United States. (from 2015)'
        };

Domain: theatlantic.com

Bloomberg
-----------------------------

BuzzFeed
-----------------------------

Fox News
-----------------------------
$VAR1 = {
          'link' => 'https://www.facebook.com/FoxNews/photos/a.184044921335.134777.15704546335/10154931253461336/?type=3',
          'created_time' => '2016-12-25T14:20:25+0000',
          'name' => 'Timeline Photos',
          'id' => '15704546335_10154931253461336',
          'message' => 'This morning, President-elect Donald J. Trump tweeted out "Merry Christmas."'
        };

VICE
-----------------------------

Glenn Beck
-----------------------------

The Other 98%
-----------------------------


Total Posts Made:	8


