***********************************************************************************
Started at 19:45:01 on 00/06/2017
***********************************************************************************
Querying souces from the past 15 minutes....

Al Jazeera
-----------------------------

Upworthy
-----------------------------
$VAR1 = {
          'link' => 'https://www.facebook.com/Upworthy/videos/1578457032195149/',
          'created_time' => '2017-01-07T00:41:00+0000',
          'id' => '354522044588660_1578457032195149',
          'message' => 'From Alabama to Nepal, kids are receiving donated crayons and markers, thanks to a bright idea from a young girl.

Special thanks to Color For Kids.'
        };

The Huffington Post
-----------------------------
$VAR1 = {
          'link' => 'http://huff.to/2ilyY47',
          'caption' => 'huffingtonpost.com',
          'created_time' => '2017-01-07T00:31:00+0000',
          'name' => 'Donald Trump Avoids Blaming Russia After Intel Briefing',
          'id' => '18468761129_10154585677701130',
          'message' => 'Of course.'
        };

Domain: huffingtonpost.com
Response:
{"id":"1622501708043673_1640791509548026"}

HuffPost Women
-----------------------------
$VAR1 = {
          'link' => 'http://huff.to/2iYZXTR',
          'caption' => 'huffingtonpost.com',
          'created_time' => '2017-01-07T00:30:47+0000',
          'name' => 'This Jamaican Patois-Speaking Doll Is In High Demand Around The World',
          'id' => '153213781413350_1265681843499866',
          'message' => "\x{201c}The idea behind this is to show little girls that regardless of their skin tone or hair texture, they\x{2019}re indeed beautiful.\""
        };

Domain: huffingtonpost.com
Response:
{"id":"1622501708043673_1640791576214686"}

PBS News Hour
-----------------------------
$VAR1 = {
          'link' => 'http://www.pbs.org/newshour/updates/hate-crimes-difficult-convict/',
          'caption' => 'pbs.org',
          'created_time' => '2017-01-07T00:33:50+0000',
          'name' => 'Why hate crimes are so difficult to convict',
          'id' => '6491828674_10154951910828675',
          'message' => "\"You need to prove not just the incident, but the state of mind of the defendant \x{2014} that what they intended was hate-motivated.\""
        };

Domain: pbs.org
Response:
{"id":"1622501708043673_1640791669548010"}

ATTN:
-----------------------------

Reuters
-----------------------------

NowThis
-----------------------------

Daily Caller
-----------------------------
$VAR1 = {
          'link' => 'http://trib.al/xRHdDVe',
          'caption' => 'dailycaller.com',
          'created_time' => '2017-01-07T00:42:34+0000',
          'name' => "Mike Rowe Heard About How Donald Trump Influenced Ford\x{2019}s Decision And He\x{2019}s Ecstatic",
          'id' => '182919686769_10154114625476770',
          'message' => 'Mike Rowe wants production to stay in America.'
        };

Domain: dailycaller.com

CNBC
-----------------------------
$VAR1 = {
          'link' => 'http://cnb.cx/2hYpOtz',
          'caption' => 'cnbc.com',
          'created_time' => '2017-01-07T00:41:19+0000',
          'name' => 'Author James Altucher suggests you stop reading the news and ditch college',
          'id' => '97212224368_10155077075839369',
          'message' => 'Pick up a book instead.'
        };

Domain: cnbc.com

The Onion
-----------------------------
$VAR1 = {
          'link' => 'http://www.theonion.com/infographic/how-interact-adult-children-parent-54987',
          'caption' => 'theonion.com',
          'created_time' => '2017-01-07T00:37:16+0000',
          'name' => 'How To Interact With Adult Children As A Parent',
          'id' => '20950654496_10155016486184497',
          'message' => "It\x{2019}s important to respect the personal space of the person who occupied your womb for nearly a year and then lived in your house for 18 more."
        };

Domain: theonion.com

Opposing Views
-----------------------------

the Today Show
-----------------------------

Kotaku
-----------------------------

Washington Post
-----------------------------

the American Center for Law and Justice
-----------------------------
$VAR1 = {
          'link' => 'http://aclj.us/2j0duL2',
          'caption' => 'aclj.org',
          'created_time' => '2017-01-07T00:31:07+0000',
          'name' => 'Defend "In God We Trust" from Atheist Attacks',
          'id' => '58158120046_10154029713775047',
          'message' => 'Atheists are continuing to attack the presence of "In God We Trust" on U.S. currency.  They claim it promotes "favoritism" for Christians.
    
Sign and Share our petition to fight back and defend our National Motto.'
        };

Domain: aclj.org

VICE News
-----------------------------

PBS
-----------------------------
$VAR1 = {
          'link' => 'http://to.pbs.org/2i2abEH',
          'caption' => 'pbs.org',
          'created_time' => '2017-01-07T00:44:55+0000',
          'name' => 'How CRISPR gene editing puts scientists in the driver\'s seat of evolution',
          'id' => '19013582168_10154327193227169',
          'message' => "Imagine you could edit a mouse\x{2019}s genes to be resistant to Lyme Disease.... (From PBS NewsHour)"
        };

Domain: pbs.org
Response:
{"id":"1622501708043673_1640791729548004"}

Mother Jones
-----------------------------

HuffPost Good News
-----------------------------

BBC News
-----------------------------

Breaking News
-----------------------------

The Verge
-----------------------------
$VAR1 = {
          'link' => 'http://www.theverge.com/ces/2017/1/6/14196190/razer-project-valerie-video-photos-ces-2017',
          'caption' => 'theverge.com',
          'created_time' => '2017-01-07T00:44:00+0000',
          'name' => "I played Battlefield on Razer\x{2019}s three-screen laptop",
          'id' => '193742123995472_1308646745838332',
          'message' => 'Razer Project Valerie is wrongly targeted at gamers.'
        };

Domain: theverge.com
$VAR1 = {
          'link' => 'http://www.ces.twitter.com/',
          'caption' => 'ces.twitter.com',
          'created_time' => '2017-01-07T00:33:14+0000',
          'name' => 'The Vergecast is LIVE on Twitter from CES 2017',
          'id' => '193742123995472_1308645695838437',
          'message' => 'Join us for the latest news from CES!'
        };

Domain: twitter.com

New York Magazine
-----------------------------
$VAR1 = {
          'link' => 'http://nym.ag/2hZ61Ps',
          'caption' => 'nymag.com',
          'created_time' => '2017-01-07T00:45:07+0000',
          'name' => 'HRC for NYC? Almost Certainly Not, But Maybe',
          'id' => '14516439825_10154931844249826',
          'message' => 'The rumors appeared in two NYC dailies on Friday.'
        };

Domain: nymag.com

TIME
-----------------------------
$VAR1 = {
          'link' => 'http://ti.me/2jkDbsU',
          'caption' => 'motto.time.com',
          'created_time' => '2017-01-07T00:30:50+0000',
          'name' => 'Elizabeth Warren Pens Heartfelt Promise to Fight Donald Trump',
          'id' => '10606591490_10154327512596491',
          'message' => 'She didn\'t hold back in her message against "Donald J. Trump and his team of billionaires, bigots, and Wall Street bankers."'
        };

Domain: time.com

the Business Insider
-----------------------------
$VAR1 = {
          'link' => 'http://read.bi/2iGy2dM',
          'caption' => 'businessinsider.com',
          'created_time' => '2017-01-07T00:40:02+0000',
          'name' => '7 things that can help when you\'re too exhausted to work any more today',
          'id' => '20446254070_10154263844584071',
          'message' => 'Count the small wins.'
        };

Domain: businessinsider.com

ThinkProgress
-----------------------------

POLITICO
-----------------------------
$VAR1 = {
          'link' => 'http://politi.co/2iLeSmX',
          'caption' => 'politi.co',
          'created_time' => '2017-01-07T00:36:05+0000',
          'name' => 'Democrats seek to delay DeVos hearing',
          'id' => '62317591679_10154174871896680',
          'message' => "Democrats say they're concerned about \"potential conflicts of interest\x{201d} of President-elect Donald Trump\x{2019}s pick for education secretary Betsy DeVos."
        };

Domain: politi.co

Alias: politico.com
Response:
{"id":"1622501708043673_1640791796214664"}

USA TODAY
-----------------------------
$VAR1 = {
          'link' => 'http://www.usatoday.com/story/news/politics/2017/01/06/donald-trump-james-clapper-john-brennan-james-comey/96236536/',
          'caption' => 'usatoday.com',
          'created_time' => '2017-01-07T00:32:38+0000',
          'name' => 'Trump meets with intelligence officials about Russian hacking',
          'id' => '13652355666_10154257880330667',
          'message' => '"There was absolutely no effect on the outcome of the election including the fact that there was no tampering whatsoever with voting machines," Trump said in a statement.'
        };

Domain: usatoday.com
Response:
{"id":"1622501708043673_1640792062881304"}

American News
-----------------------------

ABC News
-----------------------------
$VAR1 = {
          'link' => 'https://www.facebook.com/ABCNews/videos/10155229642298812/',
          'created_time' => '2017-01-07T00:36:37+0000',
          'name' => 'Nonverbal Boy Shares Unbreakable Bond With Deaf Dog',
          'id' => '86680728811_10155229642298812',
          'message' => 'A 6-year-old boy who communicates through sign language has found a new best friend in a deaf foster dog. http://abcn.ws/2iLapAK'
        };

HuffPost Politics
-----------------------------
$VAR1 = {
          'link' => 'http://huff.to/2i2au2d',
          'caption' => 'm.huffpost.com',
          'created_time' => '2017-01-07T00:30:15+0000',
          'name' => 'Planned Parenthood Tried To Give Petitions To Paul Ryan. They Got A Locked Door.',
          'id' => '56845382910_10154679601612911',
          'message' => 'Planned Parenthood hoped to present Paul Ryan with 87,000 petitions'
        };

Domain: huffpost.com

NBC News
-----------------------------

AJ+
-----------------------------

Wikileaks
-----------------------------

CNNMoney
-----------------------------
$VAR1 = {
          'link' => 'http://cnnmon.ie/2jktwCH',
          'caption' => 'money.cnn.com',
          'created_time' => '2017-01-07T00:33:01+0000',
          'name' => 'Keurig and AB InBev team up on in-home booze maker',
          'id' => '6651543066_10154258600078067',
          'message' => 'Keurig desperately needs a hit product. http://cnnmon.ie/2jktwCH'
        };

Domain: cnn.com
Response:
{"id":"1622501708043673_1640792152881295"}

ABC News Politics
-----------------------------

Right Wing News
-----------------------------

The Wall Street Journal
-----------------------------
$VAR1 = {
          'link' => 'http://on.wsj.com/2j014ml',
          'caption' => 'wsj.com',
          'created_time' => '2017-01-07T00:32:02+0000',
          'name' => 'President Barack Obama Is Set to Leave Office With a Mixed Labor-Market Legacy',
          'id' => '8304333127_10155243821253128',
          'message' => "The final full month of President Obama\x{2019}s term was the 75th straight in which U.S. employers added jobs, but his labor-market achievements are marred by trends including a long run of weak wage gains and the lowest share of adults in the labor force in four decades."
        };

Domain: wsj.com
Response:
{"id":"1622501708043673_1640792202881290"}

MSNBC
-----------------------------

the Drudge Report
-----------------------------

Mic
-----------------------------

The Economist
-----------------------------

Bloomberg Politics
-----------------------------

CBS News
-----------------------------

The Young Turks
-----------------------------

Occupy Democrats
-----------------------------
$VAR1 = {
          'link' => 'https://www.facebook.com/OccupyDemocrats/photos/a.347907068635687.81180.346937065399354/1379480445478339/?type=3',
          'created_time' => '2017-01-07T00:31:41+0000',
          'name' => 'Timeline Photos',
          'id' => '346937065399354_1379480445478339',
          'message' => 'LOL! Accurate...'
        };

CBC News
-----------------------------

Newsweek
-----------------------------

CNN International
-----------------------------

The New Yorker
-----------------------------

Rush Limbaugh
-----------------------------

The Independent
-----------------------------
$VAR1 = {
          'link' => 'https://www.indy100.com/article/a-map-of-the-world-according-to-american-stereotypes-7436491',
          'caption' => 'indy100.com',
          'created_time' => '2017-01-07T00:41:00+0000',
          'name' => 'A map of the world according to American stereotypes',
          'id' => '13312631635_10154364966121636',
          'message' => 'America = land of awesome'
        };

Domain: indy100.com

TheBlaze
-----------------------------

NPR Politics
-----------------------------

The New York Times
-----------------------------

NPR
-----------------------------

MSN
-----------------------------

CNN Politics
-----------------------------

The Daily Show
-----------------------------

Daily Kos
-----------------------------

Yahoo News
-----------------------------
$VAR1 = {
          'link' => 'https://www.facebook.com/yahoonews/videos/10155078287016037/',
          'created_time' => '2017-01-07T00:40:00+0000',
          'name' => 'Who Does Trump Follow on Twitter?',
          'id' => '338028696036_10155078287016037',
          'message' => 'The list of people Donald J. Trump has unfollowed on Twitter is even more interesting than who he currently follows... https://yhoo.it/2hPlq2Y'
        };

The Guardian
-----------------------------

CNN
-----------------------------
$VAR1 = {
          'link' => 'https://www.facebook.com/cnn/videos/10155873964101509/',
          'created_time' => '2017-01-07T00:31:59+0000',
          'name' => '11 times VP Biden was interrupted during Trump\'s electoral vot...',
          'id' => '5550296508_10155873964101509',
          'message' => '"There is no debate. There is no debate. There is no debate," a visibly agitated Vice President Joe Biden said as he gaveled. Biden had to shut down several objections from House Democrats while officially tallying the electoral votes because House members didn\'t follow the rules'
        };

Slate.com
-----------------------------
$VAR1 = {
          'link' => 'http://slate.me/2hZ2xHC',
          'caption' => 'slate.com',
          'created_time' => '2017-01-07T00:32:03+0000',
          'name' => "Slate\x{2019}s Movie Critic on Her Moviegoing Resolutions for the New Year",
          'id' => '21516776437_10154736954746438',
          'message' => "\x{201c}No. 3: I will see more movies made by women.\x{201d}"
        };

Domain: slate.com
Response:
{"id":"1622501708043673_1640792289547948"}

the AP
-----------------------------

Sean Hannity
-----------------------------

The Ed Schultz Show
-----------------------------

The Atlantic
-----------------------------
$VAR1 = {
          'link' => 'http://theatln.tc/2i04fss',
          'caption' => 'theatlantic.com',
          'created_time' => '2017-01-07T00:41:29+0000',
          'name' => 'WikiLeaks Wants to Create a Database of Verified Twitter Users\' Hacked Information',
          'id' => '29259828486_10154990197508487',
          'message' => 'Including family, financial, and housing info'
        };

Domain: theatlantic.com
$VAR1 = {
          'link' => 'http://theatln.tc/2jkkTZ5',
          'caption' => 'theatlantic.com',
          'created_time' => '2017-01-07T00:38:53+0000',
          'name' => '\'Bright Lights\' Captures the Magic of Carrie Fisher and Debbie Reynolds',
          'id' => '29259828486_10154990188978487',
          'message' => 'Given the context of Reynolds\'s and Fisher\'s death, this documentary functions as an adoring tribute to the two performers.'
        };

Domain: theatlantic.com

Bloomberg
-----------------------------

BuzzFeed
-----------------------------

Fox News
-----------------------------
$VAR1 = {
          'link' => 'https://www.facebook.com/FoxNews/photos/a.184044921335.134777.15704546335/10154974276386336/?type=3',
          'created_time' => '2017-01-07T00:31:01+0000',
          'name' => 'Timeline Photos',
          'id' => '15704546335_10154974276386336',
          'message' => 'President Obama commented on today\'s shootings in #FtLauderdale, saying he is "heartbroken" for the victims and their families."'
        };

VICE
-----------------------------
$VAR1 = {
          'link' => 'https://www.vice.com/en_ca/article/watch-key-and-peele-translate-obamas-anger-one-last-time-vgtrn?utm_source=vicefbca&utm_campaign=CanadaThe',
          'caption' => 'www.vice.com',
          'created_time' => '2017-01-07T00:31:00+0000',
          'name' => 'Watch Key and Peele Translate Obama\'s Anger One Last Time',
          'id' => '167115176655082_1519732558059997',
          'message' => 'The "Obama anger translator" as catharsis.'
        };

Domain: vice.com

Glenn Beck
-----------------------------

The Other 98%
-----------------------------


Total Posts Made:	9


