***********************************************************************************
Started at 02:30:01 on 11/31/2016
***********************************************************************************
Querying souces from the past 15 minutes....

Al Jazeera
-----------------------------

Upworthy
-----------------------------

The Huffington Post
-----------------------------

HuffPost Women
-----------------------------

PBS News Hour
-----------------------------

ATTN:
-----------------------------

Reuters
-----------------------------

NowThis
-----------------------------

Daily Caller
-----------------------------

CNBC
-----------------------------
$VAR1 = {
          'link' => 'http://cnb.cx/2htNc4N',
          'caption' => 'cnbc.com',
          'created_time' => '2016-12-31T07:28:36+0000',
          'name' => 'The most popular 401(k) investment is getting a makeover',
          'id' => '97212224368_10155055797259369',
          'message' => 'The set-it-and-forget options in your retirement plan may become more interesting and less expensive in 2017.'
        };

Domain: cnbc.com

The Onion
-----------------------------

Opposing Views
-----------------------------

the Today Show
-----------------------------

Kotaku
-----------------------------

Washington Post
-----------------------------

the American Center for Law and Justice
-----------------------------

VICE News
-----------------------------

PBS
-----------------------------

Mother Jones
-----------------------------

HuffPost Good News
-----------------------------

BBC News
-----------------------------

Breaking News
-----------------------------

The Verge
-----------------------------

New York Magazine
-----------------------------
$VAR1 = {
          'link' => 'http://nym.ag/2hAG7Qi',
          'caption' => 'nymag.com',
          'created_time' => '2016-12-31T07:27:27+0000',
          'name' => 'Google Wifi Is Now the Best Way to Blanket Your Home in Wi-Fi',
          'id' => '14516439825_10154910618144826',
          'message' => "If you\x{2019}ve been dealing with bad or nonexistent Wi-Fi in parts of your home, Google's new Wi-Fi router is the answer."
        };

Domain: nymag.com

TIME
-----------------------------
$VAR1 = {
          'link' => 'http://ti.me/2h7wt7q',
          'caption' => 'time.com',
          'created_time' => '2016-12-31T07:30:04+0000',
          'name' => '5 Quick Ways to Boost Your Metabolism',
          'id' => '10606591490_10154309050226491',
          'message' => '3. Drink more water.'
        };

Domain: time.com

the Business Insider
-----------------------------
$VAR1 = {
          'link' => 'http://read.bi/2ixFmFY',
          'caption' => 'businessinsider.com',
          'created_time' => '2016-12-31T07:20:04+0000',
          'name' => '14 things you should do as soon as you quit your job',
          'id' => '20446254070_10154242566134071',
          'message' => 'First off, be prepared to answer some questions.'
        };

Domain: businessinsider.com

ThinkProgress
-----------------------------

POLITICO
-----------------------------

USA TODAY
-----------------------------
$VAR1 = {
          'link' => 'https://www.facebook.com/usatoday/videos/1774850056172848/',
          'created_time' => '2016-12-31T07:30:00+0000',
          'name' => 'Putin-Trump \'bromance\' transcends sanctions',
          'id' => '13652355666_1774850056172848',
          'message' => 'Sanctions can\'t stop the budding bromance between President-elect Donald J. Trump and Russian President Vladimir Putin. http://usat.ly/2ixFeGs'
        };

American News
-----------------------------

ABC News
-----------------------------
$VAR1 = {
          'link' => 'http://abcn.ws/2hVD5DR',
          'caption' => 'abcnews.go.com',
          'created_time' => '2016-12-31T07:16:34+0000',
          'name' => 'Gunman at Large After Pennsylvania State Trooper Fatally Shot',
          'id' => '86680728811_10155204963728812',
          'message' => 'A manhunt is underway for an armed and dangerous suspect (pictured) who fatally shot a Pennsylvania state trooper Friday night while investigating a domestic-related incident, police said. PA State Police wrote on its Facebook page, "PSP regrets to announce that Trooper Landon Weaver was tragically shot and killed while investigating a domestic-related incident."'
        };

Domain: go.com
Response:
{"error":{"message":"It looks like you were misusing this feature by going too fast. You\u2019ve been blocked from using it.\n\nLearn more about blocks in the Help Center.","type":"OAuthException","code":368,"error_subcode":1390008,"error_user_msg":"","fbtrace_id":"ATmIFKd59Yd"}}

Facebook ran into an error and the post was not published. Zach Muckerberg please fix. Try again in a few hours.

