***********************************************************************************
Started at 20:30:01 on 00/18/2017
***********************************************************************************
Querying souces from the past 15 minutes....

Al Jazeera
-----------------------------

Upworthy
-----------------------------

The Huffington Post
-----------------------------

HuffPost Women
-----------------------------
$VAR1 = {
          'link' => 'http://huff.to/2joxbg8',
          'caption' => 'huffingtonpost.com',
          'created_time' => '2017-01-19T01:20:04+0000',
          'name' => 'This Photo\'s Hidden History Makes Me Want To Fight Trump Even More',
          'id' => '153213781413350_1276650305736353',
          'message' => '"As exhausting as it is and as much as it hurts, we owe it to those who came before us and to ourselves and to all of those who will follow after us to keep fighting."'
        };

Domain: huffingtonpost.com
Response:
{"error":{"message":"It looks like you were misusing this feature by going too fast. You\u2019ve been blocked from using it.\n\nLearn more about blocks in the Help Center.","type":"OAuthException","code":368,"error_subcode":1390008,"error_user_msg":"","fbtrace_id":"ASH1SE71Zvh"}}

Facebook ran into an error and the post was not published. Zach Muckerberg please fix. Try again in a few hours.

