***********************************************************************************
Started at 02:45:02 on 00/11/2017
***********************************************************************************
Querying souces from the past 15 minutes....

Al Jazeera
-----------------------------

Upworthy
-----------------------------

The Huffington Post
-----------------------------

HuffPost Women
-----------------------------

PBS News Hour
-----------------------------

ATTN:
-----------------------------
$VAR1 = {
          'link' => 'https://www.facebook.com/hellogiggles/videos/1413028568721543/',
          'created_time' => '2017-01-11T07:41:00+0000',
          'name' => 'HelloGiggles',
          'id' => '160389977329803_1252105798158210',
          'message' => 'A love of social media can actually get you a job at The White House.'
        };

Reuters
-----------------------------

NowThis
-----------------------------

Daily Caller
-----------------------------

CNBC
-----------------------------

The Onion
-----------------------------

Opposing Views
-----------------------------

the Today Show
-----------------------------

Kotaku
-----------------------------

Washington Post
-----------------------------

the American Center for Law and Justice
-----------------------------

VICE News
-----------------------------

PBS
-----------------------------
$VAR1 = {
          'link' => 'http://to.pbs.org/2j3W2In',
          'caption' => 'pbs.org',
          'created_time' => '2017-01-11T07:37:00+0000',
          'name' => 'The all-American essence of Kansas, Camaros and \'Jennifer\'',
          'id' => '19013582168_10154336303597169',
          'message' => "The all-American essence of Kansas, Camaros and \x{2018}Jennifer\x{2019} (Via PBS NewsHour)"
        };

Domain: pbs.org
Response:
{"id":"1622501708043673_1642231856070658"}

Mother Jones
-----------------------------

HuffPost Good News
-----------------------------

BBC News
-----------------------------
$VAR1 = {
          'link' => 'https://www.facebook.com/bbcnews/videos/10154264679991547/',
          'created_time' => '2017-01-11T07:38:54+0000',
          'id' => '228735667216_10154264679991547',
          'message' => 'Robbie Williams\' management team is placing his concert tickets directly on to resale ticketing websites at higher prices, the Victoria Derbyshire programme finds. More: bbc.in/2jC6h7s'
        };

Breaking News
-----------------------------

The Verge
-----------------------------

New York Magazine
-----------------------------

TIME
-----------------------------
$VAR1 = {
          'link' => 'http://ti.me/2ieQ85M',
          'caption' => 'motto.time.com',
          'created_time' => '2017-01-11T07:30:18+0000',
          'name' => 'How to Actually Stick to Your Money Resolutions in 2017',
          'id' => '10606591490_10154338671306491',
          'message' => '5. Find money in the couch cushions.'
        };

Domain: time.com

the Business Insider
-----------------------------
$VAR1 = {
          'link' => 'http://read.bi/2i9S4Oy',
          'caption' => 'businessinsider.com',
          'created_time' => '2017-01-11T07:39:53+0000',
          'name' => 'Now is the the worst time to buy a laptop',
          'id' => '20446254070_10154276023334071',
          'message' => 'Don\'t do it.'
        };

Domain: businessinsider.com

ThinkProgress
-----------------------------

POLITICO
-----------------------------

USA TODAY
-----------------------------

American News
-----------------------------

ABC News
-----------------------------
$VAR1 = {
          'link' => 'http://abcn.ws/2iEkAEi',
          'caption' => 'abcnews.go.com',
          'created_time' => '2017-01-11T07:40:08+0000',
          'name' => '\'Star Wars\' Creator George Lucas Chooses Los Angeles as Site of His Museum',
          'id' => '86680728811_10155244834308812',
          'message' => 'The museum will house George Lucas\'s personal collection, which includes 40,000 paintings, illustrations and film-related items including storyboards and costumes from "The Wizard of Oz," "Casablanca" and, of course, "Star Wars."'
        };

Domain: go.com
Response:
{"id":"1622501708043673_1642231889403988"}

HuffPost Politics
-----------------------------

NBC News
-----------------------------

AJ+
-----------------------------

Wikileaks
-----------------------------

CNNMoney
-----------------------------
$VAR1 = {
          'link' => 'http://cnnmon.ie/2jBN8lR',
          'caption' => 'money.cnn.com',
          'created_time' => '2017-01-11T07:31:01+0000',
          'name' => 'Monopoly wants the internet to pick its next eight figurines',
          'id' => '6651543066_10154269437388067',
          'message' => 'For the first time in the brand\'s 82-year history, Monopoly is letting the public decide if they should replace all of those game pieces with something new. http://cnnmon.ie/2jBN8lR'
        };

Domain: cnn.com
Response:
{"id":"1622501708043673_1642232049403972"}

ABC News Politics
-----------------------------

Right Wing News
-----------------------------

The Wall Street Journal
-----------------------------
$VAR1 = {
          'link' => 'http://on.wsj.com/2ieOpuf',
          'caption' => 'wsj.com',
          'created_time' => '2017-01-11T07:30:26+0000',
          'name' => 'Samsung Heir Named as Bribery Suspect in Influence-Peddling Investigation',
          'id' => '8304333127_10155267616538128',
          'message' => "Lee Jae-yong, Samsung\x{2019}s third-generation heir apparent, will be summoned for questioning Thursday morning as a suspect."
        };

Domain: wsj.com
Response:
{"id":"1622501708043673_1642232072737303"}

MSNBC
-----------------------------

the Drudge Report
-----------------------------

Mic
-----------------------------

The Economist
-----------------------------

Bloomberg Politics
-----------------------------

CBS News
-----------------------------

The Young Turks
-----------------------------

Occupy Democrats
-----------------------------
$VAR1 = {
          'link' => 'http://occupydemocrats.com/2017/01/11/dan-rather-just-went-viral-final-farewell-obama/',
          'caption' => 'occupydemocrats.com',
          'created_time' => '2017-01-11T07:35:00+0000',
          'name' => 'Dan Rather Just Went Viral With This Final Farewell To Obama',
          'id' => '346937065399354_1384096068350110',
          'message' => 'This is a beautiful tribute to one of our nation\'s greatest leaders.'
        };

Domain: occupydemocrats.com

CBC News
-----------------------------

Newsweek
-----------------------------

CNN International
-----------------------------

The New Yorker
-----------------------------

Rush Limbaugh
-----------------------------

The Independent
-----------------------------
$VAR1 = {
          'link' => 'http://www.independent.co.uk/news/world/americas/donald-trump-new-poll-lowest-popularity-rating-russia-quinnipiac-university-a7520796.html?cmpid=facebook-post',
          'caption' => 'independent.co.uk',
          'created_time' => '2017-01-11T07:43:44+0000',
          'name' => 'This new poll has all kinds of bad news for Donald Trump',
          'id' => '13312631635_10154378632286636',
          'message' => 'What the hell?'
        };

Domain: independent.co.uk

TheBlaze
-----------------------------

NPR Politics
-----------------------------

The New York Times
-----------------------------

NPR
-----------------------------

MSN
-----------------------------

CNN Politics
-----------------------------

The Daily Show
-----------------------------

Daily Kos
-----------------------------

Yahoo News
-----------------------------
$VAR1 = {
          'link' => 'http://bit.ly/2jyNcCZ',
          'created_time' => '2017-01-11T07:40:00+0000',
          'name' => 'Yahoo UK & Ireland',
          'id' => '338028696036_10155093559701037'
        };

The Guardian
-----------------------------
$VAR1 = {
          'link' => 'https://www.theguardian.com/business/2017/jan/10/hard-brexit-threatens-global-financial-system-city-chiefs-tell-mps?CMP=fb_gu',
          'caption' => 'theguardian.com',
          'created_time' => '2017-01-11T07:40:00+0000',
          'name' => 'Hard Brexit threatens global financial system, City chiefs tell MPs',
          'id' => '10513336322_10154942149386323',
          'message' => 'Brexit poses a risk to the global financial system and could involve tens of thousands of job losses in the City, MPs have been warned.'
        };

Domain: theguardian.com
Response:
{"id":"1622501708043673_1642232116070632"}

CNN
-----------------------------

Slate.com
-----------------------------

the AP
-----------------------------

Sean Hannity
-----------------------------

The Ed Schultz Show
-----------------------------

The Atlantic
-----------------------------

Bloomberg
-----------------------------

BuzzFeed
-----------------------------

Fox News
-----------------------------

VICE
-----------------------------

Glenn Beck
-----------------------------

The Other 98%
-----------------------------


Total Posts Made:	5


