***********************************************************************************
Started at 02:40:01 on 11/06/2016
***********************************************************************************
Querying souces from the past 10 minutes....

Al Jazeera
-----------------------------

Upworthy
-----------------------------

The Huffington Post
-----------------------------

HuffPost Women
-----------------------------

PBS News Hour
-----------------------------

ATTN:
-----------------------------

Reuters
-----------------------------

NowThis
-----------------------------

Daily Caller
-----------------------------

CNBC
-----------------------------

The Onion
-----------------------------

Opposing Views
-----------------------------
$VAR1 = {
          'link' => 'https://www.facebook.com/opposingviews/videos/10154307633846051/',
          'created_time' => '2016-12-06T07:35:00+0000',
          'id' => '34226391050_10154307633846051',
          'message' => 'A man shoved this young woman off of the sidewalk solely because of the color of her skin. When members of her community learned what happened, they banded together and sent this crystal clear message to the offender:'
        };

the Today Show
-----------------------------

Kotaku
-----------------------------

Washington Post
-----------------------------

the American Center for Law and Justice
-----------------------------

VICE News
-----------------------------

PBS
-----------------------------

Mother Jones
-----------------------------

HuffPost Good News
-----------------------------

BBC News
-----------------------------

Breaking News
-----------------------------

The Verge
-----------------------------

New York Magazine
-----------------------------

TIME
-----------------------------
$VAR1 = {
          'link' => 'http://ti.me/2gKpUIj',
          'caption' => 'time.com',
          'created_time' => '2016-12-06T07:30:33+0000',
          'name' => 'Aung San Suu Kyi Can\'t, Or Won\'t, Rein In Burma\'s Army',
          'id' => '10606591490_10154224760366491',
          'message' => "\"A crisis is unfolding along Burma\x{2019}s western frontier, and the world is waiting for Aung San Suu Kyi to respond.\""
        };

Domain: time.com

the Business Insider
-----------------------------
$VAR1 = {
          'link' => 'http://read.bi/2gUIFq7',
          'caption' => 'businessinsider.com',
          'created_time' => '2016-12-06T07:40:09+0000',
          'name' => 'A CEO shares the best advice she received before launching her own business',
          'id' => '20446254070_10154152508274071',
          'message' => 'Starting your own business is no walk in the park.'
        };

Domain: businessinsider.com

ThinkProgress
-----------------------------

POLITICO
-----------------------------

USA TODAY
-----------------------------

American News
-----------------------------

ABC News
-----------------------------

HuffPost Politics
-----------------------------

NBC News
-----------------------------

AJ+
-----------------------------

Wikileaks
-----------------------------

CNNMoney
-----------------------------
$VAR1 = {
          'link' => 'http://cnnmon.ie/2gXDMwb',
          'caption' => 'money.cnn.com',
          'created_time' => '2016-12-06T07:31:01+0000',
          'name' => 'Trump wants to unshackle Main Street banks',
          'id' => '6651543066_10154153111888067',
          'message' => 'Main Street banks believe they\'ve been unfairly swept up by the tsunami of regulation triggered by the 2008 Wall Street meltdown. http://cnnmon.ie/2gXDMwb'
        };

Domain: cnn.com
$VAR1 = bless( {
                 'response' => bless( {
                                        '_protocol' => 'HTTP/1.1',
                                        '_content' => '{"id":"1622501708043673_1629032170723960"}',
                                        '_rc' => '200',
                                        '_headers' => bless( {
                                                               'connection' => 'close',
                                                               'x-fb-rev' => '2722271',
                                                               'cache-control' => 'private, no-cache, no-store, must-revalidate',
                                                               'date' => 'Tue, 06 Dec 2016 07:40:28 GMT',
                                                               'x-fb-debug' => 'McVIhITNAKiJPVFRoOEmuFL5Le3q8K689FlV4kjQkQG/KrlI9uYlF8zmyaaqfWCUfwwk0vplgp56jSA9EkXPUg==',
                                                               'access-control-allow-origin' => '*',
                                                               'client-ssl-cert-issuer' => '/C=US/O=DigiCert Inc/OU=www.digicert.com/CN=DigiCert SHA2 High Assurance Server CA',
                                                               'client-ssl-cipher' => 'ECDHE-ECDSA-AES128-GCM-SHA256',
                                                               'client-peer' => '31.13.65.1:443',
                                                               'facebook-api-version' => 'v2.8',
                                                               'client-date' => 'Tue, 06 Dec 2016 07:40:28 GMT',
                                                               'x-page-usage' => '{"call_count":17,"total_cputime":7,"total_time":10}',
                                                               'pragma' => 'no-cache',
                                                               'content-type' => 'text/javascript; charset=UTF-8',
                                                               'client-ssl-socket-class' => 'IO::Socket::SSL',
                                                               'client-response-num' => 1,
                                                               'content-length' => '42',
                                                               'x-fb-trace-id' => 'A4fechRwSPI',
                                                               '::std_case' => {
                                                                                 'client-response-num' => 'Client-Response-Num',
                                                                                 'x-fb-rev' => 'X-Fb-Rev',
                                                                                 'x-fb-debug' => 'X-FB-Debug',
                                                                                 'access-control-allow-origin' => 'Access-Control-Allow-Origin',
                                                                                 'client-ssl-cert-issuer' => 'Client-SSL-Cert-Issuer',
                                                                                 'client-ssl-cipher' => 'Client-SSL-Cipher',
                                                                                 'client-peer' => 'Client-Peer',
                                                                                 'facebook-api-version' => 'Facebook-Api-Version',
                                                                                 'x-fb-trace-id' => 'X-Fb-Trace-Id',
                                                                                 'client-date' => 'Client-Date',
                                                                                 'x-page-usage' => 'X-Page-Usage',
                                                                                 'client-ssl-cert-subject' => 'Client-SSL-Cert-Subject',
                                                                                 'client-ssl-socket-class' => 'Client-SSL-Socket-Class'
                                                                               },
                                                               'client-ssl-cert-subject' => '/C=US/ST=CA/L=Menlo Park/O=Facebook, Inc./CN=*.facebook.com',
                                                               'expires' => 'Sat, 01 Jan 2000 00:00:00 GMT'
                                                             }, 'HTTP::Headers' ),
                                        '_msg' => 'OK',
                                        '_request' => bless( {
                                                               '_content' => 'access_token=EAAPvBQ5tbjMBAIgMPORfLbexZAZAVtTuqzr7wPbhCpVFyxUtDQEsBZAIS72ADwnUQzdtZA4A2DE8kDyNia2wdCQFeFnFKnxlv7dOhQ0zxnIbA3bwasf4ET1xjq4k9Nojqjmx5HZBlOy9gccDrAFC7fVnGUOjJaTIZD&message=The+Facebook+page+of+CNNMoney+originally+shared+this+article.+According+to+data+gathered+by+the+Pew+Research+Center%2C+CNN+is+more+trusted+than+distrusted+by+survey+respondents+who+have+heard+of+the+source.+(Over+40%25+of+respondents)+%0D%0AAdditionally%2C+the+research+indicates+that+left-leaning+readers+were+more+likely+to+find+this+source+credible+than+other+readers.+%0D%0A%0D%0AOut+of+the+95%25+of+respondents+who+have+heard+of+CNN%2C%0D%0A57%25%09trusted+the+news+source%2C%0D%0A22%25%09distrusted+the+news+source%2C+and%0D%0A22%25%09neither+trusted+nor+distrusted+the+news+source.%0D%0A%0D%0ATo+learn+more+about+Pew+Research+Center\'s+study+on+Political+Polarization+%26+Media+Habits%2C+follow+this+link+to+visit+their+report.+https%3A%2F%2Fgoo.gl%2FxwVtjv&link=http%3A%2F%2Fcnnmon.ie%2F2gXDMwb&published=true',
                                                               '_uri' => bless( do{\(my $o = 'https://graph.facebook.com/v2.2/1622501708043673/feed')}, 'URI::https' ),
                                                               '_headers' => bless( {
                                                                                      'user-agent' => 'libwww-perl/6.15',
                                                                                      'content-type' => 'application/x-www-form-urlencoded',
                                                                                      'content-length' => 1001,
                                                                                      '::std_case' => {
                                                                                                        'if-ssl-cert-subject' => 'If-SSL-Cert-Subject'
                                                                                                      }
                                                                                    }, 'HTTP::Headers' ),
                                                               '_method' => 'POST',
                                                               '_uri_canonical' => $VAR1->{'response'}{'_request'}{'_uri'}
                                                             }, 'HTTP::Request' )
                                      }, 'HTTP::Response' )
               }, 'Facebook::Graph::Response' );

ABC News Politics
-----------------------------

Right Wing News
-----------------------------

The Wall Street Journal
-----------------------------
$VAR1 = {
          'link' => 'http://on.wsj.com/2g3KUuo',
          'caption' => 'wsj.com',
          'created_time' => '2016-12-06T07:30:05+0000',
          'name' => "U.S. \x{2018}Disappointed\x{2019} by Japanese Plan to Cut Drug Costs",
          'id' => '8304333127_10155049758553128',
          'message' => "The Japanese government controls drug prices by setting the price paid by its national health-insurance system. This makes Japan\x{2019}s policy on drug pricing a matter of concern for U.S. drugmakers."
        };

Domain: wsj.com
$VAR1 = bless( {
                 'response' => bless( {
                                        '_protocol' => 'HTTP/1.1',
                                        '_content' => '{"id":"1622501708043673_1629032230723954"}',
                                        '_rc' => '200',
                                        '_headers' => bless( {
                                                               'connection' => 'close',
                                                               'x-fb-rev' => '2722271',
                                                               'cache-control' => 'private, no-cache, no-store, must-revalidate',
                                                               'date' => 'Tue, 06 Dec 2016 07:40:44 GMT',
                                                               'x-fb-debug' => 'v7VlXLi/r3pygKMZDshUZfi3tkmqlj2yjhOJDxX1EvUzYgUSWwkejKVnOEZSyERSUzJJGm4NErrtXwtJ59lz9A==',
                                                               'access-control-allow-origin' => '*',
                                                               'client-ssl-cert-issuer' => '/C=US/O=DigiCert Inc/OU=www.digicert.com/CN=DigiCert SHA2 High Assurance Server CA',
                                                               'client-ssl-cipher' => 'ECDHE-ECDSA-AES128-GCM-SHA256',
                                                               'client-peer' => '31.13.65.1:443',
                                                               'facebook-api-version' => 'v2.8',
                                                               'client-date' => 'Tue, 06 Dec 2016 07:40:44 GMT',
                                                               'x-page-usage' => '{"call_count":17,"total_cputime":7,"total_time":10}',
                                                               'pragma' => 'no-cache',
                                                               'content-type' => 'text/javascript; charset=UTF-8',
                                                               'client-ssl-socket-class' => 'IO::Socket::SSL',
                                                               'client-response-num' => 1,
                                                               'content-length' => '42',
                                                               'x-fb-trace-id' => 'DusCEp9V2RA',
                                                               '::std_case' => {
                                                                                 'client-response-num' => 'Client-Response-Num',
                                                                                 'x-fb-rev' => 'X-Fb-Rev',
                                                                                 'x-fb-debug' => 'X-FB-Debug',
                                                                                 'access-control-allow-origin' => 'Access-Control-Allow-Origin',
                                                                                 'client-ssl-cert-issuer' => 'Client-SSL-Cert-Issuer',
                                                                                 'client-ssl-cipher' => 'Client-SSL-Cipher',
                                                                                 'client-peer' => 'Client-Peer',
                                                                                 'facebook-api-version' => 'Facebook-Api-Version',
                                                                                 'x-fb-trace-id' => 'X-Fb-Trace-Id',
                                                                                 'client-date' => 'Client-Date',
                                                                                 'x-page-usage' => 'X-Page-Usage',
                                                                                 'client-ssl-cert-subject' => 'Client-SSL-Cert-Subject',
                                                                                 'client-ssl-socket-class' => 'Client-SSL-Socket-Class'
                                                                               },
                                                               'client-ssl-cert-subject' => '/C=US/ST=CA/L=Menlo Park/O=Facebook, Inc./CN=*.facebook.com',
                                                               'expires' => 'Sat, 01 Jan 2000 00:00:00 GMT'
                                                             }, 'HTTP::Headers' ),
                                        '_msg' => 'OK',
                                        '_request' => bless( {
                                                               '_content' => 'access_token=EAAPvBQ5tbjMBAIgMPORfLbexZAZAVtTuqzr7wPbhCpVFyxUtDQEsBZAIS72ADwnUQzdtZA4A2DE8kDyNia2wdCQFeFnFKnxlv7dOhQ0zxnIbA3bwasf4ET1xjq4k9Nojqjmx5HZBlOy9gccDrAFC7fVnGUOjJaTIZD&message=The+Facebook+page+of+The+Wall+Street+Journal+originally+shared+this+article.+According+to+data+gathered+by+the+Pew+Research+Center%2C+The+Wall+Street+Journal+is+more+trusted+than+distrusted+by+survey+respondents+who+have+heard+of+the+source.+(Over+40%25+of+respondents)+%0D%0AAdditionally%2C+the+research+indicates+that+left-leaning+readers+and+right-leaning+readers+were+about+equally+as+likely+to+find+this+source+credible.+%0D%0A%0D%0AOut+of+the+82%25+of+respondents+who+have+heard+of+The+Wall+Street+Journal%2C%0D%0A38%25%09trusted+the+news+source%2C%0D%0A12%25%09distrusted+the+news+source%2C+and%0D%0A49%25%09neither+trusted+nor+distrusted+the+news+source.%0D%0A%0D%0ATo+learn+more+about+Pew+Research+Center\'s+study+on+Political+Polarization+%26+Media+Habits%2C+follow+this+link+to+visit+their+report.+https%3A%2F%2Fgoo.gl%2FxwVtjv&link=http%3A%2F%2Fon.wsj.com%2F2g3KUuo&published=true',
                                                               '_uri' => bless( do{\(my $o = 'https://graph.facebook.com/v2.2/1622501708043673/feed')}, 'URI::https' ),
                                                               '_headers' => bless( {
                                                                                      'user-agent' => 'libwww-perl/6.15',
                                                                                      'content-type' => 'application/x-www-form-urlencoded',
                                                                                      'content-length' => 1076,
                                                                                      '::std_case' => {
                                                                                                        'if-ssl-cert-subject' => 'If-SSL-Cert-Subject'
                                                                                                      }
                                                                                    }, 'HTTP::Headers' ),
                                                               '_method' => 'POST',
                                                               '_uri_canonical' => $VAR1->{'response'}{'_request'}{'_uri'}
                                                             }, 'HTTP::Request' )
                                      }, 'HTTP::Response' )
               }, 'Facebook::Graph::Response' );

MSNBC
-----------------------------

the Drudge Report
-----------------------------

Mic
-----------------------------

The Economist
-----------------------------

Bloomberg Politics
-----------------------------

CBS News
-----------------------------

The Young Turks
-----------------------------

Occupy Democrats
-----------------------------

CBC News
-----------------------------

Newsweek
-----------------------------

CNN International
-----------------------------
$VAR1 = {
          'link' => 'http://cnn.it/2gXFcqA',
          'caption' => 'www.cnn.com',
          'created_time' => '2016-12-06T07:40:01+0000',
          'name' => 'Lady Gaga reveals she has PTSD',
          'id' => '18793419640_10154751950049641',
          'message' => '"I told the kids today that I suffer from a mental illness. I suffer from PTSD."'
        };

Domain: cnn.com
$VAR1 = bless( {
                 'response' => bless( {
                                        '_protocol' => 'HTTP/1.1',
                                        '_content' => '{"id":"1622501708043673_1629032274057283"}',
                                        '_rc' => '200',
                                        '_headers' => bless( {
                                                               'connection' => 'close',
                                                               'x-fb-rev' => '2722271',
                                                               'cache-control' => 'private, no-cache, no-store, must-revalidate',
                                                               'date' => 'Tue, 06 Dec 2016 07:41:00 GMT',
                                                               'x-fb-debug' => 'uUJiie1Z174kiPYvAkEvAqOQPLSHDV2zjzXcyEPS/5p/uh1PInH3PWvxcgOz9SB73DkyifF81pHK86rs68NcCg==',
                                                               'access-control-allow-origin' => '*',
                                                               'client-ssl-cert-issuer' => '/C=US/O=DigiCert Inc/OU=www.digicert.com/CN=DigiCert SHA2 High Assurance Server CA',
                                                               'client-ssl-cipher' => 'ECDHE-ECDSA-AES128-GCM-SHA256',
                                                               'client-peer' => '31.13.65.1:443',
                                                               'facebook-api-version' => 'v2.8',
                                                               'client-date' => 'Tue, 06 Dec 2016 07:41:00 GMT',
                                                               'x-page-usage' => '{"call_count":17,"total_cputime":7,"total_time":10}',
                                                               'pragma' => 'no-cache',
                                                               'content-type' => 'text/javascript; charset=UTF-8',
                                                               'client-ssl-socket-class' => 'IO::Socket::SSL',
                                                               'client-response-num' => 1,
                                                               'content-length' => '42',
                                                               'x-fb-trace-id' => 'D4tS5f0qClC',
                                                               '::std_case' => {
                                                                                 'client-response-num' => 'Client-Response-Num',
                                                                                 'x-fb-rev' => 'X-Fb-Rev',
                                                                                 'x-fb-debug' => 'X-FB-Debug',
                                                                                 'access-control-allow-origin' => 'Access-Control-Allow-Origin',
                                                                                 'client-ssl-cert-issuer' => 'Client-SSL-Cert-Issuer',
                                                                                 'client-ssl-cipher' => 'Client-SSL-Cipher',
                                                                                 'client-peer' => 'Client-Peer',
                                                                                 'facebook-api-version' => 'Facebook-Api-Version',
                                                                                 'x-fb-trace-id' => 'X-Fb-Trace-Id',
                                                                                 'client-date' => 'Client-Date',
                                                                                 'x-page-usage' => 'X-Page-Usage',
                                                                                 'client-ssl-cert-subject' => 'Client-SSL-Cert-Subject',
                                                                                 'client-ssl-socket-class' => 'Client-SSL-Socket-Class'
                                                                               },
                                                               'client-ssl-cert-subject' => '/C=US/ST=CA/L=Menlo Park/O=Facebook, Inc./CN=*.facebook.com',
                                                               'expires' => 'Sat, 01 Jan 2000 00:00:00 GMT'
                                                             }, 'HTTP::Headers' ),
                                        '_msg' => 'OK',
                                        '_request' => bless( {
                                                               '_content' => 'access_token=EAAPvBQ5tbjMBAIgMPORfLbexZAZAVtTuqzr7wPbhCpVFyxUtDQEsBZAIS72ADwnUQzdtZA4A2DE8kDyNia2wdCQFeFnFKnxlv7dOhQ0zxnIbA3bwasf4ET1xjq4k9Nojqjmx5HZBlOy9gccDrAFC7fVnGUOjJaTIZD&message=The+Facebook+page+of+CNN+International+originally+shared+this+article.+According+to+data+gathered+by+the+Pew+Research+Center%2C+CNN+is+more+trusted+than+distrusted+by+survey+respondents+who+have+heard+of+the+source.+(Over+40%25+of+respondents)+%0D%0AAdditionally%2C+the+research+indicates+that+left-leaning+readers+were+more+likely+to+find+this+source+credible+than+other+readers.+%0D%0A%0D%0AOut+of+the+95%25+of+respondents+who+have+heard+of+CNN%2C%0D%0A57%25%09trusted+the+news+source%2C%0D%0A22%25%09distrusted+the+news+source%2C+and%0D%0A22%25%09neither+trusted+nor+distrusted+the+news+source.%0D%0A%0D%0ATo+learn+more+about+Pew+Research+Center\'s+study+on+Political+Polarization+%26+Media+Habits%2C+follow+this+link+to+visit+their+report.+https%3A%2F%2Fgoo.gl%2FxwVtjv&link=http%3A%2F%2Fcnn.it%2F2gXFcqA&published=true',
                                                               '_uri' => bless( do{\(my $o = 'https://graph.facebook.com/v2.2/1622501708043673/feed')}, 'URI::https' ),
                                                               '_headers' => bless( {
                                                                                      'user-agent' => 'libwww-perl/6.15',
                                                                                      'content-type' => 'application/x-www-form-urlencoded',
                                                                                      'content-length' => 1007,
                                                                                      '::std_case' => {
                                                                                                        'if-ssl-cert-subject' => 'If-SSL-Cert-Subject'
                                                                                                      }
                                                                                    }, 'HTTP::Headers' ),
                                                               '_method' => 'POST',
                                                               '_uri_canonical' => $VAR1->{'response'}{'_request'}{'_uri'}
                                                             }, 'HTTP::Request' )
                                      }, 'HTTP::Response' )
               }, 'Facebook::Graph::Response' );

The New Yorker
-----------------------------

Rush Limbaugh
-----------------------------

The Independent
-----------------------------

TheBlaze
-----------------------------

NPR Politics
-----------------------------

The New York Times
-----------------------------

NPR
-----------------------------

MSN
-----------------------------

CNN Politics
-----------------------------

The Daily Show
-----------------------------

Daily Kos
-----------------------------

Yahoo News
-----------------------------
$VAR1 = {
          'link' => 'https://www.yahoo.com/celebrity/hero-pit-bull-puppy-saves-165846711.html',
          'created_time' => '2016-12-06T07:40:00+0000',
          'name' => 'Yahoo',
          'id' => '338028696036_10154940383386037'
        };

The Guardian
-----------------------------
$VAR1 = {
          'link' => 'https://www.theguardian.com/uk-news/2016/dec/06/new-fully-privatised-rail-line-chris-grayling-plans-oxford-cambridge?CMP=fb_gu',
          'caption' => 'theguardian.com',
          'created_time' => '2016-12-06T07:40:00+0000',
          'name' => 'Chris Grayling to unveil plans for new fully privatised railway line',
          'id' => '10513336322_10154801202256323',
          'message' => 'The British government is to unveil plans for a fully privatised railway line, with track and trains operated by the same company.'
        };

Domain: theguardian.com
$VAR1 = bless( {
                 'response' => bless( {
                                        '_protocol' => 'HTTP/1.1',
                                        '_content' => '{"id":"1622501708043673_1629032307390613"}',
                                        '_rc' => '200',
                                        '_headers' => bless( {
                                                               'connection' => 'close',
                                                               'x-fb-rev' => '2722271',
                                                               'cache-control' => 'private, no-cache, no-store, must-revalidate',
                                                               'date' => 'Tue, 06 Dec 2016 07:41:16 GMT',
                                                               'x-fb-debug' => 'jhstu281LkfhLSW6aaUaAvqwps/3Uec+f3Sxetsf7vGkLEsqfz8sNUjZmOcHVrjYhA7lNCbzYEsxuEzQ9o4YXA==',
                                                               'access-control-allow-origin' => '*',
                                                               'client-ssl-cert-issuer' => '/C=US/O=DigiCert Inc/OU=www.digicert.com/CN=DigiCert SHA2 High Assurance Server CA',
                                                               'client-ssl-cipher' => 'ECDHE-ECDSA-AES128-GCM-SHA256',
                                                               'client-peer' => '31.13.65.1:443',
                                                               'facebook-api-version' => 'v2.8',
                                                               'client-date' => 'Tue, 06 Dec 2016 07:41:16 GMT',
                                                               'x-page-usage' => '{"call_count":17,"total_cputime":7,"total_time":10}',
                                                               'pragma' => 'no-cache',
                                                               'content-type' => 'text/javascript; charset=UTF-8',
                                                               'client-ssl-socket-class' => 'IO::Socket::SSL',
                                                               'client-response-num' => 1,
                                                               'content-length' => '42',
                                                               'x-fb-trace-id' => 'AXDN3WQmc4E',
                                                               '::std_case' => {
                                                                                 'client-response-num' => 'Client-Response-Num',
                                                                                 'x-fb-rev' => 'X-Fb-Rev',
                                                                                 'x-fb-debug' => 'X-FB-Debug',
                                                                                 'access-control-allow-origin' => 'Access-Control-Allow-Origin',
                                                                                 'client-ssl-cert-issuer' => 'Client-SSL-Cert-Issuer',
                                                                                 'client-ssl-cipher' => 'Client-SSL-Cipher',
                                                                                 'client-peer' => 'Client-Peer',
                                                                                 'facebook-api-version' => 'Facebook-Api-Version',
                                                                                 'x-fb-trace-id' => 'X-Fb-Trace-Id',
                                                                                 'client-date' => 'Client-Date',
                                                                                 'x-page-usage' => 'X-Page-Usage',
                                                                                 'client-ssl-cert-subject' => 'Client-SSL-Cert-Subject',
                                                                                 'client-ssl-socket-class' => 'Client-SSL-Socket-Class'
                                                                               },
                                                               'client-ssl-cert-subject' => '/C=US/ST=CA/L=Menlo Park/O=Facebook, Inc./CN=*.facebook.com',
                                                               'expires' => 'Sat, 01 Jan 2000 00:00:00 GMT'
                                                             }, 'HTTP::Headers' ),
                                        '_msg' => 'OK',
                                        '_request' => bless( {
                                                               '_content' => 'access_token=EAAPvBQ5tbjMBAIgMPORfLbexZAZAVtTuqzr7wPbhCpVFyxUtDQEsBZAIS72ADwnUQzdtZA4A2DE8kDyNia2wdCQFeFnFKnxlv7dOhQ0zxnIbA3bwasf4ET1xjq4k9Nojqjmx5HZBlOy9gccDrAFC7fVnGUOjJaTIZD&message=The+Facebook+page+of+The+Guardian+originally+shared+this+article.+According+to+data+gathered+by+the+Pew+Research+Center%2C+The+Guardian+is+more+trusted+than+distrusted+by+survey+respondents+who+have+heard+of+the+source.+(Over+40%25+of+respondents)+%0D%0AAdditionally%2C+the+research+indicates+that+left-leaning+readers+were+more+likely+to+find+this+source+credible+than+other+readers.+%0D%0A%0D%0AOut+of+the+36%25+of+respondents+who+have+heard+of+The+Guardian%2C%0D%0A20%25%09trusted+the+news+source%2C%0D%0A12%25%09distrusted+the+news+source%2C+and%0D%0A67%25%09neither+trusted+nor+distrusted+the+news+source.%0D%0A%0D%0ATo+learn+more+about+Pew+Research+Center\'s+study+on+Political+Polarization+%26+Media+Habits%2C+follow+this+link+to+visit+their+report.+https%3A%2F%2Fgoo.gl%2FxwVtjv&link=https%3A%2F%2Fwww.theguardian.com%2Fuk-news%2F2016%2Fdec%2F06%2Fnew-fully-privatised-rail-line-chris-grayling-plans-oxford-cambridge%3FCMP%3Dfb_gu&published=true',
                                                               '_uri' => bless( do{\(my $o = 'https://graph.facebook.com/v2.2/1622501708043673/feed')}, 'URI::https' ),
                                                               '_headers' => bless( {
                                                                                      'user-agent' => 'libwww-perl/6.15',
                                                                                      'content-type' => 'application/x-www-form-urlencoded',
                                                                                      'content-length' => 1137,
                                                                                      '::std_case' => {
                                                                                                        'if-ssl-cert-subject' => 'If-SSL-Cert-Subject'
                                                                                                      }
                                                                                    }, 'HTTP::Headers' ),
                                                               '_method' => 'POST',
                                                               '_uri_canonical' => $VAR1->{'response'}{'_request'}{'_uri'}
                                                             }, 'HTTP::Request' )
                                      }, 'HTTP::Response' )
               }, 'Facebook::Graph::Response' );

CNN
-----------------------------
$VAR1 = {
          'link' => 'http://cnn.it/2gXDpli',
          'caption' => 'www.cnn.com',
          'created_time' => '2016-12-06T07:40:01+0000',
          'name' => 'Lady Gaga reveals she has PTSD',
          'id' => '5550296508_10155701499836509',
          'message' => '"I told the kids today that I suffer from a mental illness. I suffer from PTSD."'
        };

Domain: cnn.com
$VAR1 = bless( {
                 'response' => bless( {
                                        '_protocol' => 'HTTP/1.1',
                                        '_content' => '{"id":"1622501708043673_1629032347390609"}',
                                        '_rc' => '200',
                                        '_headers' => bless( {
                                                               'connection' => 'close',
                                                               'x-fb-rev' => '2722271',
                                                               'cache-control' => 'private, no-cache, no-store, must-revalidate',
                                                               'date' => 'Tue, 06 Dec 2016 07:41:32 GMT',
                                                               'x-fb-debug' => 'OT5Diedq//Exkn9WkXBDENHn978iDvfANyuUrh0Pwk7GwmgO9i1UYhkX4stp6D873tocDiDC29OJGsx0rduc+Q==',
                                                               'access-control-allow-origin' => '*',
                                                               'client-ssl-cert-issuer' => '/C=US/O=DigiCert Inc/OU=www.digicert.com/CN=DigiCert SHA2 High Assurance Server CA',
                                                               'client-ssl-cipher' => 'ECDHE-ECDSA-AES128-GCM-SHA256',
                                                               'client-peer' => '31.13.65.1:443',
                                                               'facebook-api-version' => 'v2.8',
                                                               'client-date' => 'Tue, 06 Dec 2016 07:41:32 GMT',
                                                               'x-page-usage' => '{"call_count":17,"total_cputime":7,"total_time":10}',
                                                               'pragma' => 'no-cache',
                                                               'content-type' => 'text/javascript; charset=UTF-8',
                                                               'client-ssl-socket-class' => 'IO::Socket::SSL',
                                                               'client-response-num' => 1,
                                                               'content-length' => '42',
                                                               'x-fb-trace-id' => 'Gwf/zag3wGB',
                                                               '::std_case' => {
                                                                                 'client-response-num' => 'Client-Response-Num',
                                                                                 'x-fb-rev' => 'X-Fb-Rev',
                                                                                 'x-fb-debug' => 'X-FB-Debug',
                                                                                 'access-control-allow-origin' => 'Access-Control-Allow-Origin',
                                                                                 'client-ssl-cert-issuer' => 'Client-SSL-Cert-Issuer',
                                                                                 'client-ssl-cipher' => 'Client-SSL-Cipher',
                                                                                 'client-peer' => 'Client-Peer',
                                                                                 'facebook-api-version' => 'Facebook-Api-Version',
                                                                                 'x-fb-trace-id' => 'X-Fb-Trace-Id',
                                                                                 'client-date' => 'Client-Date',
                                                                                 'x-page-usage' => 'X-Page-Usage',
                                                                                 'client-ssl-cert-subject' => 'Client-SSL-Cert-Subject',
                                                                                 'client-ssl-socket-class' => 'Client-SSL-Socket-Class'
                                                                               },
                                                               'client-ssl-cert-subject' => '/C=US/ST=CA/L=Menlo Park/O=Facebook, Inc./CN=*.facebook.com',
                                                               'expires' => 'Sat, 01 Jan 2000 00:00:00 GMT'
                                                             }, 'HTTP::Headers' ),
                                        '_msg' => 'OK',
                                        '_request' => bless( {
                                                               '_content' => 'access_token=EAAPvBQ5tbjMBAIgMPORfLbexZAZAVtTuqzr7wPbhCpVFyxUtDQEsBZAIS72ADwnUQzdtZA4A2DE8kDyNia2wdCQFeFnFKnxlv7dOhQ0zxnIbA3bwasf4ET1xjq4k9Nojqjmx5HZBlOy9gccDrAFC7fVnGUOjJaTIZD&message=The+Facebook+page+of+CNN+originally+shared+this+article.+According+to+data+gathered+by+the+Pew+Research+Center%2C+CNN+is+more+trusted+than+distrusted+by+survey+respondents+who+have+heard+of+the+source.+(Over+40%25+of+respondents)+%0D%0AAdditionally%2C+the+research+indicates+that+left-leaning+readers+were+more+likely+to+find+this+source+credible+than+other+readers.+%0D%0A%0D%0AOut+of+the+95%25+of+respondents+who+have+heard+of+CNN%2C%0D%0A57%25%09trusted+the+news+source%2C%0D%0A22%25%09distrusted+the+news+source%2C+and%0D%0A22%25%09neither+trusted+nor+distrusted+the+news+source.%0D%0A%0D%0ATo+learn+more+about+Pew+Research+Center\'s+study+on+Political+Polarization+%26+Media+Habits%2C+follow+this+link+to+visit+their+report.+https%3A%2F%2Fgoo.gl%2FxwVtjv&link=http%3A%2F%2Fcnn.it%2F2gXDpli&published=true',
                                                               '_uri' => bless( do{\(my $o = 'https://graph.facebook.com/v2.2/1622501708043673/feed')}, 'URI::https' ),
                                                               '_headers' => bless( {
                                                                                      'user-agent' => 'libwww-perl/6.15',
                                                                                      'content-type' => 'application/x-www-form-urlencoded',
                                                                                      'content-length' => 993,
                                                                                      '::std_case' => {
                                                                                                        'if-ssl-cert-subject' => 'If-SSL-Cert-Subject'
                                                                                                      }
                                                                                    }, 'HTTP::Headers' ),
                                                               '_method' => 'POST',
                                                               '_uri_canonical' => $VAR1->{'response'}{'_request'}{'_uri'}
                                                             }, 'HTTP::Request' )
                                      }, 'HTTP::Response' )
               }, 'Facebook::Graph::Response' );

Slate.com
-----------------------------

the AP
-----------------------------

Sean Hannity
-----------------------------

The Ed Schultz Show
-----------------------------

The Atlantic
-----------------------------

Bloomberg
-----------------------------

BuzzFeed
-----------------------------

Fox News
-----------------------------

VICE
-----------------------------
$VAR1 = {
          'link' => 'http://www.vice.com/read/how-the-trans-list-stays-true-to-trans-experiences?utm_source=vicefbus',
          'caption' => 'www.vice.com',
          'created_time' => '2016-12-06T07:40:01+0000',
          'name' => 'How \'The Trans List\' Stays True to Trans Experiences',
          'id' => '167115176655082_1475073122525941',
          'message' => 'It\'s a precedent-setting film on more than one level.'
        };

Domain: vice.com

Glenn Beck
-----------------------------

The Other 98%
-----------------------------





