***********************************************************************************
Started at 18:00:01 on 00/05/2017
***********************************************************************************
Querying souces from the past 15 minutes....

Al Jazeera
-----------------------------
$VAR1 = {
          'link' => 'http://www.aljazeera.com/indepth/features/2016/11/brazil-quilombos-face-eucalyptus-giant-land-war-161123122742103.html',
          'caption' => 'aljazeera.com',
          'created_time' => '2017-01-05T23:00:01+0000',
          'name' => 'Brazil\'s quilombos face eucalyptus giant in land war',
          'id' => '7382473689_10155072293183690',
          'message' => '"They stole our forests and our water. We took our medicine from the forest. Now, they put police and dogs at our door."'
        };

Domain: aljazeera.com
Response:
{"id":"1622501708043673_1640448579582319"}

Upworthy
-----------------------------

The Huffington Post
-----------------------------
$VAR1 = {
          'link' => 'https://www.facebook.com/HuffingtonPost/videos/390503074627179/',
          'created_time' => '2017-01-05T22:50:17+0000',
          'name' => 'Obama\'s Legacy On LGBTQ Rights | HuffPost News',
          'id' => '18468761129_390503074627179',
          'message' => 'From DADT to marriage equality, President Obama helped pave the way for LGBTQ rights during his time in office.'
        };

HuffPost Women
-----------------------------

PBS News Hour
-----------------------------

ATTN:
-----------------------------

Reuters
-----------------------------
$VAR1 = {
          'link' => 'https://www.facebook.com/Reuters/videos/1351984284821924/',
          'created_time' => '2017-01-05T22:49:45+0000',
          'name' => 'U.S. News',
          'id' => '114050161948682_1351984284821924',
          'message' => 'Increasingly across America, doctors and parents of transgender children are embracing their identity as soon it starts becoming obvious, even as young as age 3. We are #FacebookLive with Jodie Patterson, who is sharing the story of her transgender son. Send us your questions.'
        };

NowThis
-----------------------------
$VAR1 = {
          'link' => 'https://www.facebook.com/NowThisFuture/videos/1394151100626066/',
          'created_time' => '2017-01-05T23:00:00+0000',
          'name' => 'NowThis Future',
          'id' => '341163402640457_1293358894087565',
          'message' => 'Incredible...'
        };

Daily Caller
-----------------------------
$VAR1 = {
          'link' => 'http://trib.al/2vWmSHS',
          'caption' => 'dailycaller.com',
          'created_time' => '2017-01-05T22:53:45+0000',
          'name' => 'Professor Obama FINALLY Publishes A Piece Of Scholarship',
          'id' => '182919686769_10154111623701770',
          'message' => 'They called Obama "professor" but he never wrote a single journal article.'
        };

Domain: dailycaller.com

CNBC
-----------------------------
$VAR1 = {
          'link' => 'http://cnb.cx/2hS9wC8',
          'caption' => 'cnbc.com',
          'created_time' => '2017-01-05T22:59:00+0000',
          'name' => 'Can bitcoin replace gold as the new safe haven?',
          'id' => '97212224368_10155073684099369',
          'message' => 'Bitcoin did climb 122% in 2016.'
        };

Domain: cnbc.com

The Onion
-----------------------------

Opposing Views
-----------------------------
$VAR1 = {
          'link' => 'https://www.opposingviews.com/i/social/woman-finds-odd-bump-above-lip-decides-squeeze-it-video?fb=wt',
          'caption' => 'opposingviews.com',
          'created_time' => '2017-01-05T23:00:00+0000',
          'name' => 'Woman Finds Odd Bump Above Lip, Decides To Squeeze It (Video)',
          'id' => '34226391050_10154403525661051',
          'message' => 'The woman went to the dermatologist because she noticed a small bump on her limp. However, what came out wasn\'t anywhere near as small as she thought.'
        };

Domain: opposingviews.com

the Today Show
-----------------------------
$VAR1 = {
          'link' => 'http://on.today.com/2hXy14p',
          'caption' => 'today.com',
          'created_time' => '2017-01-05T22:59:15+0000',
          'name' => "Someone returned a 17-year-old shirt to Gap \x{2014} and here\x{2019}s what happened",
          'id' => '12566691349_10154907206536350',
          'message' => 'What\'s the oldest thing you\'ve ever returned?'
        };

Domain: today.com

Kotaku
-----------------------------

Washington Post
-----------------------------
$VAR1 = {
          'link' => 'https://www.washingtonpost.com/news/get-there/wp/2016/12/20/5-mistakes-americans-are-making-with-their-money/?tid=sm_fb&utm_term=.8bbdb95eada4',
          'caption' => 'washingtonpost.com',
          'created_time' => '2017-01-05T23:00:00+0000',
          'name' => '5 mistakes Americans are making with their money',
          'id' => '6250307292_10154593432887293',
          'message' => 'The results of this report were pretty dismal.'
        };

Domain: washingtonpost.com
Response:
{"id":"1622501708043673_1640448696248974"}

the American Center for Law and Justice
-----------------------------

VICE News
-----------------------------

PBS
-----------------------------

Mother Jones
-----------------------------

HuffPost Good News
-----------------------------
$VAR1 = {
          'link' => 'https://www.facebook.com/HuffPostGoodNews/videos/1249413705144811/',
          'created_time' => '2017-01-05T22:47:45+0000',
          'name' => 'Snowflakes Under A Microscope',
          'id' => '202163013203224_1249413705144811',
          'message' => 'These snowflake photos are just ~dreamy~.'
        };

BBC News
-----------------------------

Breaking News
-----------------------------

The Verge
-----------------------------

New York Magazine
-----------------------------
$VAR1 = {
          'link' => 'https://www.facebook.com/NewYorkMag/videos/10154928552114826/',
          'created_time' => '2017-01-05T22:55:25+0000',
          'name' => 'Second-Avenue Subway Art',
          'id' => '14516439825_10154928552114826',
          'message' => "The Second-Avenue Subway is New York\x{2019}s newest world-class museum."
        };

TIME
-----------------------------

the Business Insider
-----------------------------
$VAR1 = {
          'link' => 'https://www.facebook.com/businessinsider/videos/10154260727114071/',
          'created_time' => '2017-01-05T22:55:00+0000',
          'name' => 'A peak inside Ivanka Trump\'s new DC home',
          'id' => '20446254070_10154260727114071',
          'message' => 'See inside the $5.5 million Washington, DC, home where Ivanka Trump and Jared Kushner are reportedly moving.'
        };
$VAR1 = {
          'link' => 'http://www.businessinsider.com/tiger-woods-schedule-finally-healthy-2017-1',
          'created_time' => '2017-01-05T22:50:00+0000',
          'name' => 'Business Insider: Sports',
          'id' => '20446254070_10154260355929071',
          'message' => 'We\'re going to be seeing a lot more of Tiger Woods in 2017.'
        };

ThinkProgress
-----------------------------

POLITICO
-----------------------------
$VAR1 = {
          'link' => 'http://politi.co/2hXKbdz',
          'caption' => 'politi.co',
          'created_time' => '2017-01-05T22:59:09+0000',
          'name' => 'Trump to tap ex-Sen. Dan Coats as intelligence chief',
          'id' => '62317591679_10154172107356680',
          'message' => 'If confirmed, the recently retired lawmaker will be tasked with leading an intelligence community the incoming president has criticized and vowed to reform.'
        };

Domain: politi.co

Alias: politico.com
Response:
{"id":"1622501708043673_1640448762915634"}

USA TODAY
-----------------------------
$VAR1 = {
          'link' => 'http://www.reviewed.com/home-outdoors/features/the-willow-is-like-the-iphone-of-breast-pumps#.WG66ZO2PX3A.twitter',
          'caption' => 'reviewed.com',
          'created_time' => '2017-01-05T23:00:00+0000',
          'name' => 'The Willow could be the iPhone of breast pumps',
          'id' => '13652355666_10154254390030667',
          'message' => 'CES is much more than just new TVs and self-driving cars.'
        };

Domain: reviewed.com

American News
-----------------------------

ABC News
-----------------------------

HuffPost Politics
-----------------------------

NBC News
-----------------------------
$VAR1 = {
          'link' => 'https://www.facebook.com/NBCNews/videos/1655306024489421/',
          'created_time' => '2017-01-05T22:50:00+0000',
          'name' => 'Orlando Soccer Team Honors Pulse Nightclub Shooting Victims Wi...',
          'id' => '155869377766434_1655306024489421',
          'message' => 'See how the Orlando City Soccer Club is honoring the 49 victims of the Pulse nightclub massacre in their stadium.'
        };

AJ+
-----------------------------

Wikileaks
-----------------------------

CNNMoney
-----------------------------

ABC News Politics
-----------------------------

Right Wing News
-----------------------------
$VAR1 = {
          'link' => 'http://www.opposingviews.com/i/social/these-two-fast-food-employees-looked-customer-right-eye-and-called-him-white-boy-they-didnt?fb=rwn',
          'caption' => 'opposingviews.com',
          'created_time' => '2017-01-05T23:00:00+0000',
          'name' => 'Fast Food Employees Call Customer \'White Boy\' -- Don\'t Realize He\'s A Celebrity',
          'id' => '389658314427637_1660092337384222',
          'message' => 'These two fast food workers looked a customer right in the eye and called him "white boy." They didn\'t think anything would happen to them - until they no longer had jobs. They probably would have thought twice had they realized that customer was a celebrity.'
        };

Domain: opposingviews.com

The Wall Street Journal
-----------------------------

MSNBC
-----------------------------

the Drudge Report
-----------------------------
$VAR1 = {
          'link' => 'http://www.mrctv.org/blog/obama-seizes-land-3x-size-texas-8-years',
          'caption' => 'mrctv.org',
          'created_time' => '2017-01-05T23:00:00+0000',
          'name' => 'Obama Seized Enough Land, Water in 8 Years to Cover Texas THREE TIMES',
          'id' => '102533606954_10154742653716955',
          'message' => 'Obama Has Seized 553 MILLION ACRES -- 3X Size of Texas!'
        };

Domain: mrctv.org

Mic
-----------------------------

The Economist
-----------------------------

Bloomberg Politics
-----------------------------

CBS News
-----------------------------
$VAR1 = {
          'link' => 'http://cbsn.ws/2j9lSqS',
          'caption' => 'www.cbsnews.com',
          'created_time' => '2017-01-05T22:51:35+0000',
          'name' => 'Non-verbal 6-year-old boy and deaf dog are a "match made in heaven"',
          'id' => '131459315949_10154240212260950',
          'message' => "This little boy, who was adopted at 4 weeks old, was born addicted to opiates. His parents knew his life would be an uphill battle. He can't talk, and it's hard to find someone who understands sign language \x{2014} and then he met Ellie, a deaf foster dog..."
        };

Domain: cbsnews.com
Response:
{"id":"1622501708043673_1640448842915626"}

The Young Turks
-----------------------------
$VAR1 = {
          'link' => 'https://www.facebook.com/TheYoungTurks/videos/10154265992094205/',
          'created_time' => '2017-01-05T22:59:41+0000',
          'name' => 'The Young Turks LIVE! With Ana Kasparian and John Iadarola',
          'id' => '210277954204_10154265992094205',
          'message' => 'The Young Turks LIVE! With Ana Kasparian and John Iadarola'
        };

Occupy Democrats
-----------------------------
$VAR1 = {
          'link' => 'http://occupydemocrats.com/2017/01/05/trump-just-attacked-toyota-response-perfect/',
          'caption' => 'occupydemocrats.com',
          'created_time' => '2017-01-05T22:56:00+0000',
          'name' => 'Trump Just Attacked Toyota. Their Response Is Perfect',
          'id' => '346937065399354_1378372415589142',
          'message' => 'Checkmate!'
        };

Domain: occupydemocrats.com

CBC News
-----------------------------
$VAR1 = {
          'link' => 'http://www.cbc.ca/news/business/trump-tweet-toyota-tax-1.3922761',
          'caption' => 'cbc.ca',
          'created_time' => '2017-01-05T23:00:00+0000',
          'name' => 'Toyota targeted in Trump Twitter tirade',
          'id' => '5823419603_10155020703244604',
          'message' => '"Build plant in U.S. or pay big border tax," Trump tweeted.'
        };

Newsweek
-----------------------------

CNN International
-----------------------------

The New Yorker
-----------------------------

Rush Limbaugh
-----------------------------

The Independent
-----------------------------

TheBlaze
-----------------------------
$VAR1 = {
          'link' => 'http://www.theblaze.com/video/glenn-beck-urges-liberals-not-to-repeat-his-mistakes-in-opposing-the-incoming-trump-administration/',
          'caption' => 'www.theblaze.com',
          'created_time' => '2017-01-05T22:46:01+0000',
          'name' => 'Glenn Beck urges liberals not to repeat his mistakes in opposing the incoming Trump administration',
          'id' => '140738092630206_1328386090532061',
          'message' => 'Glenn Beck urges liberals not to oppose Donald J. Trump http://bit.ly/2igRQkT'
        };

Domain: theblaze.com
Response:
{"id":"1622501708043673_1640448886248955"}

NPR Politics
-----------------------------

The New York Times
-----------------------------
$VAR1 = {
          'link' => 'https://www.nytimes.com/2017/01/05/nyregion/james-bond-of-philanthropy-gives-away-the-last-of-his-fortune.html?smid=fb-nytimes&smtyp=cur',
          'caption' => 'nytimes.com',
          'created_time' => '2017-01-05T22:56:18+0000',
          'name' => "\x{2018}James Bond of Philanthropy\x{2019} Gives Away the Last of His Fortune",
          'id' => '5281959998_10151038618889999',
          'message' => 'Chuck Feeney has given away $8 billion of his fortune to charities in near-anonymity. He "is what Donald J. Trump would be, if he lived his entire existence backward."'
        };

Domain: nytimes.com
Response:
{"id":"1622501708043673_1640448996248944"}

NPR
-----------------------------

MSN
-----------------------------

CNN Politics
-----------------------------

The Daily Show
-----------------------------

Daily Kos
-----------------------------
$VAR1 = {
          'link' => 'http://www.dailykos.com/stories/2017/1/5/1617388/-Trump-spent-three-hours-in-a-deposition-today-but-it-s-not-like-he-has-anything-better-to-do?detail=facebook',
          'caption' => 'dailykos.com',
          'created_time' => '2017-01-05T23:00:00+0000',
          'name' => 'Trump sits for 3-hour deposition in lawsuit against chef who dumped him after racist comments',
          'id' => '43179984254_10155040119619255',
          'message' => 'Donald Trump is racist. And his fingers are demonstrably stubby. And he\'s unfit for the presidency, or for any other office.'
        };

Domain: dailykos.com
Response:
{"id":"1622501708043673_1640449052915605"}

Yahoo News
-----------------------------
$VAR1 = {
          'link' => 'https://yhoo.it/2hUAHkJ',
          'caption' => 'yahoo.com',
          'created_time' => '2017-01-05T23:00:15+0000',
          'name' => 'Giving peanut-based foods to babies early can prevent allergies',
          'id' => '338028696036_10155075815911037',
          'message' => '"When you do desensitize them from an early age, you have a very positive effect."'
        };

Domain: yahoo.com
Response:
{"id":"1622501708043673_1640449099582267"}
$VAR1 = {
          'link' => 'https://yhoo.it/2j4rWR7',
          'created_time' => '2017-01-05T22:50:00+0000',
          'name' => 'Yahoo Finance',
          'id' => '338028696036_10155075306581037'
        };

The Guardian
-----------------------------
$VAR1 = {
          'link' => 'https://www.theguardian.com/technology/2017/jan/05/facebook-live-video-chicago-attack-explanation?CMP=fb_gu',
          'caption' => 'theguardian.com',
          'created_time' => '2017-01-05T23:00:00+0000',
          'name' => 'Facebook refuses to explain why live video of attack wasn\'t flagged sooner',
          'id' => '10513336322_10154924744196323',
          'message' => 'Facebook on Thursday refused to respond to mounting questions over its apparent failure to take down a live broadcast of the brutal attack of a young man with disabilities in Chicago.'
        };

Domain: theguardian.com
Response:
{"id":"1622501708043673_1640449276248916"}

CNN
-----------------------------
$VAR1 = {
          'link' => 'http://cnn.it/2jfHPZl',
          'caption' => 'money.cnn.com',
          'created_time' => '2017-01-05T23:00:03+0000',
          'name' => 'Why so many people hate Obamacare',
          'id' => '5550296508_10155868518611509',
          'message' => 'Just saying the word prompts many Americans to roll their eyes, mutter curses or launch into a tirade'
        };

Domain: cnn.com
Response:
{"id":"1622501708043673_1640449616248882"}

Slate.com
-----------------------------

the AP
-----------------------------

Sean Hannity
-----------------------------

The Ed Schultz Show
-----------------------------

The Atlantic
-----------------------------
$VAR1 = {
          'link' => 'http://theatln.tc/2hVZ9O0',
          'caption' => 'theatlantic.com',
          'created_time' => '2017-01-05T22:56:07+0000',
          'name' => 'NBC\'s \'Emerald City\' Takes Dorothy to a Darker Oz',
          'id' => '29259828486_10154986926573487',
          'message' => 'Call it the Wizard of Westeroz, if you will.'
        };

Domain: theatlantic.com

Bloomberg
-----------------------------

BuzzFeed
-----------------------------
$VAR1 = {
          'link' => 'http://bzfd.it/2iFLrCJ',
          'caption' => 'buzzfeed.com',
          'created_time' => '2017-01-05T23:00:00+0000',
          'name' => 'This Picture Of Mariah Carey Leaving A Weed Dispensary Is Truly Ridiculous And Amazing',
          'id' => '1318800798260799_2123815644425973',
          'message' => 'Living her best life.'
        };

Domain: buzzfeed.com
Response:
{"id":"1622501708043673_1640449782915532"}

Fox News
-----------------------------

VICE
-----------------------------

Glenn Beck
-----------------------------

The Other 98%
-----------------------------
$VAR1 = {
          'link' => 'https://www.facebook.com/actdottv/videos/568569513333619/',
          'created_time' => '2017-01-05T23:00:00+0000',
          'name' => 'act.tv',
          'id' => '114517875225866_1635698753107763',
          'message' => 'A Medicare cut by any other name is still a Medicare cut.'
        };


Total Posts Made:	11


