***********************************************************************************
Started at 04:45:01 on 00/19/2017
***********************************************************************************
Querying souces from the past 15 minutes....

Al Jazeera
-----------------------------

Upworthy
-----------------------------

The Huffington Post
-----------------------------

HuffPost Women
-----------------------------

PBS News Hour
-----------------------------

ATTN:
-----------------------------

Reuters
-----------------------------

NowThis
-----------------------------

Daily Caller
-----------------------------

CNBC
-----------------------------

The Onion
-----------------------------

Opposing Views
-----------------------------

the Today Show
-----------------------------

Kotaku
-----------------------------

Washington Post
-----------------------------

the American Center for Law and Justice
-----------------------------

VICE News
-----------------------------

PBS
-----------------------------

Mother Jones
-----------------------------

HuffPost Good News
-----------------------------

BBC News
-----------------------------

Breaking News
-----------------------------

The Verge
-----------------------------

New York Magazine
-----------------------------
$VAR1 = {
          'link' => 'http://nym.ag/2jAk7pZ',
          'caption' => 'vulture.com',
          'created_time' => '2017-01-19T09:32:56+0000',
          'name' => 'What Happened to Paul Auster? A Decade Ago, He Was a Nobel Candidate.',
          'id' => '14516439825_10154972692539826',
          'message' => 'Did he change, or did we?'
        };

Domain: vulture.com

TIME
-----------------------------
$VAR1 = {
          'link' => 'http://ti.me/2jA26Zq',
          'caption' => 'time.com',
          'created_time' => '2017-01-19T09:30:19+0000',
          'name' => 'Steve Carell Just Majorly Trolled \'The Office\' Fans On Twitter',
          'id' => '10606591490_10154362501181491',
          'message' => 'Michael Scott would\'ve been proud.'
        };

Domain: time.com

the Business Insider
-----------------------------
$VAR1 = {
          'link' => 'http://read.bi/2jzBxmO',
          'caption' => 'businessinsider.com',
          'created_time' => '2017-01-19T09:40:07+0000',
          'name' => 'Trump\'s UN pick Haley: We are aware Russia meddled in election, and \'we are going to fight back\'',
          'id' => '20446254070_10154302327569071',
          'message' => '"We should stand up to any country that attempts to interfere with our system."'
        };

Domain: businessinsider.com
$VAR1 = {
          'link' => 'http://buff.ly/2jOqVOn',
          'created_time' => '2017-01-19T09:36:24+0000',
          'name' => 'Business Insider UK',
          'id' => '20446254070_10154302320994071',
          'message' => 'Devastating.'
        };

ThinkProgress
-----------------------------

POLITICO
-----------------------------

USA TODAY
-----------------------------
$VAR1 = {
          'link' => 'http://www.usatoday.com/story/tech/news/2017/01/18/oracle-lawsuit-labor-department-discrimination/96723084/',
          'caption' => 'usatoday.com',
          'created_time' => '2017-01-19T09:40:00+0000',
          'name' => 'Oracle sued by Labor Department for paying white men more',
          'id' => '13652355666_10154302490690667',
          'message' => 'The administrative lawsuit is the latest from the Labor Department to take aim at major technology companies\' practices.'
        };

Domain: usatoday.com
Response:
{"id":"1622501708043673_1645435619083615"}

American News
-----------------------------

ABC News
-----------------------------
$VAR1 = {
          'link' => 'http://abcn.ws/2jAiA3b',
          'caption' => 'abcnews.go.com',
          'created_time' => '2017-01-19T09:31:03+0000',
          'name' => 'Deaths Mounting After \'Accidental Bombing\' of Refugee Camp',
          'id' => '86680728811_10155278507228812',
          'message' => 'The death toll continues to rise from airstrike on a refugee camp in northeast Nigeria, which the country has called a "regrettable operational mistake."'
        };

Domain: go.com
Response:
{"id":"1622501708043673_1645435722416938"}

HuffPost Politics
-----------------------------

NBC News
-----------------------------

AJ+
-----------------------------

Wikileaks
-----------------------------

CNNMoney
-----------------------------
$VAR1 = {
          'link' => 'http://cnnmon.ie/2iUWWpx',
          'caption' => 'money.cnn.com',
          'created_time' => '2017-01-19T09:31:01+0000',
          'name' => 'Trump commerce pick Wilbur Ross slams \'malicious\' trading tactics',
          'id' => '6651543066_10154293850533067',
          'message' => 'Billionaire Wilbur Ross, President-elect Donald Trump\'s pick for commerce secretary, wants countries that resort to "malicious" trading tactics to be "severely" punished. http://cnnmon.ie/2iUWWpx'
        };

Domain: cnn.com
Response:
{"id":"1622501708043673_1645435799083597"}

ABC News Politics
-----------------------------

Right Wing News
-----------------------------

The Wall Street Journal
-----------------------------

MSNBC
-----------------------------

the Drudge Report
-----------------------------

Mic
-----------------------------

The Economist
-----------------------------

Bloomberg Politics
-----------------------------

CBS News
-----------------------------

The Young Turks
-----------------------------

Occupy Democrats
-----------------------------

CBC News
-----------------------------

Newsweek
-----------------------------

CNN International
-----------------------------
$VAR1 = {
          'link' => 'http://cnn.it/2iVpVtv',
          'caption' => 'www.cnn.com',
          'created_time' => '2017-01-19T09:35:02+0000',
          'name' => 'Deaths feared as avalanche buries Italian hotel after earthquakes',
          'id' => '18793419640_10154918525189641',
          'message' => 'At least one person has died and many others are feared dead after an avalanche buried a hotel in central Italy following a series of earthquakes.'
        };

Domain: cnn.com
Response:
{"id":"1622501708043673_1645435885750255"}

The New Yorker
-----------------------------

Rush Limbaugh
-----------------------------

The Independent
-----------------------------
$VAR1 = {
          'link' => 'http://www.independent.co.uk/news/world/middle-east/30-firefighters-killed-dozens-injured-in-fire-collapse-of-high-rise-building-plasco-tehran-iran-a7534681.html',
          'caption' => 'independent.co.uk',
          'created_time' => '2017-01-19T09:40:49+0000',
          'name' => '30 firefighters killed after high rise building collapses in Iran',
          'id' => '13312631635_10154404831451636',
          'message' => 'BREAKING'
        };

Domain: independent.co.uk

TheBlaze
-----------------------------

NPR Politics
-----------------------------

The New York Times
-----------------------------

NPR
-----------------------------

MSN
-----------------------------

CNN Politics
-----------------------------
$VAR1 = {
          'link' => 'http://cnn.it/2jNoTOw',
          'caption' => 'www.cnn.com',
          'created_time' => '2017-01-19T09:31:00+0000',
          'name' => 'Corker: Full Senate to decide on Tillerson even if panel votes \'no\'',
          'id' => '219367258105115_1465539283487900',
          'message' => 'In an unusual move, Republicans plan on bringing Donald J. Trump\'s nominee for secretary of state before the full Senate for a vote even if he does not earn the support of the foreign relations panel.'
        };

Domain: cnn.com
Response:
{"id":"1622501708043673_1645436002416910"}

The Daily Show
-----------------------------

Daily Kos
-----------------------------

Yahoo News
-----------------------------
$VAR1 = {
          'link' => 'http://bit.ly/2jnoMcy',
          'created_time' => '2017-01-19T09:40:00+0000',
          'name' => 'Yahoo UK & Ireland',
          'id' => '338028696036_10155126315391037'
        };

The Guardian
-----------------------------
$VAR1 = {
          'link' => 'https://www.theguardian.com/media/2017/jan/19/moneysupermarket-grabs-most-complained-about-ad-top-spot-again?CMP=fb_gu',
          'caption' => 'theguardian.com',
          'created_time' => '2017-01-19T09:40:00+0000',
          'name' => 'Moneysupermarket grabs most complained-about ad top spot again',
          'id' => '10513336322_10154975958041323',
          'message' => 'Three of the 10 most complained about ads in the UK in 2016 were for one company. Here\'s the list in full.'
        };

Domain: theguardian.com
Response:
{"id":"1622501708043673_1645436055750238"}

CNN
-----------------------------
$VAR1 = {
          'link' => 'http://cnn.it/2iVesKp',
          'caption' => 'www.cnn.com',
          'created_time' => '2017-01-19T09:35:02+0000',
          'name' => 'Deaths feared as avalanche buries Italian hotel after earthquakes',
          'id' => '5550296508_10155932002596509',
          'message' => 'At least one person has died and many others are feared dead after an avalanche buried a hotel in central Italy following a series of earthquakes.'
        };

Domain: cnn.com
Response:
{"id":"1622501708043673_1645436135750230"}

Slate.com
-----------------------------
$VAR1 = {
          'link' => 'http://slate.me/2jat9Xy',
          'caption' => 'slate.com',
          'created_time' => '2017-01-19T09:31:04+0000',
          'name' => "Did William F. Buckley Jr. Change Anyone\x{2019}s Mind?",
          'id' => '21516776437_10154777681866438',
          'message' => "Even as a TV show host, William F. Buckley Jr. was not afraid to interrupt his guests: \x{201c}He was not an interviewer. He was a conversationalist.\x{201d}"
        };

Domain: slate.com
Response:
{"id":"1622501708043673_1645436195750224"}

the AP
-----------------------------

Sean Hannity
-----------------------------

The Ed Schultz Show
-----------------------------

The Atlantic
-----------------------------
$VAR1 = {
          'link' => 'http://www.theatlantic.com/health/archive/2014/10/the-amish-farmer-replacing-pesticides-with-nutrition/380825/?utm_source=atlfb',
          'caption' => 'theatlantic.com',
          'created_time' => '2017-01-19T09:44:00+0000',
          'name' => 'The Amish Farmers Reinventing Organic Agriculture',
          'id' => '29259828486_10155027874188487',
          'message' => "\"I\x{2019}d see a couple bugs out there and feel like I immediately had to do something about it. But, I learned that if I sit back, things will often take care of themselves.\" (from 2013)"
        };

Domain: theatlantic.com

Bloomberg
-----------------------------
$VAR1 = {
          'link' => 'http://bloom.bg/2jqIGn7',
          'caption' => 'bloomberg.com',
          'created_time' => '2017-01-19T09:39:09+0000',
          'name' => 'Here\'s What Spies Do When They Quit',
          'id' => '266790296879_10154948459411880',
          'message' => 'Because James Bond can\'t go on working forever.'
        };

Domain: bloomberg.com
Response:
{"id":"1622501708043673_1645436269083550"}

BuzzFeed
-----------------------------

Fox News
-----------------------------

VICE
-----------------------------
$VAR1 = {
          'link' => 'https://noisey.vice.com/en_us/article/i-went-on-a-first-date-with-metallicas-lars-ulrich?utm_source=vicefbca&utm_campaign=Canada',
          'caption' => 'noisey.vice.com',
          'created_time' => '2017-01-19T09:31:01+0000',
          'name' => 'I Went on a First Date with Metallica\'s Lars Ulrich',
          'id' => '167115176655082_1533249590041627',
          'message' => '"I was a dorky, disenfranchised, loner teenager."'
        };

Domain: vice.com

Glenn Beck
-----------------------------

The Other 98%
-----------------------------


Total Posts Made:	9


