***********************************************************************************
Started at 06:00:01 on 00/07/2017
***********************************************************************************
Querying souces from the past 15 minutes....

Al Jazeera
-----------------------------
$VAR1 = {
          'link' => 'http://www.aljazeera.com/indepth/features/2016/11/painting-trauma-syria-war-161106102844176.html',
          'caption' => 'aljazeera.com',
          'created_time' => '2017-01-07T11:00:01+0000',
          'name' => 'Painting away the trauma of Syria\'s war',
          'id' => '7382473689_10155077784188690',
          'message' => 'Diala Brisly\'s weapons are colours.'
        };

Domain: aljazeera.com
Response:
{"id":"1622501708043673_1640933236200520"}

Upworthy
-----------------------------

The Huffington Post
-----------------------------

HuffPost Women
-----------------------------

PBS News Hour
-----------------------------

ATTN:
-----------------------------

Reuters
-----------------------------

NowThis
-----------------------------

Daily Caller
-----------------------------

CNBC
-----------------------------
$VAR1 = {
          'link' => 'http://cnb.cx/2hRHWtz',
          'caption' => 'cnbc.com',
          'created_time' => '2017-01-07T10:55:42+0000',
          'name' => 'A rude car salesman did me a huge favor, says jazz icon Herbie Hancock',
          'id' => '97212224368_10155078233649369',
          'message' => 'Proof that inspiration can come from the most unlikely places.'
        };

Domain: cnbc.com

The Onion
-----------------------------

Opposing Views
-----------------------------

the Today Show
-----------------------------

Kotaku
-----------------------------

Washington Post
-----------------------------
$VAR1 = {
          'link' => 'https://www.washingtonpost.com/news/the-fix/wp/2017/01/06/the-most-important-lines-from-the-new-intelligence-report-on-russias-hacking/?utm_term=.29873650baa0%3Ftid%3Dsm_fb',
          'caption' => 'washingtonpost.com',
          'created_time' => '2017-01-07T11:00:00+0000',
          'name' => "The most important lines from the new intelligence report on Russia\x{2019}s hacking",
          'id' => '6250307292_10154626596962293',
          'message' => 'What the report says, and what it means politically.'
        };

Domain: washingtonpost.com
Response:
{"id":"1622501708043673_1640933289533848"}

the American Center for Law and Justice
-----------------------------

VICE News
-----------------------------
$VAR1 = {
          'link' => 'https://news.vice.com/story/school-choice-detroit-betsy-devos?utm_source=vicenewsfb',
          'caption' => 'news.vice.com',
          'created_time' => '2017-01-07T10:58:00+0000',
          'name' => "School choice gutted Detroit\x{2019}s public schools",
          'id' => '235852889908002_718141108345842',
          'message' => 'The rest of the country is next.'
        };

Domain: vice.com

PBS
-----------------------------
$VAR1 = {
          'link' => 'http://to.pbs.org/2iLUiD5',
          'caption' => 'pbs.org',
          'created_time' => '2017-01-07T11:00:00+0000',
          'name' => 'Column: Is the startup that calculates your expected salary gamification or Big Brother?',
          'id' => '19013582168_10154327588077169',
          'message' => 'Column: Is the startup that calculates your expected salary gamification or Big Brother? (From PBS NewsHour)'
        };

Domain: pbs.org
Response:
{"id":"1622501708043673_1640933359533841"}

Mother Jones
-----------------------------

HuffPost Good News
-----------------------------

BBC News
-----------------------------

Breaking News
-----------------------------

The Verge
-----------------------------

New York Magazine
-----------------------------

TIME
-----------------------------

the Business Insider
-----------------------------
$VAR1 = {
          'link' => 'http://read.bi/2hYZnny',
          'caption' => 'businessinsider.com',
          'created_time' => '2017-01-07T11:00:16+0000',
          'name' => 'This Silicon Valley startup wants to fix your nutrition with DNA tests and personalized meals',
          'id' => '20446254070_10154264772514071',
          'message' => 'Sign us up!'
        };

Domain: businessinsider.com

ThinkProgress
-----------------------------

POLITICO
-----------------------------

USA TODAY
-----------------------------
$VAR1 = {
          'link' => 'http://www.usatoday.com/story/tech/reviewedcom/2017/01/06/all-winners-ces-editors-choice-awards/96242674/',
          'caption' => 'usatoday.com',
          'created_time' => '2017-01-07T11:00:01+0000',
          'name' => 'All the winners for the CES Editors\' Choice awards',
          'id' => '13652355666_10154259020270667',
          'message' => 'For tech giants, a #CES2017 debut could make or break profitability. For startups, it\'s nothing less than dreams on the line.'
        };

Domain: usatoday.com
Response:
{"id":"1622501708043673_1640933442867166"}

American News
-----------------------------

ABC News
-----------------------------

HuffPost Politics
-----------------------------

NBC News
-----------------------------

AJ+
-----------------------------
$VAR1 = {
          'link' => 'https://www.facebook.com/thedodosite/videos/1017784338356241/',
          'created_time' => '2017-01-07T11:00:00+0000',
          'name' => 'The Dodo',
          'id' => '407570359384477_874242662717242',
          'message' => "This dog's brother protected her for days \x{2014} even from an oncoming train.

This. Is. Love. \x{2014}via The Dodo"
        };

Wikileaks
-----------------------------

CNNMoney
-----------------------------
$VAR1 = {
          'link' => 'http://cnnmon.ie/2ibfnU1',
          'caption' => 'money.cnn.com',
          'created_time' => '2017-01-07T10:50:00+0000',
          'name' => 'Even young women in the UK earn less than men',
          'id' => '6651543066_10154259537983067',
          'message' => 'Women who are just starting their careers are still paid 5% less than men doing the same job. http://cnnmon.ie/2ibfnU1'
        };

Domain: cnn.com
Response:
{"id":"1622501708043673_1640933546200489"}

ABC News Politics
-----------------------------

Right Wing News
-----------------------------

The Wall Street Journal
-----------------------------

MSNBC
-----------------------------

the Drudge Report
-----------------------------

Mic
-----------------------------

The Economist
-----------------------------
$VAR1 = {
          'link' => 'https://www.facebook.com/TheEconomist/videos/10154967003494060/',
          'created_time' => '2017-01-07T11:00:00+0000',
          'id' => '6013004059_10154967003494060',
          'message' => "Theresa Maybe, Britain's indecisive premier. This week\x{2019}s editorial"
        };

Bloomberg Politics
-----------------------------

CBS News
-----------------------------
$VAR1 = {
          'link' => 'http://cbsn.ws/2hYOZ3N',
          'caption' => 'www.cbsnews.com',
          'created_time' => '2017-01-07T11:00:02+0000',
          'name' => 'Dementia risk linked to living near busy roads',
          'id' => '131459315949_10154244041350950',
          'message' => 'Higher risk of Alzheimer\'s and other dementia linked to living near busy roads.'
        };

Domain: cbsnews.com
Response:
{"id":"1622501708043673_1640933722867138"}

The Young Turks
-----------------------------

Occupy Democrats
-----------------------------

CBC News
-----------------------------
$VAR1 = {
          'link' => 'http://www.cbc.ca/radio/day6/episode-319-becoming-kevin-o-leary-saving-shaker-music-google-renewables-marrying-robots-and-more-1.3921088/a-i-expert-david-levy-says-a-human-will-marry-a-robot-by-2050-1.3921101',
          'caption' => 'cbc.ca',
          'created_time' => '2017-01-07T11:00:00+0000',
          'name' => 'A.I. expert David Levy says a human will marry a robot by 2050',
          'id' => '5823419603_10155024559199604',
          'message' => 'They say love comes in many forms.'
        };

Newsweek
-----------------------------
$VAR1 = {
          'link' => 'http://www.newsweek.com/belarus-lukashenko-leads-scoresheet-international-hockey-cup-539527',
          'caption' => 'newsweek.com',
          'created_time' => '2017-01-07T10:48:00+0000',
          'name' => 'Belarus\'s President Lukashenko is dominating his own hockey tournament',
          'id' => '18343191100_10154762851791101',
          'message' => "Although he\x{2019}s nearing 24 years in charge of Belarus, strongman President Alexander Lukashenko showed his countrymen he has not lost step when it comes to hockey."
        };

Domain: newsweek.com

CNN International
-----------------------------

The New Yorker
-----------------------------

Rush Limbaugh
-----------------------------

The Independent
-----------------------------
$VAR1 = {
          'link' => 'https://www.facebook.com/TheIndependentOnline/videos/10154367367226636/',
          'created_time' => '2017-01-07T10:56:53+0000',
          'id' => '13312631635_10154367367226636',
          'message' => 'Little boy dressed up as Queen\'s guard gets birthday surprise'
        };

TheBlaze
-----------------------------

NPR Politics
-----------------------------

The New York Times
-----------------------------
$VAR1 = {
          'link' => 'https://www.facebook.com/nytimes/photos/a.283559809998.33779.5281959998/10151039190729999/?type=3',
          'created_time' => '2017-01-07T10:55:00+0000',
          'name' => 'Timeline Photos',
          'id' => '5281959998_10151039190729999',
          'message' => 'The Week in Pictures: A fisherman pulled in his catch on Dojran Lake, on the border of Greece and Macedonia. The lake had been drying out 15 years ago, but a new canal provided streams of water and the lake was reborn.

Photo: Georgi Licovski/European Pressphoto Agency'
        };

NPR
-----------------------------

MSN
-----------------------------
$VAR1 = {
          'link' => "http://msn.com/en-us/news/politics/trump-nominees\x{2019}-filings-threaten-to-overwhelm-federal-ethics-office/ar-BBxZz7Z?ocid=ob-fb-enus-280",
          'caption' => 'msn.com',
          'created_time' => '2017-01-07T10:59:21+0000',
          'name' => "Trump Nominees\x{2019} Filings Threaten to Overwhelm Federal Ethics Office",
          'id' => '49940376408_10154198543031409'
        };

Domain: msn.com

CNN Politics
-----------------------------

The Daily Show
-----------------------------

Daily Kos
-----------------------------

Yahoo News
-----------------------------

The Guardian
-----------------------------

CNN
-----------------------------

Slate.com
-----------------------------

the AP
-----------------------------

Sean Hannity
-----------------------------

The Ed Schultz Show
-----------------------------

The Atlantic
-----------------------------

Bloomberg
-----------------------------

BuzzFeed
-----------------------------

Fox News
-----------------------------

VICE
-----------------------------

Glenn Beck
-----------------------------

The Other 98%
-----------------------------


Total Posts Made:	6


