***********************************************************************************
Started at 09:15:01 on 00/25/2017
***********************************************************************************
Querying souces from the past 15 minutes....

Al Jazeera
-----------------------------

Upworthy
-----------------------------

The Huffington Post
-----------------------------
$VAR1 = {
          'link' => 'http://huff.to/2jwVFCU',
          'caption' => 'huffingtonpost.com',
          'created_time' => '2017-01-25T14:00:05+0000',
          'name' => 'Seth Meyers Is Sick Of Trump\'s False Voter Fraud Claims',
          'id' => '18468761129_10154645214986130',
          'message' => "\x{201c}Why do you keep lying about this? There is zero evidence for this claim.\"
\x{2014} Seth Meyers"
        };

Domain: huffingtonpost.com
Response:
{"id":"1622501708043673_1648093748817802"}

HuffPost Women
-----------------------------

PBS News Hour
-----------------------------

ATTN:
-----------------------------
$VAR1 = {
          'link' => 'http://www.attn.com/stories/14480/state-shows-what-insurance-without-obamacare-might-look?utm_source=facebook&utm_medium=post&utm_campaign=internal',
          'caption' => 'attn.com',
          'created_time' => '2017-01-25T14:04:30+0000',
          'name' => 'This State Just Showed Everyone What Your Insurance Without Obamacare Might Look Like',
          'id' => '160389977329803_1265254276843362',
          'message' => 'It\'s not pretty.'
        };

Domain: attn.com

Reuters
-----------------------------
$VAR1 = {
          'link' => 'http://reut.rs/2k35b4i',
          'caption' => 'www.reuters.com',
          'created_time' => '2017-01-25T14:05:08+0000',
          'name' => 'Trump seen boosting border agents, targeting those in U.S. illegally',
          'id' => '114050161948682_1372207336132952',
          'message' => 'U.S. President Donald Trump is expected to sign executive orders starting on Wednesday aimed at securing the U.S. border, cracking down on people in the United States illegally, and temporarily banning most refugees, two congressional aides said.'
        };

Domain: reuters.com

NowThis
-----------------------------

Daily Caller
-----------------------------
$VAR1 = {
          'link' => 'http://trib.al/Z1la7xJ',
          'caption' => 'smokeroom.com',
          'created_time' => '2017-01-25T14:11:48+0000',
          'name' => 'People Can\'t Stop Talking About This Photo Ivanka Trump Just Posted For A Reason',
          'id' => '182919686769_10154171651296770',
          'message' => 'Ivanka Trump just caught everyone\'s attention.'
        };

Domain: smokeroom.com
$VAR1 = {
          'link' => 'http://trib.al/wFJtZSs',
          'caption' => 'dailycaller.com',
          'created_time' => '2017-01-25T14:02:22+0000',
          'name' => 'White House Makes HUGE Announcement About March For Life [VIDEO]',
          'id' => '182919686769_10154171633171770',
          'message' => 'Sean Spicer shocked the pro-life crowd in less than a minute.'
        };

Domain: dailycaller.com

CNBC
-----------------------------

The Onion
-----------------------------
$VAR1 = {
          'link' => 'http://trib.al/DJ5Tqn4',
          'caption' => 'theonion.com',
          'created_time' => '2017-01-25T14:02:20+0000',
          'name' => 'Scientists Receive $10 Million Grant To Melt Stuff',
          'id' => '20950654496_10155081464419497',
          'message' => '"This funding will provide our researchers with the resources they need to put some junk over a really hot flame until it starts liquefying and gets all stretched out and stuff."'
        };

Domain: theonion.com

Opposing Views
-----------------------------
$VAR1 = {
          'link' => 'http://www.americanow.com/story/health/2017/01/24/health-experts-warn-against-these-dangerous-water-bottles',
          'caption' => 'americanow.com',
          'created_time' => '2017-01-25T14:00:50+0000',
          'name' => 'Whatever You Do, Don\'t Drink Or Buy This Water',
          'id' => '34226391050_10154459349351051',
          'message' => 'Do not drink or buy this water.'
        };

Domain: americanow.com

the Today Show
-----------------------------
$VAR1 = {
          'link' => 'http://www.today.com/series/starttoday/30-days-mindfulness-simple-daily-actions-increase-focus-t107301?cid=sm_fbn',
          'caption' => 'today.com',
          'created_time' => '2017-01-25T14:02:32+0000',
          'name' => '30 days of mindfulness: Simple daily actions to increase calm and focus',
          'id' => '12566691349_10154972397331350',
          'message' => 'Want to feel less stressed? Be more present? Have more time for others?

Then this plan is for you!'
        };

Domain: today.com

Kotaku
-----------------------------

Washington Post
-----------------------------
$VAR1 = {
          'link' => 'https://www.facebook.com/washingtonpost/videos/10154704179957293/',
          'created_time' => '2017-01-25T14:14:44+0000',
          'name' => 'Exclusive look at new items for astronauts',
          'id' => '6250307292_10154704179957293',
          'message' => 'Watch our Facebook Live at 11 a.m. ET: www.wapo.st/starliner 

We\'re heading to NASA\'s Kennedy Space Center as Boeing unveils new items that astronauts will use for their voyage to the International Space Station. Send us your questions.'
        };

the American Center for Law and Justice
-----------------------------

VICE News
-----------------------------

PBS
-----------------------------

Mother Jones
-----------------------------

HuffPost Good News
-----------------------------

BBC News
-----------------------------

Breaking News
-----------------------------

The Verge
-----------------------------

New York Magazine
-----------------------------
$VAR1 = {
          'link' => 'http://nym.ag/2jRj3vW',
          'caption' => 'nymag.com',
          'created_time' => '2017-01-25T14:02:21+0000',
          'name' => "Ask Polly: My Boyfriend\x{2019}s Friends Don\x{2019}t Like Me!",
          'id' => '14516439825_10154997780749826',
          'message' => "\"My boyfriend and I frequently fight about the disconnect between his friends\x{2019} girlfriends and me.\""
        };

Domain: nymag.com

TIME
-----------------------------
$VAR1 = {
          'link' => 'https://pen.live/2jntLvK',
          'caption' => 'time.com',
          'created_time' => '2017-01-25T14:01:07+0000',
          'name' => '10 Easy Exercises You Can Do at Work',
          'id' => '10606591490_10154384148606491',
          'message' => 'You don\'t even have to leave your desk.'
        };

Domain: time.com

the Business Insider
-----------------------------
$VAR1 = {
          'link' => 'http://www.businessinsider.com/taco-bells-naked-chicken-chalupa-review-2017-1',
          'caption' => 'businessinsider.com',
          'created_time' => '2017-01-25T14:10:03+0000',
          'name' => "We tried Taco Bell's controversial new fried chicken chalupa shell \x{2014} and it's shockingly good",
          'id' => '20446254070_10154324625859071',
          'message' => 'This is it: the long-awaited Naked Chicken Chalupa from Taco Bell is here.'
        };

Domain: businessinsider.com

ThinkProgress
-----------------------------
$VAR1 = {
          'link' => 'https://thinkprogress.org/a-few-days-into-trumps-presidency-experts-see-authoritarian-red-flags-baf2271e3503#.n897p354o',
          'caption' => 'thinkprogress.org',
          'created_time' => '2017-01-25T14:01:54+0000',
          'name' => "Experts in authoritarianism are very concerned about Trump\x{2019}s first few days as president",
          'id' => '200137333331078_1515134128498052',
          'message' => "\x{201c}There is no doubt he is an authoritarian, which is completely logical because he has always worked in a structure in which he has absolute power and to me that is clear in his understanding that he sees politics as a business.\x{201d}"
        };

Domain: thinkprogress.org
Response:
{"id":"1622501708043673_1648094122151098"}

POLITICO
-----------------------------
$VAR1 = {
          'link' => 'http://politi.co/2jwy3OT',
          'caption' => 'politi.co',
          'created_time' => '2017-01-25T14:00:47+0000',
          'name' => 'Hidden stars: Melania and Ivanka Trump are well-liked, poll finds',
          'id' => '62317591679_10154231697486680',
          'message' => 'Their numbers are much better than the president\'s.'
        };

Domain: politi.co

Alias: politico.com
Response:
{"id":"1622501708043673_1648094545484389"}

USA TODAY
-----------------------------
$VAR1 = {
          'link' => 'http://www.usatoday.com/story/money/2017/01/25/elon-musk-the-boring-company-tunnels/97030778/',
          'caption' => 'usatoday.com',
          'created_time' => '2017-01-25T14:11:42+0000',
          'name' => 'Elon Musk might actually be serious about boring tunnels under Los Angeles',
          'id' => '13652355666_10154338193780667',
          'message' => 'This is not a drill.'
        };

Domain: usatoday.com
Response:
{"id":"1622501708043673_1648094728817704"}

American News
-----------------------------

ABC News
-----------------------------
$VAR1 = {
          'link' => 'http://abcn.ws/2jZsUCa',
          'caption' => 'abcnews.go.com',
          'created_time' => '2017-01-25T14:06:59+0000',
          'name' => 'Politicians, Celebrities Slam Trump\'s Pipeline Orders',
          'id' => '86680728811_10155310556858812',
          'message' => 'From Jane Fonda to Bernie Sanders, public figures slam Pres. Donald J. Trump\'s new memorandums aimed at advancing Keystone XL and Dakota Access pipelines.'
        };

Domain: go.com
Response:
{"id":"1622501708043673_1648094838817693"}

HuffPost Politics
-----------------------------
$VAR1 = {
          'link' => 'http://huff.to/2kq8Ju3',
          'caption' => 'm.huffpost.com',
          'created_time' => '2017-01-25T14:01:07+0000',
          'name' => 'Jailed Activist Alleges Inmates Are Being Mistreated And Neglected At New York Prison',
          'id' => '56845382910_10154743177722911',
          'message' => '"Let us remember that human rights are not privileges, and further, inmates like former cop N, are afforded due process and therefor are innocent until proven guilty."'
        };

Domain: huffpost.com

NBC News
-----------------------------

AJ+
-----------------------------

Wikileaks
-----------------------------

CNNMoney
-----------------------------
$VAR1 = {
          'link' => 'http://cnnmon.ie/2ji3C1m',
          'caption' => 'money.cnn.com',
          'created_time' => '2017-01-25T14:05:03+0000',
          'name' => 'Zevia CEO Paddy Spence on being the scrappy underdog',
          'id' => '6651543066_10154316133733067',
          'message' => 'Don\'t let his preppy looks, CEO title and Harvard pedigree fool you, Zevia CEO Paddy Spence was not born with a silver spoon in his mouth. Here\'s his American success story.
http://cnnmon.ie/2ji3C1m'
        };

Domain: cnn.com
Response:
{"id":"1622501708043673_1648095195484324"}

ABC News Politics
-----------------------------

Right Wing News
-----------------------------

The Wall Street Journal
-----------------------------
$VAR1 = {
          'created_time' => '2017-01-25T14:04:43+0000',
          'id' => '8304333127_10155354403793128',
          'message' => 'Lunch Break with Tanya Rivero:'
        };

MSNBC
-----------------------------

the Drudge Report
-----------------------------

Mic
-----------------------------

The Economist
-----------------------------
$VAR1 = {
          'link' => 'http://econ.st/2keojJN',
          'caption' => 'economist.com',
          'created_time' => '2017-01-25T14:07:40+0000',
          'name' => 'Investors hoped for "Trump lite" but they are getting the darker "Donnie Darko" version as well',
          'id' => '6013004059_10155032719609060',
          'message' => 'There is enough disquiet in the financial sector about Trump\'s rhetoric to suggest that markets may be easily spooked'
        };

Domain: economist.com
Response:
{"id":"1622501708043673_1648095318817645"}

Bloomberg Politics
-----------------------------

CBS News
-----------------------------

The Young Turks
-----------------------------
$VAR1 = {
          'link' => 'https://www.facebook.com/TheYoungTurks/videos/10154308044894205/',
          'created_time' => '2017-01-25T14:02:22+0000',
          'name' => "Will Betsy DeVos Turn Public Schools Into \x{201c}God\x{2019}s Kingdom\x{201d}?",
          'id' => '210277954204_10154308044894205',
          'message' => "Will Betsy DeVos turn public schools into \x{201c}God\x{2019}s Kingdom\x{201d}?"
        };

Occupy Democrats
-----------------------------
$VAR1 = {
          'link' => 'https://www.facebook.com/OccupyDemocrats/photos/a.347907068635687.81180.346937065399354/1402487119844338/?type=3',
          'created_time' => '2017-01-25T14:00:32+0000',
          'name' => 'Timeline Photos',
          'id' => '346937065399354_1402487119844338',
          'message' => 'We need to get money out of politics once and for all.

Read more here: http://bit.ly/2jnkDqR
Image by Occupy Democrats, LIKE our page for more!'
        };

CBC News
-----------------------------
$VAR1 = {
          'link' => 'http://www.cbc.ca/news/politics/grenier-trudeau-approval-history-1.3950007?cmp=rss',
          'caption' => 'cbc.ca',
          'created_time' => '2017-01-25T14:05:09+0000',
          'name' => 'How Justin Trudeau\'s sliding approval ratings compare to past PMs',
          'id' => '5823419603_10155091301654604',
          'message' => "Justin Trudeau's dropping approval ratings are typical of past prime ministers, says CBC poll analyst \x{c9}ric Grenier."
        };

Newsweek
-----------------------------
$VAR1 = {
          'link' => 'http://www.newsweek.com/ryan-learns-love-trump-547766',
          'caption' => 'newsweek.com',
          'created_time' => '2017-01-25T14:06:28+0000',
          'name' => 'How Paul Ryan learned to love Donald Trump',
          'id' => '18343191100_10154822163716101',
          'message' => 'Paul Ryan and Donald Trump used to feud. They don\'t any longer.'
        };

Domain: newsweek.com

CNN International
-----------------------------
$VAR1 = {
          'link' => 'https://www.facebook.com/cnninternational/videos/10154943523249641/',
          'created_time' => '2017-01-25T14:00:54+0000',
          'name' => 'Sharks are swarming Israel\'s coast',
          'id' => '18793419640_10154943523249641',
          'message' => 'We\'re gonna need a bigger boat'
        };

The New Yorker
-----------------------------
$VAR1 = {
          'link' => 'http://nyer.cm/SI5QkXC',
          'caption' => 'newyorker.com',
          'created_time' => '2017-01-25T14:15:07+0000',
          'name' => "Donald Trump\x{2019}s New World Disorder",
          'id' => '9258148868_10154413698183869',
          'message' => 'The question, now that Donald J. Trump has junked the T.P.P., is how will he deal with Beijing?'
        };

Domain: newyorker.com
Response:
{"id":"1622501708043673_1648095402150970"}

Rush Limbaugh
-----------------------------

The Independent
-----------------------------

TheBlaze
-----------------------------

NPR Politics
-----------------------------

The New York Times
-----------------------------

NPR
-----------------------------
$VAR1 = {
          'link' => 'http://www.npr.org/2017/01/25/511480146/california-eyes-climate-leadership-role-but-trumps-epa-holds-a-key-on-cars?utm_source=facebook.com&utm_medium=social&utm_campaign=npr&utm_term=nprnews&utm_content=20170125',
          'caption' => 'npr.org',
          'created_time' => '2017-01-25T14:04:03+0000',
          'name' => 'California Eyes Climate Leadership Role, But Trump\'s EPA Holds A Key On Cars',
          'id' => '10643211755_10155231499656756',
          'message' => '"We got the lawyers, and we\'re ready to fight. We\'re ready to defend," said California Gov. Jerry Brown.'
        };

Domain: npr.org
Response:
{"id":"1622501708043673_1648095465484297"}

MSN
-----------------------------
$VAR1 = {
          'link' => "http://msn.com/en-us/news/politics/trump-seeks-\x{2018}major-investigation\x{2019}-into-unsupported-claims-of-voter-fraud/ar-AAmejnl?ocid=ob-fb-enus-280",
          'caption' => 'msn.com',
          'created_time' => '2017-01-25T14:04:20+0000',
          'name' => "Trump seeks \x{2018}major investigation\x{2019} into unsupported claims of voter fraud",
          'id' => '49940376408_10154252613901409'
        };

Domain: msn.com

CNN Politics
-----------------------------

The Daily Show
-----------------------------

Daily Kos
-----------------------------
$VAR1 = {
          'link' => 'http://www.dailykos.com/stories/2017/1/25/1624866/-American-lockdown-Trump-curtails-immigration-and-begins-wall?detail=facebook',
          'caption' => 'dailykos.com',
          'created_time' => '2017-01-25T14:06:54+0000',
          'name' => "American lockdown\x{2014}Trump curtails immigration and begins wall",
          'id' => '43179984254_10155108534009255',
          'message' => 'This will not end well.'
        };

Domain: dailykos.com
Response:
{"id":"1622501708043673_1648095528817624"}

Yahoo News
-----------------------------
$VAR1 = {
          'link' => 'https://yhoo.it/2jRhzle',
          'caption' => 'yahoo.com',
          'created_time' => '2017-01-25T14:00:53+0000',
          'name' => 'Trump administration tells EPA to cut climate page from website',
          'id' => '338028696036_10155159244361037',
          'message' => '"If the website goes dark, years of work we have done on climate change will disappear."'
        };

Domain: yahoo.com
Response:
{"id":"1622501708043673_1648095592150951"}

The Guardian
-----------------------------

CNN
-----------------------------
$VAR1 = {
          'link' => 'http://cnn.it/2kiyT2v',
          'caption' => 'www.cnn.com',
          'created_time' => '2017-01-25T14:00:09+0000',
          'name' => 'The many challenges facing Trump\'s wall',
          'id' => '5550296508_10155969887801509',
          'message' => 'Donald J. Trump will order the US-Mexico border wall today. But it\'s not that simple.'
        };

Domain: cnn.com
Response:
{"id":"1622501708043673_1648095652150945"}

Slate.com
-----------------------------
$VAR1 = {
          'link' => 'http://slate.me/2kqQnZK',
          'caption' => 'slate.com',
          'created_time' => '2017-01-25T14:00:27+0000',
          'name' => "Trump Didn\x{2019}t Just Reinstate the Global Gag Rule. He Massively Expanded It.",
          'id' => '21516776437_10154806378561438',
          'message' => "It\x{2019}s the global gag rule \x{201c}on steroids.\x{201d}"
        };

Domain: slate.com
Response:
{"id":"1622501708043673_1648095792150931"}

the AP
-----------------------------

Sean Hannity
-----------------------------

The Ed Schultz Show
-----------------------------

The Atlantic
-----------------------------

Bloomberg
-----------------------------

BuzzFeed
-----------------------------

Fox News
-----------------------------

VICE
-----------------------------
$VAR1 = {
          'link' => 'http://i-d.vice.com/en_gb/article/paris-jackson-michael-jackson-murder-interview-rolling-stone?utm_source=idfbuk&utm_campaign=global',
          'caption' => 'i-d.vice.com',
          'created_time' => '2017-01-25T14:06:03+0000',
          'name' => "Paris Jackson Opens Up About Sexual Abuse, Racial Identity, Depression and Her Father\x{2019}s Alleged Murder",
          'id' => '167115176655082_1541178015915451',
          'message' => 'Michael Jackson\'s only daughter speaks out for the first time.'
        };

Domain: vice.com

Glenn Beck
-----------------------------

The Other 98%
-----------------------------


Total Posts Made:	13


