***********************************************************************************
Started at 16:15:02 on 00/05/2017
***********************************************************************************
Querying souces from the past 15 minutes....

Al Jazeera
-----------------------------

Upworthy
-----------------------------

The Huffington Post
-----------------------------
$VAR1 = {
          'link' => 'http://huff.to/2hWz0So',
          'created_time' => '2017-01-05T21:15:00+0000',
          'name' => 'HuffPost Latino Voices',
          'id' => '18468761129_10154581818791130'
        };
$VAR1 = {
          'link' => 'http://huff.to/2iJ1Zba',
          'caption' => 'huffingtonpost.com',
          'created_time' => '2017-01-05T21:00:19+0000',
          'name' => "Kim Burrell\x{2019}s Radio Show Cancelled Following Homophobic Rant",
          'id' => '18468761129_10154582387146130',
          'message' => 'What goes around comes around, girl.'
        };

Domain: huffingtonpost.com
Response:
{"id":"1622501708043673_1640422489584928"}

HuffPost Women
-----------------------------
$VAR1 = {
          'link' => 'https://www.facebook.com/HuffPostWomen/photos/a.196854310382630.47501.153213781413350/1264638436937540/?type=3',
          'created_time' => '2017-01-05T21:01:26+0000',
          'name' => 'Timeline Photos',
          'id' => '153213781413350_1264638436937540',
          'message' => 'Happy birthday Diane Keaton!'
        };

PBS News Hour
-----------------------------
$VAR1 = {
          'link' => 'http://www.pbs.org/newshour/rundown/trump-selects-former-ex-sen-dan-coats-director-national-intelligence/',
          'caption' => 'pbs.org',
          'created_time' => '2017-01-05T21:05:00+0000',
          'name' => 'AP source: Trump selects former Sen. Dan Coats as director of national intelligence',
          'id' => '6491828674_10154947696398675',
          'message' => 'Coats is a conservative who spent 16 years in the Senate. He announced his retirement last year and did not seek re-election.'
        };

Domain: pbs.org
Response:
{"id":"1622501708043673_1640422552918255"}

ATTN:
-----------------------------

Reuters
-----------------------------

NowThis
-----------------------------

Daily Caller
-----------------------------

CNBC
-----------------------------
$VAR1 = {
          'created_time' => '2017-01-05T21:03:36+0000',
          'id' => '97212224368_10155073452749369',
          'message' => 'Arnold Donald grew up in poverty-stricken New Orleans before mastering engineering and economics and running the world\'s biggest cruise ship operator. He\'s the CEO of Carnival Cruise Line. Ask him anything below!'
        };

The Onion
-----------------------------
$VAR1 = {
          'link' => 'https://www.facebook.com/TheOnion/videos/10155013134524497/',
          'created_time' => '2017-01-05T21:01:42+0000',
          'id' => '20950654496_10155013134524497',
          'message' => 'How To Stick To Your New Year\'s Resolutions'
        };

Opposing Views
-----------------------------
$VAR1 = {
          'link' => 'http://www.americanow.com/story/society/2016/11/30/man-finds-women-skinny-dipping-has-hilarious-response?fb=abc',
          'caption' => 'americanow.com',
          'created_time' => '2017-01-05T21:09:04+0000',
          'name' => 'Guy Has Unexpected Reaction To Finding Women Skinny-Dipping In His Pond',
          'id' => '34226391050_10154403562146051',
          'message' => 'This guy had a perfect response when he found women skinny-dipping in his pond.'
        };

Domain: americanow.com

the Today Show
-----------------------------
$VAR1 = {
          'link' => 'http://www.today.com/health/woman-loses-124-pounds-after-snapping-selfie-day-keep-motivated-t100901',
          'caption' => 'today.com',
          'created_time' => '2017-01-05T21:04:00+0000',
          'name' => "After tragedy, food was her comfort. How she lost 124 pounds and \x{2018}healed\x{2019}",
          'id' => '12566691349_10154906136356350',
          'message' => '"A little \'secret\' I\'ve come to realize. It\'s NOT about losing the weight. It\'s about truly transforming your life. Take risks. Do the work."'
        };

Domain: today.com

Kotaku
-----------------------------
$VAR1 = {
          'link' => 'http://trib.al/xiqC4wl',
          'caption' => 'kotaku.com',
          'created_time' => '2017-01-05T21:05:10+0000',
          'name' => 'Hey There Tank Girl',
          'id' => '273824104039_10154998334164040',
          'message' => 'Nice art.'
        };

Domain: kotaku.com

Washington Post
-----------------------------

the American Center for Law and Justice
-----------------------------

VICE News
-----------------------------
$VAR1 = {
          'link' => 'https://news.vice.com/story/us-cyber-command-chief-says-agents-could-quit-in-droves-if-trump-keeps-mocking-them?utm_source=vicenewsfb',
          'caption' => 'news.vice.com',
          'created_time' => '2017-01-05T21:05:00+0000',
          'name' => 'US Cyber Command chief says agents could quit in droves if Trump keeps mocking them',
          'id' => '235852889908002_717353671757919',
          'message' => "The Cyber Command chief said Trump could cause \x{201c}a situation where our workforce decides to walk.\x{201d}"
        };

Domain: vice.com

PBS
-----------------------------

Mother Jones
-----------------------------

HuffPost Good News
-----------------------------

BBC News
-----------------------------
$VAR1 = {
          'link' => 'https://www.facebook.com/bbcnews/videos/10154278626797217/',
          'created_time' => '2017-01-05T21:09:02+0000',
          'name' => 'What does the future hold for Guantanamo?',
          'id' => '228735667216_10154278626797217',
          'message' => 'President Obama has failed to close the Guantanamo Bay detention camp.  What will President Donald J. Trump do?'
        };

Breaking News
-----------------------------

The Verge
-----------------------------
$VAR1 = {
          'link' => 'http://www.theverge.com/ces/2017/1/5/14181466/t-mobile-ceo-sprint-merger-potential-outcome-trump',
          'caption' => 'theverge.com',
          'created_time' => '2017-01-05T21:13:25+0000',
          'name' => 'T-Mobile CEO says Sprint merger is a "potential outcome" under Trump',
          'id' => '193742123995472_1307657209270619',
          'message' => "John Legere will \x{2018}consider various forms of consolidation\x{2019}."
        };

Domain: theverge.com

New York Magazine
-----------------------------
$VAR1 = {
          'link' => 'http://nym.ag/2iN7doH',
          'caption' => 'nymag.com',
          'created_time' => '2017-01-05T21:07:00+0000',
          'name' => 'Florida AG Who Dropped Case Against Trump Is Expected to Get White House Job',
          'id' => '14516439825_10154928338619826',
          'message' => 'Pam Bondi will reportedly take a job in the Trump White House.'
        };

Domain: nymag.com

TIME
-----------------------------
$VAR1 = {
          'link' => 'http://ti.me/2hVX1Wa',
          'caption' => 'time.com',
          'created_time' => '2017-01-05T21:00:23+0000',
          'name' => 'The Body Image Epidemic Facing Men',
          'id' => '10606591490_10154323720581491',
          'message' => "As the ideal man grows more muscular, men stuck in the real world with real bodies are growing less satisfied with theirs\x{2014}with potentially dangerous medical consequences."
        };

Domain: time.com

the Business Insider
-----------------------------
$VAR1 = {
          'link' => 'http://www.businessinsider.com/von-miller-fined-15000-for-farting-2017-1',
          'created_time' => '2017-01-05T21:10:00+0000',
          'name' => 'Business Insider: Sports',
          'id' => '20446254070_10154260051949071',
          'message' => 'Ew.'
        };
$VAR1 = {
          'link' => 'http://read.bi/2iNbkB6',
          'caption' => 'businessinsider.com',
          'created_time' => '2017-01-05T21:00:34+0000',
          'name' => 'PAUL RYAN: GOP will \'defund\' Planned Parenthood when it repeals Obamacare',
          'id' => '20446254070_10154260599244071',
          'message' => 'Hmmm...'
        };

Domain: businessinsider.com

ThinkProgress
-----------------------------
$VAR1 = {
          'link' => 'https://thinkprogress.org/wapo-false-report-is-not-fake-news-30b5c9c89368#.fckf29a1v',
          'caption' => 'thinkprogress.org',
          'created_time' => '2017-01-05T21:15:00+0000',
          'name' => "The Washington Post published a false story, but it\x{2019}s not fake news",
          'id' => '200137333331078_1491234040888061',
          'message' => 'Journalists screw up often. That\'s not the same as fake news.'
        };

Domain: thinkprogress.org
Response:
{"id":"1622501708043673_1640422669584910"}

POLITICO
-----------------------------

USA TODAY
-----------------------------

American News
-----------------------------

ABC News
-----------------------------

HuffPost Politics
-----------------------------
$VAR1 = {
          'link' => 'http://huff.to/2iUk45x',
          'caption' => 'm.huffpost.com',
          'created_time' => '2017-01-05T21:02:00+0000',
          'name' => "Democrats Want To Investigate Whether Trump\x{2019}s Top Health Pick \x{2018}Broke The Law\x{2019}",
          'id' => '56845382910_10154676367482911',
          'message' => 'Here comes trouble.'
        };

Domain: huffpost.com

NBC News
-----------------------------
$VAR1 = {
          'link' => 'http://nbcnews.to/2iJabIn',
          'caption' => 'nbcnews.com',
          'created_time' => '2017-01-05T21:15:08+0000',
          'name' => 'Former Fox News anchor Greta Van Susteren to join MSNBC',
          'id' => '155869377766434_1655234714496552',
          'message' => 'Van Susteren hosted the Fox News Channel show "On the Record" for 14 years. Previously, she served as a legal analyst and anchor at CNN for more than a decade.'
        };

Domain: nbcnews.com
Response:
{"id":"1622501708043673_1640422716251572"}

AJ+
-----------------------------

Wikileaks
-----------------------------

CNNMoney
-----------------------------
$VAR1 = {
          'link' => 'http://cnnmon.ie/2iGeCWh',
          'caption' => 'money.cnn.com',
          'created_time' => '2017-01-05T21:15:01+0000',
          'name' => 'Toyota to Trump: Mexico plant won\'t cause US job losses',
          'id' => '6651543066_10154255815938067',
          'message' => 'President-elect Donald J. Trump Tweeted that Toyota should drop plans to produce its popular compact model in Mexico. http://cnnmon.ie/2iGeCWh'
        };

Domain: cnn.com
Response:
{"id":"1622501708043673_1640422819584895"}
$VAR1 = {
          'link' => 'http://cnnmon.ie/2hDd540',
          'caption' => 'www.aol.com',
          'created_time' => '2017-01-05T21:05:04+0000',
          'name' => '10 things that make your job interviewer think you\'re a liar',
          'id' => '6651543066_10154255781903067',
          'message' => 'Avoid these phrases and questions if you don\'t want to sound dishonest during a job interview. http://cnnmon.ie/2hDd540 via AOL Finance'
        };

Domain: aol.com

ABC News Politics
-----------------------------
$VAR1 = {
          'link' => 'http://abcn.ws/2iIPwEi',
          'caption' => 'abcnews.go.com',
          'created_time' => '2017-01-05T21:01:47+0000',
          'name' => 'Ex-Senator Leading Candidate for Director of National Intelligence',
          'id' => '184096565021911_1144743558957202',
          'message' => "Former Sen. Dan Coats of Indiana is a leading candidate for Director of National Intelligence in Donald J. Trump\x{2019}s administration, according to three senior Trump transition officials."
        };

Domain: go.com
Response:
{"id":"1622501708043673_1640422879584889"}

Right Wing News
-----------------------------

The Wall Street Journal
-----------------------------
$VAR1 = {
          'link' => 'http://on.wsj.com/2iGeEgG',
          'caption' => 'wsj.com',
          'created_time' => '2017-01-05T21:00:12+0000',
          'name' => 'Ability to Recognize Faces Grows With Age, Study Finds',
          'id' => '8304333127_10155236617233128',
          'message' => 'New research suggests that brain areas involved in recognizing faces grow as children develop and that the growth spurt may heighten our face-recognition faculties.'
        };

Domain: wsj.com
Response:
{"id":"1622501708043673_1640422952918215"}

MSNBC
-----------------------------

the Drudge Report
-----------------------------

Mic
-----------------------------
$VAR1 = {
          'link' => 'http://mic.com/articles/164485/gop-plans-to-defund-planned-parenthood-along-with-obamacare-repeal?utm_source=policymicFB&utm_medium=main&utm_campaign=social',
          'caption' => 'mic.com',
          'created_time' => '2017-01-05T21:02:13+0000',
          'name' => 'Paul Ryan: GOP will defund Planned Parenthood',
          'id' => '174742062548592_1353848721304581',
          'message' => "In the same bill, Republicans plan to defund Planned Parenthood and repeal Obamacare \x{2014} which could leave thousands of women with no healthcare at all."
        };

Domain: mic.com

The Economist
-----------------------------

Bloomberg Politics
-----------------------------
$VAR1 = {
          'link' => 'http://bloom.bg/2jfWtja',
          'caption' => 'bloomberg.com',
          'created_time' => '2017-01-05T21:14:49+0000',
          'name' => "How Ryan and Trump\x{2019}s Uneasy Peace Could Quickly Fall Apart",
          'id' => '1481073582140028_1864069543840428',
          'message' => 'All eyes are on Paul Ryan.'
        };

Domain: bloomberg.com
Response:
{"id":"1622501708043673_1640423039584873"}

CBS News
-----------------------------
$VAR1 = {
          'link' => 'http://cbsn.ws/2iNh6m5',
          'caption' => 'www.cbsnews.com',
          'created_time' => '2017-01-05T21:12:07+0000',
          'name' => 'Nicki Minaj and Meek Mill are over',
          'id' => '131459315949_10154240025610950',
          'message' => 'The two began dating in 2015 and dodged engagement rumors in April 2016.'
        };

Domain: cbsnews.com
Response:
{"id":"1622501708043673_1640423109584866"}

The Young Turks
-----------------------------
$VAR1 = {
          'link' => 'https://www.facebook.com/TheYoungTurks/videos/10154265731554205/',
          'created_time' => '2017-01-05T21:03:33+0000',
          'id' => '210277954204_10154265731554205',
          'message' => 'Cenk Uygur talking about revolution in Vegas'
        };

Occupy Democrats
-----------------------------

CBC News
-----------------------------

Newsweek
-----------------------------

CNN International
-----------------------------

The New Yorker
-----------------------------
$VAR1 = {
          'link' => 'http://nyer.cm/l3s3XTo',
          'caption' => 'newyorker.com',
          'created_time' => '2017-01-05T21:00:35+0000',
          'name' => '2016: The Year in Cartoons',
          'id' => '9258148868_10154355883578869',
          'message' => 'From the Olympics to the election, 2016 was a great year for our cartoonists.'
        };

Domain: newyorker.com
Response:
{"id":"1622501708043673_1640423209584856"}

Rush Limbaugh
-----------------------------

The Independent
-----------------------------
$VAR1 = {
          'link' => 'http://www.independent.co.uk/news/world/asia/japan-dolphin-hunt-taiji-escape-dolphinbase-animal-rights-a7510456.html?cmpid=facebook-post',
          'caption' => 'independent.co.uk',
          'created_time' => '2017-01-05T21:01:01+0000',
          'name' => 'Four dolphins escape from Japanese sea park',
          'id' => '13312631635_10154361772901636',
          'message' => 'Japan kills scores of dolphins every year'
        };

Domain: independent.co.uk

TheBlaze
-----------------------------
$VAR1 = {
          'link' => 'http://www.theblaze.com/news/2017/01/05/paul-ryan-obamacare-repeal-bill-will-also-accomplish-another-major-conservative-objective/',
          'caption' => 'www.theblaze.com',
          'created_time' => '2017-01-05T21:01:12+0000',
          'name' => 'Paul Ryan: Obamacare repeal bill will also accomplish another major conservative objective',
          'id' => '140738092630206_1328319333872070',
          'message' => 'And not a moment too soon.'
        };

Domain: theblaze.com
Response:
{"id":"1622501708043673_1640423456251498"}

NPR Politics
-----------------------------
$VAR1 = {
          'link' => 'http://www.npr.org/2017/01/05/508018599/push-to-transfer-federal-lands-to-states-has-sportsmen-on-edge',
          'caption' => 'npr.org',
          'created_time' => '2017-01-05T21:03:01+0000',
          'name' => 'Push To Transfer Federal Lands To States Has Sportsmen On Edge',
          'id' => '1604383669807606_1840949269484377',
          'message' => 'Wyoming has become a flash point in the debate over whether hundreds of millions of acres of federal public lands should be turned over to state hands.'
        };

Domain: npr.org
Response:
{"id":"1622501708043673_1640423532918157"}

The New York Times
-----------------------------

NPR
-----------------------------
$VAR1 = {
          'link' => 'http://projects.scpr.org/broke/?utm_source=Facebook&utm_medium=Social&utm_campaign=FBKPCC6917',
          'caption' => 'projects.scpr.org',
          'created_time' => '2017-01-05T21:09:01+0000',
          'name' => 'Broke: Why more California families are becoming homeless',
          'id' => '10643211755_10155158972491756',
          'message' => "\"I wouldn't wish this on my worst enemy, the situation of being homeless,\" says Tandra Dixon, a mother of five who was homeless for more than two years. \"Especially when you have kids. Because they suffer worse than you do.\x{201c}"
        };

Domain: scpr.org

MSN
-----------------------------

CNN Politics
-----------------------------
$VAR1 = {
          'link' => 'http://cnn.it/2ifRKcZ',
          'caption' => 'www.cnn.com',
          'created_time' => '2017-01-05T21:01:01+0000',
          'name' => 'US puts Osama Bin Laden son on terror watch list',
          'id' => '219367258105115_1437399812968514',
          'message' => 'The State Department says that Hamza bin Laden was officially announced by al Qaeda senior leader Ayman al-Zawahiri as a member of the terror organization in 2015.'
        };

Domain: cnn.com
Response:
{"id":"1622501708043673_1640423616251482"}

The Daily Show
-----------------------------

Daily Kos
-----------------------------
$VAR1 = {
          'link' => 'http://www.dailykos.com/story/2017/01/05/1617345/-Republicans-are-renewing-their-war-on-pornography?detail=facebook',
          'caption' => 'dailykos.com',
          'created_time' => '2017-01-05T21:10:00+0000',
          'name' => 'Republicans are renewing their war on pornography',
          'id' => '43179984254_10155040011644255',
          'message' => "Funny how pornography normalizes sexual assault, but electing a man who has bragged about sexual assault somehow doesn\x{2019}t."
        };

Domain: dailykos.com
Response:
{"id":"1622501708043673_1640423746251469"}

Yahoo News
-----------------------------
$VAR1 = {
          'link' => 'https://www.facebook.com/yahoonews/videos/10154058218875894/',
          'created_time' => '2017-01-05T21:13:04+0000',
          'name' => 'Bo Bice is not happy about Popeye\'s',
          'id' => '338028696036_10154058218875894',
          'message' => "Former American Idol finalist Bo Bice complained about a recent experience at Popeyes Louisiana Kitchen on an Atlanta newscast \x{2014} is this racism?"
        };

The Guardian
-----------------------------

CNN
-----------------------------

Slate.com
-----------------------------

the AP
-----------------------------

Sean Hannity
-----------------------------

The Ed Schultz Show
-----------------------------

The Atlantic
-----------------------------

Bloomberg
-----------------------------

BuzzFeed
-----------------------------
$VAR1 = {
          'link' => 'https://www.facebook.com/BuzzFeedVideo/videos/2123787291095475/',
          'created_time' => '2017-01-05T21:00:28+0000',
          'name' => 'For Anyone Who Says You Shouldn\'t Rescue A Dog...',
          'id' => '1318800798260799_2123787291095475',
          'message' => 'For Anyone Who Says You Shouldn\'t Rescue A Dog...'
        };

Fox News
-----------------------------
$VAR1 = {
          'link' => 'https://www.facebook.com/FoxNews/photos/a.184044921335.134777.15704546335/10154970748396336/?type=3',
          'created_time' => '2017-01-05T21:13:03+0000',
          'name' => 'Timeline Photos',
          'id' => '15704546335_10154970748396336',
          'message' => "PHOTO: Here are the suspects charged with a hate crime for torturing and yelling \x{201c}\"F--- white people!\" at mentally disabled man. http://fxn.ws/2hX3PGm"
        };
$VAR1 = {
          'link' => 'https://www.facebook.com/FoxNews/videos/10154970674916336/',
          'created_time' => '2017-01-05T21:01:58+0000',
          'id' => '15704546335_10154970674916336',
          'message' => "\x{201c}He was bloody. He was battered.\x{201d}

Chicago Police Officer Donnelly described the moment he encountered a mentally-disabled man who is believed to have been beaten by a group who streamed the horrifying attack online. http://bit.ly/2hVX5Fw"
        };

VICE
-----------------------------

Glenn Beck
-----------------------------

The Other 98%
-----------------------------


Total Posts Made:	14


