***********************************************************************************
Started at 00:30:01 on 11/28/2016
***********************************************************************************
Querying souces from the past 15 minutes....

Al Jazeera
-----------------------------

Upworthy
-----------------------------

The Huffington Post
-----------------------------

HuffPost Women
-----------------------------

PBS News Hour
-----------------------------

ATTN:
-----------------------------
$VAR1 = {
          'link' => 'http://www.attn.com/stories/13846/comic-nails-misconceptions-of-polyamorous-relationships?utm_source=facebook&utm_medium=post&utm_campaign=internal',
          'caption' => 'attn.com',
          'created_time' => '2016-12-28T05:24:00+0000',
          'name' => 'This Comic Nails Why People in Polyamorous Relationships Are Not \'Selfish\'',
          'id' => '160389977329803_1240812582620865',
          'message' => 'Do you think dating more than one person is selfish?'
        };

Domain: attn.com

Reuters
-----------------------------

NowThis
-----------------------------

Daily Caller
-----------------------------
$VAR1 = {
          'link' => 'http://trib.al/uNydqRQ',
          'caption' => 'smokeroom.com',
          'created_time' => '2016-12-28T05:16:25+0000',
          'name' => 'Alessandra Ambrosio Enjoys Christmas Vacation In A Bikini [PHOTOS]',
          'id' => '182919686769_10154087194586770',
          'message' => "Victoria\x{2019}s Secret model Alessandra Ambrosio enjoys her Christmas vacation in a bikini..."
        };

Domain: smokeroom.com

CNBC
-----------------------------

The Onion
-----------------------------

Opposing Views
-----------------------------

the Today Show
-----------------------------

Kotaku
-----------------------------

Washington Post
-----------------------------

the American Center for Law and Justice
-----------------------------

VICE News
-----------------------------

PBS
-----------------------------

Mother Jones
-----------------------------

HuffPost Good News
-----------------------------

BBC News
-----------------------------

Breaking News
-----------------------------

The Verge
-----------------------------

New York Magazine
-----------------------------
$VAR1 = {
          'link' => 'http://nym.ag/2hFaq8S',
          'caption' => 'vulture.com',
          'created_time' => '2016-12-28T05:27:54+0000',
          'name' => 'How Crash Crashed the Oscars',
          'id' => '14516439825_10154900394369826',
          'message' => 'Presenting the oral history of Crash.'
        };

Domain: vulture.com

TIME
-----------------------------

the Business Insider
-----------------------------
$VAR1 = {
          'link' => 'http://read.bi/2inRWaS',
          'caption' => 'businessinsider.com',
          'created_time' => '2016-12-28T05:20:01+0000',
          'name' => '18 pieces of invaluable advice from super-successful business leaders',
          'id' => '20446254070_10154231721244071',
          'message' => 'These people know what they\'re talking about.'
        };

Domain: businessinsider.com

ThinkProgress
-----------------------------

POLITICO
-----------------------------
$VAR1 = {
          'link' => 'http://politi.co/2ioWDBi',
          'caption' => 'politi.co',
          'created_time' => '2016-12-28T05:30:12+0000',
          'name' => 'Montana officials denounce planned neo-Nazi march',
          'id' => '62317591679_10154137607466680',
          'message' => '"We say to those few who seek to publicize anti-Semitic views that they shall find no safe haven here," the lawmakers wrote in a letter.'
        };

Domain: politi.co

Alias: politico.com
Response:
{"id":"1622501708043673_1637396826554161"}

USA TODAY
-----------------------------
$VAR1 = {
          'link' => 'http://college.usatoday.com/2016/12/27/how-strong-women-are-reacting-to-the-death-of-carrie-fisher/',
          'caption' => 'college.usatoday.com',
          'created_time' => '2016-12-28T05:30:00+0000',
          'name' => 'How strong women are reacting to the death of Carrie Fisher',
          'id' => '13652355666_10154219108895667',
          'message' => "Scores of celebs, including numerous Star Wars cast members, have been sharing their sadness over Carrie Fisher\x{2019}s death."
        };

Domain: usatoday.com
Response:
{"id":"1622501708043673_1637396849887492"}

American News
-----------------------------
$VAR1 = {
          'link' => 'http://americannews.com/breaking-white-house-panicking-damning-secret-malia-leaks/',
          'caption' => 'americannews.com',
          'created_time' => '2016-12-28T05:30:00+0000',
          'name' => 'BREAKING: White House Panicking After Damning Secret About Malia Leaks',
          'id' => '179035672287016_904853766371866',
          'message' => 'The White House is doing whatever they can to keep this under wraps.
Let\'s spread it and show America the truth.
Are you ready for the Obamas to be out of the White House?'
        };

Domain: americannews.com

ABC News
-----------------------------

HuffPost Politics
-----------------------------

NBC News
-----------------------------

AJ+
-----------------------------

Wikileaks
-----------------------------

CNNMoney
-----------------------------
$VAR1 = {
          'link' => 'http://cnnmon.ie/2hd3EYR',
          'caption' => 'money.cnn.com',
          'created_time' => '2016-12-28T05:18:01+0000',
          'name' => 'Apple AirPods review: Do they actually stay in your ears?',
          'id' => '6651543066_10154230193678067',
          'message' => 'Take a look at the Apple AirPods in action. http://cnnmon.ie/2hd3EYR (via CNNTech)'
        };

Domain: cnn.com
Response:
{"id":"1622501708043673_1637396886554155"}

ABC News Politics
-----------------------------

Right Wing News
-----------------------------
$VAR1 = {
          'link' => 'https://ihavethetruth.com/2016/12/26/michelle-obama-gets-bad-news-while-on-vacation-in-hawaii-she-is-done/',
          'caption' => 'ihavethetruth.com',
          'created_time' => '2016-12-28T05:30:00+0000',
          'name' => 'Michelle Obama Gets BAD NEWS While on Vacation in Hawaii - She is DONE!',
          'id' => '389658314427637_1651931114867011',
          'message' => 'Not the Christmas present she wanted...'
        };

Domain: ihavethetruth.com

The Wall Street Journal
-----------------------------

MSNBC
-----------------------------

the Drudge Report
-----------------------------

Mic
-----------------------------
$VAR1 = {
          'link' => 'https://www.facebook.com/MicMedia/videos/1345129738843146/',
          'created_time' => '2016-12-28T05:21:00+0000',
          'name' => 'Trump rooster?',
          'id' => '174742062548592_1345129738843146',
          'message' => 'This giant rooster statue in celebration of the upcoming Chinese new year looks a lot like... Donald, is that you?'
        };
$VAR1 = {
          'link' => 'http://bit.ly/2h5YOHZ',
          'caption' => 'twentytwowords.com',
          'created_time' => '2016-12-28T05:20:01+0000',
          'name' => 'According To Google, This Is What People Are Wondering About Your State',
          'id' => '174742062548592_1344938218862298',
          'message' => 'What are people curious about in your state?'
        };

Domain: twentytwowords.com

The Economist
-----------------------------

Bloomberg Politics
-----------------------------

CBS News
-----------------------------

The Young Turks
-----------------------------

Occupy Democrats
-----------------------------

CBC News
-----------------------------

Newsweek
-----------------------------

CNN International
-----------------------------
$VAR1 = {
          'link' => 'http://cnn.it/2hMgVnj',
          'caption' => 'www.cnn.com',
          'created_time' => '2016-12-28T05:30:01+0000',
          'name' => 'Meet the black Americans going home to China',
          'id' => '18793419640_10154839027514641',
          'message' => "How a black woman in Harlem discovered 400 living relatives in China \x{2014} and a family tree going back 3,000 years."
        };

Domain: cnn.com
Response:
{"id":"1622501708043673_1637396913220819"}

The New Yorker
-----------------------------

Rush Limbaugh
-----------------------------

The Independent
-----------------------------

TheBlaze
-----------------------------

NPR Politics
-----------------------------

The New York Times
-----------------------------
$VAR1 = {
          'link' => 'https://www.nytimes.com/2016/12/22/us/chicago-gang-violence.html?smid=fb-nytimes&smtyp=cur',
          'caption' => 'nytimes.com',
          'created_time' => '2016-12-28T05:30:00+0000',
          'name' => "Bored, Broke and Armed: Clues to Chicago\x{2019}s Gang Violence",
          'id' => '5281959998_10151018927439999',
          'message' => "Gangs in Chicago are everywhere and nowhere \x{2014} gangsters by name, but kings only of corners and blocks."
        };

Domain: nytimes.com
Response:
{"id":"1622501708043673_1637396933220817"}

NPR
-----------------------------

MSN
-----------------------------

CNN Politics
-----------------------------

The Daily Show
-----------------------------

Daily Kos
-----------------------------

Yahoo News
-----------------------------
$VAR1 = {
          'link' => 'https://yhoo.it/2ibSaCf',
          'caption' => 'yahoo.com',
          'created_time' => '2016-12-28T05:30:15+0000',
          'name' => "Carrie Fisher: The Funniest, Most Spirited \x{2018}Princess Diarist\x{2019}",
          'id' => '338028696036_10155041945876037',
          'message' => "\"If my life wasn\x{2019}t funny, it would just be true and that\x{2019}s unacceptable\""
        };

Domain: yahoo.com
Response:
{"id":"1622501708043673_1637396983220812"}

The Guardian
-----------------------------

CNN
-----------------------------
$VAR1 = {
          'link' => 'http://cnn.it/2hMcVDt',
          'caption' => 'www.cnn.com',
          'created_time' => '2016-12-28T05:30:01+0000',
          'name' => 'Meet the black Americans going home to China',
          'id' => '5550296508_10155823714001509',
          'message' => "How a black woman in Harlem discovered 400 living relatives in China \x{2014} and a family tree going back 3,000 years."
        };

Domain: cnn.com
Response:
{"id":"1622501708043673_1637397023220808"}

Slate.com
-----------------------------

the AP
-----------------------------

Sean Hannity
-----------------------------

The Ed Schultz Show
-----------------------------

The Atlantic
-----------------------------
$VAR1 = {
          'link' => 'http://www.mtv.com/news/2958856/chance-the-rapper-2016-artist-of-the-year/?xrs=_s.fb_atlantic',
          'caption' => 'mtv.com',
          'created_time' => '2016-12-28T05:17:45+0000',
          'name' => 'Chance The Rapper: Artist Of The Year',
          'id' => '29259828486_10154955655878487',
          'message' => '"It is one thing to be good at what you do, and it is another thing to be good and bold enough to have fun while doing it." (via MTV)'
        };

Domain: mtv.com

Bloomberg
-----------------------------
$VAR1 = {
          'link' => 'http://bloom.bg/2icDRNz',
          'caption' => 'bloomberg.com',
          'created_time' => '2016-12-28T05:29:12+0000',
          'name' => 'Saudi Arabia Will Introduce an Unprecedented \'Expat Levy\'',
          'id' => '266790296879_10154876886536880',
          'message' => 'On foreign workers with dependents.'
        };

Domain: bloomberg.com
Response:
{"id":"1622501708043673_1637397079887469"}

BuzzFeed
-----------------------------

Fox News
-----------------------------

VICE
-----------------------------

Glenn Beck
-----------------------------

The Other 98%
-----------------------------


Total Posts Made:	8


