***********************************************************************************
Started at 19:30:02 on 00/19/2017
***********************************************************************************
Querying souces from the past 15 minutes....

Al Jazeera
-----------------------------

Upworthy
-----------------------------

The Huffington Post
-----------------------------

HuffPost Women
-----------------------------
$VAR1 = {
          'link' => 'http://huff.to/2jswpie',
          'caption' => 'huffingtonpost.com',
          'created_time' => '2017-01-20T00:20:13+0000',
          'name' => 'Ellen Says Goodbye To Obama On His Last Day And Now We\'re Sobbing',
          'id' => '153213781413350_1277531845648199',
          'message' => 'I\'m not crying, you\'re crying.'
        };

Domain: huffingtonpost.com
Response:
{"error":{"message":"It looks like you were misusing this feature by going too fast. You\u2019ve been blocked from using it.\n\nLearn more about blocks in the Help Center.","type":"OAuthException","code":368,"error_subcode":1390008,"error_user_msg":"","fbtrace_id":"FJg5B0sUHDG"}}

Facebook ran into an error and the post was not published. Zach Muckerberg please fix. Try again in a few hours.

