***********************************************************************************
Started at 08:00:02 on 00/12/2017
***********************************************************************************
Querying souces from the past 15 minutes....

Al Jazeera
-----------------------------

Upworthy
-----------------------------

The Huffington Post
-----------------------------

HuffPost Women
-----------------------------

PBS News Hour
-----------------------------

ATTN:
-----------------------------

Reuters
-----------------------------
$VAR1 = {
          'link' => 'https://www.facebook.com/Reuters/videos/1358247120862307/',
          'created_time' => '2017-01-12T12:48:38+0000',
          'id' => '114050161948682_1358247120862307',
          'message' => 'A New Zealand man and his six-year-old daughter missing at sea for more than a month have landed in Australia. See more: http://reut.rs/2iKzPLO'
        };

NowThis
-----------------------------

Daily Caller
-----------------------------
$VAR1 = {
          'link' => 'http://trib.al/6Fi0y1S',
          'caption' => 'dailycaller.com',
          'created_time' => '2017-01-12T12:45:30+0000',
          'name' => "Sen. Mike Lee Would \x{2018}Absolutely\x{2019} Accept If Picked For Trump\x{2019}s Supreme Court",
          'id' => '182919686769_10154130322111770',
          'message' => 'If Donald J. Trump called he would say yes!'
        };

Domain: dailycaller.com

CNBC
-----------------------------

The Onion
-----------------------------

Opposing Views
-----------------------------
$VAR1 = {
          'link' => 'http://www.americanow.com/story/society/2016/11/14/young-woman-says-shes-too-sexy-work-explains-why-she-doesnt-need-job?fb=xyz',
          'caption' => 'americanow.com',
          'created_time' => '2017-01-12T13:00:00+0000',
          'name' => 'Young Woman Says She\'s Too Sexy For Work, Explains Why She Doesn\'t Need A Job',
          'id' => '34226391050_10154419398111051',
          'message' => 'This woman insists she\'s too sexy to have a job. Here why this young woman says she doesn\'t need to work for a living like all the other poor saps out there.'
        };

Domain: americanow.com

the Today Show
-----------------------------

Kotaku
-----------------------------

Washington Post
-----------------------------
$VAR1 = {
          'link' => 'https://www.washingtonpost.com/blogs/compost/wp/2017/01/11/what-the-bleep-happened-at-the-trump-news-conference/?tid=sm_fb',
          'caption' => 'washingtonpost.com',
          'created_time' => '2017-01-12T13:00:01+0000',
          'name' => 'What the bleep happened at the Trump news conference?',
          'id' => '6250307292_10154652200647293',
          'message' => "He shouted down a CNN reporter (maybe mistaking him for a BuzzFeed reporter) and said he would not take his question because he was \x{201c}fake news.\x{201d}

Via Washington Post Opinions, Outlook, and PostEverything"
        };

Domain: washingtonpost.com
Response:
{"id":"1622501708043673_1642830892677421"}

the American Center for Law and Justice
-----------------------------

VICE News
-----------------------------

PBS
-----------------------------
$VAR1 = {
          'link' => 'https://www.facebook.com/pbs/videos/10154969967018675/',
          'created_time' => '2017-01-12T13:00:00+0000',
          'id' => '19013582168_10154969967018675',
          'message' => '"I believe we need, urgently, a new Marshall Plan" for the Middle East, north Africa and South-Central Asia,  Secretary of State John Kerry told Judy Woodruff at the United States Institute of Peace recently. (From PBS NewsHour)'
        };

Mother Jones
-----------------------------

HuffPost Good News
-----------------------------

BBC News
-----------------------------
$VAR1 = {
          'link' => 'http://bbc.in/2jHkjoi',
          'caption' => 'bbc.co.uk',
          'created_time' => '2017-01-12T12:50:11+0000',
          'name' => 'Flights cancelled ahead of snowy conditions',
          'id' => '228735667216_10154298311712217',
          'message' => "The Met Office has issued warnings for snow for much of the UK. \x{2744}"
        };

Domain: bbc.co.uk
Response:
{"id":"1622501708043673_1642831066010737"}

Breaking News
-----------------------------

The Verge
-----------------------------

New York Magazine
-----------------------------

TIME
-----------------------------
$VAR1 = {
          'link' => 'http://ti.me/2j9TqIt',
          'caption' => 'motto.time.com',
          'created_time' => '2017-01-12T13:00:05+0000',
          'name' => 'Watch Michelle Obama Surprise Her Biggest Fans',
          'id' => '10606591490_10154343300641491',
          'message' => 'A lot of people are sad to see her go.'
        };

Domain: time.com

the Business Insider
-----------------------------
$VAR1 = {
          'link' => 'https://www.facebook.com/businessinsider/videos/10154271633729071/',
          'created_time' => '2017-01-12T12:55:00+0000',
          'name' => 'Dermatologist explains causes of cold sores',
          'id' => '20446254070_10154271633729071',
          'message' => 'A dermatologist explains what causes cold sores and how to prevent them.'
        };

ThinkProgress
-----------------------------

POLITICO
-----------------------------

USA TODAY
-----------------------------
$VAR1 = {
          'link' => 'http://www.usatoday.com/story/money/personalfinance/2017/01/11/surprise-your-credit-score-isnt-affected-by-these-5-factors/96340760/',
          'caption' => 'usatoday.com',
          'created_time' => '2017-01-12T13:00:01+0000',
          'name' => 'Surprise! Your credit score isn\'t affected by these 5 factors',
          'id' => '13652355666_10154278153270667',
          'message' => 'Millennials take note.'
        };

Domain: usatoday.com
Response:
{"id":"1622501708043673_1642831332677377"}

American News
-----------------------------

ABC News
-----------------------------

HuffPost Politics
-----------------------------

NBC News
-----------------------------
$VAR1 = {
          'link' => 'http://nbcnews.to/2iKgs5N',
          'caption' => 'nbcnews.com',
          'created_time' => '2017-01-12T12:47:04+0000',
          'name' => 'Two-mile road tunnel to be built under ancient monument Stonehenge',
          'id' => '155869377766434_1662621357091221',
          'message' => 'The road under the ancient site has been approved, despite campaigners\' protests.'
        };

Domain: nbcnews.com
Response:
{"id":"1622501708043673_1642831676010676"}

AJ+
-----------------------------

Wikileaks
-----------------------------

CNNMoney
-----------------------------
$VAR1 = {
          'link' => 'http://cnnmon.ie/2iGBeDk',
          'caption' => 'money.cnn.com',
          'created_time' => '2017-01-12T12:51:04+0000',
          'name' => '10 travel experiences worth saving your vacation days for',
          'id' => '6651543066_10154274125358067',
          'message' => 'River cruises were the No. 1 bucket-list vacation last year, according to Luxury travel network Virtuoso. http://cnnmon.ie/2iGBeDk'
        };

Domain: cnn.com
Response:
{"id":"1622501708043673_1642831979343979"}

ABC News Politics
-----------------------------

Right Wing News
-----------------------------
$VAR1 = {
          'link' => 'http://rightwingnews.com/top-news/trump-calls-drug-companies-tackling-overpriced-medicines/',
          'caption' => 'rightwingnews.com',
          'created_time' => '2017-01-12T13:00:00+0000',
          'name' => 'Trump Calls Out Drug Companies- Tackling Their OVERPRICED Medicines',
          'id' => '389658314427637_1667005860026203',
          'message' => 'YES PLEASE!'
        };

Domain: rightwingnews.com

The Wall Street Journal
-----------------------------

MSNBC
-----------------------------
$VAR1 = {
          'link' => 'https://www.facebook.com/msnbc/videos/1662200987133258/',
          'created_time' => '2017-01-12T13:00:00+0000',
          'name' => "Michelle Obama\x{2019}s Viral Moments",
          'id' => '273864989376427_1662200987133258',
          'message' => 'As First Lady Michelle Obama prepares to depart The White House, here\'s a look back at the moments that made her go viral.

Watch more here: http://nbcnews.to/2iks6UE'
        };

the Drudge Report
-----------------------------

Mic
-----------------------------

The Economist
-----------------------------

Bloomberg Politics
-----------------------------
$VAR1 = {
          'link' => 'http://bloom.bg/2igkGpj',
          'caption' => 'bloomberg.com',
          'created_time' => '2017-01-12T12:59:50+0000',
          'name' => 'Obamacare Repeal Effort Clears First Big Hurdle in U.S. Senate',
          'id' => '1481073582140028_1867428263504556',
          'message' => 'One step closer.'
        };

Domain: bloomberg.com
Response:
{"id":"1622501708043673_1642832109343966"}

CBS News
-----------------------------
$VAR1 = {
          'link' => 'http://cbsn.ws/2j43hgT',
          'caption' => 'www.cbsnews.com',
          'created_time' => '2017-01-12T13:00:03+0000',
          'name' => 'Senate sets potential Obamacare repeal in motion, during "Vote-a-Rama" that lasted into wee hours',
          'id' => '131459315949_10154259203500950',
          'message' => 'Republican senators were responding to pressure to move quickly even as the GOP and President-elect Trump grapple with what the replace it with.'
        };

Domain: cbsnews.com
Response:
{"id":"1622501708043673_1642832416010602"}

The Young Turks
-----------------------------
$VAR1 = {
          'link' => 'https://www.facebook.com/TheYoungTurks/videos/10154284013144205/',
          'created_time' => '2017-01-12T13:00:00+0000',
          'name' => 'Trump Refuses To Give Up Business Ties',
          'id' => '210277954204_10154284013144205',
          'message' => 'Donald Trump is refusing to fully divest from his companies.'
        };

Occupy Democrats
-----------------------------

CBC News
-----------------------------
$VAR1 = {
          'link' => 'http://www.cbc.ca/news/canada/calgary/go-public-cremation-carbon-tax-funeral-home-1.3929133',
          'caption' => 'cbc.ca',
          'created_time' => '2017-01-12T13:00:00+0000',
          'name' => '\'Doesn\'t seem right\': Grieving families slapped with carbon tax for cremation',
          'id' => '5823419603_10155043107399604',
          'message' => 'The $100 fee charged for cremation would almost pay the carbon tax for a year of home heating.'
        };

Newsweek
-----------------------------
$VAR1 = {
          'link' => 'http://www.newsweek.com/donald-trump-companies-anti-american-pro-business-business-541285',
          'caption' => 'newsweek.com',
          'created_time' => '2017-01-12T12:58:31+0000',
          'name' => 'U.S. companies fear being labeled \'anti-American\' by Trump',
          'id' => '18343191100_10154773238341101',
          'message' => '"You never want to be against the president - especially not one as vocal as (Trump)," one Fortune 500 CEO said.'
        };

Domain: newsweek.com

CNN International
-----------------------------
$VAR1 = {
          'link' => 'http://cnn.it/2iKr98e',
          'caption' => 'edition.cnn.com',
          'created_time' => '2017-01-12T13:00:03+0000',
          'name' => 'Swiss Muslim girls must swim with boys, court rules',
          'id' => '18793419640_10154895881974641',
          'message' => 'The parents said sending their daughters to swimming lessons with boys violated their right to freedom of thought, conscience and religion. But the court ruled that Swiss officials\' goal to facilitate each child\'s "successful social integration according to local customs" took precedence.'
        };

Domain: cnn.com
Response:
{"id":"1622501708043673_1642832509343926"}

The New Yorker
-----------------------------

Rush Limbaugh
-----------------------------

The Independent
-----------------------------
$VAR1 = {
          'link' => 'http://www.independent.co.uk/news/world/americas/donald-trump-james-clapper-denounced-russia-dossier-fake-news-official-statement-phone-call-latest-a7523801.html',
          'caption' => 'independent.co.uk',
          'created_time' => '2017-01-12T12:48:27+0000',
          'name' => 'Donald Trump just claimed something that\'s totally contradicted by an official statement',
          'id' => '13312631635_10154383376881636',
          'message' => 'WTF?'
        };

Domain: independent.co.uk

TheBlaze
-----------------------------

NPR Politics
-----------------------------

The New York Times
-----------------------------
$VAR1 = {
          'link' => 'https://www.nytimes.com/2017/01/11/world/europe/donald-trump-russia.html?smid=fb-nytimes&smtyp=cur',
          'caption' => 'nytimes.com',
          'created_time' => '2017-01-12T12:55:02+0000',
          'name' => "Russia\x{2019}s Sexual Blackmail Didn\x{2019}t Die With the Soviets",
          'id' => '5281959998_10151045378404999',
          'message' => 'For decades, hotels across the former Soviet Union were equipped with bugging devices and cameras by the KGB.'
        };

Domain: nytimes.com
Response:
{"id":"1622501708043673_1642832642677246"}

NPR
-----------------------------
$VAR1 = {
          'link' => 'http://www.npr.org/sections/thetwo-way/2017/01/11/509296600/police-say-high-profile-fatalities-protests-have-made-their-jobs-harder?utm_source=facebook.com&utm_medium=social&utm_campaign=npr&utm_term=nprnews&utm_content=20170112',
          'caption' => 'npr.org',
          'created_time' => '2017-01-12T13:00:00+0000',
          'name' => 'Police Say High-Profile Fatalities, Protests Have Made Their Jobs Harder',
          'id' => '10643211755_10155180707156756',
          'message' => 'Has the country has made the changes needed to give blacks equal rights? Saying yes: 12 percent of blacks, 29 percent of black police officers; 57 percent of whites, 92 percent of white officers.'
        };

Domain: npr.org
Response:
{"id":"1622501708043673_1642832736010570"}

MSN
-----------------------------

CNN Politics
-----------------------------

The Daily Show
-----------------------------
$VAR1 = {
          'link' => 'http://on.cc.com/2iJ1kph',
          'caption' => 'www.cc.com',
          'created_time' => '2017-01-12T13:00:01+0000',
          'name' => 'Full Episode: January 11, 2017 - Jonathan Chait',
          'id' => '7976226799_10154939092056800',
          'message' => 'President Obama gives his farewell address, Donald Trump shouts down CNN as "fake news" at his first post-election press conference, and Jonathan Chait discusses "Audacity."'
        };

Domain: cc.com
Response:
{"id":"1622501708043673_1642832842677226"}

Daily Kos
-----------------------------

Yahoo News
-----------------------------

The Guardian
-----------------------------
$VAR1 = {
          'link' => 'https://www.theguardian.com/world/2017/jan/11/polish-minister-mocked-over-meeting-with-fictional-san-escobar?CMP=fb_gu',
          'caption' => 'theguardian.com',
          'created_time' => '2017-01-12T13:00:00+0000',
          'name' => 'Polish minister mocked over meeting with fictional nation of San Escobar',
          'id' => '10513336322_10154950043396323',
          'message' => "Poland\x{2019}s foreign minister has become the subject of online derision after he said he had met the representative of a non-existent country as part of Poland\x{2019}s campaign to get a non-permanent seat on the UN security council."
        };

Domain: theguardian.com
Response:
{"id":"1622501708043673_1642833102677200"}

CNN
-----------------------------

Slate.com
-----------------------------
$VAR1 = {
          'link' => 'http://slate.me/2ilshBt',
          'caption' => 'slate.com',
          'created_time' => '2017-01-12T12:50:04+0000',
          'name' => 'Why Democrats and Republicans Hate Each Other More Than They Hate the Russians',
          'id' => '21516776437_10154753645126438',
          'message' => 'WE are now our own worst enemy.'
        };

Domain: slate.com
Response:
{"id":"1622501708043673_1642833189343858"}

the AP
-----------------------------

Sean Hannity
-----------------------------

The Ed Schultz Show
-----------------------------

The Atlantic
-----------------------------

Bloomberg
-----------------------------

BuzzFeed
-----------------------------

Fox News
-----------------------------

VICE
-----------------------------

Glenn Beck
-----------------------------

The Other 98%
-----------------------------


Total Posts Made:	13


