***********************************************************************************
Started at 10:30:02 on 11/28/2016
***********************************************************************************
Querying souces from the past 15 minutes....

Al Jazeera
-----------------------------

Upworthy
-----------------------------

The Huffington Post
-----------------------------
$VAR1 = {
          'link' => 'https://themighty.com/2016/12/robin-williams-comforts-woman-at-lax-after-husbands-suicide/?utm_source=Facebook&utm_medium=Media_Partner&utm_campaign=HuffingtonPost',
          'caption' => 'themighty.com',
          'created_time' => '2016-12-28T15:15:17+0000',
          'name' => 'When Robin Williams Comforted Me in the Airport After My Husband\'s Suicide',
          'id' => '18468761129_10154557281536130',
          'message' => "\"Let me share a little story I haven\x{2019}t told anyone \x{2014} not my husband, not my best friend, not my parents, not my sister, not anyone. Because it is too precious to me. But now is the time. Now is the place.\""
        };

Domain: themighty.com

HuffPost Women
-----------------------------
$VAR1 = {
          'link' => 'http://huff.to/2hpOrlO',
          'caption' => 'huffingtonpost.com',
          'created_time' => '2016-12-28T15:20:07+0000',
          'name' => 'If The Holidays Are Driving You Mad, Baby Bjork Reading The Nativity Story Will Help',
          'id' => '153213781413350_1257380967663287',
          'message' => "Because it's Bj\x{f6}rk. Enough said."
        };

Domain: huffingtonpost.com
Response:
{"error":{"message":"It looks like you were misusing this feature by going too fast. You\u2019ve been blocked from using it.\n\nLearn more about blocks in the Help Center.","type":"OAuthException","code":368,"error_subcode":1390008,"error_user_msg":"","fbtrace_id":"DsenefjrFHq"}}

Facebook ran into an error and the post was not published. Zach Muckerberg please fix. Try again in a few hours.

