***********************************************************************************
Started at 03:30:01 on 11/20/2016
***********************************************************************************
Querying souces from the past 15 minutes....

Al Jazeera
-----------------------------
$VAR1 = {
          'link' => 'http://aje.io/jq26',
          'caption' => 'aljazeera.com',
          'created_time' => '2016-12-20T08:30:09+0000',
          'name' => 'Missing MH370: Investigators looking in the wrong place',
          'id' => '7382473689_10154997638473690',
          'message' => 'After two years of looking, investigators say there is "a high degree of confidence" the plane is not in the current search area.'
        };

Domain: aljazeera.com
Response:
{"id":"1622501708043673_1634733383487172"}

Upworthy
-----------------------------

The Huffington Post
-----------------------------

HuffPost Women
-----------------------------

PBS News Hour
-----------------------------

ATTN:
-----------------------------

Reuters
-----------------------------
$VAR1 = {
          'link' => 'http://reut.rs/2h5aFt8',
          'caption' => 'www.reuters.com',
          'created_time' => '2016-12-20T08:21:19+0000',
          'name' => 'Turkish police detain six after Russian ambassador shot dead',
          'id' => '114050161948682_1330707180282968',
          'message' => 'Turkish police have detained six people over the killing of the Russian ambassador, state media said, who was shot in the back as he gave a speech in Ankara on Monday by an off-duty police officer shouting "Don\'t forget Aleppo" and "Allahu Akbar".'
        };

Domain: reuters.com

NowThis
-----------------------------

Daily Caller
-----------------------------

CNBC
-----------------------------
$VAR1 = {
          'link' => 'http://cnb.cx/2h2xayG',
          'caption' => 'cnbc.com',
          'created_time' => '2016-12-20T08:17:21+0000',
          'name' => 'This entrepreneur sold an app to Snapchat for $54M and is now traveling the world',
          'id' => '97212224368_10155013856934369',
          'message' => 'It just takes one good idea...'
        };

Domain: cnbc.com

The Onion
-----------------------------

Opposing Views
-----------------------------

the Today Show
-----------------------------

Kotaku
-----------------------------

Washington Post
-----------------------------

the American Center for Law and Justice
-----------------------------

VICE News
-----------------------------

PBS
-----------------------------

Mother Jones
-----------------------------

HuffPost Good News
-----------------------------

BBC News
-----------------------------
$VAR1 = {
          'link' => 'http://bbc.in/2i4aUq5',
          'caption' => 'bbc.co.uk',
          'created_time' => '2016-12-20T08:26:02+0000',
          'name' => 'Russia ambassador killing: Investigators sent to Turkey',
          'id' => '228735667216_10154225656897217',
          'message' => 'Moscow is sending investigators to Turkey.'
        };

Domain: bbc.co.uk
Response:
{"id":"1622501708043673_1634733460153831"}

Breaking News
-----------------------------

The Verge
-----------------------------

New York Magazine
-----------------------------

TIME
-----------------------------

the Business Insider
-----------------------------
$VAR1 = {
          'link' => 'http://read.bi/2gUyyQH',
          'caption' => 'businessinsider.com',
          'created_time' => '2016-12-20T08:20:01+0000',
          'name' => "Don't freak out if your year-end review isn't great \x{2014} here's exactly what to say instead",
          'id' => '20446254070_10154204689559071',
          'message' => 'You\'re laying the groundwork for a fantastic review next year.'
        };

Domain: businessinsider.com

ThinkProgress
-----------------------------

POLITICO
-----------------------------

USA TODAY
-----------------------------
$VAR1 = {
          'link' => 'http://www.usatoday.com/story/money/nation-now/2016/12/19/carrier-corp-federal-rules/95634612/',
          'caption' => 'usatoday.com',
          'created_time' => '2016-12-20T08:30:00+0000',
          'name' => 'Carrier Corp. blamed fed rules, but claim\'s tough to measure',
          'id' => '13652355666_10154184881860667',
          'message' => 'When Indiana Gov. Mike Pence first tried to keep Carrier Corp. in Indianapolis, the company told him federal regulations had made it impossible to stay.'
        };

Domain: usatoday.com
Response:
{"id":"1622501708043673_1634733886820455"}

American News
-----------------------------

ABC News
-----------------------------

HuffPost Politics
-----------------------------

NBC News
-----------------------------
$VAR1 = {
          'link' => 'http://nbcnews.to/2gWxig8',
          'caption' => 'nbcnews.com',
          'created_time' => '2016-12-20T08:22:06+0000',
          'name' => 'Photographer who captured Assassination on camera: I just did my job',
          'id' => '155869377766434_1628581953828495',
          'message' => '"When I returned to the office to edit my photos, I was shocked to see that the shooter was actually standing behind the ambassador as he spoke. Like a friend, or a bodyguard."'
        };

Domain: nbcnews.com
Response:
{"id":"1622501708043673_1634733986820445"}

AJ+
-----------------------------

Wikileaks
-----------------------------

CNNMoney
-----------------------------
$VAR1 = {
          'link' => 'http://cnnmon.ie/2h59nQm',
          'caption' => 'money.cnn.com',
          'created_time' => '2016-12-20T08:18:01+0000',
          'name' => 'This MBA costs less than $22,000',
          'id' => '6651543066_10154204902298067',
          'message' => 'The University of Illinois has partnered with Coursera to launch one of the most affordable online MBA programs yet.
http://cnnmon.ie/2h59nQm'
        };

Domain: cnn.com
Response:
{"id":"1622501708043673_1634734073487103"}

ABC News Politics
-----------------------------

Right Wing News
-----------------------------

The Wall Street Journal
-----------------------------

MSNBC
-----------------------------

the Drudge Report
-----------------------------

Mic
-----------------------------
$VAR1 = {
          'link' => 'https://www.facebook.com/MicMedia/videos/1332319723457481/',
          'created_time' => '2016-12-20T08:21:00+0000',
          'name' => 'What do you see?',
          'id' => '174742062548592_1332319723457481',
          'message' => 'These bags started appearing all around London. What do you see when you look at them?'
        };

The Economist
-----------------------------

Bloomberg Politics
-----------------------------

CBS News
-----------------------------
$VAR1 = {
          'link' => 'http://cbsn.ws/2hBiTtG',
          'caption' => 'www.cbsnews.com',
          'created_time' => '2016-12-20T08:30:02+0000',
          'name' => "Casey Affleck\x{2019}s hilarious take on being Dunkin\x{2019} Donuts\x{2019} most loyal customer in SNL spoof",
          'id' => '131459315949_10154187852465950',
          'message' => "Casey Affleck says he's \"like the mayor of Dunkin\x{2019}.\""
        };

Domain: cbsnews.com
Response:
{"id":"1622501708043673_1634734163487094"}

The Young Turks
-----------------------------

Occupy Democrats
-----------------------------

CBC News
-----------------------------

Newsweek
-----------------------------

CNN International
-----------------------------
$VAR1 = {
          'link' => 'https://www.facebook.com/cnninternational/videos/10154810874439641/',
          'created_time' => '2016-12-20T08:16:18+0000',
          'id' => '18793419640_10154810874439641',
          'message' => 'China\'s smog problem has become so bad, a red alert has been issued for 23 cities. This gray haze above Beijing has led to closed schools and canceled flights, and left citizens struggling to breathe. Find out more:  cnn.it/2hkLzEp'
        };

The New Yorker
-----------------------------

Rush Limbaugh
-----------------------------

The Independent
-----------------------------
$VAR1 = {
          'link' => 'http://www.independent.co.uk/news/world/europe/berlin-attacl-refugee-centre-germany-police-storm-christmas-market-lorry-a7486036.html',
          'caption' => 'independent.co.uk',
          'created_time' => '2016-12-20T08:17:07+0000',
          'name' => 'Police \'storm refugee centre\' after Berlin attack',
          'id' => '13312631635_10154307873846636',
          'message' => 'More as we get it'
        };

Domain: independent.co.uk

TheBlaze
-----------------------------

NPR Politics
-----------------------------

The New York Times
-----------------------------
$VAR1 = {
          'link' => 'https://www.nytimes.com/2016/12/19/world/europe/in-spain-new-restaurants-nourish-the-needy-and-the-soul.html?smid=fb-nytimes&smtyp=cur',
          'caption' => 'nytimes.com',
          'created_time' => '2016-12-20T08:25:00+0000',
          'name' => 'In Spain, New Restaurants Nourish the Needy, and the Soul',
          'id' => '5281959998_10151015644434999',
          'message' => 'At Robin Hood restaurants, revenues made by serving breakfast and lunch to paying customers cover the costs of preparing free evening dinners for homeless people.'
        };

Domain: nytimes.com
Response:
{"id":"1622501708043673_1634734226820421"}

NPR
-----------------------------

MSN
-----------------------------

CNN Politics
-----------------------------

The Daily Show
-----------------------------

Daily Kos
-----------------------------

Yahoo News
-----------------------------
$VAR1 = {
          'link' => 'https://www.facebook.com/yahoonews/videos/1405782982787918/',
          'created_time' => '2016-12-20T08:20:00+0000',
          'name' => 'Gap-Toothed Models Who Are Making Millions',
          'id' => '338028696036_1405782982787918',
          'message' => 'These gap-toothed models are making millions!'
        };

The Guardian
-----------------------------
$VAR1 = {
          'link' => 'https://www.theguardian.com/commentisfree/2016/dec/20/working-homeless-britain-economy-minimum-wage-zero-hours?CMP=fb_gu',
          'caption' => 'theguardian.com',
          'created_time' => '2016-12-20T08:20:00+0000',
          'name' => "Britain\x{2019}s shame: the people who are homeless, even though they\x{2019}re in work",
          'id' => '10513336322_10154863177466323',
          'message' => "\"The former Tory minister George Young described the homeless as 'what you step over when you come out of the opera'. No, Sir George: today\x{2019}s homeless deliver your takeaways and pull pints at the local. Then they kip on park benches. \""
        };

Domain: theguardian.com
Response:
{"id":"1622501708043673_1634734333487077"}

CNN
-----------------------------

Slate.com
-----------------------------

the AP
-----------------------------

Sean Hannity
-----------------------------

The Ed Schultz Show
-----------------------------

The Atlantic
-----------------------------

Bloomberg
-----------------------------

BuzzFeed
-----------------------------

Fox News
-----------------------------

VICE
-----------------------------

Glenn Beck
-----------------------------

The Other 98%
-----------------------------


Total Posts Made:	8


