***********************************************************************************
Started at 16:30:01 on 00/25/2017
***********************************************************************************
Querying souces from the past 15 minutes....

Al Jazeera
-----------------------------

Upworthy
-----------------------------

The Huffington Post
-----------------------------

HuffPost Women
-----------------------------
$VAR1 = {
          'link' => 'http://huff.to/2k3B0do',
          'caption' => 'huffingtonpost.com',
          'created_time' => '2017-01-25T21:20:06+0000',
          'name' => 'Nikki Giovanni: Trump Should Crash And Burn',
          'id' => '153213781413350_1284252124976171',
          'message' => "\x{201c}My heart breaks for the next generation with these fools in the white house.\x{201d}"
        };

Domain: huffingtonpost.com
Response:
{"id":"1622501708043673_1648226875471156"}

PBS News Hour
-----------------------------
$VAR1 = {
          'link' => 'http://www.pbs.org/newshour/rundown/bolt-loses-gold-medal-teammate-fails-anti-doping-test/',
          'caption' => 'pbs.org',
          'created_time' => '2017-01-25T21:30:01+0000',
          'name' => 'Bolt loses gold medal after teammate fails anti-doping test',
          'id' => '6491828674_10155019538483675',
          'message' => "As a result of Nesta Carter's positive test, the committee has disqualified him and the Jamaican team\x{2014}including Usain Bolt\x{2014}from the men\x{2019}s 4x100m relay event, which the team had won in the 2008 Olympics."
        };

Domain: pbs.org
Response:
{"id":"1622501708043673_1648226928804484"}

ATTN:
-----------------------------
$VAR1 = {
          'link' => 'https://www.facebook.com/ATTNVideo/videos/1653598108278477/',
          'created_time' => '2017-01-25T21:24:01+0000',
          'name' => 'ATTN: Video',
          'id' => '160389977329803_1266324290069694',
          'message' => 'A reminder to all who want to ban refugees.'
        };

Reuters
-----------------------------

NowThis
-----------------------------
$VAR1 = {
          'link' => 'https://www.facebook.com/NowThisEntertainment/videos/1308095899251969/',
          'created_time' => '2017-01-25T21:30:00+0000',
          'name' => 'NowThis Entertainment',
          'id' => '341163402640457_1313736465383141',
          'message' => 'Shia LaBeouf\'s latest art piece is making waves'
        };

Daily Caller
-----------------------------
$VAR1 = {
          'link' => 'http://trib.al/uexCW8F',
          'caption' => 'dailycaller.com',
          'created_time' => '2017-01-25T21:27:48+0000',
          'name' => 'Trump Appears Open To His Own Surge In Afghanistan',
          'id' => '182919686769_10154172777811770',
          'message' => 'Trump wants to clean up Obama\'s mess up in the Middle East'
        };

Domain: dailycaller.com
$VAR1 = {
          'link' => 'https://www.facebook.com/DailyCaller/photos/a.193790486769.136864.182919686769/10154172743971770/?type=3',
          'created_time' => '2017-01-25T21:16:47+0000',
          'name' => 'Timeline Photos',
          'id' => '182919686769_10154172743971770',
          'message' => 'An icon has left us. Rest in peace, Mary Tyler Moore.

http://smokeroom.com/2017/01/25/mary-tyler-moore-dead-at-80/'
        };

CNBC
-----------------------------
$VAR1 = {
          'link' => 'http://cnb.cx/2jqHgus',
          'caption' => 'cnbc.com',
          'created_time' => '2017-01-25T21:26:08+0000',
          'name' => 'Google has banned 200 publishers since planning to reduce fake news in last two months',
          'id' => '97212224368_10155144317499369',
          'message' => 'MUST KNOW.'
        };

Domain: cnbc.com

The Onion
-----------------------------
$VAR1 = {
          'link' => 'http://trib.al/bvOYNRm',
          'caption' => 'theonion.com',
          'created_time' => '2017-01-25T21:19:09+0000',
          'name' => "Lindsey Graham Cowers Behind Tree Trunk As Trump\x{2019}s Hunting Dogs Close In",
          'id' => '20950654496_10155082690709497',
          'message' => "\x{201c}Please, God, let me make it out of here alive,\x{201d} the 61-year-old senator whispered to himself, trying to quiet his ragged breathing as the animals frantically searched the ground just above the hollow where he lay hiding. \x{201c}Please.\x{201d}"
        };

Domain: theonion.com

Opposing Views
-----------------------------
$VAR1 = {
          'link' => 'https://www.opposingviews.com/i/health/here-what-steroids-did-woman-after-tells-whole-story-photos?fb=ov',
          'caption' => 'opposingviews.com',
          'created_time' => '2017-01-25T21:30:00+0000',
          'name' => 'Here Is What Steroids Did To This Woman; Before & After Tells The Whole Story (Photos)',
          'id' => '34226391050_10154459931226051',
          'message' => 'This bodybuilder wanted to get a little bulkier, so she decided to take steroids. She never in a million years thought she would end up looking like this.'
        };

Domain: opposingviews.com

the Today Show
-----------------------------
$VAR1 = {
          'link' => 'http://on.today.com/2jxzRay',
          'caption' => 'today.com',
          'created_time' => '2017-01-25T21:26:51+0000',
          'name' => 'Do you mix up your children\'s names? Here\'s why',
          'id' => '12566691349_10154973625056350',
          'message' => "Do you call everybody by the dog\x{2019}s name?"
        };

Domain: today.com
$VAR1 = {
          'link' => 'https://www.facebook.com/today/photos/a.122723261349.132852.12566691349/10154973552036350/?type=3',
          'created_time' => '2017-01-25T21:20:17+0000',
          'name' => 'Timeline Photos',
          'id' => '12566691349_10154973552036350',
          'message' => 'We\'re remembering Mary Tyler Moore, who turned the world on with her smile. http://on.today.com/2k1fllI'
        };

Kotaku
-----------------------------

Washington Post
-----------------------------
$VAR1 = {
          'link' => 'https://www.washingtonpost.com/news/arts-and-entertainment/wp/2017/01/25/mary-tyler-moore-changed-the-world-for-all-women-celebrities-react-to-stars-death/?tid=sm_Fb&utm_term=.0d6a413350b8',
          'caption' => 'washingtonpost.com',
          'created_time' => '2017-01-25T21:20:00+0000',
          'name' => 'Celebrities react to Mary Tyler Moore\'s death',
          'id' => '6250307292_10154705489427293',
          'message' => '"Mary Tyler Moore changed the world for all women."'
        };

Domain: washingtonpost.com
Response:
{"id":"1622501708043673_1648226965471147"}

the American Center for Law and Justice
-----------------------------

VICE News
-----------------------------

PBS
-----------------------------

Mother Jones
-----------------------------

HuffPost Good News
-----------------------------

BBC News
-----------------------------

Breaking News
-----------------------------

The Verge
-----------------------------

New York Magazine
-----------------------------
$VAR1 = {
          'link' => 'http://nym.ag/2ku1lBY',
          'caption' => 'nymag.com',
          'created_time' => '2017-01-25T21:24:09+0000',
          'name' => 'The 7 Best New Alexa Skills',
          'id' => '14516439825_10154999107114826',
          'message' => 'How to make your Echo do even more for you.'
        };

Domain: nymag.com

TIME
-----------------------------

the Business Insider
-----------------------------
$VAR1 = {
          'link' => 'http://www.businessinsider.com/stephen-curry-high-school-unlikely-nba-career-2017-1',
          'caption' => 'businessinsider.com',
          'created_time' => '2017-01-25T21:30:01+0000',
          'name' => 'Stephen Curry shared an anecdote that shows how unlikely his NBA ascent has been',
          'id' => '20446254070_10154325318514071',
          'message' => 'Stephen Curry has one of the most inspiring stories in the NBA.'
        };

Domain: businessinsider.com
$VAR1 = {
          'link' => 'http://read.bi/2k1fXHS',
          'caption' => 'businessinsider.com',
          'created_time' => '2017-01-25T21:20:00+0000',
          'name' => 'The United States was downgraded to a \'flawed democracy\'',
          'id' => '20446254070_10154325856174071',
          'message' => 'Oof.'
        };

Domain: businessinsider.com

ThinkProgress
-----------------------------

POLITICO
-----------------------------
$VAR1 = {
          'link' => 'http://politi.co/2jyuMyH',
          'caption' => 'politi.co',
          'created_time' => '2017-01-25T21:25:06+0000',
          'name' => 'Protesters to greet Trump as he huddles with Republicans',
          'id' => '62317591679_10154232793426680',
          'message' => 'Protesters will descend on downtown Philadelphia.'
        };

Domain: politi.co

Alias: politico.com
Response:
{"id":"1622501708043673_1648227135471130"}

USA TODAY
-----------------------------
$VAR1 = {
          'link' => 'https://www.facebook.com/usatoday/photos/a.100797840666.101835.13652355666/10154340308145667/?type=3',
          'created_time' => '2017-01-25T21:20:00+0000',
          'name' => 'Photos from USA TODAY\'s post',
          'id' => '13652355666_10154340310120667',
          'message' => 'Remembering Mary Tyler Moore: 1936-2017 http://usat.ly/2jqzalw'
        };

American News
-----------------------------

ABC News
-----------------------------
$VAR1 = {
          'link' => 'https://www.facebook.com/ABCNews/videos/10155312100558812/',
          'created_time' => '2017-01-25T21:17:20+0000',
          'name' => 'Pres. Trump on Waterboarding: "I Feel It Works"',
          'id' => '86680728811_10155312100558812',
          'message' => "President Donald J. Trump on the use of waterboarding: \x{201c}Absolutely, I feel it works,\x{201d} but says he will rely on his team\x{2019}s guidance and do everything \"legally.\" http://abcn.ws/2j5ZFyl"
        };

HuffPost Politics
-----------------------------
$VAR1 = {
          'link' => 'http://huff.to/2ku4b5L',
          'caption' => 'huffingtonpost.com',
          'created_time' => '2017-01-25T21:15:08+0000',
          'name' => 'Refugees Expecting To Move To The U.S. In The Next Few Weeks Will Most Likely Have To Wait Years',
          'id' => '56845382910_10154744380202911',
          'message' => "\"We are the largest resettlement country \x{2015} or we were \x{2015} so it\x{2019}s not like other countries can just pick up the slack.\""
        };

Domain: huffingtonpost.com
Response:
{"id":"1622501708043673_1648227225471121"}

NBC News
-----------------------------

AJ+
-----------------------------
$VAR1 = {
          'link' => 'https://www.facebook.com/ajplusenglish/videos/886957354779106/',
          'created_time' => '2017-01-25T21:30:00+0000',
          'name' => 'Best/Worst-Case Scenarios for Foreign Policy Under President T...',
          'id' => '407570359384477_886957354779106',
          'message' => "What will America\x{2019}s role in the world be under President Trump? 

We asked people for their best- and worst-case scenarios."
        };

Wikileaks
-----------------------------

CNNMoney
-----------------------------
$VAR1 = {
          'link' => 'https://www.facebook.com/cnntech/videos/1356958740991864/',
          'created_time' => '2017-01-25T21:28:34+0000',
          'name' => 'CNNTech',
          'id' => '6651543066_10154317252348067'
        };

ABC News Politics
-----------------------------
$VAR1 = {
          'link' => 'http://abcn.ws/2k1dSvz',
          'caption' => 'abcnews.go.com',
          'created_time' => '2017-01-25T21:19:20+0000',
          'name' => 'Seoul Virus Spread by Pet Rats Under Investigation in Multiple States',
          'id' => '184096565021911_1163738070391084',
          'message' => 'The U.S. Centers for Disease Control and Prevention issued a health advisory alerting doctors and other health officials they have expanded their initial investigation to 10 states.'
        };

Domain: go.com
Response:
{"id":"1622501708043673_1648227818804395"}

Right Wing News
-----------------------------
$VAR1 = {
          'link' => 'http://www.opposingviews.com/i/society/trump-declares-his-inauguration-national-day-patriotic-devotion?fb=rwn',
          'caption' => 'opposingviews.com',
          'created_time' => '2017-01-25T21:30:00+0000',
          'name' => 'President Trump Declares New National Holiday',
          'id' => '389658314427637_1680781331981989',
          'message' => 'Donald Trump just created a new national holiday. Here\'s the date.'
        };

Domain: opposingviews.com

The Wall Street Journal
-----------------------------

MSNBC
-----------------------------

the Drudge Report
-----------------------------

Mic
-----------------------------
$VAR1 = {
          'link' => 'https://www.facebook.com/MicMedia/videos/1376123789077074/',
          'created_time' => '2017-01-25T21:19:31+0000',
          'name' => 'Donald Trump is building the border wal',
          'id' => '174742062548592_1376123789077074',
          'message' => 'President Donald J. Trump is one step closer to building the infamous border wall.'
        };

The Economist
-----------------------------
$VAR1 = {
          'link' => 'http://econ.st/2jndS8z',
          'caption' => 'economist.com',
          'created_time' => '2017-01-25T21:28:55+0000',
          'name' => 'European populists try to make common cause at a summit in Germany',
          'id' => '6013004059_10155034001339060',
          'message' => "The \x{201c}counter-summit\x{201d} was fuelled by discontent with the mainstream rather than anything resembling a programme. There was vanishingly little to the speeches beyond complaints, xenophobia and martyr complexes"
        };

Domain: economist.com
Response:
{"id":"1622501708043673_1648228372137673"}

Bloomberg Politics
-----------------------------

CBS News
-----------------------------

The Young Turks
-----------------------------

Occupy Democrats
-----------------------------

CBC News
-----------------------------

Newsweek
-----------------------------

CNN International
-----------------------------
$VAR1 = {
          'link' => 'http://cnn.it/2k1shYT',
          'caption' => 'www.cnn.com',
          'created_time' => '2017-01-25T21:20:02+0000',
          'name' => 'Trump on waterboarding: \'We have to fight fire with fire\'',
          'id' => '18793419640_10154944772414641',
          'message' => 'Donald J. Trump said "people at the highest level of intelligence" have told him that torture does work, something military experts have refuted.'
        };

Domain: cnn.com
Response:
{"id":"1622501708043673_1648228995470944"}

The New Yorker
-----------------------------
$VAR1 = {
          'link' => 'http://nyer.cm/1EIqL3f',
          'caption' => 'newyorker.com',
          'created_time' => '2017-01-25T21:30:04+0000',
          'name' => "Tom Price\x{2019}s Confirmation Hearing Muddies the Swamp",
          'id' => '9258148868_10154414690498869',
          'message' => "The mystery of Tom Price\x{2019}s hearings is how little shame is attached to congressmen\x{2019}s dubious business dealings."
        };

Domain: newyorker.com
Response:
{"id":"1622501708043673_1648229892137521"}

Rush Limbaugh
-----------------------------

The Independent
-----------------------------
$VAR1 = {
          'link' => 'http://www.independent.co.uk/news/world/americas/donald-trump-united-nations-funding-cuts-abortion-israel-settlements-president-executive-order-a7546486.html?cmpid=facebook-post',
          'caption' => 'independent.co.uk',
          'created_time' => '2017-01-25T21:23:00+0000',
          'name' => 'Trump to order billions of funding cuts to UN agencies',
          'id' => '13312631635_10154429282176636',
          'message' => 'US planning to dramatically reduce its role in the United Nations'
        };

Domain: independent.co.uk

TheBlaze
-----------------------------
$VAR1 = {
          'link' => 'http://www.theblaze.com/news/2017/01/25/study-news-networks-covered-the-womens-march-129-times-more-than-last-years-march-for-life/',
          'caption' => 'www.theblaze.com',
          'created_time' => '2017-01-25T21:28:00+0000',
          'name' => "Study: News networks covered the Women\x{2019}s March 129 times more than last year\x{2019}s March for Life",
          'id' => '140738092630206_1348227895214547',
          'message' => 'The networks show their priorities -- again.'
        };

Domain: theblaze.com
Response:
{"id":"1622501708043673_1648230738804103"}

NPR Politics
-----------------------------

The New York Times
-----------------------------
$VAR1 = {
          'link' => 'https://www.facebook.com/nytimes/videos/10151059768054999/',
          'created_time' => '2017-01-25T21:25:00+0000',
          'name' => 'Mary Tyler Moore Dies at 80',
          'id' => '5281959998_10151059768054999',
          'message' => 'Mary Tyler Moore, who died at 80, helped define a new vision of American womanhood through her roles in "The Dick Van Dyke Show" and "The Mary Tyler Moore Show."'
        };

NPR
-----------------------------

MSN
-----------------------------

CNN Politics
-----------------------------
$VAR1 = {
          'link' => 'http://cnn.it/2k18W9W',
          'caption' => 'www.cnn.com',
          'created_time' => '2017-01-25T21:21:01+0000',
          'name' => 'Activists climb construction crane near the White House',
          'id' => '219367258105115_1474678059240689',
          'message' => 'The crane could be seen from the Ellipse and the White House South Lawn.'
        };

Domain: cnn.com
Response:
{"id":"1622501708043673_1648231408804036"}

The Daily Show
-----------------------------

Daily Kos
-----------------------------
$VAR1 = {
          'link' => 'http://www.dailykos.com/stories/2017/1/25/1625021/-Ka-ching-Trump-hotels-plan-to-triple-their-locations-under-Trump-Mar-a-Lago-cashes-in?detail=facebook',
          'caption' => 'dailykos.com',
          'created_time' => '2017-01-25T21:30:00+0000',
          'name' => 'Ka-ching: Trump hotels plan to triple their locations under Trump; Mar-a-Lago cashes in',
          'id' => '43179984254_10155109683569255',
          'message' => 'He\'s not divested. Whatever money his hotels make, he gets to keep.'
        };

Domain: dailykos.com
Response:
{"id":"1622501708043673_1648232095470634"}

Yahoo News
-----------------------------
$VAR1 = {
          'link' => 'https://www.facebook.com/yahoonews/videos/1447954868577401/',
          'created_time' => '2017-01-25T21:20:32+0000',
          'name' => 'Chrissy Teigen shut down white nationalist Richard Spencer',
          'id' => '338028696036_1447954868577401',
          'message' => 'Chrissy Teigen shut down white supremacist "Nazi" Richard Spencer after he got punched in the face at Donald J. Trump\'s inauguration.'
        };

The Guardian
-----------------------------
$VAR1 = {
          'link' => 'https://www.theguardian.com/world/2017/jan/25/alt-right-movement-doxxing-richard-spencer-interview?CMP=fb_gu',
          'caption' => 'theguardian.com',
          'created_time' => '2017-01-25T21:20:02+0000',
          'name' => 'The weakening of the \'alt-right\': how infighting and doxxing are taking a toll',
          'id' => '10513336322_10155004543441323',
          'message' => 'Richard Spencer: "The doxxing is absolutely terrible and it does scare off a lot of people. I hate to say this but doxxing is a weapon, and it is a way of attacking people, and it often works."'
        };

Domain: theguardian.com
Response:
{"id":"1622501708043673_1648232572137253"}

CNN
-----------------------------
$VAR1 = {
          'link' => 'http://cnn.it/2k1tXl4',
          'caption' => 'www.cnn.com',
          'created_time' => '2017-01-25T21:20:02+0000',
          'name' => 'Trump on waterboarding: \'We have to fight fire with fire\'',
          'id' => '5550296508_10155972057191509',
          'message' => 'Donald J. Trump said "people at the highest level of intelligence" have told him that torture does work, something military experts have refuted.'
        };

Domain: cnn.com
Response:
{"id":"1622501708043673_1648232748803902"}

Slate.com
-----------------------------

the AP
-----------------------------

Sean Hannity
-----------------------------

The Ed Schultz Show
-----------------------------

The Atlantic
-----------------------------
$VAR1 = {
          'link' => 'http://www.mtv.com/news/2974741/helado-negro-profile/?xrs=_s.fb_atlantic',
          'caption' => 'mtv.com',
          'created_time' => '2017-01-25T21:20:11+0000',
          'name' => "Helado Negro\x{2019}s Songs Of Peace And Latinx Pride",
          'id' => '29259828486_10155055347033487',
          'message' => "\"It\x{2019}s an album designed to invite you in, to make you feel at home in its synth-looped, serene meditations, simultaneously timeless and of its very specific moment.\" (via MTV)"
        };

Domain: mtv.com

Bloomberg
-----------------------------
$VAR1 = {
          'link' => 'http://bloom.bg/2jSCLHN',
          'caption' => 'bloomberg.com',
          'created_time' => '2017-01-25T21:23:50+0000',
          'name' => 'Want a Job? Go West (and South)',
          'id' => '266790296879_10154974051661880',
          'message' => 'Hello, Florida.'
        };

Domain: bloomberg.com
Response:
{"id":"1622501708043673_1648233012137209"}
$VAR1 = {
          'link' => 'https://www.facebook.com/bloombergbusiness/videos/10154336201265829/',
          'created_time' => '2017-01-25T21:20:59+0000',
          'name' => 'All 3 Major U.S. Stock Indices Closed at Records Today',
          'id' => '266790296879_10154336201265829',
          'message' => 'MARKET UPDATE: All 3 major U.S. stock indices closed at records today http://bloom.bg/2kppGJg'
        };

BuzzFeed
-----------------------------

Fox News
-----------------------------
$VAR1 = {
          'link' => 'https://www.facebook.com/FoxNews/videos/10155044126576336/',
          'created_time' => '2017-01-25T21:25:01+0000',
          'id' => '15704546335_10155044126576336',
          'message' => 'Sean Hannity will interview President Donald J. Trump at The White House on THURSDAY. Tune in to Fox News Channel tomorrow at 10p ET. http://bit.ly/2k3wE5S'
        };

VICE
-----------------------------
$VAR1 = {
          'link' => 'https://www.vice.com/en_us/article/resist-greenpeace-white-house-activists-vgtrn?utm_source=vicefbus',
          'caption' => 'www.vice.com',
          'created_time' => '2017-01-25T21:21:00+0000',
          'name' => 'A Bunch of Greenpeace Activists Hung a \'Resist\' Banner from a Crane Behind the White House',
          'id' => '167115176655082_1541622482537671',
          'message' => 'Of course, the DC police department is pretty pissed about the whole thing.'
        };

Domain: vice.com

Glenn Beck
-----------------------------
$VAR1 = {
          'link' => 'http://www.theblaze.com/gwen-marie',
          'caption' => 'theblaze.com',
          'created_time' => '2017-01-25T21:30:01+0000',
          'name' => 'Armed & Generous',
          'id' => '36400348187_10154993219123188',
          'message' => 'Gwen Marie Collection and Dana Loesch chat about a stylish concealed-carry bag that donates part of your purchase to cancer research. Click now for 20% off #TheBlaze exclusive.'
        };

Domain: theblaze.com
Response:
{"id":"1622501708043673_1648233405470503"}

The Other 98%
-----------------------------
$VAR1 = {
          'link' => 'https://www.facebook.com/TheOther98/videos/1669833419694296/',
          'created_time' => '2017-01-25T21:30:00+0000',
          'name' => 'The Entire Country of Holland Trolls Trump',
          'id' => '114517875225866_1669833419694296'
        };


Total Posts Made:	16


