***********************************************************************************
Started at 16:30:01 on 11/15/2016
***********************************************************************************
Querying souces from the past 15 minutes....

Al Jazeera
-----------------------------

Upworthy
-----------------------------

The Huffington Post
-----------------------------
$VAR1 = {
          'link' => 'http://huff.to/2hBDHi2',
          'caption' => 'huffingtonpost.com',
          'created_time' => '2016-12-15T21:16:05+0000',
          'name' => 'North Carolina Republicans Lost An Election, So Now They\'re Trying To Undermine The Results',
          'id' => '18468761129_10154516116391130',
          'message' => 'Talk about sore losers.'
        };

Domain: huffingtonpost.com
Response:
{"id":"1622501708043673_1633020680325109"}

HuffPost Women
-----------------------------
$VAR1 = {
          'link' => 'http://huff.to/2hThHi0',
          'caption' => 'huffingtonpost.com',
          'created_time' => '2016-12-15T21:20:04+0000',
          'name' => 'In 2016, TV Shows Got Wonderfully Honest About Abortion',
          'id' => '153213781413350_1238750409526343',
          'message' => "\"Ultimately, the ability for women to make their own decisions \x{2015} regardless of what those decisions are \x{2015} is what reproductive care and choice are all about.\""
        };

Domain: huffingtonpost.com
Response:
{"id":"1622501708043673_1633020786991765"}

PBS News Hour
-----------------------------

ATTN:
-----------------------------

Reuters
-----------------------------

NowThis
-----------------------------

Daily Caller
-----------------------------

CNBC
-----------------------------

The Onion
-----------------------------

Opposing Views
-----------------------------

the Today Show
-----------------------------
$VAR1 = {
          'link' => 'http://www.today.com/kindness/international-adoption-one-family-s-love-made-difference-t105883',
          'caption' => 'today.com',
          'created_time' => '2016-12-15T21:20:01+0000',
          'name' => 'He was starving, on the brink of death... and then his mom found him',
          'id' => '12566691349_10154835755301350',
          'message' => 'He was 7 and the size of a toddler, starving and on the brink of death when a Tennessee mom saw his photo and she just knew: That was her child. #ShareKindness'
        };

Domain: today.com

Kotaku
-----------------------------

Washington Post
-----------------------------
$VAR1 = {
          'link' => 'https://www.washingtonpost.com/sports/craig-sager-tv-sports-reporter-known-for-colorful-wardrobe-dies-at-65/2016/12/15/a7981aa4-58f2-11e6-831d-0324760ca856_story.html?utm_term=.2293dea700fd%3Ftid%3Dsm_fb',
          'caption' => 'washingtonpost.com',
          'created_time' => '2016-12-15T21:30:01+0000',
          'name' => 'Craig Sager, TV sports reporter known for colorful wardrobe, dies at 65',
          'id' => '6250307292_10154535171962293',
          'message' => 'Craig Sager, who covered NBA games for TNT for 26 years, was diagnosed in 2014 with acute myeloid leukemia.'
        };

Domain: washingtonpost.com
Response:
{"id":"1622501708043673_1633020893658421"}

the American Center for Law and Justice
-----------------------------

VICE News
-----------------------------

PBS
-----------------------------
$VAR1 = {
          'link' => 'http://to.pbs.org/2gQcoSO',
          'caption' => 'pbs.org',
          'created_time' => '2016-12-15T21:28:47+0000',
          'name' => 'Dylann Roof found guilty in Charleston church massacre, could face death penalty',
          'id' => '19013582168_10154260591432169',
          'message' => 'Roof was found guilty on all 33 counts for fatally shooting nine members of the Emanuel African Methodist Episcopal Church in Charleston on June 17, 2015. (From PBS NewsHour)'
        };

Domain: pbs.org
Response:
{"id":"1622501708043673_1633020996991744"}

Mother Jones
-----------------------------

HuffPost Good News
-----------------------------
$VAR1 = {
          'link' => 'http://huff.to/2hzcuzH',
          'caption' => 'huffingtonpost.com',
          'created_time' => '2016-12-15T21:26:43+0000',
          'name' => 'Pics Of Chubby Asian Babies Will Warm Your Cold, Despondent 2016 Heart',
          'id' => '202163013203224_1225435690875946',
          'message' => 'THIS IS SO DAMN CUTE WE JUST CAN\'T HANDLE IT.'
        };

Domain: huffingtonpost.com
Response:
{"id":"1622501708043673_1633021450325032"}

BBC News
-----------------------------
$VAR1 = {
          'link' => 'http://bbc.in/2hAAuQa',
          'caption' => 'bbc.com',
          'created_time' => '2016-12-15T21:20:03+0000',
          'name' => 'A survivor\'s guide to living in Nunavut',
          'id' => '228735667216_10154212635157217',
          'message' => 'What is it like to live in the Arctic if you\'re blind?'
        };

Domain: bbc.com

Breaking News
-----------------------------

The Verge
-----------------------------
$VAR1 = {
          'link' => 'http://www.theverge.com/2016/12/15/12457800/rogue-one-star-wars-shore-trooper-costuming',
          'caption' => 'theverge.com',
          'created_time' => '2016-12-15T21:30:00+0000',
          'name' => 'How dedicated Star Wars fans built Rogue One costumes before they saw the film',
          'id' => '193742123995472_1285780141458326',
          'message' => 'Why wait?'
        };

Domain: theverge.com

New York Magazine
-----------------------------

TIME
-----------------------------

the Business Insider
-----------------------------
$VAR1 = {
          'link' => 'http://www.businessinsider.com/silence-review-martin-scorsese-movie-2016-12',
          'caption' => 'businessinsider.com',
          'created_time' => '2016-12-15T21:30:00+0000',
          'name' => 'The movie Martin Scorsese took 30 years to make, \'Silence,\' is one of his best',
          'id' => '20446254070_10154191443169071',
          'message' => 'Martin Scorsese\'s latest film is an incredible piece of storytelling.'
        };

Domain: businessinsider.com
$VAR1 = {
          'link' => 'http://read.bi/2hz3uud',
          'caption' => 'businessinsider.com',
          'created_time' => '2016-12-15T21:20:06+0000',
          'name' => 'NBA sideline reporter Craig Sager dead at age 65',
          'id' => '20446254070_10154191882074071',
          'message' => 'RIP, Craig Sager.'
        };

Domain: businessinsider.com

ThinkProgress
-----------------------------
$VAR1 = {
          'link' => 'https://thinkprogress.org/watch-the-bigotry-of-trumps-cabinet-441ab7f429e2#.q1rxw9br4',
          'caption' => 'thinkprogress.org',
          'created_time' => '2016-12-15T21:30:00+0000',
          'name' => "WATCH: The bigotry of Trump\x{2019}s cabinet",
          'id' => '200137333331078_1466003146744484',
          'message' => 'As Trump continues to assemble his cabinet, take a look at what the country is in for.'
        };

Domain: thinkprogress.org
Response:
{"id":"1622501708043673_1633021500325027"}

POLITICO
-----------------------------
$VAR1 = {
          'link' => 'http://politi.co/2hAPNZg',
          'caption' => 'politi.co',
          'created_time' => '2016-12-15T21:19:12+0000',
          'name' => 'Richard Haass under consideration for State Department deputy',
          'id' => '62317591679_10154097141696680',
          'message' => 'Richard Haass, a veteran of both Bush administrations, has served as director of policy planning at the State Department and as a senior director on the National Security Council.'
        };

Domain: politi.co

Alias: politico.com
Response:
{"id":"1622501708043673_1633021563658354"}

USA TODAY
-----------------------------
$VAR1 = {
          'link' => 'http://usat.ly/2hRTqsI',
          'caption' => 'usatoday.com',
          'created_time' => '2016-12-15T21:20:00+0000',
          'name' => 'Are Santa cams the creepiest trend in holiday surveillance?',
          'id' => '13652355666_10154167125980667',
          'message' => "It's the newest \x{2014} and possibly creepiest \x{2014} option in scare-your-child-into-good-behavior fake surveillance."
        };

Domain: usatoday.com
Response:
{"id":"1622501708043673_1633021663658344"}
$VAR1 = {
          'link' => 'http://www.usatoday.com/story/news/2016/12/15/emergency-responders-mistakenly-exposed-deadly-ricin/95481004/',
          'caption' => 'usatoday.com',
          'created_time' => '2016-12-15T21:15:31+0000',
          'name' => 'Emergency responders mistakenly exposed to deadly ricin',
          'id' => '13652355666_10154168312800667',
          'message' => "\"It\x{2019}s beyond careless and outrageous. It's almost malfeasance.\""
        };

Domain: usatoday.com
Response:
{"id":"1622501708043673_1633021730325004"}

American News
-----------------------------
$VAR1 = {
          'link' => 'http://americannews.com/told-air-force-coach-not-quote-bible-instead/',
          'caption' => 'americannews.com',
          'created_time' => '2016-12-15T21:30:00+0000',
          'name' => 'They Told The Air Force Coach Not To Quote The Bible, So He Did THIS Instead',
          'id' => '179035672287016_898454487011794',
          'message' => 'They tried to censor the coaches\' faith, but he refused.

This is man of God, and a man on country. Bless him.

\'SHARE\' this if you stand behind this Coaches refusal to surrender his faith!'
        };

Domain: americannews.com

ABC News
-----------------------------

HuffPost Politics
-----------------------------

NBC News
-----------------------------

AJ+
-----------------------------
$VAR1 = {
          'link' => 'https://www.facebook.com/ajplusenglish/videos/861059550702220/',
          'created_time' => '2016-12-15T21:30:00+0000',
          'name' => 'OP-ED: Muslim Registry',
          'id' => '407570359384477_861059550702220',
          'message' => 'The time is now for President Obama to delete a Muslim registry before the Trump Administration gets its hands on it.'
        };

Wikileaks
-----------------------------

CNNMoney
-----------------------------
$VAR1 = {
          'link' => 'http://cnnmon.ie/2gXfSmS',
          'caption' => 'www.aol.com',
          'created_time' => '2016-12-15T21:15:11+0000',
          'name' => 'Tips to become a networking pro',
          'id' => '6651543066_10154192738583067',
          'message' => 'You may be at a professional networking event, but don\'t just stick to business topics! http://cnnmon.ie/2gXfSmS via AOL Finance'
        };

Domain: aol.com

ABC News Politics
-----------------------------

Right Wing News
-----------------------------
$VAR1 = {
          'link' => 'http://www.opposingviews.com/i/society/pennsylvania-woman-arrested-collecting-130000-welfare-benefits-three-children-who-never?fb=rwn',
          'caption' => 'opposingviews.com',
          'created_time' => '2016-12-15T21:30:00+0000',
          'name' => 'This Woman Got More In Welfare Payments For 3 Imaginary Kids Than Most People Make In Many Years',
          'id' => '389658314427637_1638965776163545',
          'message' => 'This woman got welfare payments for 3 imaginary kids. When it was all said and done, she made more in welfare than most Americans make annually over the course of multiple years.'
        };

Domain: opposingviews.com

The Wall Street Journal
-----------------------------
$VAR1 = {
          'link' => 'http://on.wsj.com/2hpHFNk',
          'caption' => 'wsj.com',
          'created_time' => '2016-12-15T21:20:08+0000',
          'name' => 'The Children of the Opioid Crisis',
          'id' => '8304333127_10155115953933128',
          'message' => 'Social workers say the scale of the trouble exceeds anything they saw during the crack-cocaine or methamphetamine crises. Heroin and other opioids are so addictive they can overwhelm even the strongest parental instinct to care for a child.'
        };

Domain: wsj.com
Response:
{"id":"1622501708043673_1633021786991665"}
$VAR1 = {
          'link' => 'http://on.wsj.com/2hAFrsB',
          'caption' => 'wsj.com',
          'created_time' => '2016-12-15T21:20:08+0000',
          'name' => 'Top 10 Colleges in the Philadelphia Area',
          'id' => '8304333127_10155115953913128',
          'message' => 'Philadelphia is a great college town - here\'s how those schools compare head-to-head.'
        };

Domain: wsj.com
Response:
{"id":"1622501708043673_1633022003658310"}

MSNBC
-----------------------------

the Drudge Report
-----------------------------

Mic
-----------------------------
$VAR1 = {
          'link' => 'https://www.facebook.com/MicMedia/videos/1326735437349243/',
          'created_time' => '2016-12-15T21:20:14+0000',
          'id' => '174742062548592_1326735437349243',
          'message' => 'Grab THESE p*ssies.'
        };

The Economist
-----------------------------

Bloomberg Politics
-----------------------------

CBS News
-----------------------------
$VAR1 = {
          'link' => 'http://cbsn.ws/2hAQOAv',
          'caption' => 'www.cbsnews.com',
          'created_time' => '2016-12-15T21:30:02+0000',
          'name' => 'James Patterson gives holiday bonuses to bookstore employees',
          'id' => '131459315949_10154174765730950',
          'message' => 'Bookstore employees from Los Angeles to Austin, Texas, will have some extra holiday spending money thanks to best-selling author James Patterson.'
        };

Domain: cbsnews.com
Response:
{"id":"1622501708043673_1633022323658278"}

The Young Turks
-----------------------------

Occupy Democrats
-----------------------------

CBC News
-----------------------------
$VAR1 = {
          'link' => 'http://www.cbc.ca/news/canada/saskatchewan/prisoner-killed-sask-penitentiary-1.3898175',
          'caption' => 'cbc.ca',
          'created_time' => '2016-12-15T21:30:00+0000',
          'name' => 'Saskatchewan prison riot after knife fight leaves inmate dead, several wounded',
          'id' => '5823419603_10154947116489604',
          'message' => 'Guards shot six inmates, sending five to hospital with non-life threatening.'
        };

Newsweek
-----------------------------

CNN International
-----------------------------
$VAR1 = {
          'link' => 'https://www.facebook.com/cnninternational/videos/10154795668934641/',
          'created_time' => '2016-12-15T21:16:30+0000',
          'name' => 'Drone footage shows buses and ambulances helping people evacua...',
          'id' => '18793419640_10154795668934641',
          'message' => 'Drone footage from Aleppo Media Center shows buses and ambulances lining the ruined streets as civilians evacuate eastern Aleppo http://cnn.it/2h5Bif1'
        };

The New Yorker
-----------------------------
$VAR1 = {
          'link' => 'http://nyer.cm/y2ijCHY',
          'caption' => 'newyorker.com',
          'created_time' => '2016-12-15T21:30:21+0000',
          'name' => 'Terrorism in Charleston',
          'id' => '9258148868_10154286835733869',
          'message' => 'The actions of Dylann Roof, who was found guilty on all counts in the Charleston shooting, were far more than a hate crime.'
        };

Domain: newyorker.com
Response:
{"id":"1622501708043673_1633022653658245"}

Rush Limbaugh
-----------------------------

The Independent
-----------------------------
$VAR1 = {
          'link' => 'https://www.indy100.com/article/donald-trump-democracy-7476836',
          'caption' => 'indy100.com',
          'created_time' => '2016-12-15T21:15:40+0000',
          'name' => 'The photo that proves Donald Trump has a disregard for democracy',
          'id' => '13312631635_10154292117816636',
          'message' => '\'Trump is abusing his position of power\''
        };

Domain: indy100.com

TheBlaze
-----------------------------
$VAR1 = {
          'link' => 'http://bit.ly/2hpIbea',
          'caption' => 'http://bit.ly/2hpIbea',
          'created_time' => '2016-12-15T21:22:02+0000',
          'name' => 'Even today, Declaration of Independence is cornerstone of American government',
          'id' => '140738092630206_1302339809803356',
          'message' => 'Check out the links between our own U.S. Constitution and Declaration of Independence with Glenn Beck and David Barton!'
        };

NPR Politics
-----------------------------
$VAR1 = {
          'link' => 'http://www.npr.org/2016/12/15/505692944/trump-lashes-out-at-vanity-fair-one-day-after-it-lambastes-his-restaurant?utm_source=twitter.com&utm_campaign=politics&utm_medium=social&utm_term=nprnews',
          'caption' => 'npr.org',
          'created_time' => '2016-12-15T21:30:01+0000',
          'name' => 'Trump Lashes Out At Vanity Fair, One Day After It Lambastes His Restaurant',
          'id' => '1604383669807606_1831162697129701',
          'message' => 'Trump has had a long-running feud with the magazine\'s editor, who once termed him a "short-fingered vulgarian."'
        };

Domain: npr.org
Response:
{"id":"1622501708043673_1633022850324892"}

The New York Times
-----------------------------
$VAR1 = {
          'link' => 'https://www.nytimes.com/2016/12/15/world/europe/its-like-a-miracle-woman-gives-birth-using-ovary-frozen-since-childhood.html?smid=fb-nytimes&smtyp=cur',
          'caption' => 'nytimes.com',
          'created_time' => '2016-12-15T21:25:00+0000',
          'name' => "\x{2018}It\x{2019}s Like a Miracle\x{2019}: Woman Gives Birth Using Ovary Frozen Since Childhood",
          'id' => '5281959998_10151011447549999',
          'message' => 'She made medical history by giving birth after having had an ovary removed and its tissue frozen when she was 9, before reaching puberty.'
        };

Domain: nytimes.com
Response:
{"id":"1622501708043673_1633022933658217"}

NPR
-----------------------------

MSN
-----------------------------

CNN Politics
-----------------------------
$VAR1 = {
          'link' => 'http://cnn.it/2h5phq2',
          'caption' => 'www.cnn.com',
          'created_time' => '2016-12-15T21:17:01+0000',
          'name' => 'Earnest escalates censure of Trump and Russia',
          'id' => '219367258105115_1397090153666147',
          'message' => 'White House Press Secretary Josh Earnest dismissed Donald J. Trump\'s response as unserious, and encouraged him to answer questions about the hacking instead of questioning US intelligence.'
        };

Domain: cnn.com
Response:
{"id":"1622501708043673_1633023023658208"}

The Daily Show
-----------------------------

Daily Kos
-----------------------------
$VAR1 = {
          'link' => 'http://www.dailykos.com/story/2016/12/15/1611337/-Ken-Burns-on-the-Way-Forward-in-the-Trump-Era-Be-a-Citizen-and-Engage-Others?detail=facebook',
          'caption' => 'dailykos.com',
          'created_time' => '2016-12-15T21:30:00+0000',
          'name' => 'Ken Burns on the Way Forward in the Trump Era: Engagement with Others.',
          'id' => '43179984254_10154967337959255',
          'message' => 'He\'s right.

By Daily Kos user TomP'
        };

Domain: dailykos.com
Response:
{"id":"1622501708043673_1633023103658200"}

Yahoo News
-----------------------------
$VAR1 = {
          'link' => 'https://www.facebook.com/yahoonews/videos/10154991304851037/',
          'created_time' => '2016-12-15T21:20:00+0000',
          'name' => "50-Year Anniversary of Walt Disney\x{2019}s Death",
          'id' => '338028696036_10154991304851037',
          'message' => '50 years ago today, Walt Disney passed away from lung cancer.'
        };

The Guardian
-----------------------------

CNN
-----------------------------
$VAR1 = {
          'link' => 'https://www.facebook.com/cnn/videos/10155762171951509/',
          'created_time' => '2016-12-15T21:16:42+0000',
          'name' => 'Drone footage shows buses and ambulances helping people evacua...',
          'id' => '5550296508_10155762171951509',
          'message' => 'Drone footage from Aleppo Media Center shows buses and ambulances lining the ruined streets as civilians evacuate eastern Aleppo http://cnn.it/2h5EDdQ'
        };

Slate.com
-----------------------------

the AP
-----------------------------

Sean Hannity
-----------------------------

The Ed Schultz Show
-----------------------------

The Atlantic
-----------------------------
$VAR1 = {
          'link' => 'http://theatln.tc/2hyABOM',
          'caption' => 'theatlantic.com',
          'created_time' => '2016-12-15T21:23:00+0000',
          'name' => '\'Barry\' Is an Obama Biopic for an Uneasy Moment',
          'id' => '29259828486_10154911838483487',
          'message' => "The film is sometimes too cute for its own good, but it tries to avoid making too many obvious winks about Obama\x{2019}s future, instead rooting itself in his uncertainty."
        };

Domain: theatlantic.com

Bloomberg
-----------------------------
$VAR1 = {
          'link' => 'http://bloom.bg/2gQ5TPS',
          'caption' => 'bloomberg.com',
          'created_time' => '2016-12-15T21:23:05+0000',
          'name' => 'The $1 Billion Price for Yahoo\'s Incompetence',
          'id' => '266790296879_10154835722856880',
          'message' => 'This could become the costliest corporate cyberattack in history.'
        };

Domain: bloomberg.com
Response:
{"id":"1622501708043673_1633023220324855"}

BuzzFeed
-----------------------------

Fox News
-----------------------------

VICE
-----------------------------

Glenn Beck
-----------------------------
$VAR1 = {
          'link' => 'http://www.glennbeck.com/2016/12/13/micheal-medved-part-ii-the-most-important-cigars-in-american-history/',
          'caption' => 'glennbeck.com',
          'created_time' => '2016-12-15T21:29:02+0000',
          'name' => 'Micheal Medved Part II: The Most Important Cigars in American History',
          'id' => '36400348187_10154851053738188',
          'message' => 'A discussion about one of the most unlikely people to become president.'
        };

Domain: glennbeck.com
Response:
{"id":"1622501708043673_1633023303658180"}

The Other 98%
-----------------------------
$VAR1 = {
          'link' => 'http://usuncut.com/black-lives-matter/white-students-turn-backs-black-basketball-team/',
          'caption' => 'usuncut.com',
          'created_time' => '2016-12-15T21:19:47+0000',
          'name' => 'White high school students hold up Trump sign and turn their backs on black basketball team',
          'id' => '114517875225866_1582672921743680',
          'message' => 'Outrageous.'
        };

Domain: usuncut.com


Total Posts Made:	19


