***********************************************************************************
Started at 09:30:01 on 11/21/2016
***********************************************************************************
Querying souces from the past 15 minutes....

Al Jazeera
-----------------------------

Upworthy
-----------------------------
$VAR1 = {
          'link' => 'http://u.pw/2hWGpz4',
          'caption' => 'upworthy.com',
          'created_time' => '2016-12-21T14:20:49+0000',
          'name' => 'Subway riders in New York are paying $2 for 5 minutes of advice from an 11-year-old.',
          'id' => '354522044588660_1542571409117045',
          'message' => 'He was bullied in school, so he started offering advice to adults having a tough time.'
        };

Domain: upworthy.com

The Huffington Post
-----------------------------

HuffPost Women
-----------------------------
$VAR1 = {
          'link' => 'http://huff.to/2hHll1F',
          'caption' => 'huffingtonpost.com',
          'created_time' => '2016-12-21T14:20:09+0000',
          'name' => 'Lena Dunham Apologizes For \'Distasteful\' Abortion Remark',
          'id' => '153213781413350_1246676872067030',
          'message' => "\"I would never, ever intentionally trivialize the emotional and physical challenges of terminating a pregnancy.\x{201d}"
        };

Domain: huffingtonpost.com
Response:
{"error":{"message":"It looks like you were misusing this feature by going too fast. You\u2019ve been blocked from using it.\n\nLearn more about blocks in the Help Center.","type":"OAuthException","code":368,"error_subcode":1390008,"error_user_msg":"","fbtrace_id":"B6UvS0PpXuA"}}

Facebook is being a bitch and won't let me publish. Muck Zack Fuckerberg. Try again in a few hours.

