***********************************************************************************
Started at 20:15:01 on 11/19/2016
***********************************************************************************
Querying souces from the past 15 minutes....

Al Jazeera
-----------------------------

Upworthy
-----------------------------

The Huffington Post
-----------------------------
$VAR1 = {
          'link' => 'http://huff.to/2hNnqXZ',
          'caption' => 'huffingtonpost.com',
          'created_time' => '2016-12-20T01:05:55+0000',
          'name' => 'Judge Cleared Of Misconduct In Stanford Sex Assault Case',
          'id' => '18468761129_10154529142671130',
          'message' => 'Wow.'
        };

Domain: huffingtonpost.com
Response:
{"id":"1622501708043673_1634635906830253"}

HuffPost Women
-----------------------------
$VAR1 = {
          'link' => 'http://huff.to/2hMyQex',
          'caption' => 'huffingtonpost.com',
          'created_time' => '2016-12-20T01:01:04+0000',
          'name' => 'Merry Christmas, From Samantha Bee And Glenn Beck',
          'id' => '153213781413350_1244624652272252',
          'message' => 'Is this how you pictured end times?'
        };

Domain: huffingtonpost.com
Response:
{"id":"1622501708043673_1634636023496908"}

PBS News Hour
-----------------------------

ATTN:
-----------------------------

Reuters
-----------------------------
$VAR1 = {
          'link' => 'http://reut.rs/2i91DZM',
          'caption' => 'www.reuters.com',
          'created_time' => '2016-12-20T01:05:12+0000',
          'name' => 'Wall Street extends rally but Germany truck deaths reduce gains',
          'id' => '114050161948682_1330355900318096',
          'message' => 'Wall Street extended a recent rally on Monday but finished the session short of earlier highs after several people were killed by a truck driven into a Christmas market in Germany.'
        };

Domain: reuters.com

NowThis
-----------------------------
$VAR1 = {
          'link' => 'https://www.facebook.com/NowThisNews/videos/1272843566139098/',
          'created_time' => '2016-12-20T01:15:00+0000',
          'name' => 'Big Pharma Is Taking Oxycontin Worldwide',
          'id' => '341163402640457_1272843566139098',
          'message' => "Big pharma is just \x{2018}getting started\x{2019} on bringing Oxycontin across the globe"
        };

Daily Caller
-----------------------------
$VAR1 = {
          'link' => 'http://trib.al/PhSIqAs',
          'caption' => 'smokeroom.com',
          'created_time' => '2016-12-20T01:12:13+0000',
          'name' => 'UFC Star Says Hello On A Monday With Sizzling Outfit',
          'id' => '182919686769_10154062354726770',
          'message' => 'Should revealing photos like this be allowed on Instagram?'
        };

Domain: smokeroom.com

CNBC
-----------------------------
$VAR1 = {
          'link' => 'http://cnb.cx/2i8OTCf',
          'created_time' => '2016-12-20T01:05:39+0000',
          'name' => 'Mad Money',
          'id' => '97212224368_10155013005874369'
        };

The Onion
-----------------------------

Opposing Views
-----------------------------

the Today Show
-----------------------------
$VAR1 = {
          'link' => 'http://www.today.com/home/its-magical-brooklyns-famous-gingerbread-house-sale-t60461?cid=sm_fbn',
          'caption' => 'today.com',
          'created_time' => '2016-12-20T01:09:01+0000',
          'name' => 'It\'s \'magical\'! Brooklyn\'s famous \'Gingerbread House\' is for sale',
          'id' => '12566691349_10154841855781350',
          'message' => 'The master bedroom is gorgeous!'
        };

Domain: today.com

Kotaku
-----------------------------
$VAR1 = {
          'link' => 'http://trib.al/nAcLNrq',
          'caption' => 'kotaku.com',
          'created_time' => '2016-12-20T01:08:39+0000',
          'name' => 'Enormous Minecraft Art Is Reaching For The Heavens',
          'id' => '273824104039_10154942686619040',
          'message' => 'The flythrough video is great.'
        };

Domain: kotaku.com

Washington Post
-----------------------------

the American Center for Law and Justice
-----------------------------

VICE News
-----------------------------

PBS
-----------------------------

Mother Jones
-----------------------------

HuffPost Good News
-----------------------------

BBC News
-----------------------------

Breaking News
-----------------------------

The Verge
-----------------------------

New York Magazine
-----------------------------
$VAR1 = {
          'link' => 'http://nym.ag/2hN2vo0',
          'caption' => 'vulture.com',
          'created_time' => '2016-12-20T01:09:10+0000',
          'name' => 'The 10 Most Important Late-Night TV Moments in 2016',
          'id' => '14516439825_10154871838449826',
          'message' => 'The most significant moments in late night during an election campaign that was, quite simply, batshit.'
        };

Domain: vulture.com

TIME
-----------------------------
$VAR1 = {
          'link' => 'http://ti.me/2gUzowT',
          'caption' => 'fortune.com',
          'created_time' => '2016-12-20T01:01:07+0000',
          'name' => 'Patients May Live Longer If Their Doctor is a Woman',
          'id' => '10606591490_10154275286326491',
          'message' => "The researchers estimated that approximately 32,000 fewer patients would die \x{201c}if male physicians could achieve the same outcomes as female physicians every year.\""
        };

Domain: fortune.com

the Business Insider
-----------------------------
$VAR1 = {
          'link' => 'http://read.bi/2i2GSTt',
          'caption' => 'businessinsider.com',
          'created_time' => '2016-12-20T01:15:06+0000',
          'name' => 'TINDER COFOUNDER: The biggest mistakes people make with their photos',
          'id' => '20446254070_10154203837429071',
          'message' => 'Ditch the model shots.'
        };

Domain: businessinsider.com

ThinkProgress
-----------------------------

POLITICO
-----------------------------
$VAR1 = {
          'link' => 'http://politi.co/2hOh7Wz',
          'caption' => 'politi.co',
          'created_time' => '2016-12-20T01:00:26+0000',
          'name' => 'Mills, State Department oppose video release in Clinton email case',
          'id' => '62317591679_10154110660911680',
          'message' => 'Lawyers for the State Department and former Hillary Clinton aide Cheryl Mills are opposing Judicial Watch\'s move to unseal videos of depositions taken in a Freedom of Information act lawsuit relating to Clinton\'s use of a private email account.'
        };

Domain: politi.co

Alias: politico.com
Response:
{"id":"1622501708043673_1634636080163569"}

USA TODAY
-----------------------------
$VAR1 = {
          'link' => 'http://www.usatoday.com/story/news/world/2016/12/19/truck-christmas-market-berlin/95620986/',
          'caption' => 'usatoday.com',
          'created_time' => '2016-12-20T01:13:14+0000',
          'name' => 'Truck slams into Christmas market in Berlin, killing at least 12',
          'id' => '13652355666_10154184816175667',
          'message' => 'Berlin police say the death toll is up to at least 12 in the Berlin incident.'
        };

Domain: usatoday.com
Response:
{"id":"1622501708043673_1634636156830228"}

American News
-----------------------------

ABC News
-----------------------------
$VAR1 = {
          'link' => 'http://abcn.ws/2i38K9X',
          'caption' => 'abcnews.go.com',
          'created_time' => '2016-12-20T01:15:12+0000',
          'name' => 'Warrant Related to Clinton Emails to be Unsealed Tuesday',
          'id' => '86680728811_10155159840803812',
          'message' => "Federal judge orders search warrant and supporting documents that authorized the FBI \x{2013} Federal Bureau of Investigation in final days before the election to examine laptop in connection with Hillary Clinton's use of private email server be unsealed Tuesday."
        };

Domain: go.com
Response:
{"id":"1622501708043673_1634636210163556"}

HuffPost Politics
-----------------------------
$VAR1 = {
          'link' => 'http://huff.to/2i2tkHz',
          'caption' => 'huffingtonpost.com',
          'created_time' => '2016-12-20T01:01:16+0000',
          'name' => 'Could Republicans Undo Marriage Equality? Yes -- And Here\'s How',
          'id' => '56845382910_10154622145047911',
          'message' => 'The Republican plan is to redefine marriage.'
        };

Domain: huffingtonpost.com
Response:
{"id":"1622501708043673_1634636283496882"}

NBC News
-----------------------------
$VAR1 = {
          'link' => 'http://nbcnews.to/2gUE06a',
          'caption' => 'msnbc.com',
          'created_time' => '2016-12-20T01:01:14+0000',
          'name' => 'Sending the scent of the holidays everywhere',
          'id' => '155869377766434_1627768360576521',
          'message' => 'That balsam fir smell makes many merry. 

In this week\'s "Your Business," find out how one company gets handcrafted mail-order wreaths around the U.S., even in wintry weather.'
        };

Domain: msnbc.com
Response:
{"id":"1622501708043673_1634636290163548"}

AJ+
-----------------------------

Wikileaks
-----------------------------

CNNMoney
-----------------------------
$VAR1 = {
          'link' => 'http://cnnmon.ie/2h50ZMB',
          'caption' => 'money.cnn.com',
          'created_time' => '2016-12-20T01:05:10+0000',
          'name' => 'What it costs to pump a barrel of oil in the 20 biggest oil producing nations',
          'id' => '6651543066_10154204166408067',
          'message' => 'In some countries, the cost of producing oil is already higher than its sales price. http://cnnmon.ie/2h50ZMB'
        };

Domain: cnn.com
Response:
{"id":"1622501708043673_1634636353496875"}

ABC News Politics
-----------------------------
$VAR1 = {
          'link' => 'http://abcn.ws/2hLCiWY',
          'caption' => 'abcnews.go.com',
          'created_time' => '2016-12-20T01:11:04+0000',
          'name' => 'France, Russia Reach Compromise as Aleppo Rescue Uncertain',
          'id' => '184096565021911_1130948703670021',
          'message' => 'France struck a compromise Sunday with Russia on a United Nations resolution that it said would prevent "mass atrocities" in besieged areas of Aleppo, where thousands of trapped civilians and rebel fighters await evacuation in freezing temperatures.'
        };

Domain: go.com
Response:
{"id":"1622501708043673_1634636400163537"}

Right Wing News
-----------------------------
$VAR1 = {
          'link' => 'http://rightwingnews.com/top-news/course-obama-takes-final-swing-coal-industry-bad/',
          'caption' => 'rightwingnews.com',
          'created_time' => '2016-12-20T01:02:48+0000',
          'name' => 'OF COURSE HE DID! Obama Takes Final SWING At Coal Industry- This Is Bad',
          'id' => '389658314427637_1644477315612391',
          'message' => 'Down Satan...DOWN!'
        };

Domain: rightwingnews.com

The Wall Street Journal
-----------------------------
$VAR1 = {
          'link' => 'http://on.wsj.com/2i8TIMb',
          'caption' => 'wsj.com',
          'created_time' => '2016-12-20T01:10:03+0000',
          'name' => 'Three People Injured in Shooting at Swiss Mosque',
          'id' => '8304333127_10155139119143128',
          'message' => "Zurich city police said an unidentified person entered the center, not far from the city\x{2019}s main train station, on Monday evening and fired several shots at a group of people gathered there for prayers."
        };

Domain: wsj.com
Response:
{"id":"1622501708043673_1634636486830195"}

MSNBC
-----------------------------

the Drudge Report
-----------------------------

Mic
-----------------------------

The Economist
-----------------------------

Bloomberg Politics
-----------------------------

CBS News
-----------------------------
$VAR1 = {
          'link' => 'http://cbsn.ws/2hAZFEm',
          'caption' => 'www.cbsnews.com',
          'created_time' => '2016-12-20T01:10:06+0000',
          'name' => 'Judge cleared of misconduct for Stanford sexual assault sentence',
          'id' => '131459315949_10154187143825950',
          'message' => 'Judge Aaron Persky was cleared of misconduct after sentencing Stanford University student Brock Turner to six months for sexually assaulting an unconscious woman.'
        };

Domain: cbsnews.com
Response:
{"id":"1622501708043673_1634636550163522"}
$VAR1 = {
          'link' => 'http://cbsn.ws/2hBH8YF',
          'caption' => 'www.cbsnews.com',
          'created_time' => '2016-12-20T01:03:05+0000',
          'name' => 'Truck slams into Berlin Christmas market; 12 dead',
          'id' => '131459315949_10154187132200950',
          'message' => 'UPDATE: 12 people are dead, 48 others are injured after a truck plowed through a crowd at a Christmas market in Berlin, police say.'
        };

Domain: cbsnews.com
Response:
{"id":"1622501708043673_1634636603496850"}

The Young Turks
-----------------------------

Occupy Democrats
-----------------------------

CBC News
-----------------------------

Newsweek
-----------------------------

CNN International
-----------------------------

The New Yorker
-----------------------------
$VAR1 = {
          'link' => 'http://nyer.cm/48bgfVo',
          'caption' => 'newyorker.com',
          'created_time' => '2016-12-20T01:01:02+0000',
          'name' => 'Making America White Again',
          'id' => '9258148868_10154301245958869',
          'message' => "Toni Morrison writes: The sad plight of grown white men, slaughtering the innocent during traffic stops, pushing black women\x{2019}s faces into the dirt, handcuffing black children. Only the frightened would do that. Right?"
        };

Domain: newyorker.com
Response:
{"id":"1622501708043673_1634636676830176"}

Rush Limbaugh
-----------------------------

The Independent
-----------------------------
$VAR1 = {
          'link' => 'http://www.independent.co.uk/sport/bbc-sports-personality-of-the-year-2016-andy-murray-trophy-broken-a7483896.html?cmpid=facebook-post',
          'caption' => 'independent.co.uk',
          'created_time' => '2016-12-20T01:01:00+0000',
          'name' => 'There was something very wrong with Andy Murray\'s BBC Sports Personality of the Year trophy',
          'id' => '13312631635_10154306097861636',
          'message' => 'Not ideal'
        };

Domain: independent.co.uk

TheBlaze
-----------------------------

NPR Politics
-----------------------------

The New York Times
-----------------------------

NPR
-----------------------------

MSN
-----------------------------

CNN Politics
-----------------------------

The Daily Show
-----------------------------

Daily Kos
-----------------------------

Yahoo News
-----------------------------
$VAR1 = {
          'link' => 'https://yhoo.it/2i6GQWO',
          'caption' => 'yahoo.com',
          'created_time' => '2016-12-20T01:00:45+0000',
          'name' => 'Nepali girl dies due to banned Hindu practice',
          'id' => '338028696036_10155008870021037',
          'message' => 'A 15-year-old girl has died in Nepal after she was banished to a shed because she was menstruating.'
        };

Domain: yahoo.com
Response:
{"id":"1622501708043673_1634636800163497"}

The Guardian
-----------------------------

CNN
-----------------------------

Slate.com
-----------------------------
$VAR1 = {
          'link' => 'http://slate.me/2hMUDoW',
          'caption' => 'slate.com',
          'created_time' => '2016-12-20T01:01:15+0000',
          'name' => "How Watching the Election Results Felt Like Sitting Through the Finale of TBS\x{2019}s Search Party",
          'id' => '21516776437_10154672567736438',
          'message' => 'Really.'
        };

Domain: slate.com
Response:
{"id":"1622501708043673_1634636913496819"}

the AP
-----------------------------
$VAR1 = {
          'link' => 'https://www.facebook.com/APNews/photos/a.10150366988291623.355082.249655421622/10154161252766623/?type=3',
          'created_time' => '2016-12-20T01:08:00+0000',
          'name' => 'Timeline Photos',
          'id' => '249655421622_10154161252766623',
          'message' => 'A protester on the balcony shouts at Tennessee electors during the Electoral College voting process in this #360Photo. Read more about the vote: http://apne.ws/2gVsZBs (AP Photo/Kristin Hall)'
        };

Sean Hannity
-----------------------------

The Ed Schultz Show
-----------------------------

The Atlantic
-----------------------------
$VAR1 = {
          'link' => 'http://theatln.tc/2i3bsfK',
          'caption' => 'theatlantic.com',
          'created_time' => '2016-12-20T01:13:38+0000',
          'name' => 'New Orleans Settles $13.3 Million for Police Brutality',
          'id' => '29259828486_10154927130553487',
          'message' => 'The city is paying for civil rights violations'
        };

Domain: theatlantic.com

Bloomberg
-----------------------------
$VAR1 = {
          'link' => 'http://bloom.bg/2h4dwCz',
          'caption' => 'bloomberg.com',
          'created_time' => '2016-12-20T01:11:48+0000',
          'name' => 'The Case for the 2017 Toyota Tacoma TRD Pro Truck',
          'id' => '266790296879_10154849072421880',
          'message' => 'There are alternatives to the Ford F-150, believe it or not.'
        };

Domain: bloomberg.com
Response:
{"id":"1622501708043673_1634637056830138"}

BuzzFeed
-----------------------------

Fox News
-----------------------------

VICE
-----------------------------

Glenn Beck
-----------------------------

The Other 98%
-----------------------------
$VAR1 = {
          'link' => 'http://usuncut.com/politics/trump-may-just-committed-impeachable-offense/',
          'caption' => 'usuncut.com',
          'created_time' => '2016-12-20T01:02:34+0000',
          'name' => 'Trump may have just committed an impeachable offense',
          'id' => '114517875225866_1590306164313689'
        };

Domain: usuncut.com


Total Posts Made:	16


