***********************************************************************************
Started at 15:45:01 on 00/15/2017
***********************************************************************************
Querying souces from the past 15 minutes....

Al Jazeera
-----------------------------

Upworthy
-----------------------------
$VAR1 = {
          'link' => 'http://u.pw/2jFiW5l',
          'caption' => 'upworthy.com',
          'created_time' => '2017-01-15T20:35:00+0000',
          'name' => 'Latino Twitter had a pretty epic response to Mike Pence over \'that Mexican thing.\'',
          'id' => '354522044588660_1598016560239196',
          'message' => 'During the VP debate, Mike Pence made a throwaway comment about "that Mexican thing." Naturally, the internet had a field day.'
        };

Domain: upworthy.com

The Huffington Post
-----------------------------

HuffPost Women
-----------------------------

PBS News Hour
-----------------------------

ATTN:
-----------------------------
$VAR1 = {
          'link' => 'http://www.attn.com/stories/14279/these-are-members-congress-not-attending-inauguration?utm_source=facebook&utm_medium=post&utm_campaign=internal',
          'caption' => 'attn.com',
          'created_time' => '2017-01-15T20:36:00+0000',
          'name' => 'Here\'s Who Will Be Boycotting the Presidential Inauguration This Friday',
          'id' => '160389977329803_1256384801063643',
          'message' => 'Trump may not take this lightly.'
        };

Domain: attn.com

Reuters
-----------------------------

NowThis
-----------------------------

Daily Caller
-----------------------------
$VAR1 = {
          'link' => 'http://trib.al/JEHXCrV',
          'caption' => 'dailycaller.com',
          'created_time' => '2017-01-15T20:36:02+0000',
          'name' => 'Millennials Financially Worse Off Than Their Parents Were As Young People',
          'id' => '182919686769_10154139865311770',
          'message' => 'While President Barack Obama is leaving office claiming victory on the economy, millennials are financially worse off than their baby boomer parents were at the same age.'
        };

Domain: dailycaller.com

CNBC
-----------------------------
$VAR1 = {
          'link' => 'http://cnb.cx/2izAke9',
          'caption' => 'cnbc.com',
          'created_time' => '2017-01-15T20:35:10+0000',
          'name' => 'List of Democratic lawmakers protesting Trump inaugural gets longer',
          'id' => '97212224368_10155107170769369',
          'message' => 'What do you think of this decision?'
        };

Domain: cnbc.com

The Onion
-----------------------------

Opposing Views
-----------------------------
$VAR1 = {
          'link' => 'https://www.opposingviews.com/i/society/nicole-kidman-celebs-protesting-trump-get-over-it-video?fb=ptba',
          'caption' => 'opposingviews.com',
          'created_time' => '2017-01-15T20:35:00+0000',
          'name' => 'A-Lister Nicole Kidman Has One Harsh Message For People Protesting Trump\'s Presidency',
          'id' => '34226391050_10154431359456051',
          'message' => 'In a recent interview, Oscar-winner Nicole Kidman delivered one short and sweet message for Trump\'s haters.'
        };

Domain: opposingviews.com

the Today Show
-----------------------------

Kotaku
-----------------------------

Washington Post
-----------------------------

the American Center for Law and Justice
-----------------------------

VICE News
-----------------------------

PBS
-----------------------------

Mother Jones
-----------------------------

HuffPost Good News
-----------------------------
$VAR1 = {
          'link' => 'http://huff.to/2jecGCA',
          'caption' => 'huffingtonpost.com',
          'created_time' => '2017-01-15T20:37:06+0000',
          'name' => '19 Times Flower Girls Brought Some Major Style To The Bridal Party',
          'id' => '202163013203224_1257620340990814',
          'message' => 'They\'re stealing the show!'
        };

Domain: huffingtonpost.com
Response:
{"error":{"message":"It looks like you were misusing this feature by going too fast. You\u2019ve been blocked from using it.\n\nLearn more about blocks in the Help Center.","type":"OAuthException","code":368,"error_subcode":1390008,"error_user_msg":"","fbtrace_id":"AaG\/+sk0f95"}}

Facebook ran into an error and the post was not published. Zach Muckerberg please fix. Try again in a few hours.

