***********************************************************************************
Started at 15:45:01 on 11/14/2016
***********************************************************************************
Querying souces from the past 15 minutes....

Al Jazeera
-----------------------------

Upworthy
-----------------------------

The Huffington Post
-----------------------------
$VAR1 = {
          'link' => 'http://huff.to/2gBxjWi',
          'caption' => 'huffingtonpost.com',
          'created_time' => '2016-12-14T20:30:21+0000',
          'name' => 'Donald Trump Will Be In Violation Of The Lease On His D.C. Hotel The Day He Takes Office',
          'id' => '18468761129_10154512640736130',
          'message' => "The hotel lease specifically states that \"no \x{2026} elected official of the Government of the United States \x{2026} shall be admitted to any share or part of this Lease, or to any benefit that may arise therefrom.\""
        };

Domain: huffingtonpost.com
Response:
{"id":"1622501708043673_1632592773701233"}

HuffPost Women
-----------------------------

PBS News Hour
-----------------------------
$VAR1 = {
          'link' => 'http://www.pbs.org/newshour/art/column-secret-war-story-cat/',
          'caption' => 'pbs.org',
          'created_time' => '2016-12-14T20:45:22+0000',
          'name' => 'Column: A once-secret story of humanity in the face of war comes to life on stage',
          'id' => '6491828674_10154869938043675',
          'message' => '"Singing, prancing and chasing an errant cat is an odd way to remember an American tragedy that happened just prior to the D-Day invasion of Normandy in 1944. But somehow the imported play \'946: The Amazing Story of Adolphus Tips\' manages to tell a long-secret, 72-year-old tale with verve, music, humor and some pathos."'
        };

Domain: pbs.org
Response:
{"id":"1622501708043673_1632592827034561"}

ATTN:
-----------------------------

Reuters
-----------------------------

NowThis
-----------------------------

Daily Caller
-----------------------------
$VAR1 = {
          'link' => 'http://trib.al/9V9D9om',
          'caption' => 'dailycaller.com',
          'created_time' => '2016-12-14T20:44:46+0000',
          'name' => "White House: \x{2018}Ample Evidence\x{2019} Trump Knew About And Encouraged Russian Election Hacking [VIDEO]",
          'id' => '182919686769_10154047205556770',
          'message' => 'The Obama White House says Donald Trump is just as guilty as Russia...'
        };

Domain: dailycaller.com
$VAR1 = {
          'link' => 'http://trib.al/grNME24',
          'caption' => 'dailycaller.com',
          'created_time' => '2016-12-14T20:32:00+0000',
          'name' => 'Hillary Campaign Totally Ignored Dire Warnings From Michigan Ground Team',
          'id' => '182919686769_10154047178321770',
          'message' => 'Hillary staffers were drinking ...'
        };

Domain: dailycaller.com

CNBC
-----------------------------
$VAR1 = {
          'link' => 'http://cnb.cx/2huDrEj',
          'caption' => 'cnbc.com',
          'created_time' => '2016-12-14T20:41:59+0000',
          'name' => 'Justice Department won\'t send officers to Dakota Access pipeline protest',
          'id' => '97212224368_10154994127424369',
          'message' => 'MUST KNOW.'
        };

Domain: cnbc.com
$VAR1 = {
          'link' => 'http://cnb.cx/2hOD3xf',
          'caption' => 'cnbc.com',
          'created_time' => '2016-12-14T20:36:07+0000',
          'name' => 'Tired, overbought Dow fails to hit 20,000 as Fed hikes rates: Santoli',
          'id' => '97212224368_10154994114474369',
          'message' => 'It just couldn\'t get there.'
        };

Domain: cnbc.com

The Onion
-----------------------------

Opposing Views
-----------------------------
$VAR1 = {
          'link' => 'http://www.americanow.com/story/society/2016/12/14/woman-makes-troubling-find-under-boyfriends-dads-bed',
          'caption' => 'americanow.com',
          'created_time' => '2016-12-14T20:44:29+0000',
          'name' => 'Woman Makes Troubling Find Under Boyfriend\'s Dad\'s Bed',
          'id' => '34226391050_10154341782811051',
          'message' => 'When a woman\'s cats ran underneath her boyfriend\'s father\'s bed, she ran into the room to go retrieve them. That\'s when she found this jar filled with clumps of hair. She almost threw up when she found the other two jars and realized whose hair it was.'
        };

Domain: americanow.com

the Today Show
-----------------------------
$VAR1 = {
          'link' => 'http://on.today.com/2htKgGk',
          'caption' => 'today.com',
          'created_time' => '2016-12-14T20:30:56+0000',
          'name' => 'These are the 7 worst ways to tip a server',
          'id' => '12566691349_10154832845546350',
          'message' => 'How rude!'
        };

Domain: today.com

Kotaku
-----------------------------
$VAR1 = {
          'link' => 'http://trib.al/pZCwFVX',
          'caption' => 'kotaku.com',
          'created_time' => '2016-12-14T20:35:02+0000',
          'name' => 'He Will Deal With Your Rebel Friends Soon Enough',
          'id' => '273824104039_10154925635189040',
          'message' => 'Cool art!'
        };

Domain: kotaku.com

Washington Post
-----------------------------
$VAR1 = {
          'link' => 'https://www.facebook.com/washingtonpostopinions/videos/10154748398432889/',
          'created_time' => '2016-12-14T20:40:25+0000',
          'name' => 'Washington Post Opinions, Outlook, and PostEverything',
          'id' => '6250307292_10154530580192293',
          'message' => 'Is the women\'s movement out of touch with reality? Learn about AEI resident scholar and author Christina Hoff Sommers\' thoughts on the matter.'
        };
$VAR1 = {
          'link' => 'https://www.washingtonpost.com/news/wonk/wp/2016/12/14/federal-reserve-expected-to-announce-higher-interest-rates-today/?tid=sm_Fb&utm_term=.0265b6de9950',
          'caption' => 'washingtonpost.com',
          'created_time' => '2016-12-14T20:36:00+0000',
          'name' => 'Federal Reserve raises interest rates for second time in a decade, expects 3 hikes in 2017',
          'id' => '6250307292_10154530546217293',
          'message' => 'The Federal Reserve raised interest rates on Wednesday afternoon for the first time in a year.'
        };

Domain: washingtonpost.com
Response:
{"id":"1622501708043673_1632592890367888"}

the American Center for Law and Justice
-----------------------------

VICE News
-----------------------------
$VAR1 = {
          'link' => 'https://news.vice.com/story/fed-interest-rate-hike?utm_source=vicenewsfb',
          'caption' => 'news.vice.com',
          'created_time' => '2016-12-14T20:37:08+0000',
          'name' => 'The Fed is confident in the economy Obama is leaving to Trump',
          'id' => '235852889908002_705822412911045',
          'message' => 'The Fed\'s rate hike is more proof that Donald J. Trump is inheriting a strong economy.'
        };

Domain: vice.com

PBS
-----------------------------

Mother Jones
-----------------------------
$VAR1 = {
          'link' => 'http://www.motherjones.com/kevin-drum/2016/12/stop-it-there-are-no-big-lessons-2016-election#testa',
          'caption' => 'motherjones.com',
          'created_time' => '2016-12-14T20:31:50+0000',
          'name' => 'Everyone in the media is wrong about the 2016 election. They need to stop being so profoundly stupid',
          'id' => '7642602143_10154320298062144',
          'message' => 'Thank you, Kevin Drum.'
        };

Domain: motherjones.com
Response:
{"id":"1622501708043673_1632592967034547"}

HuffPost Good News
-----------------------------

BBC News
-----------------------------

Breaking News
-----------------------------

The Verge
-----------------------------

New York Magazine
-----------------------------

TIME
-----------------------------

the Business Insider
-----------------------------
$VAR1 = {
          'link' => 'http://read.bi/ChromeExtension',
          'caption' => 'chrome.google.com',
          'created_time' => '2016-12-14T20:45:00+0000',
          'name' => 'Business Insider Extension',
          'id' => '20446254070_10154187823559071',
          'message' => 'Get the latest news, videos and data from Business Insider with our new Chrome extension.'
        };

Domain: google.com
$VAR1 = {
          'link' => 'http://read.bi/2hxk0IP',
          'caption' => 'businessinsider.com',
          'created_time' => '2016-12-14T20:40:01+0000',
          'name' => 'The Fed just proved it\'s not political',
          'id' => '20446254070_10154188564379071',
          'message' => 'The Fed is ignoring the Trump factor.'
        };

Domain: businessinsider.com

ThinkProgress
-----------------------------
$VAR1 = {
          'link' => 'https://thinkprogress.org/gingrich-brags-that-republicans-are-coming-for-everything-fdr-accomplished-28a1b1d46224#.fu2wkuc7y',
          'caption' => 'thinkprogress.org',
          'created_time' => '2016-12-14T20:33:37+0000',
          'name' => 'Gingrich brags that Republicans are coming for everything FDR accomplished',
          'id' => '200137333331078_1464428713568594',
          'message' => 'If congressional Republicans get their way, some of America\'s most important social programs will be gutted.'
        };

Domain: thinkprogress.org
Response:
{"id":"1622501708043673_1632593013701209"}

POLITICO
-----------------------------
$VAR1 = {
          'link' => 'http://politi.co/2hxplzJ',
          'caption' => 'politi.co',
          'created_time' => '2016-12-14T20:34:53+0000',
          'name' => 'Source: Twitter cut out of Trump tech meeting over failed emoji deal',
          'id' => '62317591679_10154093963611680',
          'message' => 'CEO Jack Dorsey personally intervened to block the Trump campaign from using an emoji showing small bags of money being given away or stolen.'
        };

Domain: politi.co

Alias: politico.com
Response:
{"id":"1622501708043673_1632593203701190"}

USA TODAY
-----------------------------
$VAR1 = {
          'link' => 'https://www.facebook.com/usatoday/videos/1764462580544929/',
          'created_time' => '2016-12-14T20:40:00+0000',
          'name' => 'Remembering legends we lost in 2016',
          'id' => '13652355666_1764462580544929',
          'message' => 'A tribute to the iconic world leaders, athletes and celebrities who passed away in 2016. http://usat.ly/2hBsO30'
        };
$VAR1 = {
          'link' => 'http://www.usatoday.com/story/life/entertainthis/2016/12/14/paris-hilton-harpers-bazaar-business-reality-tv/95431708/',
          'caption' => 'usatoday.com',
          'created_time' => '2016-12-14T20:33:31+0000',
          'name' => 'Paris Hilton: I want to be known as a businesswoman, not a reality star',
          'id' => '13652355666_10154163705095667',
          'message' => "Don\x{2019}t call her a reality TV star."
        };

Domain: usatoday.com
Response:
{"id":"1622501708043673_1632593290367848"}

American News
-----------------------------

ABC News
-----------------------------
$VAR1 = {
          'link' => 'http://abcn.ws/2gBs1Kp',
          'caption' => 'abcnews.go.com',
          'created_time' => '2016-12-14T20:40:48+0000',
          'name' => 'Unarmed Man, 73, Shot by Police Was Carrying Crucifix: Police',
          'id' => '86680728811_10155140158828812',
          'message' => 'Authorities in Bakersfield, California, continue to investigate police shooting death of an unarmed 73-year-old man, who his family says was suffering from early-stage dementia.'
        };

Domain: go.com
Response:
{"id":"1622501708043673_1632593387034505"}

HuffPost Politics
-----------------------------
$VAR1 = {
          'link' => 'http://huff.to/2hucfFX',
          'caption' => 'm.huffpost.com',
          'created_time' => '2016-12-14T20:30:06+0000',
          'name' => 'There Have Been Over 200 School Shooting Incidents Since Sandy Hook',
          'id' => '56845382910_10154606469627911',
          'message' => 'When is enough, enough?'
        };

Domain: huffpost.com

NBC News
-----------------------------

AJ+
-----------------------------

Wikileaks
-----------------------------

CNNMoney
-----------------------------
$VAR1 = {
          'link' => 'http://cnnmon.ie/2h0AqIn',
          'caption' => 'money.cnn.com',
          'created_time' => '2016-12-14T20:33:01+0000',
          'name' => 'Alaska Air and Virgin America are now one',
          'id' => '6651543066_10154189179733067',
          'message' => 'Alaska Air Group said Wednesday it has completed its $2.6 billion acquisition of Virgin America, the brainchild of billionaire Richard Branson. http://cnnmon.ie/2h0AqIn'
        };

Domain: cnn.com
Response:
{"id":"1622501708043673_1632593527034491"}

ABC News Politics
-----------------------------

Right Wing News
-----------------------------
$VAR1 = {
          'link' => 'http://rightwingnews.com/top-news/video-moment-thug-took-gun-pocket-savagely-shot-two-cops/',
          'caption' => 'rightwingnews.com',
          'created_time' => '2016-12-14T20:31:42+0000',
          'name' => 'VIDEO: The Moment a Thug Took Gun Out of Pocket and Savagely SHOT Two Cops',
          'id' => '389658314427637_1638826026177520',
          'message' => 'THIS is why cops need the right to defend themselves. But the MEDIA WILL IGNORE THIS!'
        };

Domain: rightwingnews.com

The Wall Street Journal
-----------------------------
$VAR1 = {
          'link' => 'http://on.wsj.com/2hxrThi',
          'caption' => 'wsj.com',
          'created_time' => '2016-12-14T20:40:08+0000',
          'name' => 'Companies That Defrauded the Government Fined Billions During Obama Presidency',
          'id' => '8304333127_10155109998228128',
          'message' => 'The Justice Department has collected $31.3 billion during the Obama administration from companies that defrauded the government, more than the amount collected under the prior three administrations combined.'
        };

Domain: wsj.com
Response:
{"id":"1622501708043673_1632593613701149"}

MSNBC
-----------------------------

the Drudge Report
-----------------------------

Mic
-----------------------------

The Economist
-----------------------------

Bloomberg Politics
-----------------------------

CBS News
-----------------------------
$VAR1 = {
          'link' => 'http://cbsn.ws/2hmv39r',
          'caption' => 'www.cbsnews.com',
          'created_time' => '2016-12-14T20:33:03+0000',
          'name' => 'Newspaper casts doubt on viral story about boy dying in Santa\'s arms',
          'id' => '131459315949_10154171106630950',
          'message' => "The Knoxville News Sentinel which originally reported this story, issued a statement saying it could not confirm details of the story and is \x{201c}no longer standing by the veracity of Schmitt-Matzen\x{2019}s account.\x{201d}"
        };

Domain: cbsnews.com
Response:
{"id":"1622501708043673_1632593697034474"}

The Young Turks
-----------------------------

Occupy Democrats
-----------------------------

CBC News
-----------------------------

Newsweek
-----------------------------

CNN International
-----------------------------

The New Yorker
-----------------------------

Rush Limbaugh
-----------------------------

The Independent
-----------------------------
$VAR1 = {
          'link' => 'http://www.independent.co.uk/news/world/middle-east/where-is-aleppo-what-syria-assad-russian-un-uk-us-isis-daesh-who-are-rebels-a7473021.html?cmpid=facebook-post',
          'caption' => 'independent.co.uk',
          'created_time' => '2016-12-14T20:37:00+0000',
          'name' => 'People are sharing images of what Aleppo used to look like before it was destroyed by war',
          'id' => '13312631635_10154288676486636',
          'message' => '\'Learn about what was bombed. Make it real\''
        };

Domain: independent.co.uk

TheBlaze
-----------------------------

NPR Politics
-----------------------------
$VAR1 = {
          'link' => 'http://www.npr.org/sections/parallels/2016/12/14/505512643/for-cia-nominee-mike-pompeo-not-a-good-situation-to-inherit?utm_source=twitter.com&utm_campaign=politics&utm_medium=social&utm_term=nprnews',
          'caption' => 'npr.org',
          'created_time' => '2016-12-14T20:45:02+0000',
          'name' => 'For CIA Nominee Mike Pompeo, \'Not A Good Situation To Inherit\'',
          'id' => '1604383669807606_1830579507188020',
          'message' => 'The situation Pompeo now faces as Trump\'s CIA nominee would test the savviest politician: If confirmed, he will go to work for a president who is openly feuding with the agency he\'s preparing to run.'
        };

Domain: npr.org
Response:
{"id":"1622501708043673_1632593767034467"}

The New York Times
-----------------------------
$VAR1 = {
          'link' => 'https://www.facebook.com/nytimes/videos/10151010366249999/',
          'created_time' => '2016-12-14T20:41:41+0000',
          'name' => 'Holiday Gadget Gifts',
          'id' => '5281959998_10151010366249999',
          'message' => 'Buying gadgets as gifts? NYT tech reporters Brian Chen and Farhad Manjoo are here to show off the best tech gifts of the year, including Amazon.com and Google\'s home assistants, the Apple Watch and a robot for kids. Comment with your questions.'
        };

NPR
-----------------------------

MSN
-----------------------------

CNN Politics
-----------------------------

The Daily Show
-----------------------------

Daily Kos
-----------------------------
$VAR1 = {
          'link' => 'http://www.dailykos.com/stories/2016/12/14/1610998/-Rex-Tillerson-A-Christmas-gift-to-the-Russian-people?detail=facebook',
          'caption' => 'dailykos.com',
          'created_time' => '2016-12-14T20:40:00+0000',
          'name' => 'Rex Tillerson: \'A Christmas gift to the Russian people\'',
          'id' => '43179984254_10154963496179255',
          'message' => 'A Christmas miracle.'
        };

Domain: dailykos.com
Response:
{"id":"1622501708043673_1632594287034415"}

Yahoo News
-----------------------------
$VAR1 = {
          'link' => 'https://yhoo.it/2h1oJ4i',
          'caption' => 'finance.yahoo.com',
          'created_time' => '2016-12-14T20:40:00+0000',
          'name' => 'Trump to tech titans: \'Everybody in this room has to like me a little bit\'',
          'id' => '338028696036_10154987903916037',
          'message' => "\x{201c}You\x{2019}ll call my people, you\x{2019}ll call me. It doesn\x{2019}t make any difference, we have no formal chain of command around here.\" - Donald J. Trump"
        };

Domain: yahoo.com
Response:
{"id":"1622501708043673_1632594460367731"}

The Guardian
-----------------------------
$VAR1 = {
          'link' => 'https://www.theguardian.com/society/ng-interactive/2016/dec/14/the-perception-gap-how-well-do-you-know-your-country-take-our-quiz?CMP=fb_gu',
          'caption' => 'theguardian.com',
          'created_time' => '2016-12-14T20:40:01+0000',
          'name' => 'The perception gap: how well do you know your country? Take our quiz',
          'id' => '10513336322_10154843997991323',
          'message' => 'Think you know your own country?'
        };

Domain: theguardian.com
Response:
{"id":"1622501708043673_1632594853701025"}

CNN
-----------------------------

Slate.com
-----------------------------

the AP
-----------------------------

Sean Hannity
-----------------------------

The Ed Schultz Show
-----------------------------

The Atlantic
-----------------------------
$VAR1 = {
          'link' => 'http://theatln.tc/2hshJ42',
          'caption' => 'theatlantic.com',
          'created_time' => '2016-12-14T20:31:30+0000',
          'name' => 'How America\'s Foreclosure Crisis Worsened Under Obama',
          'id' => '29259828486_10154908107158487',
          'message' => 'Over 9.3 million American families lost their properties since the housing bubble collapsed. This had a particularly gruesome effect on people of color, who stored more of their wealth in home equity and were targeted for subprime loans.'
        };

Domain: theatlantic.com

Bloomberg
-----------------------------
$VAR1 = {
          'link' => 'http://bloom.bg/2hxsAqU',
          'caption' => 'bloomberg.com',
          'created_time' => '2016-12-14T20:40:02+0000',
          'name' => "Wells Fargo\x{2019}s Hometown Penalizes the Bank",
          'id' => '266790296879_10154831972041880',
          'message' => 'Suspended in San Francisco.'
        };

Domain: bloomberg.com
Response:
{"id":"1622501708043673_1632594923701018"}

BuzzFeed
-----------------------------

Fox News
-----------------------------

VICE
-----------------------------
$VAR1 = {
          'link' => 'http://motherboard.vice.com/read/amazon-warehouse-workers-have-resorted-to-sleeping-in-tents?utm_source=vicefbus',
          'caption' => 'motherboard.vice.com',
          'created_time' => '2016-12-14T20:40:01+0000',
          'name' => 'Amazon Warehouse Workers Have Resorted To Sleeping In Tents',
          'id' => '167115176655082_1488229637876956',
          'message' => 'Workers literally can\'t afford their commutes.'
        };

Domain: vice.com

Glenn Beck
-----------------------------

The Other 98%
-----------------------------


Total Posts Made:	16


