***********************************************************************************
Started at 09:15:01 on 00/03/2017
***********************************************************************************
Querying souces from the past 15 minutes....

Al Jazeera
-----------------------------

Upworthy
-----------------------------

The Huffington Post
-----------------------------

HuffPost Women
-----------------------------

PBS News Hour
-----------------------------

ATTN:
-----------------------------
$VAR1 = {
          'link' => 'http://www.attn.com/stories/13857/how-much-money-you-should-have-saved-by-age-thirty?utm_source=facebook&utm_medium=post&utm_campaign=internal',
          'caption' => 'attn.com',
          'created_time' => '2017-01-03T14:02:01+0000',
          'name' => 'How Much Money You Should Have Saved up by the Time You\'re 30, According to an Expert',
          'id' => '160389977329803_1243092879059502',
          'message' => 'Your 20s are crucial.'
        };

Domain: attn.com

Reuters
-----------------------------
$VAR1 = {
          'link' => 'http://reut.rs/2iE0GN1',
          'caption' => 'www.reuters.com',
          'created_time' => '2017-01-03T14:13:37+0000',
          'name' => 'Trump threatens \'big border tax\' on GM over Chevy Cruze production',
          'id' => '114050161948682_1349757721711247',
          'message' => 'U.S. President-elect Donald Trump on Tuesday blasted U.S. carmaker General Motors and threatened to impose a "big border tax" for making its Chevy Cruze model in Mexico.'
        };

Domain: reuters.com

NowThis
-----------------------------

Daily Caller
-----------------------------

CNBC
-----------------------------
$VAR1 = {
          'link' => 'http://cnb.cx/2hLm12o',
          'caption' => 'cnbc.com',
          'created_time' => '2017-01-03T14:14:38+0000',
          'name' => 'GM fires back at Trump: Most of our Chevy Cruzes ARE built in the US',
          'id' => '97212224368_10155066569344369',
          'message' => 'GM RESPONDS.'
        };

Domain: cnbc.com
$VAR1 = {
          'link' => 'http://cnb.cx/2hJ9GM2',
          'caption' => 'cnbc.com',
          'created_time' => '2017-01-03T14:05:46+0000',
          'name' => 'China navy confirms carrier conducted drills in South China Sea',
          'id' => '97212224368_10155066554374369',
          'message' => 'CONFIRMED.'
        };

Domain: cnbc.com

The Onion
-----------------------------
$VAR1 = {
          'link' => 'http://trib.al/nJOjai4',
          'caption' => 'theonion.com',
          'created_time' => '2017-01-03T14:02:07+0000',
          'name' => "Area Woman Said \x{2018}Sorry\x{2019} 118 Times Yesterday",
          'id' => '20950654496_10155006349414497',
          'message' => "\x{201c}Sorry,\x{201d} 24-year-old Katie Simpson said softly under her breath while walking past a coworker in the hallway."
        };

Domain: theonion.com

Opposing Views
-----------------------------
$VAR1 = {
          'link' => 'https://www.opposingviews.com/i/social/many-people-have-speculated-was-mariah-carey-drugs-during-her-new-years-eve-performance',
          'caption' => 'opposingviews.com',
          'created_time' => '2017-01-03T14:01:00+0000',
          'name' => 'New Photos May Explain Mariah Carey New Year\'s Eve Debacle',
          'id' => '34226391050_10154397599961051',
          'message' => 'Many people have wondered if Mariah Carey was on drugs during her New Year\'s Eve performance. Well, these leaked photos may answer that question.'
        };

Domain: opposingviews.com

the Today Show
-----------------------------

Kotaku
-----------------------------

Washington Post
-----------------------------

the American Center for Law and Justice
-----------------------------

VICE News
-----------------------------

PBS
-----------------------------

Mother Jones
-----------------------------

HuffPost Good News
-----------------------------

BBC News
-----------------------------
$VAR1 = {
          'link' => 'https://www.facebook.com/bbcnews/videos/10154272251637217/',
          'created_time' => '2017-01-03T14:12:47+0000',
          'id' => '228735667216_10154272251637217',
          'message' => 'Why you should always make sure your furniture is secured.'
        };

Breaking News
-----------------------------

The Verge
-----------------------------
$VAR1 = {
          'link' => 'http://www.theverge.com/ces/2017/1/3/14149038/ces-2017-schedule-dates-live-stream-events',
          'caption' => 'theverge.com',
          'created_time' => '2017-01-03T14:03:02+0000',
          'name' => 'The biggest events and live streams of CES 2017',
          'id' => '193742123995472_1305721172797556',
          'message' => 'These are the big ones:'
        };

Domain: theverge.com

New York Magazine
-----------------------------
$VAR1 = {
          'link' => 'http://nym.ag/2iyWagg',
          'caption' => 'grubstreet.com',
          'created_time' => '2017-01-03T14:13:49+0000',
          'name' => 'Flora Bar Is More Formal and Ambitious Than
Estela but Just As Satisfying',
          'id' => '14516439825_10154921275694826',
          'message' => 'Should you happen to be in the mood for a first-class example of lobster crudo after wandering the bunkered galleries of the Met Breuer museum, you will not be disappointed.'
        };

Domain: grubstreet.com

TIME
-----------------------------
$VAR1 = {
          'link' => 'http://ti.me/2hELb6p',
          'caption' => 'motto.time.com',
          'created_time' => '2017-01-03T14:00:40+0000',
          'name' => '18 Behaviors of Emotionally Intelligent People',
          'id' => '10606591490_10154317988046491',
          'message' => 'IQ is overrated.'
        };

Domain: time.com

the Business Insider
-----------------------------
$VAR1 = {
          'link' => 'http://read.bi/2iBz8YE',
          'caption' => 'businessinsider.com',
          'created_time' => '2017-01-03T14:14:56+0000',
          'name' => 'This $500,000 Rolls-Royce Phantom is like a yacht on wheels',
          'id' => '20446254070_10154252864624071',
          'message' => 'It has a champagne cooler.'
        };

Domain: businessinsider.com
$VAR1 = {
          'link' => 'http://www.businessinsider.com/amazons-robot-army-has-grown-by-50-2017-1',
          'caption' => 'businessinsider.com',
          'created_time' => '2017-01-03T14:10:00+0000',
          'name' => 'Amazon now has 45,000 robots in its warehouses',
          'id' => '20446254070_10154252818669071',
          'message' => 'Amazon.com is growing its army of robots.'
        };

Domain: businessinsider.com
$VAR1 = {
          'link' => 'http://read.bi/2hDT3EL',
          'caption' => 'businessinsider.com',
          'created_time' => '2017-01-03T14:00:29+0000',
          'name' => '18 highly successful people share their New Year\'s resolutions',
          'id' => '20446254070_10154252835509071',
          'message' => 'Feel free to borrow these!'
        };

Domain: businessinsider.com

ThinkProgress
-----------------------------

POLITICO
-----------------------------
$VAR1 = {
          'link' => 'http://politi.co/2hLjAwG',
          'caption' => 'politi.co',
          'created_time' => '2017-01-03T14:00:27+0000',
          'name' => 'Trump threat to GM: Make the Chevy Cruze in U.S. \'or pay big border tax\'',
          'id' => '62317591679_10154163142646680',
          'message' => "\x{201c}General Motors is sending Mexican made model of Chevy Cruze to U.S. car dealers-tax free across border. Make in U.S.A. or pay big border tax!\x{201d} Trump wrote on Twitter Tuesday morning."
        };

Domain: politi.co

Alias: politico.com
Response:
{"error":{"message":"It looks like you were misusing this feature by going too fast. You\u2019ve been blocked from using it.\n\nLearn more about blocks in the Help Center.","type":"OAuthException","code":368,"error_subcode":1390008,"error_user_msg":"","fbtrace_id":"ACqPCk2kd+l"}}

Facebook ran into an error and the post was not published. Zach Muckerberg please fix. Try again in a few hours.

