***********************************************************************************
Started at 01:00:01 on 00/07/2017
***********************************************************************************
Querying souces from the past 15 minutes....

Al Jazeera
-----------------------------
$VAR1 = {
          'link' => 'http://aje.io/g4xa',
          'caption' => 'aljazeera.com',
          'created_time' => '2017-01-07T06:00:07+0000',
          'name' => 'Donald Trump: Russian hacking had \'no effect\' on vote',
          'id' => '7382473689_10155077594113690',
          'message' => 'Intelligence report says the strategy encompassed covert tactics, such as cyber attacks and paying social media users, as well as overt efforts to target US government employees, think tanks and NGOs http://aje.io/g4xa'
        };

Domain: aljazeera.com
Response:
{"id":"1622501708043673_1640857716208072"}

Upworthy
-----------------------------

The Huffington Post
-----------------------------

HuffPost Women
-----------------------------

PBS News Hour
-----------------------------

ATTN:
-----------------------------

Reuters
-----------------------------

NowThis
-----------------------------

Daily Caller
-----------------------------
$VAR1 = {
          'link' => 'http://trib.al/onOJcxI',
          'caption' => 'dailycaller.com',
          'created_time' => '2017-01-07T05:53:34+0000',
          'name' => 'Could These Weird Planets Made Of Gemstones Be Inhabitable?',
          'id' => '182919686769_10154115234841770',
          'message' => 'The American Astronomical Society found new planets that could be inhabitable'
        };

Domain: dailycaller.com

CNBC
-----------------------------

The Onion
-----------------------------

Opposing Views
-----------------------------

the Today Show
-----------------------------

Kotaku
-----------------------------

Washington Post
-----------------------------
$VAR1 = {
          'link' => 'https://www.washingtonpost.com/news/education/wp/2017/01/06/muslim-woman-who-voted-for-trump-asks-georgetown-to-intervene-over-professors-hateful-vulgar-messages/?utm_term=.f2b4e730e0a7%3Ftid%3Dsm_fb',
          'caption' => 'washingtonpost.com',
          'created_time' => '2017-01-07T06:00:00+0000',
          'name' => "Muslim woman who voted for Trump asks Georgetown to intervene over professor\x{2019}s \x{2018}hateful, vulgar\x{2019} messages",
          'id' => '6250307292_10154626537907293',
          'message' => 'Georgetown associate professor Christine Fair called Asra Q. Nomani\'s appeal to her employer a "very dangerous trend."'
        };

Domain: washingtonpost.com
Response:
{"id":"1622501708043673_1640857992874711"}

the American Center for Law and Justice
-----------------------------

VICE News
-----------------------------

PBS
-----------------------------

Mother Jones
-----------------------------

HuffPost Good News
-----------------------------

BBC News
-----------------------------

Breaking News
-----------------------------

The Verge
-----------------------------

New York Magazine
-----------------------------

TIME
-----------------------------

the Business Insider
-----------------------------
$VAR1 = {
          'link' => 'http://read.bi/2imfzjp',
          'caption' => 'businessinsider.com',
          'created_time' => '2017-01-07T06:00:16+0000',
          'name' => 'Here are the best sneakers for every type of workout',
          'id' => '20446254070_10154264342669071',
          'message' => 'New year, new you.'
        };

Domain: businessinsider.com

ThinkProgress
-----------------------------

POLITICO
-----------------------------
$VAR1 = {
          'link' => 'http://politi.co/2iLT0HY',
          'caption' => 'politi.co',
          'created_time' => '2017-01-07T06:00:02+0000',
          'name' => 'Ex-CIA chief on Trump\'s distrust in intel: \'I\'ve never seen anything like this\'',
          'id' => '62317591679_10154175454456680',
          'message' => 'The former CIA director says "we all have to be concerned about this."'
        };

Domain: politi.co

Alias: politico.com
Response:
{"id":"1622501708043673_1640858076208036"}

USA TODAY
-----------------------------
$VAR1 = {
          'link' => 'http://www.usatoday.com/story/life/movies/2017/01/05/five-things-to-watch-for-at-the-golden-globes/96166376/',
          'caption' => 'usatoday.com',
          'created_time' => '2017-01-07T05:49:00+0000',
          'name' => '5 things to watch for at the Golden Globes',
          'id' => '13652355666_10154257030200667',
          'message' => 'Just tuning in for the red carpet? That\'s No. 1.'
        };

Domain: usatoday.com
Response:
{"id":"1622501708043673_1640858132874697"}

American News
-----------------------------
$VAR1 = {
          'link' => 'http://americannews.com/woman-goes-on-national-tv-and-blames-americans-for-banning-sharia-law-and-executing-kids-in-america-video/',
          'caption' => 'americannews.com',
          'created_time' => '2017-01-07T06:00:00+0000',
          'name' => 'Woman Goes On National TV And Blames Americans For Banning Sharia Law And Executing Kids In America [VIDEO]',
          'id' => '179035672287016_909553239235252',
          'message' => 'This woman has the nerve to blame Americans for this...

She\'s gone too far. This is unbelievable.

Does this woman need a reality check? \'YES\' or \'NO\''
        };

Domain: americannews.com

ABC News
-----------------------------

HuffPost Politics
-----------------------------

NBC News
-----------------------------
$VAR1 = {
          'link' => 'http://nbcnews.to/2i0TzJX',
          'caption' => 'nbcnews.com',
          'created_time' => '2017-01-07T05:48:57+0000',
          'name' => 'Airport shooting suspect complained of hearing voices, officials say',
          'id' => '155869377766434_1656994240987266',
          'message' => 'In November the suspect in Friday\'s shooting went to an Anchorage FBI office and claimed his mind was being controlled by a U.S. intelligence agency, federal law enforcement officials said. He said he did not wish to harm anyone, and voluntarily went to a mental health facility.'
        };

Domain: nbcnews.com
Response:
{"id":"1622501708043673_1640858176208026"}

AJ+
-----------------------------
$VAR1 = {
          'link' => 'https://www.facebook.com/ajplusenglish/videos/874886615986180/',
          'created_time' => '2017-01-07T06:00:00+0000',
          'name' => 'Baby Giraffe Twin Dies',
          'id' => '407570359384477_874886615986180',
          'message' => 'A baby giraffe lost her twin brother after he was too cold and weak to stand on his own.'
        };

Wikileaks
-----------------------------

CNNMoney
-----------------------------
$VAR1 = {
          'link' => 'http://cnnmon.ie/2iaYOYu',
          'caption' => 'money.cnn.com',
          'created_time' => '2017-01-07T05:50:01+0000',
          'name' => 'One of America\'s most cherished muscle cars is going electric.',
          'id' => '6651543066_10154259182803067',
          'message' => "Vroom vroom \x{1f50c}http://cnnmon.ie/2iaYOYu via CNNTech"
        };

Domain: cnn.com
Response:
{"id":"1622501708043673_1640858216208022"}

ABC News Politics
-----------------------------

Right Wing News
-----------------------------
$VAR1 = {
          'link' => 'https://www.facebook.com/OfficialRightWingNews/photos/a.401034789956656.90394.389658314427637/1662284483831674/?type=3',
          'created_time' => '2017-01-07T05:55:43+0000',
          'name' => 'Timeline Photos',
          'id' => '389658314427637_1662284483831674'
        };

The Wall Street Journal
-----------------------------

MSNBC
-----------------------------

the Drudge Report
-----------------------------

Mic
-----------------------------

The Economist
-----------------------------

Bloomberg Politics
-----------------------------

CBS News
-----------------------------

The Young Turks
-----------------------------

Occupy Democrats
-----------------------------

CBC News
-----------------------------
$VAR1 = {
          'link' => 'http://www.cbc.ca/news/canada/toronto/haruki-murakami-toronto-theft-used-books-used-book-store-1.3923235',
          'caption' => 'cbc.ca',
          'created_time' => '2017-01-07T06:00:00+0000',
          'name' => 'Shoplifters are hitting Toronto bookstores and they like Murakami',
          'id' => '5823419603_10155024531864604',
          'message' => 'An entire shelf dedicated to Haruki Murakami books disappeared in December at a Toronto book store.'
        };

Newsweek
-----------------------------
$VAR1 = {
          'link' => 'http://www.newsweek.com/top-jail-term-stalking-be-doubled-uk-539476',
          'caption' => 'europe.newsweek.com',
          'created_time' => '2017-01-07T05:48:00+0000',
          'name' => 'Maximum prison term for stalking to be doubled in the U.K.',
          'id' => '18343191100_10154762839131101',
          'message' => 'The Ministry of Justice is planning to up the sentence to either 10 or 14 years.'
        };

Domain: newsweek.com

CNN International
-----------------------------

The New Yorker
-----------------------------
$VAR1 = {
          'link' => 'http://nyer.cm/n47XypA',
          'caption' => 'newyorker.com',
          'created_time' => '2017-01-07T06:00:29+0000',
          'name' => 'The Thorny Ethics of the Oscars',
          'id' => '9258148868_10154359492563869',
          'message' => "If you\x{2019}re an Oscar voter, do you really want to reward a guy who has been accused of sexual harassment by other crew members?"
        };

Domain: newyorker.com
Response:
{"id":"1622501708043673_1640866449540532"}

Rush Limbaugh
-----------------------------

The Independent
-----------------------------

TheBlaze
-----------------------------

NPR Politics
-----------------------------

The New York Times
-----------------------------
$VAR1 = {
          'link' => 'https://www.facebook.com/nytimes/videos/10151039630384999/',
          'created_time' => '2017-01-07T05:55:00+0000',
          'id' => '5281959998_10151039630384999',
          'message' => 'After 4 in Chicago were charged with hate crimes for an assault caught on a Facebook video, advocates for those with disabilities still hold that violence against the group is often underreported.'
        };

NPR
-----------------------------

MSN
-----------------------------

CNN Politics
-----------------------------

The Daily Show
-----------------------------

Daily Kos
-----------------------------

Yahoo News
-----------------------------

The Guardian
-----------------------------

CNN
-----------------------------

Slate.com
-----------------------------

the AP
-----------------------------
$VAR1 = {
          'link' => 'https://apnews.com/0df6dd6c3ddb41aca7a5211f942f428e',
          'caption' => 'apnews.com',
          'created_time' => '2017-01-07T05:53:38+0000',
          'name' => 'Will Hollywood be in the mood to party at Golden Globes?',
          'id' => '249655421622_10154215172296623',
          'message' => 'As usual, champagne will flow and punchlines will fly. But the tone of this year\'s Golden Globes may be different.'
        };

Domain: apnews.com

Sean Hannity
-----------------------------

The Ed Schultz Show
-----------------------------

The Atlantic
-----------------------------
$VAR1 = {
          'link' => 'http://theatln.tc/2il7bRj',
          'caption' => 'theatlantic.com',
          'created_time' => '2017-01-07T05:57:07+0000',
          'name' => 'They\'re Watching You at Work',
          'id' => '29259828486_10154990842728487',
          'message' => "It can\x{2019}t help but feel a little creepy. (from 2013)"
        };

Domain: theatlantic.com

Bloomberg
-----------------------------

BuzzFeed
-----------------------------

Fox News
-----------------------------
$VAR1 = {
          'link' => 'https://www.facebook.com/FoxNews/photos/a.184044921335.134777.15704546335/10154973875511336/?type=3',
          'created_time' => '2017-01-07T06:00:00+0000',
          'name' => 'Photos from Fox News\'s post',
          'id' => '15704546335_10154973877061336',
          'message' => 'Five people are dead and a shooting suspect is in custody after a lone gunman opened fire at a baggage claim area in Florida\'s Fort Lauderdale-Hollywood International Airport, shooting some people in the head without saying a word, witnesses and investigators said. http://tinyurl.com/j9vku4m'
        };

VICE
-----------------------------

Glenn Beck
-----------------------------

The Other 98%
-----------------------------


Total Posts Made:	7


