***********************************************************************************
Started at 22:30:02 on 11/28/2016
***********************************************************************************
Querying souces from the past 15 minutes....

Al Jazeera
-----------------------------

Upworthy
-----------------------------
$VAR1 = {
          'link' => 'https://www.facebook.com/Upworthy/videos/1557468957627290/',
          'created_time' => '2016-12-29T03:22:00+0000',
          'id' => '354522044588660_1557468957627290',
          'message' => "\x{201c}It\x{2019}s bizarre that in the 21st century, we actually have to hide the production of life-saving medicine.\x{201d} Step inside the lab of \"The Pot Doctor.\" (via PLGRM)"
        };

The Huffington Post
-----------------------------

HuffPost Women
-----------------------------

PBS News Hour
-----------------------------

ATTN:
-----------------------------
$VAR1 = {
          'link' => 'http://www.attn.com/stories/13873/new-rules-about-when-cops-can-shoot-your-dog?utm_source=facebook&utm_medium=post&utm_campaign=internal',
          'caption' => 'attn.com',
          'created_time' => '2016-12-29T03:16:00+0000',
          'name' => 'New Rules About When Police Can Legally Kill Your Dog',
          'id' => '160389977329803_1241498545885602',
          'message' => 'This is disturbing.'
        };

Domain: attn.com

Reuters
-----------------------------

NowThis
-----------------------------
$VAR1 = {
          'link' => 'https://www.facebook.com/NowThisFuture/videos/1375980682443108/',
          'created_time' => '2016-12-29T03:30:00+0000',
          'name' => 'NowThis Future',
          'id' => '341163402640457_1285810141509107',
          'message' => 'These are basically the holy grail of socks'
        };

Daily Caller
-----------------------------
$VAR1 = {
          'link' => 'http://trib.al/tlOBCqt',
          'caption' => 'dailycaller.com',
          'created_time' => '2016-12-29T03:25:06+0000',
          'name' => 'EXCLUSIVE: Kerry Keeps Shares In Tibetan Firm As Protesting Monk Burns',
          'id' => '182919686769_10154090311156770',
          'message' => 'A monk sets himself ablaze, Kerry looks the other way.'
        };

Domain: dailycaller.com

CNBC
-----------------------------
$VAR1 = {
          'link' => 'http://cnb.cx/2humgBZ',
          'caption' => 'cnbc.com',
          'created_time' => '2016-12-29T03:23:49+0000',
          'name' => 'JonBenet Ramsey\'s brother files $750 million defamation lawsuit',
          'id' => '97212224368_10155047532809369',
          'message' => 'He believes his reputation was damaged.'
        };

Domain: cnbc.com

The Onion
-----------------------------

Opposing Views
-----------------------------
$VAR1 = {
          'link' => 'https://www.facebook.com/opposingviews/videos/10154382640186051/',
          'created_time' => '2016-12-29T03:25:00+0000',
          'id' => '34226391050_10154382640186051',
          'message' => 'This couple is fighting Islamophobia with coffee, donuts and good conversation with strangers:'
        };

the Today Show
-----------------------------
$VAR1 = {
          'link' => 'https://www.facebook.com/today/photos/a.122723261349.132852.12566691349/10154880767971350/?type=3',
          'created_time' => '2016-12-29T03:28:49+0000',
          'name' => 'Timeline Photos',
          'id' => '12566691349_10154880767971350',
          'message' => 'Debbie Reynolds and Carrie Fisher through the years. Mother and daughter are together once again.'
        };

Kotaku
-----------------------------

Washington Post
-----------------------------

the American Center for Law and Justice
-----------------------------

VICE News
-----------------------------

PBS
-----------------------------

Mother Jones
-----------------------------

HuffPost Good News
-----------------------------

BBC News
-----------------------------

Breaking News
-----------------------------

The Verge
-----------------------------

New York Magazine
-----------------------------
$VAR1 = {
          'link' => 'http://nym.ag/2idY0Tq',
          'caption' => 'grubstreet.com',
          'created_time' => '2016-12-29T03:22:32+0000',
          'name' => "Domino\x{2019}s Slayed the Stock Market This Year",
          'id' => '14516439825_10154903867759826',
          'message' => 'Domino\'s Pizza is one of the most successful fast-food chains of the year.'
        };

Domain: grubstreet.com

TIME
-----------------------------

the Business Insider
-----------------------------
$VAR1 = {
          'link' => 'http://read.bi/2ijkyor',
          'caption' => 'businessinsider.com',
          'created_time' => '2016-12-29T03:20:07+0000',
          'name' => 'Trump gives bizarre, impromptu press conference in Florida',
          'id' => '20446254070_10154235046034071',
          'message' => 'Don King was by his side, holding a cluster of international flags.'
        };

Domain: businessinsider.com

ThinkProgress
-----------------------------

POLITICO
-----------------------------
$VAR1 = {
          'link' => 'http://politi.co/2hNXPNy',
          'caption' => 'politi.co',
          'created_time' => '2016-12-29T03:27:19+0000',
          'name' => 'MSNBC ad campaign touts new role for Morning Joe: the place for breaking news',
          'id' => '62317591679_10154140705891680',
          'message' => 'The show has a direct pipeline to President-elect Donald J. Trump.'
        };

Domain: politi.co

Alias: politico.com
Response:
{"id":"1622501708043673_1637701093190401"}

USA TODAY
-----------------------------
$VAR1 = {
          'link' => 'http://www.usatoday.com/story/sports/ufc/2016/12/28/ronda-rousey-dana-white-ufc-207-amanda-nunes/95934754/',
          'caption' => 'usatoday.com',
          'created_time' => '2016-12-29T03:30:00+0000',
          'name' => 'Dana White: The old Ronda Rousey is back',
          'id' => '13652355666_10154222702460667',
          'message' => 'This bout will be one of the most watched of 2016, in part because of Ronda Rousey\'s popularity. But will she perform?'
        };

Domain: usatoday.com
Response:
{"id":"1622501708043673_1637701143190396"}
$VAR1 = {
          'link' => 'http://www.reviewed.com/home-outdoors/features/the-best-sales-on-amazon-after-christmas#.WGQbAQPvep4.twitter',
          'caption' => 'reviewed.com',
          'created_time' => '2016-12-29T03:20:01+0000',
          'name' => 'The 10 best after Christmas deals on Amazon',
          'id' => '13652355666_10154221670885667',
          'message' => 'Put those gift cards to work.'
        };

Domain: reviewed.com

American News
-----------------------------

ABC News
-----------------------------
$VAR1 = {
          'link' => 'http://abcn.ws/2hOTXfn',
          'caption' => 'abcnews.go.com',
          'created_time' => '2016-12-29T03:29:30+0000',
          'name' => 'Experts Mixed on How Much Credit Trump Deserves for Post-Election Economic Bounce',
          'id' => '86680728811_10155196764868812',
          'message' => 'Pres.-elect Donald J. Trump boasted about the Consumer Confidence Index gains, but experts say it is too soon to tell if the bump is tied to Trump or not.'
        };

Domain: go.com
Response:
{"id":"1622501708043673_1637701213190389"}

HuffPost Politics
-----------------------------

NBC News
-----------------------------
$VAR1 = {
          'link' => 'https://www.facebook.com/NBCNews/videos/10154880683706350/',
          'created_time' => '2016-12-29T03:20:00+0000',
          'name' => 'Remembering Carrie Fisher and Debbie Reynolds',
          'id' => '155869377766434_10154880683706350',
          'message' => "WATCH: We're remembering both Carrie Fisher and her mother, Debbie Reynolds, with this 2012 TODAY Flashback.

Carrie opens up about her relationship with her mom while co-hosting with Hoda Kotb: \"It\x{2019}s certainly not, I believe, typical.\"

Read more: http://nbcnews.to/2i9yQr6"
        };

AJ+
-----------------------------

Wikileaks
-----------------------------

CNNMoney
-----------------------------
$VAR1 = {
          'link' => 'http://cnnmon.ie/2hd6ZqI',
          'caption' => 'cnn.us11.list-manage1.com',
          'created_time' => '2016-12-29T03:18:02+0000',
          'name' => 'Key market news. In your inbox. Every morning.',
          'id' => '6651543066_10154233339153067',
          'message' => 'Start your day right with the latest news driving global markets, from major stock movers and key economic headlines to important events on the calendar. Daily newsletter, Sunday through Friday. Sign up here: http://cnnmon.ie/2hd6ZqI'
        };

Domain: list-manage1.com

ABC News Politics
-----------------------------

Right Wing News
-----------------------------
$VAR1 = {
          'link' => 'http://www.littlethings.com/nightmare-nanny/?utm_source=rwn&utm_medium=Facebook&utm_campaign=shocking',
          'caption' => 'littlethings.com',
          'created_time' => '2016-12-29T03:30:00+0000',
          'name' => 'Their Daughter Is Acting Strange, So Mom Installs A Camera To See What The Nanny Has Been Doing',
          'id' => '389658314427637_1652559828137473',
          'message' => "Whitney hired a nanny for her one-year-old daughter Raylee. A few weeks later, she and her husband noticed Raylee acting strange whenever the nanny would walk inside their home. The worried mom bought a nanny cam and set it up in the living room. That night, Whitney came home and noticed the camera facing the wall \x{2014} and that's when she saw the footage."
        };

Domain: littlethings.com

The Wall Street Journal
-----------------------------

MSNBC
-----------------------------

the Drudge Report
-----------------------------

Mic
-----------------------------
$VAR1 = {
          'link' => 'https://www.facebook.com/MicMedia/videos/1345978185424968/',
          'created_time' => '2016-12-29T03:21:00+0000',
          'name' => 'Men kill bear with a truck',
          'id' => '174742062548592_1345978185424968',
          'message' => "These men drove over a bear and killed it for no reason \x{2014} the authorities are searching for them and, if guilty, they may face 2 years in prison for animal cruelty."
        };

The Economist
-----------------------------
$VAR1 = {
          'link' => 'http://econ.st/2hZZWi7',
          'caption' => 'economist.com',
          'created_time' => '2016-12-29T03:26:03+0000',
          'name' => 'The outsized impact of the world\'s biggest tree',
          'id' => '6013004059_10154938029689060',
          'message' => 'The sequoia has played a pivotal role in America\'s environmental history. That will not save it from global warming'
        };

Domain: economist.com
Response:
{"id":"1622501708043673_1637701279857049"}

Bloomberg Politics
-----------------------------

CBS News
-----------------------------

The Young Turks
-----------------------------
$VAR1 = {
          'link' => 'https://www.facebook.com/TheYoungTurks/videos/10154242708744205/',
          'created_time' => '2016-12-29T03:30:00+0000',
          'name' => 'The Young Turks Hire Nomiki Konst And Shaun King',
          'id' => '210277954204_10154242708744205',
          'message' => 'Nomiki Konst and Shaun King have joined The Young Turks team.'
        };

Occupy Democrats
-----------------------------

CBC News
-----------------------------

Newsweek
-----------------------------

CNN International
-----------------------------
$VAR1 = {
          'link' => 'http://cnn.it/2hxXVNs',
          'caption' => 'www.cnn.com',
          'created_time' => '2016-12-29T03:18:54+0000',
          'name' => 'Debbie Reynolds: Hollywood mourns the loss of an iconic actress',
          'id' => '18793419640_10154842306899641',
          'message' => '"I can\'t imagine what Carrie Fisher and Debbie Reynolds\' family are going through this week." Tributes pour in after tragedy:'
        };

Domain: cnn.com
Response:
{"id":"1622501708043673_1637701356523708"}

The New Yorker
-----------------------------

Rush Limbaugh
-----------------------------

The Independent
-----------------------------

TheBlaze
-----------------------------

NPR Politics
-----------------------------

The New York Times
-----------------------------

NPR
-----------------------------

MSN
-----------------------------

CNN Politics
-----------------------------

The Daily Show
-----------------------------

Daily Kos
-----------------------------

Yahoo News
-----------------------------
$VAR1 = {
          'link' => 'https://yhoo.it/2hoGtpQ',
          'caption' => 'yahoo.com',
          'created_time' => '2016-12-29T03:30:10+0000',
          'name' => 'Erdogan claims U.S.-led coalition gives support to terrorist groups in Syria',
          'id' => '338028696036_10155046024936037',
          'message' => '"It\'s very clear. We have confirmed evidence, with pictures, photos and videos,"'
        };

Domain: yahoo.com
Response:
{"id":"1622501708043673_1637701453190365"}
$VAR1 = {
          'link' => 'https://yhoo.it/2htCeMW',
          'caption' => 'yahoo.com',
          'created_time' => '2016-12-29T03:20:03+0000',
          'name' => "Man who fathered former high school teacher\x{2019}s son allegedly kills them both",
          'id' => '338028696036_10155046000806037',
          'message' => "Under \x{201c}intense questioning,\x{201d}  Duran allegedly \x{201c}owned up\x{201d} to the killings and referenced Satan."
        };

Domain: yahoo.com
Response:
{"id":"1622501708043673_1637701533190357"}

The Guardian
-----------------------------

CNN
-----------------------------
$VAR1 = {
          'link' => 'http://cnn.it/2hxYbMs',
          'caption' => 'www.cnn.com',
          'created_time' => '2016-12-29T03:18:54+0000',
          'name' => 'Debbie Reynolds: Hollywood mourns the loss of an iconic actress',
          'id' => '5550296508_10155829158491509',
          'message' => '"I can\'t imagine what Carrie Fisher and Debbie Reynolds\' family are going through this week." Tributes pour in after tragedy:'
        };

Domain: cnn.com
Response:
{"id":"1622501708043673_1637701579857019"}

Slate.com
-----------------------------
$VAR1 = {
          'link' => 'http://slate.me/2hp2HaZ',
          'caption' => 'slate.com',
          'created_time' => '2016-12-29T03:22:07+0000',
          'name' => "Miranda Lambert\x{2019}s The Weight of These Wings Was the Anti of Country",
          'id' => '21516776437_10154707708081438',
          'message' => "Many expected Miranda Lambert to emerge from her celebrity divorce with an album of radio-ready kiss-offs\x{2014}but instead she turned inward."
        };

Domain: slate.com
Response:
{"id":"1622501708043673_1637701643190346"}

the AP
-----------------------------

Sean Hannity
-----------------------------

The Ed Schultz Show
-----------------------------

The Atlantic
-----------------------------

Bloomberg
-----------------------------

BuzzFeed
-----------------------------

Fox News
-----------------------------

VICE
-----------------------------

Glenn Beck
-----------------------------

The Other 98%
-----------------------------
$VAR1 = {
          'link' => 'http://occupydemocrats.com/2016/12/29/trump-says-just-created-5000-sprint-jobs-truth-far-sinister/',
          'caption' => 'occupydemocrats.com',
          'created_time' => '2016-12-29T03:17:57+0000',
          'name' => 'Trump Says He Just Created 5,000 Sprint Jobs. The Truth Is Far More Sinister',
          'id' => '114517875225866_1609248215752817'
        };

Domain: occupydemocrats.com


Total Posts Made:	9


