***********************************************************************************
Started at 22:00:01 on 11/18/2016
***********************************************************************************
Querying souces from the past 15 minutes....

Al Jazeera
-----------------------------
$VAR1 = {
          'link' => 'http://www.aljazeera.com/indepth/opinion/2016/12/bigotry-ahmadis-constant-pakistan-161218113353263.html',
          'caption' => 'aljazeera.com',
          'created_time' => '2016-12-19T03:00:00+0000',
          'name' => 'Bigotry against Ahmadis, a constant in Pakistan',
          'id' => '7382473689_10154989690913690',
          'message' => '"Rights activists and lawyers have also called this treatment of Ahmadis a legal apartheid."

- Rabia Mehmood'
        };

Domain: aljazeera.com
Response:
{"id":"1622501708043673_1634292553531255"}

Upworthy
-----------------------------

The Huffington Post
-----------------------------

HuffPost Women
-----------------------------

PBS News Hour
-----------------------------

ATTN:
-----------------------------

Reuters
-----------------------------

NowThis
-----------------------------
$VAR1 = {
          'link' => 'https://www.facebook.com/NowThisNews/videos/1265838703477689/',
          'created_time' => '2016-12-19T03:00:00+0000',
          'name' => 'This Grandma Met Denzel Washington',
          'id' => '341163402640457_1265838703477689',
          'message' => "Denzel Washington hung out with his childhood librarian and it\x{2019}s too cute for words"
        };

Daily Caller
-----------------------------
$VAR1 = {
          'link' => 'http://trib.al/HpHXxy9',
          'caption' => 'dailycaller.com',
          'created_time' => '2016-12-19T02:58:46+0000',
          'name' => 'This Blonde Bombshell Golfer Is The Hottest Woman On The Internet [SLIDESHOW]',
          'id' => '182919686769_10154059542981770',
          'message' => 'Are her Instagram photos too scorching hot for the internet?'
        };

Domain: dailycaller.com

CNBC
-----------------------------
$VAR1 = {
          'link' => 'http://cnb.cx/2i43zCE',
          'caption' => 'cnbc.com',
          'created_time' => '2016-12-19T02:54:17+0000',
          'name' => 'This 25-year-old makes $500,000 a year tweeting random facts',
          'id' => '97212224368_10155009747964369',
          'message' => 'Proof your social media addiction could actually make you lots of $$.'
        };

Domain: cnbc.com

The Onion
-----------------------------

Opposing Views
-----------------------------
$VAR1 = {
          'link' => 'http://www.americanow.com/story/animal-rights/2016/11/09/villagers-shocked-what-was-inside-captured-snake?fb=ov',
          'caption' => 'americanow.com',
          'created_time' => '2016-12-19T03:00:00+0000',
          'name' => 'Farmers Shocked By What Was Inside Captured Snake',
          'id' => '34226391050_10154353514761051',
          'message' => 'Farmers here cut open a snake because they believed it ate their animals, but they didn\'t find the animals inside it - they found something else entirely.'
        };

Domain: americanow.com

the Today Show
-----------------------------

Kotaku
-----------------------------

Washington Post
-----------------------------
$VAR1 = {
          'link' => 'https://www.washingtonpost.com/news/worldviews/wp/2016/12/17/venezuelas-crazy-currency-swap-looks-like-alchemy-not-economics/?tid=sm_fb&utm_term=.b5061e9d7731',
          'caption' => 'washingtonpost.com',
          'created_time' => '2016-12-19T03:00:00+0000',
          'name' => "Venezuela\x{2019}s crazy currency swap looks like alchemy, not economics",
          'id' => '6250307292_10154542502012293',
          'message' => '"The economy cannot survive this kind of strangulation for very long."'
        };

Domain: washingtonpost.com
Response:
{"id":"1622501708043673_1634292663531244"}

the American Center for Law and Justice
-----------------------------

VICE News
-----------------------------

PBS
-----------------------------

Mother Jones
-----------------------------

HuffPost Good News
-----------------------------
$VAR1 = {
          'link' => 'https://www.facebook.com/HuffPostGoodNews/videos/1228724630547052/',
          'created_time' => '2016-12-19T03:00:00+0000',
          'name' => 'Cats Sleeping Like Humans',
          'id' => '202163013203224_1228724630547052',
          'message' => "Night night. \x{1f634}"
        };

BBC News
-----------------------------
$VAR1 = {
          'link' => 'http://bbc.in/2i4Qx83',
          'caption' => 'bbc.co.uk',
          'created_time' => '2016-12-19T02:58:37+0000',
          'name' => 'Tiger snake discovered in Christmas tree',
          'id' => '228735667216_10154222126602217',
          'message' => "Definitely no partridge in a pear tree. \x{1f384}\x{1f40d}"
        };

Domain: bbc.co.uk
Response:
{"id":"1622501708043673_1634292766864567"}

Breaking News
-----------------------------

The Verge
-----------------------------

New York Magazine
-----------------------------

TIME
-----------------------------

the Business Insider
-----------------------------
$VAR1 = {
          'link' => 'http://read.bi/2hXtkoa',
          'caption' => 'businessinsider.com',
          'created_time' => '2016-12-19T03:00:06+0000',
          'name' => 'General James \'Mad Dog\' Mattis Email About Being \'Too Busy To Read\' Is A Must-Read',
          'id' => '20446254070_10154201326959071',
          'message' => 'His response went viral over email.'
        };

Domain: businessinsider.com
$VAR1 = {
          'link' => 'https://www.facebook.com/businessinsider/videos/10152805490679071/',
          'created_time' => '2016-12-19T02:55:00+0000',
          'name' => 'Business Insider',
          'id' => '20446254070_10154187757179071',
          'message' => 'No gym equipment needed.'
        };

ThinkProgress
-----------------------------

POLITICO
-----------------------------

USA TODAY
-----------------------------
$VAR1 = {
          'link' => 'http://www.usatoday.com/story/life/movies/2016/12/18/mark-wahlberg-patriots-day-boston-marathon-bombing-strong/95500230/',
          'caption' => 'usatoday.com',
          'created_time' => '2016-12-19T03:00:00+0000',
          'name' => 'Mark Wahlberg feels \'Boston Strong\' in \'Patriots Day\'',
          'id' => '13652355666_10154180970865667',
          'message' => 'Mark Wahlberg worried how his hometown crowd might react when he signed to star in and produce a movie about the Boston Marathon bombing.'
        };

Domain: usatoday.com
Response:
{"id":"1622501708043673_1634292823531228"}

American News
-----------------------------

ABC News
-----------------------------
$VAR1 = {
          'link' => 'http://abcn.ws/2gQ7jH4',
          'caption' => 'abcnews.go.com',
          'created_time' => '2016-12-19T02:53:07+0000',
          'name' => 'DNC Chair Contradicts Obama: Russian Hackers Came After Us \'Until End of Election\'',
          'id' => '86680728811_10155156584058812',
          'message' => 'Democratic National Committee Chair Donna Brazile told ABC News\' This Week Russian hackers persisted in trying to break into the organization\'s computers "daily, hourly" until after the election."'
        };

Domain: go.com
Response:
{"id":"1622501708043673_1634292946864549"}

HuffPost Politics
-----------------------------

NBC News
-----------------------------

AJ+
-----------------------------

Wikileaks
-----------------------------

CNNMoney
-----------------------------
$VAR1 = {
          'link' => 'http://cnnmon.ie/2gOx8Ml',
          'caption' => 'money.cnn.com',
          'created_time' => '2016-12-19T02:53:01+0000',
          'name' => 'Pharrell signs on as creative director for Amex Platinum Card',
          'id' => '6651543066_10154201688963067',
          'message' => 'The role could see Pharrell Williams helping design cards and picking the music for airport lounges. http://cnnmon.ie/2gOx8Ml'
        };

Domain: cnn.com
Response:
{"id":"1622501708043673_1634293123531198"}

ABC News Politics
-----------------------------

Right Wing News
-----------------------------
$VAR1 = {
          'link' => 'http://www.chicksontheright.com/kellyanne-conway-feminists-who-criticize-me-are-childless-interns-with-cats-as-their-twitter-pictures/?utm_source=RWN&utm_medium=RWN&utm_campaign=RWN',
          'caption' => 'chicksontheright.com',
          'created_time' => '2016-12-19T03:00:00+0000',
          'name' => 'Kellyanne Conway Identifies The Feminists Trolling Her, And It Is GLORIOUS!',
          'id' => '389658314427637_1643215895738533',
          'message' => 'HAHA! I guess that backfired!'
        };

Domain: chicksontheright.com

The Wall Street Journal
-----------------------------

MSNBC
-----------------------------

the Drudge Report
-----------------------------

Mic
-----------------------------

The Economist
-----------------------------

Bloomberg Politics
-----------------------------

CBS News
-----------------------------
$VAR1 = {
          'link' => 'http://cbsn.ws/2hxYANz',
          'caption' => 'www.cbsnews.com',
          'created_time' => '2016-12-19T03:00:03+0000',
          'name' => '3-year-old killed in road rage shooting was out shopping with grandma, police say',
          'id' => '131459315949_10154184407725950',
          'message' => 'Police are offering a $20,000 reward for information leading to the arrest and conviction of the suspect.'
        };

Domain: cbsnews.com
Response:
{"id":"1622501708043673_1634293260197851"}

The Young Turks
-----------------------------
$VAR1 = {
          'link' => 'https://www.facebook.com/TheYoungTurks/videos/10154201487554205/',
          'created_time' => '2016-12-19T03:00:00+0000',
          'name' => 'We MUST Help Syrian Refugees',
          'id' => '210277954204_10154201487554205',
          'message' => 'Western powers need to do the right thing and step in to help refugees running from the brutal war.'
        };

Occupy Democrats
-----------------------------

CBC News
-----------------------------
$VAR1 = {
          'link' => 'http://www.cbc.ca/news/canada/edmonton/pc-alberta-party-harassment-investigation-1.3902573',
          'caption' => 'cbc.ca',
          'created_time' => '2016-12-19T03:00:00+0000',
          'name' => '\'We need to raise the bar\': PC Alberta concludes harassment investigation',
          'id' => '5823419603_10154958260794604',
          'message' => 'Both Jason Kenney and Sandra Jansen reported experiencing bullying at the Alberta PC convention last month.'
        };

Newsweek
-----------------------------

CNN International
-----------------------------

The New Yorker
-----------------------------

Rush Limbaugh
-----------------------------

The Independent
-----------------------------

TheBlaze
-----------------------------

NPR Politics
-----------------------------

The New York Times
-----------------------------
$VAR1 = {
          'link' => 'https://www.nytimes.com/2016/12/13/dining/restaurants-no-tipping-service.html?smid=fb-nytimes&smtyp=cur',
          'caption' => 'nytimes.com',
          'created_time' => '2016-12-19T02:55:00+0000',
          'name' => 'Year of Upheaval for Restaurants That Ended Tipping',
          'id' => '5281959998_10151012845524999',
          'message' => "\x{201c}Ultimately it\x{2019}s not about the numbers on the check, but about whether the balance and the value feels right to people as they leave the restaurant. It\x{2019}s not an entirely rational system.\x{201d}"
        };

Domain: nytimes.com
Response:
{"id":"1622501708043673_1634293416864502"}

NPR
-----------------------------

MSN
-----------------------------
$VAR1 = {
          'link' => 'http://msn.com/en-us/news/politics/republicans-charge-forward-with-repeal-of-health-care-law-but-few-are-eager-to-follow/ar-AAlI3C7?ocid=ob-fb-enus-280',
          'caption' => 'msn.com',
          'created_time' => '2016-12-19T02:55:25+0000',
          'name' => 'Republicans charge forward with repeal of health care law, but few are eager to follow',
          'id' => '49940376408_10154142349936409'
        };

Domain: msn.com

CNN Politics
-----------------------------

The Daily Show
-----------------------------

Daily Kos
-----------------------------

Yahoo News
-----------------------------

The Guardian
-----------------------------

CNN
-----------------------------

Slate.com
-----------------------------
$VAR1 = {
          'link' => 'http://slate.me/2hKqFBM',
          'caption' => 'slate.com',
          'created_time' => '2016-12-19T03:00:10+0000',
          'name' => 'Majority of Republicans Mistakenly Think Trump Won the Popular Vote',
          'id' => '21516776437_10154668920411438',
          'message' => 'Could the president-elect\'s lies have anything to do with that?'
        };

Domain: slate.com
Response:
{"id":"1622501708043673_1634293496864494"}

the AP
-----------------------------

Sean Hannity
-----------------------------

The Ed Schultz Show
-----------------------------

The Atlantic
-----------------------------

Bloomberg
-----------------------------

BuzzFeed
-----------------------------

Fox News
-----------------------------
$VAR1 = {
          'link' => 'http://insider.foxnews.com/2016/12/18/centerville-christmas-carol-play-ended-parents-object-god-bless-us-lancaster',
          'caption' => 'insider.foxnews.com',
          'created_time' => '2016-12-19T03:00:00+0000',
          'name' => 'School\'s \'Christmas Carol\' Play Dropped After Parents Object to Tiny Tim',
          'id' => '15704546335_10154907738791336',
          'message' => 'Two parents at a Pennsylvania elementary school reportedly objected to a famous line in Charles Dickens\' \'A Christmas Carol\', leading the principal to cancel its Christmas play.'
        };

Domain: foxnews.com
Response:
{"id":"1622501708043673_1634293570197820"}

VICE
-----------------------------
$VAR1 = {
          'link' => 'https://broadly.vice.com/en_us/article/why-kids-are-unreasonably-terrified-of-santa-claus?utm_source=vicefbus',
          'caption' => 'broadly.vice.com',
          'created_time' => '2016-12-19T03:00:05+0000',
          'name' => 'Why Kids Are Unreasonably Terrified of Santa Claus',
          'id' => '167115176655082_1494586310574622',
          'message' => 'An old man who watches everything you do sounds scary as hell, honestly.'
        };

Domain: vice.com

Glenn Beck
-----------------------------

The Other 98%
-----------------------------


Total Posts Made:	10


