***********************************************************************************
Started at 16:15:02 on 11/26/2016
***********************************************************************************
Querying souces from the past 15 minutes....

Al Jazeera
-----------------------------

Upworthy
-----------------------------

The Huffington Post
-----------------------------
$VAR1 = {
          'link' => 'http://huff.to/2i0sQRw',
          'caption' => 'huffingtonpost.com',
          'created_time' => '2016-12-26T21:00:48+0000',
          'name' => 'Confused Twitter Erupts As GOP Hails \'New King\' In Holiday Message',
          'id' => '18468761129_10154551336321130',
          'message' => "\x{201c}A new king? Are you insane?\x{201d}"
        };

Domain: huffingtonpost.com
Response:
{"error":{"message":"It looks like you were misusing this feature by going too fast. You\u2019ve been blocked from using it.\n\nLearn more about blocks in the Help Center.","type":"OAuthException","code":368,"error_subcode":1390008,"error_user_msg":"","fbtrace_id":"FW3OVlFsB5X"}}

Facebook ran into an error and the post was not published. Zach Muckerberg please fix. Try again in a few hours.

