***********************************************************************************
Started at 06:45:01 on 00/02/2017
***********************************************************************************
Querying souces from the past 15 minutes....

Al Jazeera
-----------------------------

Upworthy
-----------------------------

The Huffington Post
-----------------------------

HuffPost Women
-----------------------------

PBS News Hour
-----------------------------

ATTN:
-----------------------------

Reuters
-----------------------------

NowThis
-----------------------------

Daily Caller
-----------------------------
$VAR1 = {
          'link' => 'http://trib.al/xEE7k2A',
          'caption' => 'dailycaller.com',
          'created_time' => '2017-01-02T11:32:32+0000',
          'name' => 'The US Has Yet To Provide Evidence Russia Directed A Hacking Operation To Undermine Election',
          'id' => '182919686769_10154102489311770',
          'message' => 'The United States government has yet to produce evidence tying the Russian government to a purported hacking operation meant to undermine the 2016 presidential election. This is despite reports from journalists stating the contrary.'
        };

Domain: dailycaller.com

CNBC
-----------------------------

The Onion
-----------------------------

Opposing Views
-----------------------------

the Today Show
-----------------------------

Kotaku
-----------------------------

Washington Post
-----------------------------

the American Center for Law and Justice
-----------------------------

VICE News
-----------------------------

PBS
-----------------------------

Mother Jones
-----------------------------

HuffPost Good News
-----------------------------

BBC News
-----------------------------
$VAR1 = {
          'link' => 'http://bbc.in/2hJqDcI',
          'created_time' => '2017-01-02T11:37:47+0000',
          'name' => 'BBC Entertainment News',
          'id' => '228735667216_10154269325722217',
          'message' => "2017 starting on a sour note. \x{1f3b6}"
        };

Breaking News
-----------------------------

The Verge
-----------------------------

New York Magazine
-----------------------------

TIME
-----------------------------
$VAR1 = {
          'link' => 'http://ti.me/2hR7iHp',
          'caption' => 'time.com',
          'created_time' => '2017-01-02T11:30:13+0000',
          'name' => '185 Powerful Verbs That Will Make Your Resume Awesome',
          'id' => '10606591490_10154315172176491',
          'message' => 'If you\'re itching for a career change.'
        };

Domain: time.com

the Business Insider
-----------------------------
$VAR1 = {
          'link' => 'http://read.bi/2iyfTMP',
          'caption' => 'businessinsider.com',
          'created_time' => '2017-01-02T11:40:06+0000',
          'name' => "We ate at the Trump Grill restaurant that Vanity Fair destroyed \x{2014} here's what happened",
          'id' => '20446254070_10154250024219071',
          'message' => 'It\'s not what you may have expected.'
        };

Domain: businessinsider.com

ThinkProgress
-----------------------------

POLITICO
-----------------------------

USA TODAY
-----------------------------

American News
-----------------------------

ABC News
-----------------------------

HuffPost Politics
-----------------------------

NBC News
-----------------------------

AJ+
-----------------------------

Wikileaks
-----------------------------

CNNMoney
-----------------------------
$VAR1 = {
          'link' => 'https://www.facebook.com/cnnmoney/videos/10154246491393067/',
          'created_time' => '2017-01-02T11:31:48+0000',
          'name' => 'Scott and Mark Kelly to Trump: \'Trust the scientists\'',
          'id' => '6651543066_10154246491393067',
          'message' => 'Former NASA astronauts Scott and Mark Kelly sat down with CNN\'s Rachel Crane at the Breakthrough Awards to discuss the future of scientific research under a Trump administration. http://cnnmon.ie/2hiFBHW Via CNNTech'
        };

ABC News Politics
-----------------------------

Right Wing News
-----------------------------

The Wall Street Journal
-----------------------------

MSNBC
-----------------------------

the Drudge Report
-----------------------------

Mic
-----------------------------

The Economist
-----------------------------

Bloomberg Politics
-----------------------------
$VAR1 = {
          'link' => 'http://bloom.bg/2iGRNiT',
          'caption' => 'bloomberg.com',
          'created_time' => '2017-01-02T11:39:24+0000',
          'name' => 'It\'s Not Cheap Protecting The President-Elect',
          'id' => '1481073582140028_1862415210672528',
          'message' => 'Mayors across the United States are starting to worry.'
        };

Domain: bloomberg.com
Response:
{"id":"1622501708043673_1639224649704712"}

CBS News
-----------------------------

The Young Turks
-----------------------------

Occupy Democrats
-----------------------------

CBC News
-----------------------------

Newsweek
-----------------------------
$VAR1 = {
          'link' => 'http://europe.newsweek.com/six-places-worth-visiting-2017-535783',
          'caption' => 'newsweek.com',
          'created_time' => '2017-01-02T11:37:00+0000',
          'name' => 'Six places you should visit in 2017',
          'id' => '18343191100_10154748501451101',
          'message' => 'Chase away the winter blues by planning your next vacation.'
        };

Domain: newsweek.com

CNN International
-----------------------------

The New Yorker
-----------------------------

Rush Limbaugh
-----------------------------

The Independent
-----------------------------
$VAR1 = {
          'link' => 'http://www.independent.co.uk/news/world/africa/girl-suicide-bomber-aged-around-ten-seriously-injures-one-person-in-new-years-eve-attack-a7504596.html?cmpid=facebook-post',
          'caption' => 'independent.co.uk',
          'created_time' => '2017-01-02T11:41:00+0000',
          'name' => '10-year-old girl used in suicide bomb attack on New Year\'s Eve',
          'id' => '13312631635_10154352762201636',
          'message' => 'Horrific'
        };

Domain: independent.co.uk

TheBlaze
-----------------------------

NPR Politics
-----------------------------

The New York Times
-----------------------------

NPR
-----------------------------

MSN
-----------------------------

CNN Politics
-----------------------------
$VAR1 = {
          'link' => 'http://cnn.it/2i1PpCt',
          'caption' => 'www.cnn.com',
          'created_time' => '2017-01-02T11:32:02+0000',
          'name' => 'Get ready for another year of global tumult',
          'id' => '219367258105115_1429060220469140',
          'message' => 'The political tumult that rocked the world in 2016 might be an appetizer for 2017.'
        };

Domain: cnn.com
Response:
{"id":"1622501708043673_1639224923038018"}

The Daily Show
-----------------------------

Daily Kos
-----------------------------

Yahoo News
-----------------------------

The Guardian
-----------------------------
$VAR1 = {
          'link' => 'https://www.theguardian.com/politics/2017/jan/02/len-mccluskey-corbyn-should-consider-his-position-if-polls-dont-improve?CMP=fb_gu',
          'caption' => 'theguardian.com',
          'created_time' => '2017-01-02T11:40:00+0000',
          'name' => 'Len McCluskey: Corbyn should consider his position if polls don\'t improve',
          'id' => '10513336322_10154911404951323',
          'message' => "\x{201c}These two are not egomaniacs. They are not desperate to cling on to power for power\x{2019}s sake.\x{201d}"
        };

Domain: theguardian.com
Response:
{"id":"1622501708043673_1639225063038004"}

CNN
-----------------------------
$VAR1 = {
          'link' => 'http://cnn.it/2i1DTqV',
          'caption' => 'www.cnn.com',
          'created_time' => '2017-01-02T11:39:00+0000',
          'name' => 'President Obama to deliver farewell address',
          'id' => '5550296508_10155850063736509',
          'message' => 'President Obama will deliver his farewell address to the nation next week from his home city of Chicago'
        };

Domain: cnn.com
Response:
{"id":"1622501708043673_1639225259704651"}

Slate.com
-----------------------------

the AP
-----------------------------

Sean Hannity
-----------------------------

The Ed Schultz Show
-----------------------------

The Atlantic
-----------------------------

Bloomberg
-----------------------------

BuzzFeed
-----------------------------

Fox News
-----------------------------

VICE
-----------------------------

Glenn Beck
-----------------------------

The Other 98%
-----------------------------


Total Posts Made:	4


