***********************************************************************************
Started at 11:15:02 on 00/02/2017
***********************************************************************************
Querying souces from the past 15 minutes....

Al Jazeera
-----------------------------

Upworthy
-----------------------------

The Huffington Post
-----------------------------

HuffPost Women
-----------------------------

PBS News Hour
-----------------------------

ATTN:
-----------------------------

Reuters
-----------------------------
$VAR1 = {
          'link' => 'http://reut.rs/2i2ueAb',
          'caption' => 'reuters.com',
          'created_time' => '2017-01-02T16:07:46+0000',
          'name' => 'Bitcoin jumps above $1,000 for first time in three years',
          'id' => '114050161948682_1348987061788313',
          'message' => 'Bitcoin kicked off 2017 by jumping above $1,000 for the first time in three years: http://reut.rs/2hJRVkB'
        };

Domain: reuters.com
$VAR1 = {
          'link' => 'http://reut.rs/2iANokn',
          'caption' => 'www.reuters.com',
          'created_time' => '2017-01-02T16:07:33+0000',
          'name' => 'South Korea bans sales of some Nissan, BMW and Porsche models',
          'id' => '114050161948682_1348986798455006',
          'message' => 'South Korea has banned the sale of 10 models of Nissan, BMW and Porsche vehicles after the carmakers were found to have fabricated certification documents, in the latest fallout from the Volkswagen emissions scandal.'
        };

Domain: reuters.com

NowThis
-----------------------------

Daily Caller
-----------------------------
$VAR1 = {
          'link' => 'http://trib.al/rw7Vb4g',
          'caption' => 'dailycaller.com',
          'created_time' => '2017-01-02T16:10:05+0000',
          'name' => 'Everyone Is Talking About The Dress Melania Trump Wore On New Year\'s Eve',
          'id' => '182919686769_10154102961561770',
          'message' => 'You couldn\'t miss Melania Trump.'
        };

Domain: dailycaller.com

CNBC
-----------------------------
$VAR1 = {
          'link' => 'http://cnb.cx/2hwG7xv',
          'caption' => 'cnbc.com',
          'created_time' => '2017-01-02T16:14:49+0000',
          'name' => 'A 26-year-old set to retire at age 37 shares the book that shaped his mindset about money',
          'id' => '97212224368_10155063741299369',
          'message' => 'He saves more than 60% of his $70,000 salary.'
        };

Domain: cnbc.com

The Onion
-----------------------------

Opposing Views
-----------------------------

the Today Show
-----------------------------

Kotaku
-----------------------------

Washington Post
-----------------------------
$VAR1 = {
          'link' => 'https://www.washingtonpost.com/politics/claiming-mandate-gop-congress-lays-plans-to-propel-sweeping-conservative-agenda/2017/01/01/9840338a-ceee-11e6-b8a2-8c2a61b0436f_story.html?utm_term=.84dcf73005e5',
          'caption' => 'washingtonpost.com',
          'created_time' => '2017-01-02T16:15:00+0000',
          'name' => 'Claiming mandate, GOP Congress lays plans to propel sweeping conservative agenda',
          'id' => '6250307292_10154607676207293',
          'message' => 'When the 115th Congress begins this week, the Republicans\' agenda includes legislation that could form the basis of the most ambitious conservative policy agenda since the \'20s.'
        };

Domain: washingtonpost.com
Response:
{"error":{"message":"It looks like you were misusing this feature by going too fast. You\u2019ve been blocked from using it.\n\nLearn more about blocks in the Help Center.","type":"OAuthException","code":368,"error_subcode":1390008,"error_user_msg":"","fbtrace_id":"CweaF6HTA+8"}}

Facebook ran into an error and the post was not published. Zach Muckerberg please fix. Try again in a few hours.

