***********************************************************************************
Started at 16:00:02 on 00/09/2017
***********************************************************************************
Querying souces from the past 15 minutes....

Al Jazeera
-----------------------------
$VAR1 = {
          'link' => 'http://www.aljazeera.com/programmes/talktojazeera/2016/07/zygmunt-bauman-world-crisis-humanity-160722085342260.html',
          'caption' => 'aljazeera.com',
          'created_time' => '2017-01-09T21:00:00+0000',
          'name' => 'Zygmunt Bauman: Behind the world\'s \'crisis of humanity\'',
          'id' => '7382473689_10155085294548690',
          'message' => 'Polish sociologist Zygmunt Bauman passed away today at the age of 91. Last year, he shared his thoughts on the rise of populist leaders and the refugee crisis with Talk to Al Jazeera.'
        };

Domain: aljazeera.com
Response:
{"id":"1622501708043673_1641750632785447"}

Upworthy
-----------------------------
$VAR1 = {
          'link' => 'http://u.pw/2jmhaWA',
          'caption' => 'upworthy.com',
          'created_time' => '2017-01-09T20:50:00+0000',
          'name' => "Why Ruth Bader Ginsburg's handwritten note to an 8-year-old girl matters \x{2014} especially now.",
          'id' => '354522044588660_1588437497863769',
          'message' => 'It was a small thing for her to do, and it made a big impact. - Eric March'
        };

Domain: upworthy.com

The Huffington Post
-----------------------------

HuffPost Women
-----------------------------

PBS News Hour
-----------------------------
$VAR1 = {
          'link' => 'http://www.pbs.org/newshour/poetry/american-essence-kansas-camaros-jennifer/',
          'caption' => 'pbs.org',
          'created_time' => '2017-01-09T21:00:09+0000',
          'name' => 'The all-American essence of Kansas, Camaros and \'Jennifer\'',
          'id' => '6491828674_10154960413968675',
          'message' => '"Poetry asks that, for even a few moments, we become fully engaged."'
        };

Domain: pbs.org
Response:
{"id":"1622501708043673_1641750796118764"}

ATTN:
-----------------------------

Reuters
-----------------------------

NowThis
-----------------------------
$VAR1 = {
          'link' => 'https://www.facebook.com/NowThisNews/videos/1296937137063074/',
          'created_time' => '2017-01-09T20:53:38+0000',
          'name' => 'Colin Kaepernick Just Donated 50k To Standing Rock',
          'id' => '341163402640457_1296937137063074',
          'message' => 'Colin Kaepernick donated money towards a free health clinic at Standing Rock'
        };

Daily Caller
-----------------------------
$VAR1 = {
          'link' => 'http://trib.al/NoB2c1i',
          'caption' => 'smokeroom.com',
          'created_time' => '2017-01-09T20:48:14+0000',
          'name' => 'Caroline Wozniacki Spends Vacation In A Bikini',
          'id' => '182919686769_10154121993241770',
          'message' => 'This bikini picture is mind-blowing.'
        };

Domain: smokeroom.com

CNBC
-----------------------------

The Onion
-----------------------------

Opposing Views
-----------------------------
$VAR1 = {
          'link' => 'https://www.opposingviews.com/i/society/crime/one-police-officer-dead-and-now-authorities-want-you-see-picture-man-who-did-it',
          'caption' => 'opposingviews.com',
          'created_time' => '2017-01-09T21:00:00+0000',
          'name' => 'Police Release Photo Of Man Who Shot Cop, Urge People To Keep Eye Out For Him (Photo)',
          'id' => '34226391050_10154413692626051',
          'message' => 'One police officer is dead, and now, authorities want you to see the picture of the man who did it - because he\'s on the run and extremely dangerous.'
        };

Domain: opposingviews.com

the Today Show
-----------------------------
$VAR1 = {
          'link' => 'http://www.today.com/parents/holderness-family-eminem-parody-kids-refuse-bundle-t106843?cid=sm_fbn',
          'caption' => 'today.com',
          'created_time' => '2017-01-09T20:55:00+0000',
          'name' => 'Watch the Eminem parody that nails the struggle of bundling kids up',
          'id' => '12566691349_10154917875596350',
          'message' => '"Explain to me how a pair of shorts and a tee keep him warm when out the door it\'s only 23."'
        };

Domain: today.com

Kotaku
-----------------------------

Washington Post
-----------------------------
$VAR1 = {
          'link' => 'https://www.washingtonpost.com/news/true-crime/wp/2017/01/09/mom-boyfriend-plotted-a-rape-murder-fantasy-that-left-her-teen-daughter-dead-prosecutor-says/?tid=sm_fb&utm_term=.7066fd04bce4',
          'caption' => 'washingtonpost.com',
          'created_time' => '2017-01-09T21:00:00+0000',
          'name' => "Mom, boyfriend plotted a \x{2018}rape-murder fantasy\x{2019} that left her teen daughter dead, prosecutor says",
          'id' => '6250307292_10154636402277293',
          'message' => '"Unfortunately, Grace Parker was a disposable child to these people."'
        };

Domain: washingtonpost.com
Response:
{"id":"1622501708043673_1641751046118739"}

the American Center for Law and Justice
-----------------------------

VICE News
-----------------------------
$VAR1 = {
          'link' => 'https://www.facebook.com/vicenews/videos/719351844891435/',
          'created_time' => '2017-01-09T20:50:03+0000',
          'name' => 'Trump Meets World: One China Policy',
          'id' => '235852889908002_719351844891435',
          'message' => 'Taiwan, we have a problem.'
        };

PBS
-----------------------------
$VAR1 = {
          'link' => 'https://www.facebook.com/pbs/videos/10154273589572781/',
          'created_time' => '2017-01-09T21:00:00+0000',
          'name' => 'ANTIQUES ROADSHOW | Fort Worth, Hour 2 Preview | PBS',
          'id' => '19013582168_10154273589572781',
          'message' => 'Antiques Roadshow is all-new tonight with Fort Worth, Hour 2! Preview the hour now with Peter Loughrey\'s appraisal of a Herman Miller storage unit, ca. 1950. http://to.pbs.org/2iYaa5W #AntiquesRoadshow'
        };

Mother Jones
-----------------------------

HuffPost Good News
-----------------------------
$VAR1 = {
          'link' => 'http://huff.to/2iW2YVm',
          'caption' => 'huffingtonpost.com',
          'created_time' => '2017-01-09T20:52:09+0000',
          'name' => 'Emma Stone\'s Response To This Tired Red Carpet Question Is Perfection',
          'id' => '202163013203224_1252478141505034',
          'message' => "Emma Stone kept it \x{1f4af} ."
        };

Domain: huffingtonpost.com
Response:
{"id":"1622501708043673_1641751209452056"}

BBC News
-----------------------------
$VAR1 = {
          'link' => 'https://www.facebook.com/bbcnews/videos/10154289228002217/',
          'created_time' => '2017-01-09T20:59:05+0000',
          'name' => 'Trump\'s Twitter Take-down',
          'id' => '228735667216_10154289228002217',
          'message' => 'It\'s only been a few weeks into the new year, but here\'s who President-elect Donald J. Trump has criticised on Twitter so far...'
        };

Breaking News
-----------------------------

The Verge
-----------------------------

New York Magazine
-----------------------------

TIME
-----------------------------

the Business Insider
-----------------------------
$VAR1 = {
          'link' => 'http://www.businessinsider.com/spotify-creates-job-listing-for-obama-2017-1',
          'caption' => 'businessinsider.com',
          'created_time' => '2017-01-09T20:50:00+0000',
          'name' => 'Spotify created a job listing that\'s tailor-made for Obama',
          'id' => '20446254070_10154271379774071',
          'message' => 'Spotify has an idea for President Obama\'s next career move.'
        };

Domain: businessinsider.com

ThinkProgress
-----------------------------

POLITICO
-----------------------------
$VAR1 = {
          'link' => 'http://politi.co/2ibNoGh',
          'caption' => 'politi.co',
          'created_time' => '2017-01-09T20:59:19+0000',
          'name' => 'Opinion: The case for Jeff Sessions',
          'id' => '62317591679_10154181924851680',
          'message' => 'Ted Cruz writes that the Obama Justice Department was "comically corrupt" and that Jeff Sessions "will enforce the law." (POLITICO Magazine)'
        };

Domain: politi.co

Alias: politico.com
Response:
{"id":"1622501708043673_1641751246118719"}

USA TODAY
-----------------------------
$VAR1 = {
          'link' => 'https://www.facebook.com/usatoday/videos/1380841961947962/',
          'created_time' => '2017-01-09T21:00:00+0000',
          'name' => 'Nothing but love between Saban and Swinney',
          'id' => '13652355666_1380841961947962',
          'message' => 'Clemson\'s Dabo Swinney praises his alma mater Alabama ahead of the national title game, and Nick Saban returned the favor in a press conference love fest.'
        };

American News
-----------------------------

ABC News
-----------------------------
$VAR1 = {
          'link' => 'https://www.facebook.com/ABCNews/videos/10155239328263812/',
          'created_time' => '2017-01-09T20:45:40+0000',
          'name' => 'English Bulldog Goes Sledding',
          'id' => '86680728811_10155239328263812',
          'message' => 'Adorable English Bulldog takes advantage of a snowy day in North Carolina to go sledding.  http://abcn.ws/2i9DQs5'
        };

HuffPost Politics
-----------------------------

NBC News
-----------------------------

AJ+
-----------------------------
$VAR1 = {
          'link' => 'https://www.facebook.com/ajplusenglish/videos/876509992490509/',
          'created_time' => '2017-01-09T21:00:00+0000',
          'name' => "Wearable Gadgets for When You're Drunk OR Want Babies \x{1f476}\x{1f3fd}",
          'id' => '407570359384477_876509992490509',
          'message' => 'These wearable gadgets can alert you if you\'re too drunk ... or when the best time is to have a baby.'
        };

Wikileaks
-----------------------------

CNNMoney
-----------------------------
$VAR1 = {
          'link' => 'http://cnnmon.ie/2iwnVFv',
          'caption' => 'money.cnn.com',
          'created_time' => '2017-01-09T20:48:01+0000',
          'name' => 'Business trip to Dallas? Make the most of it',
          'id' => '6651543066_10154265833203067',
          'message' => 'All work and no play can make for one cranky business traveler. Here are some tips for making the most out of your trip to Dallas, and having a little fun along the way. http://cnnmon.ie/2iwnVFv'
        };

Domain: cnn.com
Response:
{"id":"1622501708043673_1641751322785378"}

ABC News Politics
-----------------------------

Right Wing News
-----------------------------
$VAR1 = {
          'link' => 'http://rightwingnews.com/celebrities/breaking-megyn-kelly-emerges-from-hiding-after-quitting-fox-news-photos-video/',
          'caption' => 'rightwingnews.com',
          'created_time' => '2017-01-09T21:00:00+0000',
          'name' => 'BREAKING: Megyn Kelly Emerges from Hiding After Quitting Fox News [PHOTOS] [VIDEO]',
          'id' => '389658314427637_1664694286924027',
          'message' => 'Are you glad she left Fox News?'
        };

Domain: rightwingnews.com

The Wall Street Journal
-----------------------------

MSNBC
-----------------------------

the Drudge Report
-----------------------------

Mic
-----------------------------
$VAR1 = {
          'link' => 'https://mic.com/articles/164833/protesters-bring-printed-definition-of-sexual-assault-to-jeff-sessions-office#.VKZW98m30',
          'caption' => 'mic.com',
          'created_time' => '2017-01-09T20:55:31+0000',
          'name' => 'Protesters bring printed definition of sexual assault to Jeff Sessions\' office',
          'id' => '174742062548592_1357867357569384',
          'message' => '"If Jeff Sessions doesn\'t know the definition of sexual assault, he should withdraw his name from nomination."'
        };

Domain: mic.com

The Economist
-----------------------------
$VAR1 = {
          'link' => 'http://econ.st/2jaJig1',
          'caption' => 'economist.com',
          'created_time' => '2017-01-09T21:00:15+0000',
          'name' => "British Airways crew walk out over \x{201c}poverty\x{201d} pay",
          'id' => '6013004059_10154975532934060',
          'message' => 'British Airways says the impact will be minimal, with 85% of cabin crew reporting for duty and just 12 return flights being cancelled each day'
        };

Domain: economist.com
Response:
{"id":"1622501708043673_1641751399452037"}
$VAR1 = {
          'link' => 'http://econ.st/2hZpMBz',
          'caption' => 'economist.com',
          'created_time' => '2017-01-09T20:47:07+0000',
          'name' => 'Plastic planes will allow airlines to increase cabin pressure',
          'id' => '6013004059_10154975504984060',
          'message' => 'Tired of sleeplessness, scratchy throats and eyes, and jet lag while flying? Carbon-reinforced plastic composites can help'
        };

Domain: economist.com
Response:
{"id":"1622501708043673_1641751456118698"}

Bloomberg Politics
-----------------------------
$VAR1 = {
          'link' => 'http://bloom.bg/2jaWBxf',
          'caption' => 'bloomberg.com',
          'created_time' => '2017-01-09T20:53:58+0000',
          'name' => "Trump\x{2019}s Canceled Overseas Projects Brought in a Mere \$323,150",
          'id' => '1481073582140028_1865893790324670',
          'message' => "For a \$3-billion company, that\x{2019}s not much."
        };

Domain: bloomberg.com
Response:
{"id":"1622501708043673_1641751526118691"}

CBS News
-----------------------------
$VAR1 = {
          'link' => 'http://cbsn.ws/2i6C4wG',
          'caption' => 'www.cbsnews.com',
          'created_time' => '2017-01-09T20:50:02+0000',
          'name' => 'Massive Northern California, Nevada storm presents "textbook" concern for mass flooding',
          'id' => '131459315949_10154250583305950',
          'message' => 'Forecasters are warning of even more heavy rains in northern California and Nevada, along with an ice storm in Oregon.'
        };

Domain: cbsnews.com
Response:
{"id":"1622501708043673_1641751586118685"}

The Young Turks
-----------------------------
$VAR1 = {
          'link' => 'https://www.facebook.com/TheYoungTurks/videos/10154265280769205/',
          'created_time' => '2017-01-09T21:00:00+0000',
          'name' => 'Will The Media Ever Say Trump Is Lying?',
          'id' => '210277954204_10154265280769205',
          'message' => 'Will the corporate media ever say Trump is lying?'
        };

Occupy Democrats
-----------------------------
$VAR1 = {
          'link' => 'https://www.facebook.com/OccupyDemocrats/videos/1382286758531041/',
          'created_time' => '2017-01-09T20:55:00+0000',
          'name' => 'Why Trump\'s Attacks On Meryl Streep Are Bullsh*t.',
          'id' => '346937065399354_1382286758531041',
          'message' => 'Nice try, Trump, but the internet never forgets.

Video by Occupy Democrats, LIKE our page for more!'
        };

CBC News
-----------------------------
$VAR1 = {
          'link' => 'http://www.cbc.ca/news/canada/toronto/highway-401-crashes-involving-about-100-vehicles-caught-on-camera-1.3927089?cmp=rss',
          'caption' => 'cbc.ca',
          'created_time' => '2017-01-09T21:00:00+0000',
          'name' => 'Highway 401 crashes involving about 100 vehicles caught on camera',
          'id' => '5823419603_10155032569134604',
          'message' => 'Ontario Provincial Police says that, in whiteout conditions, normal highway speed is "way too fast."'
        };

Newsweek
-----------------------------

CNN International
-----------------------------

The New Yorker
-----------------------------

Rush Limbaugh
-----------------------------

The Independent
-----------------------------

TheBlaze
-----------------------------

NPR Politics
-----------------------------

The New York Times
-----------------------------
$VAR1 = {
          'link' => 'https://www.nytimes.com/2017/01/09/travel/airlines-carry-on-baggage-rules.html?smid=fb-nytimes&smtyp=cur',
          'caption' => 'nytimes.com',
          'created_time' => '2017-01-09T20:55:00+0000',
          'name' => 'How to Navigate New Airline Carry-On Rules',
          'id' => '5281959998_10151041840049999',
          'message' => 'A few things to keep in mind if you are planning to carry on.'
        };

Domain: nytimes.com
Response:
{"id":"1622501708043673_1641751636118680"}

NPR
-----------------------------
$VAR1 = {
          'link' => 'http://www.npr.org/sections/thesalt/2017/01/09/508986586/as-venezuelan-go-hungry-the-military-is-trafficking-in-food?utm_source=facebook.com&utm_medium=social&utm_campaign=npr&utm_term=nprnews&utm_content=20170109',
          'caption' => 'npr.org',
          'created_time' => '2017-01-09T20:55:00+0000',
          'name' => 'As Venezuelan Go Hungry, The Military Is Trafficking In Food',
          'id' => '10643211755_10155171446081756',
          'message' => 'In Venezuela, food has become so scarce it\'s now being sold on the black market. And the food traffickers are the very people sworn to protect Venezuela: The nation\'s military.'
        };

Domain: npr.org
Response:
{"id":"1622501708043673_1641751699452007"}

MSN
-----------------------------
$VAR1 = {
          'link' => "http://msn.com/en-us/travel/news/california\x{2019}s-famous-drive-through-\x{2018}tunnel-tree\x{2019}-is-brought-down-by-winter-storm/ar-BBy4TZM?ocid=ob-fb-enus-280",
          'caption' => 'msn.com',
          'created_time' => '2017-01-09T20:54:22+0000',
          'name' => "California\x{2019}s Famous Drive-Through \x{2018}Tunnel Tree\x{2019} Is Brought down by Winter Storm",
          'id' => '49940376408_10154204510076409'
        };

Domain: msn.com

CNN Politics
-----------------------------
$VAR1 = {
          'link' => 'http://cnn.it/2jw0srZ',
          'caption' => 'www.cnn.com',
          'created_time' => '2017-01-09T20:58:02+0000',
          'name' => 'Rand Paul: Obamacare replacement \'full of the consensus opinions\'',
          'id' => '219367258105115_1445023295539499',
          'message' => '"I completely disagree with those who say we either don\'t have a plan or have to wait," Rand Paul says. "There are about 50 replacement bills that have been out there for years."'
        };

Domain: cnn.com
Response:
{"id":"1622501708043673_1641751769452000"}

The Daily Show
-----------------------------
$VAR1 = {
          'link' => 'https://www.facebook.com/thedailyshow/photos/a.10150284949646800.382185.7976226799/10154930407756800/?type=3',
          'created_time' => '2017-01-09T21:00:01+0000',
          'name' => 'Timeline Photos',
          'id' => '7976226799_10154930407756800',
          'message' => 'National Geographic Magazine Editor in Chief Susan Goldberg is here!'
        };

Daily Kos
-----------------------------
$VAR1 = {
          'link' => 'http://www.dailykos.com/story/2017/01/09/1618600/-Best-accessory-ever-Actress-Lola-Kirke-wore-a-F-k-Paul-Ryan-pin-to-the-Golden-Globes?detail=facebook',
          'caption' => 'dailykos.com',
          'created_time' => '2017-01-09T21:00:00+0000',
          'name' => 'Best accessory ever: Actress Lola Kirke wore a \'F**k Paul Ryan\' pin to the Golden Globes',
          'id' => '43179984254_10155051982979255',
          'message' => 'Fabulous.'
        };

Domain: dailykos.com
Response:
{"id":"1622501708043673_1641751882785322"}

Yahoo News
-----------------------------

The Guardian
-----------------------------
$VAR1 = {
          'link' => 'https://www.theguardian.com/world/2017/jan/09/mexico-gasoline-price-protest-gasolinazo?CMP=fb_gu',
          'caption' => 'theguardian.com',
          'created_time' => '2017-01-09T21:00:01+0000',
          'name' => 'Mexico protests: how gas prices lit the flame under a quietly smoldering rage',
          'id' => '10513336322_10154939356271323',
          'message' => "\x{201c}It\x{2019}s not because we all have cars. When gasoline prices go up, everything else goes up: tortillas, public transportation, everything\x{201d}."
        };

Domain: theguardian.com
Response:
{"id":"1622501708043673_1641754616118382"}

CNN
-----------------------------

Slate.com
-----------------------------

the AP
-----------------------------

Sean Hannity
-----------------------------

The Ed Schultz Show
-----------------------------

The Atlantic
-----------------------------
$VAR1 = {
          'link' => 'http://theatln.tc/2jaKgsR',
          'caption' => 'theatlantic.com',
          'created_time' => '2017-01-09T20:54:18+0000',
          'name' => 'A Voter in His 20s Gives Up on Liberal Democracy',
          'id' => '29259828486_10154998174383487',
          'message' => '"Rather than accept our system of design by committee, what is needed is a strong leader to clear away the policy kludges, rent seeking, and incompetence of the lobbyists and their pet legislators."'
        };

Domain: theatlantic.com

Bloomberg
-----------------------------

BuzzFeed
-----------------------------
$VAR1 = {
          'link' => 'http://bzfd.it/2ibE85i',
          'caption' => 'buzzfeed.com',
          'created_time' => '2017-01-09T21:00:00+0000',
          'name' => 'Iconic California Tunnel Tree Toppled During Powerful Storm',
          'id' => '1318800798260799_2126516257489245',
          'message' => 'Bye bye, tunnel tree :('
        };

Domain: buzzfeed.com
Response:
{"id":"1622501708043673_1641754689451708"}

Fox News
-----------------------------

VICE
-----------------------------
$VAR1 = {
          'link' => 'https://video.vice.com/en_us/video/solitary-confinement-project-30-days-of-voluntary-isolation/584ebe681616608a04eb540b',
          'caption' => 'video.vice.com',
          'created_time' => '2017-01-09T20:56:00+0000',
          'name' => 'Solitary Confinement Project: 30 Days of Voluntary Isolation',
          'id' => '167115176655082_1522629497770303',
          'message' => 'Only one more day to go until James Burns leaves his solitary confinement. But many others are imprisoned without any such hope.'
        };

Domain: vice.com

Glenn Beck
-----------------------------

The Other 98%
-----------------------------


Total Posts Made:	16


