***********************************************************************************
Started at 00:15:01 on 01/01/2017
***********************************************************************************
Querying souces from the past 15 minutes....

Al Jazeera
-----------------------------

Upworthy
-----------------------------

The Huffington Post
-----------------------------
$VAR1 = {
          'link' => 'http://huff.to/2koHymG',
          'caption' => 'huffingtonpost.com',
          'created_time' => '2017-02-01T05:00:42+0000',
          'name' => 'This Artist Sent Her Painting To The New Yorker On A Whim. Now It\'s The Cover.',
          'id' => '18468761129_10154664890506130',
          'message' => 'Rosie the Riveter in 2017.'
        };

Domain: huffingtonpost.com
Response:
{"error":{"message":"It looks like you were misusing this feature by going too fast. You\u2019ve been blocked from using it.\n\nLearn more about blocks in the Help Center.","type":"OAuthException","code":368,"error_data":{"sentry_block_data":"Aeh75JnqF_mP_YRdVN04avCBNlYKNxjX8tJJ8vjmZ49dyfCNr9mGP6l3l0FdWJ_YD124jNrJCktkzh46_s-ML6WEjJ4jCacxFSv3ep-awr-_e0Zn_Uuj-WKXwCXmojmVUuu7OFyRx_y_Zm2Mt69reun1NGsEVOlqgc5e--DIFwyojyIYaNBzOV_mMWLaazj5XG4Um8yaPEUo4PGvUONY2UUhfgKbAiEdA5zOx00gIbpS4DuqigyWd843IMxrJb_3abni-NQzSGh20oT1QK-qHmo40mnPf04VCPh5V_0tRinxkoECyyShOnN0MBCjfettM4NFbPeJir-xVAblJzEA1_dJ454eOiahpNT5GYC6uBDPo56roOJI_qAcMBQsNBO3FpfBkTA-ONAn_mF5lWPm8EFW6KfVEL5jKIhYDpsWzqH-quZyyfY8C5yNvw9uRx24X0Rhn1yc1xHqrHIlyxBh9Repidruh48_wRYftK9ajXjC9MQXnpuITxbmYYiZuqSXE69GHEQAbdmV9Yyg1AwFB0wvglzG7yum906G331UOKKrjY1jt9hyNyse5rTJUshrVPeygL4lFIgS3mxRWYxn5fdoJu9ozQ4eeX0cOBfuXNazWn45_ObeNXxe25fueRNfH4xkmC4xLTlU1axH2IolhCWJhDfILzke1SR-gURdqsyCRFrJFA8G8pCveG3yXSwM_N2bsCObuf0Oodl5KV_jgPrvrh2F8R38NZKHdk5UUkdcTW4Ev1YGWwZui4EGFx-yA8ML3cnbHxtwt87ExNnGoZyimZdE1Di7WrLcXCv-rKivGlpOLtRXXsjO5mA08vuqENa4R3jjQdNEykcTX0q_kZUAKbyL7vVlukWy-z_SfKDkjhF2btoB0MvNkAjcH-FUEr5d35b-mzoZMwzWdbHTb_Po3dtPPKCZWktlom1W4AublZ2goseypTj6PJRYkgKeyMtwPV9FTi8El-2Hwi6ncQxOMqS-SxRRUUlzs51uKPWXrs4g4n6pqmulc6rKn8LhYYwQ_8CLGB_tSRDmC02Y7EDdnKRHomRmnhBWyNWhVOYSpzn7aA8G1kUKXy0IQrOP9u2JRZbh05p2_LKPghHzKPzv2pN-6cCWsKUeupsp6MkdY2dCEpGNYksLUUTnZS12DMXmvwMnGSYE8SYLmletMJjz8uFBYnrgDqTWpv7y6c72BIlinOMv9Tzpmd2Ua7VO6Hm8JdImv1JGsH9TbvAhiv4jXMA3KUfmkCOg-THQnp5bya9auMbULGrlXskQV34133eAebsp7kL7Nbpl3k-WIg7LZ59u4-ayrUopjAuaxwqJY9-ktfVu1VPFFbeHFRqRdBYwQYiFBUicfbRAyVZ0oURbq6o-DiShZEgbHgzL8czfl3EGHPBTYkb2whh480TJqUfBfH0gW4IouoIxK4hhCcRno3fqMuD7dE-W8bivr6WIrKteDJd0VrHKVYMTIjtXdnSV49nH3ZdfM959SdKSc2RK_Wofi-PCbq_qDctYVWNVw2yLWes4vneZCIeVOHg5BZ3cc48gwY5Vmgo1RIFxKqk-JoUJjbwdX5yUzbXqZ_nW8ztaccpIlCh_6IIswVQ9goKk3IEvemyQZoikQ4c8mJK-W_QUvQxZhuXSebDcaZEm6xawAsBaGTmyVAfAjCZAsPNENh0krxoLJXsNc-OFToqVeRxDcc-6WoOjKVst6UJXGy-kmbFxyvZyjtiglwgjTt5OroYNzpIn46OzmojrRJ6QvV2sOrYaujCKGQI2oWxq5bvQQ1CAewvFiPO61di3zVxL4s3AaGEkLP3kaAm_K6hXm9cHfmZzMNUfiE04DnZOPRinAOhNFccGxPvJybe81kwOIrGwULDyfPdiCyapJWT3ID5lB1QJS_Nk6rXoFe5WXC_SPdhfAmcIaTa7K9qZU0qpIpwkwXB9JChdA1bqouMODarVbU2ax3yPk5dbqySGvIlXuAr-89_bmgZCbfWhMf87vnIV27XQsDToDjfSN8pf7HthOWUaSkoSDvasVb873gKqQtzPH5iAl8n4zXr8NRc9cpvaqdMwl5cgelrzEzSVFBYQvJskVZ1MpoFNXXgdHSIz1yabNw24WfWS1TsMtYWH_gSNxXeYNzHSS5OhQMOdgLWjJcQYeLdTyQ2naIUFiWFvuDR0fBG7GJpxFWD5StR9zOVQJ7jV03J4K18ozhkUEeC8Pz2rL4EE-qGRTEUmasE9unGGQpYsquxsnBMI7Jp-p3Ex0uLUn6m7rbBjNv7TqkIllRsdA2Lwuzy3_fDXuXK9ONLYiR88ZpGVwP5aRt0lIVgtk88ylQBT6xbKmpWsguvu295nTxNMsvxTC4_eowpFny1bdknOL3pBJ9Pp0Cq14Jmi7zK3EgfhiEfOuVsf4kDxg8WGDbOgQ3Ltx__6gkVuqqguCdOfxptDah8kge8oQNQhr1Nbsei5RM0jZ9vXBqpME-QOr1icQXYxXTbDNtvFlpj3V6QIT012xiZuMONB1BSFipfXdplDsagBVsUsyQAlxf8wNix2LUWkVuAZa5qYvQle4lhj_i38DspJW1jFbVPxz5UlOsJVkpy9fmFAOQcHaumYapotnry2GJjWeeZdxKlu_V5_746y0MkgzHBm36MMTangSVG5RZYFXIMPJxPFoGBCy4ab1IASIum2xmPD22PDHA62LVL7FaSnmuc"},"error_subcode":1390008,"error_user_msg":"","fbtrace_id":"FH3gR3rVBsx"}}

Facebook ran into an error and the post was not published. Zach Muckerberg please fix. Try again in a few hours.

