***********************************************************************************
Started at 08:30:01 on 00/28/2017
***********************************************************************************
Querying souces from the past 15 minutes....

Al Jazeera
-----------------------------
$VAR1 = {
          'link' => 'https://www.facebook.com/aljazeera/videos/10155136483938690/',
          'created_time' => '2017-01-28T13:30:00+0000',
          'name' => 'Al Jazeera English',
          'id' => '7382473689_10155157323918690',
          'message' => 'These are the conditions that many internally displaced Syrians have been left in.'
        };
$VAR1 = {
          'link' => 'https://www.facebook.com/aljazeera/videos/10155151328918690/',
          'created_time' => '2017-01-28T13:30:00+0000',
          'name' => 'Can your fingerprint be stolen from a selfie?',
          'id' => '7382473689_10155151328918690',
          'message' => 'Japanese scientists are warning people against making the peace sign in photos.'
        };

Upworthy
-----------------------------

The Huffington Post
-----------------------------

HuffPost Women
-----------------------------

PBS News Hour
-----------------------------

ATTN:
-----------------------------

Reuters
-----------------------------

NowThis
-----------------------------

Daily Caller
-----------------------------

CNBC
-----------------------------
$VAR1 = {
          'link' => 'http://cnb.cx/2kCdeBE',
          'caption' => 'cnbc.com',
          'created_time' => '2017-01-28T13:18:55+0000',
          'name' => 'Key Senate Republican McCain signals he will push back on Trump',
          'id' => '97212224368_10155152430579369',
          'message' => 'John McCain has been one of Donald J. Trump \'s most vocal GOP Senate critics since his election.'
        };

Domain: cnbc.com

The Onion
-----------------------------

Opposing Views
-----------------------------
$VAR1 = {
          'link' => 'https://www.opposingviews.com/i/society/crime/judge-brings-teens-who-killed-innocents-tears-after-muttering-2-words?fb=ov',
          'caption' => 'opposingviews.com',
          'created_time' => '2017-01-28T13:20:00+0000',
          'name' => 'Judge Brings Teens Who Killed Innocents To Tears After Muttering 2 Words',
          'id' => '34226391050_10154467274531051',
          'message' => 'A man was robbed and then killed in cold blood. It took police several days to catch the teens who were responsible. Turns out these stone cold killers weren\'t as tough as they thought- and all it took was 2 words from the judge to leave them blubbering like babies.'
        };

Domain: opposingviews.com

the Today Show
-----------------------------

Kotaku
-----------------------------

Washington Post
-----------------------------

the American Center for Law and Justice
-----------------------------

VICE News
-----------------------------

PBS
-----------------------------

Mother Jones
-----------------------------

HuffPost Good News
-----------------------------

BBC News
-----------------------------

Breaking News
-----------------------------

The Verge
-----------------------------

New York Magazine
-----------------------------
$VAR1 = {
          'link' => 'http://nym.ag/2jy9OCc',
          'caption' => 'nymag.com',
          'created_time' => '2017-01-28T13:25:42+0000',
          'name' => "Jared Kushner\x{2019}s Rise to Unimaginable Power",
          'id' => '14516439825_10155006850504826',
          'message' => 'Just how different is Jared Kushner from his father-in-law, really?'
        };

Domain: nymag.com

TIME
-----------------------------

the Business Insider
-----------------------------
$VAR1 = {
          'link' => 'http://read.bi/2jy7VWt',
          'caption' => 'businessinsider.com',
          'created_time' => '2017-01-28T13:20:03+0000',
          'name' => '8 tech gadgets that pay for themselves over time',
          'id' => '20446254070_10154333021704071',
          'message' => 'Shopping smart isn\'t just about buying things on the cheap.'
        };

Domain: businessinsider.com

ThinkProgress
-----------------------------

POLITICO
-----------------------------

USA TODAY
-----------------------------
$VAR1 = {
          'link' => 'http://www.usatoday.com/story/travel/roadwarriorvoices/2017/01/27/aaa-names-its-newest-five-diamond-properties/97129210/',
          'caption' => 'usatoday.com',
          'created_time' => '2017-01-28T13:30:00+0000',
          'name' => 'AAA names its newest Five Diamond properties',
          'id' => '13652355666_10154349469430667',
          'message' => 'The St. Regis New York provides complimentary garment pressing upon arrival and delivers fresh fruit or candy to rooms daily.'
        };

Domain: usatoday.com
Response:
{"id":"1622501708043673_1649172292043281"}

American News
-----------------------------

ABC News
-----------------------------

HuffPost Politics
-----------------------------

NBC News
-----------------------------
$VAR1 = {
          'link' => 'http://nbcnews.to/2kxtp4d',
          'caption' => 'nbcnews.com',
          'created_time' => '2017-01-28T13:23:53+0000',
          'name' => 'Republican party retreat sidetracked by Trump "distractions"',
          'id' => '155869377766434_1684423314911025',
          'message' => 'They hoped to focus on undoing the Affordable Care Act, but were forced to respond to Trump invoking his own priorities without notifying his Congressional partners.'
        };

Domain: nbcnews.com
Response:
{"id":"1622501708043673_1649172768709900"}

AJ+
-----------------------------

Wikileaks
-----------------------------

CNNMoney
-----------------------------

ABC News Politics
-----------------------------

Right Wing News
-----------------------------
$VAR1 = {
          'link' => 'http://rightwingnews.com/top-news/analyzed-obamas-white-house-photographs-noticed-something-big-missing/',
          'caption' => 'rightwingnews.com',
          'created_time' => '2017-01-28T13:28:17+0000',
          'name' => "We analyzed Obama\x{2019}s White House Photographs and noticed something BIG missing...",
          'id' => '389658314427637_1684748321585290',
          'message' => "Uhhh, did you think we\x{2019}d forget?"
        };

Domain: rightwingnews.com

The Wall Street Journal
-----------------------------

MSNBC
-----------------------------

the Drudge Report
-----------------------------

Mic
-----------------------------
$VAR1 = {
          'link' => 'https://www.facebook.com/MicMedia/videos/1377026048986848/',
          'created_time' => '2017-01-28T13:21:00+0000',
          'name' => 'India bans plastic',
          'id' => '174742062548592_1377026048986848',
          'message' => 'India just banned all disposable plastic from its capital city.'
        };

The Economist
-----------------------------

Bloomberg Politics
-----------------------------

CBS News
-----------------------------
$VAR1 = {
          'link' => 'http://cbsn.ws/2jnJveM',
          'caption' => 'www.cbsnews.com',
          'created_time' => '2017-01-28T13:30:02+0000',
          'name' => 'Trump administration pulls back advertising to promote HealthCare.gov',
          'id' => '131459315949_10154313628670950',
          'message' => 'The sudden change comes during the final days of open enrollment for this year.'
        };

Domain: cbsnews.com
Response:
{"id":"1622501708043673_1649173285376515"}

The Young Turks
-----------------------------

Occupy Democrats
-----------------------------

CBC News
-----------------------------

Newsweek
-----------------------------

CNN International
-----------------------------

The New Yorker
-----------------------------
$VAR1 = {
          'link' => 'http://nyer.cm/b9Z20em',
          'caption' => 'newyorker.com',
          'created_time' => '2017-01-28T13:30:22+0000',
          'name' => "Orwell\x{2019}s \x{201c}1984\x{201d} and Trump\x{2019}s America",
          'id' => '9258148868_10154422044703869',
          'message' => 'There is no political cost for Trump in being seen to be incompetent, impulsive, shallow, inconsistent, and contemptuous of truth and reason. Those are his politics.'
        };

Domain: newyorker.com
Response:
{"id":"1622501708043673_1649173782043132"}

Rush Limbaugh
-----------------------------

The Independent
-----------------------------
$VAR1 = {
          'link' => 'https://www.indy100.com/article/absolute-worst-possible-syrian-refugee-crisis-tomi-lahren-7550746',
          'caption' => 'indy100.com',
          'created_time' => '2017-01-28T13:21:00+0000',
          'name' => 'Someone just found the absolute worst possible take on the Syrian refugee crisis',
          'id' => '13312631635_10154437300286636',
          'message' => 'Ridiculous'
        };

Domain: indy100.com

TheBlaze
-----------------------------

NPR Politics
-----------------------------

The New York Times
-----------------------------
$VAR1 = {
          'link' => 'https://www.nytimes.com/2017/01/28/us/refugees-detained-at-us-airports-prompting-legal-challenges-to-trumps-immigration-order.html?smid=fb-nytimes&smtyp=cur',
          'caption' => 'nytimes.com',
          'created_time' => '2017-01-28T13:30:02+0000',
          'name' => "Refugees Detained at U.S. Airports, Prompting Legal Challenges to Trump\x{2019}s Immigration Order",
          'id' => '5281959998_10151064027949999',
          'message' => 'Refugees who were in the air on the way to the United States when President Trump\'s executive order was signed were stopped and detained at airports.'
        };

Domain: nytimes.com
Response:
{"id":"1622501708043673_1649174245376419"}

NPR
-----------------------------

MSN
-----------------------------

CNN Politics
-----------------------------

The Daily Show
-----------------------------

Daily Kos
-----------------------------

Yahoo News
-----------------------------
$VAR1 = {
          'link' => 'https://yhoo.it/2jA7Jpp',
          'caption' => 'yahoo.com',
          'created_time' => '2017-01-28T13:29:43+0000',
          'name' => 'How a presidential phone call gets made',
          'id' => '338028696036_10155170789076037',
          'message' => "Amid GOP concerns about the future of U.S. sanctions on Moscow, President Trump is set to have his first phone conversation with President Putin since taking office. In this era email and texting, here\x{2019}s how \x{2014} and why \x{2014} presidents \x{201c}work the phones.\x{201d}"
        };

Domain: yahoo.com
Response:
{"id":"1622501708043673_1649174702043040"}
$VAR1 = {
          'link' => 'https://yhoo.it/2jy1CCa',
          'caption' => 'gma.yahoo.com',
          'created_time' => '2017-01-28T13:20:03+0000',
          'name' => 'See Inside Taylor Swift\'s $25 Million Beverly Hills Mansion',
          'id' => '338028696036_10155170771126037',
          'message' => 'The manse features six bedrooms, five bathrooms, a library, a gym, tennis courts, and a pool.'
        };

Domain: yahoo.com
Response:
{"id":"1622501708043673_1649175088709668"}
$VAR1 = {
          'link' => 'https://yhoo.it/2k7wieD',
          'created_time' => '2017-01-28T13:20:00+0000',
          'name' => 'Yahoo Finance',
          'id' => '338028696036_10155167222496037'
        };

The Guardian
-----------------------------
$VAR1 = {
          'link' => 'https://www.theguardian.com/commentisfree/2017/jan/27/never-mind-the-optics-theresa-mays-us-dash-was-mortifying?CMP=fb_gu',
          'caption' => 'theguardian.com',
          'created_time' => '2017-01-28T13:20:27+0000',
          'name' => "Never mind the optics, Theresa May\x{2019}s US dash was mortifying",
          'id' => '10513336322_10155014890741323',
          'message' => "\"First, there was the unseemly haste. May\x{2019}s eagerness to be the first foreign leader to shake that short-fingered hand, the scramble to catch up with Nigel Farage and Michael Gove, gave off a strong whiff of desperation.

That is a scent Trump understands. What he lacks in book smarts, he makes up for in alpha male gamesmanship.\""
        };

Domain: theguardian.com
Response:
{"id":"1622501708043673_1649175552042955"}

CNN
-----------------------------

Slate.com
-----------------------------

the AP
-----------------------------

Sean Hannity
-----------------------------

The Ed Schultz Show
-----------------------------

The Atlantic
-----------------------------

Bloomberg
-----------------------------

BuzzFeed
-----------------------------

Fox News
-----------------------------

VICE
-----------------------------

Glenn Beck
-----------------------------

The Other 98%
-----------------------------


Total Posts Made:	8


