***********************************************************************************
Started at 13:30:01 on 00/25/2017
***********************************************************************************
Querying souces from the past 15 minutes....

Al Jazeera
-----------------------------

Upworthy
-----------------------------

The Huffington Post
-----------------------------
$VAR1 = {
          'link' => 'https://www.facebook.com/HuffingtonPost/videos/1371982066202855/',
          'created_time' => '2017-01-25T18:20:19+0000',
          'name' => 'A Letter To America\'s President,  From A Nine-Year-Old Syrian Boy',
          'id' => '18468761129_1371982066202855',
          'message' => 'This 9-year-old Syrian boy invited Donald J. Trump his birthday party.'
        };

HuffPost Women
-----------------------------
$VAR1 = {
          'link' => 'http://huff.to/2k0g7zC',
          'caption' => 'huffingtonpost.com',
          'created_time' => '2017-01-25T18:20:05+0000',
          'name' => 'This Delightful Bro Threw Flowers Down To NYC Marchers',
          'id' => '153213781413350_1284085591659491',
          'message' => 'So, is he single?'
        };

Domain: huffingtonpost.com
Response:
{"id":"1622501708043673_1648170585476785"}

PBS News Hour
-----------------------------

ATTN:
-----------------------------

Reuters
-----------------------------
$VAR1 = {
          'link' => 'https://www.facebook.com/Reuters/videos/1372439602776392/',
          'created_time' => '2017-01-25T18:17:35+0000',
          'name' => 'A warm embrace between Trump and Kim Jong Un',
          'id' => '114050161948682_1372439602776392',
          'message' => 'U.S. President Donald Trump and North Korean leader Kim Jong Un impersonators walk around Hong Kong while promoting a Lunar New Year song. Read more:  http://reut.rs/2ktjGee'
        };

NowThis
-----------------------------
$VAR1 = {
          'link' => 'https://www.facebook.com/NowThisFuture/videos/1418893468151829/',
          'created_time' => '2017-01-25T18:30:00+0000',
          'name' => 'NowThis Future',
          'id' => '341163402640457_1313732575383530',
          'message' => 'The goldfish is the pilot of this fish tank'
        };

Daily Caller
-----------------------------
$VAR1 = {
          'link' => 'http://trib.al/M4j5fda',
          'caption' => 'dailycaller.com',
          'created_time' => '2017-01-25T18:21:47+0000',
          'name' => "Uber Senior Exec Calls Trump \x{2018}Deplorable\x{2019}",
          'id' => '182919686769_10154172240646770',
          'message' => "An Uber executive called President Donald Trump a \x{201c}deplorable person\x{201d} in a passionate email sent to colleagues."
        };

Domain: dailycaller.com

CNBC
-----------------------------
$VAR1 = {
          'link' => 'http://cnb.cx/2jpV2h5',
          'caption' => 'cnbc.com',
          'created_time' => '2017-01-25T18:27:10+0000',
          'name' => 'Trump\'s point man on trade: \'We envision a more Germany-style economy\'',
          'id' => '97212224368_10155143789684369',
          'message' => 'Donald J. Trump wants to follow in Germany\'s footsteps.'
        };

Domain: cnbc.com

The Onion
-----------------------------
$VAR1 = {
          'link' => 'https://www.facebook.com/TheOnion/videos/10155082064999497/',
          'created_time' => '2017-01-25T18:29:30+0000',
          'id' => '20950654496_10155082064999497',
          'message' => 'Did You Know?'
        };

Opposing Views
-----------------------------

the Today Show
-----------------------------
$VAR1 = {
          'link' => 'http://on.today.com/2jx5m4q',
          'caption' => 'today.com',
          'created_time' => '2017-01-25T18:20:41+0000',
          'name' => 'Meryl Streep\'s 172-year-old home has everything we\'d ever want in a house',
          'id' => '12566691349_10154973112611350',
          'message' => 'THE BATHROOM.'
        };

Domain: today.com

Kotaku
-----------------------------

Washington Post
-----------------------------
$VAR1 = {
          'link' => 'https://www.washingtonpost.com/world/national-security/draft-executive-order-would-begin-extreme-vetting-of-immigrants-and-visitors-to-the-us/2017/01/25/17a27424-e328-11e6-a547-5fb9411d332c_story.html?tid=sm_Fb&utm_term=.eeef43596e57',
          'caption' => 'washingtonpost.com',
          'created_time' => '2017-01-25T18:25:40+0000',
          'name' => "Draft executive order would begin \x{2018}extreme vetting\x{2019} of immigrants and visitors to the U.S.",
          'id' => '6250307292_10154705020972293',
          'message' => 'Civil rights advocates say the order appears to be geared toward Muslim visa applicants.'
        };

Domain: washingtonpost.com
Response:
{"id":"1622501708043673_1648170702143440"}

the American Center for Law and Justice
-----------------------------

VICE News
-----------------------------

PBS
-----------------------------

Mother Jones
-----------------------------

HuffPost Good News
-----------------------------

BBC News
-----------------------------
$VAR1 = {
          'link' => 'https://www.facebook.com/BBCLifestyleHealth/videos/373323499700478/',
          'created_time' => '2017-01-25T18:27:34+0000',
          'name' => 'BBC Lifestyle & Health News',
          'id' => '228735667216_10154341896442217',
          'message' => 'Two girls born with a disorder no-one could explain. Now scientists unlock the causes.'
        };

Breaking News
-----------------------------

The Verge
-----------------------------
$VAR1 = {
          'link' => 'http://www.theverge.com/2017/1/25/14384958/trump-administration-censor-epa-science-political-review-gag-order',
          'caption' => 'theverge.com',
          'created_time' => '2017-01-25T18:30:01+0000',
          'name' => 'Trump administration threatens to poison EPA with partisan review of science',
          'id' => '193742123995472_1325960514106955',
          'message' => '"The voice coming from the EPA is one that\'s going to reflect the new administration."'
        };

Domain: theverge.com
$VAR1 = {
          'link' => 'http://www.theverge.com/2017/1/25/14384774/trump-microphone-speech-long-neck-shure-sm57',
          'caption' => 'theverge.com',
          'created_time' => '2017-01-25T18:17:03+0000',
          'name' => "Trump\x{2019}s big league microphone",
          'id' => '193742123995472_1325987370770936',
          'message' => 'The time-honored two-mic rig of Shure SM57s is out.'
        };

Domain: theverge.com

New York Magazine
-----------------------------
$VAR1 = {
          'link' => 'http://nym.ag/2ktHyP0',
          'caption' => 'nymag.com',
          'created_time' => '2017-01-25T18:25:12+0000',
          'name' => 'Dow Soars Past 20,000 Milestone As Greed Trumps Fear',
          'id' => '14516439825_10154998532829826',
          'message' => "Investors have clearly learned to stop worrying and love the new administration\x{2019}s pro-corporate policies."
        };

Domain: nymag.com

TIME
-----------------------------

the Business Insider
-----------------------------
$VAR1 = {
          'link' => 'http://www.businessinsider.com/facebook-testing-snapchat-clone-called-facebook-stories-2017-1',
          'caption' => 'businessinsider.com',
          'created_time' => '2017-01-25T18:30:11+0000',
          'name' => 'Facebook just made a key move in its quest to crush Snapchat',
          'id' => '20446254070_10154325018719071',
          'message' => 'The battle between Facebook and Snapchat continues.'
        };

Domain: businessinsider.com
$VAR1 = {
          'link' => 'http://read.bi/2k0jAOa',
          'caption' => 'businessinsider.com',
          'created_time' => '2017-01-25T18:20:09+0000',
          'name' => 'Rand Paul just introduced his \'Obamacare Replacement Act\'',
          'id' => '20446254070_10154325391564071',
          'message' => 'It\'s starting.'
        };

Domain: businessinsider.com

ThinkProgress
-----------------------------
$VAR1 = {
          'link' => 'https://thinkprogress.org/democrats-push-for-a-broader-inquiry-into-russian-electoral-interference-71b6cb4588bf#.k6yml213j',
          'caption' => 'thinkprogress.org',
          'created_time' => '2017-01-25T18:17:02+0000',
          'name' => 'Democrats push for a broader inquiry into Russian electoral interference',
          'id' => '200137333331078_1515737381771060',
          'message' => '"I think the seriousness of the attack on our democracy warrants a fully independent commission...."'
        };

Domain: thinkprogress.org
Response:
{"id":"1622501708043673_1648170788810098"}

POLITICO
-----------------------------
$VAR1 = {
          'link' => 'http://politi.co/2jSerWg',
          'caption' => 'politi.co',
          'created_time' => '2017-01-25T18:21:27+0000',
          'name' => 'White House announces Trump to sign two immigration actions on Wednesday',
          'id' => '62317591679_10154232315271680',
          'message' => '#BREAKING: President Donald Trump will sign two executive actions to clamp down on illegal immigration Wednesday, White House press secretary Sean Spicer announced.'
        };

Domain: politi.co

Alias: politico.com
Response:
{"id":"1622501708043673_1648170865476757"}
$VAR1 = {
          'link' => 'http://politi.co/2jxK2vr',
          'caption' => 'politi.co',
          'created_time' => '2017-01-25T18:16:07+0000',
          'name' => 'Trump\'s company picks GOP lawyer, own attorney for ethics team',
          'id' => '62317591679_10154232303406680',
          'message' => 'Ethics watchdogs slammed the choice.'
        };

Domain: politi.co

Alias: politico.com
Response:
{"id":"1622501708043673_1648171055476738"}

USA TODAY
-----------------------------
$VAR1 = {
          'link' => 'https://www.facebook.com/usatoday/videos/1311206872248292/',
          'created_time' => '2017-01-25T18:30:02+0000',
          'name' => 'A 9-year-old boy saw how homeless lived and did something abou...',
          'id' => '13652355666_1311206872248292',
          'message' => 'Jahkil has passed out thousands of "blessings" to Chicago\'s homeless. http://usat.ly/2kjQ8jQ'
        };

American News
-----------------------------

ABC News
-----------------------------
$VAR1 = {
          'link' => 'https://www.facebook.com/ABCNews/videos/10155311389748812/',
          'created_time' => '2017-01-25T18:27:10+0000',
          'name' => 'Press Sec. Talks About 2 Upcoming Executive Orders',
          'id' => '86680728811_10155311389748812',
          'message' => 'Press Sec.: Pres. Trump intends to sign 2 executive orders - one will address border security and building a wall on U.S.-Mexico border, another will address the enforcement of immigration laws within the U.S.'
        };
$VAR1 = {
          'link' => 'https://www.facebook.com/ABCNews/videos/10155311383373812/',
          'created_time' => '2017-01-25T18:24:27+0000',
          'name' => 'President Trump: Construction of Border Wall Will Begin in \'Mo...',
          'id' => '86680728811_10155311383373812',
          'message' => "Pres. Donald J. Trump says construction of border wall to begin \"in months\" and Mexico will \x{201c}absolutely\x{201d} reimburse the U.S. for the cost of the wall. abcn.ws/2jxzXP9"
        };

HuffPost Politics
-----------------------------

NBC News
-----------------------------

AJ+
-----------------------------
$VAR1 = {
          'link' => 'https://www.facebook.com/ajplusenglish/videos/887453291396179/',
          'created_time' => '2017-01-25T18:30:04+0000',
          'name' => 'Children Abandoned After Mother\'s Arrest',
          'id' => '407570359384477_887453291396179',
          'message' => 'Five children, including one with Down syndrome, were abandoned in a prison parking lot in Turkey after their mom was arrested.'
        };

Wikileaks
-----------------------------

CNNMoney
-----------------------------
$VAR1 = {
          'link' => 'http://cnnmon.ie/2ji8ymN',
          'caption' => 'money.cnn.com',
          'created_time' => '2017-01-25T18:18:01+0000',
          'name' => 'Robot deliveries are about to hit U.S. streets',
          'id' => '6651543066_10154316735553067',
          'message' => 'In early February, delivery startup Postmates will begin testing ground robots in D.C., and DoorDash will follow suit in Redwood City. http://cnnmon.ie/2ji8ymN (via CNNTech)'
        };

Domain: cnn.com
Response:
{"id":"1622501708043673_1648171278810049"}

ABC News Politics
-----------------------------
$VAR1 = {
          'link' => 'http://abcn.ws/2ktBYA4',
          'caption' => 'abcnews.go.com',
          'created_time' => '2017-01-25T18:17:03+0000',
          'name' => 'Arnold Schwarzenegger Visits Pope Francis, Talks Environment',
          'id' => '184096565021911_1163598710405020',
          'message' => "Arnold Schwarzenegger said that he is inspired by Pope Francis' environmental work and he said he looks forward to \x{201c}working together for a clean energy future.\x{201d}"
        };

Domain: go.com
Response:
{"id":"1622501708043673_1648171368810040"}

Right Wing News
-----------------------------
$VAR1 = {
          'link' => 'http://rightwingnews.com/top-news/ted-cruz-creates-bill-allowing-governors-reject-fed-govt-forcing-accept-refugees/',
          'caption' => 'rightwingnews.com',
          'created_time' => '2017-01-25T18:30:01+0000',
          'name' => 'Ted Cruz Creates Bill Allowing Governors To REJECT Fed Gov\'t Forcing Them To Accept Refugee',
          'id' => '389658314427637_1681658785227577',
          'message' => 'Ted Cruz is the man!'
        };

Domain: rightwingnews.com

The Wall Street Journal
-----------------------------
$VAR1 = {
          'link' => 'http://on.wsj.com/2k0svzd',
          'caption' => 'wsj.com',
          'created_time' => '2017-01-25T18:20:10+0000',
          'name' => "Facebook Moves to Curtail Fake News on \x{2018}Trending\x{2019} Feature",
          'id' => '8304333127_10155355311453128',
          'message' => 'Starting today, Facebook will only surface trending topics that have been covered by a significant number of credible publishers as part of its effort to curb fake news.'
        };

Domain: wsj.com
Response:
{"id":"1622501708043673_1648171435476700"}

MSNBC
-----------------------------

the Drudge Report
-----------------------------

Mic
-----------------------------

The Economist
-----------------------------
$VAR1 = {
          'link' => 'http://econ.st/2jYRD9t',
          'caption' => 'economist.com',
          'created_time' => '2017-01-25T18:29:36+0000',
          'name' => "\x{201c}Misogyny\x{201d} should not become a simple synonym for \x{201c}sexism\x{201d}",
          'id' => '6013004059_10155033431404060',
          'message' => "When someone\x{2014}like Donald Trump\x{2014}has such a long history of saying loathsome things, we should apply \x{201c}misogyny\x{201d} without qualms. But misogyny isn't merely a strong version of sexism"
        };

Domain: economist.com
Response:
{"id":"1622501708043673_1648171525476691"}

Bloomberg Politics
-----------------------------

CBS News
-----------------------------
$VAR1 = {
          'link' => 'https://www.facebook.com/CBSNews/videos/10154305360335950/',
          'created_time' => '2017-01-25T18:29:52+0000',
          'name' => 'Spicer on whether Mexico will pay for the border wall',
          'id' => '131459315949_10154305360335950',
          'message' => 'At his third press briefing, White House press secretary Sean Spicer was asked if the Trump administration has figured out how Mexico will pay for the border wall. This was his response: http://cbsn.ws/2jxPdvy'
        };

The Young Turks
-----------------------------

Occupy Democrats
-----------------------------
$VAR1 = {
          'link' => 'http://occupydemocrats.com/2017/01/25/trump-just-accused-chief-policy-advisor-voter-fraud/',
          'caption' => 'occupydemocrats.com',
          'created_time' => '2017-01-25T18:26:13+0000',
          'name' => 'Trump Just Accused His Own Chief Policy Advisor Of Voter Fraud',
          'id' => '346937065399354_1403724596387257',
          'message' => 'This is going to be supremely embarrassing for the Trump administration.
Do you think Trump will take action against his favorite neo-Nazi?'
        };

Domain: occupydemocrats.com
$VAR1 = {
          'link' => 'https://www.facebook.com/feministnews.us/photos/a.110963062584254.1073741829.110218365992057/399540837059807/?type=3',
          'created_time' => '2017-01-25T18:18:41+0000',
          'name' => 'Feminist News',
          'id' => '346937065399354_1403546743071709'
        };

CBC News
-----------------------------

Newsweek
-----------------------------

CNN International
-----------------------------

The New Yorker
-----------------------------

Rush Limbaugh
-----------------------------

The Independent
-----------------------------

TheBlaze
-----------------------------
$VAR1 = {
          'link' => 'http://www.theblaze.com/news/2017/01/25/brutal-stomping-attack-has-dad-out-for-justice-when-i-look-at-the-video-i-see-attempted-murder/',
          'caption' => 'www.theblaze.com',
          'created_time' => '2017-01-25T18:26:00+0000',
          'name' => 'Brutal stomping attack has father out for justice',
          'id' => '140738092630206_1348002055237131',
          'message' => 'Is there even any remorse?'
        };

Domain: theblaze.com
Response:
{"id":"1622501708043673_1648171595476684"}

NPR Politics
-----------------------------

The New York Times
-----------------------------
$VAR1 = {
          'link' => 'https://www.nytimes.com/2017/01/25/world/asia/north-korea-defector.html?smid=fb-nytimes&smtyp=cur',
          'caption' => 'nytimes.com',
          'created_time' => '2017-01-25T18:26:03+0000',
          'name' => "North Korean Defector Says Kim Jong-Un\x{2019}s Control Is Crumbling",
          'id' => '5281959998_10151060598044999',
          'message' => '"Kim Jong-un\'s days are numbered," a defector said.'
        };

Domain: nytimes.com
Response:
{"id":"1622501708043673_1648171698810007"}

NPR
-----------------------------

MSN
-----------------------------

CNN Politics
-----------------------------

The Daily Show
-----------------------------

Daily Kos
-----------------------------
$VAR1 = {
          'link' => 'http://www.dailykos.com/stories/2017/1/25/1624929/-Arizona-children-may-lose-healthcare-if-Obamacare-is-repealed?detail=facebook',
          'caption' => 'dailykos.com',
          'created_time' => '2017-01-25T18:30:01+0000',
          'name' => 'Arizona children may lose healthcare if Obamacare is repealed',
          'id' => '43179984254_10155108941984255',
          'message' => 'Children\'s lives are at stake.'
        };

Domain: dailykos.com
Response:
{"id":"1622501708043673_1648171802143330"}

Yahoo News
-----------------------------
$VAR1 = {
          'link' => 'https://www.facebook.com/yahoonews/videos/10155141071694714/',
          'created_time' => '2017-01-25T18:21:43+0000',
          'name' => 'Pelosi: I felt sorry for Trump',
          'id' => '338028696036_10155141071694714',
          'message' => '"I felt sorry for him," Nancy Pelosi says of "insecure" President Trump\'s persistent belief that he lost the popular vote due to voter fraud.'
        };

The Guardian
-----------------------------
$VAR1 = {
          'link' => 'https://www.theguardian.com/global-development/2017/jan/25/netherlands-trump-gag-rule-international-safe-abortion-fund?CMP=fb_gu',
          'caption' => 'theguardian.com',
          'created_time' => '2017-01-25T18:20:00+0000',
          'name' => 'Dutch respond to Trump\'s \'gag rule\' with international safe abortion fund',
          'id' => '10513336322_10155004486356323',
          'message' => "\"We respect the decisions of a democratically elected president, but we\x{2019}re democratically elected too and we can make different decisions.\""
        };

Domain: theguardian.com
Response:
{"id":"1622501708043673_1648171872143323"}

CNN
-----------------------------

Slate.com
-----------------------------
$VAR1 = {
          'link' => 'http://slate.me/2jwKlqw',
          'caption' => 'slate.com',
          'created_time' => '2017-01-25T18:20:04+0000',
          'name' => "A Beginner\x{2019}s Guide to The Young Pope\x{2019}s Italian Filmmaker Paolo Sorrentino",
          'id' => '21516776437_10154807824056438',
          'message' => 'You think The Young Pope is crazy? Check out his movies.'
        };

Domain: slate.com
Response:
{"id":"1622501708043673_1648171948809982"}

the AP
-----------------------------

Sean Hannity
-----------------------------

The Ed Schultz Show
-----------------------------

The Atlantic
-----------------------------
$VAR1 = {
          'link' => 'http://theatln.tc/2kswamr',
          'caption' => 'theatlantic.com',
          'created_time' => '2017-01-25T18:28:05+0000',
          'name' => 'The Elegant Simplicity of \'The Red Turtle\'',
          'id' => '29259828486_10155054868238487',
          'message' => "\"The rich blues of the ocean and richer-still greens of the bamboo forest give way to haunting grays and blacks as the days and nights, too, rotate through their assigned cycles. And Dudok de Wit\x{2019}s gift for the interplay between light and shadow is nothing short of glorious.\""
        };

Domain: theatlantic.com

Bloomberg
-----------------------------
$VAR1 = {
          'link' => 'http://bloom.bg/2jSlvlY',
          'caption' => 'bloomberg.com',
          'created_time' => '2017-01-25T18:17:56+0000',
          'name' => 'Big Airports Are Opening Eye Scanning And Fingerprint Security Lines',
          'id' => '266790296879_10154973456051880',
          'message' => 'Go from your car to the plane in the blink of an eye.'
        };

Domain: bloomberg.com
Response:
{"id":"1622501708043673_1648171995476644"}

BuzzFeed
-----------------------------

Fox News
-----------------------------

VICE
-----------------------------

Glenn Beck
-----------------------------

The Other 98%
-----------------------------


Total Posts Made:	15


