***********************************************************************************
Started at 04:30:01 on 00/18/2017
***********************************************************************************
Querying souces from the past 15 minutes....

Al Jazeera
-----------------------------

Upworthy
-----------------------------

The Huffington Post
-----------------------------

HuffPost Women
-----------------------------

PBS News Hour
-----------------------------

ATTN:
-----------------------------

Reuters
-----------------------------

NowThis
-----------------------------

Daily Caller
-----------------------------

CNBC
-----------------------------

The Onion
-----------------------------

Opposing Views
-----------------------------

the Today Show
-----------------------------

Kotaku
-----------------------------

Washington Post
-----------------------------

the American Center for Law and Justice
-----------------------------

VICE News
-----------------------------

PBS
-----------------------------

Mother Jones
-----------------------------

HuffPost Good News
-----------------------------

BBC News
-----------------------------
$VAR1 = {
          'link' => 'https://www.facebook.com/bbcnews/videos/10154315585617217/',
          'created_time' => '2017-01-18T09:15:54+0000',
          'id' => '228735667216_10154315585617217',
          'message' => "The first ever freight train from China to the UK is due to reach its destination today \x{1f686}"
        };

Breaking News
-----------------------------

The Verge
-----------------------------

New York Magazine
-----------------------------

TIME
-----------------------------

the Business Insider
-----------------------------
$VAR1 = {
          'link' => 'http://read.bi/2iKJHI1',
          'caption' => 'businessinsider.com',
          'created_time' => '2017-01-18T09:20:03+0000',
          'name' => 'Firing someone is hard, but it\'s one of the most important things a manager can do',
          'id' => '20446254070_10154299251504071',
          'message' => 'If someone is dragging the team down, you have to let him or her go.'
        };

Domain: businessinsider.com
$VAR1 = {
          'link' => 'http://buff.ly/2iKG7NV',
          'created_time' => '2017-01-18T09:20:00+0000',
          'name' => 'Business Insider UK',
          'id' => '20446254070_10154299232034071',
          'message' => 'Stunning.'
        };
$VAR1 = {
          'link' => 'https://www.facebook.com/BusinessInsiderUK/videos/2197066173852414/',
          'created_time' => '2017-01-18T09:20:00+0000',
          'name' => 'Business Insider UK',
          'id' => '20446254070_10154299228809071',
          'message' => 'He said the view was "like he was in heaven."'
        };

ThinkProgress
-----------------------------

POLITICO
-----------------------------

USA TODAY
-----------------------------
$VAR1 = {
          'link' => 'http://www.reviewed.com/home-outdoors/features/dream-of-drum-circles-in-birkenstocks-new-bed?utm_source=usat&utm_medium=referral&utm_campaign=collab',
          'caption' => 'reviewed.com',
          'created_time' => '2017-01-18T09:30:00+0000',
          'name' => 'Birkenstocks are back, but this time as a bed',
          'id' => '13652355666_10154298494340667',
          'message' => 'Cork footbed, cork bed.'
        };

Domain: reviewed.com

American News
-----------------------------

ABC News
-----------------------------

HuffPost Politics
-----------------------------

NBC News
-----------------------------
$VAR1 = {
          'link' => 'https://www.facebook.com/NBCNews/videos/1669220966431260/',
          'created_time' => '2017-01-18T09:29:39+0000',
          'name' => 'Sinkhole Swallows Excavation Truck',
          'id' => '155869377766434_1669220966431260',
          'message' => 'The driver was luckily able to remove himself from the truck.

http://nbcnews.to/2jJbebh'
        };

AJ+
-----------------------------

Wikileaks
-----------------------------

CNNMoney
-----------------------------
$VAR1 = {
          'link' => 'http://cnnmon.ie/2j6Ttln',
          'caption' => 'www.cnnmoneystream.com',
          'created_time' => '2017-01-18T09:18:01+0000',
          'name' => 'CNN MoneyStream',
          'id' => '6651543066_10154291049448067',
          'message' => 'Your business news, personalized. Download the new CNN MoneyStream app: http://cnnmon.ie/2j6Ttln'
        };

Domain: cnnmoneystream.com

ABC News Politics
-----------------------------

Right Wing News
-----------------------------

The Wall Street Journal
-----------------------------

MSNBC
-----------------------------

the Drudge Report
-----------------------------

Mic
-----------------------------

The Economist
-----------------------------

Bloomberg Politics
-----------------------------

CBS News
-----------------------------

The Young Turks
-----------------------------

Occupy Democrats
-----------------------------

CBC News
-----------------------------

Newsweek
-----------------------------

CNN International
-----------------------------

The New Yorker
-----------------------------

Rush Limbaugh
-----------------------------

The Independent
-----------------------------
$VAR1 = {
          'link' => 'http://www.independent.co.uk/life-style/gadgets-and-tech/news/julian-assange-wikileaks-hand-himself-chelseas-manning-commute-barack-obama-extradition-sweden-a7532706.html?cmpid=facebook-post',
          'caption' => 'independent.co.uk',
          'created_time' => '2017-01-18T09:28:04+0000',
          'name' => 'Julian Assange is handing himself in',
          'id' => '13312631635_10154401401331636',
          'message' => 'According to Wikileaks'
        };

Domain: independent.co.uk

TheBlaze
-----------------------------

NPR Politics
-----------------------------

The New York Times
-----------------------------
$VAR1 = {
          'link' => 'https://www.nytimes.com/interactive/2017/01/16/world/trump-military-role-treaties-allies-nato-asia-persian-gulf.html?smid=fb-nytimes&smtyp=cur',
          'caption' => 'nytimes.com',
          'created_time' => '2017-01-18T09:26:00+0000',
          'name' => 'What the U.S. Gets for Defending Its Allies and Interests Abroad',
          'id' => '5281959998_10151050466089999',
          'message' => "Here\x{2019}s the current picture of what America puts in and gets out of global alliances."
        };

Domain: nytimes.com
Response:
{"id":"1622501708043673_1645039759123201"}

NPR
-----------------------------

MSN
-----------------------------

CNN Politics
-----------------------------

The Daily Show
-----------------------------

Daily Kos
-----------------------------

Yahoo News
-----------------------------
$VAR1 = {
          'link' => 'https://yhoo.it/2k2549s',
          'caption' => 'yahoo.com',
          'created_time' => '2017-01-18T09:30:11+0000',
          'name' => "Teenage Bollywood actor faces vicious social media abuse \x{2014} and  no one knows why",
          'id' => '338028696036_10155124574646037',
          'message' => 'She\'s sixteen, talented, and newly famous.'
        };

Domain: yahoo.com
Response:
{"id":"1622501708043673_1645039832456527"}
$VAR1 = {
          'link' => 'https://www.facebook.com/yahoonews/videos/10153972049351371/',
          'created_time' => '2017-01-18T09:20:00+0000',
          'name' => 'Snow day for the animals in Oregon Zoo! https://yhoo.it/2jJ4Q6Y',
          'id' => '338028696036_10153972049351371',
          'message' => 'The animals at the Oregon Zoo had a snow day! https://yhoo.it/2jJ4Q6Y (Credit: YouTube/Oregon Zoo)'
        };

The Guardian
-----------------------------
$VAR1 = {
          'link' => 'https://www.theguardian.com/commentisfree/2017/jan/17/chelsea-manning-suffered-enough-obama-commutation-right-thing?CMP=fb_gu',
          'caption' => 'theguardian.com',
          'created_time' => '2017-01-18T09:30:00+0000',
          'name' => 'Chelsea Manning has suffered enough. Finally, Obama did the right thing | Trevor Timm',
          'id' => '10513336322_10154971572571323',
          'message' => "\"It\x{2019}s a cause for celebration, but also a time for reflection \x{2013} not just about what she has gone through but what her case represents.\""
        };

Domain: theguardian.com
Response:
{"id":"1622501708043673_1645039922456518"}

CNN
-----------------------------

Slate.com
-----------------------------

the AP
-----------------------------

Sean Hannity
-----------------------------

The Ed Schultz Show
-----------------------------

The Atlantic
-----------------------------

Bloomberg
-----------------------------

BuzzFeed
-----------------------------

Fox News
-----------------------------

VICE
-----------------------------

Glenn Beck
-----------------------------

The Other 98%
-----------------------------


Total Posts Made:	3


