***********************************************************************************
Started at 16:30:01 on 11/17/2016
***********************************************************************************
Querying souces from the past 15 minutes....

Al Jazeera
-----------------------------

Upworthy
-----------------------------

The Huffington Post
-----------------------------

HuffPost Women
-----------------------------

PBS News Hour
-----------------------------
$VAR1 = {
          'link' => 'http://www.pbs.org/newshour/art/canada-native-residential-schools/',
          'caption' => 'pbs.org',
          'created_time' => '2016-12-17T21:30:00+0000',
          'name' => 'Portraits show the complex, devastating legacy of Canada\'s residential schools',
          'id' => '6491828674_10154880264503675',
          'message' => 'Survivors of Canada\'s residential schools, which aimed to decimate the cultures of indigenous people, spoke out about their experiences.'
        };

Domain: pbs.org
Response:
read timeout at /usr/local/share/perl5/Net/HTTP/Methods.pm line 271.


ATTN:
-----------------------------

Reuters
-----------------------------

NowThis
-----------------------------

Daily Caller
-----------------------------
$VAR1 = {
          'link' => 'http://trib.al/txMwNgI',
          'caption' => 'dailycaller.com',
          'created_time' => '2016-12-17T21:28:48+0000',
          'name' => "\x{2018}RUDE\x{2019} \x{2014} Fox Business Interview Goes From Bad To Worse For Nancy Pelosi\x{2019}s Daughter [VIDEO]",
          'id' => '182919686769_10154055994011770',
          'message' => 'This interview was a total dumpster fire.'
        };

Domain: dailycaller.com

CNBC
-----------------------------
$VAR1 = {
          'link' => 'http://cnb.cx/2hDOr2f',
          'caption' => 'cnbc.com',
          'created_time' => '2016-12-17T21:27:49+0000',
          'name' => '9 low-cost franchises that can make you a millionaire',
          'id' => '97212224368_10155005444669369',
          'message' => 'You could start a business for less than $5,000.'
        };

Domain: cnbc.com

The Onion
-----------------------------

Opposing Views
-----------------------------
$VAR1 = {
          'link' => 'https://www.opposingviews.com/i/society/tragedy-strikes-after-police-leave-drunk-teen-girl-handcuffed-back-cop-car?fb=ov',
          'caption' => 'opposingviews.com',
          'created_time' => '2016-12-17T21:20:00+0000',
          'name' => 'Tragedy Strikes After Police Leave Drunk Teen Girl Handcuffed In Back Of Cop Car',
          'id' => '34226391050_10154350127681051',
          'message' => 'The cop arrested the 17-year-old girl for underage drinking and left her handcuffed in the back of the car. Unfortunately for her, he didn\'t consider who also in the car.'
        };

Domain: opposingviews.com

the Today Show
-----------------------------

Kotaku
-----------------------------

Washington Post
-----------------------------

the American Center for Law and Justice
-----------------------------

VICE News
-----------------------------

PBS
-----------------------------

Mother Jones
-----------------------------

HuffPost Good News
-----------------------------

BBC News
-----------------------------

Breaking News
-----------------------------

The Verge
-----------------------------

New York Magazine
-----------------------------
$VAR1 = {
          'link' => 'http://nym.ag/2gKo6eE',
          'caption' => 'vulture.com',
          'created_time' => '2016-12-17T21:28:45+0000',
          'name' => 'Here Is a Very Good Photo of Octavia Spencer Being Surprised by Barack Obama',
          'id' => '14516439825_10154864769289826',
          'message' => 'She is expressing, as one might say, all the feels at once.'
        };

Domain: vulture.com

TIME
-----------------------------
$VAR1 = {
          'link' => 'http://ti.me/2gWVdio',
          'caption' => 'time.com',
          'created_time' => '2016-12-17T21:15:11+0000',
          'name' => 'Washington University Suspends Men\'s Soccer Team for \'Sexually Explicit\' Comments',
          'id' => '10606591490_10154269719761491',
          'message' => "The comments about the women\x{2019}s team were \x{201c}degrading and sexually explicit.\x{201d}"
        };

Domain: time.com

the Business Insider
-----------------------------
$VAR1 = {
          'link' => 'http://read.bi/2gTiGCV',
          'caption' => 'businessinsider.com',
          'created_time' => '2016-12-17T21:20:01+0000',
          'name' => 'A Harvard psychologist says people judge you based on 2 criteria when they first meet you',
          'id' => '20446254070_10154197872409071',
          'message' => 'Everyone does it.'
        };

Domain: businessinsider.com

ThinkProgress
-----------------------------

POLITICO
-----------------------------
$VAR1 = {
          'link' => 'http://politi.co/2i0Sfr0',
          'caption' => 'politi.co',
          'created_time' => '2016-12-17T21:20:06+0000',
          'name' => 'Court: Removing \'faithless\' electors may be unconstitutional',
          'id' => '62317591679_10154103127576680',
          'message' => 'In their order, the judges said any attempt by Colorado Secretary of State Wayne Williams to remove electors "after voting has begun" would be "unlikely in light of the text of the Twelfth Amendment."'
        };

Domain: politi.co

Alias: politico.com
Response:
read timeout at /usr/local/share/perl5/Net/HTTP/Methods.pm line 271.


USA TODAY
-----------------------------
$VAR1 = {
          'link' => 'http://usat.ly/2h8do1Z',
          'caption' => 'usatoday.com',
          'created_time' => '2016-12-17T21:20:00+0000',
          'name' => '23 gift ideas for music and movie buffs',
          'id' => '13652355666_10154175183785667',
          'message' => 'These gifts will please even the most discerning film or music buff.'
        };

Domain: usatoday.com
Response:
read timeout at /usr/local/share/perl5/Net/HTTP/Methods.pm line 271.


American News
-----------------------------
$VAR1 = {
          'link' => 'http://americannews.com/megyn-kelly-blames-trump-america-hates/',
          'caption' => 'americannews.com',
          'created_time' => '2016-12-17T21:30:00+0000',
          'name' => 'Megyn Kelly Blames Trump For Why America Hates Her',
          'id' => '179035672287016_900041150186461',
          'message' => 'Megyn Kelly wants to point the finger at Trump.

That\'s exactly her problem. She doesn\'t take responsibility. 

Did Megyn Kelly do this to herself?'
        };

Domain: americannews.com

ABC News
-----------------------------

HuffPost Politics
-----------------------------

NBC News
-----------------------------

AJ+
-----------------------------

Wikileaks
-----------------------------

CNNMoney
-----------------------------

ABC News Politics
-----------------------------

Right Wing News
-----------------------------
$VAR1 = {
          'link' => 'http://www.americanow.com/story/world/2016/12/16/tombstone-1890-issues-warning-about-democrats?fb=rwn',
          'caption' => 'americanow.com',
          'created_time' => '2016-12-17T21:30:00+0000',
          'name' => '1890 Gravestone Has Warning About Democrats And Clinton -- It\'s Accuracy Is Chilling',
          'id' => '389658314427637_1641423335917789',
          'message' => 'This photo of this 100-year-old gravestone in Kansas has everyone talking. The grave\'s owner had a scary warning about Democrats and Hillary Clinton - and it\'s chillingly accurate.'
        };

Domain: americanow.com

The Wall Street Journal
-----------------------------

MSNBC
-----------------------------

the Drudge Report
-----------------------------

Mic
-----------------------------

The Economist
-----------------------------

Bloomberg Politics
-----------------------------

CBS News
-----------------------------

The Young Turks
-----------------------------

Occupy Democrats
-----------------------------

CBC News
-----------------------------

Newsweek
-----------------------------
$VAR1 = {
          'link' => 'http://www.newsweek.com/russian-spies-navy-seals-jan-neumann-victorya-neumann-cia-fbi-533188',
          'caption' => 'newsweek.com',
          'created_time' => '2016-12-17T21:30:00+0000',
          'name' => 'Ex-American intelligence officers and Navy SEALs are helping two former Russian spies',
          'id' => '18343191100_10154694619536101',
          'message' => "Jan and Victorya Neumann defected, provided information to the CIA and FBI\x{2014}and were then booted from the government payroll."
        };

Domain: newsweek.com

CNN International
-----------------------------

The New Yorker
-----------------------------
$VAR1 = {
          'link' => 'http://nyer.cm/N217bPi',
          'caption' => 'newyorker.com',
          'created_time' => '2016-12-17T21:29:08+0000',
          'name' => 'Postscript: Craig Sager, 1951-2016',
          'id' => '9258148868_10154293259673869',
          'message' => 'The sideline reporter Craig Sager, who died this week, made a pleasure out of an often awkward art.'
        };

Domain: newyorker.com
Response:
read timeout at /usr/local/share/perl5/Net/HTTP/Methods.pm line 271.


Rush Limbaugh
-----------------------------

The Independent
-----------------------------

TheBlaze
-----------------------------
$VAR1 = {
          'link' => 'http://www.theblaze.com/news/2016/12/17/liberal-leaning-newspaper-creates-browser-plugin-that-allows-you-to-fact-check-trumps-tweets/',
          'caption' => 'www.theblaze.com',
          'created_time' => '2016-12-17T21:30:03+0000',
          'name' => "Liberal-leaning newspaper creates browser plugin that allows you to \x{2018}fact check\x{2019} Trump\x{2019}s tweets",
          'id' => '140738092630206_1304953669541970',
          'message' => 'Welp. This ought to go over well.'
        };

Domain: theblaze.com
Response:
read timeout at /usr/local/share/perl5/Net/HTTP/Methods.pm line 271.


NPR Politics
-----------------------------

The New York Times
-----------------------------
$VAR1 = {
          'link' => 'https://www.nytimes.com/2016/12/16/world/middleeast/syria-aleppo-assad-autocrats-obama.html?smid=fb-nytimes&smtyp=cur',
          'caption' => 'nytimes.com',
          'created_time' => '2016-12-17T21:26:00+0000',
          'name' => "Assad\x{2019}s Lesson From Aleppo: Force Works, With Few Consequences",
          'id' => '5281959998_10151013664729999',
          'message' => 'For months, the bodies have been piling up in eastern Aleppo.
And now it is almost over, not because diplomats reached a deal in Geneva, but because President Bashar al-Assad of Syria and his foreign allies have won the city.'
        };

Domain: nytimes.com
Response:
{"id":"1622501708043673_1633825866911257"}

NPR
-----------------------------

MSN
-----------------------------

CNN Politics
-----------------------------

The Daily Show
-----------------------------

Daily Kos
-----------------------------

Yahoo News
-----------------------------

The Guardian
-----------------------------

CNN
-----------------------------
$VAR1 = {
          'link' => 'http://cnn.it/2hcequq',
          'caption' => 'www.cnn.com',
          'created_time' => '2016-12-17T21:30:01+0000',
          'name' => 'Harlem deer dies of stress before relocation',
          'id' => '5550296508_10155772025376509',
          'message' => "The speed of state and city government was too slow for the deer's delicate health \x{2014} it died while under the \"stress of captivity.\""
        };

Domain: cnn.com
Response:
read timeout at /usr/local/share/perl5/Net/HTTP/Methods.pm line 271.


Slate.com
-----------------------------

the AP
-----------------------------

Sean Hannity
-----------------------------

The Ed Schultz Show
-----------------------------

The Atlantic
-----------------------------

Bloomberg
-----------------------------

BuzzFeed
-----------------------------

Fox News
-----------------------------

VICE
-----------------------------

Glenn Beck
-----------------------------

The Other 98%
-----------------------------


Total Posts Made:	7


