***********************************************************************************
Started at 16:50:01 on 10/26/2016
***********************************************************************************
Querying souces from the past 10 minutes....

Al Jazeera
-----------------------------

Upworthy
-----------------------------

The Huffington Post
-----------------------------

HuffPost Women
-----------------------------

PBS News Hour
-----------------------------

ATTN:
-----------------------------

Reuters
-----------------------------

NowThis
-----------------------------

Daily Caller
-----------------------------
$VAR1 = {
          'link' => 'http://trib.al/5AeA3OQ',
          'caption' => 'smokeroom.com',
          'created_time' => '2016-11-26T21:46:58+0000',
          'name' => "\x{2018}Brady Bunch\x{2019} Cast Members Mourn Loss Of Florence Henderson",
          'id' => '182919686769_10153989450416770',
          'message' => "\x{201c}The Brady Bunch\x{201d} cast members and other stars mourned the loss of Florence Henderson."
        };

Domain: smokeroom.com

CNBC
-----------------------------

The Onion
-----------------------------

Opposing Views
-----------------------------

the Today Show
-----------------------------

Kotaku
-----------------------------

Washington Post
-----------------------------

the American Center for Law and Justice
-----------------------------

VICE News
-----------------------------

PBS
-----------------------------

Mother Jones
-----------------------------

HuffPost Good News
-----------------------------

BBC News
-----------------------------

Breaking News
-----------------------------
$VAR1 = {
          'link' => 'http://variety.com/2016/tv/news/ron-glass-dead-barney-miller-firefly-dies-1201927179/',
          'caption' => 'variety.com',
          'created_time' => '2016-11-26T21:48:32+0000',
          'name' => "Ron Glass, Emmy-Nominated Actor Known for \x{2018}Barney Miller\x{2019} and \x{2018}Firefly,\x{2019} Dies at 71",
          'id' => '206703882302_10153832682977303',
          'message' => 'Actor Ron Glass, known for his roles on the TV shows "Barney Miller" and "Firefly" has died at age 71, his representative confirmed. - Variety

Follow more on Breaking News: https://www.breakingnews.com/topic/entertainment/'
        };

Domain: variety.com

The Verge
-----------------------------

New York Magazine
-----------------------------
$VAR1 = {
          'link' => 'http://nym.ag/2fmVJm4',
          'caption' => 'nymag.com',
          'created_time' => '2016-11-26T21:44:01+0000',
          'name' => 'All My Exes Live in Texts',
          'id' => '14516439825_10154784046124826',
          'message' => 'Why the social media generation never really breaks up.'
        };

Domain: nymag.com

TIME
-----------------------------

the Business Insider
-----------------------------
$VAR1 = {
          'link' => 'http://www.businessinsider.com/texas-charlie-strong-out-tom-herman-in-2016-11',
          'created_time' => '2016-11-26T21:44:46+0000',
          'name' => 'Business Insider: Sports',
          'id' => '20446254070_10154125953469071',
          'message' => 'LSU Football may have never had a chance despite reports that a deal with Tom Herman was close.'
        };

ThinkProgress
-----------------------------

POLITICO
-----------------------------

USA TODAY
-----------------------------

American News
-----------------------------

ABC News
-----------------------------
$VAR1 = {
          'link' => 'http://abcn.ws/2flb5fr',
          'caption' => 'abcnews.go.com',
          'created_time' => '2016-11-26T21:44:19+0000',
          'name' => 'Students Complained About Erratic Driving Before Bus Wreck',
          'id' => '86680728811_10155059755763812',
          'message' => 'Students and administrators raised concerns about a Tennessee school bus driver\'s behavior behind the wheel in the weeks before a crash that killed six children.'
        };

Domain: go.com
$VAR1 = bless( {
                 'response' => bless( {
                                        '_protocol' => 'HTTP/1.1',
                                        '_content' => '{"error":{"message":"It looks like you were misusing this feature by going too fast. You\\u2019ve been blocked from using it.\\n\\nLearn more about blocks in the Help Center.","type":"OAuthException","code":368,"error_subcode":1390008,"fbtrace_id":"CLQ3lxr80NZ"}}',
                                        '_rc' => '400',
                                        '_headers' => bless( {
                                                               'connection' => 'close',
                                                               'cache-control' => 'no-store',
                                                               'x-fb-rev' => '2702404',
                                                               'date' => 'Sat, 26 Nov 2016 21:50:29 GMT',
                                                               'x-fb-debug' => 'PjUeezvUXlVrZm+iG7eqlEeRrllGOqRRNdlXDxrlYa8ATR5Mpkd0SB+GRu7sZLtzq8XMFYCSpasGUqX3m2kPZw==',
                                                               'access-control-allow-origin' => '*',
                                                               'vary' => 'Accept-Encoding',
                                                               'client-ssl-cert-issuer' => '/C=US/O=DigiCert Inc/OU=www.digicert.com/CN=DigiCert SHA2 High Assurance Server CA',
                                                               'client-ssl-cipher' => 'ECDHE-ECDSA-AES128-GCM-SHA256',
                                                               'client-peer' => '31.13.65.1:443',
                                                               'facebook-api-version' => 'v2.8',
                                                               'client-date' => 'Sat, 26 Nov 2016 21:50:29 GMT',
                                                               'x-page-usage' => '{"call_count":20,"total_cputime":4,"total_time":8}',
                                                               'content-type' => 'text/javascript; charset=UTF-8',
                                                               'pragma' => 'no-cache',
                                                               'www-authenticate' => 'OAuth "Facebook Platform" "access_denied" "It looks like you were misusing this feature by going too fast. You’ve been blocked from using it.\\n\\nLearn more about blocks in the Help Center."',
                                                               'client-ssl-socket-class' => 'IO::Socket::SSL',
                                                               'client-response-num' => 1,
                                                               'x-fb-trace-id' => 'CLQ3lxr80NZ',
                                                               '::std_case' => {
                                                                                 'client-response-num' => 'Client-Response-Num',
                                                                                 'x-fb-rev' => 'X-Fb-Rev',
                                                                                 'x-fb-debug' => 'X-FB-Debug',
                                                                                 'access-control-allow-origin' => 'Access-Control-Allow-Origin',
                                                                                 'client-ssl-cert-issuer' => 'Client-SSL-Cert-Issuer',
                                                                                 'client-ssl-cipher' => 'Client-SSL-Cipher',
                                                                                 'client-peer' => 'Client-Peer',
                                                                                 'facebook-api-version' => 'Facebook-Api-Version',
                                                                                 'x-fb-trace-id' => 'X-Fb-Trace-Id',
                                                                                 'client-date' => 'Client-Date',
                                                                                 'x-page-usage' => 'X-Page-Usage',
                                                                                 'client-ssl-cert-subject' => 'Client-SSL-Cert-Subject',
                                                                                 'client-ssl-socket-class' => 'Client-SSL-Socket-Class'
                                                                               },
                                                               'client-ssl-cert-subject' => '/C=US/ST=CA/L=Menlo Park/O=Facebook, Inc./CN=*.facebook.com',
                                                               'expires' => 'Sat, 01 Jan 2000 00:00:00 GMT'
                                                             }, 'HTTP::Headers' ),
                                        '_msg' => 'Bad Request',
                                        '_request' => bless( {
                                                               '_content' => 'access_token=EAAPvBQ5tbjMBAOZCljSOHJaa34AP592NeeQe2myDFLNEAveb8YXf1ELXevI1MsTSCTvx2L2cFWYW8BpzTpeb2bydgVyzpzu5UisFemZC1TldMOZBJFnBq5zXzdGyy3ZABg1nUYRZAStCeCeSffZCSQUacCpgMorcec71s7O36CwAZDZD&message=The+Facebook+page+of+ABC+News+originally+shared+this+article.+According+to+data+gathered+by+the+Pew+Research+Center%2C+ABC+News+is+more+trusted+than+distrusted+by+survey+respondents+who+have+heard+of+the+source.+(Over+40%25+of+respondents)+%0D%0AAdditionally%2C+the+research+indicates+that+left-leaning+readers+and+right-leaning+readers+were+about+equally+as+likely+to+find+this+source+credible.+%0D%0A%0D%0AOut+of+the+94%25+of+respondents+who+have+heard+of+ABC+News%2C%0D%0A53%25%09trusted+the+news+source%2C%0D%0A18%25%09distrusted+the+news+source%2C+and%0D%0A29%25%09neither+trusted+nor+distrusted+the+news+source.%0D%0A%0D%0ATo+learn+more+about+Pew+Research+Center\'s+study+on+Political+Polarization+%26+Media+Habits%2C+follow+this+link+to+visit+their+report.+https%3A%2F%2Fgoo.gl%2FxwVtjv&link=http%3A%2F%2Fabcn.ws%2F2flb5fr&published=true',
                                                               '_uri' => bless( do{\(my $o = 'https://graph.facebook.com/v2.2/1622501708043673/feed')}, 'URI::https' ),
                                                               '_headers' => bless( {
                                                                                      'user-agent' => 'libwww-perl/6.15',
                                                                                      'content-type' => 'application/x-www-form-urlencoded',
                                                                                      'content-length' => 1042,
                                                                                      '::std_case' => {
                                                                                                        'if-ssl-cert-subject' => 'If-SSL-Cert-Subject'
                                                                                                      }
                                                                                    }, 'HTTP::Headers' ),
                                                               '_method' => 'POST',
                                                               '_uri_canonical' => $VAR1->{'response'}{'_request'}{'_uri'}
                                                             }, 'HTTP::Request' )
                                      }, 'HTTP::Response' )
               }, 'Facebook::Graph::Response' );

HuffPost Politics
-----------------------------

NBC News
-----------------------------

AJ+
-----------------------------

Wikileaks
-----------------------------

CNNMoney
-----------------------------
$VAR1 = {
          'link' => 'https://www.facebook.com/cnnmoney/videos/10154127902528067/',
          'created_time' => '2016-11-26T21:45:53+0000',
          'name' => 'Turning roads green with solar power',
          'id' => '6651543066_10154127902528067',
          'message' => 'The Netherlands tried it when they built the world\'s first solar bike path in 2014 and now France wants to move it into the fast lane. http://cnnmon.ie/2fMsIE5 Via CNNTech'
        };

ABC News Politics
-----------------------------

Right Wing News
-----------------------------

The Wall Street Journal
-----------------------------

MSNBC
-----------------------------
$VAR1 = {
          'link' => 'https://www.facebook.com/msnbc/photos/a.279728135456779.59808.273864989376427/1365441720218743/?type=3',
          'created_time' => '2016-11-26T21:50:04+0000',
          'name' => 'Timeline Photos',
          'id' => '273864989376427_1365441720218743',
          'message' => 'The best gift you can give is your time. For ideas to pay it forward this holiday season, check out MSNBC.com/GivingTuesday. #GivingTuesday'
        };

the Drudge Report
-----------------------------

Mic
-----------------------------

The Economist
-----------------------------

Bloomberg Politics
-----------------------------

CBS News
-----------------------------

The Young Turks
-----------------------------

Occupy Democrats
-----------------------------

CBC News
-----------------------------

Newsweek
-----------------------------

CNN International
-----------------------------
$VAR1 = {
          'link' => 'https://www.facebook.com/cnninternational/videos/10154724123519641/',
          'created_time' => '2016-11-26T21:41:01+0000',
          'name' => 'Two cities, opposite reactions to Fidel Castro\'s death',
          'id' => '18793419640_10154724123519641',
          'message' => "\x{201c}I am so happy! I wish my grandmother was alive\x{2026} she would have died to see this.\x{201d}

In Miami, celebrations abound. But the news of Fidel Castro's death brought on a much different mood in Cuba http://cnn.it/2fD8gVC"
        };

The New Yorker
-----------------------------

Rush Limbaugh
-----------------------------

The Independent
-----------------------------
$VAR1 = {
          'link' => 'http://www.independent.co.uk/news/uk/politics/brexit-pay-eu-rights-work-live-fee-guy-verhofstadt-a7440556.html?cmpid=facebook-post',
          'caption' => 'independent.co.uk',
          'created_time' => '2016-11-26T21:41:01+0000',
          'name' => "Plan for Britons to pay to retain EU citizenship benefits backed by European Parliament\x{2019}s chief Brexit negotiator",
          'id' => '13312631635_10154219398971636',
          'message' => 'A significant boost to the campaign'
        };

Domain: independent.co.uk

TheBlaze
-----------------------------

NPR Politics
-----------------------------

The New York Times
-----------------------------

NPR
-----------------------------

MSN
-----------------------------

CNN Politics
-----------------------------

The Daily Show
-----------------------------

Daily Kos
-----------------------------

Yahoo News
-----------------------------

The Guardian
-----------------------------

CNN
-----------------------------
$VAR1 = {
          'link' => 'https://www.facebook.com/cnn/videos/10155662580281509/',
          'created_time' => '2016-11-26T21:40:58+0000',
          'name' => 'Two cities, opposite reactions to Fidel Castro\'s death',
          'id' => '5550296508_10155662580281509',
          'message' => "\x{201c}I am so happy! I wish my grandmother was alive\x{2026} she would have died to see this.\x{201d}

In Miami, celebrations abound. But the news of Fidel Castro's death brought on a much different mood in Cuba http://cnn.it/2fDd0uJ"
        };

Slate.com
-----------------------------

the AP
-----------------------------

Sean Hannity
-----------------------------

The Ed Schultz Show
-----------------------------

The Atlantic
-----------------------------

Bloomberg
-----------------------------

BuzzFeed
-----------------------------

Fox News
-----------------------------

VICE
-----------------------------

Glenn Beck
-----------------------------

The Other 98%
-----------------------------





