***********************************************************************************
Started at 07:45:01 on 00/15/2017
***********************************************************************************
Querying souces from the past 15 minutes....

Al Jazeera
-----------------------------

Upworthy
-----------------------------

The Huffington Post
-----------------------------

HuffPost Women
-----------------------------
$VAR1 = {
          'link' => 'http://huff.to/2ijGBdP',
          'caption' => 'huffingtonpost.com',
          'created_time' => '2017-01-15T12:30:21+0000',
          'name' => 'You Actually Have A Chance To Be Idris Elba\'s Valentine',
          'id' => '153213781413350_1273514456049938',
          'message' => 'OMGOMGOMG.'
        };

Domain: huffingtonpost.com
Response:
{"error":{"message":"It looks like you were misusing this feature by going too fast. You\u2019ve been blocked from using it.\n\nLearn more about blocks in the Help Center.","type":"OAuthException","code":368,"error_subcode":1390008,"error_user_msg":"","fbtrace_id":"GbZgp2tYUUz"}}

Facebook ran into an error and the post was not published. Zach Muckerberg please fix. Try again in a few hours.

