***********************************************************************************
Started at 20:45:01 on 00/06/2017
***********************************************************************************
Querying souces from the past 15 minutes....

Al Jazeera
-----------------------------

Upworthy
-----------------------------

The Huffington Post
-----------------------------
$VAR1 = {
          'link' => 'https://www.facebook.com/HuffingtonPost/videos/390994301244723/',
          'created_time' => '2017-01-07T01:45:00+0000',
          'name' => 'What Jimmy Fallon Should Do As The Golden Globes Host I HuffPo...',
          'id' => '18468761129_390994301244723',
          'message' => "Being a Golden Globes host is tough ... unless you\x{2019}re Jimmy Fallon."
        };
$VAR1 = {
          'link' => 'http://huff.to/2i2giZj',
          'caption' => 'huffingtonpost.com',
          'created_time' => '2017-01-07T01:30:31+0000',
          'name' => 'Planned Parenthood Tried To Give Petitions To Paul Ryan. They Got A Locked Door.',
          'id' => '18468761129_10154585785366130',
          'message' => 'Paul Ryan is vowing to defund Planned Parenthood.'
        };

Domain: huffingtonpost.com
Response:
{"id":"1622501708043673_1640806396213204"}

HuffPost Women
-----------------------------

PBS News Hour
-----------------------------

ATTN:
-----------------------------

Reuters
-----------------------------

NowThis
-----------------------------

Daily Caller
-----------------------------
$VAR1 = {
          'link' => 'http://trib.al/8Jwava1',
          'caption' => 'dailycaller.com',
          'created_time' => '2017-01-07T01:41:45+0000',
          'name' => 'Fort Lauderdale Shooter Told FBI He Was Forced To Fight For ISIS',
          'id' => '182919686769_10154114716911770',
          'message' => 'Ft. Lauderdale shooter told FBI in November he was forced to fight for ISIS.'
        };

Domain: dailycaller.com

CNBC
-----------------------------
$VAR1 = {
          'link' => 'http://cnb.cx/2i14bM7',
          'caption' => 'cnbc.com',
          'created_time' => '2017-01-07T01:39:04+0000',
          'name' => 'Back to Work: Labor reports show bleeding has stopped in America\'s oil and gas fields',
          'id' => '97212224368_10155077177839369',
          'message' => "The pain in the U.S. energy sector \x{2014} the biggest job cutter in both 2015 and 2016 \x{2014} appears to be easing."
        };

Domain: cnbc.com

The Onion
-----------------------------

Opposing Views
-----------------------------

the Today Show
-----------------------------

Kotaku
-----------------------------

Washington Post
-----------------------------

the American Center for Law and Justice
-----------------------------

VICE News
-----------------------------

PBS
-----------------------------

Mother Jones
-----------------------------

HuffPost Good News
-----------------------------

BBC News
-----------------------------

Breaking News
-----------------------------

The Verge
-----------------------------

New York Magazine
-----------------------------

TIME
-----------------------------
$VAR1 = {
          'link' => 'http://ti.me/2ilo5PG',
          'caption' => 'time.com',
          'created_time' => '2017-01-07T01:30:17+0000',
          'name' => '10 of the Coolest Gadgets From CES 2017',
          'id' => '10606591490_10154327597946491',
          'message' => 'From wallpaper-thin TVs to a computer the size of a credit card.'
        };

Domain: time.com

the Business Insider
-----------------------------
$VAR1 = {
          'link' => 'http://read.bi/2hZgutX',
          'caption' => 'businessinsider.com',
          'created_time' => '2017-01-07T01:40:09+0000',
          'name' => "It's official \x{2014} the 2016 Word of the Year is 'Dumpster fire'",
          'id' => '20446254070_10154263995179071',
          'message' => 'APPROPRIATE.'
        };

Domain: businessinsider.com

ThinkProgress
-----------------------------

POLITICO
-----------------------------

USA TODAY
-----------------------------
$VAR1 = {
          'link' => 'https://www.facebook.com/usatoday/videos/1779157829075404/',
          'created_time' => '2017-01-07T01:41:00+0000',
          'name' => 'College students push universities for free tampons',
          'id' => '13652355666_1779157829075404',
          'message' => 'A lifetime of period-related products could cost you $18,000 or more. http://usat.ly/2i0E0Fn'
        };

American News
-----------------------------

ABC News
-----------------------------

HuffPost Politics
-----------------------------
$VAR1 = {
          'link' => 'http://huff.to/2hZTkyR',
          'caption' => 'm.huffpost.com',
          'created_time' => '2017-01-07T01:30:22+0000',
          'name' => 'NYC\'s Chinatown Finally Represented By An Asian-American In State Assembly',
          'id' => '56845382910_10154679813682911',
          'message' => "\"It\x{2019}ll be very powerful to have our experiences as first-generation kids in the assembly.\x{201d}"
        };

Domain: huffpost.com

NBC News
-----------------------------

AJ+
-----------------------------

Wikileaks
-----------------------------

CNNMoney
-----------------------------
$VAR1 = {
          'link' => 'http://cnnmon.ie/2il6CXF',
          'caption' => 'money.cnn.com',
          'created_time' => '2017-01-07T01:45:00+0000',
          'name' => 'Trump meets with Vanity Fair, New Yorker editors',
          'id' => '6651543066_10154258710073067',
          'message' => 'Trump was joined by Kellyanne Conway, who will be counselor to the president once Trump takes office. http://cnnmon.ie/2il6CXF'
        };

Domain: cnn.com
Response:
{"id":"1622501708043673_1640806459546531"}
$VAR1 = {
          'link' => 'https://www.facebook.com/cnnmoney/videos/10154258690203067/',
          'created_time' => '2017-01-07T01:31:49+0000',
          'name' => '5 stunning stats about Netflix',
          'id' => '6651543066_10154258690203067',
          'message' => 'Did you know that Netflix has more than 80 million members? http://cnnmon.ie/2jhZ3Fv Via CNNTech'
        };

ABC News Politics
-----------------------------

Right Wing News
-----------------------------

The Wall Street Journal
-----------------------------
$VAR1 = {
          'link' => 'http://on.wsj.com/2ilMPaw',
          'caption' => 'wsj.com',
          'created_time' => '2017-01-07T01:30:33+0000',
          'name' => "Report Casts Light on TV Channel\x{2019}s Role in Russia\x{2019}s Propaganda Efforts",
          'id' => '8304333127_10155244079098128',
          'message' => "RT, a Kremlin-financed news channel, gets a lot of attention in the declassified U.S. intelligence assessment of Russia\x{2019}s alleged attempts to influence the presidential election."
        };

Domain: wsj.com
Response:
{"id":"1622501708043673_1640806512879859"}

MSNBC
-----------------------------

the Drudge Report
-----------------------------

Mic
-----------------------------

The Economist
-----------------------------

Bloomberg Politics
-----------------------------

CBS News
-----------------------------
$VAR1 = {
          'link' => 'http://cbsn.ws/2hYx9xT',
          'caption' => 'www.cbsnews.com',
          'created_time' => '2017-01-07T01:40:03+0000',
          'name' => 'Study casts doubt on long-used morning sickness drug',
          'id' => '131459315949_10154243243275950',
          'message' => 'Millions of women have taken this drug for morning sickness, but how effective is it really?'
        };

Domain: cbsnews.com
Response:
{"id":"1622501708043673_1640806562879854"}

The Young Turks
-----------------------------

Occupy Democrats
-----------------------------
$VAR1 = {
          'link' => 'http://occupydemocrats.com/2017/01/07/republican-just-launched-bill-charge-trump-protesters-terrorists/',
          'caption' => 'occupydemocrats.com',
          'created_time' => '2017-01-07T01:34:00+0000',
          'name' => 'This Republican Just Launched A Bill To Charge Trump Protesters As "Terrorists"',
          'id' => '346937065399354_1379475312145519',
          'message' => 'This is how Republicans stand up for the Constitution.'
        };

Domain: occupydemocrats.com

CBC News
-----------------------------

Newsweek
-----------------------------

CNN International
-----------------------------

The New Yorker
-----------------------------

Rush Limbaugh
-----------------------------

The Independent
-----------------------------

TheBlaze
-----------------------------

NPR Politics
-----------------------------

The New York Times
-----------------------------

NPR
-----------------------------
$VAR1 = {
          'link' => 'http://www.npr.org/sections/goatsandsoda/2017/01/06/507572246/women-push-back-after-mass-groping-at-bangalore-new-years-event?utm_source=facebook.com&utm_medium=social&utm_campaign=npr&utm_term=nprnews&utm_content=20170106',
          'caption' => 'npr.org',
          'created_time' => '2017-01-07T01:45:00+0000',
          'name' => 'Women Push Back After Mass Groping At Bangalore New Year\'s Event',
          'id' => '10643211755_10155162577221756',
          'message' => 'One minister said the women who were harassed were copying Western dress, "so ... some girls are harassed, these kinds of things do happen."'
        };

Domain: npr.org
Response:
{"id":"1622501708043673_1640806639546513"}

MSN
-----------------------------

CNN Politics
-----------------------------

The Daily Show
-----------------------------

Daily Kos
-----------------------------

Yahoo News
-----------------------------
$VAR1 = {
          'link' => 'https://www.yahoo.com/style/man-describes-shoppers-wearing-pajamas-as-disgusting-220011054.html',
          'created_time' => '2017-01-07T01:40:01+0000',
          'name' => 'Yahoo Style + Beauty',
          'id' => '338028696036_10155077740316037',
          'message' => 'Is this actually a problem?'
        };

The Guardian
-----------------------------

CNN
-----------------------------

Slate.com
-----------------------------
$VAR1 = {
          'link' => 'http://slate.me/2hZSllJ',
          'caption' => 'slate.com',
          'created_time' => '2017-01-07T01:32:03+0000',
          'name' => "Let\x{2019}s Banish the Phrase Creative Writing",
          'id' => '21516776437_10154737065376438',
          'message' => "It\x{2019}s time to stop devaluing the forms of writing most people engage in."
        };

Domain: slate.com
Response:
{"id":"1622501708043673_1640806702879840"}

the AP
-----------------------------

Sean Hannity
-----------------------------

The Ed Schultz Show
-----------------------------

The Atlantic
-----------------------------

Bloomberg
-----------------------------

BuzzFeed
-----------------------------

Fox News
-----------------------------
$VAR1 = {
          'link' => 'http://www.foxnews.com/us/2017/01/06/judge-denies-bail-for-4-suspects-in-chicago-torture-video.html',
          'caption' => 'foxnews.com',
          'created_time' => '2017-01-07T01:36:32+0000',
          'name' => 'Judge Denies Bail for 4 Suspects in Chicago Torture Video',
          'id' => '15704546335_10154974256391336',
          'message' => 'The four appeared before Cook County Associate Judge Maria Kuriakos Ciesil who asked them, "Where was your sense of decency?"'
        };

Domain: foxnews.com
Response:
{"id":"1622501708043673_1640807032879807"}

VICE
-----------------------------
$VAR1 = {
          'link' => 'https://www.vice.com/en_us/article/how-social-media-changed-celebrity-deaths-in-2016?utm_source=vicefbus',
          'caption' => 'www.vice.com',
          'created_time' => '2017-01-07T01:41:01+0000',
          'name' => 'How Social Media Changed Celebrity Deaths in 2016',
          'id' => '167115176655082_1519784961388090',
          'message' => "\"When they die, I will grieve not only the idea that they cannot create any more music, but also\x{2026}what?  I think I will grieve again for the loss of who I was at that time. I can never go back.\""
        };

Domain: vice.com

Glenn Beck
-----------------------------

The Other 98%
-----------------------------


Total Posts Made:	7


