***********************************************************************************
Started at 13:30:02 on 00/04/2017
***********************************************************************************
Querying souces from the past 15 minutes....

Al Jazeera
-----------------------------

Upworthy
-----------------------------
$VAR1 = {
          'link' => 'https://www.facebook.com/Upworthy/videos/1560651127309073/',
          'created_time' => '2017-01-04T18:20:00+0000',
          'id' => '354522044588660_1560651127309073',
          'message' => 'Free entry and 45 electricity-free attractions: This 79-year-old man created a totally unique amusement park. (via Zoomin.TV)'
        };

The Huffington Post
-----------------------------
$VAR1 = {
          'link' => 'https://www.facebook.com/HuffPostPolitics/videos/10154673076162911/',
          'created_time' => '2017-01-04T18:26:56+0000',
          'name' => 'HuffPost Politics',
          'id' => '18468761129_10154579425196130'
        };

HuffPost Women
-----------------------------
$VAR1 = {
          'link' => 'http://huff.to/2hQUXPi',
          'caption' => 'huffingtonpost.com',
          'created_time' => '2017-01-04T18:19:27+0000',
          'name' => 'More Americans Than Ever Oppose Overturning Roe v. Wade',
          'id' => '153213781413350_1263673457034038',
          'message' => 'Listen up, Pence and Trump.'
        };

Domain: huffingtonpost.com
Response:
{"id":"1622501708043673_1640038749623302"}

PBS News Hour
-----------------------------
$VAR1 = {
          'link' => 'http://www.pbs.org/newshour/rundown/pence-obama-meetings-health-care/',
          'caption' => 'pbs.org',
          'created_time' => '2017-01-04T18:28:04+0000',
          'name' => 'Pence, Obama in dueling meetings at Capitol on Affordable Care Act',
          'id' => '6491828674_10154944016358675',
          'message' => 'Minutes before Obama and Pence met with lawmakers, President-elect Trump tweeted that voters are faulting Democrats for the health care law and its rising premiums, deductibles and other problems.'
        };

Domain: pbs.org
Response:
{"id":"1622501708043673_1640038852956625"}

ATTN:
-----------------------------
$VAR1 = {
          'link' => 'http://www.attn.com/stories/13969/denmark-no-longer-labels-transgender-mental-illness?utm_source=facebook&utm_medium=post&utm_campaign=internal',
          'caption' => 'attn.com',
          'created_time' => '2017-01-04T18:21:00+0000',
          'name' => 'Being Transgender Is Still Considered a Mental Illness in All but One Country',
          'id' => '160389977329803_1247099055325551',
          'message' => 'This is shameful.'
        };

Domain: attn.com

Reuters
-----------------------------

NowThis
-----------------------------
$VAR1 = {
          'link' => 'https://www.facebook.com/NowThisHer/videos/951904914940384/',
          'created_time' => '2017-01-04T18:30:00+0000',
          'name' => 'NowThis Her',
          'id' => '341163402640457_1292137764209678',
          'message' => 'See how some of the world\'s most successful women got their start'
        };

Daily Caller
-----------------------------
$VAR1 = {
          'link' => 'http://trib.al/avx6prS',
          'caption' => 'dailycaller.com',
          'created_time' => '2017-01-04T18:16:19+0000',
          'name' => 'Barack Obama Just Had His Last Meeting With The Military. Here\'s What He Told Them About Donald Trump.',
          'id' => '182919686769_10154108341631770',
          'message' => 'Barack Obama brought up the next president during this meeting today.'
        };

Domain: dailycaller.com

CNBC
-----------------------------
$VAR1 = {
          'link' => 'http://cnb.cx/2hQmNva',
          'caption' => 'cnbc.com',
          'created_time' => '2017-01-04T18:27:04+0000',
          'name' => 'Sears closing more unprofitable stores',
          'id' => '97212224368_10155070095189369',
          'message' => 'Sears can\'t catch a break.'
        };

Domain: cnbc.com
$VAR1 = {
          'link' => 'http://cnb.cx/2hQUwoh',
          'caption' => 'cnbc.com',
          'created_time' => '2017-01-04T18:25:18+0000',
          'name' => "Oprah announces \x{2014} again \x{2014} she shed pounds; Weight Watchers shares surge as much as 26%",
          'id' => '97212224368_10155070090024369',
          'message' => 'Oprah Winfrey\'s weight loss is so powerful, it moves markets.'
        };

Domain: cnbc.com

The Onion
-----------------------------

Opposing Views
-----------------------------
$VAR1 = {
          'link' => 'https://www.opposingviews.com/i/social/kylie-jenner-sparking-controversy-after-people-noticed-one-massive-problem-her-2017',
          'caption' => 'opposingviews.com',
          'created_time' => '2017-01-04T18:30:00+0000',
          'name' => 'Kylie Jenner Sparks Controversy After People Notice Something About Her Calendar; Look Closer',
          'id' => '34226391050_10154400474616051',
          'message' => 'Kylie Jenner is sparking controversy after people noticed one massive problem with her 2017 calendar. Take a closer look and see if you can spot it.'
        };

Domain: opposingviews.com

the Today Show
-----------------------------

Kotaku
-----------------------------
$VAR1 = {
          'link' => 'http://trib.al/taAresG',
          'caption' => 'kotaku.com',
          'created_time' => '2017-01-04T18:19:48+0000',
          'name' => "Mass Effect: Andromeda\x{2019}s new North American release date is Tuesday, March 21, 2017 for the PS4, Xbo",
          'id' => '273824104039_10154995289519040',
          'message' => 'Start clearing out your calendar now.'
        };

Domain: kotaku.com

Washington Post
-----------------------------
$VAR1 = {
          'link' => 'https://www.washingtonpost.com/posteverything/wp/2017/01/04/liberal-churches-are-dying-but-conservative-churches-are-thriving/?tid=sm_fb&utm_term=.d57ca12cd013',
          'caption' => 'washingtonpost.com',
          'created_time' => '2017-01-04T18:30:01+0000',
          'name' => 'Liberal churches are dying. But conservative churches are thriving.',
          'id' => '6250307292_10154615932952293',
          'message' => '"Conservative churches are still growing, while less orthodox congregations dwindle away." 

via Washington Post Opinions, Outlook, and PostEverything'
        };

Domain: washingtonpost.com
Response:
{"id":"1622501708043673_1640038962956614"}

the American Center for Law and Justice
-----------------------------

VICE News
-----------------------------
$VAR1 = {
          'link' => 'https://news.vice.com/story/dylann-roof-to-jury-theres-nothing-wrong-with-me-psychologically?utm_source=vicenewstwitter',
          'caption' => 'news.vice.com',
          'created_time' => '2017-01-04T18:22:00+0000',
          'name' => "Dylann Roof to jury: \x{201c}There\x{2019}s nothing wrong with me psychologically.\x{201d}",
          'id' => '235852889908002_716733365153283',
          'message' => 'Dylann Roof spoke to the jury on the first day of his sentencing trial.'
        };

Domain: vice.com

PBS
-----------------------------

Mother Jones
-----------------------------

HuffPost Good News
-----------------------------

BBC News
-----------------------------

Breaking News
-----------------------------

The Verge
-----------------------------
$VAR1 = {
          'link' => 'http://www.theverge.com/2017/1/4/14164566/mass-effect-andromeda-release-date-xbox-ps4-pc',
          'caption' => 'theverge.com',
          'created_time' => '2017-01-04T18:30:00+0000',
          'name' => 'Mass Effect: Andromeda is launching on March 21st',
          'id' => '193742123995472_1306754022694271',
          'message' => "BioWare describes Andromeda as \x{201c}the most ambitious Mass Effect game to date.\""
        };

Domain: theverge.com
$VAR1 = {
          'link' => 'https://www.facebook.com/circuitbreaker/videos/1665832213709601/',
          'created_time' => '2017-01-04T18:16:14+0000',
          'name' => 'Circuit Breaker',
          'id' => '193742123995472_1306756742693999',
          'message' => 'This device finally lets your cat avoid all human interaction.'
        };

New York Magazine
-----------------------------
$VAR1 = {
          'link' => 'http://nym.ag/2ib1Snw',
          'caption' => 'nymag.com',
          'created_time' => '2017-01-04T18:25:43+0000',
          'name' => 'China Would Like Trump to Stop Conducting Diplomacy Over Twitter',
          'id' => '14516439825_10154924856879826',
          'message' => 'Chinese state media essentially advised the president-elect to delete his account.'
        };

Domain: nymag.com

TIME
-----------------------------

the Business Insider
-----------------------------
$VAR1 = {
          'link' => 'http://www.businessinsider.com/trevor-noah-putin-response-to-the-us-retaliation-2017-1',
          'caption' => 'businessinsider.com',
          'created_time' => '2017-01-04T18:30:00+0000',
          'name' => 'Trevor Noah: Why Putin\'s response to the US is the \'ultimate retaliation\'',
          'id' => '20446254070_10154256470899071',
          'message' => "Trevor Noah: \x{201c}Telling someone they have to stay in Russia? That is punishment!\x{201d}"
        };

Domain: businessinsider.com
$VAR1 = {
          'link' => 'http://read.bi/2hR8kiy',
          'caption' => 'businessinsider.com',
          'created_time' => '2017-01-04T18:19:54+0000',
          'name' => 'Trump to meet with CIA, FBI, and DNI chiefs on Friday',
          'id' => '20446254070_10154257169489071',
          'message' => 'Trump has said his briefing on Russian cyberattacks was delayed.'
        };

Domain: businessinsider.com

ThinkProgress
-----------------------------
$VAR1 = {
          'link' => 'https://thinkprogress.org/washington-state-denies-sublease-for-coal-export-terminal-b54a267c3dc5#.y5kp0vt21',
          'caption' => 'thinkprogress.org',
          'created_time' => '2017-01-04T18:30:00+0000',
          'name' => 'Washington state denies lease permit for proposed coal export terminal',
          'id' => '200137333331078_1489917987686333',
          'message' => 'This is huge blow to the viability of coal on the West Coast'
        };

Domain: thinkprogress.org
Response:
{"id":"1622501708043673_1640039219623255"}

POLITICO
-----------------------------
$VAR1 = {
          'link' => 'http://politi.co/2iAT8tL',
          'caption' => 'politi.co',
          'created_time' => '2017-01-04T18:17:07+0000',
          'name' => 'Lindsey Graham: Trump citing Assange on hacking \'very disturbing\'',
          'id' => '62317591679_10154168627716680',
          'message' => "Lindsey Graham also said \x{201c}you don\x{2019}t have to be Sherlock Holmes to figure out what the Russians are up to.\x{201d}"
        };

Domain: politi.co

Alias: politico.com
Response:
{"id":"1622501708043673_1640039329623244"}

USA TODAY
-----------------------------
$VAR1 = {
          'link' => 'http://usat.ly/2j4BhZg',
          'caption' => 'usatoday.com',
          'created_time' => '2017-01-04T18:20:00+0000',
          'name' => 'Man follows hunch, says he\'s uncovered lost city',
          'id' => '13652355666_10154250132975667',
          'message' => 'New year, new city?'
        };

Domain: usatoday.com
Response:
{"id":"1622501708043673_1640039419623235"}

American News
-----------------------------

ABC News
-----------------------------
$VAR1 = {
          'link' => 'https://www.facebook.com/ABCNews/videos/10155220909693812/',
          'created_time' => '2017-01-04T18:25:29+0000',
          'name' => 'Truth and Lies: The Menendez Brothers',
          'id' => '86680728811_10155220909693812',
          'message' => 'TOMORROW ON ABC News: Inside the Menendez brothers\' story, 27 years after they killed their parents in Beverly Hills. http://abcn.ws/2iIUGmh'
        };
$VAR1 = {
          'link' => 'http://abcn.ws/2iazq56',
          'caption' => 'abcnews.go.com',
          'created_time' => '2017-01-04T18:22:54+0000',
          'name' => 'Former Trump Adversary Joins Administration\'s Diversity Coalition',
          'id' => '86680728811_10155220901048812',
          'message' => 'President-elect Donald J. Trump\'s national diversity coalition has a new - and previously adversarial - adviser: U.S. Hispanic Chamber of Commerce president Javier Palomarez.'
        };

Domain: go.com
Response:
{"id":"1622501708043673_1640039476289896"}

HuffPost Politics
-----------------------------
$VAR1 = {
          'link' => 'https://www.facebook.com/HuffPostPolitics/videos/10154673076162911/',
          'created_time' => '2017-01-04T18:25:40+0000',
          'id' => '56845382910_10154673076162911',
          'message' => 'House Minority Leader Nancy Pelosi welcomes the Democratic women of the house to highlight the historic swearing-in of 65 House Democratic women to the 115th Congress.'
        };

NBC News
-----------------------------
$VAR1 = {
          'link' => 'http://nbcnews.to/2hT2G2J',
          'caption' => 'nbcnews.com',
          'created_time' => '2017-01-04T18:20:06+0000',
          'name' => 'California to former Attorney General Eric Holder: "You\'re hired"',
          'id' => '155869377766434_1653354484684575',
          'message' => 'Holder was hired by California for potential legal battles with the incoming Donald J. Trump administration.'
        };

Domain: nbcnews.com
Response:
{"id":"1622501708043673_1640039602956550"}

AJ+
-----------------------------

Wikileaks
-----------------------------

CNNMoney
-----------------------------
$VAR1 = {
          'link' => 'https://www.facebook.com/cnnmoney/videos/10154252896183067/',
          'created_time' => '2017-01-04T18:18:27+0000',
          'name' => 'CNNMoney: One global business team',
          'id' => '6651543066_10154252896183067',
          'message' => "It\x{2019}s the biggest market there is. And \@CNNMoney is there. http://cnnmon.ie/2i7WXUx"
        };

ABC News Politics
-----------------------------

Right Wing News
-----------------------------

The Wall Street Journal
-----------------------------
$VAR1 = {
          'link' => 'http://on.wsj.com/2hR2WMt',
          'caption' => 'wsj.com',
          'created_time' => '2017-01-04T18:20:09+0000',
          'name' => 'The Secret to a Career in an RV: Always Be Reselling',
          'id' => '8304333127_10155230566083128',
          'message' => 'Meet the traveling salespeople for the digital age: Deal-hunters armed with barcode-scanning and price-comparison apps and RVs serving as mobile retail-distribution centers.'
        };

Domain: wsj.com
Response:
{"id":"1622501708043673_1640039742956536"}

MSNBC
-----------------------------

the Drudge Report
-----------------------------

Mic
-----------------------------
$VAR1 = {
          'link' => 'https://mic.com/articles/164169/trump-s-america-already-looks-like-an-african-kleptocracy?utm_source=policymicFB&utm_medium=main&utm_campaign=social',
          'caption' => 'mic.com',
          'created_time' => '2017-01-04T18:26:16+0000',
          'name' => 'After decades of lecturing Africa for corruption, America just learned its lesson',
          'id' => '174742062548592_1352687308087389',
          'message' => "America's supposed moral authority over \"corrupt\" African countries \x{2014} always suspect \x{2014} is now a complete joke."
        };

Domain: mic.com

The Economist
-----------------------------

Bloomberg Politics
-----------------------------

CBS News
-----------------------------
$VAR1 = {
          'link' => 'http://cbsn.ws/2hQRNjs',
          'caption' => 'www.cbsnews.com',
          'created_time' => '2017-01-04T18:20:02+0000',
          'name' => 'New lava viewing area opens in Hawaii, days after large lava delta collapse',
          'id' => '131459315949_10154236984975950',
          'message' => 'There\'s a new lava viewing area on the Big Island after a large section of lava crumbled into the ocean.'
        };

Domain: cbsnews.com
Response:
{"id":"1622501708043673_1640039852956525"}

The Young Turks
-----------------------------

Occupy Democrats
-----------------------------

CBC News
-----------------------------
$VAR1 = {
          'link' => 'http://www.cbc.ca/news/politics/scheer-oleary-french-1.3919611',
          'caption' => 'cbc.ca',
          'created_time' => '2017-01-04T18:30:00+0000',
          'name' => 'Scheer accuses O\'Leary of trying to dodge Conservative French debate',
          'id' => '5823419603_10155016357599604',
          'message' => 'Kevin O\'Leary doesn\'t speak French and doesn\'t think he needs to in order to communicate with Quebecers.'
        };

Newsweek
-----------------------------
$VAR1 = {
          'link' => 'http://www.newsweek.com/james-woods-coke-addict-defamation-lawsuit-538494',
          'caption' => 'newsweek.com',
          'created_time' => '2017-01-04T18:20:00+0000',
          'name' => 'Why is actor James Woods ruthlessly pursuing a lawsuit against a dead guy?',
          'id' => '18343191100_10154755136366101',
          'message' => 'It all started with a tweet.'
        };

Domain: newsweek.com

CNN International
-----------------------------

The New Yorker
-----------------------------

Rush Limbaugh
-----------------------------

The Independent
-----------------------------
$VAR1 = {
          'link' => 'http://www.independent.co.uk/news/science/fast-radio-bursts-alien-messages-galaxy-australia-extraterrestrials-a7509631.html',
          'caption' => 'independent.co.uk',
          'created_time' => '2017-01-04T18:16:01+0000',
          'name' => 'Scientists pick up mysterious short radio signal from dwarf galaxy three billion light years away',
          'id' => '13312631635_10154358935111636',
          'message' => 'BREAKING'
        };

Domain: independent.co.uk

TheBlaze
-----------------------------

NPR Politics
-----------------------------

The New York Times
-----------------------------
$VAR1 = {
          'link' => 'https://www.nytimes.com/2017/01/04/magazine/cyberwar-for-sale.html?smid=fb-nytimes&smtyp=cur',
          'caption' => 'nytimes.com',
          'created_time' => '2017-01-04T18:25:00+0000',
          'name' => 'Cyberwar for Sale',
          'id' => '5281959998_10151037348734999',
          'message' => "A shadowy global industry has turned email theft into a terrifying \x{2014} and lucrative \x{2014} political weapon."
        };

Domain: nytimes.com
Response:
{"id":"1622501708043673_1640039919623185"}
$VAR1 = {
          'link' => 'https://www.facebook.com/nytopinion/videos/1546955521986065/',
          'created_time' => '2017-01-04T18:16:00+0000',
          'name' => 'The New York Times Opinion Section',
          'id' => '5281959998_10151037381609999',
          'message' => 'Can you go a month without added sugars? Op-Ed columnist David Leonhardt eliminated them for a month and found the experience to be valuable. He\'s here to discuss the sugar (or lack thereof) in some well-known food brands. He\'ll also answer your questions about how and why to reduce sugar consumption.'
        };

NPR
-----------------------------

MSN
-----------------------------

CNN Politics
-----------------------------

The Daily Show
-----------------------------

Daily Kos
-----------------------------
$VAR1 = {
          'link' => 'http://www.dailykos.com/stories/2017/1/4/1616768/-Republicans-introduce-measure-to-make-it-easier-to-give-away-federal-lands-for-free?detail=facebook',
          'caption' => 'dailykos.com',
          'created_time' => '2017-01-04T18:30:00+0000',
          'name' => "Republicans introduce measure to make it easier to give away federal lands\x{2014}for free",
          'id' => '43179984254_10155036904779255',
          'message' => 'The Republican Congress seems quite determined to be every bit as crooked and corruptible as their worst critics painted them to be.'
        };

Domain: dailykos.com
Response:
{"id":"1622501708043673_1640040049623172"}

Yahoo News
-----------------------------
$VAR1 = {
          'link' => 'https://yhoo.it/2iM8Q2k',
          'created_time' => '2017-01-04T18:20:02+0000',
          'name' => 'Yahoo Finance',
          'id' => '338028696036_10155070672886037',
          'message' => '"...prospects for a recession or a weak economy toward the end of his term are going to rise."'
        };

The Guardian
-----------------------------
$VAR1 = {
          'link' => 'https://www.theguardian.com/film/2017/jan/03/why-a-film-celebrating-mcdonalds-is-the-perfect-start-for-trump-cinema?CMP=fb_gu',
          'caption' => 'theguardian.com',
          'created_time' => '2017-01-04T18:20:00+0000',
          'name' => 'Why a film celebrating McDonald\'s is the perfect start for Trump cinema',
          'id' => '10513336322_10154918992471323',
          'message' => "\"Cinema has always been in tune with Trump. It\x{2019}s an intensely capitalist business, mythologising capitalism, famously run by (and often celebrating) charming/horrible male monsters letting their id run riot.\""
        };

Domain: theguardian.com
Response:
{"id":"1622501708043673_1640040146289829"}

CNN
-----------------------------
$VAR1 = {
          'link' => 'https://www.facebook.com/cnn/videos/10155862571801509/',
          'created_time' => '2017-01-04T18:26:40+0000',
          'name' => 'Saudi music video on women\'s rights goes viral',
          'id' => '5550296508_10155862571801509',
          'message' => 'This music video that promotes women\'s rights in Saudi Arabia, featuring women singing "if only God would rid us of men," is going viral with 2.5 million views and counting http://cnn.it/2ibir2M'
        };

Slate.com
-----------------------------

the AP
-----------------------------

Sean Hannity
-----------------------------

The Ed Schultz Show
-----------------------------

The Atlantic
-----------------------------

Bloomberg
-----------------------------
$VAR1 = {
          'link' => 'http://bloom.bg/2iQ56Ob',
          'caption' => 'bloomberg.com',
          'created_time' => '2017-01-04T18:22:26+0000',
          'name' => 'BMW Is Sending Self-Driving Cars on The Road This Year',
          'id' => '266790296879_10154902469046880',
          'message' => '40 BMW sedans will operate in cities in U.S. and Europe.'
        };

Domain: bloomberg.com
Response:
{"id":"1622501708043673_1640040242956486"}

BuzzFeed
-----------------------------

Fox News
-----------------------------
$VAR1 = {
          'link' => 'http://insider.foxnews.com/2017/01/04/representatives-son-dabs-paul-ryan-photo',
          'caption' => 'insider.foxnews.com',
          'created_time' => '2017-01-04T18:18:57+0000',
          'name' => 'A Congressman\'s Son Dressed Like Ken Bone, \'Dabbed\' in Front of Paul Ryan',
          'id' => '15704546335_10154967287676336',
          'message' => 'The congressman later tweeted, "Just so you know Speaker Paul Ryan: He\'s grounded."'
        };

Domain: foxnews.com
Response:
{"id":"1622501708043673_1640040332956477"}

VICE
-----------------------------
$VAR1 = {
          'link' => 'https://www.vice.com/en_us/article/hydroblowback-free-drugs-online-526?utm_source=vicefbus',
          'caption' => 'www.vice.com',
          'created_time' => '2017-01-04T18:16:30+0000',
          'name' => 'This Chemical Critic Was Given Thousands of Dollars Worth of Drugs for Free',
          'id' => '167115176655082_1516943958338857',
          'message' => '"As far as reviewing was concerned, it wasn\'t really to feed a certain addiction, it was just addiction to abusable drugs."'
        };

Domain: vice.com

Glenn Beck
-----------------------------

The Other 98%
-----------------------------
$VAR1 = {
          'link' => 'http://occupydemocrats.com/2017/01/04/trump-says-stopped-mexican-ford-plant-fords-response-perfect-3/',
          'caption' => 'occupydemocrats.com',
          'created_time' => '2017-01-04T18:26:46+0000',
          'name' => 'Trump Says He Stopped Mexican Ford Plant. Ford\'s Response Is Perfect',
          'id' => '114517875225866_1632228230121482',
          'message' => 'Caught in another lie.'
        };

Domain: occupydemocrats.com


Total Posts Made:	15


