***********************************************************************************
Started at 10:45:02 on 11/16/2016
***********************************************************************************
Querying souces from the past 15 minutes....

Al Jazeera
-----------------------------

Upworthy
-----------------------------

The Huffington Post
-----------------------------
$VAR1 = {
          'link' => 'http://huff.to/2hD8Lys',
          'caption' => 'huffingtonpost.com',
          'created_time' => '2016-12-16T15:30:53+0000',
          'name' => 'This Star-Packed Carpool Karaoke Is A Real Christmas Treat',
          'id' => '18468761129_10154518374156130',
          'message' => 'Mariah Carey! Adele! Lady Gaga! Elton John! What more could you ask for?!'
        };

Domain: huffingtonpost.com
Response:
{"id":"1622501708043673_1633327540294423"}

HuffPost Women
-----------------------------

PBS News Hour
-----------------------------

ATTN:
-----------------------------

Reuters
-----------------------------

NowThis
-----------------------------
$VAR1 = {
          'link' => 'https://www.facebook.com/WatchVuz/videos/1210178845734295/',
          'created_time' => '2016-12-16T15:31:24+0000',
          'name' => 'Vuz',
          'id' => '341163402640457_1267046640052124',
          'message' => 'This SWAT team made this little boy\'s Christmas'
        };

Daily Caller
-----------------------------
$VAR1 = {
          'link' => 'http://trib.al/7CAWCQ5',
          'caption' => 'dailycaller.com',
          'created_time' => '2016-12-16T15:41:34+0000',
          'name' => 'Mariah Carey Left Her House With Nothing But A Sheer Top On -- And Was Near Wardrobe Malfunction',
          'id' => '182919686769_10154052368511770',
          'message' => 'Mariah Carey is not shy about her curves.'
        };

Domain: dailycaller.com

CNBC
-----------------------------

The Onion
-----------------------------

Opposing Views
-----------------------------

the Today Show
-----------------------------

Kotaku
-----------------------------
$VAR1 = {
          'link' => 'http://trib.al/DeY2Yvi',
          'caption' => 'kotaku.com',
          'created_time' => '2016-12-16T15:32:04+0000',
          'name' => 'New, Witchy Film From Studio Ghibli Veterans Looks Just As Magical As Miyazaki\'s',
          'id' => '273824104039_10154931768869040',
          'message' => 'So many feels.'
        };

Domain: kotaku.com

Washington Post
-----------------------------

the American Center for Law and Justice
-----------------------------

VICE News
-----------------------------

PBS
-----------------------------

Mother Jones
-----------------------------

HuffPost Good News
-----------------------------

BBC News
-----------------------------

Breaking News
-----------------------------

The Verge
-----------------------------

New York Magazine
-----------------------------
$VAR1 = {
          'link' => 'http://nym.ag/2gIYRZS',
          'caption' => 'vulture.com',
          'created_time' => '2016-12-16T15:41:29+0000',
          'name' => 'Rogue One Is One of the Better Star Wars Movies, and It Actually Has an Ending',
          'id' => '14516439825_10154860779974826',
          'message' => "\"The movie didn\x{2019}t rekindle the thrill of seeing, say, The Empire Strikes Back, but Rogue One will loom pretty large in the Star Wars galaxy \x{2014} if only because there\x{2019}s so little competition.\""
        };

Domain: vulture.com

TIME
-----------------------------

the Business Insider
-----------------------------
$VAR1 = {
          'link' => 'http://read.bi/2hL1PCt',
          'caption' => 'businessinsider.com',
          'created_time' => '2016-12-16T15:39:57+0000',
          'name' => 'The top trending travel destinations of the year, according to Google',
          'id' => '20446254070_10154194198974071',
          'message' => 'Havana, Cuba was a popular one this year.'
        };

Domain: businessinsider.com

ThinkProgress
-----------------------------

POLITICO
-----------------------------
$VAR1 = {
          'link' => 'http://politi.co/2hCaxT6',
          'caption' => 'politi.co',
          'created_time' => '2016-12-16T15:43:06+0000',
          'name' => 'Cummings: We are in crisis mode',
          'id' => '62317591679_10154099411776680',
          'message' => '"This is a struggle for the soul of our democracy," Representative Elijah E. Cummings said.'
        };

Domain: politi.co

Alias: politico.com
Response:
{"id":"1622501708043673_1633327853627725"}

USA TODAY
-----------------------------
$VAR1 = {
          'link' => 'http://www.usatoday.com/story/news/nation-now/2016/12/16/inmate-escape-tennessee/95510438/',
          'caption' => 'usatoday.com',
          'created_time' => '2016-12-16T15:40:50+0000',
          'name' => '4 Tennessee inmates escape; 2 still on the run',
          'id' => '13652355666_10154171417160667',
          'message' => 'The robbery attempt followed the overnight escape of four inmates from the Jefferson County Work House in Dandridge, Tennessee.'
        };

Domain: usatoday.com
Response:
{"id":"1622501708043673_1633328010294376"}

American News
-----------------------------

ABC News
-----------------------------

HuffPost Politics
-----------------------------
$VAR1 = {
          'link' => 'http://huff.to/2hMal3X',
          'caption' => 'm.huffpost.com',
          'created_time' => '2016-12-16T15:30:07+0000',
          'name' => 'Trump Picks Hardline Attorney For Ambassador To Israel',
          'id' => '56845382910_10154612064812911',
          'message' => 'Another potentially controversial pick.'
        };

Domain: huffpost.com

NBC News
-----------------------------

AJ+
-----------------------------

Wikileaks
-----------------------------

CNNMoney
-----------------------------

ABC News Politics
-----------------------------
$VAR1 = {
          'link' => 'http://abcn.ws/2hBKZFC',
          'caption' => 'abcnews.go.com',
          'created_time' => '2016-12-16T15:40:34+0000',
          'name' => '16-Plus Arrested at NC Legislature Protesting GOP-Led Bills',
          'id' => '184096565021911_1127070880724470',
          'message' => 'North Carolina: 16 arrested after protesting bills at statehouse aimed at undermining powers of incoming Governor: http://abcn.ws/2hBKZFC'
        };

Domain: go.com
Response:
{"id":"1622501708043673_1633328140294363"}

Right Wing News
-----------------------------

The Wall Street Journal
-----------------------------
$VAR1 = {
          'link' => 'http://on.wsj.com/2gIVnGU',
          'caption' => 'wsj.com',
          'created_time' => '2016-12-16T15:40:09+0000',
          'name' => "Look Who\x{2019}s Back! Microsoft, Rebooted, Emerges as a Tech Leader",
          'id' => '8304333127_10155120277338128',
          'message' => "Microsoft is shaping up to be the only pre-internet tech giant to escape the decline of its legacy product\x{2014}the Windows PC operating system\x{2014}and emerge as a leader in the new era of cloud computing."
        };

Domain: wsj.com
Response:
{"id":"1622501708043673_1633328236961020"}

MSNBC
-----------------------------
$VAR1 = {
          'link' => 'http://on.msnbc.com/2hrB84r',
          'caption' => 'msnbc.com',
          'created_time' => '2016-12-16T15:45:12+0000',
          'name' => "State Attorneys General: We\x{2019}re ready to fight Trump",
          'id' => '273864989376427_1394734997289415',
          'message' => 'New York State Attorney General Eric Schneiderman says he\'ll sue if Trump violates the Constitution.'
        };

Domain: msnbc.com
Response:
{"id":"1622501708043673_1633328293627681"}

the Drudge Report
-----------------------------

Mic
-----------------------------

The Economist
-----------------------------
$VAR1 = {
          'link' => 'http://econ.st/2hClEZJ',
          'caption' => 'economist.com',
          'created_time' => '2016-12-16T15:31:17+0000',
          'name' => "South Korea\x{2019}s president fights impeachment and other demons",
          'id' => '6013004059_10154890864494060',
          'message' => "Park Geun-hye\x{2019}s story encompasses all the elements of Greek tragedy. The only element that is missing is the pity of the audience"
        };

Domain: economist.com
Response:
{"id":"1622501708043673_1633328386961005"}

Bloomberg Politics
-----------------------------

CBS News
-----------------------------
$VAR1 = {
          'link' => 'http://cbsn.ws/2hD9Gz2',
          'caption' => 'www.cbsnews.com',
          'created_time' => '2016-12-16T15:38:01+0000',
          'name' => 'Plans have changed for house where Hitler was born',
          'id' => '131459315949_10154177294330950',
          'message' => 'Government officials have decided to transform the home where Adolf Hitler was born into a base for a charity.'
        };

Domain: cbsnews.com
Response:
{"id":"1622501708043673_1633328486960995"}

The Young Turks
-----------------------------

Occupy Democrats
-----------------------------

CBC News
-----------------------------
$VAR1 = {
          'link' => 'https://www.facebook.com/cbcnews/videos/10154950275229604/',
          'created_time' => '2016-12-16T15:43:29+0000',
          'name' => 'Trudeau makes joint announcement with Philippe Couillard',
          'id' => '5823419603_10154950275229604',
          'message' => 'WATCH LIVE: Justin Trudeau and Quebec Premier Philippe Couillard make a joint announcement http://www.cbc.ca/1.2869687'
        };

Newsweek
-----------------------------

CNN International
-----------------------------

The New Yorker
-----------------------------

Rush Limbaugh
-----------------------------

The Independent
-----------------------------
$VAR1 = {
          'link' => 'http://www.independent.co.uk/news/business/news/brexit-japanese-banks-philip-hammond-move-uk-to-eu-jobs-government-position-a7478771.html?cmpid=facebook-post',
          'caption' => 'independent.co.uk',
          'created_time' => '2016-12-16T15:41:06+0000',
          'name' => "Japanese banks \x{2018}will begin leaving UK\x{2019} in six months over Brexit fears",
          'id' => '13312631635_10154295352081636',
          'message' => 'It\'s happening'
        };

Domain: independent.co.uk

TheBlaze
-----------------------------
$VAR1 = {
          'link' => 'http://www.theblaze.com/news/2016/12/16/muslim-businessman-erects-tallest-christmas-tree-in-baghdad-to-show-solidarity-with-christians/',
          'caption' => 'www.theblaze.com',
          'created_time' => '2016-12-16T15:45:03+0000',
          'name' => 'Muslim businessman erects tallest Christmas tree in Baghdad to show solidarity with Christians',
          'id' => '140738092630206_1303307423039928',
          'message' => 'Awesome.'
        };

Domain: theblaze.com
Response:
{"id":"1622501708043673_1633328616960982"}

NPR Politics
-----------------------------
$VAR1 = {
          'link' => 'http://www.npr.org/2016/12/16/504988900/york-project-revisited-2008-voters-weigh-in-on-2016-race',
          'caption' => 'npr.org',
          'created_time' => '2016-12-16T15:40:00+0000',
          'name' => '\'York Project\' Revisited: 2008 Voters Weigh In On 2016 Race',
          'id' => '1604383669807606_1831543023758335',
          'message' => 'NPR revisits four voters whom we first met as Barack Obama was campaigning for president. They reflect on the past 8 years and react to Donald Trump\'s victory.'
        };

Domain: npr.org
Response:
{"id":"1622501708043673_1633328740294303"}

The New York Times
-----------------------------
$VAR1 = {
          'link' => 'http://www.nytimes.com/2016/12/16/opinion/enough-conflicts-to-fill-the-white-house.html?smid=fb-nytimes&smtyp=cur',
          'caption' => 'nytimes.com',
          'created_time' => '2016-12-16T15:40:00+0000',
          'name' => 'Enough Conflicts to Fill the White House',
          'id' => '5281959998_10151012275254999',
          'message' => 'Donald J. Trump "has to know that divesting is more, much more, than \'visually important,\'" the Editorial Board writes in The New York Times Opinion Section.'
        };

Domain: nytimes.com
Response:
{"id":"1622501708043673_1633328933627617"}

NPR
-----------------------------
$VAR1 = {
          'link' => 'http://www.npr.org/sections/thetwo-way/2016/12/16/505727648/tickled-pink-scientists-have-determined-what-a-happy-rat-looks-like?utm_source=facebook.com&utm_medium=social&utm_campaign=npr&utm_term=nprnews&utm_content=2044',
          'caption' => 'npr.org',
          'created_time' => '2016-12-16T15:31:04+0000',
          'name' => 'Tickled Pink: Scientists Have Determined What A Happy Rat Looks Like',
          'id' => '10643211755_10155084131871756',
          'message' => 'A rat\'s ears are more pinkish and are at a more relaxed angle when it is experiencing positive emotions, according to a new study.'
        };

Domain: npr.org
Response:
{"id":"1622501708043673_1633329083627602"}

MSN
-----------------------------

CNN Politics
-----------------------------

The Daily Show
-----------------------------

Daily Kos
-----------------------------

Yahoo News
-----------------------------
$VAR1 = {
          'link' => 'https://yhoo.it/2hrU17o',
          'caption' => 'yahoo.com',
          'created_time' => '2016-12-16T15:40:03+0000',
          'name' => 'Trump signals approval of DNC hack for the information it revealed',
          'id' => '338028696036_10154996149366037',
          'message' => '"Are we talking about the same cyberattack where it was revealed that head of the DNC illegally gave Hillary Clinton the questions to the debate?" - Donald J. Trump'
        };

Domain: yahoo.com
Response:
{"id":"1622501708043673_1633329250294252"}

The Guardian
-----------------------------
$VAR1 = {
          'link' => 'https://www.theguardian.com/artanddesign/2016/dec/16/house-year-richard-murphy-edinburgh-townhouse-riba-wallace-and-gromit?CMP=fb_gu',
          'caption' => 'theguardian.com',
          'created_time' => '2016-12-16T15:40:00+0000',
          'name' => 'House of the Year: a cave of wonders worthy of Wallace and Gromit',
          'id' => '10513336322_10154849596296323',
          'message' => "\"The walls don\x{2019}t simply rise to the ceiling, but make their way there via a series of staggered ledges and shelves and clerestory glass panels.\""
        };

Domain: theguardian.com
Response:
{"id":"1622501708043673_1633329420294235"}

CNN
-----------------------------
$VAR1 = {
          'link' => 'http://cnn.it/2gRTL2w',
          'caption' => 'www.cnn.com',
          'created_time' => '2016-12-16T15:45:01+0000',
          'name' => 'Russian hacking activity continues unabated',
          'id' => '5550296508_10155765646561509',
          'message' => '"It\'s not like the one and done deal here. They continue to engage in this operation around the clock."'
        };

Domain: cnn.com
Response:
{"id":"1622501708043673_1633329590294218"}
$VAR1 = {
          'link' => 'https://www.facebook.com/cnn/videos/10155765595926509/',
          'created_time' => '2016-12-16T15:34:31+0000',
          'name' => 'Next blast of arctic air will bring more blistering cold tempe...',
          'id' => '5550296508_10155765595926509',
          'message' => 'Nearly 80% of the country will see below-freezing temperatures in the next week. Bone-chilling winds breeze through New York\'s Central park on this Friday. Stay warm out there http://cnn.it/2hWiRJI'
        };

Slate.com
-----------------------------

the AP
-----------------------------

Sean Hannity
-----------------------------

The Ed Schultz Show
-----------------------------
$VAR1 = {
          'link' => 'https://www.facebook.com/edschultzshow/videos/10154338522420326/',
          'created_time' => '2016-12-16T15:34:06+0000',
          'name' => 'Ed Schultz News and Commentary: Thursday the 15th of December',
          'id' => '31709165325_10154338522420326',
          'message' => 'Earlier this week, Ed gave an extended interview to David Folkenflik of NPR\'s "All Things Considered" regarding the allegations of Russian meddling in the 2016 election and Ed\'s role with RT America. From the interview that spanned nearly 40 minutes, the NPR program aired a 4 minute segment that featured a few small bites of Ed. We recorded the entire interview (with the approval of Folkenflik). Here is an unedited version of that interview. 

Note: Ed is often looking down, He is doing the interview via Skype with Mr. Folkenflik, so he is looking down into a computer that is in front of him.'
        };

The Atlantic
-----------------------------

Bloomberg
-----------------------------
$VAR1 = {
          'link' => 'https://itunes.apple.com/us/app/id281941097',
          'caption' => 'Over 1 million people use this',
          'created_time' => '2016-12-16T15:40:05+0000',
          'name' => 'Bloomberg',
          'id' => '266790296879_10154837996496880',
          'message' => 'Donald Trump\'s team is filling up. Here\'s what it looks like so far.'
        };

BuzzFeed
-----------------------------

Fox News
-----------------------------
$VAR1 = {
          'link' => 'http://insider.foxnews.com/2016/12/16/florida-football-coach-reprimanded-kneeling-players-prayer',
          'caption' => 'insider.foxnews.com',
          'created_time' => '2016-12-16T15:33:13+0000',
          'name' => 'Middle School Coach Reprimanded After Kneeling With Players in Prayer',
          'id' => '15704546335_10154901028651336',
          'message' => 'According to the Wakulla County School Board, football coach Eddie Metcalf\'s "act of reverence" is against the law.'
        };

Domain: foxnews.com
Response:
{"id":"1622501708043673_1633329760294201"}

VICE
-----------------------------
$VAR1 = {
          'link' => 'http://www.vice.com/read/the-vice-morning-bulletin-12-16-16?utm_source=vicefbus',
          'caption' => 'www.vice.com',
          'created_time' => '2016-12-16T15:40:03+0000',
          'name' => 'The VICE Morning Bulletin',
          'id' => '167115176655082_1491093934257193',
          'message' => 'Researchers have named a rare plant after Jimi Hendrix and Method Man wrote a Christmas-themed Marvel comic.'
        };

Domain: vice.com

Glenn Beck
-----------------------------

The Other 98%
-----------------------------


Total Posts Made:	16


