***********************************************************************************
Started at 15:45:01 on 00/22/2017
***********************************************************************************
Querying souces from the past 15 minutes....

Al Jazeera
-----------------------------

Upworthy
-----------------------------
$VAR1 = {
          'link' => 'http://u.pw/2jux4iU',
          'caption' => 'upworthy.com',
          'created_time' => '2017-01-22T20:35:00+0000',
          'name' => '9 photos that document 7 years of mental illness in a really powerful way.',
          'id' => '354522044588660_1606098992764286',
          'message' => '"The images function like an ongoing conversation."'
        };

Domain: upworthy.com

The Huffington Post
-----------------------------
$VAR1 = {
          'link' => 'http://huff.to/2jFtAtX',
          'caption' => 'huffingtonpost.com',
          'created_time' => '2017-01-22T20:30:10+0000',
          'name' => '\'SNL\' Version Of Vladimir Putin Tries To Reassure Anxious Americans About President Trump',
          'id' => '18468761129_10154633363566130',
          'message' => "\x{1f602}\x{1f602}\x{1f602}"
        };

Domain: huffingtonpost.com
Response:
{"error":{"message":"It looks like you were misusing this feature by going too fast. You\u2019ve been blocked from using it.\n\nLearn more about blocks in the Help Center.","type":"OAuthException","code":368,"error_subcode":1390008,"error_user_msg":"","fbtrace_id":"EeuU+LgVehH"}}

Facebook ran into an error and the post was not published. Zach Muckerberg please fix. Try again in a few hours.

