***********************************************************************************
Started at 06:15:01 on 00/21/2017
***********************************************************************************
Querying souces from the past 15 minutes....

Al Jazeera
-----------------------------

Upworthy
-----------------------------

The Huffington Post
-----------------------------
$VAR1 = {
          'link' => 'http://huff.to/2jJvV9W',
          'caption' => 'huffingtonpost.com',
          'created_time' => '2017-01-21T11:00:27+0000',
          'name' => 'Watchdog Complaint: Trump Is Now In Breach Of His D.C. Hotel Lease',
          'id' => '18468761129_10154628337546130',
          'message' => "Donald J. Trump's hotel is in Washington\x{2019}s Old Post Office building, which is owned by the federal government."
        };

Domain: huffingtonpost.com
Response:
{"error":{"message":"It looks like you were misusing this feature by going too fast. You\u2019ve been blocked from using it.\n\nLearn more about blocks in the Help Center.","type":"OAuthException","code":368,"error_subcode":1390008,"error_user_msg":"","fbtrace_id":"ExX1b8tYCra"}}

Facebook ran into an error and the post was not published. Zach Muckerberg please fix. Try again in a few hours.

