***********************************************************************************
Started at 07:15:01 on 00/08/2017
***********************************************************************************
Querying souces from the past 15 minutes....

Al Jazeera
-----------------------------

Upworthy
-----------------------------

The Huffington Post
-----------------------------

HuffPost Women
-----------------------------

PBS News Hour
-----------------------------

ATTN:
-----------------------------
$VAR1 = {
          'link' => 'https://www.facebook.com/NowThisNews/videos/1294142007342587/',
          'created_time' => '2017-01-08T12:12:00+0000',
          'name' => 'NowThis',
          'id' => '160389977329803_1248963511805772',
          'message' => 'Vice President Biden won\'t stop fighting against sexual assault on college campuses.'
        };

Reuters
-----------------------------
$VAR1 = {
          'link' => 'http://reut.rs/2iW3jd4',
          'caption' => 'www.reuters.com',
          'created_time' => '2017-01-08T12:05:09+0000',
          'name' => 'China is confident economy grew 6.7 percent in 2016',
          'id' => '114050161948682_1354193501267669',
          'message' => 'China is confident to have reached an economic growth of 6.7 percent in 2016, within a targeted range set earlier in the year, Vice Finance Minister Zhu Guangyao said on Sunday.'
        };

Domain: reuters.com

NowThis
-----------------------------

Daily Caller
-----------------------------
$VAR1 = {
          'link' => 'http://trib.al/tPFZ3vp',
          'caption' => 'dailycaller.com',
          'created_time' => '2017-01-08T12:01:29+0000',
          'name' => 'Radical Queer Activist Arrested In Murder Of Woman At UC-Berkeley',
          'id' => '182919686769_10154118335011770',
          'message' => 'A radical left-wing activist is the prime suspect in a fatal stabbing, and all one of his friends cares about is that he\'s labeled by his preferred pronoun.'
        };

Domain: dailycaller.com

CNBC
-----------------------------
$VAR1 = {
          'link' => 'http://cnb.cx/2hYfIZj',
          'created_time' => '2017-01-08T12:05:11+0000',
          'name' => 'CNBC International',
          'id' => '97212224368_10155081343839369'
        };

The Onion
-----------------------------

Opposing Views
-----------------------------

the Today Show
-----------------------------

Kotaku
-----------------------------

Washington Post
-----------------------------

the American Center for Law and Justice
-----------------------------

VICE News
-----------------------------

PBS
-----------------------------

Mother Jones
-----------------------------

HuffPost Good News
-----------------------------

BBC News
-----------------------------

Breaking News
-----------------------------

The Verge
-----------------------------

New York Magazine
-----------------------------
$VAR1 = {
          'link' => 'http://nym.ag/2iZDG8w',
          'caption' => 'nymag.com',
          'created_time' => '2017-01-08T12:12:27+0000',
          'name' => '9 Things People Get Wrong About Planned Parenthood',
          'id' => '14516439825_10154936196814826',
          'message' => "A handy guide to nine things people get wrong about our nation\x{2019}s biggest women\x{2019}s-health-care provider."
        };

Domain: nymag.com

TIME
-----------------------------
$VAR1 = {
          'link' => 'http://ti.me/2ih2fjX',
          'caption' => 'time.com',
          'created_time' => '2017-01-08T12:00:56+0000',
          'name' => '5 Reasons to Skip a Workout, According to a Fitness Expert',
          'id' => '10606591490_10154331039046491',
          'message' => 'When is it okay to skip the gym?'
        };

Domain: time.com

the Business Insider
-----------------------------
$VAR1 = {
          'link' => 'http://read.bi/2jcQE1N',
          'caption' => 'businessinsider.com',
          'created_time' => '2017-01-08T12:15:03+0000',
          'name' => '5 secret iPhone features for power users',
          'id' => '20446254070_10154267531024071',
          'message' => 'We bet you don\'t know some of these secret iPhone features.'
        };

Domain: businessinsider.com

ThinkProgress
-----------------------------

POLITICO
-----------------------------

USA TODAY
-----------------------------

American News
-----------------------------

ABC News
-----------------------------

HuffPost Politics
-----------------------------
$VAR1 = {
          'link' => 'http://huff.to/2jouONe',
          'caption' => 'huffingtonpost.com',
          'created_time' => '2017-01-08T12:00:20+0000',
          'name' => 'Obama Called Inequality \'The Defining Challenge Of Our Time.\' He Didn\'t Do Much About It.',
          'id' => '56845382910_10154683667352911',
          'message' => 'During Obama\'s presidency, the bottom 99 percent have only recovered about two-thirds of the income losses they suffered in the Great Recession.'
        };

Domain: huffingtonpost.com
Response:
{"error":{"message":"It looks like you were misusing this feature by going too fast. You\u2019ve been blocked from using it.\n\nLearn more about blocks in the Help Center.","type":"OAuthException","code":368,"error_subcode":1390008,"error_user_msg":"","fbtrace_id":"Cc6iG9xVVEz"}}

Facebook ran into an error and the post was not published. Zach Muckerberg please fix. Try again in a few hours.

