***********************************************************************************
Started at 17:30:01 on 11/21/2016
***********************************************************************************
Querying souces from the past 15 minutes....

Al Jazeera
-----------------------------

Upworthy
-----------------------------

The Huffington Post
-----------------------------

HuffPost Women
-----------------------------
$VAR1 = {
          'link' => 'http://huff.to/2iflpms',
          'caption' => 'huffingtonpost.com',
          'created_time' => '2016-12-21T22:20:06+0000',
          'name' => 'The Subpoena That Rocked The Election Is Legal Garbage, Experts Say',
          'id' => '153213781413350_1247018872032830',
          'message' => 'The warrant assumes that the mere existence of emails from or to Hillary Clinton is probable cause that a crime occurred.'
        };

Domain: huffingtonpost.com
Response:
{"error":{"message":"It looks like you were misusing this feature by going too fast. You\u2019ve been blocked from using it.\n\nLearn more about blocks in the Help Center.","type":"OAuthException","code":368,"error_subcode":1390008,"error_user_msg":"","fbtrace_id":"HOiRg5oPCEV"}}

Facebook is being a bitch and won't let me publish. Muck Zack Fuckerberg. Try again in a few hours.

