***********************************************************************************
Started at 01:45:02 on 11/11/2016
***********************************************************************************
Querying souces from the past 15 minutes....

Al Jazeera
-----------------------------

Upworthy
-----------------------------

The Huffington Post
-----------------------------

HuffPost Women
-----------------------------

PBS News Hour
-----------------------------

ATTN:
-----------------------------

Reuters
-----------------------------

NowThis
-----------------------------

Daily Caller
-----------------------------

CNBC
-----------------------------
$VAR1 = {
          'link' => 'http://cnb.cx/2gYT6eY',
          'caption' => 'cnbc.com',
          'created_time' => '2016-12-11T06:38:15+0000',
          'name' => 'A man who made his first million by age 30 shares the best business advice he ever got',
          'id' => '97212224368_10154978115209369',
          'message' => 'Before Grant Cardone built 5 businesses and a multi-million-dollar fortune, he was deep in debt and addicted to drugs.'
        };

Domain: cnbc.com

The Onion
-----------------------------

Opposing Views
-----------------------------

the Today Show
-----------------------------

Kotaku
-----------------------------

Washington Post
-----------------------------

the American Center for Law and Justice
-----------------------------

VICE News
-----------------------------

PBS
-----------------------------

Mother Jones
-----------------------------

HuffPost Good News
-----------------------------

BBC News
-----------------------------

Breaking News
-----------------------------

The Verge
-----------------------------

New York Magazine
-----------------------------

TIME
-----------------------------

the Business Insider
-----------------------------
$VAR1 = {
          'link' => 'http://read.bi/2h6ACJ4',
          'caption' => 'businessinsider.com',
          'created_time' => '2016-12-11T06:40:03+0000',
          'name' => "I flew to Japan to eat at the world\x{2019}s best restaurant \x{2014} here's what it was like",
          'id' => '20446254070_10154173737959071',
          'message' => 'The epic midday meal was like a thousand-year culture and history lesson.'
        };

Domain: businessinsider.com

ThinkProgress
-----------------------------

POLITICO
-----------------------------

USA TODAY
-----------------------------
$VAR1 = {
          'link' => 'http://mmajunkie.com/2016/12/ufc-206-results-cowboy-cerrone-lays-out-matt-brown-with-third-round-head-kick-knockout-1',
          'caption' => 'mmajunkie.com',
          'created_time' => '2016-12-11T06:38:00+0000',
          'name' => 'UFC 206 results: \'Cowboy\' Cerrone lays out Matt Brown with third-round head-kick knockout',
          'id' => '13652355666_10154145870485667',
          'message' => 'A left high kick from Cerrone caught Brown squarely on the jaw, dropping him unconscious.'
        };

Domain: mmajunkie.com

American News
-----------------------------

ABC News
-----------------------------
$VAR1 = {
          'link' => 'http://abcn.ws/2hhAwff',
          'caption' => 'abcnews.go.com',
          'created_time' => '2016-12-11T06:36:56+0000',
          'name' => '\'SNL\' Mocks  Trump\'s Cabinet Picks, Affinity for Tweeting, Size of Hands',
          'id' => '86680728811_10155121903878812',
          'message' => 'Alec Baldwin\'s portrayal of Donald Trump was absent from this weekend\'s episode of "Saturday Night Live," but the show\'s cold open still skewered the Republican president-elect -- namely the background of his cabinet picks -- and still featured a guest star: "Breaking Bad" actor Bryan Cranston.'
        };

Domain: go.com
Response:
{"id":"1622501708043673_1631187490508428"}

HuffPost Politics
-----------------------------

NBC News
-----------------------------

AJ+
-----------------------------

Wikileaks
-----------------------------

CNNMoney
-----------------------------
$VAR1 = {
          'link' => 'http://cnnmon.ie/2gXvVRS',
          'caption' => 'money.cnn.com',
          'created_time' => '2016-12-11T06:31:00+0000',
          'name' => 'The steep cost of underemploying highly skilled immigrants',
          'id' => '6651543066_10154174810458067',
          'message' => 'Millions of highly educated immigrants come to the U.S. seeking a better life, only to end up either working hourly, low-skilled jobs, underemployed or out of work. http://cnnmon.ie/2gXvVRS'
        };

Domain: cnn.com
Response:
{"id":"1622501708043673_1631187547175089"}

ABC News Politics
-----------------------------
$VAR1 = {
          'link' => 'http://abcn.ws/2gMPaL2',
          'caption' => 'abcnews.go.com',
          'created_time' => '2016-12-11T06:32:05+0000',
          'name' => 'Greece Passes Austerity 2017 Budget, Eyes 2.7 Percent Growth',
          'id' => '184096565021911_1121054931326065',
          'message' => 'Greece\'s Parliament has passed a budget of continued austerity as mandated by the country\'s creditors, but which forecasts robust growth for 2017.'
        };

Domain: go.com
Response:
{"id":"1622501708043673_1631187597175084"}

Right Wing News
-----------------------------

The Wall Street Journal
-----------------------------

MSNBC
-----------------------------

the Drudge Report
-----------------------------

Mic
-----------------------------

The Economist
-----------------------------

Bloomberg Politics
-----------------------------

CBS News
-----------------------------

The Young Turks
-----------------------------

Occupy Democrats
-----------------------------

CBC News
-----------------------------

Newsweek
-----------------------------

CNN International
-----------------------------

The New Yorker
-----------------------------

Rush Limbaugh
-----------------------------

The Independent
-----------------------------
$VAR1 = {
          'link' => 'https://www.facebook.com/TheIndependentOnline/videos/10154271298641636/',
          'created_time' => '2016-12-11T06:41:00+0000',
          'id' => '13312631635_10154271298641636',
          'message' => "Sweden\x{2019}s recycling is so revolutionary the country has run out of rubbish"
        };

TheBlaze
-----------------------------

NPR Politics
-----------------------------

The New York Times
-----------------------------

NPR
-----------------------------
$VAR1 = {
          'link' => 'http://www.npr.org/2016/12/10/504987078/taking-a-crack-at-a-new-nutcracker-this-ones-set-at-the-worlds-fair?utm_source=facebook.com&utm_medium=social&utm_campaign=npr&utm_term=nprnews&utm_content=2038',
          'caption' => 'npr.org',
          'created_time' => '2016-12-11T06:37:00+0000',
          'name' => 'Taking A Crack At A New \'Nutcracker\': This One\'s Set At The World\'s Fair',
          'id' => '10643211755_10155059554841756',
          'message' => 'The new "Nutcracker" focuses on Polish immigrants in 1893 Chicago.'
        };

Domain: npr.org
Response:
{"id":"1622501708043673_1631188047175039"}

MSN
-----------------------------

CNN Politics
-----------------------------
$VAR1 = {
          'link' => 'http://cnn.it/2hbgDJd',
          'caption' => 'www.cnn.com',
          'created_time' => '2016-12-11T06:33:00+0000',
          'name' => 'Democrats concede: No shutdown over coal miner health benefits',
          'id' => '219367258105115_1390128477695648',
          'message' => '"I think we made our point," Senator Chuck Schumer , a New York Democrat and the incoming Senate minority leader, says.'
        };

Domain: cnn.com
Response:
{"id":"1622501708043673_1631188113841699"}

The Daily Show
-----------------------------

Daily Kos
-----------------------------

Yahoo News
-----------------------------

The Guardian
-----------------------------

CNN
-----------------------------

Slate.com
-----------------------------
$VAR1 = {
          'link' => 'http://slate.me/2he5QOO',
          'caption' => 'slate.com',
          'created_time' => '2016-12-11T06:33:04+0000',
          'name' => 'How to Piss Off a Comedian',
          'id' => '21516776437_10154635600081438',
          'message' => 'Kyle Kinane explains why he wants to hear more jokes about reprehensible human beings.'
        };

Domain: slate.com
Response:
{"id":"1622501708043673_1631188560508321"}

the AP
-----------------------------

Sean Hannity
-----------------------------

The Ed Schultz Show
-----------------------------

The Atlantic
-----------------------------

Bloomberg
-----------------------------

BuzzFeed
-----------------------------

Fox News
-----------------------------

VICE
-----------------------------

Glenn Beck
-----------------------------

The Other 98%
-----------------------------


Total Posts Made:	6


