***********************************************************************************
Started at 16:15:02 on 00/03/2017
***********************************************************************************
Querying souces from the past 15 minutes....

Al Jazeera
-----------------------------

Upworthy
-----------------------------

The Huffington Post
-----------------------------
$VAR1 = {
          'link' => 'http://huff.to/2hLOsgz',
          'created_time' => '2017-01-03T21:15:00+0000',
          'name' => 'Tomorrow, Inshallah',
          'id' => '18468761129_10154576912881130'
        };
$VAR1 = {
          'link' => 'http://huff.to/2hMXJ84',
          'caption' => 'huffingtonpost.com',
          'created_time' => '2017-01-03T21:00:05+0000',
          'name' => 'Artists Really, Really Don\'t Want Their Work On Ivanka Trump\'s Walls',
          'id' => '18468761129_10154576974621130',
          'message' => "\x{201c}Dear Ivanka Trump, please get my work off of your walls. I am embarrassed to be seen with you.\x{201d}"
        };

Domain: huffingtonpost.com
Response:
{"id":"1622501708043673_1639725916321252"}

HuffPost Women
-----------------------------

PBS News Hour
-----------------------------

ATTN:
-----------------------------

Reuters
-----------------------------
$VAR1 = {
          'link' => 'http://reut.rs/2iFeRBe',
          'caption' => 'www.reuters.com',
          'created_time' => '2017-01-03T21:05:08+0000',
          'name' => 'Pentagon says it can protect U.S., allies from North Korean missile threats',
          'id' => '114050161948682_1350110401675979',
          'message' => 'The U.S. Defense Department, reacting to North Korea\'s statement that it plans to test an intercontinental ballistic missile, said on Tuesday it was confident in its ability to protect U.S. allies and the U.S. homeland from threats from Pyongyang.'
        };

Domain: reuters.com

NowThis
-----------------------------

Daily Caller
-----------------------------
$VAR1 = {
          'link' => 'http://trib.al/CVNK8zi',
          'caption' => 'dailycaller.com',
          'created_time' => '2017-01-03T21:03:29+0000',
          'name' => '98% Of US Congress Is Religious',
          'id' => '182919686769_10154106074901770',
          'message' => '90 percent of Republicans and Democrats in Congress claim to be Christian'
        };

Domain: dailycaller.com

CNBC
-----------------------------
$VAR1 = {
          'link' => 'http://www.cnbc.com/2017/01/03/tesla-deliveries-totaled-76230-in-2016-slight-short-of-expectations.html',
          'created_time' => '2017-01-03T21:12:04+0000',
          'name' => 'CNBC Now',
          'id' => '97212224368_10155067565759369'
        };

The Onion
-----------------------------
$VAR1 = {
          'link' => 'http://trib.al/wz1Lmuc',
          'caption' => 'theonion.com',
          'created_time' => '2017-01-03T21:03:06+0000',
          'name' => 'Trump Gives Intelligence Agencies Their Daily Briefing',
          'id' => '20950654496_10155007369979497',
          'message' => "\"There\x{2019}s a considerable amount of secret and highly sensitive intel about military operations and diplomatic affairs that only Mr. Trump has the expertise to provide.\""
        };

Domain: theonion.com

Opposing Views
-----------------------------

the Today Show
-----------------------------
$VAR1 = {
          'link' => 'https://www.facebook.com/today/videos/10154900797406350/',
          'created_time' => '2017-01-03T21:04:00+0000',
          'name' => 'Sick boy who asked for stuffed cows receives whole herd',
          'id' => '12566691349_10154900797406350',
          'message' => 'WATCH: What a mooooooving tribute!'
        };

Kotaku
-----------------------------

Washington Post
-----------------------------

the American Center for Law and Justice
-----------------------------
$VAR1 = {
          'link' => 'http://aclj.us/2j5W1DY',
          'caption' => 'aclj.org',
          'created_time' => '2017-01-03T21:15:06+0000',
          'name' => 'Critical Update on Sudanese Pastors: Pastor Kuwa Released; Pastor Hassan Still Faces Possible Death Sentence',
          'id' => '58158120046_10154022660400047',
          'message' => 'Yesterday was a critical day in the trial of two Sudanese Christian pastors who face possible death sentences because of their faith.
    
One pastor was freed & the other was left behind in prison.  Read, Share, & Pray.'
        };

Domain: aclj.org

VICE News
-----------------------------

PBS
-----------------------------

Mother Jones
-----------------------------
$VAR1 = {
          'link' => 'http://www.motherjones.com/kevin-drum/2017/01/republicans-havent-canceled-their-ethics-office-hit-job-just-delayed-it',
          'caption' => 'motherjones.com',
          'created_time' => '2017-01-03T21:06:51+0000',
          'name' => 'Let\'s stop crediting Donald Trump for scrapping the GOP plan to gut the Office of Ethics',
          'id' => '7642602143_10154381092647144',
          'message' => 'Yep.'
        };

Domain: motherjones.com
Response:
{"id":"1622501708043673_1639725969654580"}

HuffPost Good News
-----------------------------

BBC News
-----------------------------
$VAR1 = {
          'link' => 'http://bbc.in/2hMYyhr',
          'caption' => 'bbc.co.uk',
          'created_time' => '2017-01-03T21:15:03+0000',
          'name' => '\'China freight train\' in first trip to UK',
          'id' => '228735667216_10154273169482217',
          'message' => "Orient express delivery? \x{1f682}"
        };

Domain: bbc.co.uk
Response:
{"id":"1622501708043673_1639726012987909"}

Breaking News
-----------------------------

The Verge
-----------------------------
$VAR1 = {
          'link' => 'http://www.theverge.com/2017/1/3/14158666/overwatch-oasis-map-available-xbox-one-ps4-pc-blizzard',
          'caption' => 'theverge.com',
          'created_time' => '2017-01-03T21:05:00+0000',
          'name' => "Overwatch\x{2019}s new Oasis map is out now, and it features dangerously reckless cars",
          'id' => '193742123995472_1305981072771566',
          'message' => 'Watch out for traffic.'
        };

Domain: theverge.com

New York Magazine
-----------------------------
$VAR1 = {
          'link' => 'http://nym.ag/2hPhsY6',
          'caption' => 'nymag.com',
          'created_time' => '2017-01-03T21:01:10+0000',
          'name' => 'What Is the Best Plush Mattress Topper?',
          'id' => '14516439825_10154922280569826',
          'message' => 'Want to catch more z\'s in 2017?'
        };

Domain: nymag.com

TIME
-----------------------------
$VAR1 = {
          'link' => 'http://ti.me/2hOAmQE',
          'caption' => 'time.com',
          'created_time' => '2017-01-03T21:00:31+0000',
          'name' => 'See Kim Kardashian West\'s Return To Social Media After A 3-Month Hiatus',
          'id' => '10606591490_10154318779231491',
          'message' => 'Kim Kardashian West hadn\'t posted since being robbed and held at gunpoint in October.'
        };

Domain: time.com

the Business Insider
-----------------------------
$VAR1 = {
          'link' => 'http://read.bi/2hPsexB',
          'caption' => 'businessinsider.com',
          'created_time' => '2017-01-03T21:15:04+0000',
          'name' => 'The Bible has changed quite a bit over the past 2,000 years',
          'id' => '20446254070_10154253884624071',
          'message' => 'No "first edition" exists.'
        };

Domain: businessinsider.com
$VAR1 = {
          'link' => 'http://www.businessinsider.com/arnold-schwarzenegger-celebrity-apprentice-premiere-ratings-2017-1',
          'caption' => 'businessinsider.com',
          'created_time' => '2017-01-03T21:10:00+0000',
          'name' => 'Arnold Schwarzenegger\'s \'Celebrity Apprentice\' ratings sink after Trump exit',
          'id' => '20446254070_10154253527119071',
          'message' => 'Arnold Schwarzenegger\'s numbers were no match for Donald J. Trump\'s.'
        };

Domain: businessinsider.com
$VAR1 = {
          'link' => 'http://read.bi/2hOcFaZ',
          'caption' => 'businessinsider.com',
          'created_time' => '2017-01-03T21:00:51+0000',
          'name' => '8 podcasts that will change how you think about human behavior',
          'id' => '20446254070_10154253856969071',
          'message' => 'These can put life in perspective.'
        };

Domain: businessinsider.com

ThinkProgress
-----------------------------

POLITICO
-----------------------------
$VAR1 = {
          'link' => 'http://politi.co/2i7kxR9',
          'caption' => 'politi.co',
          'created_time' => '2017-01-03T21:10:07+0000',
          'name' => 'Obama still scared of Trump with nuclear codes',
          'id' => '62317591679_10154164594841680',
          'message' => "President Obama still doesn't think Donald J. Trump can handle the nuclear codes or safely protect America from attack \x{2014} he just doesn't want to talk about it anymore."
        };

Domain: politi.co

Alias: politico.com
Response:
{"id":"1622501708043673_1639726112987899"}

USA TODAY
-----------------------------

American News
-----------------------------

ABC News
-----------------------------
$VAR1 = {
          'link' => 'http://abcn.ws/2hNyh7G',
          'caption' => 'abcnews.go.com',
          'created_time' => '2017-01-03T21:06:48+0000',
          'name' => '2-Year-Old Saves Twin Brother From Fallen Dresser',
          'id' => '86680728811_10155217777373812',
          'message' => '2-year-old boy rescued from a fallen dresser by his twin brother in an incredible moment caught on security camera.'
        };

Domain: go.com
Response:
{"id":"1622501708043673_1639726242987886"}

HuffPost Politics
-----------------------------
$VAR1 = {
          'link' => 'http://huff.to/2hMXPg8',
          'caption' => 'm.huffpost.com',
          'created_time' => '2017-01-03T21:00:24+0000',
          'name' => 'Chuck Schumer Warns Trump A Phony \'Twitter\' Presidency Will Fail',
          'id' => '56845382910_10154670446672911',
          'message' => '"He said he was going to un-rig the system. So far, it still looks rigged." -- Senator Chuck Schumer'
        };

Domain: huffpost.com

NBC News
-----------------------------
$VAR1 = {
          'link' => 'http://nbcnews.to/2iAswag',
          'caption' => 'nbcnews.com',
          'created_time' => '2017-01-03T21:00:23+0000',
          'name' => 'Hillary and Bill Clinton to attend Donald Trump\'s inauguration',
          'id' => '155869377766434_1651104211576269',
          'message' => 'The Clintons will be joined by former President George W. Bush and former first lady Laura Bush at the inauguration ceremony on Jan. 20.'
        };

Domain: nbcnews.com
Response:
{"id":"1622501708043673_1639726356321208"}

AJ+
-----------------------------

Wikileaks
-----------------------------

CNNMoney
-----------------------------
$VAR1 = {
          'link' => 'https://www.facebook.com/cnntech/videos/1336836703004068/',
          'created_time' => '2017-01-03T21:06:06+0000',
          'name' => 'CNNTech',
          'id' => '6651543066_10154250731373067'
        };

ABC News Politics
-----------------------------

Right Wing News
-----------------------------
$VAR1 = {
          'link' => 'http://rightwingnews.com/top-news/twitter-field-day-megyn-kelly-announces-shes-leaving-fox-news/',
          'caption' => 'rightwingnews.com',
          'created_time' => '2017-01-03T21:05:57+0000',
          'name' => 'Twitter Has a FIELD DAY After Megyn Kelly Announces She\'s Leaving Fox News',
          'id' => '389658314427637_1659085077484948',
          'message' => 'Are you HAPPY she\'s leaving?'
        };

Domain: rightwingnews.com

The Wall Street Journal
-----------------------------
$VAR1 = {
          'link' => 'http://on.wsj.com/2iMpNtY',
          'caption' => 'wsj.com',
          'created_time' => '2017-01-03T21:10:07+0000',
          'name' => 'No Dow 20000 Yet, but Bitcoin Gets Its Milestone',
          'id' => '8304333127_10155225689398128',
          'message' => 'The virtual currency bitcoin celebrated the new year by rising through the $1,000 mark.'
        };

Domain: wsj.com
Response:
{"id":"1622501708043673_1639726399654537"}

MSNBC
-----------------------------

the Drudge Report
-----------------------------

Mic
-----------------------------

The Economist
-----------------------------

Bloomberg Politics
-----------------------------

CBS News
-----------------------------

The Young Turks
-----------------------------

Occupy Democrats
-----------------------------

CBC News
-----------------------------

Newsweek
-----------------------------
$VAR1 = {
          'link' => 'http://www.newsweek.com/donald-trump-general-motors-gm-nafta-mexico-538154',
          'caption' => 'newsweek.com',
          'created_time' => '2017-01-03T21:10:00+0000',
          'name' => 'Trump threatens GM with a tax if they move more car production to Mexico',
          'id' => '18343191100_10154752470631101',
          'message' => 'I\'ll huff, and I\'ll puff, and I\'ll tax your house down.'
        };

Domain: newsweek.com

CNN International
-----------------------------

The New Yorker
-----------------------------

Rush Limbaugh
-----------------------------

The Independent
-----------------------------
$VAR1 = {
          'link' => 'http://www.independent.co.uk/news/science/dinosaurs-extinct-why-egg-hatch-florida-incubate-baby-bird-reptile-a7507756.html?cmpid=facebook-post',
          'caption' => 'independent.co.uk',
          'created_time' => '2017-01-03T21:01:00+0000',
          'name' => 'Scientists just found an entirely new reason the dinosaurs went extinct',
          'id' => '13312631635_10154356248551636',
          'message' => 'Dinosaurs ruled the Earth for 165m years'
        };

Domain: independent.co.uk

TheBlaze
-----------------------------
$VAR1 = {
          'link' => 'http://www.theblaze.com/news/2017/01/03/watch-terrifying-moment-dresser-falls-on-2-year-old-boy-and-what-his-twin-does-to-rescue-him/',
          'caption' => 'www.theblaze.com',
          'created_time' => '2017-01-03T21:11:00+0000',
          'name' => "Watch terrifying moment dresser falls on 2-year-old boy \x{2014} and what his twin does to rescue him",
          'id' => '140738092630206_1326496620721008',
          'message' => 'That is one quick-thinking 2-year-old.'
        };

Domain: theblaze.com
Response:
{"id":"1622501708043673_1639726496321194"}

NPR Politics
-----------------------------

The New York Times
-----------------------------

NPR
-----------------------------
$VAR1 = {
          'link' => 'http://www.npr.org/2017/01/03/508072518/hillary-and-bill-clinton-to-attend-trump-inauguration?utm_source=facebook.com&utm_medium=social&utm_campaign=npr&utm_term=nprnews&utm_content=20170103',
          'caption' => 'npr.org',
          'created_time' => '2017-01-03T21:12:31+0000',
          'name' => 'Hillary And Bill Clinton To Attend Trump Inauguration',
          'id' => '10643211755_10155151882901756',
          'message' => 'While it may make for an awkward few moments for Hillary Clinton, she\'s hardly the first to watch the candidate she lost to being sworn in.'
        };

Domain: npr.org
Response:
{"id":"1622501708043673_1639727046321139"}

MSN
-----------------------------

CNN Politics
-----------------------------
$VAR1 = {
          'link' => 'http://cnn.it/2j5nNk2',
          'caption' => 'www.cnn.com',
          'created_time' => '2017-01-03T21:01:01+0000',
          'name' => 'Republicans take first step to repeal Obamacare',
          'id' => '219367258105115_1432548363453659',
          'message' => 'The move underscored that stripping down Obamacare will be the Republican Party\'s top legislative priority under future President Donald J. Trump.'
        };

Domain: cnn.com
Response:
{"id":"1622501708043673_1639727146321129"}

The Daily Show
-----------------------------

Daily Kos
-----------------------------

Yahoo News
-----------------------------
$VAR1 = {
          'link' => 'https://yhoo.it/2hOxOBZ',
          'caption' => 'yahoo.com',
          'created_time' => '2017-01-03T21:10:05+0000',
          'name' => 'Doctors say you really should stop sticking Q-tips in your ears',
          'id' => '338028696036_10155068397931037',
          'message' => "You shouldn\x{2019}t treat earwax without seeing a doctor."
        };

Domain: yahoo.com
Response:
{"id":"1622501708043673_1639727362987774"}
$VAR1 = {
          'link' => 'https://www.yahoo.com/news/more-50-killed-brazil-prison-riot-reports-151615632.html',
          'caption' => 'yahoo.com',
          'created_time' => '2017-01-03T21:00:47+0000',
          'name' => '\'Many\' inmates beheaded in Brazil prison riot that killed 56: \'They all suffered a lot of violence\'',
          'id' => '338028696036_10155068378821037',
          'message' => '144 prisoners escaped.'
        };

Domain: yahoo.com
Response:
{"id":"1622501708043673_1639727782987732"}

The Guardian
-----------------------------

CNN
-----------------------------

Slate.com
-----------------------------
$VAR1 = {
          'link' => 'http://slate.me/2hP9kH2',
          'caption' => 'slate.com',
          'created_time' => '2017-01-03T21:12:02+0000',
          'name' => "Ford Isn\x{2019}t Adding American Jobs Because of Donald Trump",
          'id' => '21516776437_10154727717586438',
          'message' => 'Actually, the Bush and Obama administrations made this possible.'
        };

Domain: slate.com
Response:
{"id":"1622501708043673_1639727842987726"}

the AP
-----------------------------

Sean Hannity
-----------------------------

The Ed Schultz Show
-----------------------------

The Atlantic
-----------------------------

Bloomberg
-----------------------------
$VAR1 = {
          'link' => 'http://bloom.bg/2j5X2Mf',
          'caption' => 'bloomberg.com',
          'created_time' => '2017-01-03T21:09:33+0000',
          'name' => 'The Pentagon Wants to Crack Down on These Contractors',
          'id' => '266790296879_10154899805506880',
          'message' => 'And they\'re not happy.'
        };

Domain: bloomberg.com
Response:
{"id":"1622501708043673_1639727886321055"}

BuzzFeed
-----------------------------

Fox News
-----------------------------
$VAR1 = {
          'link' => 'http://www.foxnews.com/entertainment/2017/01/03/why-megyn-kelly-is-leaving-fox-news-for-nbc.html',
          'caption' => 'foxnews.com',
          'created_time' => '2017-01-03T21:14:10+0000',
          'name' => 'Why Megyn Kelly is leaving Fox News for NBC',
          'id' => '15704546335_10154964707526336',
          'message' => "\"I remain deeply grateful to Fox News, to Rupert, Lachlan and James Murdoch, and especially to all of the FNC viewers, who have taught me so much about what really matters.\x{201d}

Megyn Kelly bids farewell to Fox News."
        };

Domain: foxnews.com
Response:
{"id":"1622501708043673_1639727956321048"}

VICE
-----------------------------

Glenn Beck
-----------------------------

The Other 98%
-----------------------------


Total Posts Made:	15


