***********************************************************************************
Started at 23:15:01 on 00/01/2017
***********************************************************************************
Querying souces from the past 15 minutes....

Al Jazeera
-----------------------------

Upworthy
-----------------------------

The Huffington Post
-----------------------------
$VAR1 = {
          'link' => 'http://huff.to/2iFEG1q',
          'caption' => 'huffingtonpost.com',
          'created_time' => '2017-01-02T04:09:39+0000',
          'name' => 'WSJ Editor Says His Newspaper Won\'t Call Trump\'s Lies \'Lies\'',
          'id' => '18468761129_10154572398996130',
          'message' => 'He said reporters should state the facts, but leave classifying them to readers.'
        };

Domain: huffingtonpost.com
Response:
{"error":{"message":"It looks like you were misusing this feature by going too fast. You\u2019ve been blocked from using it.\n\nLearn more about blocks in the Help Center.","type":"OAuthException","code":368,"error_subcode":1390008,"error_user_msg":"","fbtrace_id":"Gczuv3Hfo8A"}}

Facebook ran into an error and the post was not published. Zach Muckerberg please fix. Try again in a few hours.

