***********************************************************************************
Started at 06:30:01 on 11/26/2016
***********************************************************************************
Querying souces from the past 15 minutes....

Al Jazeera
-----------------------------
$VAR1 = {
          'link' => 'https://www.facebook.com/aljazeera/videos/10154748716063690/',
          'created_time' => '2016-12-26T11:30:00+0000',
          'name' => 'Al Jazeera English',
          'id' => '7382473689_10155020204073690',
          'message' => 'Why the world fears refugees.

(Narrated by Zygmunt Bauman, via Talk to Al Jazeera)'
        };

Upworthy
-----------------------------

The Huffington Post
-----------------------------
$VAR1 = {
          'link' => 'http://huff.to/2i704vo',
          'caption' => 'huffingtonpost.com',
          'created_time' => '2016-12-26T11:17:26+0000',
          'name' => 'These Photos Of The Obamas\' New House May Hurt Your Heart',
          'id' => '18468761129_10154549814846130',
          'message' => "Moving day fast approaches. \x{1f61e}"
        };

Domain: huffingtonpost.com
Response:
{"id":"1622501708043673_1636819903278520"}

HuffPost Women
-----------------------------

PBS News Hour
-----------------------------

ATTN:
-----------------------------

Reuters
-----------------------------

NowThis
-----------------------------

Daily Caller
-----------------------------
$VAR1 = {
          'link' => 'http://trib.al/aR5WqY3',
          'caption' => 'dailycaller.com',
          'created_time' => '2016-12-26T11:17:19+0000',
          'name' => 'A Moving Look At The Lone Kurdish Sniper Fighting ISIS In Kobani [VIDEO]',
          'id' => '182919686769_10154081200106770',
          'message' => 'A moving film about a sniper fighting the Islamic State in Syria gives an intimate glimpse into his lonely and at times brutal life in the city of Kobani.'
        };

Domain: dailycaller.com

CNBC
-----------------------------

The Onion
-----------------------------

Opposing Views
-----------------------------

the Today Show
-----------------------------

Kotaku
-----------------------------

Washington Post
-----------------------------

the American Center for Law and Justice
-----------------------------

VICE News
-----------------------------

PBS
-----------------------------

Mother Jones
-----------------------------

HuffPost Good News
-----------------------------

BBC News
-----------------------------

Breaking News
-----------------------------

The Verge
-----------------------------

New York Magazine
-----------------------------
$VAR1 = {
          'link' => 'http://nym.ag/2hO9JdD',
          'caption' => 'vulture.com',
          'created_time' => '2016-12-26T11:22:56+0000',
          'name' => 'The Safe Progressivism of This Is Us',
          'id' => '14516439825_10154893593524826',
          'message' => 'This Is Us deals with socially significant issues. But, at its midpoint, it\'s still taking the easy road too often.'
        };

Domain: vulture.com

TIME
-----------------------------

the Business Insider
-----------------------------
$VAR1 = {
          'link' => 'http://read.bi/2h6HAKB',
          'caption' => 'businessinsider.com',
          'created_time' => '2016-12-26T11:20:03+0000',
          'name' => 'The best holiday dessert in 22 countries around the world',
          'id' => '20446254070_10154225406829071',
          'message' => 'Europeans don\'t like candy cane and gingerbread as much as we do.'
        };

Domain: businessinsider.com

ThinkProgress
-----------------------------

POLITICO
-----------------------------

USA TODAY
-----------------------------
$VAR1 = {
          'link' => 'https://www.facebook.com/usatoday/photos/a.100797840666.101835.13652355666/10154196850095667/?type=3',
          'created_time' => '2016-12-26T11:30:00+0000',
          'name' => 'Timeline Photos',
          'id' => '13652355666_10154196850095667',
          'message' => "A horseman jumps over a bonfire during the Luminarias Festival in San Bartolome de Pinares, Spain on Jan. 16, 2016. The festival honors Saint Anthony, the patron saint of animals. See more of the  amazing photos from 2016: http://usat.ly/2hgl332 (\x{1f4f8} Pierre-Philippe Marcou, AFP/Getty Images)"
        };
$VAR1 = {
          'link' => 'http://www.usatoday.com/story/sports/nfl/columnist/bell/2016/12/25/pittsburgh-steelers-ben-roethlisberger-leveon-bell-antonio-brown/95845722/',
          'caption' => 'usatoday.com',
          'created_time' => '2016-12-26T11:21:00+0000',
          'name' => 'Steelers show why they\'re Patriots\' biggest threat in AFC',
          'id' => '13652355666_10154212844980667',
          'message' => "There are three reasons why you don\x{2019}t want to face the Pittsburgh Steelers in the playoffs."
        };

Domain: usatoday.com
Response:
{"id":"1622501708043673_1636819959945181"}

American News
-----------------------------

ABC News
-----------------------------
$VAR1 = {
          'link' => 'http://abcn.ws/2hX3tQH',
          'caption' => 'abcnews.go.com',
          'created_time' => '2016-12-26T11:30:17+0000',
          'name' => 'Michelle Obama\'s Fashion Influence Rivals Jackie Kennedy\'s, Some Designers Say',
          'id' => '86680728811_10155185300473812',
          'message' => '"She\'s made an effort to wear accessible fashion," designer Tracy Reese says. "I think Jackie (Kennedy) was a great role model but she wore a lot of couture, and things that most Americans could not afford."'
        };

Domain: go.com
Response:
{"id":"1622501708043673_1636820003278510"}

HuffPost Politics
-----------------------------

NBC News
-----------------------------

AJ+
-----------------------------

Wikileaks
-----------------------------

CNNMoney
-----------------------------

ABC News Politics
-----------------------------

Right Wing News
-----------------------------
$VAR1 = {
          'link' => 'http://www.rightwingnews.com/quotes/the-20-greatest-quotations-rush-limbaugh/',
          'caption' => 'rightwingnews.com',
          'created_time' => '2016-12-26T11:30:00+0000',
          'name' => 'The 20 Greatest Quotations From Rush Limbaugh',
          'id' => '389658314427637_1647878015272321',
          'message' => 'Rush is right!'
        };

Domain: rightwingnews.com

The Wall Street Journal
-----------------------------

MSNBC
-----------------------------

the Drudge Report
-----------------------------

Mic
-----------------------------

The Economist
-----------------------------

Bloomberg Politics
-----------------------------

CBS News
-----------------------------
$VAR1 = {
          'link' => 'http://cbsn.ws/2hmLkeo',
          'caption' => 'www.cbsnews.com',
          'created_time' => '2016-12-26T11:30:02+0000',
          'name' => 'Winter storm lashing several Northern, Western states',
          'id' => '131459315949_10154207988195950',
          'message' => 'It was a white -- but slick and messy -- Christmas for the northern Plains and some Western states.'
        };

Domain: cbsnews.com
Response:
{"id":"1622501708043673_1636820066611837"}

The Young Turks
-----------------------------

Occupy Democrats
-----------------------------

CBC News
-----------------------------

Newsweek
-----------------------------

CNN International
-----------------------------
$VAR1 = {
          'link' => 'http://cnn.it/2hFO4Ru',
          'caption' => 'www.cnn.com',
          'created_time' => '2016-12-26T11:30:01+0000',
          'name' => '11 everyday items you should stop using now',
          'id' => '18793419640_10154832151334641',
          'message' => 'It\'s time to let go of these products'
        };

Domain: cnn.com
Response:
{"id":"1622501708043673_1636820183278492"}
$VAR1 = {
          'link' => 'https://www.facebook.com/cnninternational/videos/10154832145039641/',
          'created_time' => '2016-12-26T11:28:18+0000',
          'name' => 'George Michael tells CNN about his sexuality and songwriting',
          'id' => '18793419640_10154832145039641',
          'message' => 'George Michael came out as gay during an interview with CNN in 1998, just days after being arrested for soliciting sex in a public restroom. He spoke about how his sexuality influenced his songwriting.

Tributes are being paid to the pop superstar, who has died at the age of 53: http://cnn.it/2hqxNnC'
        };

The New Yorker
-----------------------------
$VAR1 = {
          'link' => 'http://nyer.cm/8Rd0lYT',
          'caption' => 'newyorker.com',
          'created_time' => '2016-12-26T11:30:14+0000',
          'name' => "Donald Trump\x{2019}s First, Alarming Week as President-Elect",
          'id' => '9258148868_10154321544258869',
          'message' => "One of our most popular Web posts of 2016: The Greeks have a word for the emerging Trump Administration: kakistocracy, which Webster defines as \x{201c}government by the worst people.\x{201d}"
        };

Domain: newyorker.com
Response:
{"id":"1622501708043673_1636820419945135"}

Rush Limbaugh
-----------------------------

The Independent
-----------------------------

TheBlaze
-----------------------------

NPR Politics
-----------------------------

The New York Times
-----------------------------

NPR
-----------------------------

MSN
-----------------------------

CNN Politics
-----------------------------
$VAR1 = {
          'link' => 'http://cnn.it/2irQH9F',
          'caption' => 'www.cnn.com',
          'created_time' => '2016-12-26T11:28:00+0000',
          'name' => 'Trump spokesman Jason Miller not taking White House job',
          'id' => '219367258105115_1414800461895116',
          'message' => 'He says his family needs to be "my top priority right now."'
        };

Domain: cnn.com
Response:
{"id":"1622501708043673_1636820486611795"}

The Daily Show
-----------------------------

Daily Kos
-----------------------------

Yahoo News
-----------------------------

The Guardian
-----------------------------
$VAR1 = {
          'link' => 'https://www.theguardian.com/music/2016/dec/26/why-george-michael-turned-his-back-on-america?CMP=fb_gu',
          'caption' => 'theguardian.com',
          'created_time' => '2016-12-26T11:20:00+0000',
          'name' => 'Why George Michael turned his back on America',
          'id' => '10513336322_10154885367976323',
          'message' => "\x{201c}His coming out, which he did not plan and was not managed by any publicity machine, was a very painful thing for him. But the way he handled it, and the way he braved it, and the way he made it all right for them, empowered a generation of young men.\x{201d}

That may turn out to be Michael\x{2019}s true legacy in the US."
        };

Domain: theguardian.com
Response:
{"id":"1622501708043673_1636820579945119"}

CNN
-----------------------------
$VAR1 = {
          'link' => 'http://cnn.it/2hFMHT4',
          'caption' => 'www.cnn.com',
          'created_time' => '2016-12-26T11:30:01+0000',
          'name' => '11 everyday items you should stop using now',
          'id' => '5550296508_10155813210511509',
          'message' => 'It\'s time to let go of these products'
        };

Domain: cnn.com
Response:
{"id":"1622501708043673_1636821783278332"}
$VAR1 = {
          'link' => 'https://www.facebook.com/cnn/videos/10155813203706509/',
          'created_time' => '2016-12-26T11:28:18+0000',
          'name' => 'George Michael tells CNN about his sexuality and songwriting',
          'id' => '5550296508_10155813203706509',
          'message' => 'George Michael came out as gay during an interview with CNN in 1998, just days after being arrested for soliciting sex in a public restroom. He spoke about how his sexuality influenced his songwriting.

Tributes are being paid to the pop superstar, who has died at the age of 53: http://cnn.it/2hqDAtq'
        };

Slate.com
-----------------------------

the AP
-----------------------------

Sean Hannity
-----------------------------

The Ed Schultz Show
-----------------------------

The Atlantic
-----------------------------

Bloomberg
-----------------------------

BuzzFeed
-----------------------------

Fox News
-----------------------------

VICE
-----------------------------

Glenn Beck
-----------------------------

The Other 98%
-----------------------------


Total Posts Made:	9


