***********************************************************************************
Started at 07:45:01 on 00/07/2017
***********************************************************************************
Querying souces from the past 15 minutes....

Al Jazeera
-----------------------------

Upworthy
-----------------------------

The Huffington Post
-----------------------------

HuffPost Women
-----------------------------
$VAR1 = {
          'link' => 'http://huff.to/2igr1x4',
          'caption' => 'huffingtonpost.com',
          'created_time' => '2017-01-07T12:30:20+0000',
          'name' => 'Why I Left Facebook',
          'id' => '153213781413350_1266083430126374',
          'message' => '"Releasing \'Facebook\' allowed me to let go of all the superfluous attachments to people and concepts that I had been holding on to."'
        };

Domain: huffingtonpost.com
Response:
{"id":"1622501708043673_1640958536197990"}

PBS News Hour
-----------------------------

ATTN:
-----------------------------
$VAR1 = {
          'link' => 'https://www.facebook.com/SeekerNetwork/videos/1337985409558944/',
          'created_time' => '2017-01-07T12:38:00+0000',
          'name' => 'Seeker Network',
          'id' => '160389977329803_1248954581806665',
          'message' => 'This all-female, anti-poaching unit protects animals without using weapons.'
        };

Reuters
-----------------------------

NowThis
-----------------------------

Daily Caller
-----------------------------
$VAR1 = {
          'link' => 'http://trib.al/hulcxhQ',
          'caption' => 'dailycaller.com',
          'created_time' => '2017-01-07T12:34:59+0000',
          'name' => 'Former CIA Director Quits Trump Transition Team',
          'id' => '182919686769_10154115751041770',
          'message' => 'Former CIA Director James Woolsey quit advising the Trump transition team late Thursday.'
        };

Domain: dailycaller.com

CNBC
-----------------------------
$VAR1 = {
          'link' => 'http://cnb.cx/2hX8jg5',
          'caption' => 'cnbc.com',
          'created_time' => '2017-01-07T12:34:17+0000',
          'name' => 'The \'world\'s most comfortable shoes\' are a sustainable sneaker',
          'id' => '97212224368_10155078457774369',
          'message' => 'Comfortable AND eco-friendly.'
        };

Domain: cnbc.com

The Onion
-----------------------------

Opposing Views
-----------------------------

the Today Show
-----------------------------

Kotaku
-----------------------------

Washington Post
-----------------------------

the American Center for Law and Justice
-----------------------------

VICE News
-----------------------------

PBS
-----------------------------

Mother Jones
-----------------------------

HuffPost Good News
-----------------------------
$VAR1 = {
          'link' => 'http://huff.to/2i2BZsz',
          'caption' => 'huffingtonpost.com',
          'created_time' => '2017-01-07T12:35:07+0000',
          'name' => 'First African-American Astronaut To Board The International Space Station',
          'id' => '202163013203224_1250641485022033',
          'message' => 'NASA\'s Jeanette J. Epps just made history.'
        };

Domain: huffingtonpost.com
Response:
{"id":"1622501708043673_1640958619531315"}

BBC News
-----------------------------

Breaking News
-----------------------------

The Verge
-----------------------------

New York Magazine
-----------------------------

TIME
-----------------------------
$VAR1 = {
          'link' => 'http://ti.me/2iguLCv',
          'caption' => 'time.com',
          'created_time' => '2017-01-07T12:30:19+0000',
          'name' => 'The Morning Routine Experts Recommend For Peak Productivity',
          'id' => '10606591490_10154328537386491',
          'message' => 'Start your week off right.'
        };

Domain: time.com

the Business Insider
-----------------------------
$VAR1 = {
          'link' => 'http://read.bi/2iK8yMj',
          'caption' => 'businessinsider.com',
          'created_time' => '2017-01-07T12:40:02+0000',
          'name' => 'This student\'s state barred her from its best public universities, so she went to the Ivy League instead',
          'id' => '20446254070_10154264921224071',
          'message' => 'Her road to acceptance at one of America\'s top schools was not easy.'
        };

Domain: businessinsider.com

ThinkProgress
-----------------------------

POLITICO
-----------------------------

USA TODAY
-----------------------------
$VAR1 = {
          'link' => 'http://www.usatoday.com/story/news/nation-now/2017/01/07/fort-lauderdale-airport-shooting-what-we-know/96279672/',
          'caption' => 'usatoday.com',
          'created_time' => '2017-01-07T12:35:00+0000',
          'name' => 'Fort Lauderdale airport shooting: What we know',
          'id' => '13652355666_10154259210230667',
          'message' => 'Authorities have yet to establish a motive but have "not ruled out terrorism" as a possibility behind the deadly shooting rampage.'
        };

Domain: usatoday.com
Response:
{"id":"1622501708043673_1640958732864637"}

American News
-----------------------------

ABC News
-----------------------------

HuffPost Politics
-----------------------------

NBC News
-----------------------------

AJ+
-----------------------------

Wikileaks
-----------------------------

CNNMoney
-----------------------------
$VAR1 = {
          'link' => 'https://www.facebook.com/cnnmoney/videos/10154259693668067/',
          'created_time' => '2017-01-07T12:30:37+0000',
          'name' => 'My First Job: T-Boone Pickens',
          'id' => '6651543066_10154259693668067',
          'message' => "\x{201c}I had the smallest newspaper in the smallest town.\x{201d} How T. Boone Pickens got his start. #My1stJob http://cnnmon.ie/2jkcuVc"
        };

ABC News Politics
-----------------------------

Right Wing News
-----------------------------

The Wall Street Journal
-----------------------------
$VAR1 = {
          'link' => 'http://on.wsj.com/2j1TBmO',
          'caption' => 'wsj.com',
          'created_time' => '2017-01-07T12:30:13+0000',
          'name' => 'How Mobile Games Aim to Keep You Coming Back',
          'id' => '8304333127_10155246688138128',
          'message' => "When making \x{201c}Star Wars: Galaxy of Heroes,\x{201d} Electronic Arts knew it wasn\x{2019}t enough to have a mobile videogame that featured some of the most popular movie characters of all time. To succeed, it had to get players to open the app every day."
        };

Domain: wsj.com
Response:
{"id":"1622501708043673_1640958779531299"}

MSNBC
-----------------------------

the Drudge Report
-----------------------------

Mic
-----------------------------

The Economist
-----------------------------
$VAR1 = {
          'link' => 'http://econ.st/2i11WbX',
          'caption' => 'economist.com',
          'created_time' => '2017-01-07T12:35:41+0000',
          'name' => 'Netanyahu seeks a pardon for a soldier convicted of killing a wounded protester',
          'id' => '6013004059_10154968955319060',
          'message' => 'A large section of Israeli society seems to believe that a soldier was right to have shot a wounded prisoner who no longer posed a danger'
        };

Domain: economist.com
Response:
{"id":"1622501708043673_1640958849531292"}

Bloomberg Politics
-----------------------------

CBS News
-----------------------------

The Young Turks
-----------------------------

Occupy Democrats
-----------------------------

CBC News
-----------------------------

Newsweek
-----------------------------

CNN International
-----------------------------
$VAR1 = {
          'link' => 'https://www.facebook.com/cnninternational/videos/10154877857059641/',
          'created_time' => '2017-01-07T12:31:48+0000',
          'name' => 'Pilot, passed out in cockpit, arrested on suspicion of being d...',
          'id' => '18793419640_10154877857059641',
          'message' => 'Pilot passed out in cockpit, accused of being drunk, police say http://cnn.it/2iktmqM'
        };

The New Yorker
-----------------------------

Rush Limbaugh
-----------------------------

The Independent
-----------------------------
$VAR1 = {
          'link' => 'https://www.facebook.com/TheIndependentOnline/videos/10154367365961636/',
          'created_time' => '2017-01-07T12:41:00+0000',
          'id' => '13312631635_10154367365961636',
          'message' => 'This drone ambulance could save thousands of lives'
        };

TheBlaze
-----------------------------

NPR Politics
-----------------------------

The New York Times
-----------------------------

NPR
-----------------------------
$VAR1 = {
          'link' => 'http://www.npr.org/2017/01/06/508530156/the-xx-on-growing-up-without-growing-apart?utm_source=facebook.com&utm_medium=social&utm_campaign=npr&utm_term=nprnews&utm_content=20170107',
          'caption' => 'npr.org',
          'created_time' => '2017-01-07T12:44:00+0000',
          'name' => '\'The xx\' On Growing Up Without Growing Apart',
          'id' => '10643211755_10155163991021756',
          'message' => 'One song on the new record called "Test Me," says singer Romy Madley Croft, "sort of represents a new time of us actually talking about things rather than just pushing them down. Sometimes we would say things to each other in the music before we could say it to each other."'
        };

Domain: npr.org
Response:
{"id":"1622501708043673_1640958962864614"}

MSN
-----------------------------

CNN Politics
-----------------------------

The Daily Show
-----------------------------

Daily Kos
-----------------------------

Yahoo News
-----------------------------

The Guardian
-----------------------------
$VAR1 = {
          'link' => 'https://www.theguardian.com/politics/2017/jan/07/sir-ivan-rogers-quits-civil-service-four-days-after-leaving-eu-envoy-role?CMP=fb_gu',
          'caption' => 'theguardian.com',
          'created_time' => '2017-01-07T12:31:25+0000',
          'name' => 'Sir Ivan Rogers quits civil service four days after leaving EU envoy role',
          'id' => '10513336322_10154931151451323',
          'message' => "Sir Ivan Rogers, the UK\x{2019}s former top diplomat to the European Union who quit earlier this week, has also resigned from the civil service."
        };

Domain: theguardian.com
Response:
{"id":"1622501708043673_1640959026197941"}

CNN
-----------------------------
$VAR1 = {
          'link' => 'https://www.facebook.com/cnn/videos/10155875412291509/',
          'created_time' => '2017-01-07T12:31:49+0000',
          'name' => 'Pilot, passed out in cockpit, arrested on suspicion of being d...',
          'id' => '5550296508_10155875412291509',
          'message' => 'Pilot passed out in cockpit, accused of being drunk, police say http://cnn.it/2iksTFe'
        };

Slate.com
-----------------------------

the AP
-----------------------------

Sean Hannity
-----------------------------

The Ed Schultz Show
-----------------------------

The Atlantic
-----------------------------
$VAR1 = {
          'link' => 'http://www.atlasobscura.com/articles/how-a-champagneladen-steamship-ended-up-in-a-kansas-cornfield?utm_source=facebook.com&utm_medium=theatlantic',
          'caption' => 'atlasobscura.com',
          'created_time' => '2017-01-07T12:44:59+0000',
          'name' => 'How a Champagne-Laden Steamship Ended Up in a Kansas Cornfield',
          'id' => '29259828486_10154991491238487',
          'message' => 'While most rescued sunken treasure is heavily water damaged and covered in rust and barnacles, the cargo of the Arabia was in relatively pristine condition, about as immaculately preserved as the day she sank 160 years ago. (via Atlas Obscura)'
        };

Domain: atlasobscura.com

Bloomberg
-----------------------------

BuzzFeed
-----------------------------

Fox News
-----------------------------

VICE
-----------------------------

Glenn Beck
-----------------------------

The Other 98%
-----------------------------


Total Posts Made:	7


