***********************************************************************************
Started at 12:45:01 on 11/26/2016
***********************************************************************************
Querying souces from the past 15 minutes....

Al Jazeera
-----------------------------

Upworthy
-----------------------------

The Huffington Post
-----------------------------

HuffPost Women
-----------------------------

PBS News Hour
-----------------------------
$VAR1 = {
          'link' => 'http://www.pbs.org/newshour/rundown/trumps-pick-ambassador-israel-sparks-debate/',
          'caption' => 'pbs.org',
          'created_time' => '2016-12-26T17:45:00+0000',
          'name' => 'Trump\'s pick for ambassador to Israel sparks debate',
          'id' => '6491828674_10154910974188675',
          'message' => "If President-elect Donald Trump wanted to show he planned to obliterate President Barack Obama\x{2019}s approach to Israel, he might have found his man to deliver that message in David Friedman, his pick for U.S. ambassador."
        };

Domain: pbs.org
Response:
{"id":"1622501708043673_1636921886601655"}

ATTN:
-----------------------------

Reuters
-----------------------------

NowThis
-----------------------------

Daily Caller
-----------------------------
$VAR1 = {
          'link' => 'http://trib.al/fEQVIXj',
          'caption' => 'dailycaller.com',
          'created_time' => '2016-12-26T17:44:44+0000',
          'name' => 'Lady Gaga Just Wore The Shortest Pair Of Shorts We\'ve Ever Seen',
          'id' => '182919686769_10154082152571770',
          'message' => 'Lady Gaga likes her shorts short. Like, really really short.'
        };

Domain: dailycaller.com
$VAR1 = {
          'link' => 'http://trib.al/LMwnq12',
          'caption' => 'smokeroom.com',
          'created_time' => '2016-12-26T17:32:11+0000',
          'name' => 'People Can\'t Stop Talking About What Kate Middleton Wore Out In Public Today',
          'id' => '182919686769_10154082121826770',
          'message' => 'Kate Middleton caught everyone\'s attention when she stepped out wearing this.'
        };

Domain: smokeroom.com

CNBC
-----------------------------
$VAR1 = {
          'link' => 'http://cnb.cx/2ha6ysz',
          'caption' => 'cnbc.com',
          'created_time' => '2016-12-26T17:43:46+0000',
          'name' => 'The single best question to ask in a job interview, according to Suzy Welch',
          'id' => '97212224368_10155037797854369',
          'message' => "This unexpected \x{2014} and revealing \x{2014} interview question says everything."
        };

Domain: cnbc.com

The Onion
-----------------------------

Opposing Views
-----------------------------

the Today Show
-----------------------------

Kotaku
-----------------------------

Washington Post
-----------------------------

the American Center for Law and Justice
-----------------------------

VICE News
-----------------------------

PBS
-----------------------------

Mother Jones
-----------------------------

HuffPost Good News
-----------------------------

BBC News
-----------------------------

Breaking News
-----------------------------

The Verge
-----------------------------
$VAR1 = {
          'link' => 'http://www.theverge.com/2016/12/26/14081252/i-have-owned-a-fitbit-for-one-day',
          'caption' => 'theverge.com',
          'created_time' => '2016-12-26T17:30:45+0000',
          'name' => 'I have owned a Fitbit for one day',
          'id' => '193742123995472_1299347626768244',
          'message' => 'A great way to rack up lists of facts about oneself.'
        };

Domain: theverge.com

New York Magazine
-----------------------------
$VAR1 = {
          'link' => 'http://nym.ag/2hR1hrA',
          'caption' => 'nymag.com',
          'created_time' => '2016-12-26T17:42:08+0000',
          'name' => "Ask a Boss: I\x{2019}m Doing My Boss\x{2019}s Job for Him!",
          'id' => '14516439825_10154894653904826',
          'message' => 'There can be a real advantage to working for a negligent boss who lets significant pieces of his job fall to you.'
        };

Domain: nymag.com

TIME
-----------------------------

the Business Insider
-----------------------------
$VAR1 = {
          'link' => 'http://read.bi/2hZX5bJ',
          'caption' => 'businessinsider.com',
          'created_time' => '2016-12-26T17:40:02+0000',
          'name' => '20 must-have tech accessories under $20',
          'id' => '20446254070_10154226416129071',
          'message' => 'A good accessory should complement or enhance the functionality of the main product.'
        };

Domain: businessinsider.com

ThinkProgress
-----------------------------
$VAR1 = {
          'link' => 'https://thinkprogress.org/george-michael-pop-star-and-lgbt-icon-dies-on-christmas-day-958ece709a61#.jap17pxpx',
          'caption' => 'thinkprogress.org',
          'created_time' => '2016-12-26T17:32:00+0000',
          'name' => 'On losing George Michael in 2016, a year in which toxic masculinity reigned',
          'id' => '200137333331078_1480183711993094',
          'message' => "\x{201c}It feels like a bit of cosmic cruelty to lose George Michael in the same year we lost Prince and David Bowie... men who decided for themselves what \x{2018}being a man\x{2019} ought to entail.\x{201d}"
        };

Domain: thinkprogress.org
Response:
{"id":"1622501708043673_1636921979934979"}

POLITICO
-----------------------------

USA TODAY
-----------------------------

American News
-----------------------------
$VAR1 = {
          'link' => 'http://americannews.com/haters-tried-silence-faith-instead-watch/',
          'caption' => 'americannews.com',
          'created_time' => '2016-12-26T17:45:00+0000',
          'name' => 'The Haters Tried To Silence Her Faith, So She Did THIS Instead [WATCH] - American News - Breaking News, Political News and Updates',
          'id' => '179035672287016_904200569770519',
          'message' => 'They told her not to praise Jesus, watch what she did next.

We support her faith, do you?

Can we get 5,000 \'LIKES\' for Carrie Underwood?'
        };

Domain: americannews.com

ABC News
-----------------------------
$VAR1 = {
          'link' => 'http://abcn.ws/2ikbUDi',
          'caption' => 'abcnews.go.com',
          'created_time' => '2016-12-26T17:34:49+0000',
          'name' => 'UN\'s Ban Ki-Moon to Push Times Square 2017 Countdown Button',
          'id' => '86680728811_10155186411608812',
          'message' => 'United Nations Secretary-General Ban Ki-moon will push the button to begin the official 60-second countdown to 2017 in Times Square.'
        };

Domain: go.com
Response:
{"id":"1622501708043673_1636922129934964"}

HuffPost Politics
-----------------------------

NBC News
-----------------------------

AJ+
-----------------------------

Wikileaks
-----------------------------

CNNMoney
-----------------------------
$VAR1 = {
          'link' => 'http://cnnmon.ie/2hHuXXp',
          'caption' => 'money.cnn.com',
          'created_time' => '2016-12-26T17:31:01+0000',
          'name' => 'Iran says Boeing deal will cost just $8 billion',
          'id' => '6651543066_10154224993253067',
          'message' => 'Iran says it will pay only half the announced $16.6 billion price for 80 commercial airliners from Boeing. http://cnnmon.ie/2hHuXXp'
        };

Domain: cnn.com
Response:
{"id":"1622501708043673_1636922256601618"}

ABC News Politics
-----------------------------

Right Wing News
-----------------------------

The Wall Street Journal
-----------------------------
$VAR1 = {
          'link' => 'http://on.wsj.com/2hb8W5k',
          'caption' => 'graphics.wsj.com',
          'created_time' => '2016-12-26T17:40:05+0000',
          'name' => 'Who Read What in 2016',
          'id' => '8304333127_10155179054548128',
          'message' => 'Steph Curry, Dava Sobel, Mike Lee, Yaa Gyasi, Abby Wambach, Jeff Bewkes and 44 more of our friends name their favorite books of 2016.'
        };

Domain: wsj.com
Response:
{"id":"1622501708043673_1636922363268274"}

MSNBC
-----------------------------
$VAR1 = {
          'link' => 'https://www.facebook.com/msnbc/videos/1636000393086651/',
          'created_time' => '2016-12-26T17:35:00+0000',
          'name' => 'President Obama\'s funniest moments',
          'id' => '273864989376427_1636000393086651',
          'message' => 'Watch some of President Obama\'s funniest moments (dad jokes included) as comedian-in-chief: http://nbcnews.to/2hr6idM'
        };

the Drudge Report
-----------------------------

Mic
-----------------------------

The Economist
-----------------------------

Bloomberg Politics
-----------------------------

CBS News
-----------------------------
$VAR1 = {
          'link' => 'http://cbsn.ws/2i7OQYV',
          'caption' => 'www.cbsnews.com',
          'created_time' => '2016-12-26T17:32:02+0000',
          'name' => 'Republicans plan massive tax code overhaul',
          'id' => '131459315949_10154208927050950',
          'message' => 'GOP leaders in Congress aim to simplify the country\'s complicated tax code.'
        };

Domain: cbsnews.com
Response:
{"id":"1622501708043673_1636922483268262"}

The Young Turks
-----------------------------

Occupy Democrats
-----------------------------

CBC News
-----------------------------

Newsweek
-----------------------------

CNN International
-----------------------------
$VAR1 = {
          'link' => 'http://cnn.it/2hrj9fK',
          'caption' => 'edition.cnn.com',
          'created_time' => '2016-12-26T17:45:01+0000',
          'name' => 'The old man and the bee',
          'id' => '18793419640_10154833115304641',
          'message' => 'Bees are critical for food pollination, but some species are disappearing at an alarming rate. One man is on a quest to find a type of bee that he last saw ten years ago - and that may already be extinct.

For more on our series of vanishing animals that may signal a mass extinction, visit CNN.com/vanishing'
        };

Domain: cnn.com
Response:
{"id":"1622501708043673_1636922539934923"}

The New Yorker
-----------------------------

Rush Limbaugh
-----------------------------

The Independent
-----------------------------

TheBlaze
-----------------------------
$VAR1 = {
          'link' => 'http://www.theblaze.com/news/2016/12/26/newt-gingrich-blasts-putin-for-u-n-vote-against-israel/',
          'caption' => 'www.theblaze.com',
          'created_time' => '2016-12-26T17:40:01+0000',
          'name' => 'Newt Gingrich blasts Putin for U.N. vote against Israel',
          'id' => '140738092630206_1318813678155969',
          'message' => 'Newt addresses the 800 pound gorilla in the room.'
        };

Domain: theblaze.com
Response:
{"id":"1622501708043673_1636922636601580"}

NPR Politics
-----------------------------

The New York Times
-----------------------------

NPR
-----------------------------
$VAR1 = {
          'link' => 'http://www.npr.org/sections/thetwo-way/2016/12/26/506995961/russian-investigators-eye-technical-problems-pilot-error-as-plane-crash-cause?utm_source=facebook.com&utm_medium=social&utm_campaign=npr&utm_term=nprnews&utm_content=2054',
          'caption' => 'npr.org',
          'created_time' => '2016-12-26T17:33:47+0000',
          'name' => 'Russian Investigators Eye Technical Problems, Pilot Error As Plane Crash Cause',
          'id' => '10643211755_10155119466626756',
          'message' => 'Russian officials say terrorism is no longer a focus in their investigations into a military plane crash on Sunday.'
        };

Domain: npr.org
Response:
{"id":"1622501708043673_1636922866601557"}

MSN
-----------------------------

CNN Politics
-----------------------------

The Daily Show
-----------------------------

Daily Kos
-----------------------------

Yahoo News
-----------------------------

The Guardian
-----------------------------

CNN
-----------------------------

Slate.com
-----------------------------

the AP
-----------------------------

Sean Hannity
-----------------------------

The Ed Schultz Show
-----------------------------

The Atlantic
-----------------------------

Bloomberg
-----------------------------

BuzzFeed
-----------------------------

Fox News
-----------------------------
$VAR1 = {
          'link' => 'https://www.facebook.com/FoxNews/videos/10154935549571336/',
          'created_time' => '2016-12-26T17:31:56+0000',
          'id' => '15704546335_10154935549571336',
          'message' => 'Harris Faulkner: "How do you have a guy who you named \'Lyin\' Ted\' on the highest court in the land?"

On Outnumbered Fox News, Meghan McCain explained why she thinks Ted Cruz would be a great pick for Supreme Court justice.'
        };

VICE
-----------------------------

Glenn Beck
-----------------------------

The Other 98%
-----------------------------


Total Posts Made:	9


