***********************************************************************************
Started at 12:30:02 on 00/31/2017
***********************************************************************************
Querying souces from the past 15 minutes....

Al Jazeera
-----------------------------
$VAR1 = {
          'link' => 'https://www.facebook.com/aljazeera/videos/10155168277208690/',
          'created_time' => '2017-01-31T17:30:00+0000',
          'name' => 'The future of foreign doctors in the US',
          'id' => '7382473689_10155168277208690',
          'message' => 'This Syrian doctor has spent the last 3 years working in rural Alabama in exchange for a J-1 visa. Now he fears he\'ll have to leave the country.'
        };

Upworthy
-----------------------------
$VAR1 = {
          'link' => 'http://u.pw/2jr1SEx',
          'caption' => 'upworthy.com',
          'created_time' => '2017-01-31T17:27:00+0000',
          'name' => 'Ellen used \'Finding Dory\' to send a vital message to Trump about immigration.',
          'id' => '354522044588660_1634009559973229',
          'message' => 'Trump\'s first movie at the White House was "Finding Dory." And Ellen noticed.'
        };

Domain: upworthy.com

The Huffington Post
-----------------------------

HuffPost Women
-----------------------------
$VAR1 = {
          'link' => 'http://huff.to/2kkyGP3',
          'caption' => 'huffingtonpost.com',
          'created_time' => '2017-01-31T17:20:08+0000',
          'name' => 'Mom\'s Passionate Post Is For Every Mother Who Has Struggled To Breastfeed',
          'id' => '153213781413350_1290836817651035',
          'message' => '"We all so desperately want to survive and push through. We so badly want to have our baby thrive. We want that relationship. We want the experience."'
        };

Domain: huffingtonpost.com
Response:
{"id":"1622501708043673_1650416168585560"}

PBS News Hour
-----------------------------

ATTN:
-----------------------------
$VAR1 = {
          'link' => 'http://www.attn.com/stories/14634/democrats-boycotting-voting-trumps-cabinet-nominees?utm_source=facebook&utm_medium=post&utm_campaign=internal',
          'caption' => 'attn.com',
          'created_time' => '2017-01-31T17:26:09+0000',
          'name' => 'Top Democrats Just Threw a Wrench in President Trump\'s Plans',
          'id' => '160389977329803_1272489682786488',
          'message' => 'This is unprecedented.'
        };

Domain: attn.com

Reuters
-----------------------------
$VAR1 = {
          'link' => 'http://reut.rs/2knPlkn',
          'caption' => 'reuters.com',
          'created_time' => '2017-01-31T17:20:46+0000',
          'name' => 'Exclusive: Trump administration to allow 872 refugees into U.S. this week - document',
          'id' => '114050161948682_1378643308822688',
          'message' => 'UPDATE: Customs and Border Patrol chief confirms that 872 refugees will be arriving in U.S. this week. Read our story here: http://reut.rs/2knPlkn'
        };

Domain: reuters.com

NowThis
-----------------------------

Daily Caller
-----------------------------
$VAR1 = {
          'link' => 'http://trib.al/VSNXbPp',
          'caption' => 'dailycaller.com',
          'created_time' => '2017-01-31T17:24:43+0000',
          'name' => 'Big Pharma Stocks Jump After Trump Meeting',
          'id' => '182919686769_10154188813496770',
          'message' => 'Trump told Big Pharma executives today at a White House meeting that things must be altered. Shares of the firm\'s jumped following the discussion.'
        };

Domain: dailycaller.com
$VAR1 = {
          'link' => 'http://trib.al/Ls9TDEB',
          'caption' => 'dailycaller.com',
          'created_time' => '2017-01-31T17:15:18+0000',
          'name' => 'This Ex-DNC Chair Whining About Trump Being A \'Dictator\' Is Laugh Out Loud Funny',
          'id' => '182919686769_10154188790006770',
          'message' => 'She just made a bold accusation about President Trump.'
        };

Domain: dailycaller.com

CNBC
-----------------------------
$VAR1 = {
          'link' => 'http://cnb.cx/2kPeQIG',
          'caption' => 'cnbc.com',
          'created_time' => '2017-01-31T17:19:53+0000',
          'name' => 'Euro zone growth outpaces the US for the first time since the 2008 crash',
          'id' => '97212224368_10155163933559369',
          'message' => 'Stronger-than-expected growth... in Europe.'
        };

Domain: cnbc.com
$VAR1 = {
          'link' => 'http://cnb.cx/2kNxapk',
          'caption' => 'cnbc.com',
          'created_time' => '2017-01-31T17:19:21+0000',
          'name' => 'Trump\'s Supreme Court pick: How does a nominee get confirmed',
          'id' => '97212224368_10155163932189369',
          'message' => 'Here\'s what you need to know.'
        };

Domain: cnbc.com

The Onion
-----------------------------
$VAR1 = {
          'link' => 'http://trib.al/lKFjxRx',
          'caption' => 'theonion.com',
          'created_time' => '2017-01-31T17:24:08+0000',
          'name' => "Trump Supporter Has Few Backup Scapegoats Ready To Go In Case Crackdown On Immigrants Doesn\x{2019}t Fix Everything",
          'id' => '20950654496_10155100681279497',
          'message' => "\"I\x{2019}m expecting the mass deportations, forced registrations, indefinite detainment without trial, and expanded surveillance to solve every conceivable problem, but just to be safe, I\x{2019}ve got a handful of other groups I\x{2019}m ready to demonize.\""
        };

Domain: theonion.com

Opposing Views
-----------------------------
$VAR1 = {
          'link' => 'https://www.opposingviews.com/i/politics/iran-just-made-terrifying-move-against-president-trump',
          'caption' => 'opposingviews.com',
          'created_time' => '2017-01-31T17:30:00+0000',
          'name' => 'Iran Makes Disturbing Move Against President Trump',
          'id' => '34226391050_10154477468811051',
          'message' => 'Iran just made a disturbing move against President Trump.'
        };

Domain: opposingviews.com

the Today Show
-----------------------------
$VAR1 = {
          'link' => 'http://www.today.com/parents/hottest-boy-girl-baby-names-2017-predicted-t107590?cid=sm_fbn',
          'caption' => 'today.com',
          'created_time' => '2017-01-31T17:29:00+0000',
          'name' => 'See the predictions for trendiest boy and girl baby names of 2017',
          'id' => '12566691349_10154991562581350',
          'message' => "Is your favorite baby name be on the \x{201c}hot list\x{201d} this year?"
        };

Domain: today.com

Kotaku
-----------------------------

Washington Post
-----------------------------
$VAR1 = {
          'link' => 'https://www.washingtonpost.com/local/call-911-she-fought-a-masked-intruder-in-her-daughters-bedroom-then-he-fired-a-gun/2017/01/31/f3bf6fee-e3f4-11e6-a453-19ec4b3d09ba_story.html?tid=sm_fb&utm_term=.95cb3c9417e9',
          'caption' => 'washingtonpost.com',
          'created_time' => '2017-01-31T17:30:00+0000',
          'name' => "\x{2018}Call 911!\x{2019} She fought a masked intruder in her daughter\x{2019}s bedroom. Then he fired a gun.",
          'id' => '6250307292_10154725606322293',
          'message' => 'Suzanne Zaremba was shot trying to save Charlotte,16, who was killed. Her attacker was a 15-year-old classmate who had asked her to a homecoming dance, The Post has learned.'
        };

Domain: washingtonpost.com
Response:
{"id":"1622501708043673_1650416311918879"}

the American Center for Law and Justice
-----------------------------

VICE News
-----------------------------
$VAR1 = {
          'link' => 'https://www.facebook.com/vicenews/videos/732062796953673/',
          'created_time' => '2017-01-31T17:21:10+0000',
          'name' => 'Fighting Trump\'s immigration ban at JFK',
          'id' => '235852889908002_732062796953673',
          'message' => 'A volunteer lawyer describes how she fought Trump\'s immigration ban at JFK.'
        };

PBS
-----------------------------

Mother Jones
-----------------------------

HuffPost Good News
-----------------------------
$VAR1 = {
          'link' => 'http://huff.to/2kniw7V',
          'caption' => 'huffingtonpost.com',
          'created_time' => '2017-01-31T17:24:48+0000',
          'name' => 'Read These 23 Books And Authors When The Injustice Is Overwhelming',
          'id' => '202163013203224_1273765362709645',
          'message' => 'For all our bookworms out there!'
        };

Domain: huffingtonpost.com
Response:
{"id":"1622501708043673_1650416425252201"}

BBC News
-----------------------------

Breaking News
-----------------------------

The Verge
-----------------------------

New York Magazine
-----------------------------

TIME
-----------------------------

the Business Insider
-----------------------------
$VAR1 = {
          'link' => 'http://www.businessinsider.com/seth-meyers-donald-trump-immigration-ban-2017-1',
          'caption' => 'businessinsider.com',
          'created_time' => '2017-01-31T17:30:00+0000',
          'name' => 'Seth Meyers slams \'incompetent\' Trump\'s messy immigration ban',
          'id' => '20446254070_10154342021864071',
          'message' => 'Seth Meyers called Donald J. Trump\'s ban \'very poorly thought out.\''
        };

Domain: businessinsider.com
$VAR1 = {
          'link' => 'http://read.bi/2knizQs',
          'caption' => 'businessinsider.com',
          'created_time' => '2017-01-31T17:20:01+0000',
          'name' => 'Trump\'s clumsiness makes the Fed\'s job easier',
          'id' => '20446254070_10154342237699071',
          'message' => 'The argument for standing pat seems open and shut.'
        };

Domain: businessinsider.com

ThinkProgress
-----------------------------
$VAR1 = {
          'link' => 'https://thinkprogress.org/dems-block-vote-on-two-cabinet-nominees-republicans-decry-obstructionism-8db94e7ab7ec#.kdgxi8d3x',
          'caption' => 'thinkprogress.org',
          'created_time' => '2017-01-31T17:26:47+0000',
          'name' => 'Democrats boycott hearings of two cabinet nominees, demand the truth',
          'id' => '200137333331078_1523291151015683',
          'message' => "Republicans, apparently without any sense of irony, decried it as \x{201c}unprecedented level of obstruction.\x{201d}"
        };

Domain: thinkprogress.org
Response:
{"id":"1622501708043673_1650416571918853"}

POLITICO
-----------------------------
$VAR1 = {
          'link' => 'http://politi.co/2kQJhy1',
          'caption' => 'politi.co',
          'created_time' => '2017-01-31T17:30:08+0000',
          'name' => 'Ryan says immigration rollout was \'confusing\'',
          'id' => '62317591679_10154248809906680',
          'message' => "\x{201c}No one wanted to see people with green cards or special immigrant visas like translators get caught up in all of this,\" Speaker Paul Ryan said."
        };

Domain: politi.co

Alias: politico.com
Response:
{"id":"1622501708043673_1650416671918843"}
$VAR1 = {
          'link' => 'http://politi.co/2kQt5Nd',
          'caption' => 'politi.co',
          'created_time' => '2017-01-31T17:15:19+0000',
          'name' => 'Broadcast Networks to air Trump\'s Supreme Court announcement',
          'id' => '62317591679_10154248758611680',
          'message' => 'Donald J. Trump\'s announcement will come at 8 p.m. EST, right at the start of the broadcast networks\' key primetime hours.'
        };

Domain: politi.co

Alias: politico.com
Response:
{"id":"1622501708043673_1650416768585500"}

USA TODAY
-----------------------------
$VAR1 = {
          'link' => 'http://www.usatoday.com/story/news/world/2017/01/31/donald-trump-refugees/97284688/',
          'caption' => 'usatoday.com',
          'created_time' => '2017-01-31T17:25:47+0000',
          'name' => 'Trump administration to allow 872 refugees into U.S. this week',
          'id' => '13652355666_10154362106390667',
          'message' => 'BREAKING: The U.S. government has granted waivers to let 872 refugees into the country this week.'
        };

Domain: usatoday.com
Response:
{"id":"1622501708043673_1650416965252147"}

American News
-----------------------------

ABC News
-----------------------------
$VAR1 = {
          'link' => 'https://www.facebook.com/ABCNews/videos/10155340271698812/',
          'created_time' => '2017-01-31T17:25:54+0000',
          'name' => 'DHS Sec. Kelly Talks About Executive Order',
          'id' => '86680728811_10155340271698812',
          'message' => 'DHS Sec. Kelly on immigration order: "This is not, I repeat, not a ban on Muslims. The Homeland Security mission is to safeguard the American people." http://abcn.ws/2kMpMHQ'
        };

HuffPost Politics
-----------------------------

NBC News
-----------------------------

AJ+
-----------------------------

Wikileaks
-----------------------------

CNNMoney
-----------------------------
$VAR1 = {
          'link' => 'http://cnnmon.ie/2jR5M5X',
          'caption' => 'money.cnn.com',
          'created_time' => '2017-01-31T17:27:00+0000',
          'name' => 'Exxon profit falls 40% as cheap oil pain lingers',
          'id' => '6651543066_10154333344993067',
          'message' => 'The oil behemoth\'s longtime CEO Rex Tillerson has just left to join the Trump administration. http://cnnmon.ie/2jR5M5X'
        };

Domain: cnn.com
Response:
{"id":"1622501708043673_1650417068585470"}
$VAR1 = {
          'link' => 'http://cnnmon.ie/2jMTBtf',
          'caption' => 'money.cnn.com',
          'created_time' => '2017-01-31T17:21:06+0000',
          'name' => 'Coolest hotel bars for business travelers',
          'id' => '6651543066_10154333333823067',
          'message' => 'In the best hotel bars for business, you\'ll find interesting cocktails and bar snacks, sophisticated decor and a small-talk friendly setting. No loud DJs playing or drunken guests stumbling about. http://cnnmon.ie/2jMTBtf @HotelLincoln'
        };

Domain: cnn.com
Response:
{"id":"1622501708043673_1650417161918794"}

ABC News Politics
-----------------------------
$VAR1 = {
          'link' => 'http://abcn.ws/2kQ6VLa',
          'caption' => 'abcnews.go.com',
          'created_time' => '2017-01-31T17:19:37+0000',
          'name' => 'How Government Strives to Tell if Refugee Applicant Is Lying About Being Christian',
          'id' => '184096565021911_1170110956420462',
          'message' => 'Often, if someone is a Christian minority in his or her country, his or her religion will be stated on the birth certificate.'
        };

Domain: go.com
Response:
{"id":"1622501708043673_1650417301918780"}

Right Wing News
-----------------------------
$VAR1 = {
          'link' => 'http://rightwingnews.com/crime/major-announcement-chicago-thugs-tortured-disabled-trump-supporter/',
          'caption' => 'rightwingnews.com',
          'created_time' => '2017-01-31T17:30:00+0000',
          'name' => 'Major Announcement About Chicago Thugs Who Tortured Disabled Trump Supporter',
          'id' => '389658314427637_1688655297861259',
          'message' => 'Should they get LIFE IN JAIL?'
        };

Domain: rightwingnews.com

The Wall Street Journal
-----------------------------
$VAR1 = {
          'link' => 'http://on.wsj.com/2kQAWKO',
          'caption' => 'wsj.com',
          'created_time' => '2017-01-31T17:20:11+0000',
          'name' => 'Police Weigh Terror Charges in Quebec Mosque Shooting',
          'id' => '8304333127_10155386700788128',
          'message' => 'Canadian police say they have issued search warrants to determine whether further charges related to terrorism are warranted against a 27-year-old charged with murder after a deadly shooting at a Quebec City mosque.'
        };

Domain: wsj.com
Response:
{"id":"1622501708043673_1650417468585430"}

MSNBC
-----------------------------

the Drudge Report
-----------------------------

Mic
-----------------------------
$VAR1 = {
          'link' => 'https://mic.com/articles/167177/james-corden-has-a-simple-poignant-response-to-donald-trumps-immigration-ban',
          'caption' => 'mic.com',
          'created_time' => '2017-01-31T17:22:32+0000',
          'name' => "James Corden films a simple but powerful response to Trump\x{2019}s Muslim ban",
          'id' => '174742062548592_1384532068236246',
          'message' => 'James Corden is speaking out against Donald J. Trump\'s recent xenophobic actions.'
        };

Domain: mic.com

The Economist
-----------------------------

Bloomberg Politics
-----------------------------

CBS News
-----------------------------
$VAR1 = {
          'link' => 'http://cbsn.ws/2kntdHt',
          'caption' => 'www.cbsnews.com',
          'created_time' => '2017-01-31T17:28:02+0000',
          'name' => 'Jeff Sessions vote: Judiciary Committee considers attorney general nomination',
          'id' => '131459315949_10154323334370950',
          'message' => 'Sen. Judiciary Committee Chairman Chuck Grassley is allowing Senate members to make speeches prior to voting to advance Jeff Sessions\' nomination to be attorney general.'
        };

Domain: cbsnews.com
Response:
{"id":"1622501708043673_1650417771918733"}

The Young Turks
-----------------------------
$VAR1 = {
          'link' => 'https://storify.com/editoremilye/i-worked-for-congress-for-six-years',
          'created_time' => '2017-01-31T17:30:01+0000',
          'name' => 'Justice Democrats',
          'id' => '210277954204_10154334274359205'
        };

Occupy Democrats
-----------------------------
$VAR1 = {
          'link' => 'https://www.facebook.com/TheOther98/photos/a.115969958413991.17486.114517875225866/1678496092161362/?type=3',
          'created_time' => '2017-01-31T17:30:00+0000',
          'name' => 'The Other 98%',
          'id' => '346937065399354_1410336862392697'
        };

CBC News
-----------------------------
$VAR1 = {
          'link' => 'http://www.cbc.ca/news/business/donald-trump-lgbtq-1.3959590?cmp=rss',
          'caption' => 'cbc.ca',
          'created_time' => '2017-01-31T17:29:06+0000',
          'name' => 'Trump vows to uphold Obama\'s executive order defending LGBTQ workplace rights',
          'id' => '5823419603_10155113116244604',
          'message' => 'Trump is to announce his Supreme Court pick tonight.'
        };

Newsweek
-----------------------------

CNN International
-----------------------------
$VAR1 = {
          'link' => 'http://cnn.it/2jRDRTk',
          'caption' => 'edition.cnn.com',
          'created_time' => '2017-01-31T17:30:02+0000',
          'name' => 'Britain posthumously pardons thousands of gay men in \'Turing law\'',
          'id' => '18793419640_10154963448704641',
          'message' => '"This is a truly momentous day. We can never undo the hurt caused, but we have apologized and taken action to right these wrongs."'
        };

Domain: cnn.com
Response:
{"id":"1622501708043673_1650417855252058"}

The New Yorker
-----------------------------
$VAR1 = {
          'link' => 'http://nyer.cm/E2u7cc6',
          'caption' => 'newyorker.com',
          'created_time' => '2017-01-31T17:30:26+0000',
          'name' => 'Speechless: The Trump Effect',
          'id' => '9258148868_10154430428078869',
          'message' => 'To render Americans speechless is not the same as rendering them helpless, or hopeless, or silent, or grovelling.'
        };

Domain: newyorker.com
Response:
{"id":"1622501708043673_1650417961918714"}

Rush Limbaugh
-----------------------------

The Independent
-----------------------------
$VAR1 = {
          'link' => 'http://www.independent.co.uk/voices/donald-trump-state-visit-travel-ban-the-queen-theresa-may-protest-a7553486.html?cmpid=facebook-post',
          'caption' => 'independent.co.uk',
          'created_time' => '2017-01-31T17:21:00+0000',
          'name' => "We Brits are renowned for our politeness \x{2013} but even we can't stomach holding a state visit from Donald Trump",
          'id' => '13312631635_10154444928691636',
          'message' => '\'Not this time\''
        };

Domain: independent.co.uk

TheBlaze
-----------------------------
$VAR1 = {
          'link' => 'http://www.theblaze.com/video/the-good-the-bad-the-ugly-of-president-trumps-first-week/',
          'caption' => 'www.theblaze.com',
          'created_time' => '2017-01-31T17:21:01+0000',
          'name' => "The good, the bad, the ugly of President Trump\x{2019}s first week",
          'id' => '140738092630206_1355266237844046',
          'message' => 'Dana Loesch & Ben Shapiro review President Donald J. Trump \'s first week in office: http://bit.ly/2kcO1ie'
        };

Domain: theblaze.com
Response:
{"id":"1622501708043673_1650418048585372"}
$VAR1 = {
          'link' => 'http://www.theblaze.com/news/2017/01/31/we-need-to-start-killing-people-pro-black-lives-matter-preschool-teacher-unleashes-f-bomb-rant/',
          'caption' => 'www.theblaze.com',
          'created_time' => '2017-01-31T17:16:01+0000',
          'name' => "\x{2018}We need to start killing people\x{2019}: Pro-Black Lives Matter preschool teacher unleashes F-bomb rant",
          'id' => '140738092630206_1355258591178144',
          'message' => 'Ah, let the healing begin.'
        };

Domain: theblaze.com
Response:
{"id":"1622501708043673_1650418178585359"}

NPR Politics
-----------------------------
$VAR1 = {
          'link' => 'http://www.npr.org/2017/01/31/512439121/trumps-executive-order-on-immigration-annotated?utm_source=facebook.com&utm_medium=social&utm_campaign=politics&utm_term=nprnews&utm_content=20170131',
          'caption' => 'npr.org',
          'created_time' => '2017-01-31T17:30:00+0000',
          'name' => 'Trump\'s Executive Order On Immigration, Annotated',
          'id' => '1604383669807606_1854380378141266',
          'message' => 'The order, which temporarily bans travel from seven Muslim-majority countries, has prompted protests and legal action around the country. Here is the full text, annotated by NPR journalists.'
        };

Domain: npr.org
Response:
{"id":"1622501708043673_1650418338585343"}

The New York Times
-----------------------------
$VAR1 = {
          'link' => 'https://www.nytimes.com/2017/01/31/magazine/the-youth-group-that-launched-a-movement-at-standing-rock.html?smid=fb-nytimes&smtyp=cur',
          'caption' => 'nytimes.com',
          'created_time' => '2017-01-31T17:25:02+0000',
          'name' => 'The Youth Group That Launched a Movement at Standing Rock',
          'id' => '5281959998_10151067401534999',
          'message' => 'Impelled by tragedy and guided by prophecy, one youth group\'s anti-suicide campaign became a movement to combat the Dakota Access Pipeline.'
        };

Domain: nytimes.com
Response:
{"id":"1622501708043673_1650418468585330"}

NPR
-----------------------------
$VAR1 = {
          'link' => 'http://www.npr.org/2017/01/31/512645903/senate-democrats-block-committee-votes-on-two-trump-nominees?utm_source=facebook.com&utm_medium=social&utm_campaign=npr&utm_term=nprnews&utm_content=20170131',
          'caption' => 'npr.org',
          'created_time' => '2017-01-31T17:19:37+0000',
          'name' => 'Senate Democrats Block Committee Votes On Two Trump Nominees',
          'id' => '10643211755_10155252822866756',
          'message' => 'Democrats are under increasing pressure from voters to obstruct the Trump administration however they can.'
        };

Domain: npr.org
Response:
{"id":"1622501708043673_1650418588585318"}

MSN
-----------------------------

CNN Politics
-----------------------------

The Daily Show
-----------------------------

Daily Kos
-----------------------------
$VAR1 = {
          'link' => 'http://www.dailykos.com/story/2017/1/30/1627703/-Trump-s-voter-fraud-expert-is-registered-to-vote-in-three-states?detail=facebook',
          'caption' => 'dailykos.com',
          'created_time' => '2017-01-31T17:20:02+0000',
          'name' => 'Trump\'s voter fraud "expert" is registered to vote in three states.',
          'id' => '43179984254_10155128474554255',
          'message' => 'Of course he is.

By Daily Kos use subir'
        };

Domain: dailykos.com
Response:
{"id":"1622501708043673_1650418675251976"}

Yahoo News
-----------------------------
$VAR1 = {
          'link' => 'https://www.facebook.com/yahoonews/videos/10154846391791597/',
          'created_time' => '2017-01-31T17:28:05+0000',
          'name' => 'LeBron James rips Charles Barkley',
          'id' => '338028696036_10154846391791597',
          'message' => 'LeBron James slams Charles Barkley after his recent Cleveland Cavaliers criticism: "I\'m not the one who threw somebody through a window. I never spit on a kid."'
        };
$VAR1 = {
          'link' => 'https://yhoo.it/2kLlfsn',
          'created_time' => '2017-01-31T17:20:00+0000',
          'name' => 'Yahoo Sports',
          'id' => '338028696036_10155179759696037'
        };
$VAR1 = {
          'link' => 'https://yhoo.it/2jRFuQR',
          'caption' => 'yahoo.com',
          'created_time' => '2017-01-31T17:15:39+0000',
          'name' => 'Senate committee approves Betsy DeVos, sends nomination to full Senate',
          'id' => '338028696036_10155183416676037',
          'message' => 'BREAKING'
        };

Domain: yahoo.com
Response:
{"error":{"message":"It looks like you were misusing this feature by going too fast. You\u2019ve been blocked from using it.\n\nLearn more about blocks in the Help Center.","type":"OAuthException","code":368,"error_subcode":1390008,"error_user_msg":"","fbtrace_id":"HMfOyB8fOxd"}}

Facebook ran into an error and the post was not published. Zach Muckerberg please fix. Try again in a few hours.

