***********************************************************************************
Started at 23:40:01 on 10/27/2016
***********************************************************************************
Querying souces from the past 10 minutes....

Al Jazeera
-----------------------------

Upworthy
-----------------------------

The Huffington Post
-----------------------------

HuffPost Women
-----------------------------

PBS News Hour
-----------------------------

ATTN:
-----------------------------

Reuters
-----------------------------

NowThis
-----------------------------

Daily Caller
-----------------------------

CNBC
-----------------------------
$VAR1 = {
          'link' => 'http://cnb.cx/2fU02Go',
          'caption' => 'cnbc.com',
          'created_time' => '2016-11-28T04:33:12+0000',
          'name' => 'Here\'s what Kobe Bryant would tell his 17-year-old self about money',
          'id' => '97212224368_10154927722544369',
          'message' => 'Kobe Bryant was just 17 when the LA Lakers made him a millionaire overnight.'
        };

Domain: cnbc.com

The Onion
-----------------------------
$VAR1 = {
          'link' => 'https://www.facebook.com/clickhole/videos/1581606618746265/',
          'created_time' => '2016-11-28T04:40:26+0000',
          'name' => 'ClickHole',
          'id' => '20950654496_10154873326099497',
          'message' => 'Via ClickHole'
        };

Opposing Views
-----------------------------
$VAR1 = {
          'link' => 'https://www.opposingviews.com/i/politics/jill-stein-and-hillary-clinton-are-requesting-recount-wisconsin-heres-how-donald-trump?fb=ov',
          'caption' => 'opposingviews.com',
          'created_time' => '2016-11-28T04:37:00+0000',
          'name' => '\'This Is A Scam...\': Trump Responds To Clinton Joining Wisconsin Recount',
          'id' => '34226391050_10154287629531051',
          'message' => 'Donald Trump has some harsh words for Clinton joining the recount. Do you agree with what he\'s saying?'
        };

Domain: opposingviews.com

the Today Show
-----------------------------

Kotaku
-----------------------------

Washington Post
-----------------------------

the American Center for Law and Justice
-----------------------------

VICE News
-----------------------------

PBS
-----------------------------

Mother Jones
-----------------------------

HuffPost Good News
-----------------------------
$VAR1 = {
          'link' => 'http://huff.to/2glMAMd',
          'caption' => 'huffingtonpost.com',
          'created_time' => '2016-11-28T04:32:05+0000',
          'id' => '202163013203224_1201741556578693',
          'message' => '1. Perfection equals success.'
        };

Domain: huffingtonpost.com
$VAR1 = bless( {
                 'response' => bless( {
                                        '_protocol' => 'HTTP/1.1',
                                        '_content' => '{"error":{"message":"It looks like you were misusing this feature by going too fast. You\\u2019ve been blocked from using it.\\n\\nLearn more about blocks in the Help Center.","type":"OAuthException","code":368,"error_subcode":1390008,"fbtrace_id":"FxXAU9MqK1V"}}',
                                        '_rc' => '400',
                                        '_headers' => bless( {
                                                               'connection' => 'close',
                                                               'cache-control' => 'no-store',
                                                               'x-fb-rev' => '2702404',
                                                               'date' => 'Mon, 28 Nov 2016 04:40:28 GMT',
                                                               'x-fb-debug' => 'NK2OlS7GOONHUlSrPNzgPD6rwRpASbzhXZrnnuQxD4/Ce36y7Whsrtn3ySp99rxUSzcFf22IBJvIAL5I1T97lw==',
                                                               'access-control-allow-origin' => '*',
                                                               'vary' => 'Accept-Encoding',
                                                               'client-ssl-cert-issuer' => '/C=US/O=DigiCert Inc/OU=www.digicert.com/CN=DigiCert SHA2 High Assurance Server CA',
                                                               'client-ssl-cipher' => 'ECDHE-ECDSA-AES128-GCM-SHA256',
                                                               'client-peer' => '31.13.65.1:443',
                                                               'facebook-api-version' => 'v2.8',
                                                               'client-date' => 'Mon, 28 Nov 2016 04:40:28 GMT',
                                                               'x-page-usage' => '{"call_count":44,"total_cputime":16,"total_time":21}',
                                                               'content-type' => 'text/javascript; charset=UTF-8',
                                                               'pragma' => 'no-cache',
                                                               'www-authenticate' => 'OAuth "Facebook Platform" "access_denied" "It looks like you were misusing this feature by going too fast. You’ve been blocked from using it.\\n\\nLearn more about blocks in the Help Center."',
                                                               'client-ssl-socket-class' => 'IO::Socket::SSL',
                                                               'client-response-num' => 1,
                                                               'x-fb-trace-id' => 'FxXAU9MqK1V',
                                                               '::std_case' => {
                                                                                 'client-response-num' => 'Client-Response-Num',
                                                                                 'x-fb-rev' => 'X-Fb-Rev',
                                                                                 'x-fb-debug' => 'X-FB-Debug',
                                                                                 'access-control-allow-origin' => 'Access-Control-Allow-Origin',
                                                                                 'client-ssl-cert-issuer' => 'Client-SSL-Cert-Issuer',
                                                                                 'client-ssl-cipher' => 'Client-SSL-Cipher',
                                                                                 'client-peer' => 'Client-Peer',
                                                                                 'facebook-api-version' => 'Facebook-Api-Version',
                                                                                 'x-fb-trace-id' => 'X-Fb-Trace-Id',
                                                                                 'client-date' => 'Client-Date',
                                                                                 'x-page-usage' => 'X-Page-Usage',
                                                                                 'client-ssl-cert-subject' => 'Client-SSL-Cert-Subject',
                                                                                 'client-ssl-socket-class' => 'Client-SSL-Socket-Class'
                                                                               },
                                                               'client-ssl-cert-subject' => '/C=US/ST=CA/L=Menlo Park/O=Facebook, Inc./CN=*.facebook.com',
                                                               'expires' => 'Sat, 01 Jan 2000 00:00:00 GMT'
                                                             }, 'HTTP::Headers' ),
                                        '_msg' => 'Bad Request',
                                        '_request' => bless( {
                                                               '_content' => 'access_token=EAAPvBQ5tbjMBAOZCljSOHJaa34AP592NeeQe2myDFLNEAveb8YXf1ELXevI1MsTSCTvx2L2cFWYW8BpzTpeb2bydgVyzpzu5UisFemZC1TldMOZBJFnBq5zXzdGyy3ZABg1nUYRZAStCeCeSffZCSQUacCpgMorcec71s7O36CwAZDZD&message=The+Facebook+page+of+HuffPost+Good+News+originally+shared+this+article.+According+to+data+gathered+by+the+Pew+Research+Center%2C+Huffington+Post+is+about+equally+trusted+and+distrusted+by+survey+respondents+who+have+heard+of+the+source.+(Over+40%25+of+respondents)+%0D%0AAdditionally%2C+the+research+indicates+that+left-leaning+readers+were+more+likely+to+find+this+source+credible+than+other+readers.+%0D%0A%0D%0AOut+of+the+76%25+of+respondents+who+have+heard+of+Huffington+Post%2C%0D%0A27%25%09trusted+the+news+source%2C%0D%0A27%25%09distrusted+the+news+source%2C+and%0D%0A47%25%09neither+trusted+nor+distrusted+the+news+source.%0D%0A%0D%0ATo+learn+more+about+Pew+Research+Center\'s+study+on+Political+Polarization+%26+Media+Habits%2C+follow+this+link+to+visit+their+report.+https%3A%2F%2Fgoo.gl%2FxwVtjv&link=http%3A%2F%2Fhuff.to%2F2glMAMd&published=true',
                                                               '_uri' => bless( do{\(my $o = 'https://graph.facebook.com/v2.2/1622501708043673/feed')}, 'URI::https' ),
                                                               '_headers' => bless( {
                                                                                      'user-agent' => 'libwww-perl/6.15',
                                                                                      'content-type' => 'application/x-www-form-urlencoded',
                                                                                      'content-length' => 1055,
                                                                                      '::std_case' => {
                                                                                                        'if-ssl-cert-subject' => 'If-SSL-Cert-Subject'
                                                                                                      }
                                                                                    }, 'HTTP::Headers' ),
                                                               '_method' => 'POST',
                                                               '_uri_canonical' => $VAR1->{'response'}{'_request'}{'_uri'}
                                                             }, 'HTTP::Request' )
                                      }, 'HTTP::Response' )
               }, 'Facebook::Graph::Response' );

BBC News
-----------------------------

Breaking News
-----------------------------

The Verge
-----------------------------

New York Magazine
-----------------------------

TIME
-----------------------------
$VAR1 = {
          'link' => 'http://ti.me/2fktkAo',
          'caption' => 'time.com',
          'created_time' => '2016-11-28T04:30:09+0000',
          'name' => '5 Strange But Effective Ways to Get Over a Breakup',
          'id' => '10606591490_10154202631656491',
          'message' => '5. Watch scary movies.'
        };

Domain: time.com

the Business Insider
-----------------------------
$VAR1 = {
          'link' => 'http://read.bi/2gdtBTQ',
          'caption' => 'businessinsider.com',
          'created_time' => '2016-11-28T04:40:07+0000',
          'name' => 'Sorry, Apple: The iPhone 7 camera is not better than Samsung\'s Galaxy S7',
          'id' => '20446254070_10154129574849071',
          'message' => 'It\'s a surprise, and a little disappointing.'
        };

Domain: businessinsider.com

ThinkProgress
-----------------------------

POLITICO
-----------------------------

USA TODAY
-----------------------------

American News
-----------------------------

ABC News
-----------------------------

HuffPost Politics
-----------------------------
$VAR1 = {
          'link' => 'https://www.facebook.com/HuffingtonPost/videos/10154450762306130/',
          'created_time' => '2016-11-28T04:34:08+0000',
          'name' => 'The Huffington Post',
          'id' => '56845382910_10154545843922911'
        };

NBC News
-----------------------------

AJ+
-----------------------------

Wikileaks
-----------------------------

CNNMoney
-----------------------------
$VAR1 = {
          'link' => 'http://cnnmon.ie/2gaR0FE',
          'caption' => 'money.cnn.com',
          'created_time' => '2016-11-28T04:31:01+0000',
          'name' => 'Starbucks cups through the years',
          'id' => '6651543066_10154131230718067',
          'message' => 'The newest Starbucks holiday cups feature designs created by 13 customers from six countries. http://cnnmon.ie/2gaR0FE'
        };

Domain: cnn.com
$VAR1 = bless( {
                 'response' => bless( {
                                        '_protocol' => 'HTTP/1.1',
                                        '_content' => '{"error":{"message":"It looks like you were misusing this feature by going too fast. You\\u2019ve been blocked from using it.\\n\\nLearn more about blocks in the Help Center.","type":"OAuthException","code":368,"error_subcode":1390008,"fbtrace_id":"CuR2rfoWHrb"}}',
                                        '_rc' => '400',
                                        '_headers' => bless( {
                                                               'connection' => 'close',
                                                               'cache-control' => 'no-store',
                                                               'x-fb-rev' => '2702404',
                                                               'date' => 'Mon, 28 Nov 2016 04:40:29 GMT',
                                                               'x-fb-debug' => 'Rg5Ld8cdD0mOICFfafh8pkxSgJyVTcmhzG5bdLixOzesadPAKe8tJNcVoZ45/VBUPgDN5ADNXwVLSKRyKkvp4g==',
                                                               'access-control-allow-origin' => '*',
                                                               'vary' => 'Accept-Encoding',
                                                               'client-ssl-cert-issuer' => '/C=US/O=DigiCert Inc/OU=www.digicert.com/CN=DigiCert SHA2 High Assurance Server CA',
                                                               'client-ssl-cipher' => 'ECDHE-ECDSA-AES128-GCM-SHA256',
                                                               'client-peer' => '31.13.65.1:443',
                                                               'facebook-api-version' => 'v2.8',
                                                               'client-date' => 'Mon, 28 Nov 2016 04:40:29 GMT',
                                                               'x-page-usage' => '{"call_count":44,"total_cputime":16,"total_time":21}',
                                                               'content-type' => 'text/javascript; charset=UTF-8',
                                                               'pragma' => 'no-cache',
                                                               'www-authenticate' => 'OAuth "Facebook Platform" "access_denied" "It looks like you were misusing this feature by going too fast. You’ve been blocked from using it.\\n\\nLearn more about blocks in the Help Center."',
                                                               'client-ssl-socket-class' => 'IO::Socket::SSL',
                                                               'client-response-num' => 1,
                                                               'x-fb-trace-id' => 'CuR2rfoWHrb',
                                                               '::std_case' => {
                                                                                 'client-response-num' => 'Client-Response-Num',
                                                                                 'x-fb-rev' => 'X-Fb-Rev',
                                                                                 'x-fb-debug' => 'X-FB-Debug',
                                                                                 'access-control-allow-origin' => 'Access-Control-Allow-Origin',
                                                                                 'client-ssl-cert-issuer' => 'Client-SSL-Cert-Issuer',
                                                                                 'client-ssl-cipher' => 'Client-SSL-Cipher',
                                                                                 'client-peer' => 'Client-Peer',
                                                                                 'facebook-api-version' => 'Facebook-Api-Version',
                                                                                 'x-fb-trace-id' => 'X-Fb-Trace-Id',
                                                                                 'client-date' => 'Client-Date',
                                                                                 'x-page-usage' => 'X-Page-Usage',
                                                                                 'client-ssl-cert-subject' => 'Client-SSL-Cert-Subject',
                                                                                 'client-ssl-socket-class' => 'Client-SSL-Socket-Class'
                                                                               },
                                                               'client-ssl-cert-subject' => '/C=US/ST=CA/L=Menlo Park/O=Facebook, Inc./CN=*.facebook.com',
                                                               'expires' => 'Sat, 01 Jan 2000 00:00:00 GMT'
                                                             }, 'HTTP::Headers' ),
                                        '_msg' => 'Bad Request',
                                        '_request' => bless( {
                                                               '_content' => 'access_token=EAAPvBQ5tbjMBAOZCljSOHJaa34AP592NeeQe2myDFLNEAveb8YXf1ELXevI1MsTSCTvx2L2cFWYW8BpzTpeb2bydgVyzpzu5UisFemZC1TldMOZBJFnBq5zXzdGyy3ZABg1nUYRZAStCeCeSffZCSQUacCpgMorcec71s7O36CwAZDZD&message=The+Facebook+page+of+CNNMoney+originally+shared+this+article.+According+to+data+gathered+by+the+Pew+Research+Center%2C+CNN+is+more+trusted+than+distrusted+by+survey+respondents+who+have+heard+of+the+source.+(Over+40%25+of+respondents)+%0D%0AAdditionally%2C+the+research+indicates+that+left-leaning+readers+were+more+likely+to+find+this+source+credible+than+other+readers.+%0D%0A%0D%0AOut+of+the+95%25+of+respondents+who+have+heard+of+CNN%2C%0D%0A57%25%09trusted+the+news+source%2C%0D%0A22%25%09distrusted+the+news+source%2C+and%0D%0A22%25%09neither+trusted+nor+distrusted+the+news+source.%0D%0A%0D%0ATo+learn+more+about+Pew+Research+Center\'s+study+on+Political+Polarization+%26+Media+Habits%2C+follow+this+link+to+visit+their+report.+https%3A%2F%2Fgoo.gl%2FxwVtjv&link=http%3A%2F%2Fcnnmon.ie%2F2gaR0FE&published=true',
                                                               '_uri' => bless( do{\(my $o = 'https://graph.facebook.com/v2.2/1622501708043673/feed')}, 'URI::https' ),
                                                               '_headers' => bless( {
                                                                                      'user-agent' => 'libwww-perl/6.15',
                                                                                      'content-type' => 'application/x-www-form-urlencoded',
                                                                                      'content-length' => 1015,
                                                                                      '::std_case' => {
                                                                                                        'if-ssl-cert-subject' => 'If-SSL-Cert-Subject'
                                                                                                      }
                                                                                    }, 'HTTP::Headers' ),
                                                               '_method' => 'POST',
                                                               '_uri_canonical' => $VAR1->{'response'}{'_request'}{'_uri'}
                                                             }, 'HTTP::Request' )
                                      }, 'HTTP::Response' )
               }, 'Facebook::Graph::Response' );

ABC News Politics
-----------------------------

Right Wing News
-----------------------------

The Wall Street Journal
-----------------------------

MSNBC
-----------------------------

the Drudge Report
-----------------------------

Mic
-----------------------------

The Economist
-----------------------------

Bloomberg Politics
-----------------------------

CBS News
-----------------------------
$VAR1 = {
          'link' => 'http://cbsn.ws/2gAllhn',
          'caption' => 'www.cbsnews.com',
          'created_time' => '2016-11-28T04:33:07+0000',
          'name' => 'The "super-tasters" flavoring your food',
          'id' => '131459315949_10154111514375950',
          'message' => 'Feeling stuffed after Thanksgiving? As Morley Safer reported, it may be because the food you eat is designed to hijack your brain.'
        };

Domain: cbsnews.com
$VAR1 = bless( {
                 'response' => bless( {
                                        '_protocol' => 'HTTP/1.1',
                                        '_content' => '{"error":{"message":"It looks like you were misusing this feature by going too fast. You\\u2019ve been blocked from using it.\\n\\nLearn more about blocks in the Help Center.","type":"OAuthException","code":368,"error_subcode":1390008,"fbtrace_id":"ERNk0VoG2D6"}}',
                                        '_rc' => '400',
                                        '_headers' => bless( {
                                                               'connection' => 'close',
                                                               'cache-control' => 'no-store',
                                                               'x-fb-rev' => '2702404',
                                                               'date' => 'Mon, 28 Nov 2016 04:40:29 GMT',
                                                               'x-fb-debug' => 'w6PElnCHLPUezmshzyWhzEjA3CfsKE0sr89y1ER+sa561n5crpyx9U/mh7cNhhFugg43ignaLdxlCXMPx1Dm6g==',
                                                               'access-control-allow-origin' => '*',
                                                               'vary' => 'Accept-Encoding',
                                                               'client-ssl-cert-issuer' => '/C=US/O=DigiCert Inc/OU=www.digicert.com/CN=DigiCert SHA2 High Assurance Server CA',
                                                               'client-ssl-cipher' => 'ECDHE-ECDSA-AES128-GCM-SHA256',
                                                               'client-peer' => '31.13.65.1:443',
                                                               'facebook-api-version' => 'v2.8',
                                                               'client-date' => 'Mon, 28 Nov 2016 04:40:29 GMT',
                                                               'x-page-usage' => '{"call_count":44,"total_cputime":16,"total_time":21}',
                                                               'content-type' => 'text/javascript; charset=UTF-8',
                                                               'pragma' => 'no-cache',
                                                               'www-authenticate' => 'OAuth "Facebook Platform" "access_denied" "It looks like you were misusing this feature by going too fast. You’ve been blocked from using it.\\n\\nLearn more about blocks in the Help Center."',
                                                               'client-ssl-socket-class' => 'IO::Socket::SSL',
                                                               'client-response-num' => 1,
                                                               'x-fb-trace-id' => 'ERNk0VoG2D6',
                                                               '::std_case' => {
                                                                                 'client-response-num' => 'Client-Response-Num',
                                                                                 'x-fb-rev' => 'X-Fb-Rev',
                                                                                 'x-fb-debug' => 'X-FB-Debug',
                                                                                 'access-control-allow-origin' => 'Access-Control-Allow-Origin',
                                                                                 'client-ssl-cert-issuer' => 'Client-SSL-Cert-Issuer',
                                                                                 'client-ssl-cipher' => 'Client-SSL-Cipher',
                                                                                 'client-peer' => 'Client-Peer',
                                                                                 'facebook-api-version' => 'Facebook-Api-Version',
                                                                                 'x-fb-trace-id' => 'X-Fb-Trace-Id',
                                                                                 'client-date' => 'Client-Date',
                                                                                 'x-page-usage' => 'X-Page-Usage',
                                                                                 'client-ssl-cert-subject' => 'Client-SSL-Cert-Subject',
                                                                                 'client-ssl-socket-class' => 'Client-SSL-Socket-Class'
                                                                               },
                                                               'client-ssl-cert-subject' => '/C=US/ST=CA/L=Menlo Park/O=Facebook, Inc./CN=*.facebook.com',
                                                               'expires' => 'Sat, 01 Jan 2000 00:00:00 GMT'
                                                             }, 'HTTP::Headers' ),
                                        '_msg' => 'Bad Request',
                                        '_request' => bless( {
                                                               '_content' => 'access_token=EAAPvBQ5tbjMBAOZCljSOHJaa34AP592NeeQe2myDFLNEAveb8YXf1ELXevI1MsTSCTvx2L2cFWYW8BpzTpeb2bydgVyzpzu5UisFemZC1TldMOZBJFnBq5zXzdGyy3ZABg1nUYRZAStCeCeSffZCSQUacCpgMorcec71s7O36CwAZDZD&message=The+Facebook+page+of+CBS+News+originally+shared+this+article.+According+to+data+gathered+by+the+Pew+Research+Center%2C+CBS+News+is+more+trusted+than+distrusted+by+survey+respondents+who+have+heard+of+the+source.+(Over+40%25+of+respondents)+%0D%0AAdditionally%2C+the+research+indicates+that+left-leaning+readers+were+more+likely+to+find+this+source+credible+than+other+readers.+%0D%0A%0D%0AOut+of+the+93%25+of+respondents+who+have+heard+of+CBS+News%2C%0D%0A49%25%09trusted+the+news+source%2C%0D%0A18%25%09distrusted+the+news+source%2C+and%0D%0A33%25%09neither+trusted+nor+distrusted+the+news+source.%0D%0A%0D%0ATo+learn+more+about+Pew+Research+Center\'s+study+on+Political+Polarization+%26+Media+Habits%2C+follow+this+link+to+visit+their+report.+https%3A%2F%2Fgoo.gl%2FxwVtjv&link=http%3A%2F%2Fcbsn.ws%2F2gAllhn&published=true',
                                                               '_uri' => bless( do{\(my $o = 'https://graph.facebook.com/v2.2/1622501708043673/feed')}, 'URI::https' ),
                                                               '_headers' => bless( {
                                                                                      'user-agent' => 'libwww-perl/6.15',
                                                                                      'content-type' => 'application/x-www-form-urlencoded',
                                                                                      'content-length' => 1023,
                                                                                      '::std_case' => {
                                                                                                        'if-ssl-cert-subject' => 'If-SSL-Cert-Subject'
                                                                                                      }
                                                                                    }, 'HTTP::Headers' ),
                                                               '_method' => 'POST',
                                                               '_uri_canonical' => $VAR1->{'response'}{'_request'}{'_uri'}
                                                             }, 'HTTP::Request' )
                                      }, 'HTTP::Response' )
               }, 'Facebook::Graph::Response' );

The Young Turks
-----------------------------

Occupy Democrats
-----------------------------

CBC News
-----------------------------

Newsweek
-----------------------------

CNN International
-----------------------------
$VAR1 = {
          'link' => 'https://www.facebook.com/cnninternational/videos/10154727817394641/',
          'created_time' => '2016-11-28T04:31:22+0000',
          'name' => 'Toys of Christmas past',
          'id' => '18793419640_10154727817394641',
          'message' => '20 years ago, Tickle Me Elmo became a craze. Here\'s a look back at some of the hottest toys of Christmas past. http://cnn.it/2fDuxmx'
        };

The New Yorker
-----------------------------

Rush Limbaugh
-----------------------------

The Independent
-----------------------------

TheBlaze
-----------------------------

NPR Politics
-----------------------------

The New York Times
-----------------------------

NPR
-----------------------------

MSN
-----------------------------

CNN Politics
-----------------------------

The Daily Show
-----------------------------

Daily Kos
-----------------------------

Yahoo News
-----------------------------

The Guardian
-----------------------------

CNN
-----------------------------
$VAR1 = {
          'link' => 'https://www.facebook.com/cnn/videos/10155667610461509/',
          'created_time' => '2016-11-28T04:33:34+0000',
          'name' => 'Toys of Christmas past',
          'id' => '5550296508_10155667610461509',
          'message' => '20 years ago, Tickle Me Elmo became a craze. Here\'s a look back at some of the hottest toys of Christmas past. http://cnn.it/2gi1qmN'
        };

Slate.com
-----------------------------

the AP
-----------------------------

Sean Hannity
-----------------------------

The Ed Schultz Show
-----------------------------

The Atlantic
-----------------------------

Bloomberg
-----------------------------

BuzzFeed
-----------------------------

Fox News
-----------------------------
$VAR1 = {
          'link' => 'https://www.facebook.com/FoxNews/videos/10154832061271336/',
          'created_time' => '2016-11-28T04:40:00+0000',
          'id' => '15704546335_10154832061271336',
          'message' => '"To send a Cuban American who stands totally for freedom to be in Cuba might be worth at least exploring."

Today on "FOX & Friends Weekend," Newt Gingrich commented on whether or not the Obama Administration should send a representative to Fidel Castro\'s funeral. http://bit.ly/2g6ZrnC'
        };

VICE
-----------------------------

Glenn Beck
-----------------------------

The Other 98%
-----------------------------





