***********************************************************************************
Started at 18:45:01 on 11/26/2016
***********************************************************************************
Querying souces from the past 15 minutes....

Al Jazeera
-----------------------------

Upworthy
-----------------------------

The Huffington Post
-----------------------------
$VAR1 = {
          'link' => 'http://huff.to/2ixO8Tt',
          'caption' => 'huffingtonpost.com',
          'created_time' => '2016-12-26T23:30:12+0000',
          'name' => 'Barack Obama Was A Nobody At The 2000 Democratic National Convention',
          'id' => '18468761129_10154551685506130',
          'message' => "\x{201c}My friend would try to get me into some of the after-parties ... and bouncers would be standing there saying, \x{2018}Who\x{2019}s this guy?\x{2019}\x{201d} -- President Obama recalled."
        };

Domain: huffingtonpost.com
Response:
{"id":"1622501708043673_1636994346594409"}

HuffPost Women
-----------------------------

PBS News Hour
-----------------------------

ATTN:
-----------------------------

Reuters
-----------------------------

NowThis
-----------------------------

Daily Caller
-----------------------------
$VAR1 = {
          'link' => 'http://trib.al/lVGepmU',
          'caption' => 'dailycaller.com',
          'created_time' => '2016-12-26T23:44:45+0000',
          'name' => "Challenging A Professor\x{2019}s Anti-White Tweets Isn\x{2019}t Censorship",
          'id' => '182919686769_10154083123621770',
          'message' => 'The campus Left hilariously portrays itself as a defender of free expression while crushing it at the same time'
        };

Domain: dailycaller.com
$VAR1 = {
          'link' => 'http://trib.al/0fsR36R',
          'caption' => 'dailycaller.com',
          'created_time' => '2016-12-26T23:31:15+0000',
          'name' => 'Grinch Kim Jong Un Bans Christmas',
          'id' => '182919686769_10154083094621770',
          'message' => 'Another dictatorship milestone for North Korea'
        };

Domain: dailycaller.com

CNBC
-----------------------------

The Onion
-----------------------------

Opposing Views
-----------------------------
$VAR1 = {
          'link' => 'https://www.opposingviews.com/i/society/crime/high-schoolers-carjack-and-kidnap-man-fail-realize-they-picked-worst-person-mess?fb=ov',
          'caption' => 'opposingviews.com',
          'created_time' => '2016-12-26T23:40:00+0000',
          'name' => 'High Schoolers Carjack And Kidnap Man, Fail To Realize They Picked The Worst Person To Mess With',
          'id' => '34226391050_10154377199666051',
          'message' => 'Four teenagers picked out a target, made him stop, pistol-whipped him, stole from him and then kidnapped him. Throughout the whole thing, they never bothered to check who he was. Bad move.'
        };

Domain: opposingviews.com

the Today Show
-----------------------------

Kotaku
-----------------------------

Washington Post
-----------------------------

the American Center for Law and Justice
-----------------------------

VICE News
-----------------------------

PBS
-----------------------------

Mother Jones
-----------------------------

HuffPost Good News
-----------------------------

BBC News
-----------------------------

Breaking News
-----------------------------

The Verge
-----------------------------

New York Magazine
-----------------------------
$VAR1 = {
          'link' => 'http://nym.ag/2hNYvGk',
          'caption' => 'nymag.com',
          'created_time' => '2016-12-26T23:40:14+0000',
          'name' => 'Is the Micro-Machines Guy Still the Fastest-Talking Man on the Planet?',
          'id' => '14516439825_10154895735414826',
          'message' => 'Three decades later, John Moschitta Jr. still gets recognized.'
        };

Domain: nymag.com

TIME
-----------------------------
$VAR1 = {
          'link' => 'http://ti.me/2hMZYwu',
          'caption' => 'southernliving.com',
          'created_time' => '2016-12-26T23:30:17+0000',
          'name' => 'The Science Behind Baking the Most Delicious Cookie Ever',
          'id' => '10606591490_10154296882126491',
          'message' => 'It\'s science.'
        };

Domain: southernliving.com

the Business Insider
-----------------------------
$VAR1 = {
          'link' => 'http://read.bi/2hZXpHu',
          'caption' => 'businessinsider.com',
          'created_time' => '2016-12-26T23:40:02+0000',
          'name' => 'Pregnancy changes a woman\'s brain for at least 2 years after giving birth',
          'id' => '20446254070_10154227325504071',
          'message' => 'It\'s natural.'
        };

Domain: businessinsider.com

ThinkProgress
-----------------------------

POLITICO
-----------------------------

USA TODAY
-----------------------------

American News
-----------------------------

ABC News
-----------------------------

HuffPost Politics
-----------------------------

NBC News
-----------------------------

AJ+
-----------------------------

Wikileaks
-----------------------------

CNNMoney
-----------------------------
$VAR1 = {
          'link' => 'http://cnnmon.ie/2hkQ7hT',
          'caption' => 'money.cnn.com',
          'created_time' => '2016-12-26T23:45:01+0000',
          'name' => 'Here\'s the salary you need to afford a home in these 27 cities - CNNMoney',
          'id' => '6651543066_10154225922863067',
          'message' => 'To avoid ending up house poor, here\'s how much you need to earn to afford a home in the most populous cities in the U.S.
http://cnnmon.ie/2hkQ7hT'
        };

Domain: cnn.com
Response:
{"id":"1622501708043673_1636994426594401"}

ABC News Politics
-----------------------------

Right Wing News
-----------------------------

The Wall Street Journal
-----------------------------
$VAR1 = {
          'link' => 'http://on.wsj.com/2hhHtvI',
          'caption' => 'wsj.com',
          'created_time' => '2016-12-26T23:40:05+0000',
          'name' => 'New York Legislative Session Will Start With Harsh Feelings for Cuomo',
          'id' => '8304333127_10155180324383128',
          'message' => "New York state\x{2019}s legislative session is set to kick off next month in Albany with tensions simmering between Gov. Andrew Cuomo and lawmakers after negotiations to boost the legislators\x{2019} pay fell through."
        };

Domain: wsj.com
Response:
{"id":"1622501708043673_1636994546594389"}

MSNBC
-----------------------------

the Drudge Report
-----------------------------

Mic
-----------------------------

The Economist
-----------------------------

Bloomberg Politics
-----------------------------

CBS News
-----------------------------
$VAR1 = {
          'link' => 'http://cbsn.ws/2i8KW1M',
          'caption' => 'www.cbsnews.com',
          'created_time' => '2016-12-26T23:42:01+0000',
          'name' => 'Donald Trump says "no way" Obama would have won against him in 2016 election',
          'id' => '131459315949_10154210014295950',
          'message' => "The president-elect was responding to Obama\x{2019}s comments in an interview with David Axelrod, his former senior political advisor."
        };

Domain: cbsnews.com
Response:
{"id":"1622501708043673_1636994636594380"}

The Young Turks
-----------------------------

Occupy Democrats
-----------------------------

CBC News
-----------------------------

Newsweek
-----------------------------

CNN International
-----------------------------
$VAR1 = {
          'link' => 'http://cnn.it/2hrNL0A',
          'caption' => 'www.cnn.com',
          'created_time' => '2016-12-26T23:35:17+0000',
          'name' => 'Thomas Coville smashes round-the-world sailing record by more than a week',
          'id' => '18793419640_10154834196354641',
          'message' => '"The biggest dreams don\'t come true at the first time of asking."'
        };

Domain: cnn.com
Response:
{"id":"1622501708043673_1636994686594375"}
$VAR1 = {
          'link' => 'http://cnn.it/2hIhVc3',
          'caption' => 'www.cnn.com',
          'created_time' => '2016-12-26T23:35:01+0000',
          'name' => 'This grieving mom got an incredible Christmas gift from Redditors',
          'id' => '18793419640_10154834195889641',
          'message' => 'The sound quality on this mom\'s video of her son singing, who has since died, was so bad she posted it to Reddit, hoping someone could help. People flooded her inbox, including audio engineers and movie sound editors willing to help'
        };

Domain: cnn.com
Response:
{"id":"1622501708043673_1636994823261028"}
$VAR1 = {
          'link' => 'http://cnn.it/2hIj57n',
          'caption' => 'money.cnn.com',
          'created_time' => '2016-12-26T23:35:01+0000',
          'name' => 'Amazon, Google offering movie rentals for 99 cents',
          'id' => '18793419640_10154834195919641',
          'message' => 'Looking for some cheap entertainment during the holidays? You can rent movies for as low as 99 cents'
        };

Domain: cnn.com
Response:
{"id":"1622501708043673_1636994889927688"}

The New Yorker
-----------------------------

Rush Limbaugh
-----------------------------

The Independent
-----------------------------
$VAR1 = {
          'link' => 'http://www.independent.co.uk/sport/general/mma/conor-mcgregor-video-fans-fighting-dublin-ufc-a7495121.html?cmpid=facebook-post',
          'caption' => 'independent.co.uk',
          'created_time' => '2016-12-26T23:41:01+0000',
          'name' => 'Two friends were pretending to fight Conor McGregor-style, then the predictable happened',
          'id' => '13312631635_10154329144846636',
          'message' => 'They were stunned'
        };

Domain: independent.co.uk

TheBlaze
-----------------------------
$VAR1 = {
          'link' => 'http://www.theblaze.com/news/2016/12/26/trump-no-way-obama-would-have-beaten-me/',
          'caption' => 'www.theblaze.com',
          'created_time' => '2016-12-26T23:40:37+0000',
          'name' => "Trump: \x{2018}NO WAY\x{2019} Obama would have beaten me",
          'id' => '140738092630206_1319111748126162',
          'message' => 'He does have a point...'
        };

Domain: theblaze.com
Response:
{"id":"1622501708043673_1636994943261016"}

NPR Politics
-----------------------------

The New York Times
-----------------------------

NPR
-----------------------------

MSN
-----------------------------

CNN Politics
-----------------------------

The Daily Show
-----------------------------

Daily Kos
-----------------------------

Yahoo News
-----------------------------

The Guardian
-----------------------------

CNN
-----------------------------
$VAR1 = {
          'link' => 'http://cnn.it/2hImUJO',
          'caption' => 'money.cnn.com',
          'created_time' => '2016-12-26T23:35:04+0000',
          'name' => 'Amazon, Google offering movie rentals for 99 cents',
          'id' => '5550296508_10155818260261509',
          'message' => 'Looking for some cheap entertainment during the holidays? You can rent movies for as low as 99 cents'
        };

Domain: cnn.com
Response:
{"id":"1622501708043673_1636994999927677"}

Slate.com
-----------------------------
$VAR1 = {
          'link' => 'http://slate.me/2i1I86j',
          'caption' => 'slate.com',
          'created_time' => '2016-12-26T23:39:05+0000',
          'name' => 'My Phone Is a Time Machine to a Place Where My Husband Is Still Alive',
          'id' => '21516776437_10154699930816438',
          'message' => "\x{201c}I\x{2019}m grateful for every photo and video, each one a breadcrumb that lures me back into the past.\x{201d}"
        };

Domain: slate.com
Response:
{"id":"1622501708043673_1636995136594330"}

the AP
-----------------------------

Sean Hannity
-----------------------------

The Ed Schultz Show
-----------------------------

The Atlantic
-----------------------------

Bloomberg
-----------------------------

BuzzFeed
-----------------------------

Fox News
-----------------------------

VICE
-----------------------------

Glenn Beck
-----------------------------

The Other 98%
-----------------------------


Total Posts Made:	10


