***********************************************************************************
Started at 22:15:01 on 00/09/2017
***********************************************************************************
Querying souces from the past 15 minutes....

Al Jazeera
-----------------------------

Upworthy
-----------------------------

The Huffington Post
-----------------------------
$VAR1 = {
          'link' => 'http://huff.to/2iaN5rW',
          'caption' => 'huffingtonpost.com',
          'created_time' => '2017-01-10T03:00:20+0000',
          'name' => "Man Fired For Attending Son\x{2019}s Birth Is Flooded With Job Offers",
          'id' => '18468761129_10154593811236130',
          'message' => "\x{201c}I thought, \x{2018}I\x{2019}m just going to do what I feel is right for my family,\x{2019} and that\x{2019}s it.\""
        };

Domain: huffingtonpost.com
Response:
{"id":"1622501708043673_1641820839445093"}

HuffPost Women
-----------------------------
$VAR1 = {
          'link' => 'http://huff.to/2ix7jNT',
          'caption' => 'huffingtonpost.com',
          'created_time' => '2017-01-10T03:00:37+0000',
          'name' => '\'I Am Not Your Negro\' Trailer Shows The Lasting Power Of James Baldwin\'s Words',
          'id' => '153213781413350_1268357949898922',
          'message' => 'We can\'t wait to see this.'
        };

Domain: huffingtonpost.com
Response:
{"id":"1622501708043673_1641820902778420"}

PBS News Hour
-----------------------------

ATTN:
-----------------------------

Reuters
-----------------------------
$VAR1 = {
          'link' => 'http://reut.rs/2jnmucf',
          'caption' => 'www.reuters.com',
          'created_time' => '2017-01-10T03:05:08+0000',
          'name' => 'U.S. sanctions Russia\'s top investigator, four others for rights abuses',
          'id' => '114050161948682_1355636714456681',
          'message' => 'The United States on Monday blacklisted Alexander Bastrykin, Russia\'s top investigator and a close aide to Russian President Vladimir Putin, and four other Russian officials for human rights abuses.'
        };

Domain: reuters.com

NowThis
-----------------------------

Daily Caller
-----------------------------
$VAR1 = {
          'link' => 'http://trib.al/sJEYv36',
          'caption' => 'dailycaller.com',
          'created_time' => '2017-01-10T03:09:58+0000',
          'name' => 'What Happened To Chris Christie, An Early Backer Of Trump?',
          'id' => '182919686769_10154122668351770',
          'message' => 'Now Gov. Christie\'s February endorsement seems to have all been for nothing.'
        };

Domain: dailycaller.com

CNBC
-----------------------------
$VAR1 = {
          'link' => 'http://cnb.cx/2iaTx5z',
          'caption' => 'cnbc.com',
          'created_time' => '2017-01-10T03:08:46+0000',
          'name' => 'Ford aims for self-driving car with no gas pedal, no steering wheel in 5 years, CEO says',
          'id' => '97212224368_10155086135259369',
          'message' => 'Imagine a car with "no gas pedal" and "no steering wheel" and no driver?'
        };

Domain: cnbc.com

The Onion
-----------------------------
$VAR1 = {
          'link' => 'http://trib.al/Uy8XS09',
          'caption' => 'theonion.com',
          'created_time' => '2017-01-10T03:10:06+0000',
          'name' => 'Female Friends Spend Raucous Night Validating The Living Shit Out Of Each Other',
          'id' => '20950654496_10155025592739497',
          'message' => "\x{201c}We just kept telling her how fucking talented and beautiful she was until eventually the restaurant had to ask us to leave.\x{201d}"
        };

Domain: theonion.com

Opposing Views
-----------------------------

the Today Show
-----------------------------

Kotaku
-----------------------------

Washington Post
-----------------------------

the American Center for Law and Justice
-----------------------------

VICE News
-----------------------------

PBS
-----------------------------

Mother Jones
-----------------------------

HuffPost Good News
-----------------------------

BBC News
-----------------------------

Breaking News
-----------------------------

The Verge
-----------------------------

New York Magazine
-----------------------------

TIME
-----------------------------
$VAR1 = {
          'link' => 'http://ti.me/2i6WJAP',
          'caption' => 'motto.time.com',
          'created_time' => '2017-01-10T03:01:02+0000',
          'name' => 'Are There Any Health Benefits to That Sauna at Your Gym?',
          'id' => '10606591490_10154335674926491',
          'message' => 'The case for stepping in a sauna is heating up.'
        };

Domain: time.com

the Business Insider
-----------------------------
$VAR1 = {
          'link' => 'http://read.bi/2jwmEST',
          'caption' => 'businessinsider.com',
          'created_time' => '2017-01-10T03:15:04+0000',
          'name' => "Here\x{2019}s the historic moment when Steve Jobs unveiled the first iPhone ten years ago",
          'id' => '20446254070_10154272666234071',
          'message' => 'A historic day.'
        };

Domain: businessinsider.com

ThinkProgress
-----------------------------

POLITICO
-----------------------------
$VAR1 = {
          'link' => 'http://politi.co/2jbXgyd',
          'caption' => 'politi.co',
          'created_time' => '2017-01-10T03:00:20+0000',
          'name' => 'Trump Pick Monica Crowley Plagiarized Parts of Her Ph.D. Dissertation',
          'id' => '62317591679_10154182628696680',
          'message' => 'An examination of the dissertation and the sources it cites identified around more than a dozen sections of text that have been lifted from other scholarly works without proper attribution.'
        };

Domain: politi.co

Alias: politico.com
Response:
{"id":"1622501708043673_1641833356110508"}

USA TODAY
-----------------------------

American News
-----------------------------

ABC News
-----------------------------
$VAR1 = {
          'link' => 'http://abcn.ws/2icyn7k',
          'caption' => 'abcnews.go.com',
          'created_time' => '2017-01-10T03:12:57+0000',
          'name' => 'Northwestern Basketball Player Jordan Hankins Found Dead',
          'id' => '86680728811_10155240246943812',
          'message' => 'Northwestern Women\'s Basketball coach Joe McKeown called the sophomore a "remarkably dynamic young woman," adding her death is a "devastating loss for our basketball family."'
        };

Domain: go.com
Response:
{"id":"1622501708043673_1641833426110501"}

HuffPost Politics
-----------------------------
$VAR1 = {
          'link' => 'http://huff.to/2ivXjUY',
          'caption' => 'm.huffpost.com',
          'created_time' => '2017-01-10T03:00:39+0000',
          'name' => 'About One-Fifth Of Gun Buyers Don\'t Get Background Checks',
          'id' => '56845382910_10154688603597911',
          'message' => 'One in five.'
        };

Domain: huffpost.com

NBC News
-----------------------------
$VAR1 = {
          'link' => 'http://nbcnews.to/2jvZKLA',
          'caption' => 'nbcnews.com',
          'created_time' => '2017-01-10T03:00:30+0000',
          'name' => 'Ford is bringing back the Bronco and the Ranger',
          'id' => '155869377766434_1659776577375699',
          'message' => 'Two old models are getting a new lease on life.'
        };

Domain: nbcnews.com
Response:
{"id":"1622501708043673_1641833472777163"}

AJ+
-----------------------------

Wikileaks
-----------------------------

CNNMoney
-----------------------------
$VAR1 = {
          'link' => 'http://cnnmon.ie/2iavdyr',
          'caption' => 'www.aol.com',
          'created_time' => '2017-01-10T03:05:01+0000',
          'name' => '6 ways to make the most of your morning commute',
          'id' => '6651543066_10154266585763067',
          'message' => 'If you\'re lucky enough to have reliable public transportation, you\'re lucky enough to have a few extra moments of you-time. Make the most of it! http://cnnmon.ie/2iavdyr via AOL Finance'
        };

Domain: aol.com

ABC News Politics
-----------------------------

Right Wing News
-----------------------------

The Wall Street Journal
-----------------------------
$VAR1 = {
          'link' => 'http://on.wsj.com/2iXV4N9',
          'caption' => 'wsj.com',
          'created_time' => '2017-01-10T03:00:12+0000',
          'name' => "Alibaba\x{2019}s Jack Ma: China-U.S. Relationship Should Be \x{2018}More Friendly\x{2019}",
          'id' => '8304333127_10155260726698128',
          'message' => 'Add Jack Ma to the list of billionaires that has visited Trump Tower for a meeting that ended in a photo opportunity with the president-elect and a bold, if vague, promise of creating more U.S. jobs.'
        };

Domain: wsj.com
Response:
{"id":"1622501708043673_1641833522777158"}

MSNBC
-----------------------------

the Drudge Report
-----------------------------

Mic
-----------------------------

The Economist
-----------------------------

Bloomberg Politics
-----------------------------
$VAR1 = {
          'link' => 'http://bloom.bg/2i7PZTp',
          'caption' => 'bloomberg.com',
          'created_time' => '2017-01-10T03:00:27+0000',
          'name' => 'Christie Chasing Career Makeover While Financial Mess Unresolved',
          'id' => '1481073582140028_1865990370315012',
          'message' => 'Last chance.'
        };

Domain: bloomberg.com
Response:
{"id":"1622501708043673_1641833626110481"}

CBS News
-----------------------------

The Young Turks
-----------------------------

Occupy Democrats
-----------------------------

CBC News
-----------------------------

Newsweek
-----------------------------
$VAR1 = {
          'link' => 'http://www.newsweek.com/donald-trump-auto-industry-auto-economy-nafta-mexico-540699',
          'caption' => 'newsweek.com',
          'created_time' => '2017-01-10T03:04:00+0000',
          'name' => 'Auto executives, mindful of Trump\'s attacks, push U.S. investments',
          'id' => '18343191100_10154770034516101',
          'message' => 'The U.S. is about to get a lot more automotive production.'
        };

Domain: newsweek.com

CNN International
-----------------------------

The New Yorker
-----------------------------
$VAR1 = {
          'link' => 'http://nyer.cm/GFVcHw0',
          'caption' => 'wired.com',
          'created_time' => '2017-01-10T03:15:09+0000',
          'name' => 'The Long, Lonely Quest to Breed the Ultimate Avocado',
          'id' => '9258148868_10154366443873869',
          'message' => 'From WIRED: Imagine a time when the avocado will be more like an apple, with unique varieties harvested in different seasons and across an expanded geography.'
        };

Domain: wired.com
$VAR1 = {
          'link' => 'http://nyer.cm/x7mhWRA',
          'caption' => 'newyorker.com',
          'created_time' => '2017-01-10T03:00:34+0000',
          'name' => 'Is He Mr. Right or Mr. Alt-Right?',
          'id' => '9258148868_10154366425358869',
          'message' => 'In Daily Shouts: Mr. Right is kind to your friends and makes a real effort to connect with your family. Mr. Alt-Right just retweeted your dad and called him a cuck.'
        };

Domain: newyorker.com
Response:
{"id":"1622501708043673_1641833679443809"}

Rush Limbaugh
-----------------------------

The Independent
-----------------------------
$VAR1 = {
          'link' => 'http://www.independent.co.uk/news/world/americas/pennsylvania-mother-boyfriend-raped-dismembered-grace-packer-a7518126.html?cmpid=facebook-post',
          'caption' => 'independent.co.uk',
          'created_time' => '2017-01-10T03:01:01+0000',
          'name' => 'Mother \'helped man rape, kill, dismember teenage daughter\'',
          'id' => '13312631635_10154373753611636',
          'message' => 'Horrific'
        };

Domain: independent.co.uk

TheBlaze
-----------------------------
$VAR1 = {
          'link' => 'http://www.theblaze.com/video/meryl-streeps-cinematic-oeuvre-leaves-theblaze-hosts-unimpressed/',
          'caption' => 'www.theblaze.com',
          'created_time' => '2017-01-10T03:01:02+0000',
          'name' => "Meryl Streep\x{2019}s cinematic oeuvre leaves TheBlaze hosts unimpressed",
          'id' => '140738092630206_1332070606830276',
          'message' => 'http://www.theblaze.com/video/meryl-streeps-cinematic-oeuvre-leaves-theblaze-hosts-unimpressed/'
        };

Domain: theblaze.com
Response:
{"id":"1622501708043673_1641833699443807"}

NPR Politics
-----------------------------

The New York Times
-----------------------------

NPR
-----------------------------

MSN
-----------------------------

CNN Politics
-----------------------------
$VAR1 = {
          'link' => 'https://www.facebook.com/cnnpolitics/videos/1445818025460026/',
          'created_time' => '2017-01-10T03:04:00+0000',
          'id' => '219367258105115_1445818025460026',
          'message' => 'Asked to name Donald J. Trump\'s strongest attribute, Bernie Sanders credits his electoral victory as "extraordinary." cnn.it/2jx5XH2'
        };

The Daily Show
-----------------------------

Daily Kos
-----------------------------

Yahoo News
-----------------------------
$VAR1 = {
          'link' => 'https://yhoo.it/2i8MdaL',
          'caption' => 'finance.yahoo.com',
          'created_time' => '2017-01-10T03:00:23+0000',
          'name' => 'Why 2017 is the wrong year for Trump to mess with China',
          'id' => '338028696036_10155090999641037',
          'message' => "\x{201c}The Chinese president will be more likely than ever to respond forcefully to foreign policy challenges.\x{201d}"
        };

Domain: yahoo.com
Response:
{"id":"1622501708043673_1641833766110467"}

The Guardian
-----------------------------

CNN
-----------------------------
$VAR1 = {
          'link' => 'https://www.facebook.com/cnn/videos/10155886312666509/',
          'created_time' => '2017-01-10T03:09:26+0000',
          'name' => 'Bernie Sanders addresses college debt',
          'id' => '5550296508_10155886312666509',
          'message' => '"How do you get your life together when you\'re paying off huge debts for decades?" Bernie Sanders believes we need to address the high cost of a college education http://cnn.it/2jx5K6K'
        };

Slate.com
-----------------------------
$VAR1 = {
          'link' => 'http://slate.me/2i9akTp',
          'caption' => 'slate.com',
          'created_time' => '2017-01-10T03:00:35+0000',
          'name' => 'U2 Is Doing a Joshua Tree Anniversary Tour',
          'id' => '21516776437_10154745658241438',
          'message' => 'The band was inspired to revisit the album after the election of Trump.'
        };

Domain: slate.com
Response:
{"id":"1622501708043673_1641834119443765"}

the AP
-----------------------------

Sean Hannity
-----------------------------

The Ed Schultz Show
-----------------------------

The Atlantic
-----------------------------
$VAR1 = {
          'link' => 'http://theatln.tc/2iXkCdq',
          'caption' => 'theatlantic.com',
          'created_time' => '2017-01-10T03:09:34+0000',
          'name' => '17 of the Best Internet Reactions to the Original iPhone',
          'id' => '29259828486_10154999071568487',
          'message' => 'On this day in 2007, Steve Jobs introduced the first iPhone. (from 2015)'
        };

Domain: theatlantic.com

Bloomberg
-----------------------------
$VAR1 = {
          'link' => 'http://bloom.bg/2iWIH1T',
          'caption' => 'bloomberg.com',
          'created_time' => '2017-01-10T03:01:08+0000',
          'name' => 'Here\'s Where Your Smartphone Juice Comes From',
          'id' => '266790296879_10154917809956880',
          'message' => "Chile is sitting on the world\x{2019}s largest deposits of lithium."
        };

Domain: bloomberg.com
Response:
{"id":"1622501708043673_1641834389443738"}

BuzzFeed
-----------------------------

Fox News
-----------------------------
$VAR1 = {
          'link' => 'https://www.facebook.com/FoxNews/videos/10154982955411336/',
          'created_time' => '2017-01-10T03:01:00+0000',
          'id' => '15704546335_10154982955411336',
          'message' => "\x{201c}No American family should suffer at the hands of convicted foreign felons who defy deportation.\x{201d} 

In tonight\x{2019}s 'Talking Points' Memo, Bill O'Reilly explained the significance of Kate's Law \x{2013} named for Kate Steinle who was gunned down by an illegal immigrant."
        };

VICE
-----------------------------
$VAR1 = {
          'link' => 'https://www.vice.com/en_ca/article/why-hasnt-the-government-banned-caste-discrimination-in-the-uk?utm_source=vicefbca&utm_campaign=Canada',
          'caption' => 'www.vice.com',
          'created_time' => '2017-01-10T03:01:01+0000',
          'name' => 'Why Hasn\'t the UK Banned Caste Discrimination?',
          'id' => '167115176655082_1522963587736894',
          'message' => "Permila Tirkey\x{2014}a member of India's lowest caste\x{2014}was awarded about \$330,000 at an employment tribunal after being treated like a slave by a higher-caste couple."
        };

Domain: vice.com
$VAR1 = {
          'link' => 'https://www.vice.com/en_us/article/meet-the-indigenous-writer-using-photos-to-tell-his-peoples-history-over-twitter?utm_source=vicefbus',
          'caption' => 'www.vice.com',
          'created_time' => '2017-01-10T03:01:01+0000',
          'name' => 'Meet the Indigenous Writer Tweeting Photos to Share His People\'s History',
          'id' => '167115176655082_1522963607736892',
          'message' => '"There is a sense of urgency in this, as many of the contemporaries of people in these photos are now elderly, and when they are no longer with this, the stories these photos capture may also be lost."'
        };

Domain: vice.com

Glenn Beck
-----------------------------

The Other 98%
-----------------------------
$VAR1 = {
          'link' => 'https://www.facebook.com/TheOther98/photos/a.115969958413991.17486.114517875225866/1643584462319192/?type=3',
          'created_time' => '2017-01-10T03:03:06+0000',
          'name' => 'Timeline Photos',
          'id' => '114517875225866_1643584462319192'
        };


Total Posts Made:	12


