***********************************************************************************
Started at 19:15:01 on 00/14/2017
***********************************************************************************
Querying souces from the past 15 minutes....

Al Jazeera
-----------------------------

Upworthy
-----------------------------

The Huffington Post
-----------------------------

HuffPost Women
-----------------------------

PBS News Hour
-----------------------------

ATTN:
-----------------------------

Reuters
-----------------------------
$VAR1 = {
          'link' => 'http://reut.rs/2jK57T8',
          'caption' => 'www.reuters.com',
          'created_time' => '2017-01-15T00:05:06+0000',
          'name' => 'Singer Jennifer Holliday pulls out of Trump inauguration event',
          'id' => '114050161948682_1360783700608649',
          'message' => 'Broadway star Jennifer Holliday said on Saturday she was pulling out of a concert celebrating the inauguration of President-elect Donald Trump, citing an online article that cast the performance as a "betrayal" of her gay and lesbian fans.'
        };

Domain: reuters.com

NowThis
-----------------------------

Daily Caller
-----------------------------
$VAR1 = {
          'link' => 'http://trib.al/MGvcgsP',
          'caption' => 'dailycaller.com',
          'created_time' => '2017-01-15T00:04:53+0000',
          'name' => "Clinton Camp STILL Challenging \x{2018}Legitimacy\x{2019} Of Trump Election",
          'id' => '182919686769_10154137734706770',
          'message' => "More than two months after the presidential election, elected Democrats and members of Hillary Clinton\x{2019}s inner circle continue to question the legitimacy of Donald Trump\x{2019}s electoral victory."
        };

Domain: dailycaller.com

CNBC
-----------------------------

The Onion
-----------------------------

Opposing Views
-----------------------------

the Today Show
-----------------------------

Kotaku
-----------------------------
$VAR1 = {
          'link' => 'http://trib.al/qg5IUgp',
          'caption' => 'kotaku.com',
          'created_time' => '2017-01-15T00:01:07+0000',
          'name' => 'Miami Heat\'s Esports Partner Gets Counter-Strike Team Following Labor Dispute',
          'id' => '273824104039_10155027968174040',
          'message' => 'When CounterStrike closes a door, a window opens'
        };

Domain: kotaku.com

Washington Post
-----------------------------

the American Center for Law and Justice
-----------------------------

VICE News
-----------------------------

PBS
-----------------------------

Mother Jones
-----------------------------

HuffPost Good News
-----------------------------
$VAR1 = {
          'link' => 'http://huff.to/2ioZvBS',
          'caption' => 'huffingtonpost.com',
          'created_time' => '2017-01-15T00:01:05+0000',
          'name' => 'Kind Strangers Create Warm Beds For Istanbul\'s Street Dogs During Blizzard',
          'id' => '202163013203224_1256832937736221',
          'message' => 'How sweet!'
        };

Domain: huffingtonpost.com
Response:
{"id":"1622501708043673_1643810045912839"}

BBC News
-----------------------------

Breaking News
-----------------------------

The Verge
-----------------------------

New York Magazine
-----------------------------
$VAR1 = {
          'link' => 'http://nym.ag/2ily6AM',
          'caption' => 'nymag.com',
          'created_time' => '2017-01-15T00:00:49+0000',
          'name' => "Here Is What Hillary Clinton\x{2019}s Cabinet Definitely Would\x{2019}ve Looked Like",
          'id' => '14516439825_10154959804189826',
          'message' => 'Education Secretary Lin-Manuel Miranda.'
        };

Domain: nymag.com

TIME
-----------------------------
$VAR1 = {
          'link' => 'http://ti.me/2il4uTX',
          'caption' => 'time.com',
          'created_time' => '2017-01-15T00:00:39+0000',
          'name' => 'See What The Rest of Winter Will Be Like Where You Live',
          'id' => '10606591490_10154351061981491',
          'message' => "The question of whether you\x{2019}re in for a snowy season or a sunny one will largely be decided by where you live."
        };

Domain: time.com

the Business Insider
-----------------------------
$VAR1 = {
          'link' => 'http://read.bi/2jQmvtH',
          'caption' => 'businessinsider.com',
          'created_time' => '2017-01-15T00:15:01+0000',
          'name' => 'A new study finds that drivers are wasting $2.1 billion on premium gas a year',
          'id' => '20446254070_10154289071794071',
          'message' => 'Premium gas is, on average, 23% more expensive than regular.'
        };

Domain: businessinsider.com

ThinkProgress
-----------------------------

POLITICO
-----------------------------

USA TODAY
-----------------------------
$VAR1 = {
          'link' => 'http://usat.ly/2ikM5Fi',
          'caption' => 'usatoday.com',
          'created_time' => '2017-01-15T00:01:01+0000',
          'name' => 'Florida passenger train unveiled',
          'id' => '13652355666_10154288230235667',
          'message' => 'This Miami-Orlando train will be the first privately run and operated rail service launched in the U.S. in over 100 years.'
        };

Domain: usatoday.com
Response:
{"id":"1622501708043673_1643810085912835"}

American News
-----------------------------

ABC News
-----------------------------
$VAR1 = {
          'link' => 'http://abcn.ws/2jc3LSl',
          'caption' => 'abcnews.go.com',
          'created_time' => '2017-01-15T00:02:57+0000',
          'name' => 'President-elect Trump Under Fire For Attacking Civil Rights Icon',
          'id' => '86680728811_10155261359978812',
          'message' => 'Rep. John Lewis is one of the last surviving central organizing figures of the U.S. civil rights movement and was beat by police in a march for voting rights on the Edmund Pettus Bridge in Selma, Alabama.'
        };

Domain: go.com
Response:
{"id":"1622501708043673_1643810159246161"}

HuffPost Politics
-----------------------------
$VAR1 = {
          'link' => 'http://huff.to/2jtK08p',
          'caption' => 'huffingtonpost.com',
          'created_time' => '2017-01-15T00:00:21+0000',
          'name' => 'Sephora Is Selling An Eyeshadow Named \'Druggie\'',
          'id' => '56845382910_10154705936117911',
          'message' => "If you read this article, by the time you finish, it\x{2019}s likely that somebody in the United States will have died of an opioid overdose."
        };

Domain: huffingtonpost.com
Response:
{"id":"1622501708043673_1643810229246154"}

NBC News
-----------------------------
$VAR1 = {
          'link' => 'http://nbcnews.to/2j5em18',
          'caption' => 'today.com',
          'created_time' => '2017-01-15T00:00:33+0000',
          'name' => 'Pope Francis sends a message to moms who breastfeed in church',
          'id' => '155869377766434_1665526500134040',
          'message' => "\"The ceremony is a little long, someone\x{2019}s crying because he\x{2019}s hungry. You mothers, go ahead and breastfeed, without fear. Just like the Virgin Mary nursed Jesus.\x{201d}

Via Today Show"
        };

Domain: today.com

AJ+
-----------------------------

Wikileaks
-----------------------------

CNNMoney
-----------------------------
$VAR1 = {
          'link' => 'http://cnnmon.ie/2jJhenI',
          'caption' => 'money.cnn.com',
          'created_time' => '2017-01-15T00:05:01+0000',
          'name' => 'What it\'s like to watch a movie in 4DX',
          'id' => '6651543066_10154282027763067',
          'message' => 'Some hope a new interactive technology will lure audiences with immersive effects.
http://cnnmon.ie/2jJhenI'
        };

Domain: cnn.com
Response:
{"id":"1622501708043673_1643810269246150"}

ABC News Politics
-----------------------------

Right Wing News
-----------------------------

The Wall Street Journal
-----------------------------
$VAR1 = {
          'link' => 'http://on.wsj.com/2joRTvL',
          'caption' => 'wsj.com',
          'created_time' => '2017-01-15T00:00:35+0000',
          'name' => 'Amazon to Launch Credit Card for Prime Members',
          'id' => '8304333127_10155290190398128',
          'message' => 'Amazon wants to ring up more sales with a new credit card aimed at its most loyal customers.'
        };

Domain: wsj.com
Response:
{"id":"1622501708043673_1643810345912809"}

MSNBC
-----------------------------

the Drudge Report
-----------------------------
$VAR1 = {
          'link' => 'http://dailycaller.com/2017/01/14/inauguration-protesters-plan-to-destroy-property-and-disrupt-balls/',
          'caption' => 'dailycaller.com',
          'created_time' => '2017-01-15T00:00:33+0000',
          'name' => 'Inauguration Protesters Plan To Destroy Property And Disrupt Balls',
          'id' => '102533606954_10154769532341955',
          'message' => 'AGITATORS PLOT INAUGURATION CHAOS'
        };

Domain: dailycaller.com

Mic
-----------------------------

The Economist
-----------------------------
$VAR1 = {
          'link' => 'http://econ.st/2jMkezF',
          'caption' => 'economist.com',
          'created_time' => '2017-01-15T00:09:43+0000',
          'name' => "Thailand\x{2019}s new king rejects the army\x{2019}s proposed constitution",
          'id' => '6013004059_10154994219494060',
          'message' => 'Some Thais worry that a lasting power struggle is brewing. Others see a minor spat over language, which will quickly be forgotten'
        };

Domain: economist.com
Response:
{"id":"1622501708043673_1643810385912805"}

Bloomberg Politics
-----------------------------

CBS News
-----------------------------

The Young Turks
-----------------------------

Occupy Democrats
-----------------------------
$VAR1 = {
          'link' => 'https://www.facebook.com/OccupyDemocrats/photos/a.347907068635687.81180.346937065399354/1388720087887708/?type=3',
          'created_time' => '2017-01-15T00:02:03+0000',
          'name' => 'Timeline Photos',
          'id' => '346937065399354_1388720087887708',
          'message' => 'Exactly.'
        };

CBC News
-----------------------------

Newsweek
-----------------------------

CNN International
-----------------------------

The New Yorker
-----------------------------
$VAR1 = {
          'link' => 'http://nyer.cm/APKoEDw',
          'caption' => 'newyorker.com',
          'created_time' => '2017-01-15T00:00:49+0000',
          'name' => 'How Albert Woodfox Survived Solitary',
          'id' => '9258148868_10154381006048869',
          'message' => 'Albert Woodfox spent over forty years in isolation. Often he woke up gasping and felt that the walls of the cell were squeezing him to death.'
        };

Domain: newyorker.com
Response:
{"id":"1622501708043673_1643810422579468"}

Rush Limbaugh
-----------------------------

The Independent
-----------------------------
$VAR1 = {
          'link' => 'http://www.independent.co.uk/life-style/gadgets-and-tech/news/amazon-go-launch-release-store-shop-checkout-buy-app-seattle-shelves-a7457061.html?cmpid=facebook-post',
          'caption' => 'independent.co.uk',
          'created_time' => '2017-01-15T00:01:00+0000',
          'name' => 'Amazon just launched shops you can walk into and take things from the shelves',
          'id' => '13312631635_10154390129356636',
          'message' => 'Awesome'
        };

Domain: independent.co.uk

TheBlaze
-----------------------------

NPR Politics
-----------------------------

The New York Times
-----------------------------

NPR
-----------------------------

MSN
-----------------------------

CNN Politics
-----------------------------
$VAR1 = {
          'link' => 'http://cnn.it/2jReTqC',
          'caption' => 'www.cnn.com',
          'created_time' => '2017-01-15T00:04:02+0000',
          'name' => 'Ahead of inauguration, thousands rally for immigration and civil rights',
          'id' => '219367258105115_1460337190674776',
          'message' => 'Around 70 similar events protesting Donald J. Trump\'s immigration policies took place nationwide.'
        };

Domain: cnn.com
Response:
{"id":"1622501708043673_1643810455912798"}

The Daily Show
-----------------------------

Daily Kos
-----------------------------

Yahoo News
-----------------------------

The Guardian
-----------------------------

CNN
-----------------------------
$VAR1 = {
          'link' => 'http://cnn.it/2iRaVtZ',
          'caption' => 'www.cnn.com',
          'created_time' => '2017-01-15T00:01:01+0000',
          'name' => 'Dr. Sanjay Gupta: Benefits of vaccines are a matter of fact',
          'id' => '5550296508_10155910978136509',
          'message' => '"The benefit of vaccines is not a matter of opinion. It is a matter of fact," writes Dr. Sanjay Gupta'
        };

Domain: cnn.com
Response:
{"id":"1622501708043673_1643810509246126"}

Slate.com
-----------------------------
$VAR1 = {
          'link' => 'http://slate.me/2im5buK',
          'caption' => 'slate.com',
          'created_time' => '2017-01-15T00:07:06+0000',
          'name' => "Ariana Grande & John Legend Will Record \x{201c}Beauty and the Beast\x{201d} for the Live-Action Remake",
          'id' => '21516776437_10154763441431438',
          'message' => "They\x{2019}re bringing back the golden age of Disney adult contemporary theme songs."
        };

Domain: slate.com
Response:
{"id":"1622501708043673_1643810555912788"}

the AP
-----------------------------

Sean Hannity
-----------------------------

The Ed Schultz Show
-----------------------------

The Atlantic
-----------------------------

Bloomberg
-----------------------------
$VAR1 = {
          'link' => 'http://bloom.bg/2jc47rX',
          'caption' => 'bloomberg.com',
          'created_time' => '2017-01-15T00:00:40+0000',
          'name' => 'Sony\'s New TV Has a Screen That\'s Also a Speaker',
          'id' => '266790296879_10154934787351880',
          'message' => 'You\'ve got to see this.'
        };

Domain: bloomberg.com
Response:
{"id":"1622501708043673_1643810609246116"}

BuzzFeed
-----------------------------

Fox News
-----------------------------

VICE
-----------------------------
$VAR1 = {
          'link' => 'https://www.vice.com/en_us/article/slime-blind-todays-comic-by-julian-glander?utm_source=vicefbus',
          'caption' => 'www.vice.com',
          'created_time' => '2017-01-15T00:01:02+0000',
          'name' => '\'Slime Blind,\' Today\'s Comic by Julian Glander',
          'id' => '167115176655082_1528210573878862',
          'message' => 'It\'s slime time, baby.'
        };

Domain: vice.com

Glenn Beck
-----------------------------

The Other 98%
-----------------------------


Total Posts Made:	12


