***********************************************************************************
Started at 11:30:01 on 11/13/2016
***********************************************************************************
Querying souces from the past 15 minutes....

Al Jazeera
-----------------------------

Upworthy
-----------------------------

The Huffington Post
-----------------------------

HuffPost Women
-----------------------------
$VAR1 = {
          'link' => 'http://huff.to/2hrhfbQ',
          'caption' => 'huffingtonpost.com',
          'created_time' => '2016-12-13T16:20:03+0000',
          'name' => '15 Christmas Breakup Excuses Only A Grinch Would Use',
          'id' => '153213781413350_1236099466458104',
          'message' => '"I just wanna be by my elf."'
        };

Domain: huffingtonpost.com
Response:
{"id":"1622501708043673_1632153843745126"}

PBS News Hour
-----------------------------

ATTN:
-----------------------------

Reuters
-----------------------------
$VAR1 = {
          'link' => 'http://reut.rs/2gHFOT3',
          'caption' => 'reuters.com',
          'created_time' => '2016-12-13T16:29:04+0000',
          'name' => 'Exclusive: Top U.S. spy agency has not embraced CIA assessment on Russia hacking - sources',
          'id' => '114050161948682_1321090571244629',
          'message' => 'The overseers of the U.S. intelligence community have not embraced a CIA assessment that Russian cyber attacks were aimed at helping President-elect Trump win the election, three American officials said: http://reut.rs/2gHFOT3'
        };

Domain: reuters.com
$VAR1 = {
          'link' => 'https://www.facebook.com/Reuters/videos/1321082787912074/',
          'created_time' => '2016-12-13T16:27:46+0000',
          'id' => '114050161948682_1321082787912074',
          'message' => 'The Fed prepares to navigate politics under a Trump administration. Reuters Conway Gittens and Jonathan Spicer discuss on #FacebookLive. Send us your questions.'
        };
$VAR1 = {
          'link' => 'http://reut.rs/2hB1Dpf',
          'caption' => 'fingfx.thomsonreuters.com',
          'created_time' => '2016-12-13T16:24:32+0000',
          'name' => 'The fall of Aleppo',
          'id' => '114050161948682_1321079861245700',
          'message' => 'Trace Aleppo\'s shifting battlegrounds, in graphics: http://reut.rs/2hB1Dpf'
        };

Domain: thomsonreuters.com

NowThis
-----------------------------
$VAR1 = {
          'link' => 'https://www.facebook.com/NowThisNews/videos/1504723402878081/',
          'created_time' => '2016-12-13T16:15:43+0000',
          'name' => 'Dolphins Are Forced To Perform In Traveling Circuses',
          'id' => '341163402640457_1504723402878081',
          'message' => "These circus dolphins are forced to jump through flames \x{2014} but you can help stop it (via Dodo Impact)"
        };

Daily Caller
-----------------------------
$VAR1 = {
          'link' => 'http://trib.al/V2njaGs',
          'caption' => 'dailycaller.com',
          'created_time' => '2016-12-13T16:20:34+0000',
          'name' => 'Matt Drudge Praises Trump, Kanye Meeting -- \'Brilliant!\'',
          'id' => '182919686769_10154042612866770',
          'message' => 'Donald Trump was being criticized for this. Then Matt Drudge weighed in.'
        };

Domain: dailycaller.com

CNBC
-----------------------------
$VAR1 = {
          'link' => 'http://cnb.cx/2hq6Xcb',
          'created_time' => '2016-12-13T16:25:23+0000',
          'name' => 'CNBC Make It',
          'id' => '97212224368_10154988371949369'
        };
$VAR1 = {
          'link' => 'http://cnb.cx/2hp8SQA',
          'caption' => 'cnbc.com',
          'created_time' => '2016-12-13T16:21:06+0000',
          'name' => "Why Bill Gates follows Warren Buffett\x{2019}s investing strategy",
          'id' => '97212224368_10154988358439369',
          'message' => 'Bill Gates dropped out of college to co-found Microsoft. He\'s a prodigy who has become one of the richest men in the world. 

But when it comes to the stock market, he follows the advice of billionaire investor Warren Buffett.'
        };

Domain: cnbc.com

The Onion
-----------------------------
$VAR1 = {
          'link' => 'http://trib.al/74b7QFu',
          'caption' => 'theonion.com',
          'created_time' => '2016-12-13T16:20:09+0000',
          'name' => 'Top Newsmakers Of 2016',
          'id' => '20950654496_10154933123589497'
        };

Domain: theonion.com

Opposing Views
-----------------------------

the Today Show
-----------------------------
$VAR1 = {
          'link' => 'http://on.today.com/2hJrdEo',
          'caption' => 'today.com',
          'created_time' => '2016-12-13T16:22:32+0000',
          'name' => '\'Truly grateful\': Strangers linked forever by life-saving gift',
          'id' => '12566691349_10154827338566350',
          'message' => "\x{201c}It started by swabbing a cheek and it turned into a long life for a beautiful little girl.\""
        };

Domain: today.com

Kotaku
-----------------------------
$VAR1 = {
          'link' => 'http://trib.al/gNzXNBp',
          'caption' => 'kotaku.com',
          'created_time' => '2016-12-13T16:16:26+0000',
          'name' => 'MMA Champion Uses Video Games And Cosplay To Deal With The Stress Of Fighting',
          'id' => '273824104039_10154919502359040',
          'message' => '"I would literally stalk my opponents. I would see what they posted every day. I would watch my videos, their videos of fighting. I would Google what people were saying about me. It was insane." The solution? Cosplay.'
        };

Domain: kotaku.com

Washington Post
-----------------------------
$VAR1 = {
          'link' => 'https://www.washingtonpost.com/news/energy-environment/wp/2016/12/13/scientists-are-frantically-copying-u-s-climate-data-fearing-it-might-vanish-under-trump/?tid=sm_fb&utm_term=.76612000b824',
          'caption' => 'washingtonpost.com',
          'created_time' => '2016-12-13T16:30:04+0000',
          'name' => 'Scientists are frantically copying U.S. climate data, fearing it might vanish under Trump',
          'id' => '6250307292_10154523646852293',
          'message' => "\x{201c}People have felt a call to arms. We need to be outspoken.\x{201d}"
        };

Domain: washingtonpost.com
Response:
{"id":"1622501708043673_1632153940411783"}
$VAR1 = {
          'link' => 'https://www.facebook.com/washingtonpost/videos/10154523638752293/',
          'created_time' => '2016-12-13T16:19:06+0000',
          'name' => 'Carnage as Aleppo falls',
          'id' => '6250307292_10154523638752293',
          'message' => 'Rebels are losing control of Aleppo and Syrian government loyalists have killed at least 82 civilians in house-by-house rampages, according to the U.N. Victims include 11 women and 13 children, according to a list provided to the U.N. 
 
Reporter Louisa Loveluck describes the human cost of the Syrian civil war and potential outcomes for those who survive. http://wpo.st/5b3M2'
        };

the American Center for Law and Justice
-----------------------------

VICE News
-----------------------------

PBS
-----------------------------

Mother Jones
-----------------------------

HuffPost Good News
-----------------------------
$VAR1 = {
          'link' => 'http://huff.to/2hp3mNL',
          'caption' => 'huffingtonpost.com',
          'created_time' => '2016-12-13T16:20:06+0000',
          'name' => '17 Tweets About Married Life That Are Funny Because They\'re True',
          'id' => '202163013203224_1222612067824975',
          'message' => "\"My wife set a limit on how much we can spend on each other for Christmas. It\x{2019}s \$100 on me and \$500 on her.\""
        };

Domain: huffingtonpost.com
Response:
{"id":"1622501708043673_1632154023745108"}

BBC News
-----------------------------

Breaking News
-----------------------------

The Verge
-----------------------------

New York Magazine
-----------------------------
$VAR1 = {
          'link' => 'http://nym.ag/2hqYsx0',
          'caption' => 'nymag.com',
          'created_time' => '2016-12-13T16:17:31+0000',
          'name' => "Why Danes Think They\x{2019}re So Annoyingly Happy",
          'id' => '14516439825_10154847223669826',
          'message' => 'The values that form Denmark\'s "common cultural DNA" shed light on the American condition circa 2016.'
        };

Domain: nymag.com

TIME
-----------------------------

the Business Insider
-----------------------------
$VAR1 = {
          'link' => 'http://markets.businessinsider.com/news/stocks/BILL-GATES-Stocks-are-expensive-MSFT-1001592571',
          'created_time' => '2016-12-13T16:30:05+0000',
          'name' => 'Markets Insider',
          'id' => '20446254070_10154183107199071',
          'message' => 'Bill Gates has spoken.'
        };
$VAR1 = {
          'link' => 'http://read.bi/2gDoAYB',
          'caption' => 'businessinsider.com',
          'created_time' => '2016-12-13T16:20:08+0000',
          'name' => 'SeaWorld is opening its first park without its signature killer whales',
          'id' => '20446254070_10154183271204071',
          'message' => 'SeaWorld will now be lacking its previously signature feature.'
        };

Domain: businessinsider.com

ThinkProgress
-----------------------------
$VAR1 = {
          'link' => 'https://thinkprogress.org/condi-rice-rex-tillerson-exxon-conflict-of-interest-donald-trump-secretary-of-state-nomination-fe94e58a243f#.45276834n',
          'caption' => 'thinkprogress.org',
          'created_time' => '2016-12-13T16:17:22+0000',
          'name' => "Condi Rice endorses Exxon CEO for Secretary of State, doesn\x{2019}t disclose financial relationship",
          'id' => '200137333331078_1462389810439151',
          'message' => 'Follow the money.'
        };

Domain: thinkprogress.org
Response:
{"id":"1622501708043673_1632154150411762"}

POLITICO
-----------------------------
$VAR1 = {
          'link' => 'https://www.facebook.com/politico/videos/10154089088321680/',
          'created_time' => '2016-12-13T16:26:23+0000',
          'name' => 'Trump taps Tillerson for secretary of state',
          'id' => '62317591679_10154089088321680',
          'message' => 'President-Elect Donald J. Trump officially picked ExxonMobil CEO Rex Tillerson as his choice to be secretary of state, setting up a contentious confirmation battle over the nation\'s top diplomat. Read more: http://politi.co/2gHBYti'
        };

USA TODAY
-----------------------------
$VAR1 = {
          'link' => 'http://www.usatoday.com/story/money/nation-now/2016/12/13/8-million-cuisinart-food-processors-recalled-amid-laceration-reports/95368046/',
          'caption' => 'usatoday.com',
          'created_time' => '2016-12-13T16:25:00+0000',
          'name' => '8 million Cuisinart food processors recalled amid laceration reports',
          'id' => '13652355666_10154157057235667',
          'message' => 'Conair received 69 reports of people finding broken pieces of the blade in their food, including 30 reports of cuts in the mouth or tooth injuries.'
        };

Domain: usatoday.com
Response:
{"id":"1622501708043673_1632154217078422"}

American News
-----------------------------
$VAR1 = {
          'link' => 'http://americannews.com/breaking-electors-march-court-steal-election-donald-trump/',
          'caption' => 'americannews.com',
          'created_time' => '2016-12-13T16:30:00+0000',
          'name' => 'BREAKING: Electors March To Court To Steal Election From Donald Trump',
          'id' => '179035672287016_897638050426771',
          'message' => 'They Electors are going to strip Trump of his president.

He needs our support now, let\'s give it to him.

Can we get 5,000 \'LIKES\' for Donald Trump?'
        };

Domain: americannews.com

ABC News
-----------------------------

HuffPost Politics
-----------------------------
$VAR1 = {
          'link' => 'http://huff.to/2hr2xB8',
          'caption' => 'huffingtonpost.com',
          'created_time' => '2016-12-13T16:16:37+0000',
          'name' => 'Aleppo Civilians Are Being \'Slaughtered,\' UN Says',
          'id' => '56845382910_10154600948722911',
          'message' => "\"The crushing of Aleppo, the immeasurably terrifying toll on its people, the bloodshed, the wanton slaughter of men, women and children, the destruction \x{2013} and we are nowhere near the end of this cruel conflict.\""
        };

Domain: huffingtonpost.com
Response:
{"id":"1622501708043673_1632154293745081"}

NBC News
-----------------------------
$VAR1 = {
          'link' => 'https://www.facebook.com/NBCNews/videos/1615188631834494/',
          'created_time' => '2016-12-13T16:15:31+0000',
          'name' => 'Donald Trump and Kanye West meet at Trump Tower',
          'id' => '155869377766434_1615188631834494',
          'message' => '"I just wanted to take a picture right now," a tight-lipped Kanye West said of his meeting with Donald J. Trump at Trump Tower today.

Read more: http://nbcnews.to/2gwCzKS'
        };

AJ+
-----------------------------
$VAR1 = {
          'link' => 'https://www.facebook.com/ajplusenglish/videos/859271407547701/',
          'created_time' => '2016-12-13T16:30:00+0000',
          'name' => 'Trump\'s Pick for Secretary of State',
          'id' => '407570359384477_859271407547701',
          'message' => 'Donald Trump just picked a CEO from big oil for secretary of state. Here are five things you need to know about Rex Tillerson.'
        };

Wikileaks
-----------------------------

CNNMoney
-----------------------------
$VAR1 = {
          'link' => 'http://cnnmon.ie/2gDPvU5',
          'caption' => 'money.cnn.com',
          'created_time' => '2016-12-13T16:27:01+0000',
          'name' => 'The problem with Rex Tillerson\'s nine-figure nest egg',
          'id' => '6651543066_10154184182823067',
          'message' => 'Rex Tillerson has been promised more than 2 million shares of ExxonMobil - this poses a difficult ethical and legal problem Donald Trump\'s secretary of state pick.  http://cnnmon.ie/2gDPvU5'
        };

Domain: cnn.com
Response:
{"id":"1622501708043673_1632154330411744"}
$VAR1 = {
          'link' => 'http://cnnmon.ie/2htYxPs',
          'caption' => 'money.cnn.com',
          'created_time' => '2016-12-13T16:18:01+0000',
          'name' => 'The 5-minute 401(k) investment plan',
          'id' => '6651543066_10154184142573067',
          'message' => 'How to make smart choices for your 401(k) plan in just 5 minutes: http://cnnmon.ie/2htYxPs'
        };

Domain: cnn.com
Response:
{"id":"1622501708043673_1632154420411735"}

ABC News Politics
-----------------------------
$VAR1 = {
          'link' => 'https://www.facebook.com/ABCNewsPolitics/videos/1123747477723477/',
          'created_time' => '2016-12-13T16:27:03+0000',
          'name' => 'Raddatz: Tillerson, Bolton Could Create \'Good Cop, Bad Cop\' Dy...',
          'id' => '184096565021911_1123747477723477',
          'message' => 'Martha Raddatz tells Good Morning America that Rex Tillerson, Donald J. Trump\'s nominee for Secretary of State, and likely deputy pick John Bolton could create a "good cop, bad cop" dynamic at the U.S. Department of State. http://abcn.ws/2hJyKTO'
        };
$VAR1 = {
          'link' => 'http://abcn.ws/2hp2QiH',
          'caption' => 'abcnews.go.com',
          'created_time' => '2016-12-13T16:16:31+0000',
          'name' => 'Heroin Overdoses Kill More People Than HIV, Melanoma or Firearms',
          'id' => '184096565021911_1123736121057946',
          'message' => 'The opioid epidemic continues to worsen in the U.S., with more people dying from heroin overdoses than firearm homicides, melanoma or HIV-related causes, according to data from the United States Center for Disease Control.'
        };

Domain: go.com
Response:
{"id":"1622501708043673_1632154490411728"}

Right Wing News
-----------------------------

The Wall Street Journal
-----------------------------
$VAR1 = {
          'link' => 'http://on.wsj.com/2hoHK40',
          'caption' => 'wsj.com',
          'created_time' => '2016-12-13T16:20:06+0000',
          'name' => 'OPEC Pumped At Record High as Cartel Agreed Output Cut, Says IEA',
          'id' => '8304333127_10155101356793128',
          'message' => "OPEC pumped at record high levels in November posing a challenge to the petroleum cartel\x{2019}s plans to slash oil output to support crude prices, according to the International Energy Agency."
        };

Domain: wsj.com
Response:
{"id":"1622501708043673_1632154593745051"}

MSNBC
-----------------------------

the Drudge Report
-----------------------------

Mic
-----------------------------
$VAR1 = {
          'link' => 'https://www.facebook.com/MicMedia/videos/1323672060988914/',
          'created_time' => '2016-12-13T16:23:32+0000',
          'name' => 'Racist harasses black man',
          'id' => '174742062548592_1323672060988914',
          'message' => 'Another white man harasses a black man in public and jokes about police killing innocent people. When is this gonna end?'
        };

The Economist
-----------------------------

Bloomberg Politics
-----------------------------

CBS News
-----------------------------
$VAR1 = {
          'link' => 'http://cbsn.ws/2hitgSU',
          'caption' => 'www.cbsnews.com',
          'created_time' => '2016-12-13T16:30:03+0000',
          'name' => 'Ship captain convicted in sinking that killed 700',
          'id' => '131459315949_10154166011920950',
          'message' => 'A judge has convicted a ship captain and crew member in the sinking that left more than 700 people dead.'
        };

Domain: cbsnews.com
Response:
{"id":"1622501708043673_1632154673745043"}
$VAR1 = {
          'link' => 'https://www.facebook.com/CBSNews/videos/10154165971730950/',
          'created_time' => '2016-12-13T16:20:55+0000',
          'name' => 'The woman at the center of "Hidden Figures"',
          'id' => '131459315949_10154165971730950',
          'message' => 'As we head into awards season, you may want to check out the movie Hidden Figures. You should also probably brush up on the superstar woman at its center.'
        };

The Young Turks
-----------------------------

Occupy Democrats
-----------------------------

CBC News
-----------------------------
$VAR1 = {
          'link' => 'http://www.cbc.ca/news/politics/wherry-trudeau-fundraising-1.3893026',
          'caption' => 'cbc.ca',
          'created_time' => '2016-12-13T16:30:00+0000',
          'name' => 'Forget free trade, pipelines and carbon prices: Liberal fundraising flak the talk of the fall',
          'id' => '5823419603_10154936713964604',
          'message' => 'Interim Conservative Leader Rona Ambrose called the Liberal fundraising controversy an \'ethical mess\' Monday.'
        };

Newsweek
-----------------------------
$VAR1 = {
          'link' => 'http://www.newsweek.com/gorbachev-claims-treachery-was-behind-soviet-collapse-531328',
          'caption' => 'www.newsweek.com',
          'created_time' => '2016-12-13T16:15:56+0000',
          'name' => 'Gorbachev on the Soviet collapse and why Putin\'s popularity will soon be "120 percent"',
          'id' => '18343191100_10154680274026101',
          'message' => "\x{201c}There are some people for whom freedom is an annoyance.\""
        };

Domain: newsweek.com

CNN International
-----------------------------

The New Yorker
-----------------------------
$VAR1 = {
          'link' => 'http://nyer.cm/ZBdtDut',
          'caption' => 'newyorker.com',
          'created_time' => '2016-12-13T16:30:12+0000',
          'name' => 'Rex Tillerson, from a Corporate Oil Sovereign to the State Department',
          'id' => '9258148868_10154277964558869',
          'message' => 'In nominating Rex Tillerson, Donald J. Trump is handing the State Department to a man who has worked his whole life running a parallel quasi-state.'
        };

Domain: newyorker.com
Response:
{"id":"1622501708043673_1632154727078371"}

Rush Limbaugh
-----------------------------

The Independent
-----------------------------
$VAR1 = {
          'link' => 'http://www.independent.co.uk/sport/cricket/india-vs-england-2016-test-series-sick-messages-joseph-fritzl-madeleine-mccann-a7471231.html?cmpid=facebook-post',
          'caption' => 'independent.co.uk',
          'created_time' => '2016-12-13T16:21:00+0000',
          'name' => '\'Sickening\' text from \'Madeleine McCann\' shown on big screen during England cricket match',
          'id' => '13312631635_10154282997701636',
          'message' => 'Disgusting'
        };

Domain: independent.co.uk

TheBlaze
-----------------------------
$VAR1 = {
          'link' => 'http://www.theblaze.com/news/2016/12/13/oxford-university-demands-students-refer-to-each-other-with-gender-neutral-pronoun-ze/',
          'caption' => 'www.theblaze.com',
          'created_time' => '2016-12-13T16:19:52+0000',
          'name' => "Oxford University demands students refer to each other with gender-neutral pronoun \x{2018}ze\x{2019}",
          'id' => '140738092630206_1299279553442715',
          'message' => 'We had a good run, as a species.'
        };

Domain: theblaze.com
Response:
{"id":"1622501708043673_1632154820411695"}

NPR Politics
-----------------------------

The New York Times
-----------------------------
$VAR1 = {
          'link' => 'http://www.nytimes.com/2016/12/13/us/alabama-prosecutor-valeska-criminal-justice-reform.html?smid=fb-nytimes&smtyp=cur',
          'caption' => 'nytimes.com',
          'created_time' => '2016-12-13T16:25:01+0000',
          'name' => 'Alabama Prosecutor Sets the Penalties and Fills the Coffers',
          'id' => '5281959998_10151008800124999',
          'message' => "They were young, first-time offenders, charged with felonies. She paid \$5,900 to get her charges for breaking into a car and shopping with stolen credit cards, dismissed. He was accused of misidentifying himself to a police officer, couldn\x{2019}t afford to pay, and was convicted."
        };

Domain: nytimes.com
Response:
{"id":"1622501708043673_1632154937078350"}

NPR
-----------------------------
$VAR1 = {
          'link' => 'http://www.npr.org/2016/12/13/505397228/donald-trump-taps-rick-perry-to-head-agency-he-once-forgot?utm_source=facebook.com&utm_medium=social&utm_campaign=npr&utm_term=nprnews&utm_content=2041',
          'caption' => 'npr.org',
          'created_time' => '2016-12-13T16:27:05+0000',
          'name' => 'Reports: Donald Trump Taps Rick Perry To Head Agency He Once Forgot',
          'id' => '10643211755_10155071379136756',
          'message' => 'Rick Perry, who served 14 years as governor of energy-rich Texas, blanked on the Department of Energy\'s name during a televised gaffe that was probably the most high-profile moment of his troubled 2012 presidential run.'
        };

Domain: npr.org
Response:
{"id":"1622501708043673_1632154997078344"}

MSN
-----------------------------

CNN Politics
-----------------------------

The Daily Show
-----------------------------

Daily Kos
-----------------------------
$VAR1 = {
          'link' => 'http://www.dailykos.com/stories/2016/12/12/1610391/-David-Brock-Trump-arranged-SoS-meeting-to-torture-Mitt-Our-president-elect-is-a-cruel-man?detail=facebook',
          'caption' => 'dailykos.com',
          'created_time' => '2016-12-13T16:20:00+0000',
          'name' => 'Roger Stone: Trump arranged SoS meeting to "torture" Mitt. Our president-elect is a cruel man',
          'id' => '43179984254_10154957362464255',
          'message' => 'Because a president-elect using his second-most-powerful appointment as a vindictive slight against a perceived rival is so totally bigly a presidential thing to do.

By Daily Kos user Hammerhand'
        };

Domain: dailykos.com
Response:
{"id":"1622501708043673_1632155047078339"}
$VAR1 = {
          'link' => 'http://www.dailykos.com/stories/2016/12/13/1610556/-Less-than-24-hrs-after-saying-he-was-too-busy-for-a-press-conference-Trump-meets-with-Kanye-West?detail=facebook',
          'caption' => 'dailykos.com',
          'created_time' => '2016-12-13T16:20:00+0000',
          'name' => 'Less than 24 hrs after saying he was too busy for a press conference, Trump meets with Kanye West',
          'id' => '43179984254_10154957350899255',
          'message' => 'RIP America. We had a nice run.'
        };

Domain: dailykos.com
Response:
{"id":"1622501708043673_1632155397078304"}

Yahoo News
-----------------------------
$VAR1 = {
          'link' => 'https://www.facebook.com/yahoonews/videos/10153877100906371/',
          'created_time' => '2016-12-13T16:20:00+0000',
          'name' => 'Eight Things You Shouldn\'t Keep In Your Bathroom',
          'id' => '338028696036_10153877100906371',
          'message' => 'Eight things you absolutely shouldn\'t keep in your bathroom. http://bit.ly/2h479x2'
        };

The Guardian
-----------------------------
$VAR1 = {
          'link' => 'https://www.facebook.com/theguardian/videos/606838679503899/',
          'created_time' => '2016-12-13T16:30:00+0000',
          'name' => "The teens \x{200b}shaping the\x{200b} future",
          'id' => '10513336322_606838679503899',
          'message' => 'Building a braille printer using Lego, developing a way to diagnose Alzheimer\'s 10 year before any symptoms appear, stunning the rock climbing world by excelling on the hardest climbs. Meet five teens set on changing the world'
        };
$VAR1 = {
          'link' => 'https://www.theguardian.com/society/2016/dec/13/guardian-and-observer-charity-appeal-raises-250000-in-four-days?utm_source=social&utm_campaign=charityappeal2016&utm_medium=facebook',
          'caption' => 'theguardian.com',
          'created_time' => '2016-12-13T16:17:00+0000',
          'name' => "Guardian and Observer charity appeal raises \x{a3}250,000 in four days",
          'id' => '10513336322_10154838507471323',
          'message' => 'This year, record numbers of children have drowned in the Mediterranean; others have been placed in detention for travelling without documents. Official figures indicate more than 90,000 children have travelled alone, fleeing war and destitution across Europe.'
        };

Domain: theguardian.com
Response:
{"id":"1622501708043673_1632155640411613"}

CNN
-----------------------------

Slate.com
-----------------------------

the AP
-----------------------------

Sean Hannity
-----------------------------
$VAR1 = {
          'link' => 'http://www.hannity.com/articles/immigration-487258/donald-trump-wins-wisconsin-again-15386613/',
          'caption' => 'hannity.com',
          'created_time' => '2016-12-13T16:24:53+0000',
          'name' => 'Donald Trump Wins Wisconsin! Again!',
          'id' => '69813760388_10158058181920389'
        };

Domain: hannity.com
Response:
{"id":"1622501708043673_1632155780411599"}

The Ed Schultz Show
-----------------------------

The Atlantic
-----------------------------
$VAR1 = {
          'link' => 'http://theatln.tc/2hAO4G7',
          'caption' => 'theatlantic.com',
          'created_time' => '2016-12-13T16:22:05+0000',
          'name' => 'Why Americans Die Younger Than Europeans',
          'id' => '29259828486_10154902413218487',
          'message' => 'Why so many Americans are dying younger'
        };

Domain: theatlantic.com

Bloomberg
-----------------------------

BuzzFeed
-----------------------------

Fox News
-----------------------------
$VAR1 = {
          'link' => 'https://www.facebook.com/FoxNews/photos/a.184044921335.134777.15704546335/10154889263816336/?type=3',
          'created_time' => '2016-12-13T16:28:45+0000',
          'name' => 'Timeline Photos',
          'id' => '15704546335_10154889263816336',
          'message' => 'Were you surprised to see the infamous Kanye West  visit President-elect Donald J. Trump at Trump Tower New York?'
        };

VICE
-----------------------------
$VAR1 = {
          'link' => 'https://www.facebook.com/vicenews/videos/705119726314647/',
          'created_time' => '2016-12-13T16:27:54+0000',
          'name' => 'VICE News',
          'id' => '167115176655082_1486329524733634'
        };

Glenn Beck
-----------------------------

The Other 98%
-----------------------------


Total Posts Made:	19


