***********************************************************************************
Started at 18:15:01 on 00/31/2017
***********************************************************************************
Querying souces from the past 15 minutes....

Al Jazeera
-----------------------------

Upworthy
-----------------------------
$VAR1 = {
          'link' => 'https://www.facebook.com/Upworthy/videos/1627259973981521/',
          'created_time' => '2017-01-31T23:01:00+0000',
          'id' => '354522044588660_1627259973981521',
          'message' => 'These veterans with PTSD have found that therapy horses can relieve their anxiety and depression.

Special thanks to SPRING REINS of LIFE / Horses, Humans & Healing 501c3.'
        };

The Huffington Post
-----------------------------
$VAR1 = {
          'link' => 'http://huff.to/2jSBodT',
          'caption' => 'huffingtonpost.com',
          'created_time' => '2017-01-31T23:00:19+0000',
          'name' => 'Sally Yates Has Been Nominated For JFK Profile In Courage Award',
          'id' => '18468761129_10154664055331130',
          'message' => 'The award celebrates officials who choose the public interest over partisanship, "who do what is right, rather than what is expedient."'
        };

Domain: huffingtonpost.com
Response:
{"error":{"message":"It looks like you were misusing this feature by going too fast. You\u2019ve been blocked from using it.\n\nLearn more about blocks in the Help Center.","type":"OAuthException","code":368,"error_data":{"sentry_block_data":"AehBOPWa_Canxm3G7LDG58fl-WV0xQgLHiN8wStZ2DB6xcwTK1fm_aoe6oBrE68qrzV4_m5XKIbFwpHB4uzBG36t7UMkhuBabLXkcTUZeOePXeVckPN5f9ZyZaVh-mSmLZVhA0bG-XkOFGhgtpP4I0E1rQiHgDGt9HFBkvgoe8vbLFLtDBniTGAXqiBMhrtmKYLd-hjP2WzWnSGQlvPemNGq2v5_1T6V3w1zO9cRq-Ar_f7YmJESpzTELF6idjtD21TboxLmHyipP10I0qNVISmm0LzfbV7xJg2VJI_2WyP76KvJyCxrutuD8wlc67wjFEy_AFqB8o9_X2PdyP91-WciPaa64rOt_30J1V4IYs4dybIBdSnFd6GRjxy1PvCoCfdyNYMDnCBMn3co3oRG8BoDf1cJe4z8kgvD5ShyQQRUv39DdEEAXmMBQvZfSzP3trmjpxCmlLR6-8g7x6-myAugzZn9L2ZCNab90-ICJV7_DCC5CGMTHUUzW0cLIIWgEJjvykXDjbP7MqvCrBI5EsePjVVWWTR9xIzWGNi8zGNoG1PxHbBEKkYd2LQoMSxeczZ_e-OqlmQ3OGznFu1K0SUOQlQk7SFwijHj9Gb139iv2VhgAoF2s_5m7pfEtaKjwVeqwIVUfMD3uJRNhy_iHyA3bL8FmjDT9widX2nPBWfS7AkyGSSqHo6gnvvQleGdHNJfNbruhnzirRim3llRSBafAyDJZFleSGVxkks7engMdcgDdRlytCmFLarh2do-WFbi-oqMChOzr3zmw7lIz3pbSK6XOIqETBsnvRGWO-y35jvbfQnQAB2j7BZXbjVLNAqSmqD4u-IWuNLLjaYBnFEesZqewKiP3g-FJPs8CDC9BkA2C0Rh6NAgxevJEcs5LxtEa_N9MK1ujPvBrF46mRH-IaWD1Qk4h8KOYosC7DoF_6SVynSBHbSlBU7ywPoGkm1WZAP65a77rYJZdgxs4YxsmVfAgKIQ3lG1HVe5YAJRmEAsE1Hiy3vDqs2pspy-XSL9E3Ho_V-PpRlX0-xzvNDsrv8rC5XKSpISyXERK8KjICfks9McPwYpGxrzugf1gId6JTf2z0A6cKVCTiaYWk03ulC2j1kwL21TgaLacAfCKKQI4TaAVMKVebmfhlPVsJ4Cxhncx_ubDt77HKRJBLPDBXE-fF66ZEa_p68RsUkhVXEpP2g77P7BYOar5tblAFFBcXAGNOsNG_cTJHjySYe2yyysXr2kcLOrrUUKSAz2utOCD17gP1cN4XC7W6Pn51ZwoCscSTDBwCECbJtEwrYmKkUQ7KhpsIUUZ6SHYGDdgIcwS1JcGnW_jKQ3dGDMkkV-o0MOMqDSMf-iDammxKW16CK8EpkdgMNC7M-lc9MUF79v4sX-OqlwLzvUeePgI1LnrdyYZZsOjcnmz-eo2GdK333rgrkoYDAY9Nr-oCqvKcDV02Il64c4F_CHwM-2lf1L0XwQS4EFREjTD6JOiC-1Pr4LQHJgS6ky-RCmPUwwq7L4Mttx4tL8L5kvRVGUnDPUIckf0agKjnuQWvaggltKeGZoF0m3JeGvsgZParwS0nviszKt15bBRe-WlFQd_TPucYH8q1ejrDFf3W1gR5PCLLrqbOks9u2gxLKr_q-ImgPTmQzvKYMI7HfMGzi1jSmMwZFb0ie82bOJfHWppMIFN8aSjOz1Boc-I3EFTGw7Gpljq_2G9hYDQCi0O6OwBJKpSM3xjN6F40RCYB3h1y7khq3u7pMhribnThCrSYNYzGo9W2YPPuqAs4BfRJmkChHrF6wuSVD9sbWcVgZG-VMnId4pwuM5aOc_ftK8rdYnMkRH9wibMOwYKn-TF1GEGCIFU8UTqw0O4lK-gcNCDdOthkIWKA3sjn9HsFgrhXXVuE9-DGVzVy0J0A5AIPaaCNE7Pg8lSQ8ppUZZHZOoGbJmNEt8d2iikmQTkoHeUYemLZe2OWl_1IgkoPgd3qcULSw1Qqx_EYRcExdxytVa4ONbXwKtODPyH7BQR-qrit0JO-ur9QjErMnN7UhMpmwMFeU_SvyiaB6xXr81aMBiz34nc-70d0ZIsUDTyfaOGKbcVN4c9LUADGi9GHfyQZMt4xAAa7pVrpWdTzKV7rWb2DWr61c0D2dUHNNHlqL4K0o1V4uFY7T1G8fUqaiC2DUyppHmSG-QZGKPYTaovVHPKi7Ts_U5RjsS72TAXj31kPYhDYnSxmRJlsnpUJ4_QnJaI6j6TdqcvErn-bI6iD9aQTCWdNDZdlr1ad9AfFSTcxgWfIRoexfCwVB9SnABJesOhv4xc1LB2uQrmK5ydjZ_LO0pfSX5l6GvZ2q0iIl4P2dXRBZgTHV9_bRRF3SYr64sK1pX988I1PzNxIJuFQh6VgTSxSJDbkjxKcHmDLAEfCDo1BLW42aZqX0zdJm97IHdDRRj8ezrxJt_9oE5kpJ-V0cvvN7mpEmwXRXYG6__OqJ1cBTRAzgqP5o91pv5RQHOJ1ntZQU8Bj4HXrklkYFFmRS73OKgTbES3bFoX5PyyuPA-WBae7Zdv4PDc6aYu1wNpIvjrV9hZ-GHiID8HRCFsZxGX0dk4eJIs9wYdsCnWKrfr2aqfsJGbDW5TtMN8Xyoex0UbNeAL3peT7E8cNu1LdHEyPmWm3VLvWQ5I9nS_FgQIfMoRZWwqbbtrpYDKmRaYFS4W7EloZ4WGy9MYzTXhy3TFBRKi3_Qpi0rrNMk4zPJ-MFLRi5amDF7IGw2y0bhVJtzd_FAcijhtMSipWI727e20IE2x5sjrnHG5ALI1NPXgJ0CXuu_3E-NAVA3HH3W0BU"},"error_subcode":1390008,"error_user_msg":"","fbtrace_id":"Gdg+SOxIDlu"}}

Facebook ran into an error and the post was not published. Zach Muckerberg please fix. Try again in a few hours.

