***********************************************************************************
Started at 02:15:01 on 00/02/2017
***********************************************************************************
Querying souces from the past 15 minutes....

Al Jazeera
-----------------------------

Upworthy
-----------------------------

The Huffington Post
-----------------------------

HuffPost Women
-----------------------------

PBS News Hour
-----------------------------

ATTN:
-----------------------------

Reuters
-----------------------------
$VAR1 = {
          'link' => 'http://reut.rs/2izoXUo',
          'caption' => 'www.reuters.com',
          'created_time' => '2017-01-02T07:05:09+0000',
          'name' => 'China\'s new rule on yuan transfers not a capital control measure: Xinhua',
          'id' => '114050161948682_1348678078485878',
          'message' => 'China\'s new rules on cash transactions and overseas transfers of yuan currency are not forms of capital controls, the state news agency Xinhua said, citing a central bank economist.'
        };

Domain: reuters.com

NowThis
-----------------------------

Daily Caller
-----------------------------

CNBC
-----------------------------

The Onion
-----------------------------

Opposing Views
-----------------------------

the Today Show
-----------------------------

Kotaku
-----------------------------

Washington Post
-----------------------------

the American Center for Law and Justice
-----------------------------

VICE News
-----------------------------

PBS
-----------------------------

Mother Jones
-----------------------------

HuffPost Good News
-----------------------------

BBC News
-----------------------------

Breaking News
-----------------------------

The Verge
-----------------------------
$VAR1 = {
          'link' => 'https://www.facebook.com/verge/videos/1294619970574343/',
          'created_time' => '2017-01-02T07:06:00+0000',
          'name' => 'Tear Gun uses your tears as ammunition',
          'id' => '193742123995472_1294619970574343',
          'message' => 'This gun can use your tears to create liquid bullets.'
        };

New York Magazine
-----------------------------
$VAR1 = {
          'link' => 'http://nym.ag/2iEYemi',
          'caption' => 'grubstreet.com',
          'created_time' => '2017-01-02T07:00:44+0000',
          'name' => 'The Absolute Best Bagel in New York',
          'id' => '14516439825_10154917548909826',
          'message' => 'These bagels are literally a work of pure reinvention.'
        };

Domain: grubstreet.com

TIME
-----------------------------
$VAR1 = {
          'link' => 'http://ti.me/2hWKqTW',
          'caption' => 'time.com',
          'created_time' => '2017-01-02T07:00:14+0000',
          'name' => 'How to Talk to Your Kids About Porn',
          'id' => '10606591490_10154314889841491',
          'message' => 'Approach the issue in a non-judgmental way.'
        };

Domain: time.com

the Business Insider
-----------------------------

ThinkProgress
-----------------------------

POLITICO
-----------------------------
$VAR1 = {
          'link' => 'http://politi.co/2hIyg4C',
          'caption' => 'politi.co',
          'created_time' => '2017-01-02T07:00:33+0000',
          'name' => "Republicans embrace Amtrak\x{2019}s Gulf Coast rebirth",
          'id' => '62317591679_10154156978641680',
          'message' => 'Local and state Republican leaders along the Gulf Coast are promoting a revived Amtrak route as a tool for commerce and jobs.'
        };

Domain: politi.co

Alias: politico.com
Response:
{"id":"1622501708043673_1639159379711239"}

USA TODAY
-----------------------------

American News
-----------------------------

ABC News
-----------------------------

HuffPost Politics
-----------------------------
$VAR1 = {
          'link' => 'http://huff.to/2imeefv',
          'caption' => 'huffingtonpost.com',
          'created_time' => '2017-01-02T07:00:24+0000',
          'name' => 'Check Out Our Favorite Politics Books Of The Year',
          'id' => '56845382910_10154665974832911',
          'message' => 'Some ideas for your 2017 reading list.'
        };

Domain: huffingtonpost.com
Response:
{"id":"1622501708043673_1639159423044568"}

NBC News
-----------------------------
$VAR1 = {
          'link' => 'http://nbcnews.to/2hI1LCd',
          'caption' => 'nbcnews.com',
          'created_time' => '2017-01-02T07:00:27+0000',
          'name' => "New Year\x{2019}s Day Dip: Europeans brave cold and take the plunge",
          'id' => '155869377766434_1647081425311881',
          'message' => 'Hundreds of people across Europe braved the cold weather and took part in the annual celebration to symbolize washing away the old year.'
        };

Domain: nbcnews.com
Response:
{"id":"1622501708043673_1639159489711228"}

AJ+
-----------------------------

Wikileaks
-----------------------------

CNNMoney
-----------------------------
$VAR1 = {
          'link' => 'http://cnnmon.ie/2hh3WOd',
          'caption' => 'money.cnn.com',
          'created_time' => '2017-01-02T07:05:02+0000',
          'name' => "What I would tell my 18-year-old self \x{2014} from tech founders",
          'id' => '6651543066_10154246230888067',
          'message' => "With age \x{2014} and business success \x{2014} comes perspective:  http://cnnmon.ie/2hh3WOd"
        };

Domain: cnn.com
Response:
{"id":"1622501708043673_1639159596377884"}

ABC News Politics
-----------------------------

Right Wing News
-----------------------------

The Wall Street Journal
-----------------------------
$VAR1 = {
          'link' => 'http://on.wsj.com/2iqBzKU',
          'caption' => 'wsj.com',
          'created_time' => '2017-01-02T07:00:23+0000',
          'name' => 'Malaysian Leader Najib Razak Promised Openness, but Dissent Over 1MDB Stifled',
          'id' => '8304333127_10155217512273128',
          'message' => "While pledging to investigate 1MDB fully, Mr. Najib\x{2019}s government recently has silenced critics under an assortment of laws, arresting dozens."
        };

Domain: wsj.com
Response:
{"id":"1622501708043673_1639159679711209"}

MSNBC
-----------------------------
$VAR1 = {
          'link' => 'http://on.msnbc.com/2hDPQC3',
          'caption' => 'msnbc.com',
          'created_time' => '2017-01-02T07:07:59+0000',
          'name' => 'Why Trump\'s New Year\'s Eve party may have been a big conflict of interest',
          'id' => '273864989376427_1417468171682764',
          'message' => '"People can pay for access, access leads to influence, influence leads to scandal." - Amb. Norman Eisen'
        };

Domain: msnbc.com
Response:
{"id":"1622501708043673_1639159733044537"}

the Drudge Report
-----------------------------

Mic
-----------------------------

The Economist
-----------------------------

Bloomberg Politics
-----------------------------

CBS News
-----------------------------

The Young Turks
-----------------------------

Occupy Democrats
-----------------------------

CBC News
-----------------------------

Newsweek
-----------------------------

CNN International
-----------------------------
$VAR1 = {
          'link' => 'https://www.facebook.com/cnninternational/videos/10154861408289641/',
          'created_time' => '2017-01-02T07:01:43+0000',
          'name' => '4DX is the next big thing in movies',
          'id' => '18793419640_10154861408289641',
          'message' => 'Forget 3D at the movies, 4DX is the next big thing http://cnn.it/2hC8UWb'
        };

The New Yorker
-----------------------------
$VAR1 = {
          'link' => 'http://nyer.cm/58HKQ7X',
          'caption' => 'newyorker.com',
          'created_time' => '2017-01-02T07:00:32+0000',
          'name' => 'My Prison Cell: A Place Kept Compulsively Clean',
          'id' => '9258148868_10154345091808869',
          'message' => 'In our series of essays by prisoners on life within their cells, Ramon Delgado writes about his compulsive need to clean.'
        };

Domain: newyorker.com
Response:
{"id":"1622501708043673_1639159776377866"}

Rush Limbaugh
-----------------------------

The Independent
-----------------------------
$VAR1 = {
          'link' => 'http://www.independent.co.uk/life-style/habits-of-self-made-millionaires-life-advice-a7504706.html?cmpid=facebook-post',
          'caption' => 'independent.co.uk',
          'created_time' => '2017-01-02T07:01:00+0000',
          'name' => '13 habits of self-made millionaires, from a man who spent 5 years studying rich people',
          'id' => '13312631635_10154350434761636',
          'message' => 'They all had to start somewhere'
        };

Domain: independent.co.uk

TheBlaze
-----------------------------

NPR Politics
-----------------------------

The New York Times
-----------------------------

NPR
-----------------------------

MSN
-----------------------------

CNN Politics
-----------------------------

The Daily Show
-----------------------------

Daily Kos
-----------------------------

Yahoo News
-----------------------------

The Guardian
-----------------------------

CNN
-----------------------------
$VAR1 = {
          'link' => 'https://www.facebook.com/cnn/videos/10155849575881509/',
          'created_time' => '2017-01-02T07:01:47+0000',
          'name' => '4DX is the next big thing in movies',
          'id' => '5550296508_10155849575881509',
          'message' => 'Forget 3D at the movies, 4DX is the next big thing http://cnn.it/2hCiMze'
        };

Slate.com
-----------------------------

the AP
-----------------------------

Sean Hannity
-----------------------------

The Ed Schultz Show
-----------------------------

The Atlantic
-----------------------------

Bloomberg
-----------------------------

BuzzFeed
-----------------------------

Fox News
-----------------------------

VICE
-----------------------------
$VAR1 = {
          'link' => 'https://sports.vice.com/en_us/article/every-year-is-remarkable-in-wrestling-but-2016-was-more-so-than-most?utm_source=vicefbus',
          'caption' => 'sports.vice.com',
          'created_time' => '2017-01-02T07:01:01+0000',
          'name' => 'Every Year Is Remarkable in Wrestling, But 2016 Was More So Than Most',
          'id' => '167115176655082_1514249005275019',
          'message' => "WWE's roster is more talented than maybe at any time in the promotion\x{2019}s history\x{2014}yes, even the Attitude Era or right after the WCW buyout\x{2014}and indie wrestling had plenty going for it, too."
        };

Domain: vice.com

Glenn Beck
-----------------------------

The Other 98%
-----------------------------


Total Posts Made:	7


