***********************************************************************************
Started at 08:00:01 on 11/18/2016
***********************************************************************************
Querying souces from the past 15 minutes....

Al Jazeera
-----------------------------
$VAR1 = {
          'link' => 'https://www.facebook.com/aljazeera/videos/10154989449923690/',
          'created_time' => '2016-12-18T13:00:00+0000',
          'name' => 'Gunshots ring while civilians flee',
          'id' => '7382473689_10154989449923690',
          'message' => 'Shocking footage from the evacuation of East Aleppo on Friday shows civilians running for their lives while gunshots crack in the air.'
        };

Upworthy
-----------------------------

The Huffington Post
-----------------------------

HuffPost Women
-----------------------------

PBS News Hour
-----------------------------

ATTN:
-----------------------------

Reuters
-----------------------------

NowThis
-----------------------------

Daily Caller
-----------------------------

CNBC
-----------------------------

The Onion
-----------------------------

Opposing Views
-----------------------------

the Today Show
-----------------------------

Kotaku
-----------------------------

Washington Post
-----------------------------

the American Center for Law and Justice
-----------------------------

VICE News
-----------------------------

PBS
-----------------------------
$VAR1 = {
          'link' => 'http://to.pbs.org/2hGTY8o',
          'caption' => 'pbs.org',
          'created_time' => '2016-12-18T13:00:01+0000',
          'name' => "In North Carolina, new laws to limit governor\x{2019}s power",
          'id' => '19013582168_10154266627757169',
          'message' => 'Republican state lawmakers called a special legislative session to pass laws that limit the power of the incoming governor  (Via PBS NewsHour)'
        };

Domain: pbs.org
Response:
{"id":"1622501708043673_1634050726888771"}

Mother Jones
-----------------------------

HuffPost Good News
-----------------------------

BBC News
-----------------------------

Breaking News
-----------------------------

The Verge
-----------------------------

New York Magazine
-----------------------------
$VAR1 = {
          'link' => 'http://nym.ag/2hzsAJD',
          'caption' => 'nymag.com',
          'created_time' => '2016-12-18T12:56:06+0000',
          'name' => "Why Danes Think They\x{2019}re So Annoyingly Happy",
          'id' => '14516439825_10154866644339826',
          'message' => 'The values that form Denmark\'s "common cultural DNA" shed light on the American condition circa 2016.'
        };

Domain: nymag.com

TIME
-----------------------------

the Business Insider
-----------------------------
$VAR1 = {
          'link' => 'https://www.facebook.com/businessinsider/videos/635620583302968/',
          'created_time' => '2016-12-18T12:55:00+0000',
          'name' => 'Human saliva is six times stronger than morphine',
          'id' => '20446254070_635620583302968',
          'message' => 'Our saliva has a painkiller that\'s six times stronger than morphine.'
        };

ThinkProgress
-----------------------------

POLITICO
-----------------------------

USA TODAY
-----------------------------

American News
-----------------------------

ABC News
-----------------------------

HuffPost Politics
-----------------------------

NBC News
-----------------------------

AJ+
-----------------------------

Wikileaks
-----------------------------

CNNMoney
-----------------------------
$VAR1 = {
          'link' => 'http://cnnmon.ie/2gKHpsT',
          'caption' => 'money.cnn.com',
          'created_time' => '2016-12-18T12:53:00+0000',
          'name' => 'Tillerson nomination puts ExxonMobil\'s gay rights record in the spotlight',
          'id' => '6651543066_10154199904048067',
          'message' => 'The Human Rights Campaign, which ranks corporations on how they treat LGBTQ employees, has consistently given Exxon poor grades. Tillerson is the CEO and has worked at the company for most of his adult life. http://cnnmon.ie/2gKHpsT'
        };

Domain: cnn.com
Response:
{"id":"1622501708043673_1634050833555427"}

ABC News Politics
-----------------------------

Right Wing News
-----------------------------
$VAR1 = {
          'link' => 'http://rightwingnews.com/top-news/football-legend-jim-brown-shocks-anderson-cooper-pro-trump-message-video/',
          'caption' => 'rightwingnews.com',
          'created_time' => '2016-12-18T13:00:00+0000',
          'name' => 'Football Legend Jim Brown SHOCKS Anderson Cooper With PRO-Trump Message! - VIDEO |',
          'id' => '389658314427637_1642783865781736',
          'message' => 'Trump a divider?...Not likely.'
        };

Domain: rightwingnews.com

The Wall Street Journal
-----------------------------

MSNBC
-----------------------------

the Drudge Report
-----------------------------

Mic
-----------------------------

The Economist
-----------------------------

Bloomberg Politics
-----------------------------

CBS News
-----------------------------
$VAR1 = {
          'link' => 'http://cbsn.ws/2hvCyeA',
          'caption' => 'www.cbsnews.com',
          'created_time' => '2016-12-18T13:00:03+0000',
          'name' => 'Dog visits dying owner in hospital to give heartbreaking goodbye',
          'id' => '131459315949_10154182512555950',
          'message' => 'This hospital agreed to allow the Jessen family to bring their dog inside to bid farewell to his buddy for the last time.'
        };

Domain: cbsnews.com
Response:
{"id":"1622501708043673_1634050920222085"}

The Young Turks
-----------------------------

Occupy Democrats
-----------------------------

CBC News
-----------------------------
$VAR1 = {
          'link' => 'http://www.cbc.ca/news/canada/montreal/quebec-financial-literacy-rush-teachers-unions-1.3901776',
          'caption' => 'cbc.ca',
          'created_time' => '2016-12-18T13:00:00+0000',
          'name' => 'Quebec to cut world history course in half to squeeze in financial education',
          'id' => '5823419603_10154955440894604',
          'message' => 'The proposed mandatory course would teach high school students how to manage their personal finances, but the trade-off is significant.'
        };

Newsweek
-----------------------------
$VAR1 = {
          'link' => 'http://www.newsweek.com/8-flu-shot-myths-nonsense-532886',
          'caption' => 'newsweek.com',
          'created_time' => '2016-12-18T13:00:00+0000',
          'name' => '8 flu shot myths and why they\'re nonsense',
          'id' => '18343191100_10154695839271101',
          'message' => 'You can\'t treat the flu with antibiotics, and pregnant women can get the vaccine.'
        };

Domain: newsweek.com

CNN International
-----------------------------

The New Yorker
-----------------------------

Rush Limbaugh
-----------------------------

The Independent
-----------------------------

TheBlaze
-----------------------------

NPR Politics
-----------------------------

The New York Times
-----------------------------
$VAR1 = {
          'link' => 'https://cooking.nytimes.com/recipes/1016867-brisket-in-sweet-and-sour-sauce?smid=fb-nytimes&smtyp=cur',
          'caption' => 'cooking.nytimes.com',
          'created_time' => '2016-12-18T12:55:32+0000',
          'name' => 'Brisket in Sweet-and-Sour Sauce Recipe',
          'id' => '5281959998_10151012777734999',
          'message' => '"By far superior to any other brisket I have ever had." (via The New York Times Food)'
        };

Domain: nytimes.com
Response:
{"id":"1622501708043673_1634050960222081"}

NPR
-----------------------------
$VAR1 = {
          'link' => 'http://www.npr.org/sections/parallels/2016/12/18/505879926/for-iraqi-families-with-isis-links-agonizing-choices-and-consequences?utm_source=facebook.com&utm_medium=social&utm_campaign=npr&utm_term=nprnews&utm_content=2046',
          'caption' => 'npr.org',
          'created_time' => '2016-12-18T12:46:35+0000',
          'name' => "For Iraqi Families With ISIS Links, Agonizing Choices \x{2014} And Consequences",
          'id' => '10643211755_10155090506566756',
          'message' => 'When the Iraqi army liberated her village from ISIS this year, Hamda Mahmoud made an agonizing choice: She handed her teenage son over to Iraqi security forces. Like hundreds of other boys in this area of northern Iraq, Ahmed, 15, had joined ISIS. 

Mahmoud thought that by handing over her teenager, she was keeping him safe. Instead, he\'s disappeared into Iraq\'s murky justice system.'
        };

Domain: npr.org
Response:
{"id":"1622501708043673_1634051060222071"}

MSN
-----------------------------
$VAR1 = {
          'link' => 'http://msn.com/en-us/autos/enthusiasts/hot-dozen-the-most-collectible-1980s-muscle-cars/ar-AAlepgB?ocid=ob-fb-enus-280',
          'caption' => 'msn.com',
          'created_time' => '2016-12-18T12:53:36+0000',
          'name' => 'Hot Dozen: The Most Collectible 1980s Muscle Cars',
          'id' => '49940376408_10154140060821409'
        };

Domain: msn.com

CNN Politics
-----------------------------

The Daily Show
-----------------------------

Daily Kos
-----------------------------

Yahoo News
-----------------------------

The Guardian
-----------------------------
$VAR1 = {
          'link' => 'https://www.theguardian.com/society/2016/dec/18/nhs-doctors-locums-pay-finance-hospitals?CMP=fb_gu',
          'caption' => 'theguardian.com',
          'created_time' => '2016-12-18T13:00:01+0000',
          'name' => "Locums claim up to \x{a3}155 an hour to fill NHS gaps",
          'id' => '10513336322_10154856529241323',
          'message' => "Locum doctors are holding the NHS to ransom by demanding \x{201c}excessive\x{201d} rates of pay from cash-strapped hospitals, the service\x{2019}s financial regulator has warned."
        };

Domain: theguardian.com
Response:
{"id":"1622501708043673_1634051086888735"}

CNN
-----------------------------

Slate.com
-----------------------------

the AP
-----------------------------
$VAR1 = {
          'link' => 'https://apnews.com/c63fad42370342dea17b1ea3cd6ec254/Idlib-likely-to-be-Syria\'s-next-bloody-theater-after-Aleppo',
          'caption' => 'apnews.com',
          'created_time' => '2016-12-18T13:00:08+0000',
          'name' => 'Idlib likely to be Syria\'s next bloody theater after Aleppo',
          'id' => '249655421622_10154157381211623',
          'message' => 'The battle for Aleppo seems only a precursor to a Syrian military move against the heartland of rebel territory.'
        };

Domain: apnews.com

Sean Hannity
-----------------------------

The Ed Schultz Show
-----------------------------

The Atlantic
-----------------------------

Bloomberg
-----------------------------

BuzzFeed
-----------------------------

Fox News
-----------------------------

VICE
-----------------------------
$VAR1 = {
          'link' => 'http://www.vice.com/read/the-therapists-whose-side-gig-is-professional-cuddling?utm_source=vicefbus',
          'caption' => 'www.vice.com',
          'created_time' => '2016-12-18T13:00:13+0000',
          'name' => 'The Therapists Whose Side Gig Is Professional Cuddling',
          'id' => '167115176655082_1493719547327965',
          'message' => '"I don\'t advertise cuddling to them, but I\'m also not hiding."'
        };

Domain: vice.com

Glenn Beck
-----------------------------

The Other 98%
-----------------------------


Total Posts Made:	6


