***********************************************************************************
Started at 21:00:01 on 11/18/2016
***********************************************************************************
Querying souces from the past 15 minutes....

Al Jazeera
-----------------------------
$VAR1 = {
          'link' => 'http://aje.io/gbas',
          'caption' => 'aljazeera.com',
          'created_time' => '2016-12-19T02:00:05+0000',
          'name' => 'Israeli settlers agree to leave illegal Amona outpost',
          'id' => '7382473689_10154991800533690',
          'message' => 'Since Israel captured the West Bank in a 1967 war, it has built about 120 formal settlements in the territory.'
        };

Domain: aljazeera.com
Response:
{"id":"1622501708043673_1634275330199644"}

Upworthy
-----------------------------

The Huffington Post
-----------------------------

HuffPost Women
-----------------------------

PBS News Hour
-----------------------------

ATTN:
-----------------------------

Reuters
-----------------------------

NowThis
-----------------------------

Daily Caller
-----------------------------
$VAR1 = {
          'link' => 'http://trib.al/yIfofOE',
          'caption' => 'dailycaller.com',
          'created_time' => '2016-12-19T01:53:06+0000',
          'name' => 'EPA Let Pollution Fester At 302 Sites For Years, Sometimes DECADES',
          'id' => '182919686769_10154059405466770',
          'message' => 'People living near approximately 302 highly-contaminated sites controlled by the EPA have faced health hazards from pollution for years or sometimes decades.'
        };

Domain: dailycaller.com

CNBC
-----------------------------

The Onion
-----------------------------

Opposing Views
-----------------------------

the Today Show
-----------------------------
$VAR1 = {
          'link' => 'http://www.today.com/parents/dwayne-rock-johnson-sings-happy-birthday-1-year-old-daughter-t106124?cid=sm_fbn',
          'caption' => 'today.com',
          'created_time' => '2016-12-19T01:55:43+0000',
          'name' => 'Dwayne \'The Rock\' Johnson serenading 1-year-old daughter for her birthday is too cute',
          'id' => '12566691349_10154847132551350',
          'message' => 'The Sexiest Man Alive is a pretty good singer, too!'
        };

Domain: today.com

Kotaku
-----------------------------

Washington Post
-----------------------------
$VAR1 = {
          'link' => 'https://www.washingtonpost.com/news/wonk/wp/2016/12/18/aging-boomers-increasingly-embrace-marijuana-heavy-alcohol-use/?utm_term=.188d4f863af8%3Ftid%3Dsm_fb',
          'caption' => 'washingtonpost.com',
          'created_time' => '2016-12-19T02:00:00+0000',
          'name' => 'Aging baby boomers increasingly embrace marijuana, heavy alcohol use',
          'id' => '6250307292_10154546225927293',
          'message' => 'Two recent studies suggest there\'s a high-risk population we should be worried about: our kids\' grandparents.'
        };

Domain: washingtonpost.com
Response:
{"id":"1622501708043673_1634275373532973"}

the American Center for Law and Justice
-----------------------------

VICE News
-----------------------------

PBS
-----------------------------

Mother Jones
-----------------------------

HuffPost Good News
-----------------------------

BBC News
-----------------------------
$VAR1 = {
          'link' => 'http://bbc.in/2hJTXhq',
          'caption' => 'bbc.co.uk',
          'created_time' => '2016-12-19T01:52:58+0000',
          'name' => '\'There will only be one Zsa Zsa Gabor\'',
          'id' => '228735667216_10154221953802217',
          'message' => 'Before Paris Hilton, there was Zsa Zsa Gabor.'
        };

Domain: bbc.co.uk
Response:
{"id":"1622501708043673_1634275433532967"}

Breaking News
-----------------------------

The Verge
-----------------------------
$VAR1 = {
          'link' => 'http://www.theverge.com/2016/12/13/13926002/sofia-vergara-frozen-embryo-bioethics-abortion-ivf-reproduction',
          'caption' => 'theverge.com',
          'created_time' => '2016-12-19T01:48:00+0000',
          'name' => 'Who owns frozen embryos?',
          'id' => '193742123995472_1286859398017067',
          'message' => 'It\'s a question judges struggle with all the time.'
        };

Domain: theverge.com

New York Magazine
-----------------------------
$VAR1 = {
          'link' => 'http://nym.ag/2hXCLnB',
          'caption' => 'nymag.com',
          'created_time' => '2016-12-19T01:57:11+0000',
          'name' => 'Fight Donald Trump With Normal Politics, Not Crazy Electoral College Schemes',
          'id' => '14516439825_10154868701384826',
          'message' => 'An Electoral College coup would be a massive escalation of anti-democratic norms. The correct response should involve the protection and engagement of normal politics.'
        };

Domain: nymag.com

TIME
-----------------------------

the Business Insider
-----------------------------
$VAR1 = {
          'link' => 'http://read.bi/2h9HO4f',
          'caption' => 'businessinsider.com',
          'created_time' => '2016-12-19T02:00:30+0000',
          'name' => "A vegan chain you've never heard of is expanding nationwide \x{2014} and that should scare McDonald's",
          'id' => '20446254070_10154201219889071',
          'message' => 'They say their burgers taste as good if not better than McDonald\'s Big Macs.'
        };

Domain: businessinsider.com

ThinkProgress
-----------------------------

POLITICO
-----------------------------
$VAR1 = {
          'link' => 'http://politi.co/2hyc641',
          'caption' => 'politi.co',
          'created_time' => '2016-12-19T02:00:16+0000',
          'name' => 'Conway suggests Obama is bowing to Clinton campaign \'pressure\'',
          'id' => '62317591679_10154106807481680',
          'message' => '"It\'s very clear that President Obama could have, quote, retaliated months ago if they were actually concerned about this and concerned about this, quote, affecting the election," Kellyanne Conway said.'
        };

Domain: politi.co

Alias: politico.com
Response:
{"id":"1622501708043673_1634275600199617"}

USA TODAY
-----------------------------
$VAR1 = {
          'link' => 'http://www.usatoday.com/story/sports/nfl/patriots/2016/12/18/new-england-afc-east-denver-broncos/95596208/',
          'caption' => 'usatoday.com',
          'created_time' => '2016-12-19T02:00:00+0000',
          'name' => 'Patriots crack Broncos to clinch AFC East, first-round bye',
          'id' => '13652355666_10154180961205667',
          'message' => 'Tom Brady got some Denver redemption, even on a day when his passing stats were pedestrian.'
        };

Domain: usatoday.com
Response:
{"id":"1622501708043673_1634275633532947"}

American News
-----------------------------

ABC News
-----------------------------

HuffPost Politics
-----------------------------

NBC News
-----------------------------

AJ+
-----------------------------

Wikileaks
-----------------------------

CNNMoney
-----------------------------
$VAR1 = {
          'link' => 'http://cnnmon.ie/2gSt2De',
          'caption' => 'money.cnn.com',
          'created_time' => '2016-12-19T01:53:01+0000',
          'name' => 'The Cuban baseball smuggling machine behind Major League Baseball',
          'id' => '6651543066_10154201585773067',
          'message' => 'At least 25 Cuban players have been brought to the U.S. by smugglers since 2004, and have paid out more than $11.4 million of their salaries. http://cnnmon.ie/2gSt2De'
        };

Domain: cnn.com
Response:
{"id":"1622501708043673_1634275706866273"}

ABC News Politics
-----------------------------

Right Wing News
-----------------------------
$VAR1 = {
          'link' => 'http://www.yesimright.com/this-msnbc-host-went-off-script-and-admitted-the-truth-that-no-trump-hater-wants-to-admit/',
          'caption' => 'yesimright.com',
          'created_time' => '2016-12-19T02:00:00+0000',
          'name' => 'This MSNBC Host Went Off Script And Admitted The Truth That No Trump-Hater Wants To Admit',
          'id' => '389658314427637_1643439715716151',
          'message' => 'He couldn\'t take the BS anymore and called out the mainstream media for every single anti-Donald J. Trump lie they\'ve ever told.

Share this with every American.'
        };

Domain: yesimright.com

The Wall Street Journal
-----------------------------
$VAR1 = {
          'link' => 'http://on.wsj.com/2hOYRtk',
          'caption' => 'wsj.com',
          'created_time' => '2016-12-19T01:55:07+0000',
          'name' => 'Jerry Jones Is Having a Jerryaissance',
          'id' => '8304333127_10155133457073128',
          'message' => "With an improved team, Dallas Cowboys owner Jerry Jones is again riding high\x{2014}and stirring it up."
        };

Domain: wsj.com
Response:
{"id":"1622501708043673_1634275796866264"}

MSNBC
-----------------------------

the Drudge Report
-----------------------------

Mic
-----------------------------
$VAR1 = {
          'link' => 'https://mic.com/articles/162661/aleppo-update-evacuations-stalled-after-buses-set-on-fire#.CzL1pgQUB',
          'caption' => 'mic.com',
          'created_time' => '2016-12-19T01:50:44+0000',
          'name' => 'Evacuations in Aleppo have been stalled after buses were set on fire',
          'id' => '174742062548592_1331318243557629',
          'message' => 'Conditions in Aleppo have continued to decline.'
        };

Domain: mic.com

The Economist
-----------------------------

Bloomberg Politics
-----------------------------

CBS News
-----------------------------
$VAR1 = {
          'link' => 'http://cbsn.ws/2hJAOw5',
          'caption' => 'www.cbsnews.com',
          'created_time' => '2016-12-19T02:00:03+0000',
          'name' => 'Deadly cold snap eases in Midwest, East Coast',
          'id' => '131459315949_10154184303005950',
          'message' => "\x{201c}Temperatures have soared into the 40s,\x{201d} meteorologist Jay Engle said. \x{201c}Milder air is with us today, but today only.\x{201d}"
        };

Domain: cbsnews.com
Response:
{"id":"1622501708043673_1634275880199589"}

The Young Turks
-----------------------------

Occupy Democrats
-----------------------------

CBC News
-----------------------------
$VAR1 = {
          'link' => 'https://www.facebook.com/cbcnews/videos/10154958561724604/',
          'created_time' => '2016-12-19T02:00:35+0000',
          'name' => 'Live Now: The National',
          'id' => '5823419603_10154958561724604',
          'message' => 'This is The National for Friday, Dec. 16, 2016 - LIVE.'
        };
$VAR1 = {
          'link' => 'http://www.cbc.ca/news/canada/british-columbia/fentanyl-overdose-er-1.3889942',
          'caption' => 'cbc.ca',
          'created_time' => '2016-12-19T02:00:00+0000',
          'name' => 'A night in Canada\'s busiest ER for drug overdoses: St. Paul\'s Hospital in Vancouver',
          'id' => '5823419603_10154958208984604',
          'message' => 'Vancouver-area hospitals have treated more than 6,000 drug overdoses so far this year.'
        };

Newsweek
-----------------------------

CNN International
-----------------------------

The New Yorker
-----------------------------

Rush Limbaugh
-----------------------------

The Independent
-----------------------------

TheBlaze
-----------------------------

NPR Politics
-----------------------------

The New York Times
-----------------------------
$VAR1 = {
          'link' => 'https://www.nytimes.com/2016/12/14/nyregion/neediest-cases-fund-tutor-.html?smid=fb-nytimes&smtyp=cur',
          'caption' => 'nytimes.com',
          'created_time' => '2016-12-19T01:55:00+0000',
          'name' => 'Inquisitive Child Inspires Her Tutor to Start a New Path',
          'id' => '5281959998_10151014425289999',
          'message' => "A girl he was tutoring asked why he wasn\x{2019}t in college. Good question, he thought."
        };

Domain: nytimes.com
Response:
{"id":"1622501708043673_1634275973532913"}

NPR
-----------------------------

MSN
-----------------------------
$VAR1 = {
          'link' => 'http://msn.com/en-us/news/world/as-trump-tweets-china-considers-options-to-retaliate/ar-AAlIorg?ocid=ob-fb-enus-280',
          'caption' => 'msn.com',
          'created_time' => '2016-12-19T01:58:23+0000',
          'name' => 'As Trump tweets, China considers options to retaliate',
          'id' => '49940376408_10154142174461409'
        };

Domain: msn.com

CNN Politics
-----------------------------

The Daily Show
-----------------------------

Daily Kos
-----------------------------

Yahoo News
-----------------------------

The Guardian
-----------------------------

CNN
-----------------------------

Slate.com
-----------------------------

the AP
-----------------------------
$VAR1 = {
          'link' => 'https://www.apnews.com/ae6360b0dda340b5ad8ed97869850f56',
          'caption' => 'apnews.com',
          'created_time' => '2016-12-19T02:00:07+0000',
          'name' => 'Senator: Exploding e-cigarette recalls need to be considered',
          'id' => '249655421622_10154159054546623',
          'message' => '"Where there\'s smoke, there\'s fire and that seems to be the case _ again and again _ for many popular e-cigarettes that have injured dozens of people."'
        };

Domain: apnews.com

Sean Hannity
-----------------------------

The Ed Schultz Show
-----------------------------

The Atlantic
-----------------------------
$VAR1 = {
          'link' => 'http://theatln.tc/2i4wd6S',
          'caption' => 'theatlantic.com',
          'created_time' => '2016-12-19T01:52:42+0000',
          'name' => 'The Many Lives of Darth Vader',
          'id' => '29259828486_10154923563508487',
          'message' => 'Star Wars fans harness the power of the dark side (from 2014)'
        };

Domain: theatlantic.com

Bloomberg
-----------------------------

BuzzFeed
-----------------------------

Fox News
-----------------------------

VICE
-----------------------------
$VAR1 = {
          'link' => 'http://www.vice.com/read/babies-stay-woke-183?utm_source=vicefbus',
          'caption' => 'www.vice.com',
          'created_time' => '2016-12-19T02:00:09+0000',
          'name' => 'Babies Stay Woke',
          'id' => '167115176655082_1494536150579638',
          'message' => 'Nobody gets FOMO harder than a baby.'
        };

Domain: vice.com

Glenn Beck
-----------------------------

The Other 98%
-----------------------------


Total Posts Made:	9


