***********************************************************************************
Started at 21:45:01 on 00/25/2017
***********************************************************************************
Querying souces from the past 15 minutes....

Al Jazeera
-----------------------------

Upworthy
-----------------------------
$VAR1 = {
          'link' => 'http://u.pw/2k14pVC',
          'caption' => 'upworthy.com',
          'created_time' => '2017-01-26T02:41:10+0000',
          'name' => 'A mentor who dealt with drug abuse is using filmmaking to help teens on the same path.',
          'id' => '354522044588660_1623570904350428',
          'message' => 'How the power of filmmaking is lighting the way for young people at a crossroads.'
        };

Domain: upworthy.com

The Huffington Post
-----------------------------

HuffPost Women
-----------------------------
$VAR1 = {
          'link' => 'http://huff.to/2jqL138',
          'caption' => 'huffingtonpost.com',
          'created_time' => '2017-01-26T02:40:08+0000',
          'name' => '26 Tweets About Married Life You Can\'t Help But Laugh At',
          'id' => '153213781413350_1284521771615873',
          'message' => "\x{201c}Marriage is just a competition to see who had the longer day.\x{201d}"
        };

Domain: huffingtonpost.com
Response:
{"error":{"message":"It looks like you were misusing this feature by going too fast. You\u2019ve been blocked from using it.\n\nLearn more about blocks in the Help Center.","type":"OAuthException","code":368,"error_subcode":1390008,"error_user_msg":"","fbtrace_id":"FAljbMvBy46"}}

Facebook ran into an error and the post was not published. Zach Muckerberg please fix. Try again in a few hours.

