***********************************************************************************
Started at 20:15:02 on 00/25/2017
***********************************************************************************
Querying souces from the past 15 minutes....

Al Jazeera
-----------------------------

Upworthy
-----------------------------

The Huffington Post
-----------------------------

HuffPost Women
-----------------------------
$VAR1 = {
          'link' => 'http://huff.to/2jysRdb',
          'caption' => 'huffingtonpost.com',
          'created_time' => '2017-01-26T01:00:37+0000',
          'name' => 'Roxane Gay Yanks Upcoming Book From Simon & Schuster Imprint',
          'id' => '153213781413350_1284454424955941',
          'message' => 'Roxane Gay is a hero.'
        };

Domain: huffingtonpost.com
Response:
{"error":{"message":"It looks like you were misusing this feature by going too fast. You\u2019ve been blocked from using it.\n\nLearn more about blocks in the Help Center.","type":"OAuthException","code":368,"error_subcode":1390008,"error_user_msg":"","fbtrace_id":"HgRcDlwzGD2"}}

Facebook ran into an error and the post was not published. Zach Muckerberg please fix. Try again in a few hours.

