***********************************************************************************
Started at 18:15:01 on 11/14/2016
***********************************************************************************
Querying souces from the past 15 minutes....

Al Jazeera
-----------------------------

Upworthy
-----------------------------
$VAR1 = {
          'link' => 'https://www.facebook.com/Upworthy/videos/860219194119589/',
          'created_time' => '2016-12-14T23:01:00+0000',
          'name' => 'Aleppo Teacher: "Remember Us"',
          'id' => '354522044588660_860219194119589',
          'message' => '"I hope you can remember us." As Assad\'s forces took control of the last rebel section of Aleppo, this teacher recorded one final video pleading to those who view it to take action and help any way they can. (via AJ+)'
        };

The Huffington Post
-----------------------------
$VAR1 = {
          'link' => 'http://huff.to/2hwQ7rH',
          'caption' => 'huffingtonpost.com',
          'created_time' => '2016-12-14T23:00:25+0000',
          'name' => 'Eiffel Tower Goes Dark In Solidarity With Syrians In Aleppo',
          'id' => '18468761129_10154512965251130',
          'message' => "Hundreds of people also gathered in Paris\x{2019} Place Igor Stravinsky -- named for the Russian composer -- to protest Russia\x{2019}s role in the death and destruction in Aleppo."
        };

Domain: huffingtonpost.com
Response:
{"id":"1622501708043673_1632636800363497"}

HuffPost Women
-----------------------------

PBS News Hour
-----------------------------
$VAR1 = {
          'link' => 'https://www.facebook.com/newshour/videos/10154870641028675/',
          'created_time' => '2016-12-14T23:12:04+0000',
          'id' => '6491828674_10154870641028675',
          'message' => 'LIVE NOW: Sean Spicer, the Republican National Committee\'s chief strategist, joins Judy Woodruff to discuss Donald Trump\'s White House transition.'
        };

ATTN:
-----------------------------
$VAR1 = {
          'link' => 'http://www.attn.com/stories/13543/trump-must-divest-from-his-dc-hotel?utm_source=facebook&utm_medium=post&utm_campaign=internal',
          'caption' => 'attn.com',
          'created_time' => '2016-12-14T23:08:00+0000',
          'name' => 'Donald and Ivanka Trump Are Being Forced to Make a Difficult Decision',
          'id' => '160389977329803_1223041264397997',
          'message' => 'This conflict of interest just got worse.'
        };

Domain: attn.com

Reuters
-----------------------------
$VAR1 = {
          'link' => 'https://www.facebook.com/Reuters/videos/1322789567741396/',
          'created_time' => '2016-12-14T23:13:02+0000',
          'name' => 'Focus 360: Reindeer herding in the Russian arctic',
          'id' => '114050161948682_1322789567741396',
          'message' => 'The Nenets believe they have a unique social contract with their reindeer; the animals provide a way of life for them, and in exchange the Nenets protect them from predators. Experience reindeer herding with this Facebook 360 and find more VR video here: http://reut.rs/2hx8Bs9'
        };
$VAR1 = {
          'link' => 'http://reut.rs/2hP6qzx',
          'caption' => 'www.reuters.com',
          'created_time' => '2016-12-14T23:05:07+0000',
          'name' => 'Dollar surges after Fed raises rates, signals faster rate hike pace',
          'id' => '114050161948682_1322903494396670',
          'message' => 'The U.S. dollar hit its highest level against a basket of major currencies in nearly 14 years on Wednesday after the Federal Reserve raised interest rates for the first time this year and signaled a faster pace of increases in 2017.'
        };

Domain: reuters.com

NowThis
-----------------------------
$VAR1 = {
          'link' => 'https://www.facebook.com/NowThisPolitics/videos/1382138868484266/',
          'created_time' => '2016-12-14T23:01:27+0000',
          'name' => 'NowThis Politics',
          'id' => '341163402640457_1265628693527252',
          'message' => "Trevor Noah points out the problems with Exxon\x{2019}s CEO being our new Secretary of State. Catch a new episode of The Daily Show tonight at 11/10c on Comedy Central"
        };

Daily Caller
-----------------------------
$VAR1 = {
          'link' => 'http://trib.al/dHtTfh4',
          'caption' => 'dailycaller.com',
          'created_time' => '2016-12-14T23:01:50+0000',
          'name' => 'Muslim Woman Reportedly Admits To Fabricating NYC Subway Attack',
          'id' => '182919686769_10154047478736770',
          'message' => 'Muslim woman lied about subway attack by Donald Trump supporters.'
        };

Domain: dailycaller.com

CNBC
-----------------------------

The Onion
-----------------------------
$VAR1 = {
          'link' => 'https://www.facebook.com/OnionLabs/videos/1163861323650354/',
          'created_time' => '2016-12-14T23:05:00+0000',
          'name' => 'Onion Labs',
          'id' => '20950654496_10154938608509497',
          'message' => 'Via our in-house content studio, Onion Labs:'
        };

Opposing Views
-----------------------------
$VAR1 = {
          'link' => 'http://www.americanow.com/story/crime/2016/09/12/man-responsible-worst-and-saddest-case-child-abuse-30-years?fb=abc',
          'caption' => 'americanow.com',
          'created_time' => '2016-12-14T23:04:57+0000',
          'name' => 'Guy Gets Custody Of Baby, Puts Him To Disturbing Use',
          'id' => '34226391050_10154342178076051',
          'message' => 'This baby boy\'s mom was a drug addict. She gave him up to a man named Isaac Hernandez. Hernandez happily accepted the little boy - and he didn\'t waste any time putting his plan into action.'
        };

Domain: americanow.com

the Today Show
-----------------------------

Kotaku
-----------------------------

Washington Post
-----------------------------

the American Center for Law and Justice
-----------------------------

VICE News
-----------------------------
$VAR1 = {
          'link' => 'http://giphy.com/gifs/3oz8xzJIl8V7iN3UFW',
          'caption' => 'media.giphy.com',
          'created_time' => '2016-12-14T23:10:00+0000',
          'name' => 'giphy.com',
          'id' => '235852889908002_705873892905897',
          'message' => 'Laura Jane Grace of the punk band Against Me! recounts coming out as transgender to her daughter in her memoir "Tranny." Watch the excerpt on VICE News Tonight, 7:30 on HBO.'
        };

Domain: giphy.com

PBS
-----------------------------

Mother Jones
-----------------------------

HuffPost Good News
-----------------------------

BBC News
-----------------------------

Breaking News
-----------------------------

The Verge
-----------------------------

New York Magazine
-----------------------------
$VAR1 = {
          'link' => 'http://nym.ag/2gC395v',
          'caption' => 'nymag.com',
          'created_time' => '2016-12-14T23:08:02+0000',
          'name' => "Donald Trump\x{2019}s New Cold War With Twitter Overshadows Tech Summit",
          'id' => '14516439825_10154854848219826',
          'message' => 'The Trump campaign had hoped to buy a sponsored emoji for the hashtag #CrookedHillary during the campaign, but it was vetoed at the last minute by Twitter CEO Jack Dorsey.'
        };

Domain: nymag.com

TIME
-----------------------------
$VAR1 = {
          'link' => 'http://ti.me/2hwZEPo',
          'caption' => 'time.com',
          'created_time' => '2016-12-14T23:00:27+0000',
          'name' => 'What to Know If You Take Ibuprofen or Acetaminophen Often',
          'id' => '10606591490_10154261418876491',
          'message' => 'If you take ibuprofen often, you\'ll want to hear this.'
        };

Domain: time.com

the Business Insider
-----------------------------
$VAR1 = {
          'link' => 'http://read.bi/2gC1e0Q',
          'caption' => 'businessinsider.com',
          'created_time' => '2016-12-14T23:15:01+0000',
          'name' => 'Watch Yellen explain why the Federal Reserve decides to raise rates',
          'id' => '20446254070_10154188917259071',
          'message' => 'From 0.50 to 0.75%.'
        };

Domain: businessinsider.com
$VAR1 = {
          'link' => 'http://www.businessinsider.com/jupiter-photo-pearls-nasa-juno-2016-12',
          'caption' => 'businessinsider.com',
          'created_time' => '2016-12-14T23:10:01+0000',
          'name' => 'NASA has photographed a pearly white storm on Jupiter that\'s nearly as big as Earth',
          'id' => '20446254070_10154188506924071',
          'message' => 'Now that\'s pretty stunning.'
        };

Domain: businessinsider.com

ThinkProgress
-----------------------------

POLITICO
-----------------------------
$VAR1 = {
          'link' => 'http://politi.co/2hv2BCN',
          'caption' => 'politi.co',
          'created_time' => '2016-12-14T23:15:10+0000',
          'name' => 'Democrats stake Pruitt fight on climate change denial',
          'id' => '62317591679_10154094351736680',
          'message' => 'They see a chance to mobilize their base, although blocking the EPA nominee will be very difficult.'
        };

Domain: politi.co

Alias: politico.com
Response:
{"id":"1622501708043673_1632637017030142"}
$VAR1 = {
          'link' => 'http://politi.co/2hOR65L',
          'caption' => 'politi.co',
          'created_time' => '2016-12-14T23:05:10+0000',
          'name' => 'Georgia asks Trump to investigate DHS \'cyberattacks\'',
          'id' => '62317591679_10154094334541680',
          'message' => 'Georgia was one of the few states that did not accept a Department of Homeland Security offer to scan state systems for digital bugs amid this year\'s election-season hacking fears.'
        };

Domain: politi.co

Alias: politico.com
Response:
{"id":"1622501708043673_1632637523696758"}

USA TODAY
-----------------------------

American News
-----------------------------
$VAR1 = {
          'link' => 'http://americannews.com/breaking-hillary-rodham-makes-sick-move-tied-involvement-russian-investigation/',
          'caption' => 'americannews.com',
          'created_time' => '2016-12-14T23:04:29+0000',
          'name' => 'BREAKING: Hillary Rodham Makes Sick Move Tied To Involvement Of Russian Investigation',
          'id' => '179035672287016_898486800341896',
          'message' => 'Hillary is doing whatever she can to capitalize on this moment.

She\'s not going to give up. Trump needs our support.

Do you stand with Donald?'
        };

Domain: americannews.com

ABC News
-----------------------------
$VAR1 = {
          'link' => 'https://www.facebook.com/ABCNews/videos/10155140795853812/',
          'created_time' => '2016-12-14T23:09:11+0000',
          'name' => 'Hikers Rescued After Two Nights on Snowy Mountain',
          'id' => '86680728811_10155140795853812',
          'message' => 'Two hikers rescued via a helicopter after being trapped for 2 nights on a mountain in the Adirondacks in New York. http://abcn.ws/2huTtxZ'
        };

HuffPost Politics
-----------------------------
$VAR1 = {
          'link' => 'http://huff.to/2htMNAe',
          'caption' => 'huffingtonpost.com',
          'created_time' => '2016-12-14T23:00:26+0000',
          'name' => 'As He Slaughters Civilians In Aleppo, Assad Prepares To Make Nice With Trump',
          'id' => '56845382910_10154606856542911',
          'message' => 'Amid a humanitarian crisis in his country, Bashar al-Assad is looking to re-establish ties between Damascus and Washington.'
        };

Domain: huffingtonpost.com
Response:
{"id":"1622501708043673_1632637900363387"}

NBC News
-----------------------------

AJ+
-----------------------------

Wikileaks
-----------------------------

CNNMoney
-----------------------------
$VAR1 = {
          'link' => 'http://cnnmon.ie/2gStGwh',
          'caption' => 'money.cnn.com',
          'created_time' => '2016-12-14T23:05:00+0000',
          'name' => 'Ways to get your car into the Christmas spririt',
          'id' => '6651543066_10154189695543067',
          'message' => 'How about a 2.5-foot tall Christmas tree that sticks straight up from the roof of your car complete with colored lights that shine at night? This is what you want. http://cnnmon.ie/2gStGwh'
        };

Domain: cnn.com
Response:
{"id":"1622501708043673_1632637943696716"}

ABC News Politics
-----------------------------

Right Wing News
-----------------------------

The Wall Street Journal
-----------------------------
$VAR1 = {
          'link' => 'http://on.wsj.com/2hP6qzr',
          'caption' => 'wsj.com',
          'created_time' => '2016-12-14T23:00:16+0000',
          'name' => 'Citi, Wells Fargo Among Banks With Most Consumer Complaints in 2016',
          'id' => '8304333127_10155110493883128',
          'message' => "Citigroup, Wells Fargo and Bank of America were among the banks that received the most consumer complaints filed through a federal watchdog agency in 2016, indicating that the nation\x{2019}s largest banks did worse than scores of smaller banks in keeping their customers satisfied."
        };

Domain: wsj.com
Response:
{"id":"1622501708043673_1632638017030042"}

MSNBC
-----------------------------

the Drudge Report
-----------------------------

Mic
-----------------------------

The Economist
-----------------------------
$VAR1 = {
          'link' => 'http://econ.st/2hx6sg4',
          'caption' => 'economist.com',
          'created_time' => '2016-12-14T23:00:24+0000',
          'name' => 'The Fed finally manages to lift rates in 2016',
          'id' => '6013004059_10154883921314060',
          'message' => "Whether another holiday tradition\x{2014}an inevitably disappointing performance of inflation and wage growth, which forces the Fed to abandon all but one of its expected rate hikes\x{2014}will also be repeated remains to be seen"
        };

Domain: economist.com
Response:
{"id":"1622501708043673_1632638110363366"}

Bloomberg Politics
-----------------------------

CBS News
-----------------------------
$VAR1 = {
          'link' => 'http://cbsn.ws/2hxQLpn',
          'caption' => 'www.cbsnews.com',
          'created_time' => '2016-12-14T23:06:02+0000',
          'name' => 'Hours after collapse, Aleppo evacuation deal is back on, Syrian rebels say',
          'id' => '131459315949_10154171431175950',
          'message' => "Earlier Wednesday, Doctors Without Borders said the remaining doctors in the square mile of eastern Aleppo under attack are \x{201c}terrified\x{201d} of possible retaliation from pro-government forces."
        };

Domain: cbsnews.com
Response:
{"id":"1622501708043673_1632638210363356"}

The Young Turks
-----------------------------
$VAR1 = {
          'link' => 'https://www.facebook.com/TheYoungTurks/videos/10154194017694205/',
          'created_time' => '2016-12-14T23:00:10+0000',
          'name' => 'The Young Turks LIVE! Hosted by: Cenk Uygur and John Iadarola',
          'id' => '210277954204_10154194017694205',
          'message' => 'The Young Turks #LIVE hour 1 12/14/16 hosted by Cenk Uygur and John Iadarola. Download audio and video of the full two hour show on-demand + the members-only post game show by becoming a member at http://www.tytnetwork.com/join/.'
        };

Occupy Democrats
-----------------------------
$VAR1 = {
          'link' => 'http://occupydemocrats.com/2016/12/14/religious-leaders-just-blasted-trumps-cabinet-bigotry/',
          'caption' => 'occupydemocrats.com',
          'created_time' => '2016-12-14T23:07:14+0000',
          'name' => 'These Religious Leaders Just Blasted Trump\'s "Cabinet Of Bigotry"',
          'id' => '346937065399354_1350904021669315',
          'message' => "\x{201c}These unprecedented radical appointments threaten our very democracy.\""
        };

Domain: occupydemocrats.com

CBC News
-----------------------------

Newsweek
-----------------------------

CNN International
-----------------------------

The New Yorker
-----------------------------
$VAR1 = {
          'link' => 'http://nyer.cm/yopyx9L',
          'caption' => 'newyorker.com',
          'created_time' => '2016-12-14T23:00:42+0000',
          'name' => 'Our Automated Future',
          'id' => '9258148868_10154283749303869',
          'message' => 'Picture the entire Industrial Revolution compressed into the life span of a beagle.'
        };

Domain: newyorker.com
Response:
{"id":"1622501708043673_1632638343696676"}

Rush Limbaugh
-----------------------------

The Independent
-----------------------------
$VAR1 = {
          'link' => 'http://www.independent.co.uk/news/world/middle-east/911-iranian-general-accuses-us-of-organising-september-11-terror-attacks-10206942.html?cmpid=facebook-post',
          'caption' => 'independent.co.uk',
          'created_time' => '2016-12-14T23:01:00+0000',
          'name' => 'An Iranian General has said that 9/11 was an inside job',
          'id' => '13312631635_10154288066036636',
          'message' => 'Extraordinary'
        };

Domain: independent.co.uk

TheBlaze
-----------------------------
$VAR1 = {
          'link' => 'http://www.theblaze.com/news/2016/12/14/neil-cavuto-grills-christine-pelosi-on-faithless-elector-plan-to-reverse-election/',
          'caption' => 'www.theblaze.com',
          'created_time' => '2016-12-14T23:15:02+0000',
          'name' => "Neil Cavuto grills Christine Pelosi on \x{2018}faithless elector\x{2019} plan to reverse election",
          'id' => '140738092630206_1301079389929398',
          'message' => 'Nancy Pelosi\'s daughter has a plan. It just isn\'t a very good one.'
        };

Domain: theblaze.com
Response:
{"id":"1622501708043673_1632638480363329"}

NPR Politics
-----------------------------

The New York Times
-----------------------------

NPR
-----------------------------
$VAR1 = {
          'link' => 'http://www.npr.org/sections/health-shots/2016/12/14/505595090/obama-administration-moves-to-protect-planned-parenthoods-federal-funding?utm_source=facebook.com&utm_medium=social&utm_campaign=npr&utm_term=nprnews&utm_content=2042',
          'caption' => 'npr.org',
          'created_time' => '2016-12-14T23:11:10+0000',
          'name' => 'Obama Administration Moves To Protect Planned Parenthood\'s Federal Funding',
          'id' => '10643211755_10155077906466756',
          'message' => 'The regulation says states that award federally funded grants for women\'s health programs can\'t discriminate against Planned Parenthood.'
        };

Domain: npr.org
Response:
{"id":"1622501708043673_1632638583696652"}
$VAR1 = {
          'link' => 'http://www.npr.org/sections/thetwo-way/2016/12/14/505606974/yahoo-says-hackers-stole-information-from-more-than-1-billion-accounts?utm_source=facebook.com&utm_medium=social&utm_campaign=npr&utm_term=nprnews&utm_content=2042',
          'caption' => 'npr.org',
          'created_time' => '2016-12-14T23:07:50+0000',
          'name' => 'Yahoo Says Hackers Stole Information From More Than 1 Billion Accounts',
          'id' => '10643211755_10155077899616756',
          'message' => 'Breaking: Yahoo says hackers accessed names, email addresses, phone numbers, dates of birth and even security questions in a 2013 breach.'
        };

Domain: npr.org
Response:
{"id":"1622501708043673_1632638713696639"}

MSN
-----------------------------

CNN Politics
-----------------------------
$VAR1 = {
          'link' => 'http://cnn.it/2h1y9Np',
          'caption' => 'www.cnn.com',
          'created_time' => '2016-12-14T23:02:02+0000',
          'name' => 'Labor Secretary Tom Perez to run for DNC chair',
          'id' => '219367258105115_1395769030464926',
          'message' => 'Tom Perez enters the race after a number of top Democrats and Democratic organizations have backed Keith Ellison, the Minnesota congressman who has announced he would leave his seat if he wins the DNC chair race.'
        };

Domain: cnn.com
Response:
{"id":"1622501708043673_1632638813696629"}

The Daily Show
-----------------------------

Daily Kos
-----------------------------

Yahoo News
-----------------------------

The Guardian
-----------------------------

CNN
-----------------------------

Slate.com
-----------------------------
$VAR1 = {
          'link' => 'http://slate.me/2hOHw2L',
          'caption' => 'slate.com',
          'created_time' => '2016-12-14T23:00:25+0000',
          'name' => "Trump\x{2019}s Labor Secretary Pick Has a Long, Slimy History With Anti-Abortion Schemes",
          'id' => '21516776437_10154654446806438',
          'message' => 'This guy volunteered his time defending activists who terrorized abortion clinics.'
        };

Domain: slate.com
Response:
{"id":"1622501708043673_1632638917029952"}

the AP
-----------------------------

Sean Hannity
-----------------------------

The Ed Schultz Show
-----------------------------

The Atlantic
-----------------------------

Bloomberg
-----------------------------

BuzzFeed
-----------------------------

Fox News
-----------------------------
$VAR1 = {
          'link' => 'http://www.foxnews.com/politics/2016/12/14/fox-news-poll-majority-says-russian-hacking-made-no-difference-in-2016-election.html',
          'caption' => 'foxnews.com',
          'created_time' => '2016-12-14T23:10:55+0000',
          'name' => 'Fox News Poll: Majority Says Russian Hacking Made No Difference in 2016 Election',
          'id' => '15704546335_10154895703541336',
          'message' => "CIA officials reportedly believe Russian hackers meddled in the election to help Donald J. Trump beat Hillary Clinton. Yet 59 percent of voters believe the hacking didn\x{2019}t make a difference."
        };

Domain: foxnews.com
Response:
{"id":"1622501708043673_1632639027029941"}

VICE
-----------------------------

Glenn Beck
-----------------------------

The Other 98%
-----------------------------


Total Posts Made:	15


