***********************************************************************************
Started at 04:15:01 on 11/29/2016
***********************************************************************************
Querying souces from the past 15 minutes....

Al Jazeera
-----------------------------

Upworthy
-----------------------------

The Huffington Post
-----------------------------
$VAR1 = {
          'link' => 'http://huff.to/2hpnF9L',
          'caption' => 'huffingtonpost.com',
          'created_time' => '2016-12-29T09:00:42+0000',
          'name' => 'Marriage Therapists Say These 6 Things Can Slowly Kill A Marriage',
          'id' => '18468761129_10154559970146130',
          'message' => 'You and your partner are probably guilty of some of them.'
        };

Domain: huffingtonpost.com
Response:
{"id":"1622501708043673_1637782326515611"}

HuffPost Women
-----------------------------

PBS News Hour
-----------------------------

ATTN:
-----------------------------

Reuters
-----------------------------
$VAR1 = {
          'link' => 'http://reut.rs/2iHw2id',
          'caption' => 'www.reuters.com',
          'created_time' => '2016-12-29T09:05:09+0000',
          'name' => 'Taiwan\'s Tsai to transit in U.S. in move bound to anger China',
          'id' => '114050161948682_1344855158868170',
          'message' => 'Taiwan President Tsai Ing-wen will pass through the United States when she visits Latin America next month, the foreign ministry said Thursday, a move bound to infuriate China which had urged the United States to block a transit stopover.'
        };

Domain: reuters.com

NowThis
-----------------------------

Daily Caller
-----------------------------

CNBC
-----------------------------

The Onion
-----------------------------

Opposing Views
-----------------------------

the Today Show
-----------------------------

Kotaku
-----------------------------

Washington Post
-----------------------------

the American Center for Law and Justice
-----------------------------

VICE News
-----------------------------

PBS
-----------------------------

Mother Jones
-----------------------------

HuffPost Good News
-----------------------------

BBC News
-----------------------------
$VAR1 = {
          'link' => 'http://bbc.in/2hvvbU1',
          'caption' => 'bbc.co.uk',
          'created_time' => '2016-12-29T09:00:12+0000',
          'name' => 'Remembering those we lost in the film world this year',
          'id' => '228735667216_10154256830357217',
          'message' => 'Some of the leading lights in the film industry who left us in 2016.'
        };

Domain: bbc.co.uk
Response:
{"id":"1622501708043673_1637782459848931"}

Breaking News
-----------------------------

The Verge
-----------------------------

New York Magazine
-----------------------------
$VAR1 = {
          'link' => 'http://nym.ag/2icObUy',
          'caption' => 'nymag.com',
          'created_time' => '2016-12-29T09:11:30+0000',
          'name' => "Your Memory Is Not Like a Computer\x{2019}s",
          'id' => '14516439825_10154904672414826',
          'message' => "\x{201c}For our computers, every unit of information is created equal \x{2026} In our brain memories, that\x{2019}s not true at all.\x{201d}"
        };

Domain: nymag.com

TIME
-----------------------------
$VAR1 = {
          'link' => 'http://ti.me/2ht5X8y',
          'caption' => 'time.com',
          'created_time' => '2016-12-29T09:00:40+0000',
          'name' => 'Watch a Vision-Impaired Baby See His Mom Clearly for the First Time',
          'id' => '10606591490_10154304311566491',
          'message' => 'Get the box of tissues.'
        };

Domain: time.com

the Business Insider
-----------------------------
$VAR1 = {
          'link' => 'http://read.bi/2iGwa1o',
          'caption' => 'businessinsider.com',
          'created_time' => '2016-12-29T09:15:02+0000',
          'name' => 'How couples improved their sex lives in a week',
          'id' => '20446254070_10154235667239071',
          'message' => 'A recent study discovered that couples reported higher satisfaction with sex and their relationship by focusing on this one thing.'
        };

Domain: businessinsider.com
$VAR1 = {
          'link' => 'http://read.bi/2iF3qtU',
          'caption' => 'businessinsider.com',
          'created_time' => '2016-12-29T09:00:29+0000',
          'name' => 'Here\'s what we think is going to happen in 2017',
          'id' => '20446254070_10154235629969071',
          'message' => '2017 will be a year of big changes.'
        };

Domain: businessinsider.com

ThinkProgress
-----------------------------

POLITICO
-----------------------------

USA TODAY
-----------------------------

American News
-----------------------------

ABC News
-----------------------------

HuffPost Politics
-----------------------------
$VAR1 = {
          'link' => 'http://huff.to/2hOKJ2C',
          'caption' => 'huffingtonpost.com',
          'created_time' => '2016-12-29T09:00:18+0000',
          'name' => 'Teen Vogue Writer Twists Knife After Taking Down Tucker Carlson',
          'id' => '56845382910_10154653355917911',
          'message' => 'Boom.'
        };

Domain: huffingtonpost.com
Response:
{"id":"1622501708043673_1637782529848924"}

NBC News
-----------------------------

AJ+
-----------------------------

Wikileaks
-----------------------------

CNNMoney
-----------------------------
$VAR1 = {
          'link' => 'http://cnnmon.ie/2hd9Q38',
          'caption' => 'money.cnn.com',
          'created_time' => '2016-12-29T09:05:00+0000',
          'name' => 'Highest-paid women executives',
          'id' => '6651543066_10154234136118067',
          'message' => 'Oracle CEO Safra Catz made a hefty $41 million last year. Here\'s which other women executives make big bucks. http://cnnmon.ie/2hd9Q38'
        };

Domain: cnn.com
Response:
{"id":"1622501708043673_1637782619848915"}

ABC News Politics
-----------------------------

Right Wing News
-----------------------------

The Wall Street Journal
-----------------------------

MSNBC
-----------------------------

the Drudge Report
-----------------------------

Mic
-----------------------------

The Economist
-----------------------------

Bloomberg Politics
-----------------------------

CBS News
-----------------------------

The Young Turks
-----------------------------

Occupy Democrats
-----------------------------

CBC News
-----------------------------

Newsweek
-----------------------------

CNN International
-----------------------------

The New Yorker
-----------------------------
$VAR1 = {
          'link' => 'http://nyer.cm/pe9GR6n',
          'caption' => 'newyorker.com',
          'created_time' => '2016-12-29T09:00:35+0000',
          'name' => 'The Best Movies of 2016',
          'id' => '9258148868_10154331461138869',
          'message' => '"My list for the best films of the year has hardly any Hollywood movies on it," Richard Brody writes.'
        };

Domain: newyorker.com
Response:
{"id":"1622501708043673_1637782716515572"}

Rush Limbaugh
-----------------------------

The Independent
-----------------------------

TheBlaze
-----------------------------

NPR Politics
-----------------------------

The New York Times
-----------------------------

NPR
-----------------------------

MSN
-----------------------------

CNN Politics
-----------------------------

The Daily Show
-----------------------------

Daily Kos
-----------------------------

Yahoo News
-----------------------------
$VAR1 = {
          'link' => 'https://yhoo.it/2iEg8Jm',
          'caption' => 'yahoo.com',
          'created_time' => '2016-12-29T09:00:19+0000',
          'name' => 'Returning my foster children to their biological parents has traumatized me',
          'id' => '338028696036_10155046822541037',
          'message' => '"My husband and I became foster parents because of infertility. "'
        };

Domain: yahoo.com
Response:
{"id":"1622501708043673_1637782806515563"}

The Guardian
-----------------------------
$VAR1 = {
          'link' => 'https://www.theguardian.com/technology/2016/dec/29/what-were-the-sexiest-video-game-moments-of-2016?CMP=fb_gu',
          'caption' => 'theguardian.com',
          'created_time' => '2016-12-29T09:10:00+0000',
          'name' => 'What were the sexiest video game moments of 2016?',
          'id' => '10513336322_10154896496131323',
          'message' => 'Warning: this article contains sexual references, sexual innuendo and unlikely sexual interpretations of ostensibly inoffensive material.'
        };

Domain: theguardian.com
Response:
{"id":"1622501708043673_1637782969848880"}

CNN
-----------------------------
$VAR1 = {
          'link' => 'http://cnn.it/2hNnUMM',
          'caption' => 'www.cnn.com',
          'created_time' => '2016-12-29T09:01:01+0000',
          'name' => 'For $191,000, you can ring in 2017 twice',
          'id' => '5550296508_10155830153986509',
          'message' => 'You can take a one-way flight "back in time" so you can say goodbye to 2016 twice, for a price'
        };

Domain: cnn.com
Response:
{"id":"1622501708043673_1637783029848874"}

Slate.com
-----------------------------
$VAR1 = {
          'link' => 'http://slate.me/2ijhfK8',
          'caption' => 'nymag.com',
          'created_time' => '2016-12-29T09:02:05+0000',
          'name' => 'How to Type 360 Words a Minute',
          'id' => '21516776437_10154708454066438',
          'message' => 'The Michael Jordan of court reporting shares his secrets. (via New York Magazine)'
        };

Domain: nymag.com

the AP
-----------------------------

Sean Hannity
-----------------------------

The Ed Schultz Show
-----------------------------

The Atlantic
-----------------------------

Bloomberg
-----------------------------
$VAR1 = {
          'link' => 'http://bloom.bg/2iHNvLp',
          'caption' => 'bloomberg.com',
          'created_time' => '2016-12-29T09:01:21+0000',
          'name' => 'Solar-Panel Roads to Be Built on 4 Continents Next Year',
          'id' => '266790296879_10154880950111880',
          'message' => 'Electric avenues may be coming to a city near you.'
        };

Domain: bloomberg.com
Response:
{"id":"1622501708043673_1637783129848864"}

BuzzFeed
-----------------------------

Fox News
-----------------------------

VICE
-----------------------------

Glenn Beck
-----------------------------

The Other 98%
-----------------------------


Total Posts Made:	9


