***********************************************************************************
Started at 18:00:01 on 00/14/2017
***********************************************************************************
Querying souces from the past 15 minutes....

Al Jazeera
-----------------------------
$VAR1 = {
          'link' => 'https://www.facebook.com/aljazeera/videos/10154719934528690/',
          'created_time' => '2017-01-14T23:00:00+0000',
          'name' => 'Al Jazeera English',
          'id' => '7382473689_10155103784048690',
          'message' => 'These 10 countries host 50% of the world\'s refugees.'
        };

Upworthy
-----------------------------

The Huffington Post
-----------------------------

HuffPost Women
-----------------------------

PBS News Hour
-----------------------------

ATTN:
-----------------------------

Reuters
-----------------------------

NowThis
-----------------------------

Daily Caller
-----------------------------
$VAR1 = {
          'link' => 'http://trib.al/DJMi4JN',
          'caption' => 'dailycaller.com',
          'created_time' => '2017-01-14T22:53:13+0000',
          'name' => 'MIT Scientists Are Looking For DNA On Mars',
          'id' => '182919686769_10154137591876770',
          'message' => 'Scientists at the Massachusetts Institute for Technology and NASA are building a DNA detector to search for evidence of life on Mars.'
        };

Domain: dailycaller.com

CNBC
-----------------------------

The Onion
-----------------------------

Opposing Views
-----------------------------

the Today Show
-----------------------------
$VAR1 = {
          'link' => 'http://on.today.com/1WWtO0c',
          'caption' => 'today.com',
          'created_time' => '2017-01-14T23:00:00+0000',
          'name' => 'Where are the Obamas headed after the White House? Take a tour of their new home',
          'id' => '12566691349_10154934524276350',
          'message' => 'See where the first family is headed in less than a week.'
        };

Domain: today.com

Kotaku
-----------------------------

Washington Post
-----------------------------
$VAR1 = {
          'link' => 'http://wapo.st/2juObkd',
          'caption' => 'washingtonpost.com',
          'created_time' => '2017-01-14T23:00:00+0000',
          'name' => "Fact Checker: Bernie Sanders\x{2019}s claim that \x{2018}36,000 people will die yearly\x{2019} if Obamacare is repealed",
          'id' => '6250307292_10154660836102293',
          'message' => 'There\'s some fuzzy math here.'
        };

Domain: washingtonpost.com
Response:
{"id":"1622501708043673_1643793439247833"}

the American Center for Law and Justice
-----------------------------

VICE News
-----------------------------

PBS
-----------------------------
$VAR1 = {
          'link' => 'https://www.facebook.com/pbs/videos/10154769506121083/',
          'created_time' => '2017-01-14T23:00:00+0000',
          'name' => 'WashWeek EXTRA: January 13, 2017',
          'id' => '19013582168_10154769506121083',
          'message' => 'On the Washington Week Extra: As President Obama prepares to leave office, he delivers an emotional farewell address and awards Vice President Joe Biden the Presidential Medal of Freedom.'
        };

Mother Jones
-----------------------------

HuffPost Good News
-----------------------------

BBC News
-----------------------------

Breaking News
-----------------------------

The Verge
-----------------------------

New York Magazine
-----------------------------

TIME
-----------------------------

the Business Insider
-----------------------------
$VAR1 = {
          'link' => 'http://read.bi/2it9nJ3',
          'caption' => 'businessinsider.com',
          'created_time' => '2017-01-14T23:00:14+0000',
          'name' => 'A dermatologist reveals the 9 products she uses on her own skin',
          'id' => '20446254070_10154288909634071',
          'message' => 'She chooses her skincare products carefully.'
        };

Domain: businessinsider.com

ThinkProgress
-----------------------------

POLITICO
-----------------------------
$VAR1 = {
          'link' => 'http://politi.co/2isFMMp',
          'caption' => 'politi.co',
          'created_time' => '2017-01-14T23:00:02+0000',
          'name' => 'This week in photos on Capitol Hill: Jan. 9-13',
          'id' => '62317591679_10154198090266680',
          'message' => 'Confirmation hearings, Capitol Hill visits, and more, all captured by POLITICO\'s photographers.'
        };

Domain: politi.co

Alias: politico.com
Response:
{"id":"1622501708043673_1643793502581160"}

USA TODAY
-----------------------------

American News
-----------------------------
$VAR1 = {
          'link' => 'http://americannews.com/lib-george-clooney-pays-big-trying-smear-trumps-name/',
          'caption' => 'americannews.com',
          'created_time' => '2017-01-14T23:00:00+0000',
          'name' => 'Lib George Clooney Pays Big After Trying To Smear Trump\'s Name',
          'id' => '179035672287016_913374012186508',
          'message' => 'George Clooney just paid the price for crossing Trump.

Celebrities love to run their mouth.

Should they keep their opinions to themselves?'
        };

Domain: americannews.com

ABC News
-----------------------------
$VAR1 = {
          'link' => 'http://abcn.ws/2isozTC',
          'caption' => 'abcnews.go.com',
          'created_time' => '2017-01-14T22:53:22+0000',
          'name' => "Sunday on \x{2018}This Week\x{2019}: Reince Priebus, Bernie Sanders, and Jason Chaffetz",
          'id' => '86680728811_10155261213818812',
          'message' => "With less than a week until President-elect Donald J. Trump\x{2019}s inauguration, incoming White House chief of staff Reince Priebus and Sen. Bernie Sanders come to This Week  Sunday. Tune in!"
        };

Domain: go.com
Response:
{"id":"1622501708043673_1643793552581155"}

HuffPost Politics
-----------------------------

NBC News
-----------------------------

AJ+
-----------------------------

Wikileaks
-----------------------------
$VAR1 = {
          'link' => 'https://www.thenation.com/article/trump-russia-and-the-return-of-scapegoating-a-timeless-american-tradition/',
          'caption' => 'thenation.com',
          'created_time' => '2017-01-14T23:00:00+0000',
          'name' => 'Trump, Russia, and the Return of Scapegoating, a Timeless American Tradition',
          'id' => '108734602494994_1206657129369397'
        };

Domain: thenation.com

CNNMoney
-----------------------------
$VAR1 = {
          'link' => 'http://cnnmon.ie/2jNkU85',
          'caption' => 'money.cnn.com',
          'created_time' => '2017-01-14T22:50:01+0000',
          'name' => 'U.S. roads keep getting more dangerous',
          'id' => '6651543066_10154281892048067',
          'message' => 'New government estimates project that for the second straight year, the United States will see the largest leap in motor vehicle fatalities in 50 years. http://cnnmon.ie/2jNkU85 via CNNTech'
        };

Domain: cnn.com
Response:
{"id":"1622501708043673_1643793665914477"}

ABC News Politics
-----------------------------
$VAR1 = {
          'link' => 'https://www.facebook.com/ABCNewsPolitics/videos/1152749044823320/',
          'created_time' => '2017-01-14T22:57:37+0000',
          'id' => '184096565021911_1152749044823320',
          'message' => 'Fake news story claims Michelle Obama\'s mom will receive a government pension for living in The White House. It\'s not true: http://abcn.ws/2ix1fHp'
        };

Right Wing News
-----------------------------
$VAR1 = {
          'link' => 'https://www.opposingviews.com/i/politics/michelle-obama-just-revealed-what-she-plans-do-melania-and-ivanka-once-she-leaves-white?fb=rwn',
          'caption' => 'opposingviews.com',
          'created_time' => '2017-01-14T23:00:00+0000',
          'name' => 'Michelle Obama Offers Surprising Message To Melania And Ivanka Trump',
          'id' => '389658314427637_1668850429841746',
          'message' => 'Michelle Obama just delivered an unexpected message to Melania and Ivanka Trump.'
        };

Domain: opposingviews.com

The Wall Street Journal
-----------------------------

MSNBC
-----------------------------

the Drudge Report
-----------------------------

Mic
-----------------------------

The Economist
-----------------------------

Bloomberg Politics
-----------------------------

CBS News
-----------------------------
$VAR1 = {
          'link' => 'http://cbsn.ws/2iopzNi',
          'caption' => 'www.cbsnews.com',
          'created_time' => '2017-01-14T23:00:02+0000',
          'name' => 'What to buy every month of the year in 2017',
          'id' => '131459315949_10154266695330950',
          'message' => 'Happy shopping!'
        };

Domain: cbsnews.com
Response:
{"id":"1622501708043673_1643793739247803"}

The Young Turks
-----------------------------
$VAR1 = {
          'link' => 'https://www.facebook.com/TheYoungTurks/videos/10154290424139205/',
          'created_time' => '2017-01-14T23:00:00+0000',
          'name' => 'Fox News Host Sticks Up For CNN',
          'id' => '210277954204_10154290424139205',
          'message' => "Shep Smith is sticking up for CNN, after Trump called them \x{201c}fake news.\x{201d}"
        };

Occupy Democrats
-----------------------------

CBC News
-----------------------------
$VAR1 = {
          'link' => 'https://www.facebook.com/cbcnews/videos/1355746191133888/',
          'created_time' => '2017-01-14T23:00:00+0000',
          'name' => 'Do the zipper',
          'id' => '5823419603_1355746191133888',
          'message' => 'The Alberta Motor Association says the \'zipper merge\' is the best way to reduce traffic congestion: www.cbc.ca/1.3930747'
        };

Newsweek
-----------------------------
$VAR1 = {
          'link' => 'http://www.newsweek.com/spacex-returns-orbit-successful-satellite-launch-542857',
          'caption' => 'newsweek.com',
          'created_time' => '2017-01-14T22:57:37+0000',
          'name' => 'SpaceX returns to orbit with a successful satellite launch',
          'id' => '18343191100_10154787149121101',
          'message' => 'Saturday\'s launch was Elon Musk\'s company\'s first since a September 1 explosion that grounded the company.'
        };

Domain: newsweek.com

CNN International
-----------------------------

The New Yorker
-----------------------------

Rush Limbaugh
-----------------------------

The Independent
-----------------------------

TheBlaze
-----------------------------

NPR Politics
-----------------------------

The New York Times
-----------------------------
$VAR1 = {
          'link' => 'https://www.nytimes.com/2017/01/14/us/scott-pruitt-trump-epa-pick.html?smid=fb-nytimes&smtyp=cur',
          'caption' => 'nytimes.com',
          'created_time' => '2017-01-14T22:55:00+0000',
          'name' => "Scott Pruitt, Trump\x{2019}s E.P.A. Pick, Backed Industry Donors Over Regulators",
          'id' => '5281959998_10151047608174999',
          'message' => 'Donald J. Trump\'s cabinet pick Oklahoma Attorney General E. Scott Pruitt could be in charge of the same industries that have helped advance his political career.'
        };

Domain: nytimes.com
Response:
{"id":"1622501708043673_1643793802581130"}

NPR
-----------------------------

MSN
-----------------------------

CNN Politics
-----------------------------

The Daily Show
-----------------------------

Daily Kos
-----------------------------

Yahoo News
-----------------------------

The Guardian
-----------------------------

CNN
-----------------------------

Slate.com
-----------------------------

the AP
-----------------------------

Sean Hannity
-----------------------------
$VAR1 = {
          'link' => 'http://www.hannity.com/articles/election-493995/ted-cruz-slams-democrats-during-jeff-15456990/',
          'caption' => 'hannity.com',
          'created_time' => '2017-01-14T23:00:01+0000',
          'name' => 'Ted Cruz Slams Democrats During Jeff Sessions Hearing',
          'id' => '69813760388_10158258070260389',
          'message' => 'In Case You Missed It'
        };

Domain: hannity.com
Response:
{"id":"1622501708043673_1643793975914446"}

The Ed Schultz Show
-----------------------------

The Atlantic
-----------------------------
$VAR1 = {
          'link' => 'http://theatln.tc/2ip1Oom',
          'caption' => 'theatlantic.com',
          'created_time' => '2017-01-14T22:56:17+0000',
          'name' => 'Zhou Youguang, Groundbreaking Chinese Linguist, Dies at 111',
          'id' => '29259828486_10155015857398487',
          'message' => 'Youguang was a linguist whose method of transliterating Chinese words into the Roman alphabet helped tear down linguistic barriers between his country and the wider world in the mid-20th century.'
        };

Domain: theatlantic.com

Bloomberg
-----------------------------

BuzzFeed
-----------------------------
$VAR1 = {
          'link' => 'http://bzfd.it/2itCJXL',
          'caption' => 'buzzfeed.com',
          'created_time' => '2017-01-14T23:00:00+0000',
          'name' => '18 Parents Who Are So Extra That It\'s Actually Endearing',
          'id' => '1318800798260799_2129292717211599',
          'message' => 'They can\'t help it they\'re so extra.'
        };

Domain: buzzfeed.com
Response:
{"id":"1622501708043673_1643794105914433"}

Fox News
-----------------------------

VICE
-----------------------------

Glenn Beck
-----------------------------

The Other 98%
-----------------------------


Total Posts Made:	8


