***********************************************************************************
Started at 22:45:01 on 11/27/2016
***********************************************************************************
Querying souces from the past 15 minutes....

Al Jazeera
-----------------------------

Upworthy
-----------------------------

The Huffington Post
-----------------------------
$VAR1 = {
          'link' => 'http://huff.to/2iClukn',
          'caption' => 'huffingtonpost.com',
          'created_time' => '2016-12-28T03:30:25+0000',
          'name' => 'Tupac Shakur\'s \'Hail Mary\' Mistakenly Included In Church Service',
          'id' => '18468761129_10154555715961130',
          'message' => "Let\x{2019}s pray this doesn\x{2019}t happen again."
        };

Domain: huffingtonpost.com
Response:
{"id":"1622501708043673_1637374853223025"}

HuffPost Women
-----------------------------
$VAR1 = {
          'link' => 'http://huff.to/2iBDZoY',
          'caption' => 'huffingtonpost.com',
          'created_time' => '2016-12-28T03:30:27+0000',
          'name' => "Dad\x{2019}s Christmas Card To Bi Daughter Shows What Pride Is All About",
          'id' => '153213781413350_1256987174369333',
          'message' => '"My dad got me the best Christmas present I have ever received this year." <3'
        };

Domain: huffingtonpost.com
Response:
{"id":"1622501708043673_1637374923223018"}

PBS News Hour
-----------------------------

ATTN:
-----------------------------

Reuters
-----------------------------

NowThis
-----------------------------

Daily Caller
-----------------------------
$VAR1 = {
          'link' => 'http://trib.al/mDTEKHQ',
          'caption' => 'dailycaller.com',
          'created_time' => '2016-12-28T03:40:46+0000',
          'name' => 'After Lecturing Mike Pence, The Numbers Are In From \'Hamilton\' And All We Have To Say Is WOW',
          'id' => '182919686769_10154086948056770',
          'message' => 'The cast of Hamilton lectured Mike Pence from the stage.'
        };

Domain: dailycaller.com

CNBC
-----------------------------
$VAR1 = {
          'link' => 'http://cnb.cx/2iAq4j2',
          'caption' => 'cnbc.com',
          'created_time' => '2016-12-28T03:40:06+0000',
          'name' => 'The psychological trick that will help you win any negotiation',
          'id' => '97212224368_10155043688949369',
          'message' => 'Why not get better?'
        };

Domain: cnbc.com
$VAR1 = {
          'link' => 'http://cnb.cx/2hppqqJ',
          'caption' => 'cnbc.com',
          'created_time' => '2016-12-28T03:36:07+0000',
          'name' => 'Snapchat buys Israeli augmented reality start-up for $40 million: Report',
          'id' => '97212224368_10155043679189369',
          'message' => 'How will Snapchat use this technology?'
        };

Domain: cnbc.com

The Onion
-----------------------------

Opposing Views
-----------------------------

the Today Show
-----------------------------

Kotaku
-----------------------------

Washington Post
-----------------------------

the American Center for Law and Justice
-----------------------------

VICE News
-----------------------------

PBS
-----------------------------

Mother Jones
-----------------------------

HuffPost Good News
-----------------------------

BBC News
-----------------------------

Breaking News
-----------------------------

The Verge
-----------------------------

New York Magazine
-----------------------------
$VAR1 = {
          'link' => 'http://nym.ag/2iaZf69',
          'caption' => 'nymag.com',
          'created_time' => '2016-12-28T03:43:27+0000',
          'name' => 'How Sex Can Get Better As You Get Older',
          'id' => '14516439825_10154900093534826',
          'message' => 'In lots of measurable ways, life gets better as you get older.'
        };

Domain: nymag.com

TIME
-----------------------------
$VAR1 = {
          'link' => 'http://ti.me/2hrkVw2',
          'caption' => 'fortune.com',
          'created_time' => '2016-12-28T03:30:07+0000',
          'name' => 'Trump Tower Briefly Evacuated Over Suspicious Backpack',
          'id' => '10606591490_10154300556826491',
          'message' => 'A Trump team official later said it was a "false alarm."'
        };

Domain: fortune.com

the Business Insider
-----------------------------
$VAR1 = {
          'link' => 'http://read.bi/2iCpWPQ',
          'caption' => 'businessinsider.com',
          'created_time' => '2016-12-28T03:39:56+0000',
          'name' => '\'We must never repeat the horrors of war again\': Japan\'s prime minister and Obama visit Pearl Harbor',
          'id' => '20446254070_10154231570124071',
          'message' => 'Words of continued friendship and reconciliation between the US and Japan.'
        };

Domain: businessinsider.com

ThinkProgress
-----------------------------

POLITICO
-----------------------------
$VAR1 = {
          'link' => 'http://politi.co/2iC0FW3',
          'caption' => 'politi.co',
          'created_time' => '2016-12-28T03:30:38+0000',
          'name' => 'Mystery investor plans to flip Trump\'s boyhood home',
          'id' => '62317591679_10154137354246680',
          'message' => 'Donald J. Trump\'s father, Fred Trump, a developer, built the 2,000-square-foot house in 1940.'
        };

Domain: politi.co

Alias: politico.com
Response:
{"id":"1622501708043673_1637374953223015"}

USA TODAY
-----------------------------
$VAR1 = {
          'link' => 'http://www.usatoday.com/story/life/entertainthis/2016/12/27/carrie-fisher-best-roles-beyond-leia-blues-brothers-catastrophe/95885222/',
          'caption' => 'usatoday.com',
          'created_time' => '2016-12-28T03:40:00+0000',
          'name' => 'Carrie Fisher\'s 5 best screen roles beyond Princess Leia',
          'id' => '13652355666_10154218873685667',
          'message' => 'That time Carrie Fisher played the gun-toting, maniac ex-girlfriend of John Belushi\'s Joliet.'
        };

Domain: usatoday.com
Response:
{"id":"1622501708043673_1637375006556343"}

American News
-----------------------------

ABC News
-----------------------------

HuffPost Politics
-----------------------------

NBC News
-----------------------------

AJ+
-----------------------------

Wikileaks
-----------------------------

CNNMoney
-----------------------------

ABC News Politics
-----------------------------
$VAR1 = {
          'link' => 'https://www.facebook.com/ABCNewsPolitics/videos/1137602479671310/',
          'created_time' => '2016-12-28T03:37:29+0000',
          'name' => 'Pres. Obama Welcomes Japanese PM at Pearl Harbor',
          'id' => '184096565021911_1137602479671310',
          'message' => "President Barack Obama welcomes Japanese Prime Minister Shinz\x{14d} Abe at Joint Base Pearl Harbor-Hickam: \"I hope that together we send a message...that there is more to be won in peace than in war.\" abcn.ws/2iBBFyr"
        };

Right Wing News
-----------------------------

The Wall Street Journal
-----------------------------
$VAR1 = {
          'link' => 'http://on.wsj.com/2hrmI4e',
          'caption' => 'wsj.com',
          'created_time' => '2016-12-28T03:32:58+0000',
          'name' => 'Qualcomm Fined $852.9 Million in South Korea for Alleged Antitrust Violations',
          'id' => '8304333127_10155187929233128',
          'message' => 'The Korea Fair Trade Commission said Qualcomm violated antitrust law by limiting the access of competing chipset makers to its patents.'
        };

Domain: wsj.com
Response:
{"id":"1622501708043673_1637375049889672"}

MSNBC
-----------------------------

the Drudge Report
-----------------------------

Mic
-----------------------------

The Economist
-----------------------------

Bloomberg Politics
-----------------------------

CBS News
-----------------------------
$VAR1 = {
          'link' => 'http://cbsn.ws/2ibafjz',
          'caption' => 'www.cbsnews.com',
          'created_time' => '2016-12-28T03:40:04+0000',
          'name' => 'Rapper tweets hours after being shot in chest at a Waffle House',
          'id' => '131459315949_10154214392040950',
          'message' => 'In a YouTube video from June, the rapper said that he had been shot 10 previous times, and explained why.'
        };

Domain: cbsnews.com
Response:
{"id":"1622501708043673_1637375109889666"}

The Young Turks
-----------------------------

Occupy Democrats
-----------------------------

CBC News
-----------------------------

Newsweek
-----------------------------

CNN International
-----------------------------

The New Yorker
-----------------------------
$VAR1 = {
          'link' => 'https://www.facebook.com/newyorker/videos/10154327243138869/',
          'created_time' => '2016-12-28T03:30:52+0000',
          'name' => '"Up and Then Down"',
          'id' => '9258148868_10154327243138869',
          'message' => "Take a look at the history of elevators\x{2014}which is also a history of psychological trickery and of human adaptation. Watch the full video here: http://nyer.cm/xGTm61b"
        };

Rush Limbaugh
-----------------------------

The Independent
-----------------------------

TheBlaze
-----------------------------

NPR Politics
-----------------------------

The New York Times
-----------------------------

NPR
-----------------------------

MSN
-----------------------------

CNN Politics
-----------------------------
$VAR1 = {
          'link' => 'http://cnn.it/2hs8XUd',
          'caption' => 'www.cnn.com',
          'created_time' => '2016-12-28T03:31:00+0000',
          'name' => 'What the UNSC resolution means for the US and Israel',
          'id' => '219367258105115_1418090314899464',
          'message' => 'Israel has swiftly denounced the US for declining to veto a resolution on settlements in the West Bank. Here\'s what you need to know.'
        };

Domain: cnn.com
Response:
{"id":"1622501708043673_1637375153222995"}

The Daily Show
-----------------------------

Daily Kos
-----------------------------

Yahoo News
-----------------------------
$VAR1 = {
          'link' => 'https://www.yahoo.com/music/george-michaels-12-year-hit-blitz-042424733.html',
          'created_time' => '2016-12-28T03:40:00+0000',
          'name' => 'Yahoo',
          'id' => '338028696036_10155040196481037'
        };

The Guardian
-----------------------------

CNN
-----------------------------

Slate.com
-----------------------------

the AP
-----------------------------

Sean Hannity
-----------------------------

The Ed Schultz Show
-----------------------------

The Atlantic
-----------------------------
$VAR1 = {
          'link' => 'http://theatln.tc/2hmlfZp',
          'caption' => 'theatlantic.com',
          'created_time' => '2016-12-28T03:31:14+0000',
          'name' => 'At Least Two Killed in India Train Derailment',
          'id' => '29259828486_10154955435253487',
          'message' => 'Near the November derailment that killed 127'
        };

Domain: theatlantic.com

Bloomberg
-----------------------------

BuzzFeed
-----------------------------

Fox News
-----------------------------

VICE
-----------------------------

Glenn Beck
-----------------------------

The Other 98%
-----------------------------


Total Posts Made:	7


