***********************************************************************************
Started at 10:30:01 on 00/30/2017
***********************************************************************************
Querying souces from the past 15 minutes....

Al Jazeera
-----------------------------

Upworthy
-----------------------------

The Huffington Post
-----------------------------

HuffPost Women
-----------------------------
$VAR1 = {
          'link' => 'http://huff.to/2kKhyTu',
          'caption' => 'huffingtonpost.com',
          'created_time' => '2017-01-30T15:20:04+0000',
          'name' => 'Watch The Moment Protesters Found Out A Court Blocked Trump\'s Refugee Ban',
          'id' => '153213781413350_1289644237770293',
          'message' => "Demonstrators chanted \x{201c}refugees are welcome here\x{201d} and \x{201c}love trumps hate.\x{201d}"
        };

Domain: huffingtonpost.com
Response:
{"id":"1622501708043673_1650041438623033"}

PBS News Hour
-----------------------------

ATTN:
-----------------------------

Reuters
-----------------------------
$VAR1 = {
          'link' => 'http://reut.rs/2kLYv7c',
          'caption' => 'reuters.com',
          'created_time' => '2017-01-30T15:24:39+0000',
          'name' => 'Don\'t let Trump embarrass our queen, say a million Britons',
          'id' => '114050161948682_1377498045603881',
          'message' => 'Over a million people in Britain have signed a petition calling for Trump\'s planned state visit to be canceled to avoid embarrassing Queen Elizabeth: http://reut.rs/2kLYv7c'
        };

Domain: reuters.com

NowThis
-----------------------------

Daily Caller
-----------------------------
$VAR1 = {
          'link' => 'http://trib.al/mUjGoG6',
          'caption' => 'dailycaller.com',
          'created_time' => '2017-01-30T15:22:53+0000',
          'name' => 'PHOTOS: Vanity Fair Mexico Features Melania Trump On February Cover',
          'id' => '182919686769_10154185033001770',
          'message' => 'First Lady Melania Trump made the front cover of Vanity Fair Mexico'
        };

Domain: dailycaller.com

CNBC
-----------------------------
$VAR1 = {
          'created_time' => '2017-01-30T15:20:35+0000',
          'id' => '97212224368_10155159194049369',
          'message' => 'BREAKING: President Donald J. Trump  to sign executive order this morning requiring that for every 1 new regulation, 2 regulations have to be revoked - sr. official'
        };
$VAR1 = {
          'link' => 'http://cnb.cx/2kKqatz',
          'caption' => 'cnbc.com',
          'created_time' => '2017-01-30T15:15:51+0000',
          'name' => 'Military veterans throw support behind Standing Rock Sioux after Trump signs Dakota Access memo',
          'id' => '97212224368_10155159180569369',
          'message' => '"We stand in unity with our brothers and sisters in Standing Rock (and beyond) and our community is ready to mobilize."'
        };

Domain: cnbc.com

The Onion
-----------------------------

Opposing Views
-----------------------------
$VAR1 = {
          'link' => 'https://www.opposingviews.com/i/health/mom-didnt-realize-it-when-it-happened-soon-she-gave-birth-her-second-child-she-became-first',
          'caption' => 'opposingviews.com',
          'created_time' => '2017-01-30T15:30:00+0000',
          'name' => 'Black Mom Gives Birth To These 2 Children, Makes History (Photos)',
          'id' => '34226391050_10154473950136051',
          'message' => 'This black mom didn\'t realize it when it happened, but as soon as she gave birth to her second child, she made history. The odds were millions-to-one.'
        };

Domain: opposingviews.com

the Today Show
-----------------------------

Kotaku
-----------------------------

Washington Post
-----------------------------
$VAR1 = {
          'link' => 'https://www.washingtonpost.com/politics/koch-network-poised-for-new-role--as-the-conservative-resistance-to-trump/2017/01/30/7750ef02-e67c-11e6-bf6f-301b6b443624_story.html?tid=sm_fb',
          'caption' => 'washingtonpost.com',
          'created_time' => '2017-01-30T15:30:00+0000',
          'name' => 'Koch network could serve as potent resistance in Trump era',
          'id' => '6250307292_10154720877827293',
          'message' => 'The mixed emotions on display here reflect a provocative role for the Koch network in the age of Trump.'
        };

Domain: washingtonpost.com
Response:
{"error":{"message":"It looks like you were misusing this feature by going too fast. You\u2019ve been blocked from using it.\n\nLearn more about blocks in the Help Center.","type":"OAuthException","code":368,"error_subcode":1390008,"error_user_msg":"","fbtrace_id":"B4bLYfzcZvq"}}

Facebook ran into an error and the post was not published. Zach Muckerberg please fix. Try again in a few hours.

