***********************************************************************************
Started at 19:00:01 on 11/25/2016
***********************************************************************************
Querying souces from the past 15 minutes....

Al Jazeera
-----------------------------
$VAR1 = {
          'link' => 'http://aje.io/ucuq',
          'caption' => 'aljazeera.com',
          'created_time' => '2016-12-26T00:00:24+0000',
          'name' => 'Security forces warn Tunisia over returning fighters',
          'id' => '7382473689_10155019156168690',
          'message' => '"The return of terrorists from hotbeds of unrest in Tunisia is worrying and could lead to the Somalisation of the country."'
        };

Domain: aljazeera.com
Response:
{"id":"1622501708043673_1636670713293439"}

Upworthy
-----------------------------
$VAR1 = {
          'link' => 'http://u.pw/2ikCVpb',
          'caption' => 'upworthy.com',
          'created_time' => '2016-12-25T23:50:00+0000',
          'name' => 'She\'s OK with the lines in her face. Here\'s what this actress figured out.',
          'id' => '354522044588660_1546353305405522',
          'message' => 'Her honesty is already having a huge effect on women of all ages.'
        };

Domain: upworthy.com

The Huffington Post
-----------------------------

HuffPost Women
-----------------------------

PBS News Hour
-----------------------------

ATTN:
-----------------------------

Reuters
-----------------------------

NowThis
-----------------------------
$VAR1 = {
          'link' => 'https://www.facebook.com/NowThisNews/videos/1278947878862000/',
          'created_time' => '2016-12-26T00:00:00+0000',
          'name' => '2016 Was The Year Of Exploding Batteries',
          'id' => '341163402640457_1278947878862000',
          'message' => '2016 was the year of exploding batteries #NowThis2016'
        };

Daily Caller
-----------------------------
$VAR1 = {
          'link' => 'http://trib.al/geDwtNl',
          'caption' => 'smokeroom.com',
          'created_time' => '2016-12-25T23:59:49+0000',
          'name' => 'These Are The Sexiest Kate Upton Photos On The Internet [SLIDESHOW]',
          'id' => '182919686769_10154079857101770',
          'message' => 'You have never seen Kate Upton photos like this before.'
        };

Domain: smokeroom.com
$VAR1 = {
          'link' => 'http://trib.al/7bfZdlq',
          'caption' => 'dailycaller.com',
          'created_time' => '2016-12-25T23:47:19+0000',
          'name' => 'Millionaires, Drug Dealers And Senators Caught Using Food Stamps Illegally This Year',
          'id' => '182919686769_10154079828106770',
          'message' => 'What do an Iranian millionaire, a state senator, a drug dealer and a polygamist have in common? They all face charges of misusing food stamps this year.'
        };

Domain: dailycaller.com

CNBC
-----------------------------
$VAR1 = {
          'link' => 'https://www.facebook.com/cnbc/videos/10155019160294369/',
          'created_time' => '2016-12-26T00:00:00+0000',
          'name' => 'A look back at past jobs of former U.S. presidents.',
          'id' => '97212224368_10155019160294369',
          'message' => 'Before becoming president, see if you can guess what some of our past presidents worked as.'
        };

The Onion
-----------------------------

Opposing Views
-----------------------------

the Today Show
-----------------------------

Kotaku
-----------------------------

Washington Post
-----------------------------
$VAR1 = {
          'link' => 'https://www.washingtonpost.com/news/act-four/wp/2016/12/23/2016-was-the-year-that-hollywood-got-working-class-white-men-right/?tid=sm_fb&utm_term=.26f4fe7fb3a6',
          'caption' => 'washingtonpost.com',
          'created_time' => '2016-12-26T00:00:00+0000',
          'name' => '2016 was the year that Hollywood got working-class white men right',
          'id' => '6250307292_10154575569522293',
          'message' => 'In 2016, Hollywood turned out three excellent movies about working-class white men that neither classed their characters as deplorables nor responded to them with slavish deference. 

via Washington Post Opinions, Outlook, and PostEverything'
        };

Domain: washingtonpost.com
Response:
{"id":"1622501708043673_1636670826626761"}

the American Center for Law and Justice
-----------------------------

VICE News
-----------------------------

PBS
-----------------------------

Mother Jones
-----------------------------

HuffPost Good News
-----------------------------

BBC News
-----------------------------

Breaking News
-----------------------------

The Verge
-----------------------------

New York Magazine
-----------------------------
$VAR1 = {
          'link' => 'http://nym.ag/2h7pQlB',
          'caption' => 'vulture.com',
          'created_time' => '2016-12-25T23:47:15+0000',
          'name' => "What\x{2019}s Leaving Netflix in January",
          'id' => '14516439825_10154892093054826',
          'message' => 'Farewell, Dazed and Confused.'
        };

Domain: vulture.com

TIME
-----------------------------

the Business Insider
-----------------------------

ThinkProgress
-----------------------------

POLITICO
-----------------------------

USA TODAY
-----------------------------
$VAR1 = {
          'link' => 'http://www.usatoday.com/story/news/nation-now/2016/12/23/hipster-nativity-scene-hit-even-among-flannel-less/95790404/',
          'caption' => 'usatoday.com',
          'created_time' => '2016-12-26T00:00:00+0000',
          'name' => 'Hipster Nativity scene a hit even among the flannel-less',
          'id' => '13652355666_10154202346830667',
          'message' => 'Put down your artisanal pickles and hear about this updated Christmas staple. Think New Testament 2.0.'
        };

Domain: usatoday.com
Response:
{"id":"1622501708043673_1636670983293412"}

American News
-----------------------------

ABC News
-----------------------------

HuffPost Politics
-----------------------------

NBC News
-----------------------------

AJ+
-----------------------------
$VAR1 = {
          'link' => 'https://www.facebook.com/ajplusenglish/videos/867407486734093/',
          'created_time' => '2016-12-26T00:00:00+0000',
          'name' => 'Santas Tear-Gassed by Israeli Forces',
          'id' => '407570359384477_867407486734093',
          'message' => 'These Santas were tear-gassed by Israeli forces for trying to get into Jerusalem.'
        };

Wikileaks
-----------------------------

CNNMoney
-----------------------------
$VAR1 = {
          'link' => 'http://cnn.it/2hpqcWl',
          'created_time' => '2016-12-25T23:59:31+0000',
          'name' => 'CNN Entertainment',
          'id' => '6651543066_10154222794503067'
        };
$VAR1 = {
          'link' => 'http://cnnmon.ie/2hwtt2c',
          'caption' => 'money.cnn.com',
          'created_time' => '2016-12-25T23:53:01+0000',
          'name' => 'Debra Wong Yang could be Trump\'s pick to lead SEC',
          'id' => '6651543066_10154222780623067',
          'message' => 'The next top cop on Wall Street could be Debra Wong Yang, a former federal prosecutor who is currently a star lawyer who has defended the likes of Uber and Chris Christie. http://cnnmon.ie/2hwtt2c'
        };

Domain: cnn.com
Response:
{"id":"1622501708043673_1636671053293405"}

ABC News Politics
-----------------------------

Right Wing News
-----------------------------
$VAR1 = {
          'link' => 'http://rightwingnews.com/john-hawkins/if-liberals-are-the-good-guys-why-do-they-lie-so-much/',
          'caption' => 'rightwingnews.com',
          'created_time' => '2016-12-26T00:00:00+0000',
          'name' => 'If Liberals Are The Good Guys, Why Do They Lie So Much?',
          'id' => '389658314427637_1647839198609536',
          'message' => 'If liberalism is so great, why do they have to lie about conservatives so much?'
        };

Domain: rightwingnews.com
$VAR1 = {
          'link' => 'http://www.rightwingnews.com/john-hawkins/20-signs-america-is-in-decline/',
          'caption' => 'rightwingnews.com',
          'created_time' => '2016-12-26T00:00:00+0000',
          'name' => '20 Signs America is in Decline',
          'id' => '389658314427637_1647876761939113',
          'message' => 'Our country is in trouble.'
        };

Domain: rightwingnews.com

The Wall Street Journal
-----------------------------

MSNBC
-----------------------------

the Drudge Report
-----------------------------

Mic
-----------------------------

The Economist
-----------------------------
$VAR1 = {
          'link' => 'http://econ.st/2i3RmC8',
          'caption' => 'economist.com',
          'created_time' => '2016-12-25T23:59:06+0000',
          'name' => 'How much are celebrity endorsements on social media worth?',
          'id' => '6013004059_10154927367169060',
          'message' => 'One of our most popular charts this year revealed that someone with 3m-7m followers can charge, on average, $187,500 for an endorsement campaign on YouTube'
        };

Domain: economist.com
Response:
{"id":"1622501708043673_1636671153293395"}
$VAR1 = {
          'link' => 'http://learnmore.economist.com/story/583d8a1ba368444c133beca7',
          'caption' => 'learnmore.economist.com',
          'created_time' => '2016-12-25T23:52:03+0000',
          'name' => "Why freedom of speech might protect you when you aren\x{2019}t speaking",
          'id' => '6013004059_10154927345939060',
          'message' => "\x{201c}Hard cases\x{201d}, Oliver Wendell Holmes wrote in 1904, \x{201c}make bad law\x{201d}. One of our popular blogs of 2016, free to read"
        };

Domain: economist.com
Response:
{"id":"1622501708043673_1636671279960049"}

Bloomberg Politics
-----------------------------

CBS News
-----------------------------
$VAR1 = {
          'link' => 'http://cbsn.ws/2i5RhLj',
          'caption' => 'www.cbsnews.com',
          'created_time' => '2016-12-26T00:00:02+0000',
          'name' => 'Twitter\'s terrible 2016 just got worse',
          'id' => '131459315949_10154206525640950',
          'message' => 'Now the troubled company is admitting it overcharged for some video ads, and top execs keep heading for the exits.'
        };

Domain: cbsnews.com
Response:
{"id":"1622501708043673_1636672109959966"}
$VAR1 = {
          'link' => 'http://cbsn.ws/2hlHK4c',
          'caption' => 'www.cbsnews.com',
          'created_time' => '2016-12-25T23:51:00+0000',
          'name' => 'George Michael, Wham lead singer, dead at 53',
          'id' => '131459315949_10154206480535950',
          'message' => 'JUST IN: British superstar George Michael, the former lead singer of Wham!, is dead at 53, his publicist confirms to CBS News.'
        };

Domain: cbsnews.com
Response:
{"id":"1622501708043673_1636672626626581"}

The Young Turks
-----------------------------

Occupy Democrats
-----------------------------

CBC News
-----------------------------
$VAR1 = {
          'link' => 'http://www.cbc.ca/news/canada/british-columbia/b-c-weather-warning-statement-1.3912584',
          'caption' => 'cbc.ca',
          'created_time' => '2016-12-26T00:00:00+0000',
          'name' => 'Snow, high winds could come to much of B.C. coast Sunday night',
          'id' => '5823419603_10154983016499604',
          'message' => 'It\'s likely to become heavier Monday morning.'
        };

Newsweek
-----------------------------

CNN International
-----------------------------

The New Yorker
-----------------------------

Rush Limbaugh
-----------------------------

The Independent
-----------------------------
$VAR1 = {
          'link' => 'http://www.independent.co.uk/news/world/australasia/australian-student-tommy-connolly-23-adopts-his-pregnant-homeless-17-year-old-cousin-to-give-her-a-10178569.html?cmpid=facebook-post',
          'caption' => 'independent.co.uk',
          'created_time' => '2016-12-25T23:59:00+0000',
          'name' => '23-year-old student adopts his pregnant, homeless cousin to give her a chance at \'a better life\'',
          'id' => '13312631635_10154324311671636',
          'message' => 'Incredible'
        };

Domain: independent.co.uk

TheBlaze
-----------------------------

NPR Politics
-----------------------------

The New York Times
-----------------------------
$VAR1 = {
          'link' => 'http://www.nytimes.com/2016/12/25/arts/music/george-michael-pop-superstar-has-died-at-53.html?smid=fb-nytimes&smtyp=cur',
          'caption' => 'nytimes.com',
          'created_time' => '2016-12-25T23:50:15+0000',
          'name' => 'George Michael, Pop Superstar, Has Died at 53',
          'id' => '5281959998_10151020571799999',
          'message' => 'Breaking News: George Michael an icon of pop music who infused social commentary with a dance-club beat, has died. He was 53.'
        };

Domain: nytimes.com
Response:
{"id":"1622501708043673_1636672726626571"}

NPR
-----------------------------
$VAR1 = {
          'link' => 'http://www.npr.org/sections/thetwo-way/2016/12/25/506935272/george-michael-singer-of-freedom-faith-and-last-christmas-dies-at-53?utm_source=facebook.com&utm_medium=social&utm_campaign=npr&utm_term=nprnews&utm_content=2053',
          'caption' => 'npr.org',
          'created_time' => '2016-12-25T23:56:07+0000',
          'name' => 'George Michael, Singer Of \'Freedom,\' \'Faith\' And \'Last Christmas,\' Dies At 53',
          'id' => '10643211755_10155117141851756',
          'message' => 'BREAKING: His publicist says he "passed away peacefully at home over the Christmas period."'
        };

Domain: npr.org
Response:
{"id":"1622501708043673_1636673163293194"}

MSN
-----------------------------

CNN Politics
-----------------------------

The Daily Show
-----------------------------

Daily Kos
-----------------------------

Yahoo News
-----------------------------
$VAR1 = {
          'link' => 'https://www.facebook.com/yahoonews/videos/1408997502466466/',
          'created_time' => '2016-12-26T00:00:00+0000',
          'name' => 'The Trendiest Plus-Size Party Dresses Under $50',
          'id' => '338028696036_1408997502466466',
          'message' => 'The trendiest plus-size party dresses under $50.'
        };

The Guardian
-----------------------------
$VAR1 = {
          'link' => 'https://www.theguardian.com/music/live/2016/dec/26/pop-star-george-michael-dies-peacefully-at-home-aged-53-live?CMP=fb_gu',
          'caption' => 'theguardian.com',
          'created_time' => '2016-12-25T23:47:09+0000',
          'name' => "Pop star George Michael dies peacefully at home aged 53 \x{2013} live",
          'id' => '10513336322_10154883912121323',
          'message' => 'Live updates as the world reacts to the sudden passing of George Michael.'
        };

Domain: theguardian.com
Response:
{"id":"1622501708043673_1636673329959844"}

CNN
-----------------------------

Slate.com
-----------------------------

the AP
-----------------------------

Sean Hannity
-----------------------------

The Ed Schultz Show
-----------------------------

The Atlantic
-----------------------------
$VAR1 = {
          'link' => 'http://theatln.tc/2hh9t64',
          'caption' => 'theatlantic.com',
          'created_time' => '2016-12-25T23:49:16+0000',
          'name' => 'David Lynch: \'There Are No Original Ideas\'',
          'id' => '29259828486_10154947942493487',
          'message' => '"Any kind of suffering cramps the flow of creativity."'
        };

Domain: theatlantic.com

Bloomberg
-----------------------------

BuzzFeed
-----------------------------

Fox News
-----------------------------
$VAR1 = {
          'link' => 'https://www.facebook.com/FoxNews/photos/a.184044921335.134777.15704546335/10154933066541336/?type=3',
          'created_time' => '2016-12-25T23:57:11+0000',
          'name' => 'Timeline Photos',
          'id' => '15704546335_10154933066541336',
          'message' => 'Breaking News: Singer George Michael, who sold more than 100 million albums over a pop music career spanning almost four decades, has died at the age of 53, his publicist said Sunday. http://fxn.ws/2iteSZp'
        };

VICE
-----------------------------
$VAR1 = {
          'link' => 'https://www.vice.com/en_ca/article/meet-the-man-who-drilled-a-hole-in-his-own-skull-to-stay-high-forever?utm_source=vicefbca&utm_campaign=global',
          'caption' => 'www.vice.com',
          'created_time' => '2016-12-26T00:00:05+0000',
          'name' => 'I Drilled a Hole in My Own Skull to Stay High Forever',
          'id' => '167115176655082_1506728646027055',
          'message' => '"It was like trying to uncork a bottle of wine from the inside."'
        };

Domain: vice.com
$VAR1 = {
          'link' => 'https://noisey.vice.com/en_us/article/george-michael-has-died-at-the-age-of-53?utm_source=vicefbuk&utm_campaign=global',
          'caption' => 'noisey.vice.com',
          'created_time' => '2016-12-25T23:58:49+0000',
          'name' => 'George Michael Has Died at the Age of 53',
          'id' => '167115176655082_1506727632693823',
          'message' => 'The news was confirmed by his publicist on Christmas Day.'
        };

Domain: vice.com

Glenn Beck
-----------------------------

The Other 98%
-----------------------------


Total Posts Made:	11


