***********************************************************************************
Started at 18:15:01 on 00/07/2017
***********************************************************************************
Querying souces from the past 15 minutes....

Al Jazeera
-----------------------------

Upworthy
-----------------------------
$VAR1 = {
          'link' => 'https://www.facebook.com/UpworthyVideo/videos/991886134249267/',
          'created_time' => '2017-01-07T23:01:00+0000',
          'name' => 'Upworthy Video',
          'id' => '354522044588660_1580595155314670',
          'message' => "He\x{2019}s saving lives every day on a wing and a prayer. Special thanks to Wings Flights of Hope."
        };

The Huffington Post
-----------------------------

HuffPost Women
-----------------------------

PBS News Hour
-----------------------------

ATTN:
-----------------------------

Reuters
-----------------------------
$VAR1 = {
          'link' => 'http://reut.rs/2iUIsah',
          'caption' => 'www.reuters.com',
          'created_time' => '2017-01-07T23:05:08+0000',
          'name' => 'Police say gun was returned to Florida airport shooting suspect last year',
          'id' => '114050161948682_1353764964643856',
          'message' => 'Police in Alaska said on Saturday they had returned a handgun to the Florida airport shooting suspect which was temporarily taken from him when he underwent a mental evaluation late last year.'
        };

Domain: reuters.com

NowThis
-----------------------------

Daily Caller
-----------------------------
$VAR1 = {
          'link' => 'http://trib.al/hsbkKr2',
          'caption' => 'dailycaller.com',
          'created_time' => '2017-01-07T23:14:45+0000',
          'name' => "US Intel Says Russian Hacking \x{2018}Not Involved\x{2019} In Targeting Vote Tallies",
          'id' => '182919686769_10154117063826770',
          'message' => 'Russia report confirms what Trump said all along'
        };

Domain: dailycaller.com
$VAR1 = {
          'link' => 'http://trib.al/qoxTeEj',
          'caption' => 'dailycaller.com',
          'created_time' => '2017-01-07T23:01:13+0000',
          'name' => 'Suicide Bombings Increased 30% In 2016, The Deadliest Year In History',
          'id' => '182919686769_10154117036886770',
          'message' => '5,650 people were killed in suicide bombings last year, 30% more than 2015.'
        };

Domain: dailycaller.com

CNBC
-----------------------------
$VAR1 = {
          'link' => 'http://cnb.cx/2i2moGc',
          'caption' => 'cnbc.com',
          'created_time' => '2017-01-07T23:13:48+0000',
          'name' => 'Deadly monster winter storm kills 3 across US',
          'id' => '97212224368_10155079974119369',
          'message' => 'Millions of Americans are struggling, from Alabama all the way to New York City.'
        };

Domain: cnbc.com

The Onion
-----------------------------
$VAR1 = {
          'link' => 'http://trib.al/7DOj7ix',
          'caption' => 'theonion.com',
          'created_time' => '2017-01-07T23:13:01+0000',
          'name' => 'Trump Gives Intelligence Agencies Their Daily Briefing',
          'id' => '20950654496_10155019275134497',
          'message' => "\"There\x{2019}s a considerable amount of secret and highly sensitive intel about military operations and diplomatic affairs that only Mr. Trump has the expertise to provide.\""
        };

Domain: theonion.com

Opposing Views
-----------------------------

the Today Show
-----------------------------
$VAR1 = {
          'link' => 'http://www.today.com/food/oprah-s-basic-tomato-soup-recipe-t106778',
          'caption' => 'today.com',
          'created_time' => '2017-01-07T23:02:00+0000',
          'name' => 'Oprah\'s classic tomato soup recipe is as amazing as she is',
          'id' => '12566691349_10154911563576350',
          'message' => 'Because Oprah.'
        };

Domain: today.com

Kotaku
-----------------------------

Washington Post
-----------------------------

the American Center for Law and Justice
-----------------------------

VICE News
-----------------------------

PBS
-----------------------------
$VAR1 = {
          'link' => 'http://to.pbs.org/2i321IM',
          'caption' => 'pbs.org',
          'created_time' => '2017-01-07T23:01:24+0000',
          'name' => 'Column: Can librarians help solve the fake news problem?',
          'id' => '19013582168_10154329481397169',
          'message' => 'Column: Can librarians help solve the fake news problem?  (From PBS NewsHour)'
        };

Domain: pbs.org
Response:
{"error":{"message":"It looks like you were misusing this feature by going too fast. You\u2019ve been blocked from using it.\n\nLearn more about blocks in the Help Center.","type":"OAuthException","code":368,"error_subcode":1390008,"error_user_msg":"","fbtrace_id":"DcxMdKRB\/DJ"}}

Facebook ran into an error and the post was not published. Zach Muckerberg please fix. Try again in a few hours.

