***********************************************************************************
Started at 02:45:01 on 00/25/2017
***********************************************************************************
Querying souces from the past 15 minutes....

Al Jazeera
-----------------------------

Upworthy
-----------------------------

The Huffington Post
-----------------------------

HuffPost Women
-----------------------------

PBS News Hour
-----------------------------

ATTN:
-----------------------------
$VAR1 = {
          'link' => 'http://www.attn.com/stories/14482/ivy-league-university-talks-about-dark-history-slavery?utm_source=facebook&utm_medium=post&utm_campaign=internal',
          'caption' => 'attn.com',
          'created_time' => '2017-01-25T07:44:00+0000',
          'name' => 'Another University Just Came Forward About Its Dark History With Slavery',
          'id' => '160389977329803_1265393883496068',
          'message' => 'They want to reveal the truth.'
        };

Domain: attn.com

Reuters
-----------------------------
$VAR1 = {
          'link' => 'https://www.facebook.com/Reuters/videos/1371894912830861/',
          'created_time' => '2017-01-25T07:35:34+0000',
          'id' => '114050161948682_1371894912830861',
          'message' => 'Transgender community holds rare party in Peshawar under police guard. See more: reut.rs/2koqRZi'
        };

NowThis
-----------------------------

Daily Caller
-----------------------------

CNBC
-----------------------------
$VAR1 = {
          'link' => 'http://cnb.cx/2jtSqMO',
          'caption' => 'cnbc.com',
          'created_time' => '2017-01-25T07:39:42+0000',
          'name' => 'Ex-Wall Street titan Sallie Krawcheck reveals the jaw-dropping sexual harassment she endured',
          'id' => '97212224368_10155142113029369',
          'message' => '"I had to pay the rent," she says.'
        };

Domain: cnbc.com

The Onion
-----------------------------

Opposing Views
-----------------------------

the Today Show
-----------------------------

Kotaku
-----------------------------

Washington Post
-----------------------------

the American Center for Law and Justice
-----------------------------

VICE News
-----------------------------

PBS
-----------------------------
$VAR1 = {
          'link' => 'http://www.pbs.org/newshour/updates/granted-clemency-former-inmate-starting/',
          'caption' => 'www.pbs.org',
          'created_time' => '2017-01-25T07:39:22+0000',
          'name' => 'Granted clemency, this former inmate is starting over',
          'id' => '19013582168_10154382335817169',
          'message' => 'Granted clemency, this former inmate is starting over (From PBS NewsHour)'
        };

Domain: pbs.org
Response:
{"error":{"message":"It looks like you were misusing this feature by going too fast. You\u2019ve been blocked from using it.\n\nLearn more about blocks in the Help Center.","type":"OAuthException","code":368,"error_subcode":1390008,"error_user_msg":"","fbtrace_id":"F9i6hNCYb8p"}}

Facebook ran into an error and the post was not published. Zach Muckerberg please fix. Try again in a few hours.

