***********************************************************************************
Started at 09:30:01 on 00/08/2017
***********************************************************************************
Querying souces from the past 15 minutes....

Al Jazeera
-----------------------------

Upworthy
-----------------------------

The Huffington Post
-----------------------------
$VAR1 = {
          'link' => 'http://huff.to/2hS6in3',
          'created_time' => '2017-01-08T14:25:46+0000',
          'name' => 'Tomorrow, Inshallah',
          'id' => '18468761129_10154589564271130'
        };

HuffPost Women
-----------------------------
$VAR1 = {
          'link' => 'https://www.facebook.com/HuffPostWomen/photos/a.196854310382630.47501.153213781413350/1263790573688993/?type=3',
          'created_time' => '2017-01-08T14:20:00+0000',
          'name' => 'Timeline Photos',
          'id' => '153213781413350_1263790573688993',
          'message' => "\x{1f44f}\x{1f44f}\x{1f44f}

(Illustration by Do The Hotpants)"
        };

PBS News Hour
-----------------------------

ATTN:
-----------------------------

Reuters
-----------------------------

NowThis
-----------------------------

Daily Caller
-----------------------------
$VAR1 = {
          'link' => 'http://trib.al/L2ofq4i',
          'caption' => 'dailycaller.com',
          'created_time' => '2017-01-08T14:22:17+0000',
          'name' => "Obama To Tout Chicago \x{2018}Successes\x{2019} As Nearly 4,000 Murders Ravage City Over Last 8 Years",
          'id' => '182919686769_10154118541696770',
          'message' => 'Obama isn\'t going out with the best optics'
        };

Domain: dailycaller.com

CNBC
-----------------------------
$VAR1 = {
          'link' => 'http://cnb.cx/2i59WIV',
          'caption' => 'cnbc.com',
          'created_time' => '2017-01-08T14:23:30+0000',
          'name' => 'Working remotely is the next hot job trend',
          'id' => '97212224368_10155081566919369',
          'message' => 'Say goodbye to 9-5 and the commute! More and more jobs are becoming "flexible."'
        };

Domain: cnbc.com

The Onion
-----------------------------

Opposing Views
-----------------------------
$VAR1 = {
          'link' => 'http://www.americanow.com/story/crime/2017/01/07/teen-mom-arrested-doing-something-awful-her-26-day-old-baby?fb=ov',
          'caption' => 'americanow.com',
          'created_time' => '2017-01-08T14:20:34+0000',
          'name' => 'Teen Mom Arrested For Doing Something Awful To Her 26-Day-Old Baby',
          'id' => '34226391050_10154409781376051',
          'message' => 'Even the police were stunned that the young mother could be so cruel to her own child.'
        };

Domain: americanow.com

the Today Show
-----------------------------

Kotaku
-----------------------------

Washington Post
-----------------------------

the American Center for Law and Justice
-----------------------------

VICE News
-----------------------------

PBS
-----------------------------

Mother Jones
-----------------------------

HuffPost Good News
-----------------------------

BBC News
-----------------------------
$VAR1 = {
          'link' => 'https://www.facebook.com/bbcnews/videos/10154285765512217/',
          'created_time' => '2017-01-08T14:22:05+0000',
          'id' => '228735667216_10154285765512217',
          'message' => 'Eyewitness reports of the Jerusalem lorry ramming attack emerge as medics say all four killed were in their twenties: http://bbc.in/2iR2VvU'
        };

Breaking News
-----------------------------

The Verge
-----------------------------

New York Magazine
-----------------------------

TIME
-----------------------------

the Business Insider
-----------------------------
$VAR1 = {
          'link' => 'http://read.bi/2iKOY2K',
          'caption' => 'businessinsider.com',
          'created_time' => '2017-01-08T14:20:02+0000',
          'name' => "This 24-year-old entrepreneur lives on a sailboat because San Francisco is so expensive \x{2014} take a look",
          'id' => '20446254070_10154267779934071',
          'message' => 'What a life!'
        };

Domain: businessinsider.com

ThinkProgress
-----------------------------

POLITICO
-----------------------------

USA TODAY
-----------------------------

American News
-----------------------------

ABC News
-----------------------------
$VAR1 = {
          'link' => 'https://www.facebook.com/ThisWeekABC/videos/1293188020724637/',
          'created_time' => '2017-01-08T14:22:32+0000',
          'name' => 'This Week',
          'id' => '86680728811_10155234903533812'
        };

HuffPost Politics
-----------------------------

NBC News
-----------------------------

AJ+
-----------------------------

Wikileaks
-----------------------------

CNNMoney
-----------------------------

ABC News Politics
-----------------------------
$VAR1 = {
          'link' => 'http://abcn.ws/2i6MU4n',
          'caption' => 'abcnews.go.com',
          'created_time' => '2017-01-08T14:23:34+0000',
          'name' => 'Obama Attends FL Wedding of Longtime Aide, Golf Partner',
          'id' => '184096565021911_1146948785403346',
          'message' => 'Obama has played 333 rounds of golf since taking office and The White House trip director Marvin Nicholson has joined the foursome for 192 of them, making him the president\'s most frequent golf buddy.'
        };

Domain: go.com
Response:
{"error":{"message":"It looks like you were misusing this feature by going too fast. You\u2019ve been blocked from using it.\n\nLearn more about blocks in the Help Center.","type":"OAuthException","code":368,"error_subcode":1390008,"error_user_msg":"","fbtrace_id":"EOmmkGNoaZO"}}

Facebook ran into an error and the post was not published. Zach Muckerberg please fix. Try again in a few hours.

