***********************************************************************************
Started at 14:45:01 on 00/11/2017
***********************************************************************************
Querying souces from the past 15 minutes....

Al Jazeera
-----------------------------

Upworthy
-----------------------------

The Huffington Post
-----------------------------
$VAR1 = {
          'link' => 'http://huff.to/2jjOKx9',
          'caption' => 'huffingtonpost.com',
          'created_time' => '2017-01-11T19:30:14+0000',
          'name' => 'Russia Spread Fake News And Disinformation In Sweden, Report Finds',
          'id' => '18468761129_10154598271606130',
          'message' => 'Experts determined that a series of forged letters, fake news items and disinformation tactics have peppered the Swedish information landscape since 2014, after the Russian annexation of Crimea from Ukraine.'
        };

Domain: huffingtonpost.com
Response:
{"error":{"message":"It looks like you were misusing this feature by going too fast. You\u2019ve been blocked from using it.\n\nLearn more about blocks in the Help Center.","type":"OAuthException","code":368,"error_subcode":1390008,"error_user_msg":"","fbtrace_id":"Fsx0limidS9"}}

Facebook ran into an error and the post was not published. Zach Muckerberg please fix. Try again in a few hours.

