***********************************************************************************
Started at 03:00:01 on 00/02/2017
***********************************************************************************
Querying souces from the past 15 minutes....

Al Jazeera
-----------------------------
$VAR1 = {
          'link' => 'http://aje.io/ev4v',
          'caption' => 'aljazeera.com',
          'created_time' => '2017-01-02T08:00:27+0000',
          'name' => 'Police to investigate abuse of Rohingya caught on video',
          'id' => '7382473689_10155053885133690',
          'message' => 'The video, which contains images some viewers may find distressing, shows police hitting a young boy around the head as he walks to where dozens of villagers are lined up in rows seated on the ground, hands behind their heads.'
        };

Domain: aljazeera.com
Response:
{"id":"1622501708043673_1639168329710344"}

Upworthy
-----------------------------

The Huffington Post
-----------------------------

HuffPost Women
-----------------------------

PBS News Hour
-----------------------------

ATTN:
-----------------------------

Reuters
-----------------------------

NowThis
-----------------------------

Daily Caller
-----------------------------

CNBC
-----------------------------

The Onion
-----------------------------

Opposing Views
-----------------------------

the Today Show
-----------------------------

Kotaku
-----------------------------

Washington Post
-----------------------------

the American Center for Law and Justice
-----------------------------

VICE News
-----------------------------

PBS
-----------------------------

Mother Jones
-----------------------------

HuffPost Good News
-----------------------------

BBC News
-----------------------------

Breaking News
-----------------------------

The Verge
-----------------------------

New York Magazine
-----------------------------

TIME
-----------------------------

the Business Insider
-----------------------------
$VAR1 = {
          'link' => 'http://read.bi/2hxyVRr',
          'caption' => 'businessinsider.com',
          'created_time' => '2017-01-02T08:00:20+0000',
          'name' => '22 emojis you\'re probably using wrong',
          'id' => '20446254070_10154249627559071',
          'message' => 'Not all emoji are what they appear.'
        };

Domain: businessinsider.com

ThinkProgress
-----------------------------

POLITICO
-----------------------------

USA TODAY
-----------------------------
$VAR1 = {
          'link' => 'http://www.usatoday.com/story/travel/nation-now/2017/01/01/newmans-castle-hidden-gem-rural-texas/96073534/',
          'caption' => 'usatoday.com',
          'created_time' => '2017-01-02T08:00:00+0000',
          'name' => 'Newman\'s Castle: A hidden gem in rural Texas',
          'id' => '13652355666_10154241845975667',
          'message' => 'Seasons come and go in Bellville, Texas, but one gem in the small Texas town is constant.'
        };

Domain: usatoday.com
Response:
{"id":"1622501708043673_1639168439710333"}

American News
-----------------------------
$VAR1 = {
          'link' => 'http://americannews.com/islam-week-school-demands-must-wear-hijabs/',
          'caption' => 'americannews.com',
          'created_time' => '2017-01-02T08:00:00+0000',
          'name' => 'Islam Week At School Demands All Must Wear Hijabs',
          'id' => '179035672287016_907257939464782',
          'message' => 'They are attempted to make everyone where Hijabs.
It\'s unfair to force their religion on everyone.
Do you think this is wrong?'
        };

Domain: americannews.com

ABC News
-----------------------------

HuffPost Politics
-----------------------------

NBC News
-----------------------------
$VAR1 = {
          'link' => 'http://nbcnews.to/2i1kuWU',
          'caption' => 'nbcnews.com',
          'created_time' => '2017-01-02T07:59:07+0000',
          'name' => '35 expelled Russian diplomats and families leave the United States',
          'id' => '155869377766434_1647151318638225',
          'message' => 'Russia\'s President Putin said he would decline to retaliate by expelling U.S. diplomats.'
        };

Domain: nbcnews.com
Response:
{"id":"1622501708043673_1639168543043656"}

AJ+
-----------------------------

Wikileaks
-----------------------------

CNNMoney
-----------------------------
$VAR1 = {
          'link' => 'http://cnnmon.ie/2hBMC73',
          'caption' => 'money.cnn.com',
          'created_time' => '2017-01-02T07:51:00+0000',
          'name' => 'The Cuban baseball smuggling machine behind Major League Baseball',
          'id' => '6651543066_10154246265888067',
          'message' => "Cuban baseball players risk being \x{2018}kidnapped\x{2019} by smugglers, who often team up with vicious drug cartels. http://cnnmon.ie/2hBMC73"
        };

Domain: cnn.com
Response:
{"id":"1622501708043673_1639168583043652"}

ABC News Politics
-----------------------------

Right Wing News
-----------------------------

The Wall Street Journal
-----------------------------
$VAR1 = {
          'link' => 'http://on.wsj.com/2ikfDkJ',
          'caption' => 'wsj.com',
          'created_time' => '2017-01-02T08:00:03+0000',
          'name' => 'As Australia Becomes Bigger Cheese in China Trade, U.S. Loses Ground',
          'id' => '8304333127_10155217876503128',
          'message' => 'To see the benefits a free-trade agreement with China can bring, look no further than cheese.'
        };

Domain: wsj.com
Response:
{"id":"1622501708043673_1639168656376978"}

MSNBC
-----------------------------

the Drudge Report
-----------------------------

Mic
-----------------------------

The Economist
-----------------------------

Bloomberg Politics
-----------------------------

CBS News
-----------------------------
$VAR1 = {
          'link' => 'http://cbsn.ws/2iEFiUM',
          'caption' => 'www.cbsnews.com',
          'created_time' => '2017-01-02T08:00:09+0000',
          'name' => 'The one celebrity Americans would most hate having as a neighbor',
          'id' => '131459315949_10154230122615950',
          'message' => "One-third of American adults agreed: this famous singer would be the celebrity they\x{2019}d most hate to have living next door."
        };

Domain: cbsnews.com
Response:
{"id":"1622501708043673_1639168729710304"}

The Young Turks
-----------------------------

Occupy Democrats
-----------------------------

CBC News
-----------------------------
$VAR1 = {
          'link' => 'http://www.cbc.ca/news/canada/toronto/house-fire-construction-bayview-401-1.3918007',
          'caption' => 'cbc.ca',
          'created_time' => '2017-01-02T08:00:00+0000',
          'name' => 'Early morning fire guts mansion being built in Toronto',
          'id' => '5823419603_10155009091429604',
          'message' => 'More than 80 firefighters were involved in trying to contain the fire.'
        };

Newsweek
-----------------------------

CNN International
-----------------------------

The New Yorker
-----------------------------
$VAR1 = {
          'link' => 'http://nyer.cm/TbkhXWr',
          'caption' => 'newyorker.com',
          'created_time' => '2017-01-02T08:00:12+0000',
          'name' => 'The Bot Politic',
          'id' => '9258148868_10154345228693869',
          'message' => 'Silicon Valley\'s method for insuring that a technology speaks without giving offense has been to make it a woman.'
        };

Domain: newyorker.com
Response:
{"id":"1622501708043673_1639168836376960"}

Rush Limbaugh
-----------------------------

The Independent
-----------------------------

TheBlaze
-----------------------------

NPR Politics
-----------------------------

The New York Times
-----------------------------

NPR
-----------------------------
$VAR1 = {
          'link' => 'http://www.npr.org/sections/ed/2015/07/04/419498242/at-age-3-transitioning-from-jack-to-jackie?utm_source=facebook.com&utm_medium=social&utm_campaign=npr&utm_term=nprnews&utm_content=20170101',
          'caption' => 'npr.org',
          'created_time' => '2017-01-02T08:00:01+0000',
          'name' => "At Age 3 \x{2014} Transitioning From Jack To Jackie",
          'id' => '10643211755_10155144777831756',
          'message' => 'We brought you this one in summer 2015:
"I said, \'Jackie, are you sad that you\'re not going to school today?\' And Jackie was really quiet and put her head down and said \'No, I\'m sad because I\'m a boy.\' "'
        };

Domain: npr.org
Response:
{"id":"1622501708043673_1639168879710289"}

MSN
-----------------------------
$VAR1 = {
          'link' => 'http://msn.com/en-us/sports/nfl/ten-biggest-winners-and-losers-from-nfl-week-17/ar-BBxNL6D?ocid=ob-fb-enus-280',
          'caption' => 'msn.com',
          'created_time' => '2017-01-02T07:56:23+0000',
          'name' => 'Ten biggest winners and losers from NFL Week 17',
          'id' => '49940376408_10154185761236409'
        };

Domain: msn.com

CNN Politics
-----------------------------

The Daily Show
-----------------------------

Daily Kos
-----------------------------

Yahoo News
-----------------------------

The Guardian
-----------------------------
$VAR1 = {
          'link' => 'https://www.theguardian.com/society/2017/jan/01/one-in-four-babies-miss-out-on-health-visitor-checks-social-mobility-commission?CMP=fb_gu',
          'caption' => 'theguardian.com',
          'created_time' => '2017-01-02T08:00:01+0000',
          'name' => 'One in four UK babies miss out on health visitor checks',
          'id' => '10513336322_10154909827031323',
          'message' => "\"Despite the conventional wisdom that parents fear interference from the \x{2018}nanny state\x{2019}, in reality many say that they welcome advice in the early years of their child\x{2019}s life.\""
        };

Domain: theguardian.com
Response:
{"id":"1622501708043673_1639168966376947"}

CNN
-----------------------------

Slate.com
-----------------------------

the AP
-----------------------------

Sean Hannity
-----------------------------

The Ed Schultz Show
-----------------------------

The Atlantic
-----------------------------

Bloomberg
-----------------------------

BuzzFeed
-----------------------------

Fox News
-----------------------------

VICE
-----------------------------
$VAR1 = {
          'link' => 'https://www.vice.com/en_ca/article/photos-of-a-lonely-sex-tourist-in-the-ukraine-that-are-not-all-they-seem?utm_source=vicefbca&utm_campaign=Global',
          'caption' => 'vice.com',
          'created_time' => '2017-01-02T08:00:00+0000',
          'name' => 'Why I Pretended to Be a Ukrainian Sex Tourist',
          'id' => '167115176655082_1511453468887906',
          'message' => 'Allow me to explain.'
        };

Domain: vice.com

Glenn Beck
-----------------------------

The Other 98%
-----------------------------


Total Posts Made:	9


