***********************************************************************************
Started at 00:15:01 on 00/30/2017
***********************************************************************************
Querying souces from the past 15 minutes....

Al Jazeera
-----------------------------

Upworthy
-----------------------------

The Huffington Post
-----------------------------
$VAR1 = {
          'link' => 'http://huff.to/2kIGvyN',
          'caption' => 'huffingtonpost.com',
          'created_time' => '2017-01-30T05:00:18+0000',
          'name' => 'Airbnb Offers Free Housing To Immigrants And Refugees Affected By Trump\'s Ban',
          'id' => '18468761129_10154658436201130',
          'message' => '"We have 3 million homes, so we can definitely find people a place to stay."'
        };

Domain: huffingtonpost.com
Response:
{"error":{"message":"It looks like you were misusing this feature by going too fast. You\u2019ve been blocked from using it.\n\nLearn more about blocks in the Help Center.","type":"OAuthException","code":368,"error_subcode":1390008,"error_user_msg":"","fbtrace_id":"Fh5UPew2lVn"}}

Facebook ran into an error and the post was not published. Zach Muckerberg please fix. Try again in a few hours.

