***********************************************************************************
Started at 00:45:02 on 11/19/2016
***********************************************************************************
Querying souces from the past 15 minutes....

Al Jazeera
-----------------------------

Upworthy
-----------------------------

The Huffington Post
-----------------------------

HuffPost Women
-----------------------------

PBS News Hour
-----------------------------

ATTN:
-----------------------------

Reuters
-----------------------------

NowThis
-----------------------------

Daily Caller
-----------------------------

CNBC
-----------------------------
$VAR1 = {
          'link' => 'http://cnb.cx/2hJdwXp',
          'caption' => 'cnbc.com',
          'created_time' => '2016-12-19T05:41:59+0000',
          'name' => 'The 25 highest-paying jobs in America',
          'id' => '97212224368_10155010123909369',
          'message' => 'Median base salary: $180,000.'
        };

Domain: cnbc.com

The Onion
-----------------------------

Opposing Views
-----------------------------

the Today Show
-----------------------------

Kotaku
-----------------------------

Washington Post
-----------------------------

the American Center for Law and Justice
-----------------------------

VICE News
-----------------------------

PBS
-----------------------------

Mother Jones
-----------------------------

HuffPost Good News
-----------------------------
$VAR1 = {
          'link' => 'http://huff.to/2i56FXe',
          'caption' => 'huffingtonpost.com',
          'created_time' => '2016-12-19T05:35:06+0000',
          'name' => 'These \'Goofy And Lovable\' Photos Destroy Pit Bull Stereotypes',
          'id' => '202163013203224_1228826437203538',
          'message' => 'What lil pumpkins!!!'
        };

Domain: huffingtonpost.com
Response:
{"id":"1622501708043673_1634324090194768"}

BBC News
-----------------------------

Breaking News
-----------------------------

The Verge
-----------------------------

New York Magazine
-----------------------------
$VAR1 = {
          'link' => 'http://nym.ag/2hXGPEq',
          'caption' => 'nymag.com',
          'created_time' => '2016-12-19T05:45:05+0000',
          'name' => '45 Brilliant Things Samantha Bee Said This Year',
          'id' => '14516439825_10154869188474826',
          'message' => "\"Look, this isn\x{2019}t good for anyone. Our democracy just hawked up a marmalade hairball with the whole world watching. What we did was the democratic equivalent of installing an above-ground pool. Even if we\x{2019}re lucky and it doesn\x{2019}t seep into our foundations, the neighbors will never look at us the same way again.\""
        };

Domain: nymag.com

TIME
-----------------------------

the Business Insider
-----------------------------
$VAR1 = {
          'link' => 'http://read.bi/2gTUOxs',
          'caption' => 'businessinsider.com',
          'created_time' => '2016-12-19T05:40:01+0000',
          'name' => 'Librarians recommend the books you should read in each decade of your life',
          'id' => '20446254070_10154201572284071',
          'message' => 'We asked the experts.'
        };

Domain: businessinsider.com

ThinkProgress
-----------------------------

POLITICO
-----------------------------

USA TODAY
-----------------------------

American News
-----------------------------

ABC News
-----------------------------
$VAR1 = {
          'link' => 'http://abcn.ws/2hKgUBa',
          'caption' => 'abcnews.go.com',
          'created_time' => '2016-12-19T05:45:03+0000',
          'name' => 'Gunmen Kill 10, Including Canadian, in Attacks on Police',
          'id' => '86680728811_10155156942273812',
          'message' => 'Canadian woman killed in Jordan castle attack identified as retired school teacher from Newfoundland. Her son was injured in the assault by four gunmen that left 10 dead, at least 34 wounded.'
        };

Domain: go.com
Response:
{"id":"1622501708043673_1634324143528096"}

HuffPost Politics
-----------------------------

NBC News
-----------------------------

AJ+
-----------------------------

Wikileaks
-----------------------------

CNNMoney
-----------------------------
$VAR1 = {
          'link' => 'http://cnnmon.ie/2h67jU4',
          'caption' => 'money.cnn.com',
          'created_time' => '2016-12-19T05:33:01+0000',
          'name' => 'Rwandan banana winemaker wants to export to U.S.',
          'id' => '6651543066_10154202046718067',
          'message' => 'It\'s a success in Rwanda. But will plans to export to the U.S. come to fruition? http://cnnmon.ie/2h67jU4'
        };

Domain: cnn.com
Response:
{"id":"1622501708043673_1634324203528090"}

ABC News Politics
-----------------------------

Right Wing News
-----------------------------

The Wall Street Journal
-----------------------------
$VAR1 = {
          'link' => 'http://on.wsj.com/2hY5pcs',
          'caption' => 'wsj.com',
          'created_time' => '2016-12-19T05:30:11+0000',
          'name' => 'College Enrollment Drops 1.4% as Adults Head Back to Work',
          'id' => '8304333127_10155134393868128',
          'message' => 'Adding to the pain at many colleges is a dearth of new students fresh from high school.'
        };

Domain: wsj.com
Response:
{"id":"1622501708043673_1634324270194750"}

MSNBC
-----------------------------

the Drudge Report
-----------------------------

Mic
-----------------------------

The Economist
-----------------------------
$VAR1 = {
          'link' => 'http://econ.st/2gWfJzI',
          'caption' => 'economist.com',
          'created_time' => '2016-12-19T05:36:22+0000',
          'name' => 'Geert Wilders can pose as a victim of an illiberal law and a politically correct elite',
          'id' => '6013004059_10154901478644060',
          'message' => 'Advocates of liberal immigration policies, such as this newspaper, should try to persuade those who disagree with them, not lock them up'
        };

Domain: economist.com
Response:
{"id":"1622501708043673_1634324320194745"}

Bloomberg Politics
-----------------------------

CBS News
-----------------------------

The Young Turks
-----------------------------

Occupy Democrats
-----------------------------

CBC News
-----------------------------

Newsweek
-----------------------------

CNN International
-----------------------------

The New Yorker
-----------------------------

Rush Limbaugh
-----------------------------

The Independent
-----------------------------
$VAR1 = {
          'link' => 'https://www.facebook.com/TheIndependentOnline/videos/10154302266921636/',
          'created_time' => '2016-12-19T05:41:00+0000',
          'id' => '13312631635_10154302266921636',
          'message' => 'The most chilled out koala we\'ve ever seen - Symbio Wildlife Park'
        };

TheBlaze
-----------------------------

NPR Politics
-----------------------------

The New York Times
-----------------------------

NPR
-----------------------------

MSN
-----------------------------

CNN Politics
-----------------------------

The Daily Show
-----------------------------

Daily Kos
-----------------------------

Yahoo News
-----------------------------

The Guardian
-----------------------------

CNN
-----------------------------

Slate.com
-----------------------------

the AP
-----------------------------

Sean Hannity
-----------------------------

The Ed Schultz Show
-----------------------------

The Atlantic
-----------------------------

Bloomberg
-----------------------------

BuzzFeed
-----------------------------

Fox News
-----------------------------

VICE
-----------------------------
$VAR1 = {
          'link' => 'https://noisey.vice.com/en_us/article/in-conversation-with-martin-farkas-of-canadian-hardcore-legends-career-suicide?utm_source=vicefbus',
          'caption' => 'noisey.vice.com',
          'created_time' => '2016-12-19T05:40:02+0000',
          'name' => 'In Conversation with Martin Farkas of Canadian Hardcore Legends Career Suicide',
          'id' => '167115176655082_1494758727224047',
          'message' => 'For 15 years, Toronto hardcore vets Career Suicide have built a career based on the classic punk adage "our way or the highway."'
        };

Domain: vice.com

Glenn Beck
-----------------------------

The Other 98%
-----------------------------


Total Posts Made:	5


