***********************************************************************************
Started at 01:45:01 on 11/27/2016
***********************************************************************************
Querying souces from the past 15 minutes....

Al Jazeera
-----------------------------

Upworthy
-----------------------------

The Huffington Post
-----------------------------

HuffPost Women
-----------------------------

PBS News Hour
-----------------------------

ATTN:
-----------------------------

Reuters
-----------------------------

NowThis
-----------------------------

Daily Caller
-----------------------------

CNBC
-----------------------------

The Onion
-----------------------------

Opposing Views
-----------------------------

the Today Show
-----------------------------

Kotaku
-----------------------------

Washington Post
-----------------------------

the American Center for Law and Justice
-----------------------------

VICE News
-----------------------------

PBS
-----------------------------

Mother Jones
-----------------------------

HuffPost Good News
-----------------------------

BBC News
-----------------------------

Breaking News
-----------------------------

The Verge
-----------------------------

New York Magazine
-----------------------------

TIME
-----------------------------

the Business Insider
-----------------------------
$VAR1 = {
          'link' => 'http://read.bi/2ih4pA3',
          'caption' => 'businessinsider.com',
          'created_time' => '2016-12-27T06:40:02+0000',
          'name' => '12 horribly designed everyday products that need to be reinvented',
          'id' => '20446254070_10154228296834071',
          'message' => 'We\'ve been using these products for decades without innovation.'
        };

Domain: businessinsider.com

ThinkProgress
-----------------------------

POLITICO
-----------------------------

USA TODAY
-----------------------------
$VAR1 = {
          'link' => 'http://www.usatoday.com/story/news/nation-now/2016/12/26/woman-hurls-grandmas-christmas-tree/95857604/',
          'caption' => 'usatoday.com',
          'created_time' => '2016-12-27T06:33:00+0000',
          'name' => 'Woman hurls grandma\'s tree in Christmas Day melee, police say',
          'id' => '13652355666_10154214660005667',
          'message' => 'This doesn\'t seem like a good way to spread holiday cheer.'
        };

Domain: usatoday.com
Response:
{"id":"1622501708043673_1637084533252057"}

American News
-----------------------------

ABC News
-----------------------------

HuffPost Politics
-----------------------------

NBC News
-----------------------------

AJ+
-----------------------------

Wikileaks
-----------------------------

CNNMoney
-----------------------------

ABC News Politics
-----------------------------

Right Wing News
-----------------------------

The Wall Street Journal
-----------------------------

MSNBC
-----------------------------

the Drudge Report
-----------------------------

Mic
-----------------------------

The Economist
-----------------------------

Bloomberg Politics
-----------------------------

CBS News
-----------------------------

The Young Turks
-----------------------------

Occupy Democrats
-----------------------------

CBC News
-----------------------------

Newsweek
-----------------------------

CNN International
-----------------------------
$VAR1 = {
          'link' => 'http://cnn.it/2hsNSJt',
          'caption' => 'www.cnn.com',
          'created_time' => '2016-12-27T06:40:01+0000',
          'name' => 'The photographer who captured Hong Kong\'s cool',
          'id' => '18793419640_10154835264114641',
          'message' => 'Will Hong Kong ever feel like this again? via CNN Style'
        };

Domain: cnn.com
Response:
{"id":"1622501708043673_1637084583252052"}

The New Yorker
-----------------------------

Rush Limbaugh
-----------------------------

The Independent
-----------------------------
$VAR1 = {
          'link' => 'https://www.facebook.com/TheIndependentOnline/videos/10154329145716636/',
          'created_time' => '2016-12-27T06:41:00+0000',
          'id' => '13312631635_10154329145716636',
          'message' => 'George Michael - the original star of Carpool Karaoke'
        };

TheBlaze
-----------------------------

NPR Politics
-----------------------------

The New York Times
-----------------------------

NPR
-----------------------------

MSN
-----------------------------

CNN Politics
-----------------------------
$VAR1 = {
          'link' => 'http://cnn.it/2hEO1pm',
          'caption' => 'www.cnn.com',
          'created_time' => '2016-12-27T06:35:00+0000',
          'name' => 'Gingrich: Obama \'desperate frenzy\' to save legacy',
          'id' => '219367258105115_1416418031733359',
          'message' => 'Newt Gingrich argues that much of President Obama\'s legacy is tied to executive actions, "almost all of which will be repudiated by Trump."'
        };

Domain: cnn.com
Response:
{"id":"1622501708043673_1637084633252047"}

The Daily Show
-----------------------------

Daily Kos
-----------------------------

Yahoo News
-----------------------------
$VAR1 = {
          'link' => 'https://yhoo.it/2iagkPX',
          'caption' => 'yahoo.com',
          'created_time' => '2016-12-27T06:30:23+0000',
          'name' => 'Blizzards, ice storms wreak havoc across northern Plains',
          'id' => '338028696036_10155037938091037',
          'message' => 'Beware!'
        };

Domain: yahoo.com
Response:
{"id":"1622501708043673_1637084713252039"}

The Guardian
-----------------------------

CNN
-----------------------------
$VAR1 = {
          'link' => 'http://cnn.it/2hsEJAM',
          'caption' => 'www.cnn.com',
          'created_time' => '2016-12-27T06:40:01+0000',
          'name' => 'The photographer who captured Hong Kong\'s cool',
          'id' => '5550296508_10155819342846509',
          'message' => 'Will Hong Kong ever feel like this again? via CNN Style'
        };

Domain: cnn.com
Response:
{"id":"1622501708043673_1637084759918701"}

Slate.com
-----------------------------

the AP
-----------------------------

Sean Hannity
-----------------------------

The Ed Schultz Show
-----------------------------

The Atlantic
-----------------------------

Bloomberg
-----------------------------

BuzzFeed
-----------------------------

Fox News
-----------------------------

VICE
-----------------------------

Glenn Beck
-----------------------------

The Other 98%
-----------------------------


Total Posts Made:	5


