***********************************************************************************
Started at 13:30:01 on 00/27/2017
***********************************************************************************
Querying souces from the past 15 minutes....

Al Jazeera
-----------------------------

Upworthy
-----------------------------

The Huffington Post
-----------------------------

HuffPost Women
-----------------------------
$VAR1 = {
          'link' => 'http://huff.to/2jFizs1',
          'caption' => 'huffingtonpost.com',
          'created_time' => '2017-01-27T18:20:05+0000',
          'name' => '\'How To Get Away With Murder\' Premiere Grabs A Chance To Diss Trump',
          'id' => '153213781413350_1286397758094941',
          'message' => 'Round of applause for @[How to Get Away With Murder.'
        };

Domain: huffingtonpost.com
Response:
{"error":{"message":"It looks like you were misusing this feature by going too fast. You\u2019ve been blocked from using it.\n\nLearn more about blocks in the Help Center.","type":"OAuthException","code":368,"error_subcode":1390008,"error_user_msg":"","fbtrace_id":"Bmz+5LYJ4eq"}}

Facebook ran into an error and the post was not published. Zach Muckerberg please fix. Try again in a few hours.

