***********************************************************************************
Started at 11:45:01 on 11/16/2016
***********************************************************************************
Querying souces from the past 15 minutes....

Al Jazeera
-----------------------------

Upworthy
-----------------------------
$VAR1 = {
          'link' => 'https://www.facebook.com/Upworthy/videos/581643072036363/',
          'created_time' => '2016-12-16T16:41:00+0000',
          'id' => '354522044588660_581643072036363',
          'message' => 'Female superheroes are underrepresented in Hollywood, but they can kick butt just like their male counterparts and deserve the spotlight too. (via Zinc)'
        };

The Huffington Post
-----------------------------

HuffPost Women
-----------------------------

PBS News Hour
-----------------------------

ATTN:
-----------------------------

Reuters
-----------------------------

NowThis
-----------------------------

Daily Caller
-----------------------------
$VAR1 = {
          'link' => 'http://trib.al/l1WAE28',
          'caption' => 'smokeroom.com',
          'created_time' => '2016-12-16T16:36:40+0000',
          'name' => 'Everyone Is Talking About What Michelle Obama Said At The White House Last Night',
          'id' => '182919686769_10154052480911770',
          'message' => 'Michelle Obama caught everyone\'s attention the minute she arrived.'
        };

Domain: smokeroom.com

CNBC
-----------------------------

The Onion
-----------------------------

Opposing Views
-----------------------------
$VAR1 = {
          'link' => 'https://www.opposingviews.com/i/politics/president-obama-just-vowed-get-revenge-russia-and-vladimir-putin-heres-how',
          'caption' => 'opposingviews.com',
          'created_time' => '2016-12-16T16:33:41+0000',
          'name' => 'President Obama Vows To Get Revenge On Russia; Here\'s How',
          'id' => '34226391050_10154347006291051',
          'message' => 'President Obama just vowed to get revenge on Russia and Vladimir Putin. Here\'s how.'
        };

Domain: opposingviews.com

the Today Show
-----------------------------
$VAR1 = {
          'link' => 'http://on.today.com/2hBVngF',
          'caption' => 'today.com',
          'created_time' => '2016-12-16T16:32:31+0000',
          'name' => 'No room for decorations? Try a half Christmas tree in your small space',
          'id' => '12566691349_10154839328401350',
          'message' => 'These are perfect for a porch, too!'
        };

Domain: today.com

Kotaku
-----------------------------

Washington Post
-----------------------------

the American Center for Law and Justice
-----------------------------

VICE News
-----------------------------

PBS
-----------------------------

Mother Jones
-----------------------------
$VAR1 = {
          'link' => 'http://www.motherjones.com/politics/2016/12/breaking-reports-china-has-siezed-us-navy-vessel-south-china-sea',
          'caption' => 'motherjones.com',
          'created_time' => '2016-12-16T16:40:47+0000',
          'name' => 'BREAKING: China Has Seized a U.S. Navy Vessel in the South China Sea',
          'id' => '7642602143_10154326050607144',
          'message' => 'Oh my God.'
        };

Domain: motherjones.com
Response:
{"id":"1622501708043673_1633346336959210"}
$VAR1 = {
          'link' => 'http://www.motherjones.com/kevin-drum/2016/12/bernie-sanders-would-have-lost-election-landslide',
          'caption' => 'motherjones.com',
          'created_time' => '2016-12-16T16:36:14+0000',
          'name' => 'One chart shows why Bernie Sanders supporters are wrong about their favorite post-election argument',
          'id' => '7642602143_10154326040457144',
          'message' => 'Sigh.'
        };

Domain: motherjones.com
Response:
{"id":"1622501708043673_1633346476959196"}

HuffPost Good News
-----------------------------

BBC News
-----------------------------

Breaking News
-----------------------------

The Verge
-----------------------------
$VAR1 = {
          'link' => 'http://www.theverge.com/2016/12/16/13981432/vergecast-233-podcast-rogue-one-uber-google-waymo-nintendo',
          'caption' => 'theverge.com',
          'created_time' => '2016-12-16T16:37:01+0000',
          'name' => 'Super Mario runs, Uber drives, and Star Wars continues',
          'id' => '193742123995472_1286722464697427',
          'message' => 'This week on Vergecast:'
        };

Domain: theverge.com

New York Magazine
-----------------------------
$VAR1 = {
          'link' => 'http://nym.ag/2gJe3q6',
          'caption' => 'nymag.com',
          'created_time' => '2016-12-16T16:36:35+0000',
          'name' => "Here\x{2019}s What Michelle Obama Told Teen Girls About Skin Color and Gender",
          'id' => '14516439825_10154860891204826',
          'message' => "\"Skin color, gender, is the most ridiculous defining trait that we cling to. It doesn\x{2019}t matter. What matters is you believe in your own potential.\" \x{2014} Michelle Obama"
        };

Domain: nymag.com

TIME
-----------------------------
$VAR1 = {
          'link' => 'http://ti.me/2gJe5hK',
          'caption' => 'time.com',
          'created_time' => '2016-12-16T16:30:33+0000',
          'name' => 'Stars Join James Corden for an Epic Carpool Karaoke Christmas Mashup',
          'id' => '10606591490_10154266444996491',
          'message' => 'Including appearances by Mariah Carey, Lady Gaga and Adele.'
        };

Domain: time.com

the Business Insider
-----------------------------
$VAR1 = {
          'link' => 'http://read.bi/2gTc5a8',
          'caption' => 'businessinsider.com',
          'created_time' => '2016-12-16T16:40:16+0000',
          'name' => 'The official GOP biography of Trump\'s pick for Treasury secretary completely leaves out his 17 years at Goldman Sachs',
          'id' => '20446254070_10154194393524071',
          'message' => 'There\'s something missing we just can\'t put our finger on it.'
        };

Domain: businessinsider.com

ThinkProgress
-----------------------------
$VAR1 = {
          'link' => 'https://thinkprogress.org/transgender-student-victory-ohio-9816ccb3a141#.utxfr57q1',
          'caption' => 'thinkprogress.org',
          'created_time' => '2016-12-16T16:33:40+0000',
          'name' => "Appeals court doesn\x{2019}t make transgender student wait for the right to pee",
          'id' => '200137333331078_1467320186612780',
          'message' => "The Sixth Circuit\x{2019}s relief for Jane contradicts the way the Supreme Court is acting in a very similar case."
        };

Domain: thinkprogress.org
Response:
{"id":"1622501708043673_1633346663625844"}

POLITICO
-----------------------------
$VAR1 = {
          'link' => 'http://politi.co/2gT9UDc',
          'caption' => 'politico.com',
          'created_time' => '2016-12-16T16:40:09+0000',
          'name' => 'New York Times to vacate \'at least eight floors\' in Manhattan headquarters',
          'id' => '62317591679_10154099545821680',
          'message' => 'The publisher and CEO\'s offices, along with other large corner offices, will disappear as part of the redesign.'
        };

Domain: politico.com

Alias: politico.com
Response:
{"id":"1622501708043673_1633346740292503"}

USA TODAY
-----------------------------
$VAR1 = {
          'link' => 'http://www.usatoday.com/story/travel/experience/caribbean/2016/12/16/jamaica-sandals-resort-overwater-bungalows/95490756/',
          'caption' => 'usatoday.com',
          'created_time' => '2016-12-16T16:40:31+0000',
          'name' => 'Peek inside the Caribbean\'s first overwater bungalows',
          'id' => '13652355666_10154171555330667',
          'message' => 'Planning a vacation? This may be a good place to visit.'
        };

Domain: usatoday.com
Response:
{"id":"1622501708043673_1633346833625827"}

American News
-----------------------------

ABC News
-----------------------------
$VAR1 = {
          'link' => 'https://www.facebook.com/ABCNews/photos/a.10150095914943812.286215.86680728811/10155147626578812/?type=3',
          'caption' => 'See the whole picture at http://abcnews.com',
          'created_time' => '2016-12-16T16:30:57+0000',
          'name' => 'Photos from ABC News\'s post',
          'id' => '86680728811_10155147636983812',
          'message' => "Boston firefighters fought a 6-alarm building fire in 5\x{b0} weather this morning. The water the firefighters used from the hydrants kept freezing everything it touched, forcing them de-ice equipment. http://abcn.ws/2hOXdLk"
        };

Domain: See the whole picture at http://abcnews.com
$VAR1 = {
          'link' => 'http://abcn.ws/2hWrrbm',
          'caption' => 'gma.yahoo.com',
          'created_time' => '2016-12-16T16:30:45+0000',
          'name' => 'The Best Deals for Free Shipping Friday',
          'id' => '86680728811_10155147636288812',
          'message' => 'Free shipping day is here! Over 1,100 retailers participate, and all offer guaranteed free delivery by Christmas.'
        };

Domain: yahoo.com
Response:
{"id":"1622501708043673_1633346950292482"}

HuffPost Politics
-----------------------------
$VAR1 = {
          'link' => 'http://huff.to/2hCFYcT',
          'caption' => 'huffingtonpost.com',
          'created_time' => '2016-12-16T16:30:22+0000',
          'name' => "Bernie Sanders Once Cried 'Socialist' At A Guy Now Hoping To Be Trump\x{2019}s Economic Policy Chief",
          'id' => '56845382910_10154612194517911',
          'message' => 'Ha!'
        };

Domain: huffingtonpost.com
Response:
{"id":"1622501708043673_1633346996959144"}

NBC News
-----------------------------

AJ+
-----------------------------

Wikileaks
-----------------------------

CNNMoney
-----------------------------

ABC News Politics
-----------------------------
$VAR1 = {
          'link' => 'http://abcn.ws/2hC7Oc7',
          'caption' => 'abcnews.go.com',
          'created_time' => '2016-12-16T16:32:29+0000',
          'name' => 'DOJ Sues Michigan City After Denying Permit for Mosque',
          'id' => '184096565021911_1127129624051929',
          'message' => 'US Department of Justice sues Sterling Heights, Michigan, alleging the city discriminated against a local Muslim community center by dening a permit to build a Mosque: http://abcn.ws/2hC7Oc7'
        };

Domain: go.com
Response:
{"id":"1622501708043673_1633347046959139"}

Right Wing News
-----------------------------

The Wall Street Journal
-----------------------------
$VAR1 = {
          'link' => 'http://on.wsj.com/2hC4xcQ',
          'caption' => 'wsj.com',
          'created_time' => '2016-12-16T16:40:11+0000',
          'name' => 'Facebook News Feed: Stop Seeing the Same Stuff',
          'id' => '8304333127_10155120494863128',
          'message' => 'How to fix your Facebook feed to see more of what you want and less of what the bots want: http://on.wsj.com/2hWjG5j'
        };

Domain: wsj.com
Response:
{"id":"1622501708043673_1633347123625798"}
$VAR1 = {
          'link' => 'https://www.facebook.com/wsj/videos/10155120432133128/',
          'created_time' => '2016-12-16T16:30:55+0000',
          'name' => 'Sumner Redstone stepping down from the Viacom board in Februar...',
          'id' => '8304333127_10155120432133128',
          'message' => 'Lunch Break with Tanya Rivero: Sumner Redstone stepping down from the Viacom board in February. What does the strong U.S. Dollar mean for consumers and Prada bags? Should parents be more aware of smoking in videogames? Mensch On a Bench: the perfect gift for Chrismukkah?'
        };

MSNBC
-----------------------------
$VAR1 = {
          'link' => 'http://on.msnbc.com/2hCi2cB',
          'caption' => 'msnbc.com',
          'created_time' => '2016-12-16T16:45:12+0000',
          'name' => 'Celebs launch video to sway electoral college',
          'id' => '273864989376427_1394801683949413',
          'message' => 'Martin Sheen, Debra Messing and Mike Farrell are just a few of the celebrities asking Republican electors not to vote for Donald J. Trump on Dec. 19.'
        };

Domain: msnbc.com
Response:
{"id":"1622501708043673_1633347186959125"}

the Drudge Report
-----------------------------

Mic
-----------------------------

The Economist
-----------------------------

Bloomberg Politics
-----------------------------

CBS News
-----------------------------
$VAR1 = {
          'link' => 'http://cbsn.ws/2hDe2pE',
          'caption' => 'www.cbsnews.com',
          'created_time' => '2016-12-16T16:42:02+0000',
          'name' => 'Scale of ISIS\' weapons production revealed',
          'id' => '131459315949_10154177546370950',
          'message' => 'As Iraqi army and allied forces push ISIS militants back from Mosul, the industrial-scale weapons manufacturing capabilities of the group are being revealed.'
        };

Domain: cbsnews.com
Response:
{"id":"1622501708043673_1633347276959116"}

The Young Turks
-----------------------------

Occupy Democrats
-----------------------------

CBC News
-----------------------------
$VAR1 = {
          'link' => 'http://www.cbc.ca/news/business/cuisinart-food-processor-recall-1.3899724',
          'caption' => 'cbc.ca',
          'created_time' => '2016-12-16T16:34:49+0000',
          'name' => 'Cuisinart recalls more than 8 million food processor blades because they can break off',
          'id' => '5823419603_10154950443324604',
          'message' => 'The recall notice says the blades may pose a laceration hazard because they may break off in food.'
        };

Newsweek
-----------------------------
$VAR1 = {
          'link' => 'http://www.newsweek.com/donald-trump-china-war-trade-tariffs-taiwan-beijing-south-china-sea-532580',
          'caption' => 'newsweek.com',
          'created_time' => '2016-12-16T16:32:26+0000',
          'name' => "Trump\x{2019}s swaggering has sparked war talk from China",
          'id' => '18343191100_10154691973441101',
          'message' => "Here's how Beijing reads the president-elect\x{2019}s flirtation with Taiwan."
        };

Domain: newsweek.com
$VAR1 = {
          'link' => 'http://www.newsweek.com/rikers-island-guard-guilty-beating-death-prisonerbrian-coll-ronald-spear-532577',
          'caption' => 'newsweek.com',
          'created_time' => '2016-12-16T16:31:47+0000',
          'name' => 'A Rikers Island guard was found guilty in the beating death of a prisoner',
          'id' => '18343191100_10154691971356101',
          'message' => "It can be treacherous to be imprisoned on Rikers Island\x{2014}where 9,000 officers watch over 10,000 prisoners."
        };

Domain: newsweek.com

CNN International
-----------------------------

The New Yorker
-----------------------------
$VAR1 = {
          'link' => 'https://www.facebook.com/newyorker/videos/10154289363838869/',
          'created_time' => '2016-12-16T16:30:50+0000',
          'name' => '"The Hell-Raiser"',
          'id' => '9258148868_10154289363838869',
          'message' => 'A megachurch pastor talks about the path that led him to the center, and then to the fringes, and beyond, of American evangelicalism. Watch the full video here: http://nyer.cm/CKQv6uQ'
        };

Rush Limbaugh
-----------------------------

The Independent
-----------------------------

TheBlaze
-----------------------------

NPR Politics
-----------------------------

The New York Times
-----------------------------
$VAR1 = {
          'link' => 'https://www.nytimes.com/2016/12/16/us/politics/hillary-clinton-russia-fbi-comey.html?smid=fb-nytimes&smtyp=cur',
          'caption' => 'nytimes.com',
          'created_time' => '2016-12-16T16:31:54+0000',
          'name' => 'Hillary Clinton Ties Loss to Russian Hacking and Comey Letter',
          'id' => '5281959998_10151012566079999',
          'message' => "Breaking News: Hillary Clinton called Russia's hacking an \x{201c}attack against our country\x{201d} prompted by Vladimir Putin's \"personal beef\" against her."
        };

Domain: nytimes.com
Response:
{"id":"1622501708043673_1633347363625774"}

NPR
-----------------------------
$VAR1 = {
          'link' => 'http://www.npr.org/sections/goatsandsoda/2016/12/16/505612575/amid-growing-unrest-south-sudan-kicks-out-aid-workers?utm_source=facebook.com&utm_medium=social&utm_campaign=npr&utm_term=nprnews&utm_content=2044',
          'caption' => 'npr.org',
          'created_time' => '2016-12-16T16:45:00+0000',
          'name' => 'Amid Growing Unrest, South Sudan Kicks Out Aid Workers',
          'id' => '10643211755_10155084167251756',
          'message' => "Two members of the Norwegian Refugee Council's staff in Sudan were asked to leave. \"It's hugely concerning,\" says Joel Charny of the NRC, \"in part because we truly don't know why.\x{201d}"
        };

Domain: npr.org
Response:
{"id":"1622501708043673_1633347393625771"}

MSN
-----------------------------

CNN Politics
-----------------------------

The Daily Show
-----------------------------

Daily Kos
-----------------------------
$VAR1 = {
          'link' => 'http://www.dailykos.com/stories/2016/12/16/1611735/-Russian-attempts-to-hack-RNC-were-less-aggressive-and-much-less-persistent-than-DNC-hacks?detail=facebook',
          'caption' => 'dailykos.com',
          'created_time' => '2016-12-16T16:35:00+0000',
          'name' => 'Russian attempts to hack RNC were \'less aggressive and much less persistent\' than DNC hacks',
          'id' => '43179984254_10154970571394255',
          'message' => 'You don\'t say.'
        };

Domain: dailykos.com
Response:
{"id":"1622501708043673_1633347546959089"}

Yahoo News
-----------------------------
$VAR1 = {
          'link' => 'https://yhoo.it/2hBUF2N',
          'caption' => 'yhoo.it',
          'created_time' => '2016-12-16T16:40:00+0000',
          'name' => 'China holds first ever live-fire drills with aircraft carrier, warships',
          'id' => '338028696036_10154996300111037',
          'message' => '"This is the first time an aircraft carrier squadron has performed drills with live ammunition and real troops."'
        };

The Guardian
-----------------------------
$VAR1 = {
          'link' => 'https://www.theguardian.com/science/brain-flapping/2016/dec/16/if-nuclear-war-broke-out-wheres-the-safest-place-on-earth?CMP=fb_gu',
          'caption' => 'theguardian.com',
          'created_time' => '2016-12-16T16:40:00+0000',
          'name' => 'If nuclear war broke out where\'s the safest place on Earth?',
          'id' => '10513336322_10154849891056323',
          'message' => "If Easter Island\x{2019}s barren landscape sounds too depressing, why not try the archipelagos of Kiribati or the Marshall Islands?"
        };

Domain: theguardian.com
Response:
{"id":"1622501708043673_1633347753625735"}

CNN
-----------------------------
$VAR1 = {
          'link' => 'http://cnn.it/2gSo49j',
          'caption' => 'www.cnn.com',
          'created_time' => '2016-12-16T16:45:02+0000',
          'name' => 'A Chinese warship stole US underwater drone, a US official told CNN',
          'id' => '5550296508_10155767078131509',
          'message' => 'Just in: A Chinese warship stole a US underwater drone right in front of an American crew, US defense official says'
        };

Domain: cnn.com
Response:
{"id":"1622501708043673_1633347863625724"}

Slate.com
-----------------------------

the AP
-----------------------------

Sean Hannity
-----------------------------

The Ed Schultz Show
-----------------------------

The Atlantic
-----------------------------
$VAR1 = {
          'link' => 'http://theatln.tc/2gTdEoi',
          'caption' => 'theatlantic.com',
          'created_time' => '2016-12-16T16:41:54+0000',
          'name' => 'Will Obama Retaliate Against Russia Before He Leaves Office?',
          'id' => '29259828486_10154914944818487',
          'message' => "The reality is that Obama has precious little time left to choose for a response to Vladimir Putin, and his decision to further escalate tensions in the weeks before he leaves office threatens to unravel the surprisingly cordial and cooperative relationship he\x{2019}s forged with his successor, President-elect Donald Trump."
        };

Domain: theatlantic.com

Bloomberg
-----------------------------
$VAR1 = {
          'link' => 'http://bloom.bg/2gTf42l',
          'caption' => 'bloomberg.com',
          'created_time' => '2016-12-16T16:42:41+0000',
          'name' => 'Deutsche Bank Admits Misleading Clients in Dark Pool Trades',
          'id' => '266790296879_10154838138476880',
          'message' => 'The bank will pay $37 million to resolve the issue.'
        };

Domain: bloomberg.com
Response:
{"id":"1622501708043673_1633347976959046"}

BuzzFeed
-----------------------------

Fox News
-----------------------------
$VAR1 = {
          'link' => 'https://www.facebook.com/FoxNews/photos/a.184044921335.134777.15704546335/10154901171736336/?type=3',
          'created_time' => '2016-12-16T16:38:14+0000',
          'name' => 'Timeline Photos',
          'id' => '15704546335_10154901171736336',
          'message' => "President Obama says the U.S. will \x{201c}take action\x{201d} against Russia for alleged cyberattacks on Democratic officials, which critics say led President-elect Donald J. Trump to win the election.  http://fxn.ws/2h8IVS1"
        };

VICE
-----------------------------
$VAR1 = {
          'link' => 'https://noisey.vice.com/en_us/article/113-objectively-good-things-that-happened-in-2016?utm_source=vicefbus',
          'caption' => 'noisey.vice.com',
          'created_time' => '2016-12-16T16:40:02+0000',
          'name' => '113 Objectively Good Things That Happened in 2016',
          'id' => '167115176655082_1491172077582712',
          'message' => 'This year sucked a lot. A whole lot. But it wasn\'t completely bad.'
        };

Domain: vice.com

Glenn Beck
-----------------------------

The Other 98%
-----------------------------


Total Posts Made:	17


