***********************************************************************************
Started at 00:45:01 on 11/14/2016
***********************************************************************************
Querying souces from the past 15 minutes....

Al Jazeera
-----------------------------

Upworthy
-----------------------------

The Huffington Post
-----------------------------

HuffPost Women
-----------------------------
$VAR1 = {
          'link' => 'http://huff.to/2hqvvEe',
          'caption' => 'huffingtonpost.com',
          'created_time' => '2016-12-14T05:30:15+0000',
          'name' => 'Aly Raisman And Colton Underwood Are Dating Because Some Things Are Good',
          'id' => '153213781413350_1236854676382583',
          'message' => 'We needed this.'
        };

Domain: huffingtonpost.com
Response:
{"id":"1622501708043673_1632358520391325"}

PBS News Hour
-----------------------------

ATTN:
-----------------------------

Reuters
-----------------------------

NowThis
-----------------------------
$VAR1 = {
          'link' => 'https://www.facebook.com/NowThisNews/videos/1264191477004307/',
          'created_time' => '2016-12-14T05:45:00+0000',
          'name' => 'Venezuela Bans Portion Of Their Currency',
          'id' => '341163402640457_1264191477004307',
          'message' => 'Six million bills were taken out of circulation in Venezuela with hardly any notice from the government'
        };

Daily Caller
-----------------------------
$VAR1 = {
          'link' => 'http://trib.al/IZN3c5o',
          'caption' => 'dailycaller.com',
          'created_time' => '2016-12-14T05:37:34+0000',
          'name' => 'Lawmakers Demand Obama Disclose What He Spent On Global Warming Programs',
          'id' => '182919686769_10154045469276770',
          'message' => 'What is Obama hiding?'
        };

Domain: dailycaller.com

CNBC
-----------------------------

The Onion
-----------------------------

Opposing Views
-----------------------------

the Today Show
-----------------------------

Kotaku
-----------------------------

Washington Post
-----------------------------

the American Center for Law and Justice
-----------------------------

VICE News
-----------------------------
$VAR1 = {
          'link' => 'https://sports.vice.com/en_us/article/small-businesses-and-the-honesty-of-linda-mcmahon?utm_source=vicenewsfb',
          'caption' => 'sports.vice.com',
          'created_time' => '2016-12-14T05:40:22+0000',
          'name' => 'Small Businesses and the Honesty of Linda McMahon',
          'id' => '235852889908002_705478556278764',
          'message' => 'Before heading the Small Business Administration, Linda McMahon made her fortune putting other small businesses out of business.'
        };

Domain: vice.com

PBS
-----------------------------

Mother Jones
-----------------------------

HuffPost Good News
-----------------------------

BBC News
-----------------------------

Breaking News
-----------------------------

The Verge
-----------------------------

New York Magazine
-----------------------------
$VAR1 = {
          'link' => 'http://nym.ag/2hLSZA3',
          'caption' => 'nymag.com',
          'created_time' => '2016-12-14T05:37:31+0000',
          'name' => "After Long Delay, Apple\x{2019}s AirPods Now Available for Preorder",
          'id' => '14516439825_10154850882184826',
          'message' => 'So, why the hold up?'
        };

Domain: nymag.com

TIME
-----------------------------
$VAR1 = {
          'link' => 'http://ti.me/2hLNlOl',
          'caption' => 'time.com',
          'created_time' => '2016-12-14T05:30:24+0000',
          'name' => '\'Growing Pains\' Star Alan Thicke Dies At Age 69',
          'id' => '10606591490_10154258848311491',
          'message' => "Thicke played the patriarch of one of American television\x{2019}s most memorable families."
        };

Domain: time.com

the Business Insider
-----------------------------
$VAR1 = {
          'link' => 'http://read.bi/2gHUkdB',
          'caption' => 'businessinsider.com',
          'created_time' => '2016-12-14T05:40:01+0000',
          'name' => '5 things to consider before giving your adult children money',
          'id' => '20446254070_10154186403764071',
          'message' => 'Set boundaries.'
        };

Domain: businessinsider.com

ThinkProgress
-----------------------------

POLITICO
-----------------------------

USA TODAY
-----------------------------

American News
-----------------------------

ABC News
-----------------------------
$VAR1 = {
          'link' => 'https://www.facebook.com/ABCNews/videos/10155137498288812/',
          'created_time' => '2016-12-14T05:33:40+0000',
          'name' => 'Georgia Deputies Rescue Kids Who Flipped ATV',
          'id' => '86680728811_10155137498288812',
          'message' => 'Georgia sheriff\'s deputy honored for his quick actions after using a strap attached to his patrol car to rescue boy pinned beneath overturned ATV. http://abcn.ws/2hLA1JV'
        };

HuffPost Politics
-----------------------------

NBC News
-----------------------------

AJ+
-----------------------------

Wikileaks
-----------------------------

CNNMoney
-----------------------------

ABC News Politics
-----------------------------
$VAR1 = {
          'link' => 'http://abcn.ws/2hj1O7F',
          'caption' => 'abcnews.go.com',
          'created_time' => '2016-12-14T05:33:30+0000',
          'name' => 'Arctic\'s Year of Crazy Extremes as Warming Hits Overdrive',
          'id' => '184096565021911_1124422654322626',
          'message' => 'Warming at the top of the world has gone into overdrive, happening twice as fast as the rest of the globe, and extending unnatural heating into fall and winter, according to a new federal report.'
        };

Domain: go.com
Response:
{"id":"1622501708043673_1632358560391321"}

Right Wing News
-----------------------------

The Wall Street Journal
-----------------------------

MSNBC
-----------------------------

the Drudge Report
-----------------------------

Mic
-----------------------------

The Economist
-----------------------------
$VAR1 = {
          'link' => 'http://econ.st/2heTeVu',
          'caption' => 'economist.com',
          'created_time' => '2016-12-14T05:31:20+0000',
          'name' => 'Where immigrants go to school is more important than where they came from',
          'id' => '6013004059_10154880656694060',
          'message' => 'In France, just 40% of second-generation immigrants say they feel as if they belong in school'
        };

Domain: economist.com
Response:
{"id":"1622501708043673_1632358613724649"}

Bloomberg Politics
-----------------------------

CBS News
-----------------------------
$VAR1 = {
          'link' => 'http://cbsn.ws/2hjOFLu',
          'caption' => 'www.cbsnews.com',
          'created_time' => '2016-12-14T05:35:03+0000',
          'name' => 'Four Marines charged in boot camp abuse scandal -- and more cases are expected',
          'id' => '131459315949_10154168967390950',
          'message' => 'The most serious case involves a Muslim recruit who allegedly jumped to his death after being slapped and choked.'
        };

Domain: cbsnews.com
Response:
{"id":"1622501708043673_1632358653724645"}

The Young Turks
-----------------------------

Occupy Democrats
-----------------------------

CBC News
-----------------------------

Newsweek
-----------------------------

CNN International
-----------------------------
$VAR1 = {
          'link' => 'http://cnn.it/2gAUqFj',
          'caption' => 'www.cnn.com',
          'created_time' => '2016-12-14T05:31:01+0000',
          'name' => 'Secret Santa pays off $46K in layaway at PA Walmart',
          'id' => '18793419640_10154789166554641',
          'message' => 'Secret elf "Santa B" made the anonymous phone call, and another person was sent to drop off the check.'
        };

Domain: cnn.com
Response:
{"id":"1622501708043673_1632358703724640"}

The New Yorker
-----------------------------

Rush Limbaugh
-----------------------------

The Independent
-----------------------------

TheBlaze
-----------------------------

NPR Politics
-----------------------------

The New York Times
-----------------------------

NPR
-----------------------------

MSN
-----------------------------

CNN Politics
-----------------------------

The Daily Show
-----------------------------

Daily Kos
-----------------------------

Yahoo News
-----------------------------
$VAR1 = {
          'link' => 'https://www.yahoo.com/beauty/african-model-created-famous-campaigns-172938595.html',
          'created_time' => '2016-12-14T05:40:00+0000',
          'name' => 'Yahoo Style + Beauty',
          'id' => '338028696036_10154980606006037',
          'message' => 'She\'s been rejected because of her skin color countless times.'
        };

The Guardian
-----------------------------

CNN
-----------------------------
$VAR1 = {
          'link' => 'http://cnn.it/2gAL8JJ',
          'caption' => 'www.cnn.com',
          'created_time' => '2016-12-14T05:31:01+0000',
          'name' => 'Secret Santa pays off $46K in layaway at PA Walmart',
          'id' => '5550296508_10155751869181509',
          'message' => 'Secret elf "Santa B" made the anonymous phone call, and another person was sent to drop off the check.'
        };

Domain: cnn.com
Response:
{"id":"1622501708043673_1632358800391297"}

Slate.com
-----------------------------

the AP
-----------------------------
$VAR1 = {
          'link' => 'https://apnews.com/d91c4779c9424bdf9121b515f8a34f58',
          'caption' => 'apnews.com',
          'created_time' => '2016-12-14T05:35:55+0000',
          'name' => 'Terror mystery: How US man went from suburban bliss to jihad',
          'id' => '249655421622_10154144722551623',
          'message' => '"I had been close to this guy for the past 10 years, and I honestly wouldn\'t have suspected him of joining this deplorable group."'
        };

Domain: apnews.com

Sean Hannity
-----------------------------

The Ed Schultz Show
-----------------------------

The Atlantic
-----------------------------
$VAR1 = {
          'link' => 'http://theatln.tc/2hucm1C',
          'caption' => 'theatlantic.com',
          'created_time' => '2016-12-14T05:37:21+0000',
          'name' => 'Why Are Millennials So Obsessed With Food?',
          'id' => '29259828486_10154905762388487',
          'message' => "\"There\x{2019}s a commodity fetishism around organic kale at this point because we\x{2019}re using it as an identifier. We\x{2019}re using it as a signal of education, of knowledge, of income.\" (from 2015)"
        };

Domain: theatlantic.com

Bloomberg
-----------------------------

BuzzFeed
-----------------------------

Fox News
-----------------------------

VICE
-----------------------------
$VAR1 = {
          'link' => 'https://noisey.vice.com/en_us/article/las-chiptune-scene-is-more-than-just-nerds-with-game-boys?utm_source=vicefbus',
          'caption' => 'noisey.vice.com',
          'created_time' => '2016-12-14T05:40:01+0000',
          'name' => 'LA\'s Chiptune Scene Is More Than Just Nerds with Game Boys',
          'id' => '167115176655082_1487221921311061',
          'message' => 'Today\'s LA Chiptune artists  are punk as fuck, and use the music as an expression of their weirdness and anxiety.'
        };

Domain: vice.com

Glenn Beck
-----------------------------

The Other 98%
-----------------------------


Total Posts Made:	6


