***********************************************************************************
Started at 22:15:02 on 00/17/2017
***********************************************************************************
Querying souces from the past 15 minutes....

Al Jazeera
-----------------------------

Upworthy
-----------------------------

The Huffington Post
-----------------------------
$VAR1 = {
          'link' => 'http://huff.to/2jIcHyI',
          'caption' => 'huffingtonpost.com',
          'created_time' => '2017-01-18T03:00:40+0000',
          'name' => 'Chelsea Handler On Why She\'s Leading The Women\'s March At Sundance',
          'id' => '18468761129_10154618554636130',
          'message' => "\"By exercising our constitutional rights, we will fight for the future of an America that treats women and men with real respect and respects the privacy of a woman\x{2019}s body.\x{201d} -- Chelsea Handler"
        };

Domain: huffingtonpost.com
Response:
{"error":{"message":"It looks like you were misusing this feature by going too fast. You\u2019ve been blocked from using it.\n\nLearn more about blocks in the Help Center.","type":"OAuthException","code":368,"error_subcode":1390008,"error_user_msg":"","fbtrace_id":"CK\/taXvyyAM"}}

Facebook ran into an error and the post was not published. Zach Muckerberg please fix. Try again in a few hours.

