***********************************************************************************
Started at 14:00:02 on 00/31/2017
***********************************************************************************
Querying souces from the past 15 minutes....

Al Jazeera
-----------------------------

Upworthy
-----------------------------

The Huffington Post
-----------------------------

HuffPost Women
-----------------------------

PBS News Hour
-----------------------------
$VAR1 = {
          'link' => 'http://www.pbs.org/newshour/updates/meet-three-judges-trumps-supreme-court-shortlist/',
          'caption' => 'pbs.org',
          'created_time' => '2017-01-31T19:00:01+0000',
          'name' => 'Meet the three judges on Trump\'s Supreme Court shortlist',
          'id' => '6491828674_10155038478283675',
          'message' => 'Learn more about Thomas Hardiman, Neil Gorsuch and William Pryor, the three leading contenders for President Donald Trump\'s shortlist for the Supreme Court.'
        };

Domain: pbs.org
Response:
{"error":{"message":"It looks like you were misusing this feature by going too fast. You\u2019ve been blocked from using it.\n\nLearn more about blocks in the Help Center.","type":"OAuthException","code":368,"error_subcode":1390008,"error_user_msg":"","fbtrace_id":"Hx20Cuo05SL"}}

Facebook ran into an error and the post was not published. Zach Muckerberg please fix. Try again in a few hours.

