***********************************************************************************
Started at 03:45:01 on 00/14/2017
***********************************************************************************
Querying souces from the past 15 minutes....

Al Jazeera
-----------------------------

Upworthy
-----------------------------

The Huffington Post
-----------------------------

HuffPost Women
-----------------------------

PBS News Hour
-----------------------------

ATTN:
-----------------------------

Reuters
-----------------------------

NowThis
-----------------------------
$VAR1 = {
          'link' => 'https://www.facebook.com/NowThisNews/videos/1025482080919800/',
          'created_time' => '2017-01-14T08:45:00+0000',
          'name' => 'Cat Loves Being Tickled',
          'id' => '341163402640457_1025482080919800',
          'message' => "This cat has the most bizarre reaction to being tickled \x{2013} watch with sound \x{1f50a} (via The Dodo)"
        };

Daily Caller
-----------------------------

CNBC
-----------------------------

The Onion
-----------------------------

Opposing Views
-----------------------------

the Today Show
-----------------------------

Kotaku
-----------------------------

Washington Post
-----------------------------

the American Center for Law and Justice
-----------------------------

VICE News
-----------------------------

PBS
-----------------------------
$VAR1 = {
          'link' => 'http://www.pbs.org/newshour/rundown/bush-sisters-pen-letter-obama-girls-white-house-exit/',
          'caption' => 'www.pbs.org',
          'created_time' => '2017-01-14T08:32:44+0000',
          'name' => 'Bush sisters pen letter to Obama girls before White House exit',
          'id' => '19013582168_10154348870022169',
          'message' => 'Bush sisters pen letter to Obama girls before White House exit (From PBS NewsHour)'
        };

Domain: pbs.org
Response:
{"id":"1622501708043673_1643562282604282"}

Mother Jones
-----------------------------

HuffPost Good News
-----------------------------

BBC News
-----------------------------
$VAR1 = {
          'link' => 'http://bbc.in/2ind849',
          'caption' => 'bbc.co.uk',
          'created_time' => '2017-01-14T08:32:26+0000',
          'name' => 'PM tells GPs open every day or lose funding',
          'id' => '228735667216_10154304207687217',
          'message' => 'Theresa May calls for GP surgeries to open longer to relieve pressure on overstretched hospitals and A&E departments.'
        };

Domain: bbc.co.uk
Response:
{"id":"1622501708043673_1643562585937585"}

Breaking News
-----------------------------

The Verge
-----------------------------

New York Magazine
-----------------------------
$VAR1 = {
          'link' => 'http://nym.ag/2itPKRe',
          'caption' => 'nymag.com',
          'created_time' => '2017-01-14T08:43:20+0000',
          'name' => 'Why Scandinavians Care More Than Americans About Inequality',
          'id' => '14516439825_10154957612499826',
          'message' => 'Why are Americans so comparatively chill about inequality?'
        };

Domain: nymag.com

TIME
-----------------------------

the Business Insider
-----------------------------
$VAR1 = {
          'link' => 'http://read.bi/2jFhuA0',
          'caption' => 'businessinsider.com',
          'created_time' => '2017-01-14T08:40:05+0000',
          'name' => 'Jose Mourinho answered a reporter\'s cellphone when it started ringing during his press conference',
          'id' => '20446254070_10154287004084071',
          'message' => 'This is too funny.'
        };

Domain: businessinsider.com

ThinkProgress
-----------------------------

POLITICO
-----------------------------

USA TODAY
-----------------------------

American News
-----------------------------

ABC News
-----------------------------
$VAR1 = {
          'link' => 'http://abcn.ws/2j7Mqdi',
          'caption' => 'abcnews.go.com',
          'created_time' => '2017-01-14T08:35:20+0000',
          'name' => 'UN: Freezing Temps in Europe Creating \'Dire\' Situation for Refugees',
          'id' => '86680728811_10155258875998812',
          'message' => 'Freezing temperatures across Eastern Europe are imperiling the lives of thousands of refugees, many of whom are sheltered in makeshift tents with no heat, the United Nations says.'
        };

Domain: go.com
Response:
{"id":"1622501708043673_1643562639270913"}

HuffPost Politics
-----------------------------

NBC News
-----------------------------
$VAR1 = {
          'link' => 'http://nbcnews.to/2jH39qC',
          'caption' => 'nbcnews.com',
          'created_time' => '2017-01-14T08:44:04+0000',
          'name' => 'Inspiring America: Real-life "Doc McStuffins" puts children at ease before surgery',
          'id' => '155869377766434_1664748526878504',
          'message' => 'How to calm a scared patient in a children\'s ward? One surgeon has a genius answer.

Via NBC Nightly News with Lester Holt'
        };

Domain: nbcnews.com
Response:
{"id":"1622501708043673_1643562702604240"}

AJ+
-----------------------------

Wikileaks
-----------------------------

CNNMoney
-----------------------------
$VAR1 = {
          'link' => 'http://cnnmon.ie/2iz9ujS',
          'caption' => 'money.cnn.com',
          'created_time' => '2017-01-14T08:31:03+0000',
          'name' => 'Wall Street hates the Volcker Rule. Will Trump finally kill it?',
          'id' => '6651543066_10154280192208067',
          'message' => 'Big banks shouldn\'t act like hedge funds by making dangerous bets that can ruin the economy. That\'s the principle behind the Volcker Rule. http://cnnmon.ie/2iz9ujS'
        };

Domain: cnn.com
Response:
{"id":"1622501708043673_1643562775937566"}

ABC News Politics
-----------------------------

Right Wing News
-----------------------------

The Wall Street Journal
-----------------------------

MSNBC
-----------------------------

the Drudge Report
-----------------------------

Mic
-----------------------------

The Economist
-----------------------------

Bloomberg Politics
-----------------------------

CBS News
-----------------------------

The Young Turks
-----------------------------

Occupy Democrats
-----------------------------

CBC News
-----------------------------

Newsweek
-----------------------------

CNN International
-----------------------------

The New Yorker
-----------------------------

Rush Limbaugh
-----------------------------

The Independent
-----------------------------
$VAR1 = {
          'link' => 'http://www.independent.co.uk/life-style/health-and-families/tom-daley-olympic-diver-rio-healthy-living-diet-mistakes-body-image-pressures-health-a7522246.html?cmpid=facebook-post',
          'caption' => 'independent.co.uk',
          'created_time' => '2017-01-14T08:41:01+0000',
          'name' => 'Tom Daley on the worst mistake to make when dieting',
          'id' => '13312631635_10154383687891636',
          'message' => "'If I\x{2019}m not diving or sleeping, I\x{2019}m usually eating'"
        };

Domain: independent.co.uk

TheBlaze
-----------------------------

NPR Politics
-----------------------------

The New York Times
-----------------------------

NPR
-----------------------------

MSN
-----------------------------

CNN Politics
-----------------------------
$VAR1 = {
          'link' => 'http://cnn.it/2jMDfC0',
          'caption' => 'www.cnn.com',
          'created_time' => '2017-01-14T08:31:00+0000',
          'name' => 'A push in Congress for Ivanka Trump\'s child care plan',
          'id' => '219367258105115_1459112207463941',
          'message' => 'The Trump proposal, which includes a childcare tax credit and six weeks of maternity leave protection, carries a hefty $300 billion price tag.'
        };

Domain: cnn.com
Response:
{"id":"1622501708043673_1643562852604225"}

The Daily Show
-----------------------------

Daily Kos
-----------------------------

Yahoo News
-----------------------------
$VAR1 = {
          'link' => 'https://www.facebook.com/yahoonews/videos/1434671519905736/',
          'created_time' => '2017-01-14T08:40:00+0000',
          'name' => 'Wendy Williams slams Khloe Kardashians new show "Revenge Body"',
          'id' => '338028696036_1434671519905736',
          'message' => "The Wendy Williams Show doesn't believe Khlo\x{e9} Kardashian's fitness transformation was entirely due to fitness..."
        };

The Guardian
-----------------------------

CNN
-----------------------------

Slate.com
-----------------------------

the AP
-----------------------------

Sean Hannity
-----------------------------

The Ed Schultz Show
-----------------------------

The Atlantic
-----------------------------

Bloomberg
-----------------------------

BuzzFeed
-----------------------------

Fox News
-----------------------------

VICE
-----------------------------

Glenn Beck
-----------------------------

The Other 98%
-----------------------------


Total Posts Made:	6


