***********************************************************************************
Started at 05:15:01 on 11/14/2016
***********************************************************************************
Querying souces from the past 15 minutes....

Al Jazeera
-----------------------------

Upworthy
-----------------------------

The Huffington Post
-----------------------------

HuffPost Women
-----------------------------
$VAR1 = {
          'link' => 'http://huff.to/2hKZF1t',
          'caption' => 'huffingtonpost.com',
          'created_time' => '2016-12-14T10:00:51+0000',
          'name' => 'Comfortable Pumps That Won\'t Make You Want To Rip Your Feet Off',
          'id' => '153213781413350_1237056203029097',
          'message' => 'Just in time for your holiday parties!'
        };

Domain: huffingtonpost.com
Response:
{"id":"1622501708043673_1632419387051905"}

PBS News Hour
-----------------------------

ATTN:
-----------------------------

Reuters
-----------------------------
$VAR1 = {
          'link' => 'http://reut.rs/2gKiwfy',
          'caption' => 'www.reuters.com',
          'created_time' => '2016-12-14T10:05:11+0000',
          'name' => 'Fed set to hike rates, policy outlook now hinges on Trump presidency',
          'id' => '114050161948682_1322022674484752',
          'message' => 'The Federal Reserve will conclude its two-day policy meeting on Wednesday afternoon with an interest rate increase all but assured and will issue new forecasts assessing whether the economic outlook has changed since the U.S. election.'
        };

Domain: reuters.com

NowThis
-----------------------------

Daily Caller
-----------------------------

CNBC
-----------------------------

The Onion
-----------------------------

Opposing Views
-----------------------------

the Today Show
-----------------------------

Kotaku
-----------------------------

Washington Post
-----------------------------

the American Center for Law and Justice
-----------------------------

VICE News
-----------------------------

PBS
-----------------------------

Mother Jones
-----------------------------

HuffPost Good News
-----------------------------

BBC News
-----------------------------
$VAR1 = {
          'link' => 'https://www.facebook.com/bbcnews/videos/10154207410997217/',
          'created_time' => '2016-12-14T10:11:33+0000',
          'id' => '228735667216_10154207410997217',
          'message' => 'We\'re live with actor Douglas Booth who has recently returned from Iraq with UNHCR, the UN Refugee Agency. He visited a number of young refugees fleeing Mosul and Syrian refugees escaping conflict. James Longman BBC is speaking to him about the trauma the young men have experienced. Post your questions about his visit here.'
        };

Breaking News
-----------------------------

The Verge
-----------------------------

New York Magazine
-----------------------------
$VAR1 = {
          'link' => 'http://nym.ag/2gyks7e',
          'caption' => 'nymag.com',
          'created_time' => '2016-12-14T10:10:48+0000',
          'name' => 'How to Hit a Squash Ball Harder Than Anyone Else on Earth',
          'id' => '14516439825_10154851521994826',
          'message' => 'How pro squash player Cameron Pilley hits the ball so damn hard (and how you can, too).'
        };

Domain: nymag.com

TIME
-----------------------------
$VAR1 = {
          'link' => 'http://ti.me/2gxMDn6',
          'caption' => 'motto.time.com',
          'created_time' => '2016-12-14T10:00:50+0000',
          'name' => '14 Reasons You\'re Tired All the Time',
          'id' => '10606591490_10154259576081491',
          'message' => 'Experts reveal common bad habits you should avoid.'
        };

Domain: time.com

the Business Insider
-----------------------------
$VAR1 = {
          'link' => 'http://read.bi/2gKbuoy',
          'caption' => 'businessinsider.com',
          'created_time' => '2016-12-14T10:15:01+0000',
          'name' => 'How to know if you have what it takes to be a CEO',
          'id' => '20446254070_10154187102309071',
          'message' => 'How to know if you\'re CEO material.'
        };

Domain: businessinsider.com

ThinkProgress
-----------------------------

POLITICO
-----------------------------
$VAR1 = {
          'link' => 'http://politi.co/2hvMOBh',
          'caption' => 'politi.co',
          'created_time' => '2016-12-14T10:05:57+0000',
          'name' => 'Rex Tillerson\'s 3 a.m. phone call',
          'id' => '62317591679_10154092536296680',
          'message' => "Rex Tillerson's 3 a.m. phone call is a story that helps explain why Trump picked him \x{2014} a slick, tough Texan seen by friends and foes alike as a talented practitioner of the art of the deal \x{2014} to be his top diplomat."
        };

Domain: politi.co

Alias: politico.com
Response:
{"id":"1622501708043673_1632419423718568"}

USA TODAY
-----------------------------

American News
-----------------------------

ABC News
-----------------------------

HuffPost Politics
-----------------------------
$VAR1 = {
          'link' => 'http://huff.to/2hqsrbl',
          'caption' => 'huffingtonpost.com',
          'created_time' => '2016-12-14T10:00:49+0000',
          'name' => "Carly Fiorina Overlooking Trump\x{2019}s Sexism Is Pretty Normal, Actually",
          'id' => '56845382910_10154605038587911',
          'message' => "It\x{2019}s how women have gotten along at work for forever."
        };

Domain: huffingtonpost.com
Response:
{"id":"1622501708043673_1632419580385219"}

NBC News
-----------------------------

AJ+
-----------------------------

Wikileaks
-----------------------------

CNNMoney
-----------------------------
$VAR1 = {
          'link' => 'http://cnnmon.ie/2gZm0si',
          'caption' => 'money.cnn.com',
          'created_time' => '2016-12-14T10:03:01+0000',
          'name' => 'Casinos: Japan opens door to potential $30 billion industry',
          'id' => '6651543066_10154187731263067',
          'message' => '"The world\'s leading operators regard Japan as a holy grail given the potential market size." http://cnnmon.ie/2gZm0si'
        };

Domain: cnn.com
Response:
{"id":"1622501708043673_1632419673718543"}

ABC News Politics
-----------------------------

Right Wing News
-----------------------------

The Wall Street Journal
-----------------------------
$VAR1 = {
          'link' => 'http://on.wsj.com/2gzegMy',
          'caption' => 'wsj.com',
          'created_time' => '2016-12-14T10:00:23+0000',
          'name' => 'Turkish Opposition Finds Base in Germany',
          'id' => '8304333127_10155107445578128',
          'message' => "Turkey\x{2019}s opposition, threatened at home, finds they are welcome in Germany."
        };

Domain: wsj.com
Response:
{"id":"1622501708043673_1632419777051866"}

MSNBC
-----------------------------

the Drudge Report
-----------------------------

Mic
-----------------------------

The Economist
-----------------------------

Bloomberg Politics
-----------------------------

CBS News
-----------------------------

The Young Turks
-----------------------------

Occupy Democrats
-----------------------------

CBC News
-----------------------------

Newsweek
-----------------------------

CNN International
-----------------------------

The New Yorker
-----------------------------
$VAR1 = {
          'link' => 'http://nyer.cm/JXaY9GH',
          'caption' => 'newyorker.com',
          'created_time' => '2016-12-14T10:00:47+0000',
          'name' => 'The Secret Life of Time',
          'id' => '9258148868_10154281722843869',
          'message' => 'Is time finite or infinite? Does it flow like a river, or is it granular, like sand trickling through an hourglass?'
        };

Domain: newyorker.com
Response:
{"id":"1622501708043673_1632419833718527"}

Rush Limbaugh
-----------------------------

The Independent
-----------------------------
$VAR1 = {
          'link' => 'https://www.indy100.com/article/alcoholism-signs-symptoms-common-questions-test-quiz-7473411',
          'caption' => 'indy100.com',
          'created_time' => '2016-12-14T10:14:32+0000',
          'name' => 'If you answer \'yes\' to these four questions you might be an alcoholic',
          'id' => '13312631635_10154287236816636',
          'message' => 'Have a think'
        };

Domain: indy100.com

TheBlaze
-----------------------------

NPR Politics
-----------------------------

The New York Times
-----------------------------

NPR
-----------------------------
$VAR1 = {
          'link' => 'http://www.npr.org/sections/thetwo-way/2016/12/13/505424928/beautiful-huntresses-scientists-explain-why-mantises-evolved-to-resemble-orchids?utm_source=facebook.com&utm_medium=social&utm_campaign=npr&utm_term=nprnews&utm_content=2041',
          'caption' => 'npr.org',
          'created_time' => '2016-12-14T10:15:00+0000',
          'name' => 'Beautiful Huntresses: Scientists Explain Why Mantises Evolved To Resemble Orchids',
          'id' => '10643211755_10155073735036756',
          'message' => 'This beauty is about luring prey, not males.'
        };

Domain: npr.org
Response:
{"id":"1622501708043673_1632419900385187"}

MSN
-----------------------------

CNN Politics
-----------------------------

The Daily Show
-----------------------------

Daily Kos
-----------------------------

Yahoo News
-----------------------------
$VAR1 = {
          'link' => 'https://yhoo.it/2hwfb5l',
          'caption' => 'yahoo.com',
          'created_time' => '2016-12-14T10:00:29+0000',
          'name' => 'Khizr Khan seeks to motivate young Muslims in era of Trump',
          'id' => '338028696036_10154986037646037',
          'message' => "\x{201c}Never feel afraid, never feel disheartened.\""
        };

Domain: yahoo.com
Response:
{"id":"1622501708043673_1632419933718517"}

The Guardian
-----------------------------

CNN
-----------------------------

Slate.com
-----------------------------
$VAR1 = {
          'link' => 'http://slate.me/2hK7kNx',
          'caption' => 'slate.com',
          'created_time' => '2016-12-14T10:00:31+0000',
          'name' => 'How Does a Nuclear Nonproliferation Expert Work?',
          'id' => '21516776437_10154651279716438',
          'message' => "\x{201c}You\x{2019}re always trying to predict the future twice.\x{201d}"
        };

Domain: slate.com
Response:
{"id":"1622501708043673_1632419987051845"}

the AP
-----------------------------

Sean Hannity
-----------------------------

The Ed Schultz Show
-----------------------------

The Atlantic
-----------------------------

Bloomberg
-----------------------------

BuzzFeed
-----------------------------

Fox News
-----------------------------

VICE
-----------------------------

Glenn Beck
-----------------------------

The Other 98%
-----------------------------


Total Posts Made:	9


