***********************************************************************************
Started at 02:15:01 on 00/27/2017
***********************************************************************************
Querying souces from the past 15 minutes....

Al Jazeera
-----------------------------

Upworthy
-----------------------------

The Huffington Post
-----------------------------
$VAR1 = {
          'link' => 'http://huff.to/2kpJjgZ',
          'caption' => 'huffingtonpost.com',
          'created_time' => '2017-01-27T07:00:30+0000',
          'name' => 'Mandy Moore Admits She \'Fell In Love\' Filming \'A Walk To Remember\'',
          'id' => '18468761129_10154650602751130',
          'message' => 'Same, Mandy Moore.'
        };

Domain: huffingtonpost.com
Response:
{"error":{"message":"It looks like you were misusing this feature by going too fast. You\u2019ve been blocked from using it.\n\nLearn more about blocks in the Help Center.","type":"OAuthException","code":368,"error_data":{"sentry_block_data":"AehYnrrh-Qe2oHogjSbzHxnzYDrTVeA6OkAAiOJ9HJrMN0YzWAKR5GOYjbS3QABIln-W9zkSXc0YYlfPeeqUvT0RTBG2waR3mzrqKnA60NVMzcrzoPC4M9EvuYeiUf2N4GUr321zLf0FGYI8lWufNXSoIOhkD8YEBZHgla-VfA6uliHFI_1kzHBIH4irIRWEF8HoCLjepiipbNU_n_N2IESTqsZcFizArpTqMMetn7rg1-Oe2VAfRWhAWOBlAw7NwCR0kmjUIE8QOtccIx_aXEQinh-5vwyHPb4ulM4Dnp_zvWeIIBvI-nG3pl1PaHfqKrpP3GeyHNEvT0zuGTEDRuVNr_AW__7yadX4JGyy9VNBYYi0wyvnoFSdsPaIwomV2ytyzSfMAyVgPF16W4TQwTS-GlIYXin8necRnP59LlaJL79XnHThLbBepTw1otOY_ZK3TjP9DPZC_YPTKRUgmX1GylsFabHGy1Yd1ixrvpVVObg3TnwZM0KEeMAXtyPys_3apMNb5xJufjCEqsj-Ei-FaifOgjH9LZVr0Kb-aPU3KljJaajnGfhy5duHWL81VZCl1C6glStORzihlPOPBmCQqEGB4FmYFFJfnHydHT3twOkUatrjRP0yK91F-uZ4ogIeZJzvD0a6bKUZts4Zw1qvQ4159Y0e7i4osMw0cqIkJ9rZqdXv_O2p5tutPlaEabycAZ6fUsKFl2m6QPD2Bq-vhl-Io8S_kIsXk3hl3iaSUxj-HcJ4js45hSLz5TBno9ZcQLvQ8Tu7nLjeRslyMFg5swkME9MnsDIH9CXKIl72AAQJFyF9_2uL772iErB9urVEB4hr3lqfG4dMFe6gTZV9I0oMSzN8KN8xJ5t9Yu-6L1aNv6ShCRP-Wgl7THThKpkP2x4UgdzPvx4ABFAh_SAhxYp40Z0vaZ76fJ7kgH_Ip4MNRkhR7Q8quj9xdFwg5dZr_jO6HGH3EOdKkFE1qBGnSfjTwBxIdeL1kc35AY2tsqp_l8wXqfR_g2v3c80pDDSxpR3bGBka8vkikp248LywHeOgRcNRDt3MiUdqb-KrEHYNHDr-rRc75cNOF8eKEXJnyteqeEAe46a8xFmYlhpNx7HiKTr2sFJx-PFBBi5UvUI5o7_K-YI_sCI6VqFChP_Kpj2_QiI-_v3KQAHWAJzFR797cHq4xzHtQlKHeqcYlRDN6F-asjsvO_JFWm_uojSck4mYnbytDyzrwFezZC5mBYMYzrRUa3COKpU2A8mIPqc8KGq4kbuqWJw5JUqf-xdXKMtMrJiAvJNbwFlHrUmiPgF3oNJZ6NqnC6IbVeBwmQ8m10ik8vk6PkHHTJmaLb-RR-BurdWugfyHMZ5oWkoJsT65tcxcLGx2H5sRbm75KbVJgWyhdwHSIyCycAI6Z6LtMtJ2KxDyV04MX-iaWIDBIodhfTSR8_U3gn19BkPeLDDdhnjoutL6BuapVLtGaETERUKAsrYxvTZ5UgKo9Dobo4aUwess1dgXI8R6GsOejgyKZ2in1BQ-Kw7za0Y0lDuYkzEZKFNlkpQtJKSF1kRaTF-xUBPVkzg_62NDtCR-JT3FOk3P860hBWu0Tf4wV19oxfADJKwNyGsYRXk7AI7-166obPfH8UO_UMeBEtzJoXPaNSeyeaqOk2038leaD8eJssr5t57M5PBEX7rCEVYjlDFm48s9vDe03W4Q8GmX38GZ4Azzs-zpVgZ1uM75W_ScwzySaKBf7L5UiGAyQMa4CiM08CpMkQoNKDj6XeQ0D0_rDQ8OtHZ-5AVGbdCe6a2kvKHAwcZWk4AR4BYNbisskKs3mcen98S-58OciqumcqXp843LXd0Kt2H0f3Pw3x6clM6UW_pDAdkCmv51VdJ9JjNttmJQbXEthbUOeeBSqAgyxyheU_t8FtrS_CBXuAG1yyvK50AwIqi8BO5KPjdBrQcULg9JL2xPu-USl8iqgBITNLeMda3E8telaazz4KCWQLDEIK1N6aU54j7mOYQUTEygVjS5nOtbsioUrG1w-8nRYlDok3q5IiVmnxsjkteY3H5yRn2TBFGmARxSjpEU1vqGlgnVRdlHNHX2gwSCMjJdG-aU1HxOy3CBzz-a7wF0Q2Xl5dUaFE9p3d_5OS9sY94UMbJyiuYd1LWAWvq2tXZC4Egta9HVrZBGbWyxdSdsZWx0wscVEsn8QdXzMnPnxoUqtuYFw8KhGuNPgM-1eDgGDuuLG6ahjYMfN1o8tLjje1fcUDhtg_PTOnZSdXgK7T-L_vePZmLLiLsJMru8lZNTIhjua9kIkbv5HeXwervlGxxLmg5Fbf5LP4--cPUe_081BS0BboQABup70gZNi3049ui4U55_Nx84hiGw-gK2nznuEjeFkxyCj3RJG3bx81RXJnc6qqmNmgA8lYJKcy8DXMGWEi2Uu4ySyTY_IC85cucRrVk8KihF1IXOP6c_x1EzqR1_2b2_8VI-2kx8wm0cV7mdnc--QS_ss2NoumxVYVSduLa1hxyACm9pxO-eIQFGibBVskVI2l0GeFLSLLXcKY5z5UtKQV0jpPTFJWq-1zGWs3kf16NDxJkUI4VfYKoYiYVmn_XYJMgvsTfp0yKdIkot0v4-J94MsZqxnkN9MSQ_TGVICs2taUHudhftJMDYFCbwHedfi62h-C1FDNtOwjvXftkqr1RESJTKP9NeX70E_W3r00KeSVunn_wMhv1DVALZNkQQSQs-0FHWGA"},"error_subcode":1390008,"error_user_msg":"","fbtrace_id":"D42jNpEtMH8"}}

Facebook ran into an error and the post was not published. Zach Muckerberg please fix. Try again in a few hours.

