***********************************************************************************
Started at 15:45:01 on 11/20/2016
***********************************************************************************
Querying souces from the past 15 minutes....

Al Jazeera
-----------------------------

Upworthy
-----------------------------

The Huffington Post
-----------------------------
$VAR1 = {
          'link' => 'http://huff.to/2hRKZ4d',
          'caption' => 'huffingtonpost.com',
          'created_time' => '2016-12-20T20:30:18+0000',
          'name' => "16 Stories That Prove 2016 Wasn\x{2019}t The Absolute Worst",
          'id' => '18468761129_10154531257811130',
          'message' => 'It wasn\'t ALL bad!'
        };

Domain: huffingtonpost.com
Response:
{"id":"1622501708043673_1634934353467075"}

HuffPost Women
-----------------------------

PBS News Hour
-----------------------------

ATTN:
-----------------------------

Reuters
-----------------------------

NowThis
-----------------------------

Daily Caller
-----------------------------

CNBC
-----------------------------
$VAR1 = {
          'link' => 'http://cnb.cx/2icj0J6',
          'caption' => 'cnbc.com',
          'created_time' => '2016-12-20T20:41:59+0000',
          'name' => 'US stocks have had a nice year, but Canadian equities are on a major tear',
          'id' => '97212224368_10155015626979369',
          'message' => 'Canada just showed U.S. up.'
        };

Domain: cnbc.com

The Onion
-----------------------------

Opposing Views
-----------------------------
$VAR1 = {
          'link' => 'https://www.opposingviews.com/i/social/2-year-old-girl-left-dead-toddler-3-days-because-mom-had-something-more-important-do',
          'caption' => 'opposingviews.com',
          'created_time' => '2016-12-20T20:42:17+0000',
          'name' => '2-Year-Old Girl Left With Dead Toddler For 3 Days Because Mom Had Something More Important To Do',
          'id' => '34226391050_10154358202896051',
          'message' => 'A couple of children were left alone by their mom for 9 days with no food. The toddler starved to death. His 2-year-old sister was left alone with the body for 3 days. Mom was too busy doing something way more important that week.'
        };

Domain: opposingviews.com

the Today Show
-----------------------------

Kotaku
-----------------------------

Washington Post
-----------------------------

the American Center for Law and Justice
-----------------------------

VICE News
-----------------------------

PBS
-----------------------------

Mother Jones
-----------------------------

HuffPost Good News
-----------------------------

BBC News
-----------------------------
$VAR1 = {
          'link' => 'https://www.facebook.com/bbcnews/videos/10154227268312217/',
          'created_time' => '2016-12-20T20:31:06+0000',
          'id' => '228735667216_10154227268312217',
          'message' => 'Meet the scientists on a quest to find the Earth\'s oldest ice, deep beneath Antarctica. bbc.in/2hQUiBL'
        };

Breaking News
-----------------------------

The Verge
-----------------------------

New York Magazine
-----------------------------
$VAR1 = {
          'link' => 'http://nym.ag/2hS0Vnn',
          'caption' => 'nymag.com',
          'created_time' => '2016-12-20T20:43:57+0000',
          'name' => '23 Non-Boring Last-Minute Stocking Stuffers (That You Can Buy on Amazon)',
          'id' => '14516439825_10154874305729826',
          'message' => "These slightly off-the-beaten-path doodads and gizmos are either extremely useful or extremely delightful \x{2014} and sometimes both. (via The Strategist)"
        };

Domain: nymag.com

TIME
-----------------------------
$VAR1 = {
          'link' => 'http://ti.me/2hEpnYx',
          'caption' => 'motto.time.com',
          'created_time' => '2016-12-20T20:30:13+0000',
          'name' => 'How to Handle Holiday Parties When You Hate Going Out',
          'id' => '10606591490_10154277603046491',
          'message' => '1. Ask open-ended questions.'
        };

Domain: time.com

the Business Insider
-----------------------------
$VAR1 = {
          'link' => 'http://read.bi/2hmSaOm',
          'caption' => 'businessinsider.com',
          'created_time' => '2016-12-20T20:40:05+0000',
          'name' => 'Apple CEO Tim Cook\'s answer about the future of the Mac was missing one important word',
          'id' => '20446254070_10154206316639071',
          'message' => 'Desktops and Macs may not be synonymous anymore.'
        };

Domain: businessinsider.com
$VAR1 = {
          'link' => 'https://www.facebook.com/businessinsider/videos/10154206223704071/',
          'created_time' => '2016-12-20T20:39:41+0000',
          'id' => '20446254070_10154206223704071'
        };

ThinkProgress
-----------------------------
$VAR1 = {
          'link' => 'https://thinkprogress.org/clinton-won-popular-vote-45ca997fedb1#.sd3t7op86',
          'caption' => 'thinkprogress.org',
          'created_time' => '2016-12-20T20:45:04+0000',
          'name' => "It\x{2019}s official. Clinton won the popular vote by 2,864,974",
          'id' => '200137333331078_1472842762727189',
          'message' => '"In the alternate universe where the United States no longer uses an arcane process of choosing presidents which inflated the electoral power of slave states, President-elect Hillary Clinton has rested from her comfortable victory over Republican candidate Donald Trump."'
        };

Domain: thinkprogress.org
Response:
{"id":"1622501708043673_1634934486800395"}

POLITICO
-----------------------------

USA TODAY
-----------------------------
$VAR1 = {
          'link' => 'http://www.usatoday.com/story/news/politics/2016/12/20/suffolk-poll-americans-assess-obama-legacy/95646610/',
          'caption' => 'usatoday.com',
          'created_time' => '2016-12-20T20:40:00+0000',
          'name' => 'Split decision: Americans assess Obama\'s legacy',
          'id' => '13652355666_10154188175815667',
          'message' => 'In yet another sign of how polarized the United States remains, the signature initiative known as Obamacare drew the strongest praise from his supporters. And the sharpest rebuke from his critics.'
        };

Domain: usatoday.com
Response:
{"id":"1622501708043673_1634934543467056"}

American News
-----------------------------

ABC News
-----------------------------
$VAR1 = {
          'link' => 'http://abcn.ws/2icAh4V',
          'caption' => 'abcnews.go.com',
          'created_time' => '2016-12-20T20:44:15+0000',
          'name' => 'Four More Officials Charged in Flint Water Crisis Debacle',
          'id' => '86680728811_10155162526183812',
          'message' => 'Michigan Attorney General files felony charges against four former officials, including two emergency managers for Flint, Michigan, over their alleged roles in the water crisis in the city.'
        };

Domain: go.com
Response:
{"id":"1622501708043673_1634934620133715"}

HuffPost Politics
-----------------------------
$VAR1 = {
          'link' => 'http://huff.to/2hQuEdz',
          'caption' => 'huffingtonpost.com',
          'created_time' => '2016-12-20T20:30:25+0000',
          'name' => 'The Subpoena That Rocked The Election Is Legal Garbage, Attorney Say',
          'id' => '56845382910_10154624467362911',
          'message' => "\x{201c}The warrant application seems to reflect a belief that any email sent by Hillary Clinton from a private email server is probably evidence of a crime. If so, then it must be seen as a partisan political act, rather than a legitimate law enforcement action.\x{201d}"
        };

Domain: huffingtonpost.com
Response:
{"id":"1622501708043673_1634934723467038"}

NBC News
-----------------------------
$VAR1 = {
          'link' => 'https://www.facebook.com/NBCNews/videos/1629359000417457/',
          'created_time' => '2016-12-20T20:35:00+0000',
          'name' => 'Video captures destruction following Berlin attack',
          'id' => '155869377766434_1629359000417457',
          'message' => 'Watch video showing the destruction that followed the Berlin Christmas market attack, which left 12 dead and dozens wounded. Read more: http://nbcnews.to/2h9neoW'
        };

AJ+
-----------------------------

Wikileaks
-----------------------------

CNNMoney
-----------------------------
$VAR1 = {
          'link' => 'http://cnnmon.ie/2hk80tj',
          'caption' => 'money.cnn.com',
          'created_time' => '2016-12-20T20:45:02+0000',
          'name' => '10 cities with the shortest working hours',
          'id' => '6651543066_10154206283228067',
          'message' => '"Those who like time off should consider finding a job in Paris, where people work only around 35 hours per week ... and have 29 days of paid vacation." http://cnnmon.ie/2hk80tj'
        };

Domain: cnn.com
Response:
{"id":"1622501708043673_1634934783467032"}

ABC News Politics
-----------------------------

Right Wing News
-----------------------------

The Wall Street Journal
-----------------------------
$VAR1 = {
          'link' => 'http://on.wsj.com/2hQE5d9',
          'caption' => 'wsj.com',
          'created_time' => '2016-12-20T20:40:08+0000',
          'name' => 'Berlin Truck Attack Puts U.S. Cities on High Alert',
          'id' => '8304333127_10155143465283128',
          'message' => 'Thousands of officers were deployed to holiday markets in New York City as part of a broad response to the truck attack in Berlin.'
        };

Domain: wsj.com
Response:
{"id":"1622501708043673_1634934843467026"}

MSNBC
-----------------------------
$VAR1 = {
          'link' => 'http://on.msnbc.com/2hWUbBx',
          'caption' => 'msnbc.com',
          'created_time' => '2016-12-20T20:45:19+0000',
          'name' => 'Obama spoke to Putin over red phone about hacks: NBC News',
          'id' => '273864989376427_1401424699953778',
          'message' => 'A message was transmitted saying the U.S. would consider any interference on Election Day a "grave matter."'
        };

Domain: msnbc.com
Response:
{"id":"1622501708043673_1634934880133689"}

the Drudge Report
-----------------------------
$VAR1 = {
          'link' => 'https://www.conservativeoutfitters.com/blogs/news/poll-are-you-better-off-now-than-you-were-eight-years-ago',
          'caption' => 'conservativeoutfitters.com',
          'created_time' => '2016-12-20T20:38:27+0000',
          'name' => 'POLL: Are you better off than you were eight years ago?',
          'id' => '102533606954_10154691542781955',
          'message' => 'POLL: Are you better off than you were eight years ago?'
        };

Domain: conservativeoutfitters.com

Mic
-----------------------------

The Economist
-----------------------------
$VAR1 = {
          'link' => 'http://econ.st/2h6JK03',
          'caption' => 'economist.com',
          'created_time' => '2016-12-20T20:43:03+0000',
          'name' => "Killings at a Berlin Christmas market test Germany\x{2019}s nerve",
          'id' => '6013004059_10154908500899060',
          'message' => 'Will this be the definitive end of willkommenskultur, or "welcome culture"?'
        };

Domain: economist.com
Response:
{"id":"1622501708043673_1634934993467011"}
$VAR1 = {
          'link' => 'https://www.facebook.com/TheEconomist/videos/10154902909214060/',
          'created_time' => '2016-12-20T20:33:00+0000',
          'name' => 'Partisan division has weakened the US',
          'id' => '6013004059_10154902909214060',
          'message' => "That this has divided rather than uniting the two parties that run the world\x{2019}s great democracy should unsettle anyone"
        };

Bloomberg Politics
-----------------------------

CBS News
-----------------------------
$VAR1 = {
          'link' => 'http://cbsn.ws/2hQGt3r',
          'caption' => 'www.cbsnews.com',
          'created_time' => '2016-12-20T20:35:02+0000',
          'name' => 'Amazon and Walmart are urged to stop selling "spying" doll, "My Friend Cayla"',
          'id' => '131459315949_10154189324470950',
          'message' => "\"A stranger or potential predator within a 50-foot range can easily establish a Bluetooth connection with the doll, eavesdrop on the child, and even converse with the child through the doll.\x{201d}"
        };

Domain: cbsnews.com
Response:
{"id":"1622501708043673_1634937640133413"}

The Young Turks
-----------------------------

Occupy Democrats
-----------------------------

CBC News
-----------------------------

Newsweek
-----------------------------

CNN International
-----------------------------

The New Yorker
-----------------------------

Rush Limbaugh
-----------------------------
$VAR1 = {
          'link' => 'http://www.rushlimbaugh.com/daily/2016/12/20/michelle_obama_and_the_shtruggle',
          'caption' => 'rushlimbaugh.com',
          'created_time' => '2016-12-20T20:34:43+0000',
          'name' => 'Michelle Obama and The Shtruggle',
          'id' => '136264019722601_1567526886596300',
          'message' => 'The deck is so stacked against them that they don\'t have a chance.  And this shtruggle to overcome this great injustice is never ending.  She speaks of the shtruggle -- and you have to call it the shtruggle, not the struggle.  It\'s s-h, the shtruggle.'
        };

Domain: rushlimbaugh.com
Response:
{"id":"1622501708043673_1634937736800070"}

The Independent
-----------------------------
$VAR1 = {
          'link' => 'http://www.independent.co.uk/news/people/rachel-owen-dead-dies-thom-yorke-radiohead-partner-artist-oxford-university-lecturer-48-a7486646.html?cmpid=facebook-post',
          'caption' => 'independent.co.uk',
          'created_time' => '2016-12-20T20:41:00+0000',
          'name' => 'Rachel Owen, former partner of Thom Yorke for 23 years, dies aged 48',
          'id' => '13312631635_10154309342291636',
          'message' => 'RIP'
        };

Domain: independent.co.uk

TheBlaze
-----------------------------
$VAR1 = {
          'link' => 'http://www.theblaze.com/contributions/matt-walsh-hey-smug-millennial-liberals-here-are-some-new-years-resolutions-for-you/',
          'caption' => 'www.theblaze.com',
          'created_time' => '2016-12-20T20:40:02+0000',
          'name' => "Matt Walsh:  Hey, smug millennial liberals \x{2014} here are some New Year\x{2019}s resolutions for you",
          'id' => '140738092630206_1308849125819091',
          'message' => 'Matt Walsh has some New Year\'s resolutions for smug Millennial Liberals...http://bit.ly/2hWVZKK'
        };

Domain: theblaze.com
Response:
{"id":"1622501708043673_1634937796800064"}

NPR Politics
-----------------------------

The New York Times
-----------------------------

NPR
-----------------------------
$VAR1 = {
          'link' => 'http://www.npr.org/sections/thetwo-way/2016/12/20/506314203/2-former-flint-emergency-managers-face-felony-charges-over-water-crisis?utm_source=facebook.com&utm_medium=social&utm_campaign=npr&utm_term=nprnews&utm_content=2048',
          'caption' => 'npr.org',
          'created_time' => '2016-12-20T20:43:28+0000',
          'name' => '2 Former Flint Emergency Managers Face Felony Charges Over Water Crisis',
          'id' => '10643211755_10155098631561756',
          'message' => 'The case is rooted in the city\'s decision to switch water sources, which it justified as a cost-saving measure.'
        };

Domain: npr.org
Response:
{"id":"1622501708043673_1634937886800055"}

MSN
-----------------------------

CNN Politics
-----------------------------
$VAR1 = {
          'link' => 'http://cnn.it/2h9as9W',
          'caption' => 'www.cnn.com',
          'created_time' => '2016-12-20T20:41:01+0000',
          'name' => 'Sources: Obama shrinking Guantanamo ahead of Trump',
          'id' => '219367258105115_1404841736224322',
          'message' => 'The Gitmo downsizing move could rankle Donald J. Trump, who pledged during the campaign to keep the prison open and "load it up."'
        };

Domain: cnn.com
Response:
{"id":"1622501708043673_1634937933466717"}

The Daily Show
-----------------------------

Daily Kos
-----------------------------

Yahoo News
-----------------------------
$VAR1 = {
          'link' => 'https://yhoo.it/2hQFEb8',
          'caption' => 'yahoo.com',
          'created_time' => '2016-12-20T20:39:59+0000',
          'name' => 'Alec Baldwin gets paid just $1,400 every time he plays Trump on \'SNL\'',
          'id' => '338028696036_10155011776986037',
          'message' => 'It takes only 7 minutes to transform Baldwin into Trump.'
        };

Domain: yahoo.com
Response:
{"id":"1622501708043673_1634938040133373"}

The Guardian
-----------------------------
$VAR1 = {
          'link' => 'https://www.theguardian.com/world/2016/dec/20/berlin-christmas-market-attacker-still-on-the-loose-say-police?CMP=fb_gu',
          'caption' => 'theguardian.com',
          'created_time' => '2016-12-20T20:37:20+0000',
          'name' => 'Berlin Christmas market attacker still on the loose, say police',
          'id' => '10513336322_10154865088916323',
          'message' => 'German investigators say they arrested the wrong man over the Berlin truck attack. The suspect has been released and a hunt is now underway for the attacker.'
        };

Domain: theguardian.com
Response:
{"id":"1622501708043673_1634938113466699"}

CNN
-----------------------------

Slate.com
-----------------------------

the AP
-----------------------------

Sean Hannity
-----------------------------

The Ed Schultz Show
-----------------------------

The Atlantic
-----------------------------
$VAR1 = {
          'link' => 'http://theatln.tc/2hW34eW',
          'caption' => 'theatlantic.com',
          'created_time' => '2016-12-20T20:36:18+0000',
          'name' => 'School Discipline In a Post-Obama World',
          'id' => '29259828486_10154929506353487',
          'message' => "\x{201c}I often say I\x{2019}m the first secretary of education to get kicked out of high school, but I hope I\x{2019}m not the last.\""
        };

Domain: theatlantic.com

Bloomberg
-----------------------------
$VAR1 = {
          'link' => 'http://bloom.bg/2h7dz0v',
          'caption' => 'bloomberg.com',
          'created_time' => '2016-12-20T20:32:34+0000',
          'name' => 'The 19 Very Best Dishes of 2016',
          'id' => '266790296879_10154851602236880',
          'message' => 'Yes, there\'s a steak on the list...and it\'s monumental.'
        };

Domain: bloomberg.com
Response:
{"id":"1622501708043673_1634938190133358"}

BuzzFeed
-----------------------------

Fox News
-----------------------------
$VAR1 = {
          'link' => 'https://www.facebook.com/FoxNews/videos/10154914817196336/',
          'created_time' => '2016-12-20T20:36:26+0000',
          'id' => '15704546335_10154914817196336',
          'message' => 'ISIS has claimed responsibility for the Christmas attack in Berlin and called the attacker "a soldier of the Islamic State."  http://fxn.ws/2hlHBLF'
        };

VICE
-----------------------------
$VAR1 = {
          'link' => 'https://news.vice.com/story/russia-and-turkey-call-the-assassination-an-attempt-to-spoil-their-relationship?utm_source=vicefbus',
          'caption' => 'news.vice.com',
          'created_time' => '2016-12-20T20:45:03+0000',
          'name' => 'Russia and Turkey call the assassination an attempt to spoil their relationship',
          'id' => '167115176655082_1497145260318727',
          'message' => "\x{201c}Now, they\x{2019}ve got Turkey where they want them.\x{201d}"
        };

Domain: vice.com
$VAR1 = {
          'link' => 'https://sports.vice.com/en_us/highlight/watch-craig-sagers-heartbreaking-uplifting-final-tv-interview/?utm_source=vicefb',
          'caption' => 'sports.vice.com',
          'created_time' => '2016-12-20T20:40:02+0000',
          'name' => 'Watch Craig Sager\'s Heartbreaking, Uplifting Final TV Interview',
          'id' => '167115176655082_1497137263652860',
          'message' => 'We\'re going to miss this man and his beautiful blazers.'
        };

Domain: vice.com

Glenn Beck
-----------------------------

The Other 98%
-----------------------------
$VAR1 = {
          'link' => 'http://usuncut.com/politics/clinton-probable-cause/',
          'caption' => 'usuncut.com',
          'created_time' => '2016-12-20T20:31:53+0000',
          'name' => 'Attorney: FBI warrant confirms Comey had no probable cause to reopen Clinton investigation',
          'id' => '114517875225866_1591606694183636',
          'message' => 'Finally we get the real story.'
        };

Domain: usuncut.com


Total Posts Made:	17


