***********************************************************************************
Started at 01:15:02 on 00/09/2017
***********************************************************************************
Querying souces from the past 15 minutes....

Al Jazeera
-----------------------------

Upworthy
-----------------------------

The Huffington Post
-----------------------------
$VAR1 = {
          'link' => 'https://www.facebook.com/HuffingtonPost/videos/392007064476780/',
          'created_time' => '2017-01-09T06:15:00+0000',
          'name' => 'Best Style Golden Globes | HuffPost Originals',
          'id' => '18468761129_392007064476780',
          'message' => 'These Golden Globes red carpet looks gave us major style envy.'
        };
$VAR1 = {
          'link' => 'https://www.facebook.com/HuffingtonPost/videos/10154591440831130/',
          'created_time' => '2017-01-09T06:01:11+0000',
          'name' => 'Meryl Streep Calls Out Trump | HuffPost News',
          'id' => '18468761129_10154591440831130',
          'message' => 'Meryl Streep\'s speech at the Golden Globes called out Donald J. Trump in the most eloquent way.'
        };
$VAR1 = {
          'link' => 'http://huff.to/2i8LjLk',
          'caption' => 'huffingtonpost.com',
          'created_time' => '2017-01-09T06:00:21+0000',
          'name' => 'Taraji P. Henson: \'I Was Hurt\' After Reading \'Hidden Figures\' Script',
          'id' => '18468761129_10154591440571130',
          'message' => '"A brilliant mind does not have a color or a gender."'
        };

Domain: huffingtonpost.com
Response:
{"error":{"message":"It looks like you were misusing this feature by going too fast. You\u2019ve been blocked from using it.\n\nLearn more about blocks in the Help Center.","type":"OAuthException","code":368,"error_subcode":1390008,"error_user_msg":"","fbtrace_id":"BDWsRsTka+H"}}

Facebook ran into an error and the post was not published. Zach Muckerberg please fix. Try again in a few hours.

