***********************************************************************************
Started at 11:40:01 on 11/07/2016
***********************************************************************************
Querying souces from the past 10 minutes....

Al Jazeera
-----------------------------
$VAR1 = {
          'link' => 'http://aje.io/53u2',
          'caption' => 'aljazeera.com',
          'created_time' => '2016-12-07T16:30:56+0000',
          'name' => 'Germany: Israeli bill violates international law',
          'id' => '7382473689_10154940034013690',
          'message' => 'Germany has urged Israel in unusually strong language to scrap legislation that would legalise Israeli settlement homes built on private Palestinian land.'
        };

Domain: aljazeera.com
$VAR1 = {
          'id' => '1622501708043673_1629606490666528'
        };

Upworthy
-----------------------------

The Huffington Post
-----------------------------
$VAR1 = {
          'link' => 'http://huff.to/2gComwI',
          'caption' => 'huffingtonpost.com',
          'created_time' => '2016-12-07T16:30:07+0000',
          'name' => 'Isla Fisher Thanks Trump For Showing \'Unqualified Orange People Can Win Things\'',
          'id' => '18468761129_10154479551631130',
          'message' => "Isla Fisher didn't hold back. \x{1f602}"
        };

Domain: huffingtonpost.com
$VAR1 = {
          'id' => '1622501708043673_1629606617333182'
        };

HuffPost Women
-----------------------------

PBS News Hour
-----------------------------

ATTN:
-----------------------------

Reuters
-----------------------------
$VAR1 = {
          'link' => 'https://www.facebook.com/Reuters/videos/1313152245371795/',
          'created_time' => '2016-12-07T16:36:54+0000',
          'name' => 'Pakistani women steer through social taboos',
          'id' => '114050161948682_1313152245371795',
          'message' => 'Pakistani cab driver Aasia Abdul Aziz is one of a small number of women who have begun to work as cab drivers - a traditionally male-dominated profession in the conservative country.'
        };

NowThis
-----------------------------

Daily Caller
-----------------------------
$VAR1 = {
          'link' => 'http://trib.al/sP90J6M',
          'caption' => 'dailycaller.com',
          'created_time' => '2016-12-07T16:30:56+0000',
          'name' => "UK Fires Dozens Of Diplomatic Staff Working On \x{2018}Climate Change\x{2019}",
          'id' => '182919686769_10154018487136770',
          'message' => 'The science is settled, so the UK just fired a bunch of climate change diplomats'
        };

Domain: dailycaller.com

CNBC
-----------------------------

The Onion
-----------------------------
$VAR1 = {
          'link' => 'https://www.facebook.com/TheOnion/videos/10154903012144497/',
          'created_time' => '2016-12-07T16:39:00+0000',
          'id' => '20950654496_10154903012144497',
          'message' => 'Today\'s weather report:'
        };

Opposing Views
-----------------------------

the Today Show
-----------------------------

Kotaku
-----------------------------
$VAR1 = {
          'link' => 'http://trib.al/Zx5uQx4',
          'caption' => 'kotaku.com',
          'created_time' => '2016-12-07T16:38:21+0000',
          'name' => "What An Amazing Photo Of The N\x{fc}rburgring And...Oh",
          'id' => '273824104039_10154890933394040',
          'message' => 'Some mind-blowing art!'
        };

Domain: kotaku.com

Washington Post
-----------------------------
$VAR1 = {
          'link' => 'https://www.facebook.com/washingtonpostpolitics/videos/10154907520899729/',
          'created_time' => '2016-12-07T16:31:27+0000',
          'name' => 'Washington Post Politics',
          'id' => '6250307292_10154488345212293',
          'message' => 'Retiring U.S. Senator Barbara Mikulski delivers her farewell address after serving 30 years in the senate.'
        };

the American Center for Law and Justice
-----------------------------

VICE News
-----------------------------
$VAR1 = {
          'link' => 'https://news.vice.com/story/assad-is-going-to-take-back-aleppo-so-what-happens-next?utm_source=vicenewsfb',
          'caption' => 'news.vice.com',
          'created_time' => '2016-12-07T16:33:01+0000',
          'name' => 'Assad is going to take back Aleppo. So what happens next?',
          'id' => '235852889908002_701203110039642',
          'message' => "How Aleppo became the symbol of Syria\x{2019}s civil war."
        };

Domain: vice.com

PBS
-----------------------------

Mother Jones
-----------------------------

HuffPost Good News
-----------------------------

BBC News
-----------------------------
$VAR1 = {
          'link' => 'http://bbc.in/2gCGMOc',
          'caption' => 'bbc.co.uk',
          'created_time' => '2016-12-07T16:31:07+0000',
          'name' => 'Social media reaction to "person of the year"',
          'id' => '228735667216_10154175879862217',
          'message' => 'TIME\'s pick of Donald J. Trump as "person of the year" has divided opinion.'
        };

Domain: bbc.co.uk
$VAR1 = {
          'id' => '1622501708043673_1629606793999831'
        };

Breaking News
-----------------------------

The Verge
-----------------------------
$VAR1 = {
          'link' => 'http://www.theverge.com/2016/12/7/13867754/nintendo-switch-virtual-console-gamecube-emulator-store-smash-bros-melee',
          'caption' => 'theverge.com',
          'created_time' => '2016-12-07T16:31:22+0000',
          'name' => "You may be able to play GameCube games on the Nintendo Switch\x{2019}s Virtual Console",
          'id' => '193742123995472_1274494339253573',
          'message' => 'Party like it\'s 2001 again.'
        };

Domain: theverge.com

New York Magazine
-----------------------------

TIME
-----------------------------
$VAR1 = {
          'link' => 'http://ti.me/2h5SSD0',
          'caption' => 'time.com',
          'created_time' => '2016-12-07T16:30:15+0000',
          'name' => 'Donald Trump on Russia, Barack Obama and How He Will Lead',
          'id' => '10606591490_10154230454636491',
          'message' => "Donald J. Trump: \"I\x{2019}m sitting in an apartment the likes of which nobody\x{2019}s ever seen. And yet I represent the workers of the world. And they love me and I love them.\""
        };

Domain: time.com

the Business Insider
-----------------------------
$VAR1 = {
          'link' => 'http://read.bi/2h38NiA',
          'caption' => 'businessinsider.com',
          'created_time' => '2016-12-07T16:39:59+0000',
          'name' => 'Japan\'s sex problem is so bad that people are quitting dating and marrying their friends',
          'id' => '20446254070_10154157029369071',
          'message' => 'Japan\'s population is a ticking time bomb.'
        };

Domain: businessinsider.com
$VAR1 = {
          'link' => 'https://www.facebook.com/businessinsider/videos/10154156994814071/',
          'created_time' => '2016-12-07T16:38:53+0000',
          'name' => 'Riot in Greece for Alexandros Grigoropoulos',
          'id' => '20446254070_10154156994814071',
          'message' => 'Rioters in Greece are attacking police with Molotov cocktails.'
        };

ThinkProgress
-----------------------------

POLITICO
-----------------------------
$VAR1 = {
          'link' => 'http://politi.co/2h66PAN',
          'caption' => 'politi.co',
          'created_time' => '2016-12-07T16:35:03+0000',
          'name' => 'Trump: I don\'t believe Russia interfered with the election',
          'id' => '62317591679_10154063764436680',
          'message' => "When asked by TIME if the conclusion reached by U.S. officials was motivated by politics, Donald J. Trump responded, \x{201c}I think so.\x{201d}"
        };

Domain: politi.co

Alias: politico.com
$VAR1 = {
          'id' => '1622501708043673_1629606920666485'
        };

USA TODAY
-----------------------------
$VAR1 = {
          'link' => 'https://www.facebook.com/clarionledger/videos/10154857780936385/',
          'created_time' => '2016-12-07T16:32:26+0000',
          'name' => 'The Clarion-Ledger',
          'id' => '13652355666_10154125875915667',
          'message' => 'Watch live: Mississippi sailor killed at Pearl Harbor coming home http://on.thec-l.com/2hjjaOz'
        };

American News
-----------------------------

ABC News
-----------------------------

HuffPost Politics
-----------------------------
$VAR1 = {
          'link' => 'http://huff.to/2hiPmkO',
          'caption' => 'm.huffpost.com',
          'created_time' => '2016-12-07T16:30:17+0000',
          'name' => 'The Most Feminist White House In History Just Made One Of Its Last Moves On Equal Pay',
          'id' => '56845382910_10154574451197911',
          'message' => 'President Obama hasn\'t checked out yet.'
        };

Domain: huffpost.com

NBC News
-----------------------------

AJ+
-----------------------------

Wikileaks
-----------------------------

CNNMoney
-----------------------------

ABC News Politics
-----------------------------

Right Wing News
-----------------------------

The Wall Street Journal
-----------------------------
$VAR1 = {
          'link' => 'https://www.facebook.com/wsj/videos/10155058073798128/',
          'created_time' => '2016-12-07T16:30:47+0000',
          'name' => 'Are Internet-connected toys like My Friend Cayla and Hello Bar...',
          'id' => '8304333127_10155058073798128',
          'message' => 'Lunch Break with Tanya Rivero:  Interactive toys like My Friend Cayla and Hello Barbie might be infringing on privacy. Airlines are now taking headroom away, and shrinking bathrooms. Why fashion label Opening Ceremony overhauled its fit strategy. Planning a business lunch? Bashed.co handles the planning legwork.'
        };

MSNBC
-----------------------------

the Drudge Report
-----------------------------

Mic
-----------------------------

The Economist
-----------------------------

Bloomberg Politics
-----------------------------

CBS News
-----------------------------
$VAR1 = {
          'link' => 'http://cbsn.ws/2gCuTYh',
          'caption' => 'www.cbsnews.com',
          'created_time' => '2016-12-07T16:35:02+0000',
          'name' => 'Pakistani Passenger jet crashes with about 40 on board',
          'id' => '131459315949_10154139652050950',
          'message' => 'The ATR-42 turboprop aircraft lost contact with ground control and disappeared, shortly after taking off in the northern city of Chitral, Pakistan.'
        };

Domain: cbsnews.com
$VAR1 = {
          'id' => '1622501708043673_1629607057333138'
        };

The Young Turks
-----------------------------

Occupy Democrats
-----------------------------
$VAR1 = {
          'link' => 'http://occupydemocrats.com/2016/12/07/genius-chicago-architect-would-hide-trump-tower-sign-with-flying-pig-balloons-photos/',
          'caption' => 'occupydemocrats.com',
          'created_time' => '2016-12-07T16:30:18+0000',
          'name' => 'Genius Chicago Architect Plans To Hide Trump Tower Sign With Flying Pig Balloons (PHOTOS)',
          'id' => '346937065399354_1339933669433017',
          'message' => 'His explanation is hilarious.'
        };

Domain: occupydemocrats.com

CBC News
-----------------------------

Newsweek
-----------------------------

CNN International
-----------------------------

The New Yorker
-----------------------------

Rush Limbaugh
-----------------------------

The Independent
-----------------------------

TheBlaze
-----------------------------
$VAR1 = {
          'link' => 'http://buff.ly/2hj13YN',
          'caption' => 'theblaze.com',
          'created_time' => '2016-12-07T16:30:35+0000',
          'name' => "Trump signals that he might not deport Obama\x{2019}s DREAMers",
          'id' => '140738092630206_1291007424269928',
          'message' => 'Trump: "On a humanitarian basis, it\'s a very tough situation."'
        };

Domain: theblaze.com
$VAR1 = {
          'id' => '1622501708043673_1629607180666459'
        };

NPR Politics
-----------------------------

The New York Times
-----------------------------
$VAR1 = {
          'link' => 'http://www.nytimes.com/2016/12/06/nyregion/alonzo-knowles-celebrity-hacker.html?smid=fb-nytimes&smtyp=cur',
          'caption' => 'nytimes.com',
          'created_time' => '2016-12-07T16:40:00+0000',
          'name' => "Man Who Hacked Celebrities\x{2019} Email Accounts Gets 5 Years in Prison",
          'id' => '5281959998_10150999822639999',
          'message' => 'Naturi Naughton, an actress in the STARZ drama "Power," said that the man "tried to extort me, the producer, 50 Cent and my showrunner."'
        };

Domain: nytimes.com
$VAR1 = {
          'id' => '1622501708043673_1629607330666444'
        };

NPR
-----------------------------

MSN
-----------------------------

CNN Politics
-----------------------------
$VAR1 = {
          'link' => 'https://www.facebook.com/cnn/videos/10155709423291509/',
          'created_time' => '2016-12-07T16:33:29+0000',
          'name' => 'CNN',
          'id' => '219367258105115_1384151358293360'
        };
$VAR1 = {
          'link' => 'http://cnn.it/2gTCHbm',
          'caption' => 'www.cnn.com',
          'created_time' => '2016-12-07T16:33:01+0000',
          'name' => 'Trump offers Iowa Gov. Branstad China ambassador post',
          'id' => '219367258105115_1384150664960096',
          'message' => 'Iowa Gov. Terry Branstad is uniquely well-suited to the job, having a close, decades-long relationship with Chinese President Xi Jinping.'
        };

Domain: cnn.com
$VAR1 = {
          'id' => '1622501708043673_1629607627333081'
        };

The Daily Show
-----------------------------

Daily Kos
-----------------------------

Yahoo News
-----------------------------
$VAR1 = {
          'link' => 'https://yhoo.it/2hgQHgp',
          'caption' => 'finance.yahoo.com',
          'created_time' => '2016-12-07T16:40:07+0000',
          'name' => 'CNN\'s Jake Tapper refuses to let Mike Pence off the hook during intense questioning',
          'id' => '338028696036_10154950131241037',
          'message' => "\"The last question on this sir \x{2014} and I'm sorry, it's just that you're not answering the question...\""
        };

Domain: yahoo.com
$VAR1 = {
          'id' => '1622501708043673_1629607973999713'
        };

The Guardian
-----------------------------
$VAR1 = {
          'link' => 'https://www.theguardian.com/us-news/shortcuts/2016/dec/07/how-does-donald-trumps-private-jet-match-up-to-air-force-one?CMP=fb_gu',
          'caption' => 'theguardian.com',
          'created_time' => '2016-12-07T16:40:00+0000',
          'name' => "How does Donald Trump\x{2019}s private jet match up to Air Force One?",
          'id' => '10513336322_10154806909206323',
          'message' => 'Gold sinks, suede ceilings, a mohair divan - inside Donald J. Trump\'s private jet.'
        };

Domain: theguardian.com
$VAR1 = {
          'id' => '1622501708043673_1629608067333037'
        };

CNN
-----------------------------
$VAR1 = {
          'link' => 'https://www.facebook.com/cnn/videos/10155709423291509/',
          'created_time' => '2016-12-07T16:30:21+0000',
          'name' => 'Pearl Harbor sunrise drone',
          'id' => '5550296508_10155709423291509',
          'message' => "We are watching the sun rise over Pearl Harbor on the 75th anniversary of the Dec. 7, 1941 Japanese attack \x{2014} \"a date which will live in infamy,\" in Franklin D. Roosevelt's words \x{2014} when more than 2,400 Americans lost their lives. (No audio)"
        };

Slate.com
-----------------------------

the AP
-----------------------------
$VAR1 = {
          'link' => 'https://www.facebook.com/APNews/photos/a.10150366988291623.355082.249655421622/10154115430936623/?type=3',
          'created_time' => '2016-12-07T16:32:30+0000',
          'name' => 'Timeline Photos',
          'id' => '249655421622_10154115430936623',
          'message' => "In this #360Photo, protesters hold candles during a rally calling for South Korean President Park Geun-hye to step down. Read more on the rise and fall of South Korea\x{2019}s president: http://apne.ws/2gCBG4w (AP Photo/Lee Jin-man)"
        };

Sean Hannity
-----------------------------

The Ed Schultz Show
-----------------------------

The Atlantic
-----------------------------
$VAR1 = {
          'link' => 'http://theatln.tc/2hiWJsP',
          'caption' => 'theatlantic.com',
          'created_time' => '2016-12-07T16:30:48+0000',
          'name' => 'The Genius Behind the Big Mac',
          'id' => '29259828486_10154872401398487',
          'message' => "\"All I got was a plaque.\x{201d}"
        };

Domain: theatlantic.com

Bloomberg
-----------------------------

BuzzFeed
-----------------------------

Fox News
-----------------------------

VICE
-----------------------------
$VAR1 = {
          'link' => 'http://www.vice.com/read/standing-rock-after-blizzard-hits-camp?utm_source=vicefbus',
          'caption' => 'www.vice.com',
          'created_time' => '2016-12-07T16:40:02+0000',
          'name' => 'How the Standing Rock Camps Are Coping with the Massive Blizzard',
          'id' => '167115176655082_1477402048959715',
          'message' => '"Folks see that the police have set up huge barracks and won\'t leave till DAPL does. They know they can\'t set camp back up on January 21"'
        };

Domain: vice.com

Glenn Beck
-----------------------------

The Other 98%
-----------------------------





