***********************************************************************************
Started at 03:45:01 on 00/07/2017
***********************************************************************************
Querying souces from the past 15 minutes....

Al Jazeera
-----------------------------

Upworthy
-----------------------------

The Huffington Post
-----------------------------

HuffPost Women
-----------------------------

PBS News Hour
-----------------------------

ATTN:
-----------------------------

Reuters
-----------------------------

NowThis
-----------------------------
$VAR1 = {
          'link' => 'https://www.facebook.com/NowThisNews/videos/1019985161469492/',
          'created_time' => '2017-01-07T08:45:00+0000',
          'name' => 'Dog Can\'t Find A Home Because Of Her Awkward Smile',
          'id' => '341163402640457_1019985161469492',
          'message' => "This dog hasn't been adopted yet \x{2014} because her smile's a little different \x{1f614}  (via The Dodo)"
        };

Daily Caller
-----------------------------

CNBC
-----------------------------

The Onion
-----------------------------

Opposing Views
-----------------------------

the Today Show
-----------------------------

Kotaku
-----------------------------

Washington Post
-----------------------------

the American Center for Law and Justice
-----------------------------

VICE News
-----------------------------

PBS
-----------------------------

Mother Jones
-----------------------------

HuffPost Good News
-----------------------------

BBC News
-----------------------------

Breaking News
-----------------------------

The Verge
-----------------------------

New York Magazine
-----------------------------

TIME
-----------------------------
$VAR1 = {
          'link' => 'http://ti.me/2ig7GQs',
          'caption' => 'time.com',
          'created_time' => '2017-01-07T08:30:17+0000',
          'name' => 'Monkey Is Completely Obsessed With a Poor Cat That\'s Just Trying to Nap',
          'id' => '10606591490_10154328253391491',
          'message' => 'The poor cat is just trying to catch some Z\'s.'
        };

Domain: time.com

the Business Insider
-----------------------------
$VAR1 = {
          'link' => 'http://read.bi/2iJRupS',
          'caption' => 'businessinsider.com',
          'created_time' => '2017-01-07T08:40:07+0000',
          'name' => 'A Kenyan student launched a \'panic button\' app that could improve public safety',
          'id' => '20446254070_10154264563119071',
          'message' => 'This could be a game changer.'
        };

Domain: businessinsider.com

ThinkProgress
-----------------------------

POLITICO
-----------------------------

USA TODAY
-----------------------------

American News
-----------------------------

ABC News
-----------------------------

HuffPost Politics
-----------------------------

NBC News
-----------------------------

AJ+
-----------------------------

Wikileaks
-----------------------------

CNNMoney
-----------------------------
$VAR1 = {
          'link' => 'http://cnnmon.ie/2i45YOe',
          'caption' => 'money.cnn.com',
          'created_time' => '2017-01-07T08:31:01+0000',
          'name' => 'Tesco will stop charging women more the same product',
          'id' => '6651543066_10154259355198067',
          'message' => 'Britain\'s biggest supermarket chain has pledged to stop charging more for products that it markets to women. http://cnnmon.ie/2i45YOe'
        };

Domain: cnn.com
Response:
{"id":"1622501708043673_1640894726204371"}

ABC News Politics
-----------------------------

Right Wing News
-----------------------------

The Wall Street Journal
-----------------------------

MSNBC
-----------------------------

the Drudge Report
-----------------------------

Mic
-----------------------------

The Economist
-----------------------------

Bloomberg Politics
-----------------------------

CBS News
-----------------------------

The Young Turks
-----------------------------

Occupy Democrats
-----------------------------

CBC News
-----------------------------

Newsweek
-----------------------------

CNN International
-----------------------------
$VAR1 = {
          'link' => 'https://www.facebook.com/cnninternational/videos/10154877308954641/',
          'created_time' => '2017-01-07T08:32:15+0000',
          'name' => 'These birds are choking on a plastic ocean',
          'id' => '18793419640_10154877308954641',
          'message' => 'These birds are choking on a plastic ocean http://cnn.it/2jaeZcX'
        };

The New Yorker
-----------------------------

Rush Limbaugh
-----------------------------

The Independent
-----------------------------
$VAR1 = {
          'link' => 'http://www.independent.co.uk/environment/antarctic-iceberg-larsen-b-c-ice-shelf-global-warming-climate-change-a7513786.html?cmpid=facebook-post',
          'caption' => 'independent.co.uk',
          'created_time' => '2017-01-07T08:41:01+0000',
          'name' => 'A 70-mile long Antarctic iceberg is about to fall into the sea. The effects could be devastating',
          'id' => '13312631635_10154365355851636',
          'message' => 'Terrifying'
        };

Domain: independent.co.uk

TheBlaze
-----------------------------

NPR Politics
-----------------------------

The New York Times
-----------------------------

NPR
-----------------------------

MSN
-----------------------------

CNN Politics
-----------------------------
$VAR1 = {
          'link' => 'http://cnn.it/2jkUj1F',
          'caption' => 'www.cnn.com',
          'created_time' => '2017-01-07T08:31:02+0000',
          'name' => 'John Kerry\'s mission to save diplomacy',
          'id' => '219367258105115_1440513639323798',
          'message' => 'For better and worse, Secretary of State John Kerry never gives up, even when everyone around him thinks he should.'
        };

Domain: cnn.com
Response:
{"id":"1622501708043673_1640894809537696"}

The Daily Show
-----------------------------

Daily Kos
-----------------------------

Yahoo News
-----------------------------

The Guardian
-----------------------------
$VAR1 = {
          'link' => 'https://www.theguardian.com/tv-and-radio/2017/jan/06/desert-island-discs-75-defining-moments-from-75-years-castaways?CMP=fb_gu',
          'caption' => 'theguardian.com',
          'created_time' => '2017-01-07T08:40:01+0000',
          'name' => 'Desert Island Discs: 75 defining moments from 75 years of castaways',
          'id' => '10513336322_10154927739831323',
          'message' => "'One of the truly great encounters was broadcast on 4 January 1965 when Plomley interviewed a breathy Marlene Dietrich in her dressing room at a West End theatre. \x{201c}Is there anything in the situation of a desert island that you\x{2019}d be particularly frightened of,\x{201d} Plomley asks her. \x{201c}No, no, no, I\x{2019}m frightened of nothing,\x{201d} says Dietrich. And you believe her.'"
        };

Domain: theguardian.com
Response:
{"id":"1622501708043673_1640894872871023"}

CNN
-----------------------------
$VAR1 = {
          'link' => 'https://www.facebook.com/cnn/videos/10155875000906509/',
          'created_time' => '2017-01-07T08:32:14+0000',
          'name' => 'These birds are choking on a plastic ocean',
          'id' => '5550296508_10155875000906509',
          'message' => 'These birds are choking on a plastic ocean http://cnn.it/2jac7wl'
        };

Slate.com
-----------------------------

the AP
-----------------------------

Sean Hannity
-----------------------------

The Ed Schultz Show
-----------------------------

The Atlantic
-----------------------------

Bloomberg
-----------------------------

BuzzFeed
-----------------------------

Fox News
-----------------------------

VICE
-----------------------------

Glenn Beck
-----------------------------

The Other 98%
-----------------------------


Total Posts Made:	3


