***********************************************************************************
Started at 05:00:01 on 00/29/2017
***********************************************************************************
Querying souces from the past 15 minutes....

Al Jazeera
-----------------------------

Upworthy
-----------------------------

The Huffington Post
-----------------------------

HuffPost Women
-----------------------------

PBS News Hour
-----------------------------

ATTN:
-----------------------------

Reuters
-----------------------------

NowThis
-----------------------------

Daily Caller
-----------------------------

CNBC
-----------------------------
$VAR1 = {
          'link' => 'http://cnb.cx/2jGd1gJ',
          'caption' => 'cnbc.com',
          'created_time' => '2017-01-29T09:49:11+0000',
          'name' => 'I quit these 3 bad habits and it doubled my productivity',
          'id' => '97212224368_10155155239654369',
          'message' => 'Bad habits drag you down more than you think.'
        };

Domain: cnbc.com

The Onion
-----------------------------

Opposing Views
-----------------------------

the Today Show
-----------------------------

Kotaku
-----------------------------

Washington Post
-----------------------------
$VAR1 = {
          'link' => 'https://www.washingtonpost.com/national/health-science/this-physician-wants-her-patients-to-use-fewer-medications/2017/01/27/29c81bde-d9c0-11e6-9a36-1d296534b31e_story.html?tid=sm_fb&utm_term=.7aba0539bd61',
          'caption' => 'washingtonpost.com',
          'created_time' => '2017-01-29T10:00:01+0000',
          'name' => 'This physician wants her patients to use fewer medications',
          'id' => '6250307292_10154714451412293',
          'message' => '"Too many patients are taking too many drugs, for too long, in too-high doses, suffering harmful effects."'
        };

Domain: washingtonpost.com
Response:
{"error":{"message":"It looks like you were misusing this feature by going too fast. You\u2019ve been blocked from using it.\n\nLearn more about blocks in the Help Center.","type":"OAuthException","code":368,"error_subcode":1390008,"error_user_msg":"","fbtrace_id":"G\/ItfhBrdmy"}}

Facebook ran into an error and the post was not published. Zach Muckerberg please fix. Try again in a few hours.

