***********************************************************************************
Started at 02:15:01 on 01/01/2017
***********************************************************************************
Querying souces from the past 15 minutes....

Al Jazeera
-----------------------------

Upworthy
-----------------------------

The Huffington Post
-----------------------------
$VAR1 = {
          'link' => 'http://huff.to/2kdOCR0',
          'caption' => 'huffingtonpost.com',
          'created_time' => '2017-02-01T07:00:25+0000',
          'name' => '\'The Affordable Care Act Saved My Life\'',
          'id' => '18468761129_10154665051296130',
          'message' => '"Without the ACA, I would have been taking out loans and filing for bankruptcy."'
        };

Domain: huffingtonpost.com
Response:
{"error":{"message":"It looks like you were misusing this feature by going too fast. You\u2019ve been blocked from using it.\n\nLearn more about blocks in the Help Center.","type":"OAuthException","code":368,"error_data":{"sentry_block_data":"AejeYmiNVVyYu-pTJTmEU64rWkedP1eyIdyPjNA4aHYnax6qKyoVVZ_LIGYfjFHmJHpWDVjtQw8iJMilcV830odz5YA0KvHe6MdycsmkoL9wq4SBj0k_cUhK19W2IB76RAuRFvcMs9NTlIYm1Ia-QD7OXshZekOts6qZH4mzQXMVmzcLGlU3ae3Yd6nh5SzvirwaRccMeAmUnuvOA0o6fFWDTSelCJn2UVLBvjNgeJ998KfWsWc13LgPkzOOM_qRa3dLFX0LLeNkHh4e4T3roCN4q69xH7F_Htva6QhfFz0RWvWP2FrBRra9yquWi700iSGyFEaf_02DWscndlk-3UnsOLIFjfK500pyarMKUeYikZnRH6XMrgKjxcv_dmNMmG_3S3lZ6DmKLSY_5HTj9TimbvJSgs3yjk5IdHFtxyW5_RA4VkRwnhYAlmeW2n0yNVen8M20GG-yd2vmNYZEgeI0UsBOzx-GUs9ILKe8ZDApbU5O2VDJ-Ztc-iAV4Lsf9CFSg2MBc01WlNNZMag65lho-8GGtwp0exc2ntXCgoJMWBGHnIY8DVl17TZusJQoZW2hSvOi_yIPMY_fnRq7holpYWpfxeenMVfWnnwuHTQH19SvRBa2syibe8oLu1FxgsYCdpWRpxmhwvTkTjAgJt4iYGFmnYRzi9rZjDXsuB3QWRs0QqShzBz-8_NZxdSqZxJghS1pmK_kdcCt0-aLvfKTqWKw6URmlpdRSoFmAnyJH53pDkJLoEZY-eXCFarP5EGaXnrjjJi_ctdIR_tb6uLX_Ou-BG8JSH50ObwFnXhYReITDMQZs0wAm-j9u3AHMTNEG8bcpPFPsNATbzrz0oPUXZiJ2tH7V_g8_K8v0si3bxHA54MGR-JUgeJpGLOSQyZdB3NHtfksVphOal8IwwUuVWSts3PNIefMFCuCE47sFPjyqmUbWzgIqyrRKH6hZb3fXfX3uFoRVwa22wynQ257xcP4HnB_ZJxs7joOgFqOPWhvsuQuQKcXAoOHb4c6MMjD2fCnHfJ6rGxJfxMitvGL-F2VA43wQIesQjaWEERSKy7m4xHw8AW11XMkigmXGySvaiUMCkyuWGaMZeM9cTU9Sjs0o03gbH-j3aSEjr_iuRU9r5aLt5VV8pf2WPcicrnw4CYljNIz67dRoAUrFQy8AlJCq4zDyHh9FqWW5rOsqBtykqIsZCXjWZ0tzNch3XfA5ZKwHFbt6q5wkqREDXACSjvDrKcJokhr0RIxr6McRZL0VbA0jXRuFmP6imiK8i4_aAlkK6XmEbtwVgEjGXEP7KteXho8VR1QsK_GrveT-STtMv6rcBEI6M6ky0Y7rwxPWaSXyIh9ClOxsaaIWU1NbpnJZlNYifCodOf7vJoY-sJMxB9xgsNGEyTL9D0KMAjEydfC6Vus9FQTaHmls1UtMcjrLL_ozf8Ov2rHiXzfdw3s5Z6qvp75aC_lLNmhC1At9cexsN1RZmTdwZr22JpJVnTT4Xy31vsPR9aXpfCx823Jc5gSv4F2h1vtCKVu31BF5LQ6JlWW4mNNwdAnoN-B0WJfbgibwsef-s4jErDVQ34uqecRcbOg2V5Sl8AkSCWGzldtaGzCspagnkQ72wpMzlsIEgZNIKMNU2jqHp4_4lifzOHxpv8AjPn3U8I0OyrEjWLIyYBIGwpILMbg35qRgOEhPivBECgKk9hz9ZxHbcJA4YcT8yP2RL1e6ucT55ollvWvVSwY0gH_L8_tfOz-EETDRf5jOOfdiarEyt3AyuT6VthdrDFRTVirscBRB6V2l8isLjiJOB4PIJx0GeV7h8cKMwpwJxhC-Ki8qQhnHB8UyOVG4c8WYiPwYQobG-22b9yFfnyuKrhUIa0z4aSSHteg7Ew2Cfb_t85yfNSxRWwUpEQPk7gC0oKFWLXRdraPg3myc_Z-5FDbXVribrk_Qw5eZRK4G95zO1e58RVcvkHMy6oIHV4gWeLHpuITNye1a3HSdAIhueSLwcQPvikKB_NEZeA3bYwIMjYgdPccB0mj8MGPpEno0TAo3EdeuXObixFGV3F1eVivxooUqgqRxg-c5pQSp6kCeu1Oua45Qck6028dzjxuXiG4KTArWGsKEkqZZLy4rC08tgWNxmmn-9oqYrSATJFRdTyCwuR6WbRM19AzE83wlhG2GX6Qv9hHQeW3mV79aKT2MqyJyqg5TKKmnE_m8ouNMsqfX0LwIUL45Bqfg71ITjWeNmZ69m-a26_sJ-gaI6ERjoXIfgzmk6v-PWT9qZei02pz1vrNeNMUycEhCEya_XagGfQ41gcyFrDLEawpdb886cYoUjZJqsL63et03wQacvVNn0bn0kF2LmuC2UckyIOS6RLbvkhVLOkftPyyQtuF8ZdEIv4Y8hgkeGAdo58lUuaDDCy9ktHYQnQ6QSQ8QITWhiw0CzXoViBLFBkLlii_yr2e3g6ZxNyRPJUtbTKejfV_TGwgoxyirvStEDUCd_aAnAYvG3cj0u7EN2pzMf24aFIdFLX3-U9RAihwqiObAHmjP2SmI5OlstVA8DXXqfvub1I9s0kO63wPLDe8HZD4OvGoADX_KqjX36bk3Pq08L4FASdd8Fc5GKcKsh8rLltjUQTqFpDYgiDkuXqlxbQn6ybMukR7zbRiBLhHV-_CXM7j4f28SA1A9NThbK6qGSZ7DzFUNoZKz3oq_zXWsmFj04Y-lgYT"},"error_subcode":1390008,"error_user_msg":"","fbtrace_id":"BKCQadU6huK"}}

Facebook ran into an error and the post was not published. Zach Muckerberg please fix. Try again in a few hours.

