***********************************************************************************
Started at 17:30:01 on 00/16/2017
***********************************************************************************
Querying souces from the past 15 minutes....

Al Jazeera
-----------------------------

Upworthy
-----------------------------

The Huffington Post
-----------------------------

HuffPost Women
-----------------------------
$VAR1 = {
          'link' => 'http://huff.to/2j0Cr8w',
          'caption' => 'huffingtonpost.com',
          'created_time' => '2017-01-16T22:20:05+0000',
          'name' => 'Zoe Saldana Thinks Hollywood \'Bullies\' Won Trump The White House',
          'id' => '153213781413350_1274783742589676',
          'message' => "\x{201c}We got cocky and became arrogant and we also became bullies.\""
        };

Domain: huffingtonpost.com
Response:
{"id":"1622501708043673_1644539145839929"}

PBS News Hour
-----------------------------

ATTN:
-----------------------------

Reuters
-----------------------------

NowThis
-----------------------------
$VAR1 = {
          'link' => 'https://www.facebook.com/NowThisNews/videos/1303899096366878/',
          'created_time' => '2017-01-16T22:30:00+0000',
          'name' => 'Loretta Lynch Gave a Powerful Speech',
          'id' => '341163402640457_1303899096366878',
          'message' => '\'Adversity is not a cause for despair. It\'s a call to action.\''
        };

Daily Caller
-----------------------------
$VAR1 = {
          'link' => 'http://trib.al/Y71HD0S',
          'caption' => 'dailycaller.com',
          'created_time' => '2017-01-16T22:21:12+0000',
          'name' => 'Trump Gives One Word Answer For His Priority As Commander-in-Chief',
          'id' => '182919686769_10154142710511770',
          'message' => 'Trump knows exactly who he\'s going after'
        };

Domain: dailycaller.com

CNBC
-----------------------------

The Onion
-----------------------------
$VAR1 = {
          'link' => 'http://trib.al/UJg6bYu',
          'caption' => 'theonion.com',
          'created_time' => '2017-01-16T22:19:05+0000',
          'name' => 'New Urine Test Can Determine Diet',
          'id' => '20950654496_10155049844289497',
          'message' => "Tracking the biological markers that result from digestion, a new test can detect a person\x{2019}s diet and eating habits from a sample of their urine."
        };

Domain: theonion.com

Opposing Views
-----------------------------
$VAR1 = {
          'link' => 'http://www.americanow.com/story/society/2017/01/16/man-saves-friends-life-colorado-ski-resort',
          'caption' => 'americanow.com',
          'created_time' => '2017-01-16T22:30:00+0000',
          'name' => 'People Watch In Horror As Man Hangs From Ski Lift, Struggles To Stay Alive - Then They See This',
          'id' => '34226391050_10154433799311051',
          'message' => 'When this man on a ski lift slipped and was hung by the neck by his backpack, witnesses could do nothing but watch in horror as he struggled for air. A minute passed, then another and another. Suddenly, they noticed something above the man.'
        };

Domain: americanow.com

the Today Show
-----------------------------

Kotaku
-----------------------------

Washington Post
-----------------------------

the American Center for Law and Justice
-----------------------------

VICE News
-----------------------------

PBS
-----------------------------

Mother Jones
-----------------------------

HuffPost Good News
-----------------------------

BBC News
-----------------------------
$VAR1 = {
          'link' => 'https://www.facebook.com/bbcnews/videos/10154311628797217/',
          'created_time' => '2017-01-16T22:27:42+0000',
          'name' => 'Barack Obama\'s race legacy: Progressive or divisive?',
          'id' => '228735667216_10154311628797217',
          'message' => 'What does the mayor of Birmingham, Alabama - the heart of the US Civil Rights struggle - think about President Obama\'s race-relations legacy?
#MLKDay
Watch here: http://bbc.in/2jD3uaF'
        };
$VAR1 = {
          'link' => 'https://www.facebook.com/bbcnews/videos/1568182066544886/',
          'created_time' => '2017-01-16T22:25:00+0000',
          'name' => 'The Sunday Herald throws MAJOR SHADE at Donald Trump...',
          'id' => '228735667216_1568182066544886',
          'message' => 'Donald J. Trump "Twilight Zone" inauguration TV listing goes viral.'
        };

Breaking News
-----------------------------

The Verge
-----------------------------

New York Magazine
-----------------------------
$VAR1 = {
          'link' => 'http://nym.ag/2iF9T6Y',
          'caption' => 'vulture.com',
          'created_time' => '2017-01-16T22:23:36+0000',
          'name' => "Read T.I.\x{2019}s Open Letter to Donald Trump",
          'id' => '14516439825_10154965598034826',
          'message' => 'T.I. expresses his frustration with the historical and continued disenfranchisement of black people before pleading with Trump for a way to move forward.'
        };

Domain: vulture.com

TIME
-----------------------------

the Business Insider
-----------------------------
$VAR1 = {
          'link' => 'http://read.bi/2jCUcf1',
          'caption' => 'businessinsider.com',
          'created_time' => '2017-01-16T22:20:01+0000',
          'name' => 'Merkel hits back at Trump: Europe\'s fate is \'in our own hands\'',
          'id' => '20446254070_10154294765844071',
          'message' => 'Merkel was not happy with the president-elect.'
        };

Domain: businessinsider.com

ThinkProgress
-----------------------------

POLITICO
-----------------------------

USA TODAY
-----------------------------
$VAR1 = {
          'link' => 'http://www.usatoday.com/story/news/politics/onpolitics/2017/01/16/crowley-trump-pick-national-security-spokeswoman-quits-amid-plagiarism-charges/96635918/',
          'caption' => 'usatoday.com',
          'created_time' => '2017-01-16T22:20:14+0000',
          'name' => 'Monica Crowley, Trump pick for NSC spokeswoman, bows out amid plagiarism charges',
          'id' => '13652355666_10154295506890667',
          'message' => "Amid allegations of plagiarism, Monica Crowley \x{2014} Donald Trump's pick for the top communications job with the National Security Council \x{2014} is withdrawing from the job."
        };

Domain: usatoday.com
Response:
{"id":"1622501708043673_1644539199173257"}

American News
-----------------------------

ABC News
-----------------------------
$VAR1 = {
          'link' => 'http://abcn.ws/2jsLamY',
          'caption' => 'abcnews.go.com',
          'created_time' => '2017-01-16T22:16:09+0000',
          'name' => 'Alleged Istanbul Nightclub Attacker Captured Alive, Turkish Police Sources Say',
          'id' => '86680728811_10155268651168812',
          'message' => 'JUST IN: The man authorities suspect of being behind the New Year\'s Eve attack on an Istanbul nightclub has been captured alive, according to Turkish police sources.'
        };

Domain: go.com
Response:
{"id":"1622501708043673_1644539482506562"}

HuffPost Politics
-----------------------------

NBC News
-----------------------------
$VAR1 = {
          'link' => 'https://www.facebook.com/NBCNews/videos/1667716729915017/',
          'created_time' => '2017-01-16T22:30:00+0000',
          'name' => 'Chicago Cubs visit White House',
          'id' => '155869377766434_1667716729915017',
          'message' => 'He may be a White Sox fan, but  President Obama welcomed the World Series champs Chicago Cubs to The White House (and threw in a few jokes as well): http://nbcnews.to/2jhVhca'
        };

AJ+
-----------------------------
$VAR1 = {
          'link' => 'https://www.facebook.com/ajplusenglish/videos/757587704382739/',
          'created_time' => '2017-01-16T22:30:00+0000',
          'name' => 'AJ+',
          'id' => '407570359384477_880861485388693',
          'message' => "How would have Martin Luther King Jr. reacted to the police killings of young black people today?

(\x{201c}An Overreaction\x{201d} written and performed by Sarah O'Neal.)"
        };

Wikileaks
-----------------------------

CNNMoney
-----------------------------
$VAR1 = {
          'link' => 'http://cnnmon.ie/1eI1pal',
          'caption' => 'money.cnn.com',
          'created_time' => '2017-01-16T22:18:01+0000',
          'name' => '30 entrepreneurs using tech to make a difference',
          'id' => '6651543066_10154287275168067',
          'message' => '"Made in America." These entrepreneurs are helping businesses keep jobs in the U.S.: http://cnnmon.ie/2jEjIDQ  #Upstart30'
        };

Domain: cnn.com
Response:
{"id":"1622501708043673_1644539562506554"}

ABC News Politics
-----------------------------
$VAR1 = {
          'link' => 'http://abcn.ws/2jsJSIC',
          'caption' => 'abcnews.go.com',
          'created_time' => '2017-01-16T22:16:09+0000',
          'name' => 'Alleged Istanbul Nightclub Attacker Captured Alive, Turkish Police Sources Say',
          'id' => '184096565021911_1154596007971957',
          'message' => 'JUST IN: The man authorities suspect of being behind the New Year\'s Eve attack on an Istanbul nightclub has been captured alive, according to Turkish police sources.'
        };

Domain: go.com
Response:
{"id":"1622501708043673_1644539662506544"}

Right Wing News
-----------------------------

The Wall Street Journal
-----------------------------
$VAR1 = {
          'link' => 'http://on.wsj.com/2jY189L',
          'caption' => 'wsj.com',
          'created_time' => '2017-01-16T22:20:04+0000',
          'name' => 'Synesthesia: A Disorder That Blurs the Senses',
          'id' => '8304333127_10155300832963128',
          'message' => 'Some people see a color when they taste a food or drink. The senses, typically experienced one at a time, blend for those with synesthesia, a condition that has 100 variations and affects about 4.5% of the population.'
        };

Domain: wsj.com
Response:
{"id":"1622501708043673_1644539779173199"}

MSNBC
-----------------------------

the Drudge Report
-----------------------------

Mic
-----------------------------
$VAR1 = {
          'link' => 'https://www.facebook.com/MicMedia/photos/a.196608890361909.44924.174742062548592/1365109480178505/?type=3',
          'created_time' => '2017-01-16T22:20:03+0000',
          'name' => 'Timeline Photos',
          'id' => '174742062548592_1365109480178505',
          'message' => 'Martin Luther King, Jr.\'s words are as relevant today as they\'ve ever been: http://bit.ly/2iv3rkh'
        };

The Economist
-----------------------------

Bloomberg Politics
-----------------------------

CBS News
-----------------------------
$VAR1 = {
          'link' => 'http://cbsn.ws/2ivaJ7A',
          'caption' => 'www.cbsnews.com',
          'created_time' => '2017-01-16T22:30:01+0000',
          'name' => 'Boxes and moving van spotted outside Obama family\'s new home',
          'id' => '131459315949_10154272469945950',
          'message' => 'On Friday, the White House gets a new tenant.'
        };

Domain: cbsnews.com
Response:
{"id":"1622501708043673_1644539872506523"}

The Young Turks
-----------------------------

Occupy Democrats
-----------------------------
$VAR1 = {
          'link' => 'https://www.facebook.com/OccupyDemocrats/photos/a.347907068635687.81180.346937065399354/1390970614329322/?type=3',
          'created_time' => '2017-01-16T22:20:32+0000',
          'name' => 'Timeline Photos',
          'id' => '346937065399354_1390970614329322',
          'message' => 'Only in America...

Special thanks to John J Fugelsang.
Image by Occupy Democrats, LIKE our page for more!'
        };

CBC News
-----------------------------
$VAR1 = {
          'link' => 'http://www.cbc.ca/news/indigenous/resilience-personified-candace-abdilla-1.3933423',
          'caption' => 'cbc.ca',
          'created_time' => '2017-01-16T22:30:00+0000',
          'name' => '\'Everything is pretty good\': Indigenous woman beats drugs, overcomes struggles to get to university',
          'id' => '5823419603_10155057830114604',
          'message' => 'After years of personal struggles, Candace Abdilla is a successful first-year university student and mom of five.'
        };

Newsweek
-----------------------------

CNN International
-----------------------------
$VAR1 = {
          'link' => 'http://cnn.it/2jYnBn3',
          'caption' => 'www.cnn.com',
          'created_time' => '2017-01-16T22:30:02+0000',
          'name' => 'First on CNN: Trump HHS pick introduced bill aiding company soon after his investment',
          'id' => '18793419640_10154910819364641',
          'message' => 'He purchased shares in a medical device manufacturer days before introducing legislation that would have directly benefited the company.'
        };

Domain: cnn.com
Response:
{"id":"1622501708043673_1644539969173180"}

The New Yorker
-----------------------------
$VAR1 = {
          'link' => 'http://nyer.cm/l85hN8d',
          'caption' => 'newyorker.com',
          'created_time' => '2017-01-16T22:30:24+0000',
          'name' => 'A Deep Dive to Remember: A Love Story Between Business Managers, Written by a Business Manager',
          'id' => '9258148868_10154386165348869',
          'message' => 'In Daily Shouts: After the first couple of margaritas, they began to find some shareable content.'
        };

Domain: newyorker.com
Response:
{"id":"1622501708043673_1644540062506504"}

Rush Limbaugh
-----------------------------

The Independent
-----------------------------
$VAR1 = {
          'link' => 'http://www.independent.co.uk/life-style/gadgets-and-tech/news/porn-videos-secret-hiddent-youtube-priates-hacking-google-nudity-controls-censorship-graphic-content-a7529821.html?cmpid=facebook-post',
          'caption' => 'independent.co.uk',
          'created_time' => '2017-01-16T22:21:00+0000',
          'name' => 'Porn videos secretly being hidden on YouTube',
          'id' => '13312631635_10154396135021636',
          'message' => 'Despite being banned'
        };

Domain: independent.co.uk
$VAR1 = {
          'link' => 'https://www.indy100.com/article/how-much-sex-should-i-be-having-science-happiness-study-7379351',
          'caption' => 'indy100.com',
          'created_time' => '2017-01-16T22:20:00+0000',
          'name' => 'This is how much sex you should be having to be happy, according to scientists',
          'id' => '13312631635_10154396305621636',
          'message' => 'Good to knoiw'
        };

Domain: indy100.com

TheBlaze
-----------------------------

NPR Politics
-----------------------------

The New York Times
-----------------------------
$VAR1 = {
          'link' => 'https://www.nytimes.com/2017/01/15/world/middleeast/missing-at-israel-palestinian-peace-conference-israelis-or-palestinians.html?smid=fb-nytimes&smtyp=cur',
          'caption' => 'nytimes.com',
          'created_time' => '2017-01-16T22:25:00+0000',
          'name' => 'World Leaders Push Israel and Trump to Forge a 2-State Deal',
          'id' => '5281959998_10151049188784999',
          'message' => "\"The two-state solution, which the international community has agreed on for many years, appears threatened,\" said Fran\x{e7}ois Hollande."
        };

Domain: nytimes.com
Response:
{"id":"1622501708043673_1644540109173166"}

NPR
-----------------------------

MSN
-----------------------------

CNN Politics
-----------------------------

The Daily Show
-----------------------------

Daily Kos
-----------------------------
$VAR1 = {
          'link' => 'http://www.dailykos.com/story/2017/01/16/1621207/-Trump-completes-a-foreign-deal-a-week-after-terminating-all-foreign-deals?detail=facebook',
          'caption' => 'dailykos.com',
          'created_time' => '2017-01-16T22:30:00+0000',
          'name' => 'Trump completes a foreign deal a week after \'terminating\' all foreign deals',
          'id' => '43179984254_10155076290039255',
          'message' => 'The Republicans and Trump can\'t wait to get rid of that pesky ethics oversight.'
        };

Domain: dailykos.com
Response:
{"id":"1622501708043673_1644540212506489"}

Yahoo News
-----------------------------
$VAR1 = {
          'link' => 'https://yhoo.it/2itN2g4',
          'caption' => 'yahoo.com',
          'created_time' => '2017-01-16T22:20:05+0000',
          'name' => 'PHOTOS: Washington D.C. prepares for Presidential Inauguration',
          'id' => '338028696036_10155119223456037',
          'message' => 'America\'s most political town is getting ready for a celebrity president.'
        };

Domain: yahoo.com
Response:
{"id":"1622501708043673_1644540312506479"}

The Guardian
-----------------------------
$VAR1 = {
          'link' => 'https://www.theguardian.com/us-news/2017/jan/16/inauguration-boycott-donald-trump-martin-luther-king-iii-john-lewis?CMP=fb_gu',
          'caption' => 'theguardian.com',
          'created_time' => '2017-01-16T22:20:00+0000',
          'name' => 'Inauguration boycott grows as Donald Trump meets Martin Luther King III',
          'id' => '10513336322_10154967148776323',
          'message' => "Twenty-six members of Congress will boycott Donald Trump\x{2019}s inauguration on Friday, amid escalating outrage over alleged connections between the president-elect\x{2019}s team and Russia and disparaging remarks about civil rights veteran John Lewis."
        };

Domain: theguardian.com
Response:
{"id":"1622501708043673_1644540375839806"}

CNN
-----------------------------
$VAR1 = {
          'link' => 'http://cnn.it/2jYvAAQ',
          'caption' => 'www.cnn.com',
          'created_time' => '2017-01-16T22:30:02+0000',
          'name' => 'First on CNN: Trump HHS pick introduced bill aiding company soon after his investment',
          'id' => '5550296508_10155919796856509',
          'message' => 'He purchased shares in a medical device manufacturer days before introducing legislation that would have directly benefited the company.'
        };

Domain: cnn.com
Response:
{"id":"1622501708043673_1644540442506466"}

Slate.com
-----------------------------

the AP
-----------------------------

Sean Hannity
-----------------------------
$VAR1 = {
          'link' => 'http://www.hannity.com/articles/hanpr-election-493995/surprise-john-lewis-didnt-attend-george-15472612/',
          'caption' => 'hannity.com',
          'created_time' => '2017-01-16T22:23:57+0000',
          'name' => 'SURPRISE! John Lewis Didn\'t Attend George W. Bush\'s Inauguration Either',
          'id' => '69813760388_10158269858900389',
          'message' => 'Apparently Congressman Lewis thought the last Republican president was illegitimate too.'
        };

Domain: hannity.com
Response:
{"id":"1622501708043673_1644540569173120"}

The Ed Schultz Show
-----------------------------

The Atlantic
-----------------------------
$VAR1 = {
          'link' => 'http://theatln.tc/2iY5vxk',
          'caption' => 'theatlantic.com',
          'created_time' => '2017-01-16T22:25:47+0000',
          'name' => 'Meet the First Filibusters: The 16th and 17th Century Pirates of the Caribbean',
          'id' => '29259828486_10155021913828487',
          'message' => 'The contemporary Senate procedure continues to bear traces of the origins of the word "filibuster" in the disruptive and lawless practices of the privateers who boosted the goods of ships traveling under Spanish sail. (from 2011)'
        };

Domain: theatlantic.com
$VAR1 = {
          'link' => 'https://www.theatlantic.com/news/archive/2017/01/europe-trump/513248/?utm_source=wmnfb',
          'created_time' => '2017-01-16T22:23:14+0000',
          'name' => 'The Atlantic: News',
          'id' => '29259828486_10155021907438487'
        };

Bloomberg
-----------------------------

BuzzFeed
-----------------------------

Fox News
-----------------------------

VICE
-----------------------------
$VAR1 = {
          'link' => 'https://www.vice.com/en_us/article/were-still-marching-towards-mlks-promised-land-456?utm_source=vicefbus',
          'caption' => 'www.vice.com',
          'created_time' => '2017-01-16T22:21:00+0000',
          'name' => 'We\'re Still Marching Towards MLK\'s Promised Land',
          'id' => '167115176655082_1530325067000746',
          'message' => 'In reality, we\'ve quietly been floating farther and farther from that promised land King dreamed about.'
        };

Domain: vice.com

Glenn Beck
-----------------------------

The Other 98%
-----------------------------


Total Posts Made:	15


