***********************************************************************************
Started at 09:45:01 on 00/17/2017
***********************************************************************************
Querying souces from the past 15 minutes....

Al Jazeera
-----------------------------

Upworthy
-----------------------------

The Huffington Post
-----------------------------

HuffPost Women
-----------------------------

PBS News Hour
-----------------------------

ATTN:
-----------------------------

Reuters
-----------------------------
$VAR1 = {
          'link' => 'https://www.facebook.com/Reuters/videos/1363425217011164/',
          'created_time' => '2017-01-17T14:34:55+0000',
          'name' => 'China\'s Xi says no winner in \'trade war\'',
          'id' => '114050161948682_1363425217011164',
          'message' => 'Chinese President Xi Jinping defends free trade in push against U.S. President-elect Donald Trump at the World Economic Forum in Davos on Tuesday. Read more: http://reut.rs/2iCVLrC'
        };

NowThis
-----------------------------
$VAR1 = {
          'link' => 'https://www.facebook.com/NowThisNews/videos/1417496684948484/',
          'created_time' => '2017-01-17T14:30:18+0000',
          'name' => 'Congressman Lewis on MLK Day',
          'id' => '341163402640457_1417496684948484',
          'message' => '\'Never give up. Never give in. Stand up. Speak up.\''
        };

Daily Caller
-----------------------------
$VAR1 = {
          'link' => 'http://trib.al/dhF0MIF',
          'caption' => 'dailycaller.com',
          'created_time' => '2017-01-17T14:40:54+0000',
          'name' => 'Obesity Claims For Youth Are Rising Dramatically',
          'id' => '182919686769_10154144398406770',
          'message' => 'Obesity insurance claims for young Americans are skyrocketing, and diabetes claims are as well!'
        };

Domain: dailycaller.com
$VAR1 = {
          'link' => 'http://trib.al/qGE4PhQ',
          'caption' => 'dailycaller.com',
          'created_time' => '2017-01-17T14:31:09+0000',
          'name' => "Putin: People Behind Trump Dossier \x{2018}Worse Than Prostitutes\x{2019}",
          'id' => '182919686769_10154144377841770',
          'message' => '#BREAKING Russian President Vladimir Putin accused the Obama administration of working to undermine Donald Trump\'s presidency and said the people behind the unverified Trump dossier are "worse than prostitutes"'
        };

Domain: dailycaller.com

CNBC
-----------------------------
$VAR1 = {
          'link' => 'http://cnb.cx/2jFIwbi',
          'caption' => 'cnbc.com',
          'created_time' => '2017-01-17T14:42:00+0000',
          'name' => 'Putin calls report which said Russia had damaging details on Trump a hoax',
          'id' => '97212224368_10155112303074369',
          'message' => 'Donald J. Trump has called the report "fake news" and "phony stuff."'
        };

Domain: cnbc.com

The Onion
-----------------------------

Opposing Views
-----------------------------
$VAR1 = {
          'link' => 'https://www.opposingviews.com/i/social/picture-sasha-obama-has-quickly-gone-viral-after-people-realized-one-telling-thing-about-it',
          'caption' => 'opposingviews.com',
          'created_time' => '2017-01-17T14:33:03+0000',
          'name' => 'Photo Of Sasha Obama Goes Viral After People Realize Something About It (Photos)',
          'id' => '34226391050_10154435753336051',
          'message' => 'This picture of Sasha Obama has quickly gone viral after people realized something telling about it.'
        };

Domain: opposingviews.com

the Today Show
-----------------------------
$VAR1 = {
          'link' => 'https://www.facebook.com/today/photos/a.122723261349.132852.12566691349/10154942895331350/?type=3',
          'created_time' => '2017-01-17T14:42:44+0000',
          'name' => 'Timeline Photos',
          'id' => '12566691349_10154942895331350',
          'message' => "Frankly, we give a damn. It\x{2019}s Gone With The Wind's 77th anniversary!"
        };

Kotaku
-----------------------------

Washington Post
-----------------------------
$VAR1 = {
          'link' => 'https://www.washingtonpost.com/local/donald-trump-vs-john-lewis-one-is-a-legend-the-other-is-a-lightweight/2017/01/16/b077781a-dbf4-11e6-ad42-f3375f271c9c_story.html?tid=sm_fb',
          'caption' => 'washingtonpost.com',
          'created_time' => '2017-01-17T14:31:04+0000',
          'name' => "Where was Donald Trump when John Lewis was fighting for civil rights? Let\x{2019}s compare.",
          'id' => '6250307292_10154671292412293',
          'message' => "\"The president-elect\x{2019}s Twitter tirade against Lewis is still mind-boggling and a national embarrassment.\""
        };

Domain: washingtonpost.com
Response:
{"error":{"message":"It looks like you were misusing this feature by going too fast. You\u2019ve been blocked from using it.\n\nLearn more about blocks in the Help Center.","type":"OAuthException","code":368,"error_subcode":1390008,"error_user_msg":"","fbtrace_id":"GELvc1sRGbf"}}

Facebook ran into an error and the post was not published. Zach Muckerberg please fix. Try again in a few hours.

