***********************************************************************************
Started at 23:10:01 on 10/27/2016
***********************************************************************************
Querying souces from the past 10 minutes....

Al Jazeera
-----------------------------

Upworthy
-----------------------------
$VAR1 = {
          'link' => 'http://u.pw/2fSE9tV',
          'caption' => 'upworthy.com',
          'created_time' => '2016-11-28T04:01:01+0000',
          'name' => 'See this turtle\'s miraculous recovery after getting caught in a piece of litter.',
          'id' => '354522044588660_1500788956628624',
          'message' => 'Peanut is a living, breathing example of the affect our garbage can have on the environment.'
        };

Domain: upworthy.com

The Huffington Post
-----------------------------
$VAR1 = {
          'link' => 'http://huff.to/2glTZvy',
          'caption' => 'huffingtonpost.com',
          'created_time' => '2016-11-28T04:03:48+0000',
          'name' => 'This Behavior Is The #1 Predictor Of Divorce, And You\'re Guilty Of It',
          'id' => '18468761129_10154451899916130',
          'message' => "Experts claim this behavior will \x{201c}bring your marriage to a slow death.\""
        };

Domain: huffingtonpost.com
$VAR1 = bless( {
                 'response' => bless( {
                                        '_protocol' => 'HTTP/1.1',
                                        '_content' => '{"error":{"message":"It looks like you were misusing this feature by going too fast. You\\u2019ve been blocked from using it.\\n\\nLearn more about blocks in the Help Center.","type":"OAuthException","code":368,"error_subcode":1390008,"fbtrace_id":"Fi+sOR+m+Qb"}}',
                                        '_rc' => '400',
                                        '_headers' => bless( {
                                                               'connection' => 'close',
                                                               'cache-control' => 'no-store',
                                                               'x-fb-rev' => '2702404',
                                                               'date' => 'Mon, 28 Nov 2016 04:10:29 GMT',
                                                               'x-fb-debug' => 'tNHn184c4odxr2XayLkQTre3SmP6zKc1qPyhJc2yELxYSeEERtMM+RU9zLJWmO4LGigRfoqeq8rM1TjyQgNNVw==',
                                                               'access-control-allow-origin' => '*',
                                                               'vary' => 'Accept-Encoding',
                                                               'client-ssl-cert-issuer' => '/C=US/O=DigiCert Inc/OU=www.digicert.com/CN=DigiCert SHA2 High Assurance Server CA',
                                                               'client-ssl-cipher' => 'ECDHE-ECDSA-AES128-GCM-SHA256',
                                                               'client-peer' => '31.13.65.1:443',
                                                               'facebook-api-version' => 'v2.8',
                                                               'client-date' => 'Mon, 28 Nov 2016 04:10:29 GMT',
                                                               'x-page-usage' => '{"call_count":44,"total_cputime":16,"total_time":21}',
                                                               'content-type' => 'text/javascript; charset=UTF-8',
                                                               'pragma' => 'no-cache',
                                                               'www-authenticate' => 'OAuth "Facebook Platform" "access_denied" "It looks like you were misusing this feature by going too fast. You’ve been blocked from using it.\\n\\nLearn more about blocks in the Help Center."',
                                                               'client-ssl-socket-class' => 'IO::Socket::SSL',
                                                               'client-response-num' => 1,
                                                               'x-fb-trace-id' => 'Fi+sOR+m+Qb',
                                                               '::std_case' => {
                                                                                 'client-response-num' => 'Client-Response-Num',
                                                                                 'x-fb-rev' => 'X-Fb-Rev',
                                                                                 'x-fb-debug' => 'X-FB-Debug',
                                                                                 'access-control-allow-origin' => 'Access-Control-Allow-Origin',
                                                                                 'client-ssl-cert-issuer' => 'Client-SSL-Cert-Issuer',
                                                                                 'client-ssl-cipher' => 'Client-SSL-Cipher',
                                                                                 'client-peer' => 'Client-Peer',
                                                                                 'facebook-api-version' => 'Facebook-Api-Version',
                                                                                 'x-fb-trace-id' => 'X-Fb-Trace-Id',
                                                                                 'client-date' => 'Client-Date',
                                                                                 'x-page-usage' => 'X-Page-Usage',
                                                                                 'client-ssl-cert-subject' => 'Client-SSL-Cert-Subject',
                                                                                 'client-ssl-socket-class' => 'Client-SSL-Socket-Class'
                                                                               },
                                                               'client-ssl-cert-subject' => '/C=US/ST=CA/L=Menlo Park/O=Facebook, Inc./CN=*.facebook.com',
                                                               'expires' => 'Sat, 01 Jan 2000 00:00:00 GMT'
                                                             }, 'HTTP::Headers' ),
                                        '_msg' => 'Bad Request',
                                        '_request' => bless( {
                                                               '_content' => 'access_token=EAAPvBQ5tbjMBAOZCljSOHJaa34AP592NeeQe2myDFLNEAveb8YXf1ELXevI1MsTSCTvx2L2cFWYW8BpzTpeb2bydgVyzpzu5UisFemZC1TldMOZBJFnBq5zXzdGyy3ZABg1nUYRZAStCeCeSffZCSQUacCpgMorcec71s7O36CwAZDZD&message=The+Facebook+page+of+The+Huffington+Post+originally+shared+this+article.+According+to+data+gathered+by+the+Pew+Research+Center%2C+Huffington+Post+is+about+equally+trusted+and+distrusted+by+survey+respondents+who+have+heard+of+the+source.+(Over+40%25+of+respondents)+%0D%0AAdditionally%2C+the+research+indicates+that+left-leaning+readers+were+more+likely+to+find+this+source+credible+than+other+readers.+%0D%0A%0D%0AOut+of+the+76%25+of+respondents+who+have+heard+of+Huffington+Post%2C%0D%0A27%25%09trusted+the+news+source%2C%0D%0A27%25%09distrusted+the+news+source%2C+and%0D%0A47%25%09neither+trusted+nor+distrusted+the+news+source.%0D%0A%0D%0ATo+learn+more+about+Pew+Research+Center\'s+study+on+Political+Polarization+%26+Media+Habits%2C+follow+this+link+to+visit+their+report.+https%3A%2F%2Fgoo.gl%2FxwVtjv&link=http%3A%2F%2Fhuff.to%2F2glTZvy&published=true',
                                                               '_uri' => bless( do{\(my $o = 'https://graph.facebook.com/v2.2/1622501708043673/feed')}, 'URI::https' ),
                                                               '_headers' => bless( {
                                                                                      'user-agent' => 'libwww-perl/6.15',
                                                                                      'content-type' => 'application/x-www-form-urlencoded',
                                                                                      'content-length' => 1056,
                                                                                      '::std_case' => {
                                                                                                        'if-ssl-cert-subject' => 'If-SSL-Cert-Subject'
                                                                                                      }
                                                                                    }, 'HTTP::Headers' ),
                                                               '_method' => 'POST',
                                                               '_uri_canonical' => $VAR1->{'response'}{'_request'}{'_uri'}
                                                             }, 'HTTP::Request' )
                                      }, 'HTTP::Response' )
               }, 'Facebook::Graph::Response' );

HuffPost Women
-----------------------------

PBS News Hour
-----------------------------

ATTN:
-----------------------------

Reuters
-----------------------------
$VAR1 = {
          'link' => 'http://reut.rs/2fD7B3f',
          'caption' => 'www.reuters.com',
          'created_time' => '2016-11-28T04:05:11+0000',
          'name' => 'Dollar gives in to gravity and drops as U.S. yields extend fall',
          'id' => '114050161948682_1302195486467471',
          'message' => 'The dollar gave in to gravity on Monday and pulled further away from near 14-year highs as U.S. Treasury yields eased from recent peaks.'
        };

Domain: reuters.com

NowThis
-----------------------------

Daily Caller
-----------------------------
$VAR1 = {
          'link' => 'http://trib.al/rReVCPB',
          'caption' => 'dailycaller.com',
          'created_time' => '2016-11-28T04:09:41+0000',
          'name' => 'Majority Of Voters Comfortable With Republicans In Power',
          'id' => '182919686769_10153992564136770',
          'message' => 'A majority of voters reported they felt comfortable under Republican rule, according to a Sunday poll released by Rasmussen.'
        };

Domain: dailycaller.com

CNBC
-----------------------------
$VAR1 = {
          'link' => 'http://cnb.cx/2gzUXnS',
          'caption' => 'cnbc.com',
          'created_time' => '2016-11-28T04:00:52+0000',
          'name' => 'A former FBI hostage negotiator says these 2 words are crucial in any negotiation',
          'id' => '97212224368_10154927678069369',
          'message' => 'Want to win every argument?'
        };

Domain: cnbc.com

The Onion
-----------------------------

Opposing Views
-----------------------------

the Today Show
-----------------------------

Kotaku
-----------------------------

Washington Post
-----------------------------

the American Center for Law and Justice
-----------------------------
$VAR1 = {
          'link' => 'https://www.facebook.com/theACLJ/videos/10153912262275047/',
          'created_time' => '2016-11-28T04:05:25+0000',
          'id' => '58158120046_10153912262275047',
          'message' => 'With deadly attacks from San Bernardino to Orlando, it\'s clear that jihad is in America.  We must destroy this growing cancer before it strikes again.
     
Sign the petition to protect our homeland: http://aclj.us/2gwNtEt'
        };

VICE News
-----------------------------

PBS
-----------------------------

Mother Jones
-----------------------------

HuffPost Good News
-----------------------------

BBC News
-----------------------------
$VAR1 = {
          'link' => 'http://bbc.in/2gNeSmo',
          'caption' => 'bbc.co.uk',
          'created_time' => '2016-11-28T04:09:33+0000',
          'name' => '\'I married a man to protect my girlfriend\'',
          'id' => '228735667216_10154143462172217',
          'message' => '"I was living a happy life with her but I was also under constant pressure to marry." 

100 Women #100women'
        };

Domain: bbc.co.uk
$VAR1 = bless( {
                 'response' => bless( {
                                        '_protocol' => 'HTTP/1.1',
                                        '_content' => '{"error":{"message":"It looks like you were misusing this feature by going too fast. You\\u2019ve been blocked from using it.\\n\\nLearn more about blocks in the Help Center.","type":"OAuthException","code":368,"error_subcode":1390008,"fbtrace_id":"H0bA4Ht\\/uRY"}}',
                                        '_rc' => '400',
                                        '_headers' => bless( {
                                                               'connection' => 'close',
                                                               'cache-control' => 'no-store',
                                                               'x-fb-rev' => '2702404',
                                                               'date' => 'Mon, 28 Nov 2016 04:10:30 GMT',
                                                               'x-fb-debug' => 'IENZ9VpOstt4LJCGYDSB0tATHBdLxVmH9F9lWRuFvhr4PjkWhmXyEiKfUfcbExsOvyr7uPgUNWN22YiHzWFzmQ==',
                                                               'access-control-allow-origin' => '*',
                                                               'vary' => 'Accept-Encoding',
                                                               'client-ssl-cert-issuer' => '/C=US/O=DigiCert Inc/OU=www.digicert.com/CN=DigiCert SHA2 High Assurance Server CA',
                                                               'client-ssl-cipher' => 'ECDHE-ECDSA-AES128-GCM-SHA256',
                                                               'client-peer' => '31.13.65.1:443',
                                                               'facebook-api-version' => 'v2.8',
                                                               'client-date' => 'Mon, 28 Nov 2016 04:10:30 GMT',
                                                               'x-page-usage' => '{"call_count":44,"total_cputime":16,"total_time":21}',
                                                               'content-type' => 'text/javascript; charset=UTF-8',
                                                               'pragma' => 'no-cache',
                                                               'www-authenticate' => 'OAuth "Facebook Platform" "access_denied" "It looks like you were misusing this feature by going too fast. You’ve been blocked from using it.\\n\\nLearn more about blocks in the Help Center."',
                                                               'client-ssl-socket-class' => 'IO::Socket::SSL',
                                                               'client-response-num' => 1,
                                                               'x-fb-trace-id' => 'H0bA4Ht/uRY',
                                                               '::std_case' => {
                                                                                 'client-response-num' => 'Client-Response-Num',
                                                                                 'x-fb-rev' => 'X-Fb-Rev',
                                                                                 'x-fb-debug' => 'X-FB-Debug',
                                                                                 'access-control-allow-origin' => 'Access-Control-Allow-Origin',
                                                                                 'client-ssl-cert-issuer' => 'Client-SSL-Cert-Issuer',
                                                                                 'client-ssl-cipher' => 'Client-SSL-Cipher',
                                                                                 'client-peer' => 'Client-Peer',
                                                                                 'facebook-api-version' => 'Facebook-Api-Version',
                                                                                 'x-fb-trace-id' => 'X-Fb-Trace-Id',
                                                                                 'client-date' => 'Client-Date',
                                                                                 'x-page-usage' => 'X-Page-Usage',
                                                                                 'client-ssl-cert-subject' => 'Client-SSL-Cert-Subject',
                                                                                 'client-ssl-socket-class' => 'Client-SSL-Socket-Class'
                                                                               },
                                                               'client-ssl-cert-subject' => '/C=US/ST=CA/L=Menlo Park/O=Facebook, Inc./CN=*.facebook.com',
                                                               'expires' => 'Sat, 01 Jan 2000 00:00:00 GMT'
                                                             }, 'HTTP::Headers' ),
                                        '_msg' => 'Bad Request',
                                        '_request' => bless( {
                                                               '_content' => 'access_token=EAAPvBQ5tbjMBAOZCljSOHJaa34AP592NeeQe2myDFLNEAveb8YXf1ELXevI1MsTSCTvx2L2cFWYW8BpzTpeb2bydgVyzpzu5UisFemZC1TldMOZBJFnBq5zXzdGyy3ZABg1nUYRZAStCeCeSffZCSQUacCpgMorcec71s7O36CwAZDZD&message=The+Facebook+page+of+BBC+News+originally+shared+this+article.+According+to+data+gathered+by+the+Pew+Research+Center%2C+BBC+is+more+trusted+than+distrusted+by+survey+respondents+who+have+heard+of+the+source.+(Over+40%25+of+respondents)+%0D%0AAdditionally%2C+the+research+indicates+that+left-leaning+readers+and+right-leaning+readers+were+about+equally+as+likely+to+find+this+source+credible.+%0D%0A%0D%0AOut+of+the+76%25+of+respondents+who+have+heard+of+BBC%2C%0D%0A47%25%09trusted+the+news+source%2C%0D%0A10%25%09distrusted+the+news+source%2C+and%0D%0A44%25%09neither+trusted+nor+distrusted+the+news+source.%0D%0A%0D%0ATo+learn+more+about+Pew+Research+Center\'s+study+on+Political+Polarization+%26+Media+Habits%2C+follow+this+link+to+visit+their+report.+https%3A%2F%2Fgoo.gl%2FxwVtjv&link=http%3A%2F%2Fbbc.in%2F2gNeSmo&published=true',
                                                               '_uri' => bless( do{\(my $o = 'https://graph.facebook.com/v2.2/1622501708043673/feed')}, 'URI::https' ),
                                                               '_headers' => bless( {
                                                                                      'user-agent' => 'libwww-perl/6.15',
                                                                                      'content-type' => 'application/x-www-form-urlencoded',
                                                                                      'content-length' => 1031,
                                                                                      '::std_case' => {
                                                                                                        'if-ssl-cert-subject' => 'If-SSL-Cert-Subject'
                                                                                                      }
                                                                                    }, 'HTTP::Headers' ),
                                                               '_method' => 'POST',
                                                               '_uri_canonical' => $VAR1->{'response'}{'_request'}{'_uri'}
                                                             }, 'HTTP::Request' )
                                      }, 'HTTP::Response' )
               }, 'Facebook::Graph::Response' );

Breaking News
-----------------------------
$VAR1 = {
          'link' => 'http://bigstory.ap.org/article/f222bd7b7a4b4a809c18b5a62f2d2436/china-detains-9-managers-after-plant-collapse-kills-74',
          'caption' => 'bigstory.ap.org',
          'created_time' => '2016-11-28T04:07:51+0000',
          'name' => 'China detains 9 managers after plant collapse kills 74',
          'id' => '206703882302_10153835690202303',
          'message' => 'Chinese authorities have detained nine executives responsible for a power plant where 74 workers were killed when an under-construction cooling tower collapsed Wednesday. - Associated Press

Follow updates: http://www.breakingnews.com/topic/jiangxi-china-scaffolding-collapse/'
        };

Domain: ap.org

The Verge
-----------------------------

New York Magazine
-----------------------------

TIME
-----------------------------
$VAR1 = {
          'link' => 'http://ti.me/2geIpST',
          'caption' => 'time.com',
          'created_time' => '2016-11-28T04:00:30+0000',
          'name' => 'The Fasting Diet Improves Your Mood, Sex and Sleep',
          'id' => '10606591490_10154202581696491',
          'message' => 'Turns out the perks might go far beyond a leaner body.'
        };

Domain: time.com

the Business Insider
-----------------------------

ThinkProgress
-----------------------------

POLITICO
-----------------------------
$VAR1 = {
          'link' => 'http://politi.co/2fUimPD',
          'caption' => 'politi.co',
          'created_time' => '2016-11-28T04:00:20+0000',
          'name' => 'Donald Trump and the Rise of Alt-Reality Media',
          'id' => '62317591679_10154036651371680',
          'message' => 'As a #NeverTrumper, I had hoped that the election would prompt a moment of reckoning and introspection. Clearly, that is not going to happen now.

via POLITICO Magazine'
        };

Domain: politi.co

Alias: politico.com
$VAR1 = bless( {
                 'response' => bless( {
                                        '_protocol' => 'HTTP/1.1',
                                        '_content' => '{"error":{"message":"It looks like you were misusing this feature by going too fast. You\\u2019ve been blocked from using it.\\n\\nLearn more about blocks in the Help Center.","type":"OAuthException","code":368,"error_subcode":1390008,"fbtrace_id":"G4eXz3oM6UN"}}',
                                        '_rc' => '400',
                                        '_headers' => bless( {
                                                               'connection' => 'close',
                                                               'cache-control' => 'no-store',
                                                               'x-fb-rev' => '2702404',
                                                               'date' => 'Mon, 28 Nov 2016 04:10:30 GMT',
                                                               'x-fb-debug' => 'UHmV673Xen04e/MBbx2FsfS6vH6nnH4kh5fxFjYyy2+eoPFWqd45yI+47s+IrGHuSz0D5RiUld1cZnhlQ7KWww==',
                                                               'access-control-allow-origin' => '*',
                                                               'vary' => 'Accept-Encoding',
                                                               'client-ssl-cert-issuer' => '/C=US/O=DigiCert Inc/OU=www.digicert.com/CN=DigiCert SHA2 High Assurance Server CA',
                                                               'client-ssl-cipher' => 'ECDHE-ECDSA-AES128-GCM-SHA256',
                                                               'client-peer' => '31.13.65.1:443',
                                                               'facebook-api-version' => 'v2.8',
                                                               'client-date' => 'Mon, 28 Nov 2016 04:10:30 GMT',
                                                               'x-page-usage' => '{"call_count":44,"total_cputime":16,"total_time":21}',
                                                               'content-type' => 'text/javascript; charset=UTF-8',
                                                               'pragma' => 'no-cache',
                                                               'www-authenticate' => 'OAuth "Facebook Platform" "access_denied" "It looks like you were misusing this feature by going too fast. You’ve been blocked from using it.\\n\\nLearn more about blocks in the Help Center."',
                                                               'client-ssl-socket-class' => 'IO::Socket::SSL',
                                                               'client-response-num' => 1,
                                                               'x-fb-trace-id' => 'G4eXz3oM6UN',
                                                               '::std_case' => {
                                                                                 'client-response-num' => 'Client-Response-Num',
                                                                                 'x-fb-rev' => 'X-Fb-Rev',
                                                                                 'x-fb-debug' => 'X-FB-Debug',
                                                                                 'access-control-allow-origin' => 'Access-Control-Allow-Origin',
                                                                                 'client-ssl-cert-issuer' => 'Client-SSL-Cert-Issuer',
                                                                                 'client-ssl-cipher' => 'Client-SSL-Cipher',
                                                                                 'client-peer' => 'Client-Peer',
                                                                                 'facebook-api-version' => 'Facebook-Api-Version',
                                                                                 'x-fb-trace-id' => 'X-Fb-Trace-Id',
                                                                                 'client-date' => 'Client-Date',
                                                                                 'x-page-usage' => 'X-Page-Usage',
                                                                                 'client-ssl-cert-subject' => 'Client-SSL-Cert-Subject',
                                                                                 'client-ssl-socket-class' => 'Client-SSL-Socket-Class'
                                                                               },
                                                               'client-ssl-cert-subject' => '/C=US/ST=CA/L=Menlo Park/O=Facebook, Inc./CN=*.facebook.com',
                                                               'expires' => 'Sat, 01 Jan 2000 00:00:00 GMT'
                                                             }, 'HTTP::Headers' ),
                                        '_msg' => 'Bad Request',
                                        '_request' => bless( {
                                                               '_content' => 'access_token=EAAPvBQ5tbjMBAOZCljSOHJaa34AP592NeeQe2myDFLNEAveb8YXf1ELXevI1MsTSCTvx2L2cFWYW8BpzTpeb2bydgVyzpzu5UisFemZC1TldMOZBJFnBq5zXzdGyy3ZABg1nUYRZAStCeCeSffZCSQUacCpgMorcec71s7O36CwAZDZD&message=The+Facebook+page+of+POLITICO+originally+shared+this+article.+According+to+data+gathered+by+the+Pew+Research+Center%2C+POLITICO+is+more+trusted+than+distrusted+by+survey+respondents+who+have+heard+of+the+source.+%0D%0AAdditionally%2C+the+research+indicates+that+left-leaning+readers+were+more+likely+to+find+this+source+credible+than+other+readers.+%0D%0A%0D%0AOut+of+the+32%25+of+respondents+who+have+heard+of+POLITICO%2C%0D%0A21%25%09trusted+the+news+source%2C%0D%0A16%25%09distrusted+the+news+source%2C+and%0D%0A63%25%09neither+trusted+nor+distrusted+the+news+source.%0D%0A%0D%0ATo+learn+more+about+Pew+Research+Center\'s+study+on+Political+Polarization+%26+Media+Habits%2C+follow+this+link+to+visit+their+report.+https%3A%2F%2Fgoo.gl%2FxwVtjv&link=http%3A%2F%2Fpoliti.co%2F2fUimPD&published=true',
                                                               '_uri' => bless( do{\(my $o = 'https://graph.facebook.com/v2.2/1622501708043673/feed')}, 'URI::https' ),
                                                               '_headers' => bless( {
                                                                                      'user-agent' => 'libwww-perl/6.15',
                                                                                      'content-type' => 'application/x-www-form-urlencoded',
                                                                                      'content-length' => 997,
                                                                                      '::std_case' => {
                                                                                                        'if-ssl-cert-subject' => 'If-SSL-Cert-Subject'
                                                                                                      }
                                                                                    }, 'HTTP::Headers' ),
                                                               '_method' => 'POST',
                                                               '_uri_canonical' => $VAR1->{'response'}{'_request'}{'_uri'}
                                                             }, 'HTTP::Request' )
                                      }, 'HTTP::Response' )
               }, 'Facebook::Graph::Response' );

USA TODAY
-----------------------------

American News
-----------------------------

ABC News
-----------------------------
$VAR1 = {
          'link' => 'https://www.facebook.com/ABCNews/videos/10155063896398812/',
          'created_time' => '2016-11-28T04:02:23+0000',
          'name' => 'Cruz Praises Possible Cabinet Picks Romney, Giuliani',
          'id' => '86680728811_10155063896398812',
          'message' => 'Ted Cruz says "both Rudy and Mitt are good, capable, serious men": "The fact that we are talking about two individuals of that caliber really reflects what we\'re seeing in the Trump administration, which is this is a team of all stars that are coming together." http://abcn.ws/2gzExMf'
        };

HuffPost Politics
-----------------------------
$VAR1 = {
          'link' => 'http://huff.to/2fTZDnD',
          'caption' => 'huffingtonpost.com',
          'created_time' => '2016-11-28T04:00:17+0000',
          'name' => 'Reince Priebus: Trump Will Undo U.S.-Cuba Ties Absent New Concessions',
          'id' => '56845382910_10154545799982911',
          'message' => "\x{201c}We\x{2019}re not going to have a unilateral deal coming from Cuba back to the United States without some changes in their government.\""
        };

Domain: huffingtonpost.com
$VAR1 = bless( {
                 'response' => bless( {
                                        '_protocol' => 'HTTP/1.1',
                                        '_content' => '{"error":{"message":"It looks like you were misusing this feature by going too fast. You\\u2019ve been blocked from using it.\\n\\nLearn more about blocks in the Help Center.","type":"OAuthException","code":368,"error_subcode":1390008,"fbtrace_id":"DkPx54S9sKk"}}',
                                        '_rc' => '400',
                                        '_headers' => bless( {
                                                               'connection' => 'close',
                                                               'cache-control' => 'no-store',
                                                               'x-fb-rev' => '2702404',
                                                               'date' => 'Mon, 28 Nov 2016 04:10:30 GMT',
                                                               'x-fb-debug' => 'Ikre7KyyOWrtjjtxEX3BeXCOKhg+jWCxf3/5bNx8N9fKa2sB01C56b73leXLBHButUReKo2nfIY84LtGp9Ap7g==',
                                                               'access-control-allow-origin' => '*',
                                                               'vary' => 'Accept-Encoding',
                                                               'client-ssl-cert-issuer' => '/C=US/O=DigiCert Inc/OU=www.digicert.com/CN=DigiCert SHA2 High Assurance Server CA',
                                                               'client-ssl-cipher' => 'ECDHE-ECDSA-AES128-GCM-SHA256',
                                                               'client-peer' => '31.13.65.1:443',
                                                               'facebook-api-version' => 'v2.8',
                                                               'client-date' => 'Mon, 28 Nov 2016 04:10:30 GMT',
                                                               'x-page-usage' => '{"call_count":44,"total_cputime":16,"total_time":21}',
                                                               'content-type' => 'text/javascript; charset=UTF-8',
                                                               'pragma' => 'no-cache',
                                                               'www-authenticate' => 'OAuth "Facebook Platform" "access_denied" "It looks like you were misusing this feature by going too fast. You’ve been blocked from using it.\\n\\nLearn more about blocks in the Help Center."',
                                                               'client-ssl-socket-class' => 'IO::Socket::SSL',
                                                               'client-response-num' => 1,
                                                               'x-fb-trace-id' => 'DkPx54S9sKk',
                                                               '::std_case' => {
                                                                                 'client-response-num' => 'Client-Response-Num',
                                                                                 'x-fb-rev' => 'X-Fb-Rev',
                                                                                 'x-fb-debug' => 'X-FB-Debug',
                                                                                 'access-control-allow-origin' => 'Access-Control-Allow-Origin',
                                                                                 'client-ssl-cert-issuer' => 'Client-SSL-Cert-Issuer',
                                                                                 'client-ssl-cipher' => 'Client-SSL-Cipher',
                                                                                 'client-peer' => 'Client-Peer',
                                                                                 'facebook-api-version' => 'Facebook-Api-Version',
                                                                                 'x-fb-trace-id' => 'X-Fb-Trace-Id',
                                                                                 'client-date' => 'Client-Date',
                                                                                 'x-page-usage' => 'X-Page-Usage',
                                                                                 'client-ssl-cert-subject' => 'Client-SSL-Cert-Subject',
                                                                                 'client-ssl-socket-class' => 'Client-SSL-Socket-Class'
                                                                               },
                                                               'client-ssl-cert-subject' => '/C=US/ST=CA/L=Menlo Park/O=Facebook, Inc./CN=*.facebook.com',
                                                               'expires' => 'Sat, 01 Jan 2000 00:00:00 GMT'
                                                             }, 'HTTP::Headers' ),
                                        '_msg' => 'Bad Request',
                                        '_request' => bless( {
                                                               '_content' => 'access_token=EAAPvBQ5tbjMBAOZCljSOHJaa34AP592NeeQe2myDFLNEAveb8YXf1ELXevI1MsTSCTvx2L2cFWYW8BpzTpeb2bydgVyzpzu5UisFemZC1TldMOZBJFnBq5zXzdGyy3ZABg1nUYRZAStCeCeSffZCSQUacCpgMorcec71s7O36CwAZDZD&message=The+Facebook+page+of+HuffPost+Politics+originally+shared+this+article.+According+to+data+gathered+by+the+Pew+Research+Center%2C+Huffington+Post+is+about+equally+trusted+and+distrusted+by+survey+respondents+who+have+heard+of+the+source.+(Over+40%25+of+respondents)+%0D%0AAdditionally%2C+the+research+indicates+that+left-leaning+readers+were+more+likely+to+find+this+source+credible+than+other+readers.+%0D%0A%0D%0AOut+of+the+76%25+of+respondents+who+have+heard+of+Huffington+Post%2C%0D%0A27%25%09trusted+the+news+source%2C%0D%0A27%25%09distrusted+the+news+source%2C+and%0D%0A47%25%09neither+trusted+nor+distrusted+the+news+source.%0D%0A%0D%0ATo+learn+more+about+Pew+Research+Center\'s+study+on+Political+Polarization+%26+Media+Habits%2C+follow+this+link+to+visit+their+report.+https%3A%2F%2Fgoo.gl%2FxwVtjv&link=http%3A%2F%2Fhuff.to%2F2fTZDnD&published=true',
                                                               '_uri' => bless( do{\(my $o = 'https://graph.facebook.com/v2.2/1622501708043673/feed')}, 'URI::https' ),
                                                               '_headers' => bless( {
                                                                                      'user-agent' => 'libwww-perl/6.15',
                                                                                      'content-type' => 'application/x-www-form-urlencoded',
                                                                                      'content-length' => 1054,
                                                                                      '::std_case' => {
                                                                                                        'if-ssl-cert-subject' => 'If-SSL-Cert-Subject'
                                                                                                      }
                                                                                    }, 'HTTP::Headers' ),
                                                               '_method' => 'POST',
                                                               '_uri_canonical' => $VAR1->{'response'}{'_request'}{'_uri'}
                                                             }, 'HTTP::Request' )
                                      }, 'HTTP::Response' )
               }, 'Facebook::Graph::Response' );

NBC News
-----------------------------
$VAR1 = {
          'link' => 'http://nbcnews.to/2fpYHWK',
          'caption' => 'nbcnews.com',
          'created_time' => '2016-11-28T04:00:40+0000',
          'name' => 'See the incredible basketball shot that set a new world record',
          'id' => '155869377766434_1585861921433832',
          'message' => 'Nothing but net!'
        };

Domain: nbcnews.com
$VAR1 = bless( {
                 'response' => bless( {
                                        '_protocol' => 'HTTP/1.1',
                                        '_content' => '{"error":{"message":"It looks like you were misusing this feature by going too fast. You\\u2019ve been blocked from using it.\\n\\nLearn more about blocks in the Help Center.","type":"OAuthException","code":368,"error_subcode":1390008,"fbtrace_id":"C8j3EmGLCc0"}}',
                                        '_rc' => '400',
                                        '_headers' => bless( {
                                                               'connection' => 'close',
                                                               'cache-control' => 'no-store',
                                                               'x-fb-rev' => '2702404',
                                                               'date' => 'Mon, 28 Nov 2016 04:10:31 GMT',
                                                               'x-fb-debug' => 'LSS9HpHAg0K9nNhsVtGA+Vr1tpFarXnxf9jibM/WseBI3LG++upPzGqKLGMW4QUIsaUzyrpNIqWn7EfzZ4ceCg==',
                                                               'access-control-allow-origin' => '*',
                                                               'vary' => 'Accept-Encoding',
                                                               'client-ssl-cert-issuer' => '/C=US/O=DigiCert Inc/OU=www.digicert.com/CN=DigiCert SHA2 High Assurance Server CA',
                                                               'client-ssl-cipher' => 'ECDHE-ECDSA-AES128-GCM-SHA256',
                                                               'client-peer' => '31.13.65.1:443',
                                                               'facebook-api-version' => 'v2.8',
                                                               'client-date' => 'Mon, 28 Nov 2016 04:10:31 GMT',
                                                               'x-page-usage' => '{"call_count":44,"total_cputime":16,"total_time":21}',
                                                               'content-type' => 'text/javascript; charset=UTF-8',
                                                               'pragma' => 'no-cache',
                                                               'www-authenticate' => 'OAuth "Facebook Platform" "access_denied" "It looks like you were misusing this feature by going too fast. You’ve been blocked from using it.\\n\\nLearn more about blocks in the Help Center."',
                                                               'client-ssl-socket-class' => 'IO::Socket::SSL',
                                                               'client-response-num' => 1,
                                                               'x-fb-trace-id' => 'C8j3EmGLCc0',
                                                               '::std_case' => {
                                                                                 'client-response-num' => 'Client-Response-Num',
                                                                                 'x-fb-rev' => 'X-Fb-Rev',
                                                                                 'x-fb-debug' => 'X-FB-Debug',
                                                                                 'access-control-allow-origin' => 'Access-Control-Allow-Origin',
                                                                                 'client-ssl-cert-issuer' => 'Client-SSL-Cert-Issuer',
                                                                                 'client-ssl-cipher' => 'Client-SSL-Cipher',
                                                                                 'client-peer' => 'Client-Peer',
                                                                                 'facebook-api-version' => 'Facebook-Api-Version',
                                                                                 'x-fb-trace-id' => 'X-Fb-Trace-Id',
                                                                                 'client-date' => 'Client-Date',
                                                                                 'x-page-usage' => 'X-Page-Usage',
                                                                                 'client-ssl-cert-subject' => 'Client-SSL-Cert-Subject',
                                                                                 'client-ssl-socket-class' => 'Client-SSL-Socket-Class'
                                                                               },
                                                               'client-ssl-cert-subject' => '/C=US/ST=CA/L=Menlo Park/O=Facebook, Inc./CN=*.facebook.com',
                                                               'expires' => 'Sat, 01 Jan 2000 00:00:00 GMT'
                                                             }, 'HTTP::Headers' ),
                                        '_msg' => 'Bad Request',
                                        '_request' => bless( {
                                                               '_content' => 'access_token=EAAPvBQ5tbjMBAOZCljSOHJaa34AP592NeeQe2myDFLNEAveb8YXf1ELXevI1MsTSCTvx2L2cFWYW8BpzTpeb2bydgVyzpzu5UisFemZC1TldMOZBJFnBq5zXzdGyy3ZABg1nUYRZAStCeCeSffZCSQUacCpgMorcec71s7O36CwAZDZD&message=The+Facebook+page+of+NBC+News+originally+shared+this+article.+According+to+data+gathered+by+the+Pew+Research+Center%2C+NBC+News+is+more+trusted+than+distrusted+by+survey+respondents+who+have+heard+of+the+source.+(Over+40%25+of+respondents)+%0D%0AAdditionally%2C+the+research+indicates+that+left-leaning+readers+were+more+likely+to+find+this+source+credible+than+other+readers.+%0D%0A%0D%0AOut+of+the+94%25+of+respondents+who+have+heard+of+NBC+News%2C%0D%0A53%25%09trusted+the+news+source%2C%0D%0A20%25%09distrusted+the+news+source%2C+and%0D%0A26%25%09neither+trusted+nor+distrusted+the+news+source.%0D%0A%0D%0ATo+learn+more+about+Pew+Research+Center\'s+study+on+Political+Polarization+%26+Media+Habits%2C+follow+this+link+to+visit+their+report.+https%3A%2F%2Fgoo.gl%2FxwVtjv&link=http%3A%2F%2Fnbcnews.to%2F2fpYHWK&published=true',
                                                               '_uri' => bless( do{\(my $o = 'https://graph.facebook.com/v2.2/1622501708043673/feed')}, 'URI::https' ),
                                                               '_headers' => bless( {
                                                                                      'user-agent' => 'libwww-perl/6.15',
                                                                                      'content-type' => 'application/x-www-form-urlencoded',
                                                                                      'content-length' => 1026,
                                                                                      '::std_case' => {
                                                                                                        'if-ssl-cert-subject' => 'If-SSL-Cert-Subject'
                                                                                                      }
                                                                                    }, 'HTTP::Headers' ),
                                                               '_method' => 'POST',
                                                               '_uri_canonical' => $VAR1->{'response'}{'_request'}{'_uri'}
                                                             }, 'HTTP::Request' )
                                      }, 'HTTP::Response' )
               }, 'Facebook::Graph::Response' );

AJ+
-----------------------------

Wikileaks
-----------------------------

CNNMoney
-----------------------------
$VAR1 = {
          'link' => 'https://www.facebook.com/cnnmoney/videos/10154131172358067/',
          'created_time' => '2016-11-28T04:04:02+0000',
          'name' => 'Luigi the robot is scouring your city\'s sewers',
          'id' => '6651543066_10154131172358067',
          'message' => 'We\'ve seen used robots as personal assistants, emergency rescuers and even hotel concierges -- but what if they could also do our dirty work? http://cnnmon.ie/2fwUtQo Via CNNTech'
        };

ABC News Politics
-----------------------------

Right Wing News
-----------------------------

The Wall Street Journal
-----------------------------
$VAR1 = {
          'link' => 'https://www.facebook.com/wsj/videos/10155006697283128/',
          'created_time' => '2016-11-28T04:00:58+0000',
          'id' => '8304333127_10155006697283128',
          'message' => "India's crackdown on the hoarding of notes has left many Indians hungry for cash, and some with sackfuls of large bills they are unable to spend or deposit. The Wall Street Journal's Eric Bellman and Newley Purnell discuss Prime Minister Narendra Modi's move to replace old 500-rupee (\$7.27) and 1,000-rupee (\$14.54) notes, which made up 86.4% of the country\x{2019}s circulating currency two weeks ago. They are taking your questions now, so ask away! #FacebookLive"
        };
$VAR1 = {
          'link' => 'http://on.wsj.com/2g8CMaS',
          'caption' => 'wsj.com',
          'created_time' => '2016-11-28T04:00:25+0000',
          'name' => 'Deal for Carrier to Keep U.S. Plant Open May Hinge on Tax Overhaul',
          'id' => '8304333127_10155006716763128',
          'message' => "The discussions include the conglomerate\x{2019}s plans to shift more than 2,000 jobs from Indiana to Mexico."
        };

Domain: wsj.com
$VAR1 = bless( {
                 'response' => bless( {
                                        '_protocol' => 'HTTP/1.1',
                                        '_content' => '{"error":{"message":"It looks like you were misusing this feature by going too fast. You\\u2019ve been blocked from using it.\\n\\nLearn more about blocks in the Help Center.","type":"OAuthException","code":368,"error_subcode":1390008,"fbtrace_id":"CCiPXKu5B6D"}}',
                                        '_rc' => '400',
                                        '_headers' => bless( {
                                                               'connection' => 'close',
                                                               'cache-control' => 'no-store',
                                                               'x-fb-rev' => '2702404',
                                                               'date' => 'Mon, 28 Nov 2016 04:10:31 GMT',
                                                               'x-fb-debug' => 'U+mxgIt5dMnC8iZVlQfiRsWwtEKsoOw98t92Shoa7/DV9aCGjIFE41/53MP1fADQjZmUbGEr3oVVWP+BAg9HWA==',
                                                               'access-control-allow-origin' => '*',
                                                               'vary' => 'Accept-Encoding',
                                                               'client-ssl-cert-issuer' => '/C=US/O=DigiCert Inc/OU=www.digicert.com/CN=DigiCert SHA2 High Assurance Server CA',
                                                               'client-ssl-cipher' => 'ECDHE-ECDSA-AES128-GCM-SHA256',
                                                               'client-peer' => '31.13.65.1:443',
                                                               'facebook-api-version' => 'v2.8',
                                                               'client-date' => 'Mon, 28 Nov 2016 04:10:31 GMT',
                                                               'x-page-usage' => '{"call_count":44,"total_cputime":16,"total_time":21}',
                                                               'content-type' => 'text/javascript; charset=UTF-8',
                                                               'pragma' => 'no-cache',
                                                               'www-authenticate' => 'OAuth "Facebook Platform" "access_denied" "It looks like you were misusing this feature by going too fast. You’ve been blocked from using it.\\n\\nLearn more about blocks in the Help Center."',
                                                               'client-ssl-socket-class' => 'IO::Socket::SSL',
                                                               'client-response-num' => 1,
                                                               'x-fb-trace-id' => 'CCiPXKu5B6D',
                                                               '::std_case' => {
                                                                                 'client-response-num' => 'Client-Response-Num',
                                                                                 'x-fb-rev' => 'X-Fb-Rev',
                                                                                 'x-fb-debug' => 'X-FB-Debug',
                                                                                 'access-control-allow-origin' => 'Access-Control-Allow-Origin',
                                                                                 'client-ssl-cert-issuer' => 'Client-SSL-Cert-Issuer',
                                                                                 'client-ssl-cipher' => 'Client-SSL-Cipher',
                                                                                 'client-peer' => 'Client-Peer',
                                                                                 'facebook-api-version' => 'Facebook-Api-Version',
                                                                                 'x-fb-trace-id' => 'X-Fb-Trace-Id',
                                                                                 'client-date' => 'Client-Date',
                                                                                 'x-page-usage' => 'X-Page-Usage',
                                                                                 'client-ssl-cert-subject' => 'Client-SSL-Cert-Subject',
                                                                                 'client-ssl-socket-class' => 'Client-SSL-Socket-Class'
                                                                               },
                                                               'client-ssl-cert-subject' => '/C=US/ST=CA/L=Menlo Park/O=Facebook, Inc./CN=*.facebook.com',
                                                               'expires' => 'Sat, 01 Jan 2000 00:00:00 GMT'
                                                             }, 'HTTP::Headers' ),
                                        '_msg' => 'Bad Request',
                                        '_request' => bless( {
                                                               '_content' => 'access_token=EAAPvBQ5tbjMBAOZCljSOHJaa34AP592NeeQe2myDFLNEAveb8YXf1ELXevI1MsTSCTvx2L2cFWYW8BpzTpeb2bydgVyzpzu5UisFemZC1TldMOZBJFnBq5zXzdGyy3ZABg1nUYRZAStCeCeSffZCSQUacCpgMorcec71s7O36CwAZDZD&message=The+Facebook+page+of+The+Wall+Street+Journal+originally+shared+this+article.+According+to+data+gathered+by+the+Pew+Research+Center%2C+The+Wall+Street+Journal+is+more+trusted+than+distrusted+by+survey+respondents+who+have+heard+of+the+source.+(Over+40%25+of+respondents)+%0D%0AAdditionally%2C+the+research+indicates+that+left-leaning+readers+and+right-leaning+readers+were+about+equally+as+likely+to+find+this+source+credible.+%0D%0A%0D%0AOut+of+the+82%25+of+respondents+who+have+heard+of+The+Wall+Street+Journal%2C%0D%0A38%25%09trusted+the+news+source%2C%0D%0A12%25%09distrusted+the+news+source%2C+and%0D%0A49%25%09neither+trusted+nor+distrusted+the+news+source.%0D%0A%0D%0ATo+learn+more+about+Pew+Research+Center\'s+study+on+Political+Polarization+%26+Media+Habits%2C+follow+this+link+to+visit+their+report.+https%3A%2F%2Fgoo.gl%2FxwVtjv&link=http%3A%2F%2Fon.wsj.com%2F2g8CMaS&published=true',
                                                               '_uri' => bless( do{\(my $o = 'https://graph.facebook.com/v2.2/1622501708043673/feed')}, 'URI::https' ),
                                                               '_headers' => bless( {
                                                                                      'user-agent' => 'libwww-perl/6.15',
                                                                                      'content-type' => 'application/x-www-form-urlencoded',
                                                                                      'content-length' => 1090,
                                                                                      '::std_case' => {
                                                                                                        'if-ssl-cert-subject' => 'If-SSL-Cert-Subject'
                                                                                                      }
                                                                                    }, 'HTTP::Headers' ),
                                                               '_method' => 'POST',
                                                               '_uri_canonical' => $VAR1->{'response'}{'_request'}{'_uri'}
                                                             }, 'HTTP::Request' )
                                      }, 'HTTP::Response' )
               }, 'Facebook::Graph::Response' );

MSNBC
-----------------------------

the Drudge Report
-----------------------------

Mic
-----------------------------

The Economist
-----------------------------

Bloomberg Politics
-----------------------------

CBS News
-----------------------------

The Young Turks
-----------------------------

Occupy Democrats
-----------------------------

CBC News
-----------------------------

Newsweek
-----------------------------

CNN International
-----------------------------

The New Yorker
-----------------------------
$VAR1 = {
          'link' => 'https://www.facebook.com/newyorker/photos/a.430906773868.229225.9258148868/10154226066513869/?type=3',
          'created_time' => '2016-11-28T04:08:06+0000',
          'name' => 'Timeline Photos',
          'id' => '9258148868_10154226066513869',
          'message' => 'A cartoon by Charlie Hankin. See more cartoons with our randomizer: http://nyer.cm/dopa2OO'
        };
$VAR1 = {
          'link' => 'http://nyer.cm/IgpAiXw',
          'caption' => 'newyorker.com',
          'created_time' => '2016-11-28T04:00:46+0000',
          'name' => 'Passion',
          'id' => '9258148868_10154226034933869',
          'message' => "A young woman is tempted by her boyfriend\x{2019}s brother, a charismatic doctor with a drinking problem, in this 2004 story by Alice Munro."
        };

Domain: newyorker.com
$VAR1 = bless( {
                 'response' => bless( {
                                        '_protocol' => 'HTTP/1.1',
                                        '_content' => '{"error":{"message":"It looks like you were misusing this feature by going too fast. You\\u2019ve been blocked from using it.\\n\\nLearn more about blocks in the Help Center.","type":"OAuthException","code":368,"error_subcode":1390008,"fbtrace_id":"Fq99y0jAVCk"}}',
                                        '_rc' => '400',
                                        '_headers' => bless( {
                                                               'connection' => 'close',
                                                               'cache-control' => 'no-store',
                                                               'x-fb-rev' => '2702404',
                                                               'date' => 'Mon, 28 Nov 2016 04:10:31 GMT',
                                                               'x-fb-debug' => 'TIScOH+k+IiOfK+gGakx73dFjA9815gAtYLSwB59Aty3zaBDrCwfcUcHbIkuvyIJ/FwwznJauTJ+ai2Jq/z1bA==',
                                                               'access-control-allow-origin' => '*',
                                                               'vary' => 'Accept-Encoding',
                                                               'client-ssl-cert-issuer' => '/C=US/O=DigiCert Inc/OU=www.digicert.com/CN=DigiCert SHA2 High Assurance Server CA',
                                                               'client-ssl-cipher' => 'ECDHE-ECDSA-AES128-GCM-SHA256',
                                                               'client-peer' => '31.13.65.1:443',
                                                               'facebook-api-version' => 'v2.8',
                                                               'client-date' => 'Mon, 28 Nov 2016 04:10:31 GMT',
                                                               'x-page-usage' => '{"call_count":44,"total_cputime":16,"total_time":21}',
                                                               'content-type' => 'text/javascript; charset=UTF-8',
                                                               'pragma' => 'no-cache',
                                                               'www-authenticate' => 'OAuth "Facebook Platform" "access_denied" "It looks like you were misusing this feature by going too fast. You’ve been blocked from using it.\\n\\nLearn more about blocks in the Help Center."',
                                                               'client-ssl-socket-class' => 'IO::Socket::SSL',
                                                               'client-response-num' => 1,
                                                               'x-fb-trace-id' => 'Fq99y0jAVCk',
                                                               '::std_case' => {
                                                                                 'client-response-num' => 'Client-Response-Num',
                                                                                 'x-fb-rev' => 'X-Fb-Rev',
                                                                                 'x-fb-debug' => 'X-FB-Debug',
                                                                                 'access-control-allow-origin' => 'Access-Control-Allow-Origin',
                                                                                 'client-ssl-cert-issuer' => 'Client-SSL-Cert-Issuer',
                                                                                 'client-ssl-cipher' => 'Client-SSL-Cipher',
                                                                                 'client-peer' => 'Client-Peer',
                                                                                 'facebook-api-version' => 'Facebook-Api-Version',
                                                                                 'x-fb-trace-id' => 'X-Fb-Trace-Id',
                                                                                 'client-date' => 'Client-Date',
                                                                                 'x-page-usage' => 'X-Page-Usage',
                                                                                 'client-ssl-cert-subject' => 'Client-SSL-Cert-Subject',
                                                                                 'client-ssl-socket-class' => 'Client-SSL-Socket-Class'
                                                                               },
                                                               'client-ssl-cert-subject' => '/C=US/ST=CA/L=Menlo Park/O=Facebook, Inc./CN=*.facebook.com',
                                                               'expires' => 'Sat, 01 Jan 2000 00:00:00 GMT'
                                                             }, 'HTTP::Headers' ),
                                        '_msg' => 'Bad Request',
                                        '_request' => bless( {
                                                               '_content' => 'access_token=EAAPvBQ5tbjMBAOZCljSOHJaa34AP592NeeQe2myDFLNEAveb8YXf1ELXevI1MsTSCTvx2L2cFWYW8BpzTpeb2bydgVyzpzu5UisFemZC1TldMOZBJFnBq5zXzdGyy3ZABg1nUYRZAStCeCeSffZCSQUacCpgMorcec71s7O36CwAZDZD&message=The+Facebook+page+of+The+New+Yorker+originally+shared+this+article.+According+to+data+gathered+by+the+Pew+Research+Center%2C+The+New+Yorker+is+more+trusted+than+distrusted+by+survey+respondents+who+have+heard+of+the+source.+(Over+40%25+of+respondents)+%0D%0AAdditionally%2C+the+research+indicates+that+left-leaning+readers+were+more+likely+to+find+this+source+credible+than+other+readers.+%0D%0A%0D%0AOut+of+the+65%25+of+respondents+who+have+heard+of+The+New+Yorker%2C%0D%0A22%25%09trusted+the+news+source%2C%0D%0A15%25%09distrusted+the+news+source%2C+and%0D%0A62%25%09neither+trusted+nor+distrusted+the+news+source.%0D%0A%0D%0ATo+learn+more+about+Pew+Research+Center\'s+study+on+Political+Polarization+%26+Media+Habits%2C+follow+this+link+to+visit+their+report.+https%3A%2F%2Fgoo.gl%2FxwVtjv&link=http%3A%2F%2Fnyer.cm%2FIgpAiXw&published=true',
                                                               '_uri' => bless( do{\(my $o = 'https://graph.facebook.com/v2.2/1622501708043673/feed')}, 'URI::https' ),
                                                               '_headers' => bless( {
                                                                                      'user-agent' => 'libwww-perl/6.15',
                                                                                      'content-type' => 'application/x-www-form-urlencoded',
                                                                                      'content-length' => 1041,
                                                                                      '::std_case' => {
                                                                                                        'if-ssl-cert-subject' => 'If-SSL-Cert-Subject'
                                                                                                      }
                                                                                    }, 'HTTP::Headers' ),
                                                               '_method' => 'POST',
                                                               '_uri_canonical' => $VAR1->{'response'}{'_request'}{'_uri'}
                                                             }, 'HTTP::Request' )
                                      }, 'HTTP::Response' )
               }, 'Facebook::Graph::Response' );

Rush Limbaugh
-----------------------------

The Independent
-----------------------------
$VAR1 = {
          'link' => 'http://www.independent.co.uk/life-style/health-and-families/features/people-over-65-shared-their-greatest-regret-in-life-the-most-common-one-may-surprise-you-a6800851.html?cmpid=facebook-post',
          'caption' => 'independent.co.uk',
          'created_time' => '2016-11-28T04:01:00+0000',
          'name' => 'People over 65 shared their greatest regret in life',
          'id' => '13312631635_10154221376471636',
          'message' => 'The most common one may surprise you'
        };

Domain: independent.co.uk

TheBlaze
-----------------------------

NPR Politics
-----------------------------

The New York Times
-----------------------------

NPR
-----------------------------

MSN
-----------------------------

CNN Politics
-----------------------------

The Daily Show
-----------------------------

Daily Kos
-----------------------------

Yahoo News
-----------------------------

The Guardian
-----------------------------

CNN
-----------------------------

Slate.com
-----------------------------
$VAR1 = {
          'link' => 'http://slate.me/2fPLc3N',
          'caption' => 'slate.com',
          'created_time' => '2016-11-28T04:03:06+0000',
          'name' => 'Starry Starry Swing',
          'id' => '21516776437_10154585835686438',
          'message' => "Wanna swing over the stars? In Z\x{fc}rich you can, thanks to the Starfield art exhibit."
        };

Domain: slate.com
$VAR1 = bless( {
                 'response' => bless( {
                                        '_protocol' => 'HTTP/1.1',
                                        '_content' => '{"error":{"message":"It looks like you were misusing this feature by going too fast. You\\u2019ve been blocked from using it.\\n\\nLearn more about blocks in the Help Center.","type":"OAuthException","code":368,"error_subcode":1390008,"fbtrace_id":"AgqaVV99aTZ"}}',
                                        '_rc' => '400',
                                        '_headers' => bless( {
                                                               'connection' => 'close',
                                                               'cache-control' => 'no-store',
                                                               'x-fb-rev' => '2702404',
                                                               'date' => 'Mon, 28 Nov 2016 04:10:32 GMT',
                                                               'x-fb-debug' => 'pZOSL6Uy3srOxryfpBN/8zBCJHVa+f3NqDbS01T/XU6JyCfv76GoWQmbAyLs0dCdwwgJ7w8B9RkNwzTe9YPZuw==',
                                                               'access-control-allow-origin' => '*',
                                                               'vary' => 'Accept-Encoding',
                                                               'client-ssl-cert-issuer' => '/C=US/O=DigiCert Inc/OU=www.digicert.com/CN=DigiCert SHA2 High Assurance Server CA',
                                                               'client-ssl-cipher' => 'ECDHE-ECDSA-AES128-GCM-SHA256',
                                                               'client-peer' => '31.13.65.1:443',
                                                               'facebook-api-version' => 'v2.8',
                                                               'client-date' => 'Mon, 28 Nov 2016 04:10:32 GMT',
                                                               'x-page-usage' => '{"call_count":44,"total_cputime":16,"total_time":21}',
                                                               'content-type' => 'text/javascript; charset=UTF-8',
                                                               'pragma' => 'no-cache',
                                                               'www-authenticate' => 'OAuth "Facebook Platform" "access_denied" "It looks like you were misusing this feature by going too fast. You’ve been blocked from using it.\\n\\nLearn more about blocks in the Help Center."',
                                                               'client-ssl-socket-class' => 'IO::Socket::SSL',
                                                               'client-response-num' => 1,
                                                               'x-fb-trace-id' => 'AgqaVV99aTZ',
                                                               '::std_case' => {
                                                                                 'client-response-num' => 'Client-Response-Num',
                                                                                 'x-fb-rev' => 'X-Fb-Rev',
                                                                                 'x-fb-debug' => 'X-FB-Debug',
                                                                                 'access-control-allow-origin' => 'Access-Control-Allow-Origin',
                                                                                 'client-ssl-cert-issuer' => 'Client-SSL-Cert-Issuer',
                                                                                 'client-ssl-cipher' => 'Client-SSL-Cipher',
                                                                                 'client-peer' => 'Client-Peer',
                                                                                 'facebook-api-version' => 'Facebook-Api-Version',
                                                                                 'x-fb-trace-id' => 'X-Fb-Trace-Id',
                                                                                 'client-date' => 'Client-Date',
                                                                                 'x-page-usage' => 'X-Page-Usage',
                                                                                 'client-ssl-cert-subject' => 'Client-SSL-Cert-Subject',
                                                                                 'client-ssl-socket-class' => 'Client-SSL-Socket-Class'
                                                                               },
                                                               'client-ssl-cert-subject' => '/C=US/ST=CA/L=Menlo Park/O=Facebook, Inc./CN=*.facebook.com',
                                                               'expires' => 'Sat, 01 Jan 2000 00:00:00 GMT'
                                                             }, 'HTTP::Headers' ),
                                        '_msg' => 'Bad Request',
                                        '_request' => bless( {
                                                               '_content' => 'access_token=EAAPvBQ5tbjMBAOZCljSOHJaa34AP592NeeQe2myDFLNEAveb8YXf1ELXevI1MsTSCTvx2L2cFWYW8BpzTpeb2bydgVyzpzu5UisFemZC1TldMOZBJFnBq5zXzdGyy3ZABg1nUYRZAStCeCeSffZCSQUacCpgMorcec71s7O36CwAZDZD&message=The+Facebook+page+of+Slate.com+originally+shared+this+article.+According+to+data+gathered+by+the+Pew+Research+Center%2C+Slate+is+about+equally+trusted+and+distrusted+by+survey+respondents+who+have+heard+of+the+source.+%0D%0AAdditionally%2C+the+research+indicates+that+left-leaning+readers+were+more+likely+to+find+this+source+credible+than+other+readers.+%0D%0A%0D%0AOut+of+the+21%25+of+respondents+who+have+heard+of+Slate%2C%0D%0A17%25%09trusted+the+news+source%2C%0D%0A14%25%09distrusted+the+news+source%2C+and%0D%0A68%25%09neither+trusted+nor+distrusted+the+news+source.%0D%0A%0D%0ATo+learn+more+about+Pew+Research+Center\'s+study+on+Political+Polarization+%26+Media+Habits%2C+follow+this+link+to+visit+their+report.+https%3A%2F%2Fgoo.gl%2FxwVtjv&link=http%3A%2F%2Fslate.me%2F2fPLc3N&published=true',
                                                               '_uri' => bless( do{\(my $o = 'https://graph.facebook.com/v2.2/1622501708043673/feed')}, 'URI::https' ),
                                                               '_headers' => bless( {
                                                                                      'user-agent' => 'libwww-perl/6.15',
                                                                                      'content-type' => 'application/x-www-form-urlencoded',
                                                                                      'content-length' => 999,
                                                                                      '::std_case' => {
                                                                                                        'if-ssl-cert-subject' => 'If-SSL-Cert-Subject'
                                                                                                      }
                                                                                    }, 'HTTP::Headers' ),
                                                               '_method' => 'POST',
                                                               '_uri_canonical' => $VAR1->{'response'}{'_request'}{'_uri'}
                                                             }, 'HTTP::Request' )
                                      }, 'HTTP::Response' )
               }, 'Facebook::Graph::Response' );

the AP
-----------------------------

Sean Hannity
-----------------------------

The Ed Schultz Show
-----------------------------

The Atlantic
-----------------------------

Bloomberg
-----------------------------
$VAR1 = {
          'link' => 'http://bloom.bg/2fqod3e',
          'caption' => 'bloomberg.com',
          'created_time' => '2016-11-28T04:00:30+0000',
          'name' => "Munchery\x{2019}s Struggles Show Just How Hard the Food Delivery Business Is",
          'id' => '266790296879_10154768526641880',
          'message' => 'Food is consistently thrown in the trash or donated.'
        };

Domain: bloomberg.com
$VAR1 = bless( {
                 'response' => bless( {
                                        '_protocol' => 'HTTP/1.1',
                                        '_content' => '{"error":{"message":"It looks like you were misusing this feature by going too fast. You\\u2019ve been blocked from using it.\\n\\nLearn more about blocks in the Help Center.","type":"OAuthException","code":368,"error_subcode":1390008,"fbtrace_id":"FcXzt3XdLFU"}}',
                                        '_rc' => '400',
                                        '_headers' => bless( {
                                                               'connection' => 'close',
                                                               'cache-control' => 'no-store',
                                                               'x-fb-rev' => '2702404',
                                                               'date' => 'Mon, 28 Nov 2016 04:10:32 GMT',
                                                               'x-fb-debug' => 'vPe3bqKhnVNRtkUjoV2beyuZikhEGLw/9XQiCYG3Rfl3f81MXJ1Th2WSVzxuUx8AE0HMjJlnJOScZm4b5xBn2A==',
                                                               'access-control-allow-origin' => '*',
                                                               'vary' => 'Accept-Encoding',
                                                               'client-ssl-cert-issuer' => '/C=US/O=DigiCert Inc/OU=www.digicert.com/CN=DigiCert SHA2 High Assurance Server CA',
                                                               'client-ssl-cipher' => 'ECDHE-ECDSA-AES128-GCM-SHA256',
                                                               'client-peer' => '31.13.65.1:443',
                                                               'facebook-api-version' => 'v2.8',
                                                               'client-date' => 'Mon, 28 Nov 2016 04:10:32 GMT',
                                                               'x-page-usage' => '{"call_count":44,"total_cputime":16,"total_time":21}',
                                                               'content-type' => 'text/javascript; charset=UTF-8',
                                                               'pragma' => 'no-cache',
                                                               'www-authenticate' => 'OAuth "Facebook Platform" "access_denied" "It looks like you were misusing this feature by going too fast. You’ve been blocked from using it.\\n\\nLearn more about blocks in the Help Center."',
                                                               'client-ssl-socket-class' => 'IO::Socket::SSL',
                                                               'client-response-num' => 1,
                                                               'x-fb-trace-id' => 'FcXzt3XdLFU',
                                                               '::std_case' => {
                                                                                 'client-response-num' => 'Client-Response-Num',
                                                                                 'x-fb-rev' => 'X-Fb-Rev',
                                                                                 'x-fb-debug' => 'X-FB-Debug',
                                                                                 'access-control-allow-origin' => 'Access-Control-Allow-Origin',
                                                                                 'client-ssl-cert-issuer' => 'Client-SSL-Cert-Issuer',
                                                                                 'client-ssl-cipher' => 'Client-SSL-Cipher',
                                                                                 'client-peer' => 'Client-Peer',
                                                                                 'facebook-api-version' => 'Facebook-Api-Version',
                                                                                 'x-fb-trace-id' => 'X-Fb-Trace-Id',
                                                                                 'client-date' => 'Client-Date',
                                                                                 'x-page-usage' => 'X-Page-Usage',
                                                                                 'client-ssl-cert-subject' => 'Client-SSL-Cert-Subject',
                                                                                 'client-ssl-socket-class' => 'Client-SSL-Socket-Class'
                                                                               },
                                                               'client-ssl-cert-subject' => '/C=US/ST=CA/L=Menlo Park/O=Facebook, Inc./CN=*.facebook.com',
                                                               'expires' => 'Sat, 01 Jan 2000 00:00:00 GMT'
                                                             }, 'HTTP::Headers' ),
                                        '_msg' => 'Bad Request',
                                        '_request' => bless( {
                                                               '_content' => 'access_token=EAAPvBQ5tbjMBAOZCljSOHJaa34AP592NeeQe2myDFLNEAveb8YXf1ELXevI1MsTSCTvx2L2cFWYW8BpzTpeb2bydgVyzpzu5UisFemZC1TldMOZBJFnBq5zXzdGyy3ZABg1nUYRZAStCeCeSffZCSQUacCpgMorcec71s7O36CwAZDZD&message=The+Facebook+page+of+Bloomberg+originally+shared+this+article.+According+to+data+gathered+by+the+Pew+Research+Center%2C+Bloomberg+is+more+trusted+than+distrusted+by+survey+respondents+who+have+heard+of+the+source.+(Over+40%25+of+respondents)+%0D%0AAdditionally%2C+the+research+indicates+that+left-leaning+readers+were+more+likely+to+find+this+source+credible+than+other+readers.+%0D%0A%0D%0AOut+of+the+60%25+of+respondents+who+have+heard+of+Bloomberg%2C%0D%0A18%25%09trusted+the+news+source%2C%0D%0A13%25%09distrusted+the+news+source%2C+and%0D%0A69%25%09neither+trusted+nor+distrusted+the+news+source.%0D%0A%0D%0ATo+learn+more+about+Pew+Research+Center\'s+study+on+Political+Polarization+%26+Media+Habits%2C+follow+this+link+to+visit+their+report.+https%3A%2F%2Fgoo.gl%2FxwVtjv&link=http%3A%2F%2Fbloom.bg%2F2fqod3e&published=true',
                                                               '_uri' => bless( do{\(my $o = 'https://graph.facebook.com/v2.2/1622501708043673/feed')}, 'URI::https' ),
                                                               '_headers' => bless( {
                                                                                      'user-agent' => 'libwww-perl/6.15',
                                                                                      'content-type' => 'application/x-www-form-urlencoded',
                                                                                      'content-length' => 1027,
                                                                                      '::std_case' => {
                                                                                                        'if-ssl-cert-subject' => 'If-SSL-Cert-Subject'
                                                                                                      }
                                                                                    }, 'HTTP::Headers' ),
                                                               '_method' => 'POST',
                                                               '_uri_canonical' => $VAR1->{'response'}{'_request'}{'_uri'}
                                                             }, 'HTTP::Request' )
                                      }, 'HTTP::Response' )
               }, 'Facebook::Graph::Response' );

BuzzFeed
-----------------------------
$VAR1 = {
          'link' => 'http://bzfd.it/2forBeE',
          'caption' => 'buzzfeed.com',
          'created_time' => '2016-11-28T04:01:01+0000',
          'name' => 'Let\'s Talk Out Our "Gilmore Girls" Revival Feelings',
          'id' => '1318800798260799_2095231517284386',
          'message' => 'How \'bout those last four words, amirite??? (Obviously, SPOILERS WITHIN!)'
        };

Domain: buzzfeed.com
$VAR1 = bless( {
                 'response' => bless( {
                                        '_protocol' => 'HTTP/1.1',
                                        '_content' => '{"error":{"message":"It looks like you were misusing this feature by going too fast. You\\u2019ve been blocked from using it.\\n\\nLearn more about blocks in the Help Center.","type":"OAuthException","code":368,"error_subcode":1390008,"fbtrace_id":"D69KyaqGvfe"}}',
                                        '_rc' => '400',
                                        '_headers' => bless( {
                                                               'connection' => 'close',
                                                               'cache-control' => 'no-store',
                                                               'x-fb-rev' => '2702404',
                                                               'date' => 'Mon, 28 Nov 2016 04:10:32 GMT',
                                                               'x-fb-debug' => 'Rod1SULjE6zgFotQcZSaxMARUS9F0buUCguDJHPtwnjo+KQwiPKEsoKI8TgjEgTOSmPoCOhc7+QZyTGJjRJrAg==',
                                                               'access-control-allow-origin' => '*',
                                                               'vary' => 'Accept-Encoding',
                                                               'client-ssl-cert-issuer' => '/C=US/O=DigiCert Inc/OU=www.digicert.com/CN=DigiCert SHA2 High Assurance Server CA',
                                                               'client-ssl-cipher' => 'ECDHE-ECDSA-AES128-GCM-SHA256',
                                                               'client-peer' => '31.13.65.1:443',
                                                               'facebook-api-version' => 'v2.8',
                                                               'client-date' => 'Mon, 28 Nov 2016 04:10:32 GMT',
                                                               'x-page-usage' => '{"call_count":44,"total_cputime":16,"total_time":21}',
                                                               'content-type' => 'text/javascript; charset=UTF-8',
                                                               'pragma' => 'no-cache',
                                                               'www-authenticate' => 'OAuth "Facebook Platform" "access_denied" "It looks like you were misusing this feature by going too fast. You’ve been blocked from using it.\\n\\nLearn more about blocks in the Help Center."',
                                                               'client-ssl-socket-class' => 'IO::Socket::SSL',
                                                               'client-response-num' => 1,
                                                               'x-fb-trace-id' => 'D69KyaqGvfe',
                                                               '::std_case' => {
                                                                                 'client-response-num' => 'Client-Response-Num',
                                                                                 'x-fb-rev' => 'X-Fb-Rev',
                                                                                 'x-fb-debug' => 'X-FB-Debug',
                                                                                 'access-control-allow-origin' => 'Access-Control-Allow-Origin',
                                                                                 'client-ssl-cert-issuer' => 'Client-SSL-Cert-Issuer',
                                                                                 'client-ssl-cipher' => 'Client-SSL-Cipher',
                                                                                 'client-peer' => 'Client-Peer',
                                                                                 'facebook-api-version' => 'Facebook-Api-Version',
                                                                                 'x-fb-trace-id' => 'X-Fb-Trace-Id',
                                                                                 'client-date' => 'Client-Date',
                                                                                 'x-page-usage' => 'X-Page-Usage',
                                                                                 'client-ssl-cert-subject' => 'Client-SSL-Cert-Subject',
                                                                                 'client-ssl-socket-class' => 'Client-SSL-Socket-Class'
                                                                               },
                                                               'client-ssl-cert-subject' => '/C=US/ST=CA/L=Menlo Park/O=Facebook, Inc./CN=*.facebook.com',
                                                               'expires' => 'Sat, 01 Jan 2000 00:00:00 GMT'
                                                             }, 'HTTP::Headers' ),
                                        '_msg' => 'Bad Request',
                                        '_request' => bless( {
                                                               '_content' => 'access_token=EAAPvBQ5tbjMBAOZCljSOHJaa34AP592NeeQe2myDFLNEAveb8YXf1ELXevI1MsTSCTvx2L2cFWYW8BpzTpeb2bydgVyzpzu5UisFemZC1TldMOZBJFnBq5zXzdGyy3ZABg1nUYRZAStCeCeSffZCSQUacCpgMorcec71s7O36CwAZDZD&message=The+Facebook+page+of+BuzzFeed+originally+shared+this+article.+According+to+data+gathered+by+the+Pew+Research+Center%2C+BuzzFeed+is+more+distrusted+than+trusted+by+survey+respondents+who+have+heard+of+the+source.+%0D%0AAdditionally%2C+the+research+indicates+that+left-leaning+readers+and+right-leaning+readers+were+about+equally+as+likely+to+find+this+source+credible.+%0D%0A%0D%0AOut+of+the+31%25+of+respondents+who+have+heard+of+BuzzFeed%2C%0D%0A7%25%09trusted+the+news+source%2C%0D%0A25%25%09distrusted+the+news+source%2C+and%0D%0A68%25%09neither+trusted+nor+distrusted+the+news+source.%0D%0A%0D%0ATo+learn+more+about+Pew+Research+Center\'s+study+on+Political+Polarization+%26+Media+Habits%2C+follow+this+link+to+visit+their+report.+https%3A%2F%2Fgoo.gl%2FxwVtjv&link=http%3A%2F%2Fbzfd.it%2F2forBeE&published=true',
                                                               '_uri' => bless( do{\(my $o = 'https://graph.facebook.com/v2.2/1622501708043673/feed')}, 'URI::https' ),
                                                               '_headers' => bless( {
                                                                                      'user-agent' => 'libwww-perl/6.15',
                                                                                      'content-type' => 'application/x-www-form-urlencoded',
                                                                                      'content-length' => 1013,
                                                                                      '::std_case' => {
                                                                                                        'if-ssl-cert-subject' => 'If-SSL-Cert-Subject'
                                                                                                      }
                                                                                    }, 'HTTP::Headers' ),
                                                               '_method' => 'POST',
                                                               '_uri_canonical' => $VAR1->{'response'}{'_request'}{'_uri'}
                                                             }, 'HTTP::Request' )
                                      }, 'HTTP::Response' )
               }, 'Facebook::Graph::Response' );

Fox News
-----------------------------

VICE
-----------------------------

Glenn Beck
-----------------------------

The Other 98%
-----------------------------





