***********************************************************************************
Started at 22:45:01 on 11/29/2016
***********************************************************************************
Querying souces from the past 15 minutes....

Al Jazeera
-----------------------------

Upworthy
-----------------------------

The Huffington Post
-----------------------------

HuffPost Women
-----------------------------
$VAR1 = {
          'link' => 'http://huff.to/2id7Gjj',
          'caption' => 'huffingtonpost.com',
          'created_time' => '2016-12-30T03:30:18+0000',
          'name' => '9 Ways To Makeover Your Online Dating Profile In 2017',
          'id' => '153213781413350_1258775277523856',
          'message' => "If 2016 was as bleak for your love life as it was for our country, then we\x{2019}re here to help."
        };

Domain: huffingtonpost.com
Response:
{"id":"1622501708043673_1638060346487809"}

PBS News Hour
-----------------------------

ATTN:
-----------------------------

Reuters
-----------------------------

NowThis
-----------------------------

Daily Caller
-----------------------------
$VAR1 = {
          'link' => 'http://trib.al/aQduE9h',
          'caption' => 'dailycaller.com',
          'created_time' => '2016-12-30T03:30:44+0000',
          'name' => "EXCLUSIVE: Ron Paul Says Obama Supported ISIS But He\x{2019}s Still Better Than Bush",
          'id' => '182919686769_10154093422511770',
          'message' => 'Former Republican Texas Congressman Ron Paul told The Daily Caller Thursday that the United States has been supporting the Islamic State, but he still thinks President Barack Obama has had a better foreign policy than former President George W. Bush.'
        };

Domain: dailycaller.com

CNBC
-----------------------------

The Onion
-----------------------------
$VAR1 = {
          'link' => 'http://trib.al/EI5FqxG',
          'caption' => 'theonion.com',
          'created_time' => '2016-12-30T03:36:06+0000',
          'name' => "\x{2018}What\x{2019}s Our Best Path To 270?\x{2019} Gary Johnson Asks Campaign Aides Packing Up Office",
          'id' => '20950654496_10154992249694497',
          'message' => "\"Okay, let\x{2019}s think through the electoral map and see where our clearest shot at victory is.\""
        };

Domain: theonion.com

Opposing Views
-----------------------------

the Today Show
-----------------------------

Kotaku
-----------------------------

Washington Post
-----------------------------

the American Center for Law and Justice
-----------------------------

VICE News
-----------------------------

PBS
-----------------------------

Mother Jones
-----------------------------

HuffPost Good News
-----------------------------

BBC News
-----------------------------

Breaking News
-----------------------------

The Verge
-----------------------------

New York Magazine
-----------------------------
$VAR1 = {
          'link' => 'http://nym.ag/2hRmf8U',
          'caption' => 'nymag.com',
          'created_time' => '2016-12-30T03:30:41+0000',
          'name' => 'This Planner Makes My Life More Glamorous',
          'id' => '14516439825_10154907278569826',
          'message' => 'Perfect for anyone whose resolution is to get organized or be on time.'
        };

Domain: nymag.com

TIME
-----------------------------
$VAR1 = {
          'link' => 'http://ti.me/2hT3aDI',
          'caption' => 'time.com',
          'created_time' => '2016-12-30T03:30:12+0000',
          'name' => 'These Aerial Photos of Dutch Tulip Fields Are Stunning',
          'id' => '10606591490_10154306292771491',
          'message' => 'Gorgeous.'
        };

Domain: time.com

the Business Insider
-----------------------------
$VAR1 = {
          'link' => 'http://read.bi/2iJ9MnM',
          'caption' => 'businessinsider.com',
          'created_time' => '2016-12-30T03:40:02+0000',
          'name' => '44 pictures of the incredible bromance between President Obama and Vice President Biden',
          'id' => '20446254070_10154238554149071',
          'message' => 'They really are best friends.'
        };

Domain: businessinsider.com

ThinkProgress
-----------------------------

POLITICO
-----------------------------
$VAR1 = {
          'link' => 'http://politi.co/2idySy8',
          'caption' => 'politi.co',
          'created_time' => '2016-12-30T03:30:20+0000',
          'name' => 'Top Democrats vow war against GOP \'sit-in\' response',
          'id' => '62317591679_10154144210896680',
          'message' => "\x{201c}This kind of strong-arm tactic is what one might see in Putin\x{2019}s Russia.\""
        };

Domain: politi.co

Alias: politico.com
Response:
{"id":"1622501708043673_1638060403154470"}

USA TODAY
-----------------------------
$VAR1 = {
          'link' => 'http://www.usatoday.com/story/money/nation-now/2016/12/28/c-store-vice-president-41st-christmas/95905216/',
          'caption' => 'usatoday.com',
          'created_time' => '2016-12-30T03:40:00+0000',
          'name' => 'Convenience store veep works 41st consecutive Christmas',
          'id' => '13652355666_10154224211160667',
          'message' => "\x{201c}If I\x{2019}m going to have people work that day, then I\x{2019}ve always felt I should be there, too,\x{201d} said Mike Murphy."
        };

Domain: usatoday.com
Response:
{"id":"1622501708043673_1638060466487797"}

American News
-----------------------------

ABC News
-----------------------------
$VAR1 = {
          'link' => 'http://abcn.ws/2iK2OTI',
          'caption' => 'abcnews.go.com',
          'created_time' => '2016-12-30T03:30:57+0000',
          'name' => 'Behind the Controversial Practice of Israeli Settlements',
          'id' => '86680728811_10155200611893812',
          'message' => 'Israeli settlements are communities of Israeli citizens, often ethnically Jewish, located within the Palestinian territories of the West Bank, East Jerusalem and the Golan Heights. The territories have been occupied by Israel since the 1967 Six-Day War - when Israel, feeling its security was threatened by Arab neighbors, captured these areas along with the Gaza Strip and the Sinai Peninsula from Egypt, Jordan, and Syria.'
        };

Domain: go.com
Response:
{"id":"1622501708043673_1638060536487790"}

HuffPost Politics
-----------------------------

NBC News
-----------------------------
$VAR1 = {
          'link' => 'http://nbcnews.to/2iKV6IV',
          'caption' => 'nbcnews.com',
          'created_time' => '2016-12-30T03:34:06+0000',
          'name' => 'Trump and Israeli PM Netanyahu get closer during transition',
          'id' => '155869377766434_1640371482649542',
          'message' => 'Trump and Netanyahu have joined hands in recent days to condemn the Obama administration\'s abstention from a United Nations resolution labeling Israeli settlements in the West Bank illegal.'
        };

Domain: nbcnews.com
Response:
{"id":"1622501708043673_1638060593154451"}

AJ+
-----------------------------

Wikileaks
-----------------------------
$VAR1 = {
          'link' => 'https://www.eff.org/deeplinks/2016/12/whistleblowers-dont-need-elite-credentials-help-protect-us-government-overreach',
          'caption' => 'eff.org',
          'created_time' => '2016-12-30T03:45:00+0000',
          'name' => "Whistleblowers Don\x{2019}t Need Elite Credentials To Help Protect Us from Government Overreach",
          'id' => '108734602494994_1194102440624866',
          'message' => 'The New Yorker\'s Malcolm Gladwell is wrong: Edward Snowden is as important a whistleblower as Daniel Ellsberg'
        };

Domain: eff.org

CNNMoney
-----------------------------
$VAR1 = {
          'link' => 'http://cnnmon.ie/2hA6sPY',
          'caption' => 'money.cnn.com',
          'created_time' => '2016-12-30T03:45:01+0000',
          'name' => 'How social media filter bubbles work',
          'id' => '6651543066_10154236904558067',
          'message' => 'Ever feel like everyone on the internet thinks just like you do? It\'s likely because of a phenomenon called filter bubbles. http://cnnmon.ie/2hA6sPY Via CNNTech'
        };

Domain: cnn.com
Response:
{"id":"1622501708043673_1638060663154444"}
$VAR1 = {
          'link' => 'http://cnnmon.ie/2hAat6S',
          'caption' => 'money.cnn.com',
          'created_time' => '2016-12-30T03:33:00+0000',
          'name' => '5 financial steps you should take before you retire',
          'id' => '6651543066_10154236880383067',
          'message' => 'Planning is the key to a happy retirement: http://cnnmon.ie/2hAat6S'
        };

Domain: cnn.com
Response:
{"id":"1622501708043673_1638060739821103"}

ABC News Politics
-----------------------------

Right Wing News
-----------------------------

The Wall Street Journal
-----------------------------
$VAR1 = {
          'link' => 'http://on.wsj.com/2ivYbsX',
          'caption' => 'wsj.com',
          'created_time' => '2016-12-30T03:30:22+0000',
          'name' => 'Christian Hackenberg Is Taking a Redshirt Year in the NFL',
          'id' => '8304333127_10155200335143128',
          'message' => "New York Jets quarterback Christian Hackenberg hasn\x{2019}t thrown a pass this season."
        };

Domain: wsj.com
Response:
{"id":"1622501708043673_1638060823154428"}

MSNBC
-----------------------------
$VAR1 = {
          'link' => 'http://on.msnbc.com/2huqtTf',
          'caption' => 'msnbc.com',
          'created_time' => '2016-12-30T03:35:54+0000',
          'name' => 'Watch as school board demands Trump\'s NY campaign chair resign after racist emails',
          'id' => '273864989376427_1414207648675483',
          'message' => 'Words matter.'
        };

Domain: msnbc.com
Response:
{"id":"1622501708043673_1638060946487749"}

the Drudge Report
-----------------------------

Mic
-----------------------------

The Economist
-----------------------------

Bloomberg Politics
-----------------------------
$VAR1 = {
          'link' => 'http://bloom.bg/2iw6BRg',
          'caption' => 'bloomberg.com',
          'created_time' => '2016-12-30T03:42:37+0000',
          'name' => 'Trump Shatters Peace With Obama With Tweet on \'Roadblocks\'',
          'id' => '1481073582140028_1860702997510416',
          'message' => '"Thought it was going to be a smooth transition - NOT!"'
        };

Domain: bloomberg.com
Response:
{"id":"1622501708043673_1638061063154404"}

CBS News
-----------------------------
$VAR1 = {
          'link' => 'http://cbsn.ws/2ivbpX0',
          'caption' => 'www.cbsnews.com',
          'created_time' => '2016-12-30T03:40:03+0000',
          'name' => '72 years later, WWII vet finally included in class photo',
          'id' => '131459315949_10154220777745950',
          'message' => 'It took more than 70 years to happen, but a WWII veteran\'s photograph has finally joined those of his high school classmates.'
        };

Domain: cbsnews.com
Response:
{"id":"1622501708043673_1638061153154395"}

The Young Turks
-----------------------------

Occupy Democrats
-----------------------------
$VAR1 = {
          'link' => 'https://www.facebook.com/OccupyDemocrats/photos/a.347907068635687.81180.346937065399354/1371779789581738/?type=3',
          'created_time' => '2016-12-30T03:42:08+0000',
          'name' => 'Timeline Photos',
          'id' => '346937065399354_1371779789581738',
          'message' => 'Facts don\'t lie, but Fox "News" does.'
        };
$VAR1 = {
          'link' => 'https://www.facebook.com/OccupyDemocrats/photos/a.347907068635687.81180.346937065399354/1371775502915500/?type=3',
          'created_time' => '2016-12-30T03:36:16+0000',
          'name' => 'Timeline Photos',
          'id' => '346937065399354_1371775502915500',
          'message' => 'The numbers don\'t lie, but Republicans and the NRA do.'
        };

CBC News
-----------------------------

Newsweek
-----------------------------
$VAR1 = {
          'link' => 'http://www.newsweek.com/preacher-without-face-abu-walaa-berlin-attack-isis-germany-failures-535210',
          'caption' => 'newsweek.com',
          'created_time' => '2016-12-30T03:45:00+0000',
          'name' => 'The case of the "preacher without a face" points to German security flaws before Berlin attack',
          'id' => '18343191100_10154734742206101',
          'message' => "\x{201c}There seems to be ample evidence that the Tunisian was connected to these guys.\x{201d}"
        };

Domain: newsweek.com

CNN International
-----------------------------

The New Yorker
-----------------------------
$VAR1 = {
          'link' => 'http://nyer.cm/dMLBOvH',
          'caption' => 'newyorker.com',
          'created_time' => '2016-12-30T03:31:03+0000',
          'name' => "Donna\x{2019}s Signature Pi\x{f1}a Coladas",
          'id' => '9258148868_10154334068658869',
          'message' => "Donna\x{2019}s pi\x{f1}a colada is frozen and strong, but the clever inclusion of BrancaMenta makes it agreeably refreshing."
        };

Domain: newyorker.com
Response:
{"id":"1622501708043673_1638061233154387"}

Rush Limbaugh
-----------------------------

The Independent
-----------------------------

TheBlaze
-----------------------------

NPR Politics
-----------------------------

The New York Times
-----------------------------

NPR
-----------------------------

MSN
-----------------------------

CNN Politics
-----------------------------
$VAR1 = {
          'link' => 'http://cnn.it/2hAIowt',
          'caption' => 'edition.cnn.com',
          'created_time' => '2016-12-30T03:31:01+0000',
          'name' => 'Why I took to the streets: The people behind the protests of 2016',
          'id' => '219367258105115_1421849564523539',
          'message' => 'A look at three of the year\'s biggest demonstrations through the eyes of three protesters, as they reflect on that day and what came after.'
        };

Domain: cnn.com
Response:
{"id":"1622501708043673_1638061319821045"}

The Daily Show
-----------------------------

Daily Kos
-----------------------------

Yahoo News
-----------------------------
$VAR1 = {
          'link' => 'https://www.facebook.com/yahoonews/videos/10155673276444832/',
          'created_time' => '2016-12-30T03:40:00+0000',
          'name' => "Michael Fassbender and James McAvoy Make Your \x{2018}X-Men\x{2019} Shipping...",
          'id' => '338028696036_10155673276444832',
          'message' => 'Michael Fassbender and James McAvoy had a bit of fun recreating the "romantic tension" of their X-Men Movies characters on The Graham Norton Show.'
        };

The Guardian
-----------------------------

CNN
-----------------------------

Slate.com
-----------------------------

the AP
-----------------------------

Sean Hannity
-----------------------------

The Ed Schultz Show
-----------------------------

The Atlantic
-----------------------------
$VAR1 = {
          'link' => 'http://theatln.tc/2httKlr',
          'caption' => 'theatlantic.com',
          'created_time' => '2016-12-30T03:30:30+0000',
          'name' => 'The Racism of Mass Incarceration, Visualized',
          'id' => '29259828486_10154963141153487',
          'message' => 'A sociologist explains to inevitability for certain demographics of young black men.'
        };

Domain: theatlantic.com

Bloomberg
-----------------------------
$VAR1 = {
          'link' => 'http://bloom.bg/2iw6mpk',
          'caption' => 'bloomberg.com',
          'created_time' => '2016-12-30T03:39:58+0000',
          'name' => 'Philippine Casinos Will Soon Surpass Singapore, Says Japan Gaming Tycoon',
          'id' => '266790296879_10154884207601880',
          'message' => 'Competition is heating up.'
        };

Domain: bloomberg.com
Response:
{"id":"1622501708043673_1638061369821040"}

BuzzFeed
-----------------------------

Fox News
-----------------------------
$VAR1 = {
          'link' => 'https://www.facebook.com/FoxNews/videos/10154948831696336/',
          'created_time' => '2016-12-30T03:32:19+0000',
          'id' => '15704546335_10154948831696336',
          'message' => '"One wonders what the teeth of the sanctions really are."

Tonight on #Hannity, Kellyanne Conway questioned the impact  President Obama\'s sanctions against #Russia will really have.'
        };

VICE
-----------------------------

Glenn Beck
-----------------------------

The Other 98%
-----------------------------


Total Posts Made:	14


