***********************************************************************************
Started at 12:00:01 on 00/04/2017
***********************************************************************************
Querying souces from the past 15 minutes....

Al Jazeera
-----------------------------
$VAR1 = {
          'link' => 'https://www.facebook.com/aljazeera/videos/10155067369733690/',
          'created_time' => '2017-01-04T17:00:00+0000',
          'name' => 'Morocco\'s mute stowaway',
          'id' => '7382473689_10155067369733690',
          'message' => "Said can neither hear nor speak. The 27-year-old is stuck in the Spanish enclave of Melilla, on Morocco\x{2019}s northern coast, and is trying to get to Europe. He hopes to make a better life for himself.

(Note: There are no spoken words in this film. We wanted to viewer to see Said the same way that the people in his life do.)"
        };

Upworthy
-----------------------------

The Huffington Post
-----------------------------

HuffPost Women
-----------------------------

PBS News Hour
-----------------------------
$VAR1 = {
          'link' => 'http://www.pbs.org/newshour/rundown/obamacare-republicans-face-resistance/',
          'caption' => 'pbs.org',
          'created_time' => '2017-01-04T16:56:15+0000',
          'name' => 'Vowing to jettison Obamacare, Republicans face immediate resistance and risks',
          'id' => '6491828674_10154943821973675',
          'message' => "The 115th Congress started work this week with Republican majorities in both the House and Senate in agreement on their top priority \x{2014} to repeal and replace the Affordable Care Act. (via Kaiser Health News)"
        };

Domain: pbs.org
Response:
{"id":"1622501708043673_1640014459625731"}

ATTN:
-----------------------------

Reuters
-----------------------------

NowThis
-----------------------------
$VAR1 = {
          'link' => 'https://www.facebook.com/NowThisFuture/videos/1390305607677282/',
          'created_time' => '2017-01-04T17:00:00+0000',
          'name' => 'NowThis Future',
          'id' => '341163402640457_1292092387547549',
          'message' => 'This experimental body armor could save countless first responders'
        };

Daily Caller
-----------------------------
$VAR1 = {
          'link' => 'http://trib.al/hWwWIMZ',
          'caption' => 'smokeroom.com',
          'created_time' => '2017-01-04T16:49:47+0000',
          'name' => 'Celebrities Beg Congress To \'Vigorously Oppose\' Donald Trump Once He\'s President',
          'id' => '182919686769_10154108158641770',
          'message' => 'Hollywood can\'t seem to get over the fact that Donald Trump is going to be our next president.'
        };

Domain: smokeroom.com

CNBC
-----------------------------
$VAR1 = {
          'link' => 'https://www.facebook.com/cnbc/videos/1424011924326968/',
          'created_time' => '2017-01-04T17:00:00+0000',
          'id' => '97212224368_1424011924326968',
          'message' => 'All you need is 45 seconds to start your dream network. http://cnb.cx/2j1hNoo (via CNBC Make It)'
        };

The Onion
-----------------------------

Opposing Views
-----------------------------
$VAR1 = {
          'link' => 'https://www.opposingviews.com/i/politics/ivanka-trump-about-move-55-million-mansion-dc-its-not-price-people-are-freaking-out-about',
          'caption' => 'opposingviews.com',
          'created_time' => '2017-01-04T17:00:00+0000',
          'name' => 'People Surprised To Learn Who Ivanka Trump\'s Neighbors Will Be',
          'id' => '34226391050_10154400268836051',
          'message' => 'Ivanka Trump is about to move into a $5.5 million mansion in DC, but it\'s not the price that people are surprised about - it\'s who lives just two blocks away from her.'
        };

Domain: opposingviews.com

the Today Show
-----------------------------

Kotaku
-----------------------------

Washington Post
-----------------------------
$VAR1 = {
          'link' => 'https://www.facebook.com/washingtonpost/videos/10154616040117293/',
          'created_time' => '2017-01-04T17:00:13+0000',
          'name' => 'Obama\'s legacy: What Democrats are saying',
          'id' => '6250307292_10154616040117293',
          'message' => 'Reporter Paul Kane explains where Democrats might go from here. The party lost both chambers and suffered major defeats since President Obama came to power in 2009. What will his legacy be?

The president made a rare trip to Capitol Hill Wednesday morning to encourage and advise Democrats as they try to block GOP efforts to repeal the Affordable Care Act.'
        };

the American Center for Law and Justice
-----------------------------

VICE News
-----------------------------
$VAR1 = {
          'link' => 'https://news.vice.com/story/high-school-cop-bodyslams-female-student-to-the-ground-video-shows?utm_source=vicenewsfb',
          'caption' => 'news.vice.com',
          'created_time' => '2017-01-04T16:51:27+0000',
          'name' => 'High school cop bodyslams female student to the ground, video shows',
          'id' => '235852889908002_716693785157241',
          'message' => 'The police officer has been placed on leave after a video showed him slamming a student to the ground.'
        };

Domain: vice.com

PBS
-----------------------------

Mother Jones
-----------------------------

HuffPost Good News
-----------------------------
$VAR1 = {
          'link' => 'https://www.facebook.com/HuffPostGoodNews/videos/389932074684279/',
          'created_time' => '2017-01-04T16:47:34+0000',
          'name' => 'The Difference Between Introverts And Extroverts | Outspeak',
          'id' => '202163013203224_389932074684279',
          'message' => 'They might see the world differently, but introverts and extroverts definitely need to understand these ten things about each other. 
[Via Outspeak\'s Psych2Go]'
        };

BBC News
-----------------------------

Breaking News
-----------------------------

The Verge
-----------------------------

New York Magazine
-----------------------------

TIME
-----------------------------

the Business Insider
-----------------------------
$VAR1 = {
          'link' => 'http://www.businessinsider.com/david-clarke-milwaukee-fox-news-sheriff-profile-2017-1',
          'caption' => 'businessinsider.com',
          'created_time' => '2017-01-04T16:50:01+0000',
          'name' => 'David Clarke, the Fox News sheriff, puts Milwaukee on the back burner as he rides Trump wave to chase stardom',
          'id' => '20446254070_10154256274074071',
          'message' => 'David Clarke may earn an influential spot in Donald J. Trump\'s administration.'
        };

Domain: businessinsider.com

ThinkProgress
-----------------------------
$VAR1 = {
          'link' => 'https://thinkprogress.org/duncan-hunter-rabbit-travel-7ab121f8103d#.9hiecoxzo',
          'caption' => 'thinkprogress.org',
          'created_time' => '2017-01-04T17:00:00+0000',
          'name' => 'California congressman who wanted to gut ethics office has some hare-raising expenses',
          'id' => '200137333331078_1489868667691265',
          'message' => "\x{201c}I\x{2019}m working to end wasteful spending...\" he wrote on his homepage. Apparently he doesn't include himself in that equation."
        };

Domain: thinkprogress.org
Response:
{"id":"1622501708043673_1640014546292389"}

POLITICO
-----------------------------
$VAR1 = {
          'link' => 'http://politi.co/2iPDNDj',
          'caption' => 'politi.co',
          'created_time' => '2017-01-04T16:52:04+0000',
          'name' => 'Trump sides with Assange, Russia over U.S. intelligence',
          'id' => '62317591679_10154168260406680',
          'message' => 'Trump continues to tweet his skepticism.'
        };

Domain: politi.co

Alias: politico.com
Response:
{"id":"1622501708043673_1640014779625699"}

USA TODAY
-----------------------------
$VAR1 = {
          'link' => 'http://usat.ly/2hSnKGo',
          'caption' => 'usatoday.com',
          'created_time' => '2017-01-04T17:00:00+0000',
          'name' => 'Obama plots strategy with Democrats to protect Obamacare',
          'id' => '13652355666_10154250096135667',
          'message' => 'President Obama\'s message: Democrats should fight to expand health coverage for uninsured Americans.'
        };

Domain: usatoday.com
Response:
{"id":"1622501708043673_1640014902959020"}

American News
-----------------------------

ABC News
-----------------------------
$VAR1 = {
          'link' => 'https://www.facebook.com/ABCNews/videos/10155220687598812/',
          'created_time' => '2017-01-04T16:56:34+0000',
          'name' => 'Sisters Reunite With Mother After 40 Years',
          'id' => '86680728811_10155220687598812',
          'message' => 'EMOTIONAL REUNION: Sisters tearfully reunite with their long-lost mother 40 years later after finding her thanks to successful social media plea.'
        };

HuffPost Politics
-----------------------------

NBC News
-----------------------------
$VAR1 = {
          'link' => 'https://www.facebook.com/NBCNews/videos/1653109008042456/',
          'created_time' => '2017-01-04T17:00:00+0000',
          'name' => 'Teen dabs as father is sworn into Congress',
          'id' => '155869377766434_1653109008042456',
          'message' => 'Watch this teen dab next to a confused House Speaker Paul Ryan as his father is sworn into Congress. Yes, he is now grounded: http://nbcnews.to/2hRoOMu'
        };

AJ+
-----------------------------
$VAR1 = {
          'link' => 'https://www.facebook.com/ajplusenglish/videos/873322939475881/',
          'created_time' => '2017-01-04T17:00:00+0000',
          'name' => 'Chelsea Fans Convicted of Racism',
          'id' => '407570359384477_873322939475881',
          'message' => 'Four soccer fans have just been convicted of racist violence. They pushed a black man off a train and then boasted about it.'
        };

Wikileaks
-----------------------------

CNNMoney
-----------------------------
$VAR1 = {
          'link' => 'http://cnnmon.ie/2i7WBgl',
          'caption' => 'money.cnn.com',
          'created_time' => '2017-01-04T16:48:01+0000',
          'name' => 'Runway Injustice: How the modeling industry exploits young workers',
          'id' => '6651543066_10154252720993067',
          'message' => "From horrifying scams that prey on desperate young men and women to labor practices that leave workers deeply in debt, CNNMoney\x{2019}s investigation exposes the dark side of the modeling industry through the eyes of the models themselves
http://cnnmon.ie/2i7WBgl #RunwayInjustice"
        };

Domain: cnn.com
Response:
{"id":"1622501708043673_1640015052959005"}

ABC News Politics
-----------------------------

Right Wing News
-----------------------------
$VAR1 = {
          'link' => 'http://rightwingnews.com/donald-trump/heres-list-celebs-turned-trumps-inauguration/',
          'caption' => 'rightwingnews.com',
          'created_time' => '2017-01-04T17:00:00+0000',
          'name' => 'Here\'s a List of All the Celebs Who Turned Down Trump\'s Inauguration',
          'id' => '389658314427637_1659800787413377',
          'message' => 'Boycott them!'
        };

Domain: rightwingnews.com

The Wall Street Journal
-----------------------------

MSNBC
-----------------------------

the Drudge Report
-----------------------------

Mic
-----------------------------
$VAR1 = {
          'link' => 'http://nym.ag/2hQNMqo',
          'caption' => 'nymag.com',
          'created_time' => '2017-01-04T16:53:02+0000',
          'name' => "Schumer Says He\x{2019}ll Fight to Keep Supreme Court Seat Vacant",
          'id' => '174742062548592_1352605161428937',
          'message' => "For months, Senate Republicans refused to give even a hearing to Merrick Garland \x{2014} Obama's nominee for Supreme Court."
        };

Domain: nymag.com

The Economist
-----------------------------
$VAR1 = {
          'link' => 'http://econ.st/2gZ6GMp',
          'caption' => 'theworldin.com',
          'created_time' => '2017-01-04T16:56:27+0000',
          'name' => 'Steel-mill closures and job losses will intensify across the rich world in 2017',
          'id' => '6013004059_10154960586859060',
          'message' => 'With no sign of Chinese steel overproduction abating, life could get even worse for other producers around the world'
        };

Domain: theworldin.com
$VAR1 = {
          'link' => 'https://www.facebook.com/TheEconomist/photos/a.10150279872209060.361054.6013004059/10154959875119060/?type=3',
          'created_time' => '2017-01-04T16:54:00+0000',
          'name' => 'Photos from The Economist\'s post',
          'id' => '6013004059_10154959887004060',
          'message' => 'The Economist Tower, a sublime slab of the 1960s, has shaped this newspaper in profound ways. As we prepare to move on from the tower in summer 2017, we bid farewell to our formative home by sharing some of our favourite photos of the tower taken by our staff'
        };

Bloomberg Politics
-----------------------------
$VAR1 = {
          'link' => 'https://www.facebook.com/BloombergPolitics/videos/10154276917220829/',
          'created_time' => '2017-01-04T17:00:00+0000',
          'name' => 'Pence: Repealing Obamacare Will Be \'First Order of Business\'',
          'id' => '1481073582140028_10154276917220829',
          'message' => 'Vice President-elect Mike Pence says repealing and replacing Obamacare will be "first order of business" http://bloom.bg/2j4Y1Ze'
        };

CBS News
-----------------------------
$VAR1 = {
          'link' => 'http://cbsn.ws/2hQMm49',
          'caption' => 'www.cbsnews.com',
          'created_time' => '2017-01-04T17:00:04+0000',
          'name' => 'After the pot industry\'s smokin\' 2016, what\'s next?',
          'id' => '131459315949_10154236800970950',
          'message' => 'Sales of weed surged 30 percent last year, but a potential crackdown from Donald J. Trump\'s administration looms.'
        };

Domain: cbsnews.com
Response:
{"id":"1622501708043673_1640015276292316"}

The Young Turks
-----------------------------
$VAR1 = {
          'link' => 'https://www.facebook.com/TheYoungTurks/videos/10154261613364205/',
          'created_time' => '2017-01-04T17:00:00+0000',
          'name' => 'Trump Trolling North Korea And China On Twitter',
          'id' => '210277954204_10154261613364205',
          'message' => "The President-Elect is calling out North Korea and China in the most responsible way possible\x{2026}over Twitter."
        };

Occupy Democrats
-----------------------------

CBC News
-----------------------------
$VAR1 = {
          'link' => 'http://www.cbc.ca/news/entertainment/mariah-explains-nye-1.3920561',
          'caption' => 'cbc.ca',
          'created_time' => '2017-01-04T17:00:00+0000',
          'name' => 'Mariah Carey reiterates tech problem to blame for \'horrible New Year\'s Eve\' show',
          'id' => '5823419603_10155016578699604',
          'message' => 'Singer tells Entertainment Weekly she won\'t refrain from future live TV performances but will be less trusting of anyone outside her team.'
        };

Newsweek
-----------------------------
$VAR1 = {
          'link' => 'http://www.newsweek.com/dozens-injured-long-island-rail-road-train-derailment-brooklyn-538513',
          'caption' => 'newsweek.com',
          'created_time' => '2017-01-04T16:50:00+0000',
          'name' => 'More than 100 injured in Brooklyn LIRR train derailment',
          'id' => '18343191100_10154755105356101',
          'message' => 'The derailment occurred during rush hour at Atlantic Terminal.'
        };

Domain: newsweek.com

CNN International
-----------------------------

The New Yorker
-----------------------------

Rush Limbaugh
-----------------------------

The Independent
-----------------------------
$VAR1 = {
          'link' => 'http://www.independent.co.uk/news/business/news/ftse-100-record-high-london-stock-exchange-pound-slump-lse-share-index-a7509586.html',
          'caption' => 'independent.co.uk',
          'created_time' => '2017-01-04T16:57:07+0000',
          'name' => 'The FTSE 100 has just hit a new all time closing high',
          'id' => '13312631635_10154358804296636',
          'message' => 'More to follow'
        };

Domain: independent.co.uk
$VAR1 = {
          'link' => 'http://www.independent.co.uk/news/uk/politics/brexit-latest-news-lord-wallace-salitaire-boris-johnson-foreign-office-despiar-civil-servant-a7509181.html?cmpid=facebook-post',
          'caption' => 'independent.co.uk',
          'created_time' => '2017-01-04T16:56:00+0000',
          'name' => 'Foreign Office \'in despair\' over Boris, says ex-government membe',
          'id' => '13312631635_10154358731876636',
          'message' => 'Surprised?'
        };

Domain: independent.co.uk

TheBlaze
-----------------------------
$VAR1 = {
          'link' => 'http://www.theblaze.com/news/2017/01/04/dem-senator-will-skip-obamas-meeting-to-save-obamacare-in-good-conscience-i-cant-do-it/',
          'caption' => 'www.theblaze.com',
          'created_time' => '2017-01-04T16:46:00+0000',
          'name' => "Dem senator will skip Obama\x{2019}s meeting to save Obamacare: \x{2018}In good conscience, I can\x{2019}t do it\x{2019}",
          'id' => '140738092630206_1327202533983750',
          'message' => 'At least one Democrat is listening to the voters in his state.'
        };

Domain: theblaze.com
Response:
{"id":"1622501708043673_1640015349625642"}

NPR Politics
-----------------------------

The New York Times
-----------------------------
$VAR1 = {
          'link' => 'https://www.nytimes.com/2017/01/04/upshot/why-men-dont-want-the-jobs-done-mostly-by-women.html?smid=fb-nytimes&smtyp=cur',
          'caption' => 'nytimes.com',
          'created_time' => '2017-01-04T16:55:00+0000',
          'name' => "Why Men Don\x{2019}t Want the Jobs Done Mostly by Women",
          'id' => '5281959998_10151037232134999',
          'message' => '"I don\'t want it to sound bad, but I\'ve always seen a woman in the position of a nurse or some kind of health care worker. I see it as more of a woman\'s touch."'
        };

Domain: nytimes.com
Response:
{"id":"1622501708043673_1640015452958965"}

NPR
-----------------------------

MSN
-----------------------------
$VAR1 = {
          'link' => "http://msn.com/en-us/sports/nfl/odell-beckham-jr-defends-miami-trip-\x{2018}i\x{2019}m-a-grown-man\x{2019}/ar-BBxTlu5?ocid=ob-fb-enus-280",
          'caption' => 'msn.com',
          'created_time' => '2017-01-04T16:55:20+0000',
          'name' => "Odell Beckham Jr. defends Miami trip: \x{2018}I\x{2019}m a grown man\x{2019}",
          'id' => '49940376408_10154191723601409'
        };

Domain: msn.com

CNN Politics
-----------------------------

The Daily Show
-----------------------------

Daily Kos
-----------------------------
$VAR1 = {
          'link' => 'http://www.dailykos.com/story/2017/01/04/1616957/-House-Republican-blasts-ethics-office-for-questioning-his-rabbit-travel-expenses?detail=facebook',
          'caption' => 'dailykos.com',
          'created_time' => '2017-01-04T17:00:00+0000',
          'name' => 'House Republican blasts ethics office for questioning his rabbit travel expenses',
          'id' => '43179984254_10155036358214255',
          'message' => 'Not the Onion.'
        };

Domain: dailykos.com
Response:
{"id":"1622501708043673_1640015682958942"}

Yahoo News
-----------------------------
$VAR1 = {
          'link' => 'https://yhoo.it/2iPusM7',
          'caption' => 'yahoo.com',
          'created_time' => '2017-01-04T17:00:15+0000',
          'name' => "Rockettes boss tells dancers concerned with Trump performance to \x{2018}tolerate intolerance\x{2019}",
          'id' => '338028696036_10155071432121037',
          'message' => "\"...I think it\x{2019}s very appropriate that the Rockettes dance in the inaugural and 4th of July and our country\x{2019}s greatest historical moments.\x{201d}"
        };

Domain: yahoo.com
Response:
{"id":"1622501708043673_1640015796292264"}
$VAR1 = {
          'link' => 'https://yhoo.it/2hQXWw1',
          'caption' => 'gma.yahoo.com',
          'created_time' => '2017-01-04T16:52:07+0000',
          'name' => 'NAACP president, 5 other members arrested for occupying Jeff Sessions\' office',
          'id' => '338028696036_10155071413566037',
          'message' => "\x{201c}All of us believe it is unacceptable for someone with Senator Sessions\x{2019} record to lead the Department of Justice\""
        };

Domain: yahoo.com
Response:
{"id":"1622501708043673_1640016456292198"}

The Guardian
-----------------------------
$VAR1 = {
          'link' => 'https://www.theguardian.com/education/2017/jan/04/ebbsfleet-academy-kent-school-head-defends-sending-girls-home-too-short-skirts?CMP=fb_gu',
          'caption' => 'theguardian.com',
          'created_time' => '2017-01-04T17:00:00+0000',
          'name' => 'Kent school head defends sending home girls in too-short skirts',
          'id' => '10513336322_10154919862406323',
          'message' => 'Is it appropriate for schools to tell young women how to dress?'
        };

Domain: theguardian.com
Response:
{"id":"1622501708043673_1640016576292186"}

CNN
-----------------------------

Slate.com
-----------------------------

the AP
-----------------------------

Sean Hannity
-----------------------------

The Ed Schultz Show
-----------------------------
$VAR1 = {
          'link' => 'https://www.youtube.com/watch?v=zOWAPWp0MfM',
          'caption' => 'youtube.com',
          'created_time' => '2017-01-04T17:00:01+0000',
          'name' => 'Donald Trump giving mixed signals on trade - journalist',
          'id' => '31709165325_10154394311535326'
        };

Domain: youtube.com

The Atlantic
-----------------------------

Bloomberg
-----------------------------
$VAR1 = {
          'link' => 'http://bloom.bg/2iPFDUW',
          'caption' => 'bloomberg.com',
          'created_time' => '2017-01-04T16:52:08+0000',
          'name' => 'These Are the Top 20 Travel Destinations of 2017',
          'id' => '266790296879_10154902173911880',
          'message' => 'Get your passport ready.'
        };

Domain: bloomberg.com
Response:
{"id":"1622501708043673_1640016689625508"}

BuzzFeed
-----------------------------

Fox News
-----------------------------
$VAR1 = {
          'link' => 'https://www.facebook.com/FoxNews/videos/10154966988671336/',
          'created_time' => '2017-01-04T16:49:25+0000',
          'id' => '15704546335_10154966988671336',
          'message' => "\x{201c}Make America sick again \x{2013} is that what the Republicans want to do?\x{201d} 

House Democratic Leader Nancy Pelosi and Congressional Democrats vow to fight the GOP on ObamaCare."
        };

VICE
-----------------------------

Glenn Beck
-----------------------------

The Other 98%
-----------------------------


Total Posts Made:	13


