***********************************************************************************
Started at 01:00:02 on 00/03/2017
***********************************************************************************
Querying souces from the past 15 minutes....

Al Jazeera
-----------------------------

Upworthy
-----------------------------

The Huffington Post
-----------------------------
$VAR1 = {
          'link' => 'http://huff.to/2iVWBUG',
          'caption' => 'huffingtonpost.com',
          'created_time' => '2017-01-03T05:55:09+0000',
          'name' => 'Keith Urban Closes 2016 With Powerful Tribute To The Artists We Lost',
          'id' => '18468761129_10154575171596130',
          'message' => 'Powerful.'
        };

Domain: huffingtonpost.com
Response:
{"id":"1622501708043673_1639491289678048"}

HuffPost Women
-----------------------------

PBS News Hour
-----------------------------

ATTN:
-----------------------------
$VAR1 = {
          'link' => 'http://www.attn.com/stories/7400/high-speed-hand-dryer-spreads-more-germs?utm_source=facebook&utm_medium=rerun2&utm_campaign=reruns',
          'caption' => 'attn.com',
          'created_time' => '2017-01-03T05:51:00+0000',
          'name' => 'You Should Think Twice Before Using This Hand Dryer',
          'id' => '160389977329803_1243124402389683',
          'message' => 'Gross.'
        };

Domain: attn.com

Reuters
-----------------------------

NowThis
-----------------------------
$VAR1 = {
          'link' => 'https://www.facebook.com/NowThisNews/videos/1290188317737956/',
          'created_time' => '2017-01-03T06:00:00+0000',
          'name' => 'Watch These Illustrations Come To Life',
          'id' => '341163402640457_1290188317737956',
          'message' => 'These illustrations come to life before your eyes'
        };

Daily Caller
-----------------------------

CNBC
-----------------------------

The Onion
-----------------------------

Opposing Views
-----------------------------

the Today Show
-----------------------------

Kotaku
-----------------------------

Washington Post
-----------------------------

the American Center for Law and Justice
-----------------------------

VICE News
-----------------------------
$VAR1 = {
          'link' => 'https://news.vice.com/story/if-no-country-wants-them-why-dont-we-settle-the-worlds-refugees-on-mars-a-new-art-exhibit-asks?utm_source=vicenewsfb',
          'caption' => 'news.vice.com',
          'created_time' => '2017-01-03T05:57:00+0000',
          'name' => "\x{201c}If no country wants them, why don\x{2019}t we settle the world\x{2019}s refugees on Mars?\x{201d} an art exhibit asks",
          'id' => '235852889908002_715891945237425',
          'message' => 'The artist raises metaphysical questions about the Syrian war, the effects of the migration crisis, and the future of mankind.'
        };

Domain: vice.com

PBS
-----------------------------

Mother Jones
-----------------------------

HuffPost Good News
-----------------------------

BBC News
-----------------------------

Breaking News
-----------------------------

The Verge
-----------------------------

New York Magazine
-----------------------------

TIME
-----------------------------
$VAR1 = {
          'link' => 'http://ti.me/2isgUIq',
          'caption' => 'time.com',
          'created_time' => '2017-01-03T06:00:05+0000',
          'name' => 'Turkish Police Release Images Of New Year\'s Attack Suspect',
          'id' => '10606591490_10154317366881491',
          'message' => "The suspected attacker opened fire at an Istanbul nightclub on New Year\x{2019}s Day, killing 39 people and wounding close to 70 others."
        };

Domain: time.com

the Business Insider
-----------------------------

ThinkProgress
-----------------------------

POLITICO
-----------------------------

USA TODAY
-----------------------------
$VAR1 = {
          'link' => 'http://www.usatoday.com/story/opinion/2017/01/02/russians-hacking-podesta-emails-democrats-glenn-reynolds-column/96081006/',
          'caption' => 'usatoday.com',
          'created_time' => '2017-01-03T06:00:00+0000',
          'name' => 'Russians! Under my bed!: Glenn Reynolds',
          'id' => '13652355666_10154245268965667',
          'message' => "\"Whoever stole John Podesta\x{2019}s emails (and if I were a betting man, I\x{2019}d bet it was the Russians) was able to do so because of basic failures in email security. Those failures have been a hallmark of this administration.\"

More in USA TODAY Opinion:"
        };

Domain: usatoday.com
Response:
{"id":"1622501708043673_1639491969677980"}

American News
-----------------------------
$VAR1 = {
          'link' => 'http://americannews.com/donald-shares-devastating-news-son-eric-please-send-prayers/',
          'caption' => 'americannews.com',
          'created_time' => '2017-01-03T06:00:00+0000',
          'name' => 'Donald Shares Devastating News About His Son Eric... Please Send Your Prayers',
          'id' => '179035672287016_907655752758334',
          'message' => 'The Trump family needs our support.
Let\'s give it to them.
Can we get 4,000 \'LIKES\' for Eric Trump?'
        };

Domain: americannews.com

ABC News
-----------------------------

HuffPost Politics
-----------------------------

NBC News
-----------------------------

AJ+
-----------------------------

Wikileaks
-----------------------------

CNNMoney
-----------------------------
$VAR1 = {
          'link' => 'http://cnnmon.ie/2hfRSsu',
          'caption' => 'www.aol.com',
          'created_time' => '2017-01-03T05:51:01+0000',
          'name' => 'This trick can get you a free plane ticket',
          'id' => '6651543066_10154248773483067',
          'message' => "\x{2708}\x{fe0f} \x{1f603}  \x{1f4b8}  http://cnnmon.ie/2hfRSsu via AOL Finance"
        };

Domain: aol.com

ABC News Politics
-----------------------------
$VAR1 = {
          'link' => 'http://abcn.ws/2iIogFw',
          'caption' => 'abcnews.go.com',
          'created_time' => '2017-01-03T05:48:05+0000',
          'name' => 'Finland to Pay Unemployed Basic Income of $587 Per Month',
          'id' => '184096565021911_1142526262512265',
          'message' => 'Finland has become the first country in Europe to pay its unemployed citizens a basic monthly income, amounting to 560 euros ($587), in a unique social experiment which is hoped to cut government red tape, reduce poverty and boost employment.'
        };

Domain: go.com
Response:
{"id":"1622501708043673_1639492079677969"}

Right Wing News
-----------------------------
$VAR1 = {
          'link' => 'https://www.facebook.com/OfficialRightWingNews/photos/a.401034789956656.90394.389658314427637/1658406437552812/?type=3',
          'created_time' => '2017-01-03T06:00:00+0000',
          'name' => 'Timeline Photos',
          'id' => '389658314427637_1658406437552812'
        };

The Wall Street Journal
-----------------------------

MSNBC
-----------------------------

the Drudge Report
-----------------------------
$VAR1 = {
          'link' => 'https://www.washingtonpost.com/powerpost/gops-obamacare-repeal-will-require-more-chisel-than-hammer/2017/01/02/3fbec222-d127-11e6-9cb0-54ab630851e8_story.html',
          'caption' => 'washingtonpost.com',
          'created_time' => '2017-01-03T05:49:24+0000',
          'name' => 'Why Obamacare is unlikely to die a swift death',
          'id' => '102533606954_10154735569776955',
          'message' => 'Obamacare unlikely to die swift death...'
        };

Domain: washingtonpost.com
Response:
{"id":"1622501708043673_1639492156344628"}

Mic
-----------------------------

The Economist
-----------------------------

Bloomberg Politics
-----------------------------

CBS News
-----------------------------
$VAR1 = {
          'link' => 'http://cbsn.ws/2iHBSkl',
          'caption' => 'www.cbsnews.com',
          'created_time' => '2017-01-03T06:00:02+0000',
          'name' => 'Syrian boy with no arms thrives in U.S., hopes for family to arrive',
          'id' => '131459315949_10154232611430950',
          'message' => 'Ahmad Alkhalaf lost both of his arms in an explosion in Syria and is now adjusting to his new life in the U.S., but says he still dreams of being reunited with his mother and four surviving siblings.'
        };

Domain: cbsnews.com
Response:
{"id":"1622501708043673_1639492203011290"}

The Young Turks
-----------------------------

Occupy Democrats
-----------------------------

CBC News
-----------------------------
$VAR1 = {
          'link' => 'http://www.cbc.ca/news/canada/windsor/americans-float-down-canadian-shores-1.3917310',
          'caption' => 'cbc.ca',
          'created_time' => '2017-01-03T06:00:00+0000',
          'name' => 'After Americans washed into Canada this year, officials want float down event sanctioned',
          'id' => '5823419603_10155012068439604',
          'message' => 'Last year, the party was interrupted when high winds blew most floaters to spots along the Canadian shoreline, spurring a massive rescue.'
        };

Newsweek
-----------------------------

CNN International
-----------------------------

The New Yorker
-----------------------------
$VAR1 = {
          'link' => 'http://nyer.cm/N0hIp0n',
          'caption' => 'newyorker.com',
          'created_time' => '2017-01-03T06:00:16+0000',
          'name' => "Viola Davis\x{2019}s Call to Adventure",
          'id' => '9258148868_10154348753948869',
          'message' => '"I had a call to adventure, a call to live life bigger than myself. I found the elixir," Viola Davis says.'
        };

Domain: newyorker.com
Response:
{"id":"1622501708043673_1639492273011283"}

Rush Limbaugh
-----------------------------

The Independent
-----------------------------

TheBlaze
-----------------------------

NPR Politics
-----------------------------

The New York Times
-----------------------------

NPR
-----------------------------

MSN
-----------------------------

CNN Politics
-----------------------------

The Daily Show
-----------------------------

Daily Kos
-----------------------------

Yahoo News
-----------------------------
$VAR1 = {
          'link' => 'https://yhoo.it/2hL0T16',
          'caption' => 'yahoo.com',
          'created_time' => '2017-01-03T06:00:04+0000',
          'name' => 'I used a laser to treat my cellulite and this is what happened',
          'id' => '338028696036_10155065974636037',
          'message' => '"Puberty hits, things change and we begin to nitpick..."'
        };

Domain: yahoo.com
Response:
{"id":"1622501708043673_1639492339677943"}

The Guardian
-----------------------------

CNN
-----------------------------

Slate.com
-----------------------------

the AP
-----------------------------

Sean Hannity
-----------------------------

The Ed Schultz Show
-----------------------------

The Atlantic
-----------------------------

Bloomberg
-----------------------------

BuzzFeed
-----------------------------

Fox News
-----------------------------
$VAR1 = {
          'link' => 'http://insider.foxnews.com/2017/01/02/obama-last-chance-judge-merrick-garland-supreme-court-senate-recess-appointment',
          'caption' => 'insider.foxnews.com',
          'created_time' => '2017-01-03T06:00:00+0000',
          'name' => 'Obama May Have One Last Shot to Put Merrick Garland on Supreme Court',
          'id' => '15704546335_10154961077691336',
          'message' => 'During the "intersession recess", President Obama may be able to exercise his \'recess appointment\' powers and place Merrick Garland on the Supreme Court.'
        };

Domain: foxnews.com
Response:
{"id":"1622501708043673_1639492433011267"}

VICE
-----------------------------

Glenn Beck
-----------------------------

The Other 98%
-----------------------------


Total Posts Made:	8


