***********************************************************************************
Started at 00:45:01 on 00/06/2017
***********************************************************************************
Querying souces from the past 15 minutes....

Al Jazeera
-----------------------------

Upworthy
-----------------------------

The Huffington Post
-----------------------------

HuffPost Women
-----------------------------
$VAR1 = {
          'link' => 'http://huff.to/2jfUzz2',
          'caption' => 'huffingtonpost.com',
          'created_time' => '2017-01-06T05:30:14+0000',
          'name' => 'A \'Charmed\' Reboot Is In The Works To Bring Back The Power Of Three',
          'id' => '153213781413350_1264923926908991',
          'message' => 'Something wicked this way comes ;)'
        };

Domain: huffingtonpost.com
Response:
{"error":{"message":"It looks like you were misusing this feature by going too fast. You\u2019ve been blocked from using it.\n\nLearn more about blocks in the Help Center.","type":"OAuthException","code":368,"error_subcode":1390008,"error_user_msg":"","fbtrace_id":"AG5AhU9lX2A"}}

Facebook ran into an error and the post was not published. Zach Muckerberg please fix. Try again in a few hours.

