***********************************************************************************
Started at 00:15:01 on 11/15/2016
***********************************************************************************
Querying souces from the past 15 minutes....

Al Jazeera
-----------------------------

Upworthy
-----------------------------

The Huffington Post
-----------------------------
$VAR1 = {
          'link' => 'http://huff.to/2hmwlkO',
          'caption' => 'huffingtonpost.com',
          'created_time' => '2016-12-15T05:00:10+0000',
          'name' => 'I\'m A Straight, White Man. Here\'s The Garbage I Used To Believe About Equality.',
          'id' => '18468761129_10154514022671130',
          'message' => "\"There\x{2019}s still work for you to do. There always is. Take the complaints you hear in that context.\""
        };

Domain: huffingtonpost.com
Response:
{"id":"1622501708043673_1632726010354576"}

HuffPost Women
-----------------------------
$VAR1 = {
          'link' => 'http://huff.to/2hxrWcX',
          'caption' => 'huffingtonpost.com',
          'created_time' => '2016-12-15T05:00:32+0000',
          'name' => 'One Comedian Breaks Down Exactly Why Mocking Trump Is So Dangerous',
          'id' => '153213781413350_1237970742937643',
          'message' => "\x{201c}This work, my work, feels more active now, more important. I feel driven to express my strong opinions and to challenge people\x{2019}s thinking, even when it\x{2019}s scary or inconvenient.\""
        };

Domain: huffingtonpost.com
Response:
{"id":"1622501708043673_1632726043687906"}

PBS News Hour
-----------------------------

ATTN:
-----------------------------

Reuters
-----------------------------
$VAR1 = {
          'link' => 'https://www.facebook.com/india.reuters/videos/10154601402805630/',
          'created_time' => '2016-12-15T05:05:41+0000',
          'name' => 'Reuters India',
          'id' => '114050161948682_1323240177696335'
        };
$VAR1 = {
          'link' => 'http://reut.rs/2gNoaNO',
          'caption' => 'www.reuters.com',
          'created_time' => '2016-12-15T05:05:16+0000',
          'name' => 'Targeting U.S. automaker signals possible China retaliation over Trump talk',
          'id' => '114050161948682_1323239331029753',
          'message' => 'China\'s plan to punish a U.S. automaker accused of price-fixing is a sign of how Beijing could retaliate if President-elect Donald Trump upends decades of relations between the two nations.'
        };

Domain: reuters.com

NowThis
-----------------------------

Daily Caller
-----------------------------
$VAR1 = {
          'link' => 'http://trib.al/NW3S1FW',
          'caption' => 'dailycaller.com',
          'created_time' => '2016-12-15T05:01:48+0000',
          'name' => "US Admiral: US Stands Ready To \x{2018}Confront\x{2019} China At Sea",
          'id' => '182919686769_10154048301336770',
          'message' => 'US military commander says US ready to stand up to rival at sea'
        };

Domain: dailycaller.com

CNBC
-----------------------------

The Onion
-----------------------------

Opposing Views
-----------------------------
$VAR1 = {
          'link' => 'https://www.facebook.com/opposingviews/photos/a.92094656050.96503.34226391050/10154342303196051/?type=3',
          'created_time' => '2016-12-15T05:10:00+0000',
          'name' => 'Timeline Photos',
          'id' => '34226391050_10154342303196051',
          'message' => 'Obama has the highest approval rating of any exiting president in recent history.  Are you proud of the work he accomplished for our country?'
        };

the Today Show
-----------------------------

Kotaku
-----------------------------

Washington Post
-----------------------------

the American Center for Law and Justice
-----------------------------

VICE News
-----------------------------

PBS
-----------------------------

Mother Jones
-----------------------------

HuffPost Good News
-----------------------------

BBC News
-----------------------------
$VAR1 = {
          'link' => 'https://www.facebook.com/bbcnews/videos/10154210276777217/',
          'created_time' => '2016-12-15T05:01:47+0000',
          'id' => '228735667216_10154210276777217',
          'message' => 'We are live from Change Alley, in the heart of Singapore\'s financial district talking about the impact of the Fed\'s rate rise on Asian currencies. Send us your questions in a comment below. #FacebookLive'
        };

Breaking News
-----------------------------

The Verge
-----------------------------

New York Magazine
-----------------------------
$VAR1 = {
          'link' => 'http://nym.ag/2hvr4bd',
          'caption' => 'nymag.com',
          'created_time' => '2016-12-15T05:03:47+0000',
          'name' => 'Trump May Have America, But the City Is Still Ours',
          'id' => '14516439825_10154855851564826',
          'message' => 'The election reminded us that New York has always been a bubble. And what a bubble it is.'
        };

Domain: nymag.com

TIME
-----------------------------
$VAR1 = {
          'link' => 'http://ti.me/2hxPBKm',
          'caption' => 'time.com',
          'created_time' => '2016-12-15T05:00:11+0000',
          'name' => 'Here Are the Most Popular Google Search Terms of 2016',
          'id' => '10606591490_10154262111791491',
          'message' => 'From "Prince" to "Donald J. Trump."'
        };

Domain: time.com

the Business Insider
-----------------------------
$VAR1 = {
          'link' => 'http://read.bi/2gJ601z',
          'caption' => 'businessinsider.com',
          'created_time' => '2016-12-15T05:15:02+0000',
          'name' => 'Watch the intense trailer for Christopher Nolan\'s new WWII film featuring One Direction\'s Harry Styles',
          'id' => '20446254070_10154189787329071',
          'message' => 'It\'s Christopher Nolan\'s first film in two years.'
        };

Domain: businessinsider.com
$VAR1 = {
          'link' => 'http://read.bi/2htAKDc',
          'caption' => 'businessinsider.com',
          'created_time' => '2016-12-15T05:00:33+0000',
          'name' => "The line between work and play is blurring \x{2014} and it's creating a new kind of business traveler",
          'id' => '20446254070_10154189766909071',
          'message' => 'All work and no play is no fun.'
        };

Domain: businessinsider.com

ThinkProgress
-----------------------------

POLITICO
-----------------------------

USA TODAY
-----------------------------

American News
-----------------------------

ABC News
-----------------------------

HuffPost Politics
-----------------------------
$VAR1 = {
          'link' => 'http://huff.to/2hNUAWj',
          'caption' => 'm.huffpost.com',
          'created_time' => '2016-12-15T05:00:35+0000',
          'name' => 'Donald Trump Will Be In Violation Of The Lease On His D.C. Hotel The Day He Takes Office',
          'id' => '56845382910_10154607876612911',
          'message' => 'Chaos from day one.'
        };

Domain: huffpost.com

NBC News
-----------------------------

AJ+
-----------------------------

Wikileaks
-----------------------------

CNNMoney
-----------------------------
$VAR1 = {
          'link' => 'http://cnnmon.ie/2gXcKaH',
          'caption' => 'www.aol.com',
          'created_time' => '2016-12-15T05:05:05+0000',
          'name' => '3 things to know about your 401(k) retirement plan',
          'id' => '6651543066_10154190548223067',
          'message' => 'For best results with your own 401(k) and in order to build the biggest nest egg you can, learn more about 401(k)s and how to make the most of them. http://cnnmon.ie/2gXcKaH via AOL Finance'
        };

Domain: aol.com

ABC News Politics
-----------------------------

Right Wing News
-----------------------------

The Wall Street Journal
-----------------------------

MSNBC
-----------------------------

the Drudge Report
-----------------------------

Mic
-----------------------------

The Economist
-----------------------------

Bloomberg Politics
-----------------------------

CBS News
-----------------------------
$VAR1 = {
          'link' => 'http://cbsn.ws/2hxSxXd',
          'caption' => 'www.cbsnews.com',
          'created_time' => '2016-12-15T05:05:03+0000',
          'name' => '12-year-old boy trapped in snow bank for hours dies',
          'id' => '131459315949_10154172328560950',
          'message' => 'Officers began taking the snowbank apart and found one boy unresponsive and the other fighting his way out.'
        };

Domain: cbsnews.com
Response:
{"id":"1622501708043673_1632726140354563"}

The Young Turks
-----------------------------

Occupy Democrats
-----------------------------
$VAR1 = {
          'link' => 'https://www.facebook.com/OccupyDemocrats/photos/a.347907068635687.81180.346937065399354/1351290101630707/?type=3',
          'created_time' => '2016-12-15T05:05:59+0000',
          'name' => 'Timeline Photos',
          'id' => '346937065399354_1351290101630707',
          'message' => 'Putin\'s dream is coming true.'
        };

CBC News
-----------------------------

Newsweek
-----------------------------

CNN International
-----------------------------
$VAR1 = {
          'link' => 'https://www.facebook.com/cnninternational/videos/10154793090319641/',
          'created_time' => '2016-12-15T05:01:02+0000',
          'name' => 'Philippine senator opposes killings in drug war',
          'id' => '18793419640_10154793090319641',
          'message' => 'Philippines Senator Leila de Lima says President Rody Duterte should be impeached after he admitted to personally killing drug suspects. http://cnn.it/2gLnV7v'
        };

The New Yorker
-----------------------------
$VAR1 = {
          'link' => 'http://nyer.cm/bilyXHS',
          'caption' => 'newyorker.com',
          'created_time' => '2016-12-15T05:00:42+0000',
          'name' => 'Daniel Ellsberg, Edward Snowden, and the Modern Whistle-Blower',
          'id' => '9258148868_10154284660373869',
          'message' => "Edward Snowden didn\x{2019}t leak, in the traditional sense. He flooded, and in that difference of degree is a difference in kind."
        };

Domain: newyorker.com
Response:
{"id":"1622501708043673_1632726190354558"}

Rush Limbaugh
-----------------------------

The Independent
-----------------------------
$VAR1 = {
          'link' => 'http://www.independent.co.uk/travel/news-and-advice/inside-planes-secret-bedrooms-where-cabin-crew-go-to-rest-a7062036.html?cmpid=facebook-post',
          'caption' => 'independent.co.uk',
          'created_time' => '2016-12-15T05:01:00+0000',
          'name' => "Inside planes\x{2019} secret bedrooms where cabin crew go to rest",
          'id' => '13312631635_10154288073261636',
          'message' => '\'Like sleeping in a coffin\''
        };

Domain: independent.co.uk

TheBlaze
-----------------------------
$VAR1 = {
          'link' => 'https://www.facebook.com/theblaze/videos/1301433286560675/',
          'created_time' => '2016-12-15T05:11:50+0000',
          'name' => 'Tomi Lahren Tonight on ABC Nightline at 11:35PM CST',
          'id' => '140738092630206_1301433286560675'
        };

NPR Politics
-----------------------------

The New York Times
-----------------------------

NPR
-----------------------------
$VAR1 = {
          'link' => 'http://www.npr.org/sections/thetwo-way/2016/12/14/505570581/photos-dutch-court-decides-crimean-treasures-must-go-to-ukraine?utm_source=facebook.com&utm_medium=social&utm_campaign=npr&utm_term=nprnews&utm_content=2042',
          'caption' => 'npr.org',
          'created_time' => '2016-12-15T05:11:00+0000',
          'name' => 'PHOTOS: Dutch Court Decides Crimean Treasures Must Go To Ukraine',
          'id' => '10643211755_10155078135541756',
          'message' => 'When Russia annexed Crimea from Ukraine in 2014, many of the region\'s most precious artifacts were on loan to a Dutch museum.'
        };

Domain: npr.org
Response:
{"id":"1622501708043673_1632726280354549"}

MSN
-----------------------------

CNN Politics
-----------------------------

The Daily Show
-----------------------------

Daily Kos
-----------------------------

Yahoo News
-----------------------------

The Guardian
-----------------------------

CNN
-----------------------------
$VAR1 = {
          'link' => 'http://cnn.it/2gK1Lm9',
          'caption' => 'www.cnn.com',
          'created_time' => '2016-12-15T05:01:01+0000',
          'name' => 'This Muslim restaurant will feed the homeless and elderly for free on Christmas Day',
          'id' => '5550296508_10155757881326509',
          'message' => '"No one eats alone on a Christmas Day!"'
        };

Domain: cnn.com
Response:
{"id":"1622501708043673_1632726397021204"}

Slate.com
-----------------------------
$VAR1 = {
          'link' => 'http://slate.me/2hpvKj0',
          'caption' => 'slate.com',
          'created_time' => '2016-12-15T05:00:35+0000',
          'name' => "Watch Natalie Portman in the Trailer for Padm\x{e9}, the Star Wars Spinoff We Really Need",
          'id' => '21516776437_10154655301116438',
          'message' => 'This trailer wins the Oscar.'
        };

Domain: slate.com
Response:
{"id":"1622501708043673_1632726437021200"}

the AP
-----------------------------

Sean Hannity
-----------------------------

The Ed Schultz Show
-----------------------------

The Atlantic
-----------------------------

Bloomberg
-----------------------------
$VAR1 = {
          'link' => 'http://bloom.bg/2hyuo2L',
          'caption' => 'bloomberg.com',
          'created_time' => '2016-12-15T05:01:34+0000',
          'name' => 'Stolen Yahoo Data Includes U.S. Government Employee Information',
          'id' => '266790296879_10154833284816880',
          'message' => 'FBI, CIA, NSA, and White House workers are among the hacking victims.'
        };

Domain: bloomberg.com
Response:
{"id":"1622501708043673_1632726493687861"}

BuzzFeed
-----------------------------

Fox News
-----------------------------
$VAR1 = {
          'link' => 'http://www.foxnews.com/health/2016/12/14/photo-boys-helping-man-in-wheelchair-shovel-snow-goes-viral.html',
          'caption' => 'foxnews.com',
          'created_time' => '2016-12-15T05:15:00+0000',
          'name' => 'Photo of Boys Helping Man in Wheelchair Shovel Snow Goes Viral',
          'id' => '15704546335_10154895755611336',
          'message' => 'The two brothers spotted the man as they were driving down the road and asked their dad to pull over so they could lend a hand.'
        };

Domain: foxnews.com
Response:
{"id":"1622501708043673_1632726553687855"}

VICE
-----------------------------

Glenn Beck
-----------------------------

The Other 98%
-----------------------------


Total Posts Made:	9


