***********************************************************************************
Started at 16:30:01 on 10/24/2016
***********************************************************************************
Querying souces from the past 10 minutes....

Al Jazeera
-----------------------------

Upworthy
-----------------------------

The Huffington Post
-----------------------------

HuffPost Women
-----------------------------

PBS News Hour
-----------------------------

ATTN:
-----------------------------
$VAR1 = {
          'link' => 'http://www.attn.com/stories/13064/how-legal-defense-funds-could-protect-immigrants-under-donald-trump?utm_source=facebook&utm_medium=post&utm_campaign=internal',
          'caption' => 'attn.com',
          'created_time' => '2016-11-24T21:21:02+0000',
          'name' => 'The New Way People Are Protecting Immigrants Deserves Your Attention',
          'id' => '160389977329803_1198625270172930',
          'message' => 'You might not have heard about this yet.'
        };

Domain: attn.com

Reuters
-----------------------------

NowThis
-----------------------------

Daily Caller
-----------------------------

CNBC
-----------------------------
$VAR1 = {
          'link' => 'http://cnb.cx/2fnqAij',
          'caption' => 'cnbc.com',
          'created_time' => '2016-11-24T21:22:15+0000',
          'name' => 'Online petition asks Electoral College not to vote Trump',
          'id' => '97212224368_10154918081054369',
          'message' => 'Will the Electoral College deny Trump his presidency? He was the Election Day winner.'
        };

Domain: cnbc.com

The Onion
-----------------------------

Opposing Views
-----------------------------
$VAR1 = {
          'link' => 'https://www.opposingviews.com/i/politics/looks-trump-might-not-be-building-wall-after-all-you-wont-believe-reason-why?fb=ov',
          'caption' => 'opposingviews.com',
          'created_time' => '2016-11-24T21:30:00+0000',
          'name' => 'Trump Might Not Need To Build A Wall After All Because Of Interesting New Development',
          'id' => '34226391050_10154279660011051',
          'message' => 'Looks like Trump might not be building a wall after all. There\'s just been an interesting development.'
        };

Domain: opposingviews.com

the Today Show
-----------------------------

Kotaku
-----------------------------

Washington Post
-----------------------------

the American Center for Law and Justice
-----------------------------

VICE News
-----------------------------

PBS
-----------------------------

Mother Jones
-----------------------------

HuffPost Good News
-----------------------------

BBC News
-----------------------------

Breaking News
-----------------------------

The Verge
-----------------------------

New York Magazine
-----------------------------
$VAR1 = {
          'link' => 'http://nym.ag/2fk2bdj',
          'caption' => 'nymag.com',
          'created_time' => '2016-11-24T21:30:01+0000',
          'name' => "The Encrypted Chat App That\x{2019}s Booming in a Post-Trump World",
          'id' => '14516439825_10154778498684826',
          'message' => 'With a Donald J. Trump presidency looming, the private-messenger app Signal is suddenly much more popular.'
        };

Domain: nymag.com

TIME
-----------------------------

the Business Insider
-----------------------------
$VAR1 = {
          'link' => 'http://www.businessinsider.com/rules-for-thanksgiving-dinner-party-etiquette-2016-11/#',
          'caption' => 'businessinsider.com',
          'created_time' => '2016-11-24T21:30:01+0000',
          'name' => '11 dining etiquette mistakes no one should make at Thanksgiving',
          'id' => '20446254070_10154117399539071',
          'message' => 'Don\'t show up empty handed.'
        };

Domain: businessinsider.com

ThinkProgress
-----------------------------

POLITICO
-----------------------------

USA TODAY
-----------------------------

American News
-----------------------------
$VAR1 = {
          'link' => 'http://americannews.com/breaking-conservatives-devastated-nationwide-finding-donald-might-not-actually-won/',
          'caption' => 'americannews.com',
          'created_time' => '2016-11-24T21:30:00+0000',
          'name' => 'BREAKING: Conservatives Devastated Nationwide After Finding Out Donald Might Not Actually Have Won',
          'id' => '179035672287016_886511528206090',
          'message' => 'The numbers appear different than we originally thought.

This could be bad. We not have won yet.

Is Trump your president?'
        };

Domain: americannews.com

ABC News
-----------------------------
$VAR1 = {
          'link' => 'http://abcn.ws/2gmdJBu',
          'caption' => 'abcnews.go.com',
          'created_time' => '2016-11-24T21:23:40+0000',
          'name' => 'Outrage Grows Over Scheduled Appearance of White Nationalist at Texas A&M',
          'id' => '86680728811_10155052601618812',
          'message' => 'Word of a forthcoming speech to be delivered by white nationalist Richard Spencer at Texas A&M University next month has sparked multiple petitions that have already accrued thousands of signatures.'
        };

Domain: go.com
$VAR1 = bless( {
                 'response' => bless( {
                                        '_protocol' => 'HTTP/1.1',
                                        '_content' => '{"error":{"message":"It looks like you were misusing this feature by going too fast. You\\u2019ve been blocked from using it.\\n\\nLearn more about blocks in the Help Center.","type":"OAuthException","code":368,"error_subcode":1390008,"fbtrace_id":"Ewqf9iGnj1W"}}',
                                        '_rc' => '400',
                                        '_headers' => bless( {
                                                               'connection' => 'close',
                                                               'cache-control' => 'no-store',
                                                               'x-fb-rev' => '2702404',
                                                               'date' => 'Thu, 24 Nov 2016 21:30:31 GMT',
                                                               'x-fb-debug' => 'TTGlTSoUtEzm8D2p2a+VQY10DsFJMW8WQBbLsosCAYcmk2aeh6kfL93xXyZcaj8nxOpnfjUTJSEdKsy+rW9O4w==',
                                                               'access-control-allow-origin' => '*',
                                                               'vary' => 'Accept-Encoding',
                                                               'client-ssl-cert-issuer' => '/C=US/O=DigiCert Inc/OU=www.digicert.com/CN=DigiCert SHA2 High Assurance Server CA',
                                                               'client-ssl-cipher' => 'ECDHE-ECDSA-AES128-GCM-SHA256',
                                                               'client-peer' => '31.13.65.1:443',
                                                               'facebook-api-version' => 'v2.8',
                                                               'client-date' => 'Thu, 24 Nov 2016 21:30:31 GMT',
                                                               'x-page-usage' => '{"call_count":70,"total_cputime":24,"total_time":32}',
                                                               'content-type' => 'text/javascript; charset=UTF-8',
                                                               'pragma' => 'no-cache',
                                                               'www-authenticate' => 'OAuth "Facebook Platform" "access_denied" "It looks like you were misusing this feature by going too fast. You’ve been blocked from using it.\\n\\nLearn more about blocks in the Help Center."',
                                                               'client-ssl-socket-class' => 'IO::Socket::SSL',
                                                               'client-response-num' => 1,
                                                               'x-fb-trace-id' => 'Ewqf9iGnj1W',
                                                               '::std_case' => {
                                                                                 'client-response-num' => 'Client-Response-Num',
                                                                                 'x-fb-rev' => 'X-Fb-Rev',
                                                                                 'x-fb-debug' => 'X-FB-Debug',
                                                                                 'access-control-allow-origin' => 'Access-Control-Allow-Origin',
                                                                                 'client-ssl-cert-issuer' => 'Client-SSL-Cert-Issuer',
                                                                                 'client-ssl-cipher' => 'Client-SSL-Cipher',
                                                                                 'client-peer' => 'Client-Peer',
                                                                                 'facebook-api-version' => 'Facebook-Api-Version',
                                                                                 'x-fb-trace-id' => 'X-Fb-Trace-Id',
                                                                                 'client-date' => 'Client-Date',
                                                                                 'x-page-usage' => 'X-Page-Usage',
                                                                                 'client-ssl-cert-subject' => 'Client-SSL-Cert-Subject',
                                                                                 'client-ssl-socket-class' => 'Client-SSL-Socket-Class'
                                                                               },
                                                               'client-ssl-cert-subject' => '/C=US/ST=CA/L=Menlo Park/O=Facebook, Inc./CN=*.facebook.com',
                                                               'expires' => 'Sat, 01 Jan 2000 00:00:00 GMT'
                                                             }, 'HTTP::Headers' ),
                                        '_msg' => 'Bad Request',
                                        '_request' => bless( {
                                                               '_content' => 'access_token=EAASqp8MKvc8BAKVjrrUK6uaY0aE3ShNIaIQRXuXDVKALLiwJfhSvmB5Rbn9Lm0sIZC0JhCsRHbBM3Fl2bEVwJhZCkHoNeRQ0bIGAIGlGTv9GUGKMeZCn78hzZB7HyX20anBCdY2C113Hvylv30el9AiYlM3TWfkZD&message=The+Facebook+page+of+ABC+News+originally+shared+this+article.+According+to+data+gathered+by+the+Pew+Research+Center%2C+ABC+News+is+more+trusted+than+distrusted+by+survey+respondents+who+have+heard+of+the+source.+(Over+40%25+of+respondents)+%0D%0AAdditionally%2C+the+research+indicates+that+left-leaning+readers+and+right-leaning+readers+were+about+equally+as+likely+to+find+this+source+credible.+%0D%0A%0D%0AOut+of+the+94%25+of+respondents+who+have+heard+of+ABC+News%2C%0D%0A53%25%09trusted+the+news+source%2C%0D%0A18%25%09distrusted+the+news+source%2C+and%0D%0A29%25%09neither+trusted+nor+distrusted+the+news+source.%0D%0A%0D%0ATo+learn+more+about+Pew+Research+Center\'s+study+on+Political+Polarization+%26+Media+Habits%2C+follow+this+link+to+visit+their+report.+https%3A%2F%2Fgoo.gl%2FxwVtjv&link=http%3A%2F%2Fabcn.ws%2F2gmdJBu&published=true',
                                                               '_uri' => bless( do{\(my $o = 'https://graph.facebook.com/v2.2/1622501708043673/feed')}, 'URI::https' ),
                                                               '_headers' => bless( {
                                                                                      'user-agent' => 'libwww-perl/6.15',
                                                                                      'content-type' => 'application/x-www-form-urlencoded',
                                                                                      'content-length' => 1027,
                                                                                      '::std_case' => {
                                                                                                        'if-ssl-cert-subject' => 'If-SSL-Cert-Subject'
                                                                                                      }
                                                                                    }, 'HTTP::Headers' ),
                                                               '_method' => 'POST',
                                                               '_uri_canonical' => $VAR1->{'response'}{'_request'}{'_uri'}
                                                             }, 'HTTP::Request' )
                                      }, 'HTTP::Response' )
               }, 'Facebook::Graph::Response' );

HuffPost Politics
-----------------------------

NBC News
-----------------------------
$VAR1 = {
          'link' => 'http://nbcnews.to/2fJOGVD',
          'caption' => 'nbcnews.com',
          'created_time' => '2016-11-24T21:30:07+0000',
          'name' => 'This algorithm determines the price of your plane tickets',
          'id' => '155869377766434_1581918058494885',
          'message' => 'The pricing of airline tickets might seem like a mystery but it\'s actually an algorithm. 

Via NBC News MACH'
        };

Domain: nbcnews.com
$VAR1 = bless( {
                 'response' => bless( {
                                        '_protocol' => 'HTTP/1.1',
                                        '_content' => '{"error":{"message":"It looks like you were misusing this feature by going too fast. You\\u2019ve been blocked from using it.\\n\\nLearn more about blocks in the Help Center.","type":"OAuthException","code":368,"error_subcode":1390008,"fbtrace_id":"Cx6oCtrI6Ix"}}',
                                        '_rc' => '400',
                                        '_headers' => bless( {
                                                               'connection' => 'close',
                                                               'cache-control' => 'no-store',
                                                               'x-fb-rev' => '2702404',
                                                               'date' => 'Thu, 24 Nov 2016 21:30:31 GMT',
                                                               'x-fb-debug' => 'xMT9aeiuPpR3VsxHjYE8c96Hpe52Yz55ICXkSf9DGIBhUCCP0HBc4SGK65zcY+P8MHHym/AUd2HoGbAozfcWwg==',
                                                               'access-control-allow-origin' => '*',
                                                               'vary' => 'Accept-Encoding',
                                                               'client-ssl-cert-issuer' => '/C=US/O=DigiCert Inc/OU=www.digicert.com/CN=DigiCert SHA2 High Assurance Server CA',
                                                               'client-ssl-cipher' => 'ECDHE-ECDSA-AES128-GCM-SHA256',
                                                               'client-peer' => '31.13.65.1:443',
                                                               'facebook-api-version' => 'v2.8',
                                                               'client-date' => 'Thu, 24 Nov 2016 21:30:31 GMT',
                                                               'x-page-usage' => '{"call_count":70,"total_cputime":24,"total_time":32}',
                                                               'content-type' => 'text/javascript; charset=UTF-8',
                                                               'pragma' => 'no-cache',
                                                               'www-authenticate' => 'OAuth "Facebook Platform" "access_denied" "It looks like you were misusing this feature by going too fast. You’ve been blocked from using it.\\n\\nLearn more about blocks in the Help Center."',
                                                               'client-ssl-socket-class' => 'IO::Socket::SSL',
                                                               'client-response-num' => 1,
                                                               'x-fb-trace-id' => 'Cx6oCtrI6Ix',
                                                               '::std_case' => {
                                                                                 'client-response-num' => 'Client-Response-Num',
                                                                                 'x-fb-rev' => 'X-Fb-Rev',
                                                                                 'x-fb-debug' => 'X-FB-Debug',
                                                                                 'access-control-allow-origin' => 'Access-Control-Allow-Origin',
                                                                                 'client-ssl-cert-issuer' => 'Client-SSL-Cert-Issuer',
                                                                                 'client-ssl-cipher' => 'Client-SSL-Cipher',
                                                                                 'client-peer' => 'Client-Peer',
                                                                                 'facebook-api-version' => 'Facebook-Api-Version',
                                                                                 'x-fb-trace-id' => 'X-Fb-Trace-Id',
                                                                                 'client-date' => 'Client-Date',
                                                                                 'x-page-usage' => 'X-Page-Usage',
                                                                                 'client-ssl-cert-subject' => 'Client-SSL-Cert-Subject',
                                                                                 'client-ssl-socket-class' => 'Client-SSL-Socket-Class'
                                                                               },
                                                               'client-ssl-cert-subject' => '/C=US/ST=CA/L=Menlo Park/O=Facebook, Inc./CN=*.facebook.com',
                                                               'expires' => 'Sat, 01 Jan 2000 00:00:00 GMT'
                                                             }, 'HTTP::Headers' ),
                                        '_msg' => 'Bad Request',
                                        '_request' => bless( {
                                                               '_content' => 'access_token=EAASqp8MKvc8BAKVjrrUK6uaY0aE3ShNIaIQRXuXDVKALLiwJfhSvmB5Rbn9Lm0sIZC0JhCsRHbBM3Fl2bEVwJhZCkHoNeRQ0bIGAIGlGTv9GUGKMeZCn78hzZB7HyX20anBCdY2C113Hvylv30el9AiYlM3TWfkZD&message=The+Facebook+page+of+NBC+News+originally+shared+this+article.+According+to+data+gathered+by+the+Pew+Research+Center%2C+NBC+News+is+more+trusted+than+distrusted+by+survey+respondents+who+have+heard+of+the+source.+(Over+40%25+of+respondents)+%0D%0AAdditionally%2C+the+research+indicates+that+left-leaning+readers+were+more+likely+to+find+this+source+credible+than+other+readers.+%0D%0A%0D%0AOut+of+the+94%25+of+respondents+who+have+heard+of+NBC+News%2C%0D%0A53%25%09trusted+the+news+source%2C%0D%0A20%25%09distrusted+the+news+source%2C+and%0D%0A26%25%09neither+trusted+nor+distrusted+the+news+source.%0D%0A%0D%0ATo+learn+more+about+Pew+Research+Center\'s+study+on+Political+Polarization+%26+Media+Habits%2C+follow+this+link+to+visit+their+report.+https%3A%2F%2Fgoo.gl%2FxwVtjv&link=http%3A%2F%2Fnbcnews.to%2F2fJOGVD&published=true',
                                                               '_uri' => bless( do{\(my $o = 'https://graph.facebook.com/v2.2/1622501708043673/feed')}, 'URI::https' ),
                                                               '_headers' => bless( {
                                                                                      'user-agent' => 'libwww-perl/6.15',
                                                                                      'content-type' => 'application/x-www-form-urlencoded',
                                                                                      'content-length' => 1011,
                                                                                      '::std_case' => {
                                                                                                        'if-ssl-cert-subject' => 'If-SSL-Cert-Subject'
                                                                                                      }
                                                                                    }, 'HTTP::Headers' ),
                                                               '_method' => 'POST',
                                                               '_uri_canonical' => $VAR1->{'response'}{'_request'}{'_uri'}
                                                             }, 'HTTP::Request' )
                                      }, 'HTTP::Response' )
               }, 'Facebook::Graph::Response' );

AJ+
-----------------------------

Wikileaks
-----------------------------

CNNMoney
-----------------------------
$VAR1 = {
          'link' => 'http://cnnmon.ie/2fPjPtj',
          'caption' => 'money.cnn.com',
          'created_time' => '2016-11-24T21:30:00+0000',
          'name' => 'Trump: Selling my real estate to avoid conflict would be hard',
          'id' => '6651543066_10154122880708067',
          'message' => 'President-elect Donald Trump dismissed concerns over potential business conflicts in a meeting with New York Times reporters Tuesday. http://cnnmon.ie/2fPjPtj'
        };

Domain: cnn.com
$VAR1 = bless( {
                 'response' => bless( {
                                        '_protocol' => 'HTTP/1.1',
                                        '_content' => '{"error":{"message":"It looks like you were misusing this feature by going too fast. You\\u2019ve been blocked from using it.\\n\\nLearn more about blocks in the Help Center.","type":"OAuthException","code":368,"error_subcode":1390008,"fbtrace_id":"HAiu1n+4DnZ"}}',
                                        '_rc' => '400',
                                        '_headers' => bless( {
                                                               'connection' => 'close',
                                                               'cache-control' => 'no-store',
                                                               'x-fb-rev' => '2702404',
                                                               'date' => 'Thu, 24 Nov 2016 21:30:32 GMT',
                                                               'x-fb-debug' => 'odTyl9Fa/obpb0L9AgcDmqJ09tgVzHnJlnZxhIhILNY7nzS3iTX4i0pvK4RrQE6tyC8bfdO4i5FRqjYpjSc0Qg==',
                                                               'access-control-allow-origin' => '*',
                                                               'vary' => 'Accept-Encoding',
                                                               'client-ssl-cert-issuer' => '/C=US/O=DigiCert Inc/OU=www.digicert.com/CN=DigiCert SHA2 High Assurance Server CA',
                                                               'client-ssl-cipher' => 'ECDHE-ECDSA-AES128-GCM-SHA256',
                                                               'client-peer' => '31.13.65.1:443',
                                                               'facebook-api-version' => 'v2.8',
                                                               'client-date' => 'Thu, 24 Nov 2016 21:30:32 GMT',
                                                               'x-page-usage' => '{"call_count":70,"total_cputime":24,"total_time":32}',
                                                               'content-type' => 'text/javascript; charset=UTF-8',
                                                               'pragma' => 'no-cache',
                                                               'www-authenticate' => 'OAuth "Facebook Platform" "access_denied" "It looks like you were misusing this feature by going too fast. You’ve been blocked from using it.\\n\\nLearn more about blocks in the Help Center."',
                                                               'client-ssl-socket-class' => 'IO::Socket::SSL',
                                                               'client-response-num' => 1,
                                                               'x-fb-trace-id' => 'HAiu1n+4DnZ',
                                                               '::std_case' => {
                                                                                 'client-response-num' => 'Client-Response-Num',
                                                                                 'x-fb-rev' => 'X-Fb-Rev',
                                                                                 'x-fb-debug' => 'X-FB-Debug',
                                                                                 'access-control-allow-origin' => 'Access-Control-Allow-Origin',
                                                                                 'client-ssl-cert-issuer' => 'Client-SSL-Cert-Issuer',
                                                                                 'client-ssl-cipher' => 'Client-SSL-Cipher',
                                                                                 'client-peer' => 'Client-Peer',
                                                                                 'facebook-api-version' => 'Facebook-Api-Version',
                                                                                 'x-fb-trace-id' => 'X-Fb-Trace-Id',
                                                                                 'client-date' => 'Client-Date',
                                                                                 'x-page-usage' => 'X-Page-Usage',
                                                                                 'client-ssl-cert-subject' => 'Client-SSL-Cert-Subject',
                                                                                 'client-ssl-socket-class' => 'Client-SSL-Socket-Class'
                                                                               },
                                                               'client-ssl-cert-subject' => '/C=US/ST=CA/L=Menlo Park/O=Facebook, Inc./CN=*.facebook.com',
                                                               'expires' => 'Sat, 01 Jan 2000 00:00:00 GMT'
                                                             }, 'HTTP::Headers' ),
                                        '_msg' => 'Bad Request',
                                        '_request' => bless( {
                                                               '_content' => 'access_token=EAASqp8MKvc8BAKVjrrUK6uaY0aE3ShNIaIQRXuXDVKALLiwJfhSvmB5Rbn9Lm0sIZC0JhCsRHbBM3Fl2bEVwJhZCkHoNeRQ0bIGAIGlGTv9GUGKMeZCn78hzZB7HyX20anBCdY2C113Hvylv30el9AiYlM3TWfkZD&message=The+Facebook+page+of+CNNMoney+originally+shared+this+article.+According+to+data+gathered+by+the+Pew+Research+Center%2C+CNN+is+more+trusted+than+distrusted+by+survey+respondents+who+have+heard+of+the+source.+(Over+40%25+of+respondents)+%0D%0AAdditionally%2C+the+research+indicates+that+left-leaning+readers+were+more+likely+to+find+this+source+credible+than+other+readers.+%0D%0A%0D%0AOut+of+the+95%25+of+respondents+who+have+heard+of+CNN%2C%0D%0A57%25%09trusted+the+news+source%2C%0D%0A22%25%09distrusted+the+news+source%2C+and%0D%0A22%25%09neither+trusted+nor+distrusted+the+news+source.%0D%0A%0D%0ATo+learn+more+about+Pew+Research+Center\'s+study+on+Political+Polarization+%26+Media+Habits%2C+follow+this+link+to+visit+their+report.+https%3A%2F%2Fgoo.gl%2FxwVtjv&link=http%3A%2F%2Fcnnmon.ie%2F2fPjPtj&published=true',
                                                               '_uri' => bless( do{\(my $o = 'https://graph.facebook.com/v2.2/1622501708043673/feed')}, 'URI::https' ),
                                                               '_headers' => bless( {
                                                                                      'user-agent' => 'libwww-perl/6.15',
                                                                                      'content-type' => 'application/x-www-form-urlencoded',
                                                                                      'content-length' => 1000,
                                                                                      '::std_case' => {
                                                                                                        'if-ssl-cert-subject' => 'If-SSL-Cert-Subject'
                                                                                                      }
                                                                                    }, 'HTTP::Headers' ),
                                                               '_method' => 'POST',
                                                               '_uri_canonical' => $VAR1->{'response'}{'_request'}{'_uri'}
                                                             }, 'HTTP::Request' )
                                      }, 'HTTP::Response' )
               }, 'Facebook::Graph::Response' );

ABC News Politics
-----------------------------

Right Wing News
-----------------------------
$VAR1 = {
          'link' => 'http://www.americanow.com/story/society/2016/11/22/michelle-obamas-designer-refuses-dress-melania-trump?Fb=rwn',
          'caption' => 'americanow.com',
          'created_time' => '2016-11-24T21:30:00+0000',
          'name' => 'Michelle Obama\'s Favorite Designer Refuses To Dress Melania Trump',
          'id' => '389658314427637_1605229402870516',
          'message' => 'Michelle Obama\'s favorite designer, a woman who dressed the First Lady for 8 years in a row, just refused to dress Melania Trump. The reason? She isn\'t tolerant of her despite asking everyone else to be tolerant of her. The self-professed liberal meant to snub the new First Lady -- but she never saw this coming.'
        };

Domain: americanow.com

The Wall Street Journal
-----------------------------

MSNBC
-----------------------------

the Drudge Report
-----------------------------

Mic
-----------------------------
$VAR1 = {
          'link' => 'https://www.facebook.com/MicMedia/videos/1763227970605485/',
          'created_time' => '2016-11-24T21:21:00+0000',
          'name' => 'Smashing patriarchy',
          'id' => '174742062548592_1763227970605485',
          'message' => 'This senator found a sexist cake in the Louisiana State Capitol and she literally smashed the patriarchy.'
        };

The Economist
-----------------------------

Bloomberg Politics
-----------------------------

CBS News
-----------------------------
$VAR1 = {
          'link' => 'http://cbsn.ws/2gqLuPL',
          'caption' => 'www.cbsnews.com',
          'created_time' => '2016-11-24T21:30:02+0000',
          'name' => 'Donald Trump calls for national healing in Thanksgiving message',
          'id' => '131459315949_10154102615310950',
          'message' => 'President-elect Donald Trump offered a Thanksgiving prayer for unity after "a long and bruising" campaign season.'
        };

Domain: cbsnews.com
$VAR1 = bless( {
                 'response' => bless( {
                                        '_protocol' => 'HTTP/1.1',
                                        '_content' => '{"error":{"message":"It looks like you were misusing this feature by going too fast. You\\u2019ve been blocked from using it.\\n\\nLearn more about blocks in the Help Center.","type":"OAuthException","code":368,"error_subcode":1390008,"fbtrace_id":"B2S7L6hfFEE"}}',
                                        '_rc' => '400',
                                        '_headers' => bless( {
                                                               'connection' => 'close',
                                                               'cache-control' => 'no-store',
                                                               'x-fb-rev' => '2702404',
                                                               'date' => 'Thu, 24 Nov 2016 21:30:32 GMT',
                                                               'x-fb-debug' => 'tdrE/AFB+QTjKUYsD/802gr8YAB7xvwNibr59VrofAVFgrUYJtZtLWcaRdFOiY85xvsQLC3P3/CQreHexF0wfw==',
                                                               'access-control-allow-origin' => '*',
                                                               'vary' => 'Accept-Encoding',
                                                               'client-ssl-cert-issuer' => '/C=US/O=DigiCert Inc/OU=www.digicert.com/CN=DigiCert SHA2 High Assurance Server CA',
                                                               'client-ssl-cipher' => 'ECDHE-ECDSA-AES128-GCM-SHA256',
                                                               'client-peer' => '31.13.65.1:443',
                                                               'facebook-api-version' => 'v2.8',
                                                               'client-date' => 'Thu, 24 Nov 2016 21:30:32 GMT',
                                                               'x-page-usage' => '{"call_count":70,"total_cputime":24,"total_time":32}',
                                                               'content-type' => 'text/javascript; charset=UTF-8',
                                                               'pragma' => 'no-cache',
                                                               'www-authenticate' => 'OAuth "Facebook Platform" "access_denied" "It looks like you were misusing this feature by going too fast. You’ve been blocked from using it.\\n\\nLearn more about blocks in the Help Center."',
                                                               'client-ssl-socket-class' => 'IO::Socket::SSL',
                                                               'client-response-num' => 1,
                                                               'x-fb-trace-id' => 'B2S7L6hfFEE',
                                                               '::std_case' => {
                                                                                 'client-response-num' => 'Client-Response-Num',
                                                                                 'x-fb-rev' => 'X-Fb-Rev',
                                                                                 'x-fb-debug' => 'X-FB-Debug',
                                                                                 'access-control-allow-origin' => 'Access-Control-Allow-Origin',
                                                                                 'client-ssl-cert-issuer' => 'Client-SSL-Cert-Issuer',
                                                                                 'client-ssl-cipher' => 'Client-SSL-Cipher',
                                                                                 'client-peer' => 'Client-Peer',
                                                                                 'facebook-api-version' => 'Facebook-Api-Version',
                                                                                 'x-fb-trace-id' => 'X-Fb-Trace-Id',
                                                                                 'client-date' => 'Client-Date',
                                                                                 'x-page-usage' => 'X-Page-Usage',
                                                                                 'client-ssl-cert-subject' => 'Client-SSL-Cert-Subject',
                                                                                 'client-ssl-socket-class' => 'Client-SSL-Socket-Class'
                                                                               },
                                                               'client-ssl-cert-subject' => '/C=US/ST=CA/L=Menlo Park/O=Facebook, Inc./CN=*.facebook.com',
                                                               'expires' => 'Sat, 01 Jan 2000 00:00:00 GMT'
                                                             }, 'HTTP::Headers' ),
                                        '_msg' => 'Bad Request',
                                        '_request' => bless( {
                                                               '_content' => 'access_token=EAASqp8MKvc8BAKVjrrUK6uaY0aE3ShNIaIQRXuXDVKALLiwJfhSvmB5Rbn9Lm0sIZC0JhCsRHbBM3Fl2bEVwJhZCkHoNeRQ0bIGAIGlGTv9GUGKMeZCn78hzZB7HyX20anBCdY2C113Hvylv30el9AiYlM3TWfkZD&message=The+Facebook+page+of+CBS+News+originally+shared+this+article.+According+to+data+gathered+by+the+Pew+Research+Center%2C+CBS+News+is+more+trusted+than+distrusted+by+survey+respondents+who+have+heard+of+the+source.+(Over+40%25+of+respondents)+%0D%0AAdditionally%2C+the+research+indicates+that+left-leaning+readers+were+more+likely+to+find+this+source+credible+than+other+readers.+%0D%0A%0D%0AOut+of+the+93%25+of+respondents+who+have+heard+of+CBS+News%2C%0D%0A49%25%09trusted+the+news+source%2C%0D%0A18%25%09distrusted+the+news+source%2C+and%0D%0A33%25%09neither+trusted+nor+distrusted+the+news+source.%0D%0A%0D%0ATo+learn+more+about+Pew+Research+Center\'s+study+on+Political+Polarization+%26+Media+Habits%2C+follow+this+link+to+visit+their+report.+https%3A%2F%2Fgoo.gl%2FxwVtjv&link=http%3A%2F%2Fcbsn.ws%2F2gqLuPL&published=true',
                                                               '_uri' => bless( do{\(my $o = 'https://graph.facebook.com/v2.2/1622501708043673/feed')}, 'URI::https' ),
                                                               '_headers' => bless( {
                                                                                      'user-agent' => 'libwww-perl/6.15',
                                                                                      'content-type' => 'application/x-www-form-urlencoded',
                                                                                      'content-length' => 1008,
                                                                                      '::std_case' => {
                                                                                                        'if-ssl-cert-subject' => 'If-SSL-Cert-Subject'
                                                                                                      }
                                                                                    }, 'HTTP::Headers' ),
                                                               '_method' => 'POST',
                                                               '_uri_canonical' => $VAR1->{'response'}{'_request'}{'_uri'}
                                                             }, 'HTTP::Request' )
                                      }, 'HTTP::Response' )
               }, 'Facebook::Graph::Response' );

The Young Turks
-----------------------------

Occupy Democrats
-----------------------------
$VAR1 = {
          'link' => 'https://www.facebook.com/OccupyDemocrats/videos/1321310714628646/',
          'created_time' => '2016-11-24T21:24:46+0000',
          'name' => 'Native Americans On Thanksgiving',
          'id' => '346937065399354_1321310714628646',
          'message' => 'This speaks volumes.

Credit: WatchCut, go LIKE their page for more!
Shared by Occupy Democrats.'
        };

CBC News
-----------------------------
$VAR1 = {
          'link' => 'http://www.cbc.ca/news/canada/toronto/ontario-health-minister-meets-medication-death-family-1.3865798',
          'caption' => 'cbc.ca',
          'created_time' => '2016-11-24T21:30:00+0000',
          'name' => 'Family of boy who died after prescription error hears health minister is \'all in\' for change',
          'id' => '5823419603_10154864794354604',
          'message' => '"We\'re certainly considering her proposals."'
        };

Newsweek
-----------------------------

CNN International
-----------------------------

The New Yorker
-----------------------------

Rush Limbaugh
-----------------------------

The Independent
-----------------------------

TheBlaze
-----------------------------

NPR Politics
-----------------------------

The New York Times
-----------------------------
$VAR1 = {
          'link' => 'http://www.nytimes.com/2016/11/20/opinion/the-secret-agenda-of-a-facebook-quiz.html?smid=fb-nytimes&smtyp=cur',
          'caption' => 'nytimes.com',
          'created_time' => '2016-11-24T21:25:00+0000',
          'name' => 'The Secret Agenda of a Facebook Quiz',
          'id' => '5281959998_10150977485569999',
          'message' => 'How those personality quizzes floating around Facebook can help elect a president.

Read on in The New York Times Opinion Section.'
        };

Domain: nytimes.com
$VAR1 = bless( {
                 'response' => bless( {
                                        '_protocol' => 'HTTP/1.1',
                                        '_content' => '{"error":{"message":"It looks like you were misusing this feature by going too fast. You\\u2019ve been blocked from using it.\\n\\nLearn more about blocks in the Help Center.","type":"OAuthException","code":368,"error_subcode":1390008,"fbtrace_id":"DqzmdHrQHMo"}}',
                                        '_rc' => '400',
                                        '_headers' => bless( {
                                                               'connection' => 'close',
                                                               'cache-control' => 'no-store',
                                                               'x-fb-rev' => '2702404',
                                                               'date' => 'Thu, 24 Nov 2016 21:30:32 GMT',
                                                               'x-fb-debug' => 'LPTAidENdKT82/5+uABgccWuIQfxhl671rtLB86vrRCnXVq0yH5nF5pCCnpRJ6KbKXi3oVSWZSQLtuJG+DzmRA==',
                                                               'access-control-allow-origin' => '*',
                                                               'vary' => 'Accept-Encoding',
                                                               'client-ssl-cert-issuer' => '/C=US/O=DigiCert Inc/OU=www.digicert.com/CN=DigiCert SHA2 High Assurance Server CA',
                                                               'client-ssl-cipher' => 'ECDHE-ECDSA-AES128-GCM-SHA256',
                                                               'client-peer' => '31.13.65.1:443',
                                                               'facebook-api-version' => 'v2.8',
                                                               'client-date' => 'Thu, 24 Nov 2016 21:30:33 GMT',
                                                               'x-page-usage' => '{"call_count":70,"total_cputime":24,"total_time":32}',
                                                               'content-type' => 'text/javascript; charset=UTF-8',
                                                               'pragma' => 'no-cache',
                                                               'www-authenticate' => 'OAuth "Facebook Platform" "access_denied" "It looks like you were misusing this feature by going too fast. You’ve been blocked from using it.\\n\\nLearn more about blocks in the Help Center."',
                                                               'client-ssl-socket-class' => 'IO::Socket::SSL',
                                                               'client-response-num' => 1,
                                                               'x-fb-trace-id' => 'DqzmdHrQHMo',
                                                               '::std_case' => {
                                                                                 'client-response-num' => 'Client-Response-Num',
                                                                                 'x-fb-rev' => 'X-Fb-Rev',
                                                                                 'x-fb-debug' => 'X-FB-Debug',
                                                                                 'access-control-allow-origin' => 'Access-Control-Allow-Origin',
                                                                                 'client-ssl-cert-issuer' => 'Client-SSL-Cert-Issuer',
                                                                                 'client-ssl-cipher' => 'Client-SSL-Cipher',
                                                                                 'client-peer' => 'Client-Peer',
                                                                                 'facebook-api-version' => 'Facebook-Api-Version',
                                                                                 'x-fb-trace-id' => 'X-Fb-Trace-Id',
                                                                                 'client-date' => 'Client-Date',
                                                                                 'x-page-usage' => 'X-Page-Usage',
                                                                                 'client-ssl-cert-subject' => 'Client-SSL-Cert-Subject',
                                                                                 'client-ssl-socket-class' => 'Client-SSL-Socket-Class'
                                                                               },
                                                               'client-ssl-cert-subject' => '/C=US/ST=CA/L=Menlo Park/O=Facebook, Inc./CN=*.facebook.com',
                                                               'expires' => 'Sat, 01 Jan 2000 00:00:00 GMT'
                                                             }, 'HTTP::Headers' ),
                                        '_msg' => 'Bad Request',
                                        '_request' => bless( {
                                                               '_content' => 'access_token=EAASqp8MKvc8BAKVjrrUK6uaY0aE3ShNIaIQRXuXDVKALLiwJfhSvmB5Rbn9Lm0sIZC0JhCsRHbBM3Fl2bEVwJhZCkHoNeRQ0bIGAIGlGTv9GUGKMeZCn78hzZB7HyX20anBCdY2C113Hvylv30el9AiYlM3TWfkZD&message=The+Facebook+page+of+The+New+York+Times+originally+shared+this+article.+According+to+data+gathered+by+the+Pew+Research+Center%2C+The+New+York+Times+is+more+trusted+than+distrusted+by+survey+respondents+who+have+heard+of+the+source.+(Over+40%25+of+respondents)+%0D%0AAdditionally%2C+the+research+indicates+that+left-leaning+readers+were+more+likely+to+find+this+source+credible+than+other+readers.+%0D%0A%0D%0AOut+of+the+85%25+of+respondents+who+have+heard+of+The+New+York+Times%2C%0D%0A40%25%09trusted+the+news+source%2C%0D%0A19%25%09distrusted+the+news+source%2C+and%0D%0A41%25%09neither+trusted+nor+distrusted+the+news+source.%0D%0A%0D%0ATo+learn+more+about+Pew+Research+Center\'s+study+on+Political+Polarization+%26+Media+Habits%2C+follow+this+link+to+visit+their+report.+https%3A%2F%2Fgoo.gl%2FxwVtjv&link=http%3A%2F%2Fwww.nytimes.com%2F2016%2F11%2F20%2Fopinion%2Fthe-secret-agenda-of-a-facebook-quiz.html%3Fsmid%3Dfb-nytimes%26smtyp%3Dcur&published=true',
                                                               '_uri' => bless( do{\(my $o = 'https://graph.facebook.com/v2.2/1622501708043673/feed')}, 'URI::https' ),
                                                               '_headers' => bless( {
                                                                                      'user-agent' => 'libwww-perl/6.15',
                                                                                      'content-type' => 'application/x-www-form-urlencoded',
                                                                                      'content-length' => 1141,
                                                                                      '::std_case' => {
                                                                                                        'if-ssl-cert-subject' => 'If-SSL-Cert-Subject'
                                                                                                      }
                                                                                    }, 'HTTP::Headers' ),
                                                               '_method' => 'POST',
                                                               '_uri_canonical' => $VAR1->{'response'}{'_request'}{'_uri'}
                                                             }, 'HTTP::Request' )
                                      }, 'HTTP::Response' )
               }, 'Facebook::Graph::Response' );

NPR
-----------------------------
$VAR1 = {
          'link' => 'http://www.npr.org/2016/11/24/503036303/ivory-ban-hurts-native-alaskans-who-legally-carve-walrus-tusks?utm_source=facebook.com&utm_medium=social&utm_campaign=npr&utm_term=nprnews&utm_content=2051',
          'caption' => 'npr.org',
          'created_time' => '2016-11-24T21:30:00+0000',
          'name' => 'Ivory Ban Hurts Native Alaskans Who Legally Carve Walrus Tusks',
          'id' => '10643211755_10154999179241756',
          'message' => 'Walruses aren\'t an endangered species and, under the Marine Mammal Protection Act, Alaska Natives are entitled to hunt them and sell byproducts such as whiskers, bones and ivory.'
        };

Domain: npr.org
$VAR1 = bless( {
                 'response' => bless( {
                                        '_protocol' => 'HTTP/1.1',
                                        '_content' => '{"error":{"message":"It looks like you were misusing this feature by going too fast. You\\u2019ve been blocked from using it.\\n\\nLearn more about blocks in the Help Center.","type":"OAuthException","code":368,"error_subcode":1390008,"fbtrace_id":"CqQB73rs2ff"}}',
                                        '_rc' => '400',
                                        '_headers' => bless( {
                                                               'connection' => 'close',
                                                               'cache-control' => 'no-store',
                                                               'x-fb-rev' => '2702404',
                                                               'date' => 'Thu, 24 Nov 2016 21:30:33 GMT',
                                                               'x-fb-debug' => 'xqb/G/BkQRRDUjpj1zM95AV3jgreiJbIIPr7hs/DtPqfMUhKEjbOJJBBtldu3odOZ+6F/k+tpW9ibFMt27KVmA==',
                                                               'access-control-allow-origin' => '*',
                                                               'vary' => 'Accept-Encoding',
                                                               'client-ssl-cert-issuer' => '/C=US/O=DigiCert Inc/OU=www.digicert.com/CN=DigiCert SHA2 High Assurance Server CA',
                                                               'client-ssl-cipher' => 'ECDHE-ECDSA-AES128-GCM-SHA256',
                                                               'client-peer' => '31.13.65.1:443',
                                                               'facebook-api-version' => 'v2.8',
                                                               'client-date' => 'Thu, 24 Nov 2016 21:30:33 GMT',
                                                               'x-page-usage' => '{"call_count":70,"total_cputime":24,"total_time":32}',
                                                               'content-type' => 'text/javascript; charset=UTF-8',
                                                               'pragma' => 'no-cache',
                                                               'www-authenticate' => 'OAuth "Facebook Platform" "access_denied" "It looks like you were misusing this feature by going too fast. You’ve been blocked from using it.\\n\\nLearn more about blocks in the Help Center."',
                                                               'client-ssl-socket-class' => 'IO::Socket::SSL',
                                                               'client-response-num' => 1,
                                                               'x-fb-trace-id' => 'CqQB73rs2ff',
                                                               '::std_case' => {
                                                                                 'client-response-num' => 'Client-Response-Num',
                                                                                 'x-fb-rev' => 'X-Fb-Rev',
                                                                                 'x-fb-debug' => 'X-FB-Debug',
                                                                                 'access-control-allow-origin' => 'Access-Control-Allow-Origin',
                                                                                 'client-ssl-cert-issuer' => 'Client-SSL-Cert-Issuer',
                                                                                 'client-ssl-cipher' => 'Client-SSL-Cipher',
                                                                                 'client-peer' => 'Client-Peer',
                                                                                 'facebook-api-version' => 'Facebook-Api-Version',
                                                                                 'x-fb-trace-id' => 'X-Fb-Trace-Id',
                                                                                 'client-date' => 'Client-Date',
                                                                                 'x-page-usage' => 'X-Page-Usage',
                                                                                 'client-ssl-cert-subject' => 'Client-SSL-Cert-Subject',
                                                                                 'client-ssl-socket-class' => 'Client-SSL-Socket-Class'
                                                                               },
                                                               'client-ssl-cert-subject' => '/C=US/ST=CA/L=Menlo Park/O=Facebook, Inc./CN=*.facebook.com',
                                                               'expires' => 'Sat, 01 Jan 2000 00:00:00 GMT'
                                                             }, 'HTTP::Headers' ),
                                        '_msg' => 'Bad Request',
                                        '_request' => bless( {
                                                               '_content' => 'access_token=EAASqp8MKvc8BAKVjrrUK6uaY0aE3ShNIaIQRXuXDVKALLiwJfhSvmB5Rbn9Lm0sIZC0JhCsRHbBM3Fl2bEVwJhZCkHoNeRQ0bIGAIGlGTv9GUGKMeZCn78hzZB7HyX20anBCdY2C113Hvylv30el9AiYlM3TWfkZD&message=The+Facebook+page+of+NPR+originally+shared+this+article.+According+to+data+gathered+by+the+Pew+Research+Center%2C+NPR+is+more+trusted+than+distrusted+by+survey+respondents+who+have+heard+of+the+source.+(Over+40%25+of+respondents)+%0D%0AAdditionally%2C+the+research+indicates+that+left-leaning+readers+were+more+likely+to+find+this+source+credible+than+other+readers.+%0D%0A%0D%0AOut+of+the+53%25+of+respondents+who+have+heard+of+NPR%2C%0D%0A55%25%09trusted+the+news+source%2C%0D%0A17%25%09distrusted+the+news+source%2C+and%0D%0A28%25%09neither+trusted+nor+distrusted+the+news+source.%0D%0A%0D%0ATo+learn+more+about+Pew+Research+Center\'s+study+on+Political+Polarization+%26+Media+Habits%2C+follow+this+link+to+visit+their+report.+https%3A%2F%2Fgoo.gl%2FxwVtjv&link=http%3A%2F%2Fwww.npr.org%2F2016%2F11%2F24%2F503036303%2Fivory-ban-hurts-native-alaskans-who-legally-carve-walrus-tusks%3Futm_source%3Dfacebook.com%26utm_medium%3Dsocial%26utm_campaign%3Dnpr%26utm_term%3Dnprnews%26utm_content%3D2051&published=true',
                                                               '_uri' => bless( do{\(my $o = 'https://graph.facebook.com/v2.2/1622501708043673/feed')}, 'URI::https' ),
                                                               '_headers' => bless( {
                                                                                      'user-agent' => 'libwww-perl/6.15',
                                                                                      'content-type' => 'application/x-www-form-urlencoded',
                                                                                      'content-length' => 1194,
                                                                                      '::std_case' => {
                                                                                                        'if-ssl-cert-subject' => 'If-SSL-Cert-Subject'
                                                                                                      }
                                                                                    }, 'HTTP::Headers' ),
                                                               '_method' => 'POST',
                                                               '_uri_canonical' => $VAR1->{'response'}{'_request'}{'_uri'}
                                                             }, 'HTTP::Request' )
                                      }, 'HTTP::Response' )
               }, 'Facebook::Graph::Response' );

MSN
-----------------------------

CNN Politics
-----------------------------

The Daily Show
-----------------------------

Daily Kos
-----------------------------

Yahoo News
-----------------------------

The Guardian
-----------------------------

CNN
-----------------------------

Slate.com
-----------------------------

the AP
-----------------------------

Sean Hannity
-----------------------------

The Ed Schultz Show
-----------------------------

The Atlantic
-----------------------------

Bloomberg
-----------------------------

BuzzFeed
-----------------------------

Fox News
-----------------------------

VICE
-----------------------------

Glenn Beck
-----------------------------

The Other 98%
-----------------------------





