***********************************************************************************
Started at 19:30:01 on 11/20/2016
***********************************************************************************
Querying souces from the past 15 minutes....

Al Jazeera
-----------------------------

Upworthy
-----------------------------

The Huffington Post
-----------------------------
$VAR1 = {
          'link' => 'https://www.facebook.com/canceledplanshp/photos/a.569577176579406.1073741828.565494996987624/593441807526276/?type=3',
          'created_time' => '2016-12-21T00:15:13+0000',
          'name' => 'Canceled Plans',
          'id' => '18468761129_10154531776731130'
        };

HuffPost Women
-----------------------------
$VAR1 = {
          'link' => 'http://huff.to/2ibmVpK',
          'caption' => 'huffingtonpost.com',
          'created_time' => '2016-12-21T00:20:06+0000',
          'name' => "12 Stunning Photos That Prove There\x{2019}s No Such Thing As 'Men\x{2019}s Work'",
          'id' => '153213781413350_1245928482141869',
          'message' => "Take that \x{1f4aa}\x{1f4aa}\x{1f4aa}"
        };

Domain: huffingtonpost.com
Response:
{"error":{"message":"It looks like you were misusing this feature by going too fast. You\u2019ve been blocked from using it.\n\nLearn more about blocks in the Help Center.","type":"OAuthException","code":368,"error_subcode":1390008,"error_user_msg":"","fbtrace_id":"EjgcO8bRZcg"}}

Facebook is being a bitch and won't let me publish. Muck Zack Fuckerberg. Try again in a few hours.

