***********************************************************************************
Started at 16:15:01 on 11/15/2016
***********************************************************************************
Querying souces from the past 15 minutes....

Al Jazeera
-----------------------------

Upworthy
-----------------------------

The Huffington Post
-----------------------------

HuffPost Women
-----------------------------
$VAR1 = {
          'link' => 'http://huff.to/2hz4sq8',
          'caption' => 'huffingtonpost.com',
          'created_time' => '2016-12-15T21:01:24+0000',
          'name' => 'Dylann Roof Convicted In Slayings Of Black Church Members',
          'id' => '153213781413350_1238696252865092',
          'message' => 'A jury on Thursday convicted Dylann Roof of slaughtering nine black members of a Charleston, South Carolina, church.'
        };

Domain: huffingtonpost.com
Response:
{"id":"1622501708043673_1633017476992096"}

PBS News Hour
-----------------------------
$VAR1 = {
          'link' => 'http://www.pbs.org/newshour/rundown/dylann-roof-found-guilty-charleston-church-massacre-face-death-penalty/',
          'caption' => 'pbs.org',
          'created_time' => '2016-12-15T21:11:26+0000',
          'name' => 'Dylann Roof found guilty in Charleston church massacre, could face death penalty',
          'id' => '6491828674_10154873964558675',
          'message' => 'Dylann Roof, 22, was found guilty on all 33 counts for fatally shooting nine members of the Emanuel AME Church in Charleston, SC in June of 2015.'
        };

Domain: pbs.org
Response:
{"id":"1622501708043673_1633017670325410"}

ATTN:
-----------------------------
$VAR1 = {
          'link' => 'http://www.attn.com/stories/13605/the-jury-has-reached-a-verdict-on-dylann-roofs-trial?utm_source=facebook&utm_medium=post&utm_campaign=internal',
          'caption' => 'attn.com',
          'created_time' => '2016-12-15T21:13:49+0000',
          'name' => 'Dylann Roof Was Just Found Guilty',
          'id' => '160389977329803_1224380554264068',
          'message' => 'BREAKING.'
        };

Domain: attn.com

Reuters
-----------------------------
$VAR1 = {
          'link' => 'http://reut.rs/2gQdKNz',
          'caption' => 'www.reuters.com',
          'created_time' => '2016-12-15T21:05:07+0000',
          'name' => 'Trump taps retired general, TV analyst for NSC posts',
          'id' => '114050161948682_1324148157605537',
          'message' => 'U.S. President-elect Donald Trump announced two appointments to the National Security Council on Thursday: retired Army Lieutenant General Keith Kellogg as chief of staff and executive secretary, and former Fox News Channel analyst Monica Crowley as senior director of strategic communications.'
        };

Domain: reuters.com

NowThis
-----------------------------

Daily Caller
-----------------------------
$VAR1 = {
          'link' => 'http://trib.al/QiQ5UhR',
          'caption' => 'dailycaller.com',
          'created_time' => '2016-12-15T21:14:46+0000',
          'name' => "Facebook Using Unreliable Liberal Fact-Checker To Fight \x{2018}Fake News\x{2019}",
          'id' => '182919686769_10154050230616770',
          'message' => 'Facebook is partnering up with Snopes...'
        };

Domain: dailycaller.com
$VAR1 = {
          'link' => 'http://trib.al/yFEnpHb',
          'caption' => 'dailycaller.com',
          'created_time' => '2016-12-15T21:02:28+0000',
          'name' => 'Politico Fires Writer After She Suggests Trump Is Having Sex With Ivanka',
          'id' => '182919686769_10154050204041770',
          'message' => 'Politico just fired a writer for tweeting that \'Trump is f***ing his daughter or he\'s shirking nepotism laws.\''
        };

Domain: dailycaller.com

CNBC
-----------------------------
$VAR1 = {
          'link' => 'http://cnb.cx/2hz6GG7',
          'caption' => 'cnbc.com',
          'created_time' => '2016-12-15T21:10:40+0000',
          'name' => 'Jury finds Dylann Roof guilty of Charleston church massacre',
          'id' => '97212224368_10154998316164369',
          'message' => 'JUST IN.'
        };

Domain: cnbc.com
$VAR1 = {
          'link' => 'http://cnb.cx/2hSK9AI',
          'caption' => 'cnbc.com',
          'created_time' => '2016-12-15T21:09:07+0000',
          'name' => 'Donald Trump, Vanity Fair engage in a digital food fight after scathing restaurant review',
          'id' => '97212224368_10154998312739369',
          'message' => 'A presidential food fight.'
        };

Domain: cnbc.com

The Onion
-----------------------------
$VAR1 = {
          'link' => 'http://trib.al/FWyJTuW',
          'caption' => 'theonion.com',
          'created_time' => '2016-12-15T21:15:11+0000',
          'name' => "Area Man\x{2019}s Opinion Hasn\x{2019}t Been Taken Seriously By Anyone In Over A Decade",
          'id' => '20950654496_10154942545914497',
          'message' => '"Honestly I think everyone has learned to tune him out at this point."'
        };

Domain: theonion.com

Opposing Views
-----------------------------
$VAR1 = {
          'link' => 'https://www.opposingviews.com/i/politics/yes-youre-reading-right-sylvester-stallone-being-given-top-role-trump-administration',
          'caption' => 'opposingviews.com',
          'created_time' => '2016-12-15T21:09:14+0000',
          'name' => 'Trump Taps Sylvester Stallone',
          'id' => '34226391050_10154344760976051',
          'message' => 'Yes, you\'re reading this right. Sylvester Stallone is being given a role in the Trump administration.'
        };

Domain: opposingviews.com

the Today Show
-----------------------------

Kotaku
-----------------------------

Washington Post
-----------------------------

the American Center for Law and Justice
-----------------------------

VICE News
-----------------------------
$VAR1 = {
          'link' => 'https://news.vice.com/story/dylann-roof-convicted-on-all-33-charges-in-charleston-church-massacre?utm_source=vicenewsfb',
          'caption' => 'news.vice.com',
          'created_time' => '2016-12-15T21:14:22+0000',
          'name' => 'Dylann Roof convicted on all 33 charges in Charleston church massacre',
          'id' => '235852889908002_706404469519506',
          'message' => 'Dylann Roof found guilty on all charges.'
        };

Domain: vice.com

PBS
-----------------------------

Mother Jones
-----------------------------

HuffPost Good News
-----------------------------

BBC News
-----------------------------

Breaking News
-----------------------------

The Verge
-----------------------------

New York Magazine
-----------------------------
$VAR1 = {
          'link' => 'http://nym.ag/2hz5McJ',
          'caption' => 'nymag.com',
          'created_time' => '2016-12-15T21:10:08+0000',
          'name' => 'The Best $50ish Gifts (That Used to Be a Lot More Expensive)',
          'id' => '14516439825_10154858285549826',
          'message' => 'No one has to know that you spent only $39 on their Kenneth Cole boots. (via The Strategist)'
        };

Domain: nymag.com

TIME
-----------------------------
$VAR1 = {
          'link' => 'https://www.facebook.com/time/videos/10154264105171491/',
          'created_time' => '2016-12-15T21:08:09+0000',
          'id' => '10606591490_10154264105171491',
          'message' => 'Newt Gingrich on the bipartisan fight against opioid addiction'
        };

the Business Insider
-----------------------------
$VAR1 = {
          'link' => 'http://read.bi/2hL91hY',
          'caption' => 'businessinsider.com',
          'created_time' => '2016-12-15T21:14:58+0000',
          'name' => 'These are the countries with the highest prison populations',
          'id' => '20446254070_10154191872174071',
          'message' => 'The US has at least 2.2 million prisoners.'
        };

Domain: businessinsider.com
$VAR1 = {
          'link' => 'http://www.businessinsider.com/whats-leaving-netflix-in-january-2016-12',
          'caption' => 'businessinsider.com',
          'created_time' => '2016-12-15T21:10:01+0000',
          'name' => 'Here\'s everything leaving Netflix in January that you need to watch before it disappears',
          'id' => '20446254070_10154191454594071',
          'message' => 'Be sure to catch the first \'Fast & Furious\' before it leaves.'
        };

Domain: businessinsider.com
$VAR1 = {
          'link' => 'http://read.bi/2hz4leB',
          'caption' => 'businessinsider.com',
          'created_time' => '2016-12-15T21:00:31+0000',
          'name' => 'Charleston church shooter Dylann Roof found guilty of federal hate crimes in South Carolina massacre',
          'id' => '20446254070_10154191842469071',
          'message' => 'The same jury will reconvene next month to decide whether he should get the death penalty or be sentenced to life in prison.'
        };

Domain: businessinsider.com

ThinkProgress
-----------------------------

POLITICO
-----------------------------

USA TODAY
-----------------------------
$VAR1 = {
          'link' => 'http://www.usatoday.com/story/sports/nfl/2016/11/13/nfl-playoff-picture-postseason-afc-nfc-seeds-wild-card/93766362/',
          'caption' => 'usatoday.com',
          'created_time' => '2016-12-15T21:00:34+0000',
          'name' => 'NFL playoff picture: Steelers enter field but nothing clinched in Week 14',
          'id' => '13652355666_10154158314205667',
          'message' => 'What to watch for tonight and through the weekend.'
        };

Domain: usatoday.com
Response:
{"id":"1622501708043673_1633017743658736"}

American News
-----------------------------

ABC News
-----------------------------
$VAR1 = {
          'link' => 'http://abcn.ws/2hRNvnq',
          'caption' => 'abcnews.go.com',
          'created_time' => '2016-12-15T21:14:38+0000',
          'name' => 'Putin Orders Evacuation of Rebel Fighters From Aleppo',
          'id' => '86680728811_10155144500133812',
          'message' => 'Russian president Vladimir Putin orders the Russian military to assist in evacuating the remaining rebel fighters and their families trapped in eastern Aleppo.'
        };

Domain: go.com
Response:
{"id":"1622501708043673_1633017863658724"}

HuffPost Politics
-----------------------------
$VAR1 = {
          'link' => 'http://huff.to/2hBBLpJ',
          'caption' => 'm.huffpost.com',
          'created_time' => '2016-12-15T21:00:49+0000',
          'name' => 'Labor Secretary Tom Perez Jumps Into The Race For DNC Chair',
          'id' => '56845382910_10154609877307911',
          'message' => 'Draaaaaama.'
        };

Domain: huffpost.com

NBC News
-----------------------------
$VAR1 = {
          'link' => 'http://nbcnews.to/2hpqM5j',
          'caption' => 'nbcnews.com',
          'created_time' => '2016-12-15T21:10:07+0000',
          'name' => 'Denying women abortions hurts them mentally: study',
          'id' => '155869377766434_1619168091436548',
          'message' => 'Compared to women who received abortions, those who were turned away were more likely to report anxiety symptoms, lower self-esteem and lower life satisfaction, the study found.'
        };

Domain: nbcnews.com
Response:
{"id":"1622501708043673_1633018163658694"}

AJ+
-----------------------------

Wikileaks
-----------------------------

CNNMoney
-----------------------------
$VAR1 = {
          'link' => 'http://cnnmon.ie/2h51si5',
          'created_time' => '2016-12-15T21:03:56+0000',
          'name' => 'CNNTech',
          'id' => '6651543066_10154192667878067'
        };

ABC News Politics
-----------------------------

Right Wing News
-----------------------------
$VAR1 = {
          'link' => 'http://rightwingnews.com/donald-trump/wow-look-congress-allowing-trump-day-1-without-approval/',
          'caption' => 'rightwingnews.com',
          'created_time' => '2016-12-15T21:00:33+0000',
          'name' => 'WOW! Look What Congress Is Allowing Trump To Do On DAY 1 - Without Their Approval!',
          'id' => '389658314427637_1640283406031782',
          'message' => 'Unexpected! We\'ll TAKE it!'
        };

Domain: rightwingnews.com

The Wall Street Journal
-----------------------------

MSNBC
-----------------------------

the Drudge Report
-----------------------------

Mic
-----------------------------

The Economist
-----------------------------

Bloomberg Politics
-----------------------------

CBS News
-----------------------------
$VAR1 = {
          'link' => 'http://cbsn.ws/2hAKxoG',
          'caption' => 'www.cbsnews.com',
          'created_time' => '2016-12-15T21:15:02+0000',
          'name' => 'Zika study in U.S. pregnant women tracks birth defect rate',
          'id' => '131459315949_10154174710345950',
          'message' => 'How common are Zika birth defects? A new study has some answers.'
        };

Domain: cbsnews.com
Response:
{"id":"1622501708043673_1633018303658680"}

The Young Turks
-----------------------------

Occupy Democrats
-----------------------------

CBC News
-----------------------------

Newsweek
-----------------------------

CNN International
-----------------------------

The New Yorker
-----------------------------
$VAR1 = {
          'link' => 'http://nyer.cm/PC3ATND',
          'caption' => 'newyorker.com',
          'created_time' => '2016-12-15T21:01:05+0000',
          'name' => "Rex Tillerson\x{2019}s State of Denial",
          'id' => '9258148868_10154286782973869',
          'message' => 'The world can obviously ill afford to waste the next four years debating whether the world is warming.'
        };

Domain: newyorker.com
Response:
{"id":"1622501708043673_1633018390325338"}

Rush Limbaugh
-----------------------------

The Independent
-----------------------------

TheBlaze
-----------------------------

NPR Politics
-----------------------------

The New York Times
-----------------------------
$VAR1 = {
          'link' => 'https://www.facebook.com/nytimes/videos/10151011611479999/',
          'created_time' => '2016-12-15T21:11:58+0000',
          'id' => '5281959998_10151011611479999',
          'message' => 'Big Thief, an indie-rock band based in Brooklyn, is performing some songs for us. Comment with questions, and NYT journalist Andrew Chow will ask some.'
        };

NPR
-----------------------------
$VAR1 = {
          'link' => 'http://www.npr.org/sections/parallels/2016/12/15/505561232/china-exonerates-man-executed-21-years-ago-for-a-murder-he-didnt-commit?utm_source=facebook.com&utm_medium=social&utm_campaign=npr&utm_term=nprnews&utm_content=2043',
          'caption' => 'npr.org',
          'created_time' => '2016-12-15T21:15:00+0000',
          'name' => 'China Exonerates Man Executed 21 Years Ago For A Murder He Didn\'t Commit',
          'id' => '10643211755_10155080821011756',
          'message' => "A grieving mother fought tirelessly for more than 20 years to clear her son\x{2019}s name. She finally succeeded this month, and is now demanding millions in compensation and a public apology. \x{201c}It\x{2019}s my right,\x{201d} she says."
        };

Domain: npr.org
Response:
{"id":"1622501708043673_1633018503658660"}

MSN
-----------------------------

CNN Politics
-----------------------------

The Daily Show
-----------------------------

Daily Kos
-----------------------------
$VAR1 = {
          'link' => 'http://www.dailykos.com/story/2016/12/15/1611441/-Resist-Obamacare-enrollment-for-January-1-ends-today-so-sign-up?detail=facebook',
          'caption' => 'dailykos.com',
          'created_time' => '2016-12-15T21:10:01+0000',
          'name' => 'Resist! Obamacare enrollment for January 1 ends today, so sign up',
          'id' => '43179984254_10154967693749255',
          'message' => 'If you want health insurance through Obamacare, get it today, because this is the last day for signing up for coverage beginning January 1, 2017.

Pass it on.'
        };

Domain: dailykos.com
Response:
{"id":"1622501708043673_1633018570325320"}

Yahoo News
-----------------------------
$VAR1 = {
          'link' => 'https://www.facebook.com/yahoonews/videos/10154698716501597/',
          'created_time' => '2016-12-15T21:11:00+0000',
          'name' => 'Remembering the \'unmatchable\' Craig Sager',
          'id' => '338028696036_10154698716501597',
          'message' => "RIP Craig Sager \x{2014} here's a touching look back at his great life and career."
        };

The Guardian
-----------------------------

CNN
-----------------------------

Slate.com
-----------------------------
$VAR1 = {
          'link' => 'http://slate.me/2hpSxL8',
          'caption' => 'slate.com',
          'created_time' => '2016-12-15T21:07:15+0000',
          'name' => 'Why Hillary Clinton Bombed With White Evangelical Voters',
          'id' => '21516776437_10154657749521438',
          'message' => 'White evangelicals make up about one-quarter of the electorate, and many evangelical leaders were open to another candidate. Why didn\'t they turn out for Hillary?'
        };

Domain: slate.com
Response:
{"id":"1622501708043673_1633018633658647"}

the AP
-----------------------------
$VAR1 = {
          'link' => 'https://apnews.com/22e0809d20264498bece040e85b96935',
          'created_time' => '2016-12-15T21:07:53+0000',
          'name' => 'AP',
          'id' => '249655421622_10154149886641623'
        };

Sean Hannity
-----------------------------

The Ed Schultz Show
-----------------------------

The Atlantic
-----------------------------
$VAR1 = {
          'link' => 'http://theatln.tc/2hpHMbq',
          'caption' => 'theatlantic.com',
          'created_time' => '2016-12-15T21:01:28+0000',
          'name' => 'How to Fix the Internet',
          'id' => '29259828486_10154911787083487',
          'message' => "Walter Isaacson on the decline of the internet: The problem is nobody can tell if you\x{2019}re a troll. Or a hacker. Or a bot. Or a Macedonian teenager publishing a story that the Pope has endorsed Trump."
        };

Domain: theatlantic.com

Bloomberg
-----------------------------

BuzzFeed
-----------------------------
$VAR1 = {
          'link' => 'https://www.facebook.com/BuzzFeedVideo/videos/2110165139124357/',
          'created_time' => '2016-12-15T21:00:42+0000',
          'name' => 'Rebooting Your Sex Life',
          'id' => '1318800798260799_2110165139124357',
          'message' => 'Rebooting Your Sex Life'
        };

Fox News
-----------------------------

VICE
-----------------------------
$VAR1 = {
          'link' => 'http://www.vice.com/en_uk/read/which-philosophy-can-help-us-understand-2016',
          'caption' => 'www.vice.com',
          'created_time' => '2016-12-15T21:15:01+0000',
          'name' => 'Which Philosophy Can Best Explain 2016?',
          'id' => '167115176655082_1489912137708706',
          'message' => 'If everyone thought this way, the world might be a better place.'
        };

Domain: vice.com

Glenn Beck
-----------------------------

The Other 98%
-----------------------------


Total Posts Made:	10


