***********************************************************************************
Started at 05:15:02 on 00/11/2017
***********************************************************************************
Querying souces from the past 15 minutes....

Al Jazeera
-----------------------------

Upworthy
-----------------------------

The Huffington Post
-----------------------------

HuffPost Women
-----------------------------
$VAR1 = {
          'link' => 'http://huff.to/2jghWFs',
          'caption' => 'huffingtonpost.com',
          'created_time' => '2017-01-11T10:00:32+0000',
          'name' => 'Lola Kirke Wore A \'F**k Paul Ryan\' Pin On The Golden Globes Red Carpet',
          'id' => '153213781413350_1269474209787296',
          'message' => "That\x{2019}s one way to accessorize..."
        };

Domain: huffingtonpost.com
Response:
{"id":"1622501708043673_1642270762733434"}

PBS News Hour
-----------------------------

ATTN:
-----------------------------

Reuters
-----------------------------
$VAR1 = {
          'link' => 'http://reut.rs/2juzLjn',
          'caption' => 'www.reuters.com',
          'created_time' => '2017-01-11T10:05:10+0000',
          'name' => 'Nutella maker fights back on palm oil after cancer risk study',
          'id' => '114050161948682_1356936960993323',
          'message' => 'The $44 billion palm oil industry, under pressure in Europe after authorities listed the edible oil as a cancer risk, has found a vocal ally in the food sector: the maker of Nutella.'
        };

Domain: reuters.com

NowThis
-----------------------------

Daily Caller
-----------------------------

CNBC
-----------------------------

The Onion
-----------------------------

Opposing Views
-----------------------------

the Today Show
-----------------------------

Kotaku
-----------------------------

Washington Post
-----------------------------

the American Center for Law and Justice
-----------------------------

VICE News
-----------------------------

PBS
-----------------------------

Mother Jones
-----------------------------

HuffPost Good News
-----------------------------
$VAR1 = {
          'link' => 'http://huff.to/2jBqiei',
          'caption' => 'huffingtonpost.com',
          'created_time' => '2017-01-11T10:08:08+0000',
          'name' => '23 Iceland Wedding Photos So Dreamy, You\'ll Be Booking A Trip ASAP',
          'id' => '202163013203224_1253633954722786',
          'message' => 'Is this even real life??'
        };

Domain: huffingtonpost.com
Response:
{"id":"1622501708043673_1642270862733424"}

BBC News
-----------------------------

Breaking News
-----------------------------

The Verge
-----------------------------

New York Magazine
-----------------------------
$VAR1 = {
          'link' => 'http://nym.ag/2jAE6Wn',
          'caption' => 'nymag.com',
          'created_time' => '2017-01-11T10:13:15+0000',
          'name' => 'Inscape: Where Inner Peace Comes With a Gift Shop',
          'id' => '14516439825_10154944841224826',
          'message' => 'Finding Zen and finding an aesthetically pleasing new candle is all part of the same journey.'
        };

Domain: nymag.com

TIME
-----------------------------
$VAR1 = {
          'link' => 'http://ti.me/2htHtO8',
          'caption' => 'time.com',
          'created_time' => '2017-01-11T10:01:03+0000',
          'name' => 'These Terrifying Photos Show How Heroin, Cocaine and Oxycodone Change Your Appearance Over Time',
          'id' => '10606591490_10154338815466491',
          'message' => "\"One of the most successful ways to raise drug awareness is to show substances\x{2019} harrowing impact on a user\x{2019}s face over time.\""
        };

Domain: time.com

the Business Insider
-----------------------------
$VAR1 = {
          'link' => 'http://read.bi/2ig5LtS',
          'caption' => 'businessinsider.com',
          'created_time' => '2017-01-11T10:15:03+0000',
          'name' => 'An exercise scientist demonstrates the proper bench press',
          'id' => '20446254070_10154276318439071',
          'message' => 'Are you doing it right?'
        };

Domain: businessinsider.com
$VAR1 = {
          'link' => 'http://read.bi/2ia3uBP',
          'caption' => 'businessinsider.com',
          'created_time' => '2017-01-11T10:00:45+0000',
          'name' => 'GOLDMAN SACHS: 13 stocks that could explode',
          'id' => '20446254070_10154276297459071',
          'message' => 'Keep an eye on them.'
        };

Domain: businessinsider.com

ThinkProgress
-----------------------------

POLITICO
-----------------------------
$VAR1 = {
          'link' => 'http://politi.co/2j5wytx',
          'caption' => 'politi.co',
          'created_time' => '2017-01-11T10:07:34+0000',
          'name' => 'Ukrainian efforts to sabotage Trump backfire',
          'id' => '62317591679_10154186392416680',
          'message' => 'Ukrainian government officials tried to help Hillary Clinton and undermine Donald J. Trump by publicly questioning his fitness for office.'
        };

Domain: politi.co

Alias: politico.com
Response:
{"id":"1622501708043673_1642270909400086"}

USA TODAY
-----------------------------
$VAR1 = {
          'link' => 'http://www.usatoday.com/story/news/world/2017/01/11/russia-denies-having-compromising-materials-trump/96434896/',
          'caption' => 'usatoday.com',
          'created_time' => '2017-01-11T10:08:18+0000',
          'name' => "Russia denies having \x{2018}compromising materials\x{2019} on Trump",
          'id' => '13652355666_10154273762365667',
          'message' => '"This is absolutely fake information, a fabrication and complete nonsense...This is called pulp fiction."'
        };

Domain: usatoday.com
Response:
{"id":"1622501708043673_1642270949400082"}

American News
-----------------------------

ABC News
-----------------------------
$VAR1 = {
          'link' => 'http://abcn.ws/2ig4Cm1',
          'caption' => 'abcnews.go.com',
          'created_time' => '2017-01-11T10:06:06+0000',
          'name' => 'FDA Issues Safety Advice for Cardiac Device Over Hacking Threat',
          'id' => '86680728811_10155245087443812',
          'message' => 'The U.S. Food and Drug Administration has issued new advice about how to safeguard implantable cardiac devices against hackers.'
        };

Domain: go.com
Response:
{"id":"1622501708043673_1642270999400077"}

HuffPost Politics
-----------------------------
$VAR1 = {
          'link' => 'http://huff.to/2igjmS0',
          'caption' => 'huffingtonpost.com',
          'created_time' => '2017-01-11T10:00:29+0000',
          'name' => 'Don\'t Let Trump\'s Press Conference Distract You From These 4 Crucial Stories',
          'id' => '56845382910_10154692449032911',
          'message' => 'On Wednesday, Donald J. Trump will hold his first press conference since July.'
        };

Domain: huffingtonpost.com
Response:
{"id":"1622501708043673_1642271036066740"}

NBC News
-----------------------------

AJ+
-----------------------------

Wikileaks
-----------------------------

CNNMoney
-----------------------------
$VAR1 = {
          'link' => 'http://cnnmon.ie/2iEdAaE',
          'caption' => 'money.cnn.com',
          'created_time' => '2017-01-11T10:01:01+0000',
          'name' => 'Surprise! Some Republicans represent lots of Obamacare enrollees',
          'id' => '6651543066_10154269604258067',
          'message' => 'As Republicans begin steps to repeal the Affordable Care Act, many GOP Congressional members will have to carefully weigh the fact that a great number of their constituents rely on Obamacare for health coverage. http://cnnmon.ie/2iEdAaE'
        };

Domain: cnn.com
Response:
{"id":"1622501708043673_1642271086066735"}

ABC News Politics
-----------------------------
$VAR1 = {
          'link' => 'http://abcn.ws/2jgiJWL',
          'caption' => 'abcnews.go.com',
          'created_time' => '2017-01-11T10:11:01+0000',
          'name' => 'Senator Accuses Jeff Sessions of Misrepresenting His Record on Civil Rights',
          'id' => '184096565021911_1149392955158929',
          'message' => "Senator Al Franken: \x{201c}Our country needs an attorney general who doesn't misrepresent or inflate their level of involvement on any given issue.\""
        };

Domain: go.com
Response:
{"id":"1622501708043673_1642271136066730"}

Right Wing News
-----------------------------

The Wall Street Journal
-----------------------------

MSNBC
-----------------------------

the Drudge Report
-----------------------------

Mic
-----------------------------

The Economist
-----------------------------

Bloomberg Politics
-----------------------------

CBS News
-----------------------------

The Young Turks
-----------------------------

Occupy Democrats
-----------------------------

CBC News
-----------------------------

Newsweek
-----------------------------

CNN International
-----------------------------
$VAR1 = {
          'link' => 'https://www.facebook.com/cnninternational/videos/10154889543434641/',
          'created_time' => '2017-01-11T10:01:34+0000',
          'name' => 'Monopoly may replace iconic pieces with emoji faces and hashtags',
          'id' => '18793419640_10154889543434641',
          'message' => 'Your next monopoly game piece could be a hashtag http://cnn.it/2jCtarl'
        };

The New Yorker
-----------------------------

Rush Limbaugh
-----------------------------

The Independent
-----------------------------
$VAR1 = {
          'link' => 'https://www.indy100.com/article/joe-biden-reaction-barack-obama-farewell-speech-calls-him-brother-7520896',
          'caption' => 'indy100.com',
          'created_time' => '2017-01-11T10:11:04+0000',
          'name' => 'Joe Biden\'s reaction during Obama\'s farewell speech was priceless',
          'id' => '13312631635_10154378800976636',
          'message' => 'So lovely'
        };

Domain: indy100.com

TheBlaze
-----------------------------

NPR Politics
-----------------------------

The New York Times
-----------------------------

NPR
-----------------------------

MSN
-----------------------------

CNN Politics
-----------------------------

The Daily Show
-----------------------------

Daily Kos
-----------------------------

Yahoo News
-----------------------------
$VAR1 = {
          'link' => 'https://yhoo.it/2i9orgp',
          'caption' => 'finance.yahoo.com',
          'created_time' => '2017-01-11T10:00:46+0000',
          'name' => "Obama gets tongue-in-cheek job offer from Spotify CEO to become the \x{2018}president of playlists\x{2019}",
          'id' => '338028696036_10155095741451037',
          'message' => 'He seems perfectly suited for this!'
        };

Domain: yahoo.com
Response:
{"id":"1622501708043673_1642271232733387"}

The Guardian
-----------------------------

CNN
-----------------------------
$VAR1 = {
          'link' => 'https://www.facebook.com/cnn/videos/10155892543161509/',
          'created_time' => '2017-01-11T10:01:33+0000',
          'name' => 'Monopoly may replace iconic pieces with emoji faces and hashtags',
          'id' => '5550296508_10155892543161509',
          'message' => 'Your next monopoly game piece could be a hashtag http://cnn.it/2jCrj5H'
        };

Slate.com
-----------------------------
$VAR1 = {
          'link' => 'http://slate.me/2jgcORP',
          'caption' => 'slate.com',
          'created_time' => '2017-01-11T10:00:37+0000',
          'name' => "Against Gerrymandering, James Mattis\x{2019} Confirmation, and the Darkness of Hygge",
          'id' => '21516776437_10154749121161438',
          'message' => 'Finally, there\'s some hope in the fight against gerrymandering, Mark Joseph Stern reports.'
        };

Domain: slate.com
Response:
{"id":"1622501708043673_1642271286066715"}

the AP
-----------------------------

Sean Hannity
-----------------------------

The Ed Schultz Show
-----------------------------

The Atlantic
-----------------------------

Bloomberg
-----------------------------

BuzzFeed
-----------------------------

Fox News
-----------------------------

VICE
-----------------------------

Glenn Beck
-----------------------------

The Other 98%
-----------------------------


Total Posts Made:	10


