***********************************************************************************
Started at 15:00:01 on 00/24/2017
***********************************************************************************
Querying souces from the past 15 minutes....

Al Jazeera
-----------------------------

Upworthy
-----------------------------

The Huffington Post
-----------------------------

HuffPost Women
-----------------------------
$VAR1 = {
          'link' => 'https://www.facebook.com/RYOT/videos/1587866071227018/',
          'created_time' => '2017-01-24T19:55:14+0000',
          'name' => 'RYOT',
          'id' => '153213781413350_1282869525114431'
        };

PBS News Hour
-----------------------------
$VAR1 = {
          'link' => 'http://www.pbs.org/newshour/rundown/document-reveals-trump-health-secretary-nominees-relationship-biotech-firm/',
          'caption' => 'pbs.org',
          'created_time' => '2017-01-24T20:00:01+0000',
          'name' => 'Document reveals Trump health secretary nominee\'s relationship with biotech firm',
          'id' => '6491828674_10155014724593675',
          'message' => 'Before President Donald Trump\'s swearing-in Friday, a spokesman for Trump\'s transition acknowledged that Rep. Tom Price has helped the company "in navigating regulatory waters, just as he would for any constituent." (via Kaiser Health News)'
        };

Domain: pbs.org
Response:
{"error":{"message":"It looks like you were misusing this feature by going too fast. You\u2019ve been blocked from using it.\n\nLearn more about blocks in the Help Center.","type":"OAuthException","code":368,"error_subcode":1390008,"error_user_msg":"","fbtrace_id":"FandzvE8EP6"}}

Facebook ran into an error and the post was not published. Zach Muckerberg please fix. Try again in a few hours.

