***********************************************************************************
Started at 23:00:01 on 00/26/2017
***********************************************************************************
Querying souces from the past 15 minutes....

Al Jazeera
-----------------------------

Upworthy
-----------------------------

The Huffington Post
-----------------------------

HuffPost Women
-----------------------------

PBS News Hour
-----------------------------
$VAR1 = {
          'link' => 'http://to.pbs.org/2k94Jl2',
          'caption' => 'pbs.org',
          'created_time' => '2017-01-27T04:00:02+0000',
          'name' => 'Are you hanging off a financial cliff? Here\'s how to cope',
          'id' => '6491828674_10155023882753675',
          'message' => 'Many Americans are aging out of the middle class. One woman offers advice for the financially fragile.'
        };

Domain: pbs.org
Response:
{"error":{"message":"It looks like you were misusing this feature by going too fast. You\u2019ve been blocked from using it.\n\nLearn more about blocks in the Help Center.","type":"OAuthException","code":368,"error_data":{"sentry_block_data":"Aeips9ZOSt2KD1_XHB9MBPLK1c0dFAORV9un12rDAOzECd3yUYybVXPbAUnI-cS9yCU8vHkVozE7i8Tl8REmI_ElwjjatoWjheDbMgM8rhX1JpoAb6gYxIWGi6qh3M4wVfdZ0ZNVfSOhPDW2Q7YmN72Py07UP2HViTVNrjXVfD8VzqAwAD2uApewECMbky_MKk_CRYpoIhZ-LE29K_JjeyPtadsWfSdoAmsc-19E7qbXtdB6VpMzi6Acj-7_mmDRpNygb7Ed36Q9xHqrBz0PEMNj5b3i7KtO_uo0LHGC9Z2Cb64l4EBsTSbNuEws2Ynxk3og50mQ157K5aNwfAimUdDfuTyGHLD7qzX9_c6FvJTANQKAne1oGmR3ynJnEC_6qE9sZSD96hoswn_17irC3wJp30kmPr5bYKPOSYzHRv4TKUJxXVzD7BHShKwuIkJlEWYcqoCi9Tn3klcxp41iIEYAd8mrG1qPV2aIlYF1lTnpCyaP2GHmmXApZJMCGKWrHK0GYU8yPjPe5E0p_QYXhTayvc9tMSEF8tn9slAFrRq6wK9lcfF04ym3us6k8HinW7YebgxbANRT6kZoL3r9GOQZBJS99LvTkDf0kZffzvNEknpoGbcd-jG1zbpsbepEoJ6ZriEIcswLKJMdM6SxeIW052_VxA4g5o66Zp3G1eE_mftdVjQjYiXDy2bQsJcrY1RU9cmF-W8rm52EGCbDwGYDDDnGuYFxIq_B0U2YXfF3axJyTGnFw5SR764NT7FvjIiwJYpcDQIPjn8rU35FXWqoAzLK19bAcF4Kc-uxFzJiwXgR0yo91SIxN-IVH1qT3O06L9w4y7u-7B0oZr8rAZQLqTTJWvRBQsgHKAsTnCM-yS7W6h7IJunlGUmIvy1urQ3e-1WJnF8gUS1dcv51JaIQjPR7gbbPDKGD4ChbsGlVwn0CszwAgPz-5bNfq68dA18mqiF84G-U3k73WpFiLw6V8TsJcxhOertqsMixjtraKguI_r98Ytoo-zYc7eflQODpEQngQlETOSUc7xAtBNQdhjmqr2IRGuSSbCRQB3jgu1cwtA4Idfk3Oqu3syhvrDyKjcNMeHJmKv0N-IH1EasloTH_lKpttcEJ6-0v6naRfNpd04Dy3SNYkqHITMAZMzAxY5jrkOQpjc9p3Mt_D3QH8AV5gZasLkXrppNq6yF3aKceyMSUHSqpftreUM8IF8FFQdoHfxUzGWlvqDYzUctyrhIZEJzXyjOmK87mnTLiYooBKKtLhSunCi-8-U4ZAPsNsVUYxXACmrn22teNt3FOg2ctu9jbkBqOrhO6S7EV3E4-iU7_yaji4JF84GEWK49tIpvw4jpIglGuDk1yl1psDLKu5xGBxczfSVGX5BI1RvLlkyOy7D9OPe0H2lt4oeyNlcXfI1LQhsk8bKW_uZZ7wCnbp1-L_3rn2x-Rh3WqGV5BbXOkdP0Skn58M-a2ExIsLUpQqJeWwcY2_Kt_T13nrY_I5H-V_4IM6i5b9bXPYFo2Xgj0gxqkAlQ9ZqJ-Pqf2oN6xyJ20VP6GJpU9vC6pwFMrG0SYEX7YS_TF57zgC7cw52Ef6bDGSR07l-qV8q9MfRLUhRLC4QojBAoXrVtA7z_Oqf9v3WT0oo6K2dg4_FVJf1FT5DXVLTZ1w5fE_QtOn8OvTAiYqqwTpgEigbHoRVuWmGBX-FIDW_yfXFY5ZaPkwDdK8doxKxAnqxyQfloTFqQLNerzMZzMVcveBC3VSPOy7lBWLa1UiCBGH-g37iA8dKZE1ujAu_LqGy7y4QjnV6NCLFKLQIbh8PCoZ9XF4x1SDPq6M65-iSMeCK74t5BepVNP1mCtNDWFaLN_vTYxhsgkDxZeJ8mV-1gNC6Fhw7QLPDmszP55YctDXEN8XW4UdG5kjEzi4boaFNLHNzoVkgU0BLk3SctgMwPDhtF0rSwhjuBBRLNzjCNNBGn3dqMKNOYyx-03eF5uSRQH7zGsr0g8PV5b4KW-CWWaDYlm8JcWR7u4tzVPiWWeBE4h32hOIXnWKvBFOXMh42tHIZMVyJIqc7JHxeVyK1pUq57PtPvRiBrR62OqH-9EHglOx2EbXWfgUkh2sdGq5UD9P-Fp0pShw3TpDG5JbT47y-q1lPzVowdXvIx3cU7F1mTeIUq4L22BLIUnH4CscCv-sPjtunUKbTKTw2RoNVvWjWQbJq1gw0vzKmQMVWM_x53SbQYUVybI-o3DL7QkGjdr6MKQp-eznbxgO6uuwoGzUmgb4l8mnWaImE9cqGXO8l7vAx9KOesD5lqv1cE1MtaeuF9aFFlc1xs5YtiAbRJkBdWMGvhWOufNNDLBUl9ghQlQ8gMIvsruN-JqPiCXl20tNwpaIaCXWhSx05RTBGWC2S51TgeY3GoVPnTcbT_qbHSKZjOr139Q4fjldKeFKp_xDG5QzmXOCoW1jQ_6Tj3S6-3-iialRqd4MslkZmkGMzJh5cw9yt9zg_jAUplA_AMg8RIpJGpeVfrIp1OcBO9b8DvMfC7mOFYCv7y4zsm77lOvdTgHR5KllL3YOxlCauBsJ4pgbmaHxkdkBUFO8HnNoBykgT2rH2fE13oGPbisVWo6XislLN8MTVmdpAm6DlYTaVAYoLSppNz_2SbtxR9hUEq296W_zxXoodKhWvHmWQF4_lsONq6MBg1-kCJwHS0Oavg0ZATRvh2svqhGDw8CXSX6F94KCytJFKtzqCfNgGi-l096g6TWbZOUkysL-vI8-HU9BWLBS6H2jAqqa_Iz7WR88hr5V-meWsxbWkz7ezzhulNkVix1-vbPTVkOkFAQYzltTwZP_xSJ_eMSIDJ9VzNL"},"error_subcode":1390008,"error_user_msg":"","fbtrace_id":"HkFg5wmv\/iI"}}

Facebook ran into an error and the post was not published. Zach Muckerberg please fix. Try again in a few hours.

