***********************************************************************************
Started at 01:30:01 on 00/19/2017
***********************************************************************************
Querying souces from the past 15 minutes....

Al Jazeera
-----------------------------

Upworthy
-----------------------------

The Huffington Post
-----------------------------

HuffPost Women
-----------------------------

PBS News Hour
-----------------------------

ATTN:
-----------------------------

Reuters
-----------------------------
$VAR1 = {
          'link' => 'http://reut.rs/2iLDsAy',
          'caption' => 'www.reuters.com',
          'created_time' => '2017-01-19T06:25:58+0000',
          'name' => 'North Korea may test-launch ICBM soon: South Korean media',
          'id' => '114050161948682_1365097506843935',
          'message' => 'North Korea may be preparing to test-launch a new, upgraded prototype of an intercontinental ballistic missile (ICBM), South Korean media reported on Thursday, citing military sources.'
        };

Domain: reuters.com

NowThis
-----------------------------

Daily Caller
-----------------------------

CNBC
-----------------------------

The Onion
-----------------------------

Opposing Views
-----------------------------

the Today Show
-----------------------------

Kotaku
-----------------------------

Washington Post
-----------------------------

the American Center for Law and Justice
-----------------------------

VICE News
-----------------------------

PBS
-----------------------------

Mother Jones
-----------------------------

HuffPost Good News
-----------------------------

BBC News
-----------------------------
$VAR1 = {
          'link' => 'http://bbc.in/2jMrWqh',
          'caption' => 'bbc.co.uk',
          'created_time' => '2017-01-19T06:30:05+0000',
          'name' => 'Seeds of a Trump-Republican conflict',
          'id' => '228735667216_10154318701847217',
          'message' => 'Congressional Republicans v Donald J. Trump.'
        };

Domain: bbc.co.uk
Response:
{"error":{"message":"It looks like you were misusing this feature by going too fast. You\u2019ve been blocked from using it.\n\nLearn more about blocks in the Help Center.","type":"OAuthException","code":368,"error_subcode":1390008,"error_user_msg":"","fbtrace_id":"H3cSuLjyBva"}}

Facebook ran into an error and the post was not published. Zach Muckerberg please fix. Try again in a few hours.

