***********************************************************************************
Started at 16:00:01 on 11/13/2016
***********************************************************************************
Querying souces from the past 15 minutes....

Al Jazeera
-----------------------------
$VAR1 = {
          'link' => 'http://www.aljazeera.com/indepth/features/2016/12/journey-fidel-castro-cuba-161212141524381.html',
          'caption' => 'aljazeera.com',
          'created_time' => '2016-12-13T21:00:00+0000',
          'name' => 'A journey through Fidel Castro\'s Cuba',
          'id' => '7382473689_10154969875343690',
          'message' => '"That man got us out of capitalism. He is the greatest thing nature has ever given."'
        };

Domain: aljazeera.com
Response:
{"id":"1622501708043673_1632235903736920"}

Upworthy
-----------------------------
$VAR1 = {
          'link' => 'http://u.pw/2hpTSBK',
          'caption' => 'upworthy.com',
          'created_time' => '2016-12-13T20:50:00+0000',
          'name' => 'Viola Davis on the moment she realized she didn\'t have to lose weight for a role.',
          'id' => '354522044588660_1530350507005802',
          'message' => 'Viola Davis\' must-read speech nails the importance of being yourself.  - Ally Hirschlag'
        };

Domain: upworthy.com

The Huffington Post
-----------------------------

HuffPost Women
-----------------------------

PBS News Hour
-----------------------------
$VAR1 = {
          'link' => 'https://www.facebook.com/newshour/videos/10154865237573675/',
          'created_time' => '2016-12-13T20:56:00+0000',
          'id' => '6491828674_10154865237573675',
          'message' => 'Watch: Nashville\'s Music Row, where the likes of Willie Nelson, Dolly Parton and many more recorded hit records, is being threatened by the rising demand for housing and office space in one of the nation\'s fastest-growing cities.'
        };

ATTN:
-----------------------------

Reuters
-----------------------------
$VAR1 = {
          'link' => 'http://reut.rs/2hC4sGt',
          'caption' => 'reuters.com',
          'created_time' => '2016-12-13T20:49:34+0000',
          'name' => '\'Get us out of here\': desperate Aleppo residents fear arrest, death',
          'id' => '114050161948682_1321332417887111',
          'message' => '"There is no total number of casualties in besieged Aleppo today, all streets and destroyed buildings are full with dead bodies. It\'s hell," East Aleppo\'s civil defense rescue organization wrote on Twitter: http://reut.rs/2hC4sGt'
        };

Domain: reuters.com

NowThis
-----------------------------

Daily Caller
-----------------------------
$VAR1 = {
          'link' => 'http://trib.al/5Uht6ra',
          'caption' => 'smokeroom.com',
          'created_time' => '2016-12-13T20:53:50+0000',
          'name' => 'Whoopi Goldberg Was Left Silent After She Found Out About Trump And Kanye\'s Meeting',
          'id' => '182919686769_10154043650561770',
          'message' => 'Whoopi Goldberg didn\'t know what to say.'
        };

Domain: smokeroom.com

CNBC
-----------------------------
$VAR1 = {
          'link' => 'http://cnb.cx/2hJudkj',
          'caption' => 'cnbc.com',
          'created_time' => '2016-12-13T20:59:07+0000',
          'name' => '54 years later, Buffett\'s Berkshire Hathaway crosses $250,000 a share',
          'id' => '97212224368_10154989594784369',
          'message' => '"I don\'t want anybody buying Berkshire thinking that they can make a lot of money fast." -- Warren Buffett'
        };

Domain: cnbc.com

The Onion
-----------------------------
$VAR1 = {
          'link' => 'http://trib.al/1mYLYgO',
          'caption' => 'theonion.com',
          'created_time' => '2016-12-13T20:46:06+0000',
          'name' => 'Obama Resigns From Presidency After Michelle Lands Dream Job In Seattle',
          'id' => '20950654496_10154934298474497',
          'message' => '"Of course, it will be hard for me to leave my work, but this is what partners in a marriage do: They support each other and treat one another as equals."'
        };

Domain: theonion.com

Opposing Views
-----------------------------

the Today Show
-----------------------------

Kotaku
-----------------------------

Washington Post
-----------------------------
$VAR1 = {
          'link' => 'http://wapo.st/2hoI8zH',
          'caption' => 'washingtonpost.com',
          'created_time' => '2016-12-13T21:00:00+0000',
          'name' => "Uber reminds its passengers: Don\x{2019}t have sex in the car",
          'id' => '6250307292_10154522794052293',
          'message' => "Some of Uber\x{2019}s passengers have perhaps become a bit too friendly in the back seat."
        };

Domain: washingtonpost.com
Response:
{"id":"1622501708043673_1632236037070240"}

the American Center for Law and Justice
-----------------------------

VICE News
-----------------------------
$VAR1 = {
          'link' => 'http://bit.ly/2gXeZb8',
          'caption' => 'news.vice.com',
          'created_time' => '2016-12-13T20:54:41+0000',
          'name' => 'VICE News sues FBI for info on Trump, the Clintons, and Breitbart News',
          'id' => '235852889908002_705266942966592',
          'message' => 'VICE News is suing the FBI over curious disclosures, behind-the-scenes actions, and apparent leaks in the days leading up to the election.'
        };

Domain: vice.com

PBS
-----------------------------

Mother Jones
-----------------------------

HuffPost Good News
-----------------------------

BBC News
-----------------------------
$VAR1 = {
          'link' => 'https://www.facebook.com/bbcnews/videos/10154204853602217/',
          'created_time' => '2016-12-13T20:50:35+0000',
          'name' => 'End of the red phone box?',
          'id' => '228735667216_10154204853602217',
          'message' => 'The end for the iconic red phone box? http://bbc.in/2gHV6HJ'
        };

Breaking News
-----------------------------

The Verge
-----------------------------
$VAR1 = {
          'link' => 'http://www.theverge.com/2016/12/13/13939756/uber-self-driving-car-pilot-san-francisco',
          'caption' => 'theverge.com',
          'created_time' => '2016-12-13T21:00:01+0000',
          'name' => 'Uber appears ready to launch self-driving pilot in San Francisco',
          'id' => '193742123995472_1283020461734294',
          'message' => 'CNET discovered a fleet of Uber-branded Volvo and Ford vehicles in a warehouse in San Francisco.'
        };

Domain: theverge.com

New York Magazine
-----------------------------

TIME
-----------------------------

the Business Insider
-----------------------------
$VAR1 = {
          'link' => 'https://www.facebook.com/businessinsider/videos/10154182984099071/',
          'created_time' => '2016-12-13T20:57:42+0000',
          'name' => 'Business Insider',
          'id' => '20446254070_10154184411424071',
          'message' => 'Kanye tweeted he wanted to meet with Trump to "discuss multicultural issues."'
        };
$VAR1 = {
          'link' => 'http://www.businessinsider.com/westworld-season-1-analysis-2016-12',
          'caption' => 'businessinsider.com',
          'created_time' => '2016-12-13T20:50:00+0000',
          'name' => '41 details and brilliant moments you probably missed in \'Westworld\' season 1',
          'id' => '20446254070_10154183817374071',
          'message' => 'ICYMI: \'Westworld\' was one of the biggest shows in 2016.'
        };

Domain: businessinsider.com

ThinkProgress
-----------------------------
$VAR1 = {
          'link' => 'https://thinkprogress.org/trump-meeting-kanye-distractions-da8dcfa5b73c#.8hvsap6wf',
          'caption' => 'thinkprogress.org',
          'created_time' => '2016-12-13T20:48:29+0000',
          'name' => 'Kanye visited Trump Tower. Watch cable news take the bait.',
          'id' => '200137333331078_1462720397072759',
          'message' => 'Trump\'s meeting with Kanye was intended to distract us. It worked.'
        };

Domain: thinkprogress.org
Response:
{"id":"1622501708043673_1632236153736895"}

POLITICO
-----------------------------
$VAR1 = {
          'link' => 'http://politi.co/2htZWqN',
          'caption' => 'politi.co',
          'created_time' => '2016-12-13T21:00:05+0000',
          'name' => 'Jose Andres to Trump: Let\'s end legal beef with donation to vets',
          'id' => '62317591679_10154090206666680',
          'message' => '"Why keep litigating? Let\'s both of us win."'
        };

Domain: politi.co

Alias: politico.com
Response:
{"id":"1622501708043673_1632236233736887"}

USA TODAY
-----------------------------
$VAR1 = {
          'link' => 'http://www.usatoday.com/story/news/politics/onpolitics/2016/12/13/donald-trump-electoral-college-protests-hillary-clinton/95384578/',
          'caption' => 'usatoday.com',
          'created_time' => '2016-12-13T20:56:55+0000',
          'name' => 'Protests planned in all 50 states urging Electoral College to switch vote against Trump',
          'id' => '13652355666_10154158420835667',
          'message' => 'It\'s a long shot, to say the least.'
        };

Domain: usatoday.com
Response:
{"id":"1622501708043673_1632236333736877"}

American News
-----------------------------

ABC News
-----------------------------

HuffPost Politics
-----------------------------

NBC News
-----------------------------
$VAR1 = {
          'link' => 'http://nbcnews.to/2hjb2Re',
          'caption' => 'nbcnews.com',
          'created_time' => '2016-12-13T20:47:04+0000',
          'name' => 'Oklahoma court tosses abortion law on hospital privileges',
          'id' => '155869377766434_1615618098458214',
          'message' => '"It creates an undue burden on a woman\'s access to abortion, violating protected rights under our federal Constitution," an Oklahoma justice wrote.'
        };

Domain: nbcnews.com
Response:
{"id":"1622501708043673_1632236393736871"}
$VAR1 = {
          'link' => 'https://www.facebook.com/NBCNews/videos/1615617231791634/',
          'created_time' => '2016-12-13T20:46:34+0000',
          'name' => 'Joe Biden, Dr. Jill Biden and Jon Stewart on \'moonshot\' legisl...',
          'id' => '155869377766434_1615617231791634',
          'message' => 'Watch LIVE as Comedian Jon Stewart speaks at a roundtable with Vice President Biden and Dr. Jill Biden on their "cancer moonshot" legislation.'
        };

AJ+
-----------------------------

Wikileaks
-----------------------------

CNNMoney
-----------------------------
$VAR1 = {
          'link' => 'https://www.facebook.com/cnnmoney/videos/10154185067023067/',
          'created_time' => '2016-12-13T20:49:00+0000',
          'name' => 'Kobi Yard Robot',
          'id' => '6651543066_10154185067023067',
          'message' => 'For anyone who hates doing yard work, your new best friend may have arrived. http://cnnmon.ie/2gQkYl6 Via CNNTech'
        };

ABC News Politics
-----------------------------

Right Wing News
-----------------------------

The Wall Street Journal
-----------------------------

MSNBC
-----------------------------

the Drudge Report
-----------------------------
$VAR1 = {
          'link' => 'https://news.grabien.com/story.php?id=1879',
          'caption' => 'news.grabien.com',
          'created_time' => '2016-12-13T21:00:00+0000',
          'name' => "Obama on Comedy Central: America \x{2018}by No Means\x{2019} Has Overcome \x{2018}Legacies of Slavery, Jim Crow, Colonialism, Racism\x{2019}",
          'id' => '102533606954_10154669074651955',
          'message' => 'OBAMA FAREWELL: AMERICA STILL HASN\'T OVERCOME SLAVERY'
        };

Domain: grabien.com

Mic
-----------------------------
$VAR1 = {
          'link' => 'https://mic.com/articles/162160/2016-was-the-year-of-coddling-white-people#.JMcMK4dfc',
          'caption' => 'mic.com',
          'created_time' => '2016-12-13T20:51:00+0000',
          'name' => '2016 was the year of coddling white people',
          'id' => '174742062548592_1323906714298782',
          'message' => '2016 reaffirmed the notion that white America is the "real" America, and that "real America" is fundamentally good and right.'
        };

Domain: mic.com

The Economist
-----------------------------

Bloomberg Politics
-----------------------------

CBS News
-----------------------------
$VAR1 = {
          'link' => 'https://www.facebook.com/CBSNews/videos/10154166874705950/',
          'created_time' => '2016-12-13T20:45:27+0000',
          'name' => 'Obama signs "Moonshot" Bill',
          'id' => '131459315949_10154166874705950',
          'message' => 'Barack Obama called today "a good day" as he signed a bill addressing opioid epidemic and cancer research. He added: "I\'m hopeful that in the years ahead, Congress keeps working together in a bipartisan fashion to move us forward, rather than backwards, in support of the health of our people, because these are gains that have made a real difference for millions of Americans." 
Watch more: http://cbsn.ws/2hu3byo'
        };

The Young Turks
-----------------------------
$VAR1 = {
          'link' => 'https://www.facebook.com/TheYoungTurks/videos/10154186657429205/',
          'created_time' => '2016-12-13T21:00:00+0000',
          'name' => 'Clinton Refuses To Take The Blame',
          'id' => '210277954204_10154186657429205',
          'message' => 'If Hillary Clinton is looking for someone to blame, she should probably just look in the mirror.'
        };

Occupy Democrats
-----------------------------

CBC News
-----------------------------
$VAR1 = {
          'link' => 'http://www.cbc.ca/news/entertainment/video-game-glitches-1.3873588',
          'caption' => 'cbc.ca',
          'created_time' => '2016-12-13T21:00:04+0000',
          'name' => 'It\'s not a bug (anymore); it\'s a feature: Why people love video game glitches',
          'id' => '5823419603_10154938056899604',
          'message' => "Computer glitches can be the cause of game-breaking bugs \x{2014} as well as unintentional humour."
        };

Newsweek
-----------------------------

CNN International
-----------------------------

The New Yorker
-----------------------------
$VAR1 = {
          'link' => 'http://nyer.cm/aSufjDH',
          'caption' => 'newyorker.com',
          'created_time' => '2016-12-13T21:00:04+0000',
          'name' => "A Transcendent Patti Smith Accepts Bob Dylan\x{2019}s Nobel Prize",
          'id' => '9258148868_10154279008048869',
          'message' => "Patti Smith\x{2019}s performance of Bob Dylan\x{2019}s \x{201c}A Hard Rain\x{2019}s A-Gonna Fall,\x{201d} to orchestral accompaniment, moved some audience members to tears."
        };

Domain: newyorker.com
Response:
{"id":"1622501708043673_1632236473736863"}

Rush Limbaugh
-----------------------------

The Independent
-----------------------------

TheBlaze
-----------------------------
$VAR1 = {
          'link' => 'https://www.facebook.com/theblaze/videos/1299585233412147/',
          'created_time' => '2016-12-13T20:51:11+0000',
          'id' => '140738092630206_1299585233412147',
          'message' => '1791 presents Big Tex Jeans: Jeffy\'s fat guy shoot.'
        };
$VAR1 = {
          'link' => 'http://www.theblaze.com/news/2016/12/13/new-york-city-offers-municipal-employees-therapy-to-cope-with-stress-over-trumps-election/',
          'caption' => 'www.theblaze.com',
          'created_time' => '2016-12-13T20:50:01+0000',
          'name' => "New York City offers municipal employees therapy to cope with stress over Trump\x{2019}s election",
          'id' => '140738092630206_1299583540078983',
          'message' => 'What is this country coming to?'
        };

Domain: theblaze.com
Response:
{"id":"1622501708043673_1632236540403523"}

NPR Politics
-----------------------------

The New York Times
-----------------------------
$VAR1 = {
          'link' => 'https://www.nytimes.com/2016/12/13/fashion/the-year-in-style-politics-dressing.html?smid=fb-nytimes&smtyp=cur',
          'caption' => 'nytimes.com',
          'created_time' => '2016-12-13T21:00:00+0000',
          'name' => 'When Politics Became a Fashion Statement',
          'id' => '5281959998_10151008903189999',
          'message' => 'From the Burkini to the pantsuit, 2016 was the year politics took over our closets.'
        };

Domain: nytimes.com
Response:
{"id":"1622501708043673_1632237477070096"}

NPR
-----------------------------

MSN
-----------------------------
$VAR1 = {
          'link' => 'http://msn.com/en-us/news/politics/how-moscow-aimed-a-perfect-weapon-at-the-us-election/ar-AAlvU8U?ocid=ob-fb-enus-280',
          'caption' => 'msn.com',
          'created_time' => '2016-12-13T20:58:41+0000',
          'name' => 'How Moscow Aimed a Perfect Weapon at the U.S. Election',
          'id' => '49940376408_10154126233376409'
        };

Domain: msn.com

CNN Politics
-----------------------------
$VAR1 = {
          'link' => 'https://www.facebook.com/cnnpolitics/videos/1393994123975750/',
          'created_time' => '2016-12-13T20:45:20+0000',
          'id' => '219367258105115_1393994123975750',
          'message' => 'We\'re in Washington, where Vice President Joe Biden is holding a roundtable event for his cancer moonshot initiative.'
        };

The Daily Show
-----------------------------
$VAR1 = {
          'link' => 'https://www.facebook.com/thedailyshow/videos/10154835743046800/',
          'created_time' => '2016-12-13T21:00:00+0000',
          'id' => '7976226799_10154835743046800',
          'message' => "Trevor and President Obama discuss Obamacare, race relations, Russian hacking and much more.

\x{25ba}Watch the full interview: http://on.cc.com/2gX6Vr0"
        };

Daily Kos
-----------------------------
$VAR1 = {
          'link' => 'http://www.dailykos.com/stories/2016/12/12/1610305/-When-ice-shelves-are-lined-up-and-the-first-one-collapses-it-can-cause-rippling-effects-like-dominos?detail=facebook',
          'caption' => 'dailykos.com',
          'created_time' => '2016-12-13T21:00:01+0000',
          'name' => 'When ice shelves are lined up and the first one collapses it can cause rippling effects like dominos',
          'id' => '43179984254_10154958546389255',
          'message' => "Our president-elect\x{2019}s climate denial and the news outlets are only making the problem worse. This is a very difficult time for those who believe in facts and science."
        };

Domain: dailykos.com
Response:
{"id":"1622501708043673_1632240560403121"}

Yahoo News
-----------------------------

The Guardian
-----------------------------
$VAR1 = {
          'link' => 'https://www.theguardian.com/world/2016/dec/13/international-concern-over-claims-of-chemical-weapon-attack-in-syria?CMP=fb_gu',
          'caption' => 'theguardian.com',
          'created_time' => '2016-12-13T21:00:01+0000',
          'name' => 'International concern over claims of chemical weapon attack in Syria',
          'id' => '10513336322_10154839159836323',
          'message' => 'The Organisation for the Prohibition of Chemical Weapons (OPCW) is seriously concerned about claims that at least 93 people were killed by a gas attack in central Syria when airstrikes hit a cluster of five villages.'
        };

Domain: theguardian.com
Response:
{"id":"1622501708043673_1632240697069774"}

CNN
-----------------------------

Slate.com
-----------------------------

the AP
-----------------------------

Sean Hannity
-----------------------------

The Ed Schultz Show
-----------------------------

The Atlantic
-----------------------------
$VAR1 = {
          'link' => 'http://theatln.tc/2gxHaN6',
          'caption' => 'qz.com',
          'created_time' => '2016-12-13T20:49:29+0000',
          'name' => 'The slaughter of Aleppo is being recorded in real time on Twitter, by its own victims',
          'id' => '29259828486_10154903580723487',
          'message' => 'After sending several distress calls to the rest of the world, seven-year-old Bana and her mother have resorted to tweeting their last messages. via Quartz'
        };

Domain: qz.com

Bloomberg
-----------------------------
$VAR1 = {
          'link' => 'http://bloom.bg/2hu0Q6t',
          'caption' => 'bloomberg.com',
          'created_time' => '2016-12-13T20:49:30+0000',
          'name' => "Billionaire Wang Jianlin Says His Son Won\x{2019}t Inherit Group Helm",
          'id' => '266790296879_10154827667626880',
          'message' => "\"I\x{2019}ve asked my son and he said he didn\x{2019}t want to live a life like mine.\""
        };

Domain: bloomberg.com
Response:
{"id":"1622501708043673_1632240787069765"}

BuzzFeed
-----------------------------
$VAR1 = {
          'link' => 'http://bzfd.it/2hJURth',
          'caption' => 'buzzfeed.com',
          'created_time' => '2016-12-13T21:00:00+0000',
          'name' => 'A Guy Hilariously Roasted His Mom For Lying On Facebook And People Are Screaming',
          'id' => '1318800798260799_2108639652610239',
          'message' => 'When mom does the most'
        };

Domain: buzzfeed.com
Response:
{"id":"1622501708043673_1632240863736424"}

Fox News
-----------------------------
$VAR1 = {
          'link' => 'https://www.facebook.com/FoxNews/photos/a.184044921335.134777.15704546335/10154890475561336/?type=3',
          'created_time' => '2016-12-13T20:56:24+0000',
          'name' => 'Timeline Photos',
          'id' => '15704546335_10154890475561336',
          'message' => 'In August 2015, Kanye West said he would run for president in 2020. Today, after meeting with President-elect Donald J. Trump, he tweeted "#2024."

Thoughts?'
        };

VICE
-----------------------------
$VAR1 = {
          'link' => 'https://www.facebook.com/vicenews/videos/705237696302850/',
          'created_time' => '2016-12-13T21:00:15+0000',
          'name' => 'VICE News',
          'id' => '167115176655082_1486611958038724'
        };

Glenn Beck
-----------------------------
$VAR1 = {
          'link' => 'https://www.facebook.com/theblaze/videos/1299585233412147/',
          'created_time' => '2016-12-13T20:54:57+0000',
          'name' => 'TheBlaze',
          'id' => '36400348187_10154845817823188',
          'message' => 'Jeffy...'
        };

The Other 98%
-----------------------------


Total Posts Made:	13


