***********************************************************************************
Started at 03:15:01 on 00/12/2017
***********************************************************************************
Querying souces from the past 15 minutes....

Al Jazeera
-----------------------------

Upworthy
-----------------------------

The Huffington Post
-----------------------------
$VAR1 = {
          'link' => 'http://huff.to/2ikFY3v',
          'caption' => 'huffingtonpost.com',
          'created_time' => '2017-01-12T08:00:46+0000',
          'name' => 'Here\'s What\'s Actually Happening When You\'re Bloated',
          'id' => '18468761129_10154601121691130',
          'message' => '...and what you can do to help yourself.'
        };

Domain: huffingtonpost.com
Response:
{"id":"1622501708043673_1642720209355156"}

HuffPost Women
-----------------------------
$VAR1 = {
          'link' => 'http://huff.to/2jjkAKH',
          'caption' => 'huffingtonpost.com',
          'created_time' => '2017-01-12T08:00:40+0000',
          'name' => 'Dear World: You Will NOT Destroy My Daughter',
          'id' => '153213781413350_1270540136347370',
          'message' => "\"We can revolt. Together. We can celebrate our daughters\x{2019} uniqueness and individuality and innocence and effectively shut down the culture that desperately longs to prey on them.\""
        };

Domain: huffingtonpost.com
Response:
{"id":"1622501708043673_1642720249355152"}

PBS News Hour
-----------------------------

ATTN:
-----------------------------

Reuters
-----------------------------

NowThis
-----------------------------

Daily Caller
-----------------------------

CNBC
-----------------------------

The Onion
-----------------------------

Opposing Views
-----------------------------

the Today Show
-----------------------------

Kotaku
-----------------------------

Washington Post
-----------------------------

the American Center for Law and Justice
-----------------------------

VICE News
-----------------------------

PBS
-----------------------------
$VAR1 = {
          'link' => 'http://www.pbs.org/newshour/rundown/ap-fact-check-tillerson-claim-odds-exxon-mobil-lobbying/',
          'caption' => 'www.pbs.org',
          'created_time' => '2017-01-12T08:02:27+0000',
          'name' => 'AP fact check: Tillerson claim at odds with Exxon Mobil lobbying',
          'id' => '19013582168_10154342180602169',
          'message' => 'AP fact check: Tillerson claim at odds with Exxon Mobil lobbying (From PBS NewsHour)'
        };

Domain: pbs.org
Response:
{"id":"1622501708043673_1642720312688479"}

Mother Jones
-----------------------------

HuffPost Good News
-----------------------------

BBC News
-----------------------------

Breaking News
-----------------------------

The Verge
-----------------------------

New York Magazine
-----------------------------
$VAR1 = {
          'link' => 'http://nym.ag/2jFkHDG',
          'caption' => 'grubstreet.com',
          'created_time' => '2017-01-12T08:09:04+0000',
          'name' => 'Acclaimed Pastry Chef Karen DeMasco is Back to Baking at Hearth',
          'id' => '14516439825_10154949579079826',
          'message' => 'The master of homespun cakes and cookies is milling her own flour and banishing white sugar.'
        };

Domain: grubstreet.com

TIME
-----------------------------
$VAR1 = {
          'link' => 'http://ti.me/2hRrSDf',
          'caption' => 'blog.credit.com',
          'created_time' => '2017-01-12T08:00:41+0000',
          'name' => '5 Steps to Actually Start Living Within Your Means',
          'id' => '10606591490_10154342588391491',
          'message' => '2. Track everything.'
        };

Domain: credit.com

the Business Insider
-----------------------------
$VAR1 = {
          'link' => 'http://read.bi/2j2iQWe',
          'caption' => 'businessinsider.com',
          'created_time' => '2017-01-12T08:00:35+0000',
          'name' => "Experts still see plenty of potential conflict in Trump\x{2019}s plan to separate himself from his empire",
          'id' => '20446254070_10154279718189071',
          'message' => 'It doesn\'t sound promising.'
        };

Domain: businessinsider.com

ThinkProgress
-----------------------------

POLITICO
-----------------------------

USA TODAY
-----------------------------

American News
-----------------------------

ABC News
-----------------------------
$VAR1 = {
          'link' => 'http://abcn.ws/2imwlSg',
          'caption' => 'abcnews.go.com',
          'created_time' => '2017-01-12T08:03:54+0000',
          'name' => 'New Jersey\'s Monmouth University to Host Bruce Springsteen\'s Archives',
          'id' => '86680728811_10155250179323812',
          'message' => 'The Bruce Springsteen Archives and Center for American Music at Monmouth University will promote and preserve the Boss\'s legacy as well as other music icons, including Frank Sinatra and Woody Guthrie.'
        };

Domain: go.com
Response:
{"id":"1622501708043673_1642720346021809"}

HuffPost Politics
-----------------------------

NBC News
-----------------------------
$VAR1 = {
          'link' => 'http://nbcnews.to/2jly7BA',
          'caption' => 'nbcnewyork.com',
          'created_time' => '2017-01-12T08:00:23+0000',
          'name' => 'Alexander Hamilton\'s letters to be auctioned in NYC',
          'id' => '155869377766434_1662397740446916',
          'message' => 'The hottest Broadway show is shining its spotlight on a collection of historic American documents: Alexander Hamilton\'s letters, being auctioned at Sotheby\'s.'
        };

Domain: nbcnewyork.com

AJ+
-----------------------------

Wikileaks
-----------------------------

CNNMoney
-----------------------------
$VAR1 = {
          'link' => 'http://cnnmon.ie/2iJm1kO',
          'caption' => 'money.cnn.com',
          'created_time' => '2017-01-12T08:01:02+0000',
          'name' => 'Hospitals embrace video montage service to help patients',
          'id' => '6651543066_10154273432713067',
          'message' => 'Tribute is tech\'s answer to Hallmark: A software platform where anyone can create custom, collaborative digital video montages to give to others. http://cnnmon.ie/2iJm1kO Via CNNTech'
        };

Domain: cnn.com
Response:
{"id":"1622501708043673_1642720376021806"}

ABC News Politics
-----------------------------

Right Wing News
-----------------------------

The Wall Street Journal
-----------------------------
$VAR1 = {
          'link' => 'http://on.wsj.com/2j3m7os',
          'caption' => 'wsj.com',
          'created_time' => '2017-01-12T08:00:14+0000',
          'name' => 'Dollar Loses Ground After Trump Speaks',
          'id' => '8304333127_10155274282398128',
          'message' => 'The dollar lost ground against the Japanese yen, Australian dollar and euro during Asian trading Thursday, as investors tempered their optimism over the likely policy stance of President-elect Donald J. Trump following his first news conference since the U.S. election.'
        };

Domain: wsj.com
Response:
{"id":"1622501708043673_1642720456021798"}

MSNBC
-----------------------------

the Drudge Report
-----------------------------

Mic
-----------------------------

The Economist
-----------------------------

Bloomberg Politics
-----------------------------

CBS News
-----------------------------

The Young Turks
-----------------------------

Occupy Democrats
-----------------------------

CBC News
-----------------------------

Newsweek
-----------------------------

CNN International
-----------------------------
$VAR1 = {
          'link' => 'https://www.facebook.com/cnninternational/videos/10154894386294641/',
          'created_time' => '2017-01-12T08:00:44+0000',
          'name' => 'Michelle Obama, Jimmy Fallon write thank you notes',
          'id' => '18793419640_10154894386294641',
          'message' => '"Thank you Barack, for proving you\'re not a lame duck, but my very own silver fox."

In her final appearance as first lady on "The Tonight Show Starring Jimmy Fallon," Michelle Obama wrote thank you notes. http://cnn.it/2iJAhKj'
        };

The New Yorker
-----------------------------
$VAR1 = {
          'link' => 'http://nyer.cm/38bH1Sp',
          'caption' => 'newyorker.com',
          'created_time' => '2017-01-12T08:00:52+0000',
          'name' => 'What Ever Happened to the Couch Potato?',
          'id' => '9258148868_10154373207633869',
          'message' => 'The decline of the "couch potato" signals a shift in our moral attitude toward life lived in front of a screen.'
        };

Domain: newyorker.com
Response:
{"id":"1622501708043673_1642720522688458"}

Rush Limbaugh
-----------------------------

The Independent
-----------------------------
$VAR1 = {
          'link' => 'https://www.indy100.com/article/wamn-jilter-travel-blogger-gets-married-7521271',
          'caption' => 'indy100.com',
          'created_time' => '2017-01-12T08:02:18+0000',
          'name' => 'Woman who was dumped three months before her wedding gets the ultimate revenge',
          'id' => '13312631635_10154379015171636',
          'message' => 'Incredible'
        };

Domain: indy100.com

TheBlaze
-----------------------------

NPR Politics
-----------------------------

The New York Times
-----------------------------

NPR
-----------------------------

MSN
-----------------------------

CNN Politics
-----------------------------
$VAR1 = {
          'link' => 'http://cnn.it/2jG5LFA',
          'caption' => 'www.cnn.com',
          'created_time' => '2017-01-12T08:05:02+0000',
          'name' => 'Trump says public doesn\'t care \'at all\' about his taxes',
          'id' => '219367258105115_1453044021404093',
          'message' => '"I\'m not releasing the tax returns because, as you know, they\'re under audit," Donald J. Trump says.'
        };

Domain: cnn.com
Response:
{"id":"1622501708043673_1642720582688452"}

The Daily Show
-----------------------------

Daily Kos
-----------------------------

Yahoo News
-----------------------------
$VAR1 = {
          'link' => 'https://yhoo.it/2igE5Sa',
          'caption' => 'yahoo.com',
          'created_time' => '2017-01-12T08:00:22+0000',
          'name' => "Oreo Cadbury eggs are a thing \x{2014} but not everywhere",
          'id' => '338028696036_10155100967146037',
          'message' => 'Will these ever come to America?!'
        };

Domain: yahoo.com
Response:
{"id":"1622501708043673_1642720626021781"}

The Guardian
-----------------------------

CNN
-----------------------------
$VAR1 = {
          'link' => 'https://www.facebook.com/cnn/videos/10155898090631509/',
          'created_time' => '2017-01-12T08:00:41+0000',
          'name' => 'Michelle Obama, Jimmy Fallon write thank you notes',
          'id' => '5550296508_10155898090631509',
          'message' => '"Thank you Barack, for proving you\'re not a lame duck, but my very own silver fox."

In her final appearance as first lady on "The Tonight Show Starring Jimmy Fallon," Michelle Obama wrote thank you notes. http://cnn.it/2iJkLxZ'
        };

Slate.com
-----------------------------
$VAR1 = {
          'link' => 'http://slate.me/2ik53Mg',
          'caption' => 'slate.com',
          'created_time' => '2017-01-12T08:00:42+0000',
          'name' => "The Inauguration of the People\x{2019}s President, Andrew Jackson",
          'id' => '21516776437_10154752709051438',
          'message' => 'Andrew Jackson may have given Donald Trump some of his ideas.'
        };

Domain: slate.com
Response:
{"id":"1622501708043673_1642720919355085"}

the AP
-----------------------------

Sean Hannity
-----------------------------

The Ed Schultz Show
-----------------------------

The Atlantic
-----------------------------

Bloomberg
-----------------------------
$VAR1 = {
          'link' => 'http://bloom.bg/2ifBXPr',
          'caption' => 'bloomberg.com',
          'created_time' => '2017-01-12T08:09:35+0000',
          'name' => 'Feeling Naughty? These Are the Cheapest Places for Sinful Habits',
          'id' => '266790296879_10154925027536880',
          'message' => 'We\'ve compared the price of tobacco, alcohol, amphetamine, cannabis, cocaine and opioids in 100+ countries.'
        };

Domain: bloomberg.com
Response:
{"id":"1622501708043673_1642720999355077"}

BuzzFeed
-----------------------------

Fox News
-----------------------------
$VAR1 = {
          'link' => 'http://insider.foxnews.com/2017/01/11/warning-scammers-targeting-elderly-people-seeking-repairs-home-improvements',
          'caption' => 'insider.foxnews.com',
          'created_time' => '2017-01-12T08:15:00+0000',
          'name' => 'WARNING: Home Improvement Scams Targeting the Elderly',
          'id' => '15704546335_10154988905891336',
          'message' => 'If you\'re looking for repairs or renovations on your home, beware of the many scammers out there.'
        };

Domain: foxnews.com
Response:
{"id":"1622501708043673_1642721082688402"}

VICE
-----------------------------
$VAR1 = {
          'link' => 'http://thump.vice.com/en_ca/article/toronto-electronic-music-events-paramedics?utm_source=vicefbca&utm_campaign=Canada',
          'caption' => 'thump.vice.com',
          'created_time' => '2017-01-12T08:01:02+0000',
          'name' => 'Toronto Electronic Music Events Could Be Subjected to Stricter Safety Measures',
          'id' => '167115176655082_1525234904176429',
          'message' => '"One death is too many."'
        };

Domain: vice.com

Glenn Beck
-----------------------------

The Other 98%
-----------------------------


Total Posts Made:	12


