***********************************************************************************
Started at 03:00:01 on 11/29/2016
***********************************************************************************
Querying souces from the past 15 minutes....

Al Jazeera
-----------------------------
$VAR1 = {
          'link' => 'http://aje.io/p8ra',
          'caption' => 'aljazeera.com',
          'created_time' => '2016-12-29T08:00:20+0000',
          'name' => 'Rodrigo Duterte: I once threw a man from a helicopter',
          'id' => '7382473689_10155032744698690',
          'message' => '"If you are corrupt, I will fetch you using a helicopter to Manila and I will throw you out. I have done this before, why would I not do it again?" http://aje.io/p8ra'
        };

Domain: aljazeera.com
Response:
{"id":"1622501708043673_1637755386518305"}

Upworthy
-----------------------------

The Huffington Post
-----------------------------

HuffPost Women
-----------------------------

PBS News Hour
-----------------------------

ATTN:
-----------------------------

Reuters
-----------------------------

NowThis
-----------------------------

Daily Caller
-----------------------------

CNBC
-----------------------------
$VAR1 = {
          'link' => 'http://cnb.cx/2int42S',
          'caption' => 'cnbc.com',
          'created_time' => '2016-12-29T07:52:37+0000',
          'name' => 'How to cut back on your spending like Warren Buffett',
          'id' => '97212224368_10155048138494369',
          'message' => 'We could all learn from this.'
        };

Domain: cnbc.com

The Onion
-----------------------------

Opposing Views
-----------------------------

the Today Show
-----------------------------

Kotaku
-----------------------------

Washington Post
-----------------------------

the American Center for Law and Justice
-----------------------------

VICE News
-----------------------------

PBS
-----------------------------

Mother Jones
-----------------------------

HuffPost Good News
-----------------------------

BBC News
-----------------------------
$VAR1 = {
          'link' => 'http://bbc.in/2iHqc4e',
          'caption' => 'bbc.co.uk',
          'created_time' => '2016-12-29T07:57:13+0000',
          'name' => 'US actress Debbie Reynolds dies, a day after daughter Carrie Fisher',
          'id' => '228735667216_10154256731072217',
          'message' => 'A look back at the life and career of Debbie Reynolds. 

#RIPdebbiereynolds
#RIPcarriefisher'
        };

Domain: bbc.co.uk
Response:
{"id":"1622501708043673_1637756949851482"}

Breaking News
-----------------------------

The Verge
-----------------------------

New York Magazine
-----------------------------
$VAR1 = {
          'link' => 'http://nym.ag/2hQSVQO',
          'caption' => 'nymag.com',
          'created_time' => '2016-12-29T07:47:08+0000',
          'name' => "When Trump\x{2019}s America Doesn\x{2019}t Feel Like Home Anymore",
          'id' => '14516439825_10154904535294826',
          'message' => "\x{201c}I can\x{2019}t really describe the feeling, but it just felt like my identity had been taken out from under me \x{2014} like this really steady rug of the values that I held and what I considered to be important as an American, as a Michigander, was just completely swept out from under my feet.\x{201d}"
        };

Domain: nymag.com

TIME
-----------------------------

the Business Insider
-----------------------------

ThinkProgress
-----------------------------

POLITICO
-----------------------------

USA TODAY
-----------------------------
$VAR1 = {
          'link' => 'http://www.usatoday.com/story/news/nation-now/2016/12/28/last-defendant-fatal-indianapolis-house-explosion-gets-3-years/95935958/',
          'caption' => 'usatoday.com',
          'created_time' => '2016-12-29T08:00:00+0000',
          'name' => 'Last defendant in fatal Indianapolis house explosion gets 3 years',
          'id' => '13652355666_10154222463960667',
          'message' => 'Glenn Hults, 50, will serve 1 1/2 years in either prison or jail and six months in a work release program over his role in the 2012 explosion.'
        };

Domain: usatoday.com
Response:
{"id":"1622501708043673_1637757246518119"}

American News
-----------------------------
$VAR1 = {
          'link' => 'http://americannews.com/obama-thought-get-term/',
          'caption' => 'americannews.com',
          'created_time' => '2016-12-29T08:00:00+0000',
          'name' => 'Obama Thought He Could Get This Through Before His Term Was Up',
          'id' => '179035672287016_905290449661531',
          'message' => 'Obama worst nightmare just leaked, and he will never recover.
He\'s been hiding this for years.
Do you think is a liar?'
        };

Domain: americannews.com

ABC News
-----------------------------
$VAR1 = {
          'link' => 'http://abcn.ws/2hu5rHr',
          'caption' => 'abcnews.go.com',
          'created_time' => '2016-12-29T07:59:25+0000',
          'name' => 'Brother of JonBenet Ramsey Sues CBS for $750M Over Series',
          'id' => '86680728811_10155197473643812',
          'message' => 'The older brother of JonBenet Ramsey is suing CBS and others for $750 million over a series that insinuated he killed his sister.'
        };

Domain: go.com
Response:
{"id":"1622501708043673_1637757849851392"}

HuffPost Politics
-----------------------------

NBC News
-----------------------------

AJ+
-----------------------------

Wikileaks
-----------------------------

CNNMoney
-----------------------------

ABC News Politics
-----------------------------

Right Wing News
-----------------------------

The Wall Street Journal
-----------------------------

MSNBC
-----------------------------

the Drudge Report
-----------------------------

Mic
-----------------------------

The Economist
-----------------------------

Bloomberg Politics
-----------------------------

CBS News
-----------------------------

The Young Turks
-----------------------------

Occupy Democrats
-----------------------------

CBC News
-----------------------------
$VAR1 = {
          'link' => 'http://www.cbc.ca/news/canada/edmonton/christmas-miracle-as-plane-makes-emergency-landing-at-fort-mcmurray-airport-1.3914327',
          'caption' => 'cbc.ca',
          'created_time' => '2016-12-29T08:00:00+0000',
          'name' => 'No serious injuries in emergency landing near Fort McMurray airport',
          'id' => '5823419603_10154994816414604',
          'message' => 'The four people on board escaped without serious injuries.'
        };

Newsweek
-----------------------------

CNN International
-----------------------------

The New Yorker
-----------------------------
$VAR1 = {
          'link' => 'http://nyer.cm/UH6h8aL',
          'caption' => 'newyorker.com',
          'created_time' => '2016-12-29T08:00:22+0000',
          'name' => "The Old West\x{2019}s Muslim Tamale King",
          'id' => '9258148868_10154331366878869',
          'message' => "Zarif Khan, a.k.a. Hot Tamale Louie, was a Wyoming fast-food legend. He was granted U.S. citizenship in 1925, only to have it revoked a year later\x{2014}because he wasn't white."
        };

Domain: newyorker.com
Response:
{"id":"1622501708043673_1637758433184667"}

Rush Limbaugh
-----------------------------

The Independent
-----------------------------
$VAR1 = {
          'link' => 'http://www.independent.co.uk/news/people/barack-obama-donald-trump-most-admired-man-2016-gallup-a7499266.html?cmpid=facebook-post',
          'caption' => 'independent.co.uk',
          'created_time' => '2016-12-29T07:59:39+0000',
          'name' => 'Barack Obama named the \'most admired man of 2016\'',
          'id' => '13312631635_10154336962351636',
          'message' => 'Beating Donald Trump'
        };

Domain: independent.co.uk

TheBlaze
-----------------------------

NPR Politics
-----------------------------

The New York Times
-----------------------------

NPR
-----------------------------

MSN
-----------------------------
$VAR1 = {
          'link' => 'http://msn.com/en-us/entertainment/celebrity/kylie-jenner-pic-sparks-photoshop-backlash-plus-more-news/ss-BBxFaqy?ocid=ob-fb-enus-280',
          'caption' => 'msn.com',
          'created_time' => '2016-12-29T07:55:25+0000',
          'name' => 'Kylie Jenner pic sparks Photoshop backlash, plus more news',
          'id' => '49940376408_10154172567946409'
        };

Domain: msn.com

CNN Politics
-----------------------------
$VAR1 = {
          'link' => 'http://cnn.it/2hP7cwO',
          'caption' => 'www.cnn.com',
          'created_time' => '2016-12-29T07:58:01+0000',
          'name' => 'David Axelrod: There \'absolutely\' will be another black president after Obama',
          'id' => '219367258105115_1420270718014757',
          'message' => "\"You see a country that's becoming more diverse, so I think you'll see candidates emerge \x{2014} blacks, Hispanics, women who will compete for the presidency, and some will win,\" says David Axelrod, former senior adviser to President Obama."
        };

Domain: cnn.com
Response:
{"id":"1622501708043673_1637758866517957"}

The Daily Show
-----------------------------

Daily Kos
-----------------------------

Yahoo News
-----------------------------

The Guardian
-----------------------------
$VAR1 = {
          'link' => 'https://www.theguardian.com/politics/2016/dec/27/balls-to-blair-2016-year-unpopular-politician-comebacks?CMP=fb_gu',
          'caption' => 'theguardian.com',
          'created_time' => '2016-12-29T08:00:01+0000',
          'name' => "Balls to Blair: top 10 unpopular politicians\x{2019} comebacks of 2016",
          'id' => '10513336322_10154893365101323',
          'message' => "'No. 7 Nigel Farage \x{2013} Not so much a comeback as the politician who refuses to go away.'"
        };

Domain: theguardian.com
Response:
{"id":"1622501708043673_1637760033184507"}

CNN
-----------------------------

Slate.com
-----------------------------

the AP
-----------------------------
$VAR1 = {
          'link' => 'https://apnews.com/3cf8d5f346f442ffad19d505641f099a',
          'caption' => 'apnews.com',
          'created_time' => '2016-12-29T07:56:20+0000',
          'name' => 'Rain, cold cause misery for Iraq\'s displaced',
          'id' => '249655421622_10154190569501623',
          'message' => '"Rain is our chief enemy. There is no solution except for the sun to shine on us again."'
        };

Domain: apnews.com

Sean Hannity
-----------------------------

The Ed Schultz Show
-----------------------------

The Atlantic
-----------------------------

Bloomberg
-----------------------------

BuzzFeed
-----------------------------

Fox News
-----------------------------
$VAR1 = {
          'link' => 'http://www.foxnews.com/entertainment/2016/12/28/steve-martin-deletes-twitter-tribute-to-carrie-fisher-after-backlash.html',
          'caption' => 'foxnews.com',
          'created_time' => '2016-12-29T08:00:00+0000',
          'name' => 'Steve Martin Deletes Twitter Tribute to Carrie Fisher After Backlash',
          'id' => '15704546335_10154943109151336',
          'message' => "Steve Martin began the tweet by saying, \x{201c}When I was a young man, Carrie Fisher was the most beautiful creature I had ever seen.\x{201d}"
        };

Domain: foxnews.com
Response:
{"id":"1622501708043673_1637761383184372"}

VICE
-----------------------------

Glenn Beck
-----------------------------

The Other 98%
-----------------------------


Total Posts Made:	8


