***********************************************************************************
Started at 12:15:01 on 11/08/2016
***********************************************************************************
Querying souces from the past 15 minutes....

Al Jazeera
-----------------------------

Upworthy
-----------------------------

The Huffington Post
-----------------------------
$VAR1 = {
          'link' => 'https://www.facebook.com/HuffPostPolitics/videos/10154579597537911/',
          'created_time' => '2016-12-08T17:07:05+0000',
          'name' => 'HuffPost Politics',
          'id' => '18468761129_10154485026996130'
        };
$VAR1 = {
          'link' => 'http://huff.to/2gFNYZY',
          'caption' => 'huffingtonpost.com',
          'created_time' => '2016-12-08T17:00:31+0000',
          'name' => 'Giraffes Face \'Silent Extinction\' As Worldwide Population Plunges',
          'id' => '18468761129_10154485002336130',
          'message' => 'Illegal hunting and an expansion of farmland in Africa is plunging giraffe numbers.'
        };

Domain: huffingtonpost.com
Response:
{"id":"1622501708043673_1630031400624037"}

HuffPost Women
-----------------------------

PBS News Hour
-----------------------------
$VAR1 = {
          'link' => 'https://www.facebook.com/newshour/videos/10154841043038675/',
          'created_time' => '2016-12-08T17:14:36+0000',
          'id' => '6491828674_10154841043038675',
          'message' => "LIVE NOW: What do Donald Trump\x{2019}s latest picks for Defense, EPA, Homeland Security, Small Business Administration and Ambassador to China predict about how we will govern the nation? Lisa Desjardins and Daniel Bush from the NewsHour Politics Team are taking YOUR questions and discussing the president-elect\x{2019}s latest Cabinet nominees. 

Leave your question in the comments below."
        };

ATTN:
-----------------------------
$VAR1 = {
          'link' => 'http://www.attn.com/stories/13390/us-life-expectancy-takes-a-surprising-drop?utm_source=facebook&utm_medium=post&utm_campaign=internal',
          'caption' => 'attn.com',
          'created_time' => '2016-12-08T17:09:14+0000',
          'name' => 'There\'s a Startling New Change in Life Expectancy for the First Time in Decades',
          'id' => '160389977329803_1215284411840349',
          'message' => '"This is a big deal."'
        };

Domain: attn.com

Reuters
-----------------------------
$VAR1 = {
          'link' => 'https://www.facebook.com/rick.horrow/videos/1194317897329050/',
          'created_time' => '2016-12-08T17:07:11+0000',
          'name' => 'Rick Horrow',
          'id' => '114050161948682_1314495421904144',
          'message' => 'We are #FacebookLive from Pop Warner Super Bowl where over 10,000 football players and cheerleaders participate in the annual competition at Disney.  Contributor Rick Horrow, CEO of Horrow Sports, is #FacebookLive with  Executive Director/COO of Pop Warner Jon Butler discussing challenges on concussions, reduction of interest and insurance issues.'
        };

NowThis
-----------------------------
$VAR1 = {
          'link' => 'https://www.facebook.com/NowThisHer/videos/934418096689066/',
          'created_time' => '2016-12-08T17:01:23+0000',
          'name' => 'NowThis Her',
          'id' => '341163402640457_1257152864374835',
          'message' => 'Devastating...'
        };

Daily Caller
-----------------------------
$VAR1 = {
          'link' => 'http://trib.al/xPzgmwf',
          'caption' => 'dailycaller.com',
          'created_time' => '2016-12-08T17:04:57+0000',
          'name' => "Exclusive: \x{2018}Faithless Elector\x{2019} Reveals The Moment He Changed His Mind",
          'id' => '182919686769_10154023002376770',
          'message' => 'This elector just revealed why he\'s not voting for Donald Trump -- and it involves Mike Pence'
        };

Domain: dailycaller.com

CNBC
-----------------------------

The Onion
-----------------------------

Opposing Views
-----------------------------
$VAR1 = {
          'link' => 'http://www.americanow.com/story/health/2016/12/08/woman-paralyzed-after-waking-sore-neck',
          'caption' => 'americanow.com',
          'created_time' => '2016-12-08T17:05:00+0000',
          'name' => '21-Year-Old Girl Left Paralysed After Waking Up With A Simple Neck Ache',
          'id' => '34226391050_10154316999581051',
          'message' => 'This young woman woke up with a sore neck. A couple minutes later her legs were numb, then a few hours later she was completely paralyzed. Doctors were completely stumped as to what could have possibly happened. Well, they now know.'
        };

Domain: americanow.com

the Today Show
-----------------------------
$VAR1 = {
          'link' => 'http://on.today.com/2h9GEJh',
          'caption' => 'today.com',
          'created_time' => '2016-12-08T17:08:28+0000',
          'name' => '\'Elf on the Shelf\' turns 11: The secret history of Santa\'s little scout',
          'id' => '12566691349_10154804561021350',
          'message' => "It\x{2019}s time to celebrate Elf on the Shelf\x{2019}s birthday!"
        };

Domain: today.com

Kotaku
-----------------------------
$VAR1 = {
          'link' => 'http://trib.al/GI7DVjj',
          'caption' => 'kotaku.com',
          'created_time' => '2016-12-08T17:02:51+0000',
          'name' => 'Patches We\'d Like To See In Old Final Fantasy Games',
          'id' => '273824104039_10154896810639040',
          'message' => 'Final Fantasy XV is getting new cutscenes. What should other Final Fantasy games get?'
        };

Domain: kotaku.com

Washington Post
-----------------------------

the American Center for Law and Justice
-----------------------------

VICE News
-----------------------------
$VAR1 = {
          'link' => 'https://news.vice.com/story/parisians-are-getting-free-public-transport-to-combat-the-citys-dangerous-smog?utm_source=vicenewsfb',
          'caption' => 'news.vice.com',
          'created_time' => '2016-12-08T17:05:02+0000',
          'name' => "Parisians are getting free public transport to combat the city\x{2019}s dangerous smog",
          'id' => '235852889908002_701895619970391',
          'message' => 'Paris is in the grip of its worst pollution crisis in a decade.'
        };

Domain: vice.com

PBS
-----------------------------

Mother Jones
-----------------------------
$VAR1 = {
          'link' => 'http://www.motherjones.com/politics/2016/12/donald-trump-nuclear-war-weapons-inevitable',
          'caption' => 'motherjones.com',
          'created_time' => '2016-12-08T17:14:42+0000',
          'name' => 'Does Donald Trump believe nuclear war is inevitable?',
          'id' => '7642602143_10154294844617144',
          'message' => 'This is terrifying.'
        };

Domain: motherjones.com
Response:
{"id":"1622501708043673_1630031657290678"}

HuffPost Good News
-----------------------------

BBC News
-----------------------------
$VAR1 = {
          'link' => 'http://bbc.in/2geQdHn',
          'caption' => 'bbc.co.uk',
          'created_time' => '2016-12-08T17:12:11+0000',
          'name' => 'Giraffes facing \'silent extinction\' as population plunges',
          'id' => '228735667216_10154181136742217',
          'message' => 'Habitat loss, poaching and civil unrest in many parts of Africa are having an impact on the world\'s tallest land mammal.'
        };

Domain: bbc.co.uk
Response:
{"id":"1622501708043673_1630032757290568"}

Breaking News
-----------------------------

The Verge
-----------------------------
$VAR1 = {
          'link' => 'http://www.theverge.com/2016/12/8/13883650/google-daydream-vr-app-launch-hbo-legos-netflix-need-for-speed',
          'caption' => 'theverge.com',
          'created_time' => '2016-12-08T17:10:02+0000',
          'name' => 'Google Daydream VR adds HBO, virtual Legos, and more games',
          'id' => '193742123995472_1276153342421006',
          'message' => 'Getting closer to the 50 Daydream apps it promised by the end of the year.'
        };

Domain: theverge.com

New York Magazine
-----------------------------
$VAR1 = {
          'link' => 'http://nym.ag/2hkBC9l',
          'caption' => 'nymag.com',
          'created_time' => '2016-12-08T17:10:28+0000',
          'name' => "Lenny Pozner Believed in Conspiracy Theories. Until His Son\x{2019}s Death Became One.",
          'id' => '14516439825_10154824741249826',
          'message' => 'When his son\'s death at Sandy Hook became a conspiracy theory, Lenny Pozner fought back against the hoaxers.'
        };

Domain: nymag.com

TIME
-----------------------------
$VAR1 = {
          'link' => 'http://ti.me/2h9Kmmc',
          'caption' => 'time.com',
          'created_time' => '2016-12-08T17:00:11+0000',
          'name' => 'Michael Moore Begs Donald Trump To Attend Security Briefings',
          'id' => '10606591490_10154235312151491',
          'message' => 'Michael Moore compared Donald J. Trump to a pre-9/11 George W. Bush.'
        };

Domain: time.com

the Business Insider
-----------------------------
$VAR1 = {
          'link' => 'http://read.bi/2gg9dW0',
          'caption' => 'businessinsider.com',
          'created_time' => '2016-12-08T17:15:23+0000',
          'name' => 'Take a look inside the most expensive home in America at $200 million',
          'id' => '20446254070_10154162078624071',
          'message' => 'The previous owner couldn\'t even remember how many bathrooms there were.'
        };

Domain: businessinsider.com
$VAR1 = {
          'link' => 'http://www.businessinsider.com/top-selling-movies-of-2016-on-itunes-2016-12',
          'caption' => 'businessinsider.com',
          'created_time' => '2016-12-08T17:11:36+0000',
          'name' => 'The 10 top-selling movies of the year on iTunes',
          'id' => '20446254070_10154161693364071',
          'message' => '\'Deadpool Movie,\' \'Finding Dory\' and \'The Martian\' all made a splash.'
        };

Domain: businessinsider.com

ThinkProgress
-----------------------------

POLITICO
-----------------------------
$VAR1 = {
          'link' => 'http://politi.co/2gg6MCA',
          'caption' => 'politi.co',
          'created_time' => '2016-12-08T17:15:09+0000',
          'name' => 'AFL-CIO endorses Ellison for DNC chair',
          'id' => '62317591679_10154068964571680',
          'message' => "\"Representative Ellison meets the high standard working people expect from leaders of our political parties,\x{201d} AFL-CIO President Richard Trumka said in a statement."
        };

Domain: politi.co

Alias: politico.com
Response:
{"id":"1622501708043673_1630032900623887"}

USA TODAY
-----------------------------
$VAR1 = {
          'link' => 'http://www.usatoday.com/story/news/world/2016/12/08/almost-47-years-after-girls-abduction-big-break/95135638/',
          'caption' => 'usatoday.com',
          'created_time' => '2016-12-08T17:15:00+0000',
          'name' => 'Almost 47 years after girl\'s abduction, a big break',
          'id' => '13652355666_10154131111130667',
          'message' => 'Cheryl Grimmer\'s family had recently moved to Australia when police believe the 3-year-old was abducted.'
        };

Domain: usatoday.com
Response:
{"id":"1622501708043673_1630033073957203"}
$VAR1 = {
          'link' => 'http://usat.ly/2geOXPH',
          'caption' => 'usatoday.com',
          'created_time' => '2016-12-08T17:00:58+0000',
          'name' => 'Rolling Stones Mick Jagger celebrates birth of 8th child',
          'id' => '13652355666_10154131554225667',
          'message' => 'The rock legend has welcomed the birth of his eighth child.'
        };

Domain: usatoday.com
Response:
{"id":"1622501708043673_1630033153957195"}

American News
-----------------------------

ABC News
-----------------------------
$VAR1 = {
          'link' => 'https://www.facebook.com/ABCNews/videos/10155106707718812/',
          'created_time' => '2016-12-08T17:01:06+0000',
          'name' => 'Aerial Footage Shows Earthquake Devastation in Indonesia',
          'id' => '86680728811_10155106707718812',
          'message' => 'Aerial footage shows the devastation caused by a 6.5-magnitude earthquake in Indonesia that killed over 100 people. http://abcn.ws/2hjYjyr'
        };

HuffPost Politics
-----------------------------
$VAR1 = {
          'link' => 'http://huff.to/2h9XkR7',
          'caption' => 'm.huffpost.com',
          'created_time' => '2016-12-08T17:12:56+0000',
          'name' => 'Donald Trump Chooses Fast-Food CEO To Be His Labor Secretary',
          'id' => '56845382910_10154579657262911',
          'message' => 'Andrew Pudzer has made clear he doesn\'t want to see the federal minimum wage go up.'
        };

Domain: huffpost.com
$VAR1 = {
          'link' => 'https://www.facebook.com/HuffPostPolitics/videos/10154579597537911/',
          'created_time' => '2016-12-08T17:02:56+0000',
          'id' => '56845382910_10154579597537911',
          'message' => 'House Speaker Paul Ryan holds his final press conference of the year.'
        };

NBC News
-----------------------------
$VAR1 = {
          'link' => 'http://nbcnews.to/2h9QQ4J',
          'caption' => 'nbcnews.com',
          'created_time' => '2016-12-08T17:13:35+0000',
          'name' => 'E-Cigarettes are a dangerous health threat to kids, surgeon general warns',
          'id' => '155869377766434_1605121039507920',
          'message' => 'The president of the American Academy of Pediatrics called e-cigs "a major public health concern."'
        };

Domain: nbcnews.com
Response:
{"id":"1622501708043673_1630033223957188"}

AJ+
-----------------------------
$VAR1 = {
          'link' => 'https://www.facebook.com/ajplusenglish/videos/855199717954870/',
          'created_time' => '2016-12-08T17:06:49+0000',
          'id' => '407570359384477_855199717954870',
          'message' => "Donald Trump's pick for the Environmental Protection Agency doesn't believe in man-made climate change. \x{1f631}"
        };

Wikileaks
-----------------------------

CNNMoney
-----------------------------
$VAR1 = {
          'link' => 'http://cnnmon.ie/2hoFBBF',
          'caption' => 'money.cnn.com',
          'created_time' => '2016-12-08T17:15:01+0000',
          'name' => 'Sears and Kmart store closings and losses mount',
          'id' => '6651543066_10154162459558067',
          'message' => 'Store closings pick up at Sears, Kmart as it reports mounting losses and plunging sales. http://cnnmon.ie/2hoFBBF'
        };

Domain: cnn.com
Response:
{"id":"1622501708043673_1630033313957179"}
$VAR1 = {
          'link' => 'http://cnnmon.ie/2hoM2oE',
          'created_time' => '2016-12-08T17:01:02+0000',
          'name' => 'CNNTech',
          'id' => '6651543066_10154162403143067'
        };

ABC News Politics
-----------------------------

Right Wing News
-----------------------------
$VAR1 = {
          'link' => 'http://rightwingnews.com/military/u-s-military-now-offering-safe-space-training-millennials/',
          'caption' => 'rightwingnews.com',
          'created_time' => '2016-12-08T17:00:44+0000',
          'name' => 'U.S. Military Now Offering \'Safe Space\' Training For Millennials',
          'id' => '389658314427637_1630064097053713',
          'message' => 'Oh hell no...'
        };

Domain: rightwingnews.com

The Wall Street Journal
-----------------------------
$VAR1 = {
          'link' => 'http://on.wsj.com/2gG0xUN',
          'caption' => 'wsj.com',
          'created_time' => '2016-12-08T17:00:50+0000',
          'name' => 'Disney Needed a Brainless Rooster, So It Called Alan Tudyk',
          'id' => '8304333127_10155067033388128',
          'message' => 'To play Heihei in the animated Disney film Moana, voice-over maestro Alan Tudyk spent hours perfecting dim-witted clucks and bawks.'
        };

Domain: wsj.com
Response:
{"id":"1622501708043673_1630033403957170"}

MSNBC
-----------------------------
$VAR1 = {
          'link' => 'http://on.msnbc.com/2gFAbmd',
          'caption' => 'msnbc.com',
          'created_time' => '2016-12-08T17:00:34+0000',
          'name' => 'Ohio legislature passes strictest abortion law in nation',
          'id' => '273864989376427_1383323915097190',
          'message' => 'The law would ban abortions in Ohio before most women even know they\'re pregnant.'
        };

Domain: msnbc.com
Response:
{"id":"1622501708043673_1630033467290497"}

the Drudge Report
-----------------------------

Mic
-----------------------------
$VAR1 = {
          'link' => 'https://mic.com/articles/161614/seth-meyers-has-a-poignant-message-for-the-media-on-the-alt-right-call-them-nazis?utm_source=policymicFB&utm_medium=main&utm_campaign=social',
          'caption' => 'mic.com',
          'created_time' => '2016-12-08T17:05:51+0000',
          'name' => 'Seth Meyers just schooled the media on why we need to stop calling Nazis the "alt-right"',
          'id' => '174742062548592_1316979411658179',
          'message' => "If it looks like a Nazi, talks like a Nazi, and salutes like a Nazi \x{2014} it's a Nazi."
        };

Domain: mic.com

The Economist
-----------------------------

Bloomberg Politics
-----------------------------

CBS News
-----------------------------
$VAR1 = {
          'link' => 'http://cbsn.ws/2hkc14B',
          'caption' => 'www.cbsnews.com',
          'created_time' => '2016-12-08T17:10:02+0000',
          'name' => 'Kid Rock sells pro-Trump t-shirts due to "overwhelming demand"',
          'id' => '131459315949_10154144676395950',
          'message' => "The Detroit-based singer is seling pro-red state \x{201c}current event merch\x{201d} thanks to \x{201c}overwhelming demand,\x{201d} according to a tweet he wrote."
        };

Domain: cbsnews.com
Response:
{"id":"1622501708043673_1630033643957146"}

The Young Turks
-----------------------------

Occupy Democrats
-----------------------------

CBC News
-----------------------------
$VAR1 = {
          'link' => 'http://www.cbc.ca/news/world/mexicans-fear-they-ll-pay-for-trump-s-wall-one-way-or-another-1.3882226',
          'caption' => 'cbc.ca',
          'created_time' => '2016-12-08T17:01:52+0000',
          'name' => 'Mexicans fear they\'ll pay for Trump\'s wall \'one way or another\'',
          'id' => '5823419603_10154913539764604',
          'message' => "\"We don't want to live in these wooden shacks forever. We'd like to live with more dignity.\" \x{2014} Jorge Montero, Tijuana factory worker."
        };

Newsweek
-----------------------------

CNN International
-----------------------------

The New Yorker
-----------------------------
$VAR1 = {
          'link' => 'http://nyer.cm/g5i0hhC',
          'caption' => 'newyorker.com',
          'created_time' => '2016-12-08T17:10:08+0000',
          'name' => 'Nation Apparently Believed in Science at Some Point',
          'id' => '9258148868_10154258567043869',
          'message' => 'A Borowitz Report from the archive: Historians studying archival photographs from four decades ago have reached a shocking conclusion.'
        };

Domain: newyorker.com
Response:
{"id":"1622501708043673_1630034107290433"}
$VAR1 = {
          'link' => 'http://nyer.cm/rcqR9OP',
          'caption' => 'newyorker.com',
          'created_time' => '2016-12-08T17:00:50+0000',
          'name' => 'Why Scientists Are Scared of Trump: A Pocket Guide',
          'id' => '9258148868_10154258530243869',
          'message' => "Scott Pruitt, who is reportedly Donald J. Trump\x{2019}s nominee to head the E.P.A., is an outspoken critic of the agency that he would lead, though his criticisms have little basis in fact."
        };

Domain: newyorker.com
Response:
{"id":"1622501708043673_1630034620623715"}

Rush Limbaugh
-----------------------------

The Independent
-----------------------------

TheBlaze
-----------------------------

NPR Politics
-----------------------------
$VAR1 = {
          'link' => 'http://www.npr.org/sections/thetwo-way/2016/12/08/504816164/history-making-somali-american-legislator-reports-hateful-taunts-in-d-c',
          'caption' => 'npr.org',
          'created_time' => '2016-12-08T17:10:00+0000',
          'name' => 'History-Making Somali-American Legislator Reports \'Hateful\' Taunts In D.C.',
          'id' => '1604383669807606_1827065110872793',
          'message' => 'Ilhan Omar, who won a seat in Minnesota\'s House, is the first Somali-American lawmaker in the country.'
        };

Domain: npr.org
Response:
{"id":"1622501708043673_1630034730623704"}

The New York Times
-----------------------------

NPR
-----------------------------
$VAR1 = {
          'link' => 'https://www.facebook.com/NPR/videos/10155046897591756/',
          'created_time' => '2016-12-08T17:09:54+0000',
          'id' => '10643211755_10155046897591756',
          'message' => "Star presence and how it\x{2019}s used to sell movies that are essentially FX-fests. We take a look at The Mummy and Transformers on Trailer Park with NPR's Bob Mondello and Andrew Limbong."
        };

MSN
-----------------------------

CNN Politics
-----------------------------
$VAR1 = {
          'link' => 'https://www.facebook.com/cnnpolitics/videos/1386059651435864/',
          'created_time' => '2016-12-08T17:02:59+0000',
          'id' => '219367258105115_1386059651435864',
          'message' => 'We\'re on Capitol Hill, where House Speaker Paul Ryan is giving his weekly press conference ahead of holiday recess.'
        };
$VAR1 = {
          'link' => 'http://cnn.it/2h0v5DN',
          'caption' => 'www.cnn.com',
          'created_time' => '2016-12-08T17:02:01+0000',
          'name' => 'Leonardo DiCaprio, Trump talk climate change',
          'id' => '219367258105115_1386072561434573',
          'message' => 'Despite meeting with Leonardo DiCaprio and another famous environmentalist, Al Gore, Donald J. Trump has sent mixed signals about how seriously he will take the threat of climate change.'
        };

Domain: cnn.com
Response:
{"id":"1622501708043673_1630034910623686"}

The Daily Show
-----------------------------

Daily Kos
-----------------------------
$VAR1 = {
          'link' => 'http://www.dailykos.com/story/2016/12/08/1608582/--and-this-is-BEFORE-he-s-sworn-into-office?detail=facebook',
          'caption' => 'dailykos.com',
          'created_time' => '2016-12-08T17:10:10+0000',
          'name' => '...and this is BEFORE he\'s sworn into office.',
          'id' => '43179984254_10154934075299255',
          'message' => 'So disturbing.

By Daily Kos user Brainwrap'
        };

Domain: dailykos.com
Response:
{"id":"1622501708043673_1630035043957006"}

Yahoo News
-----------------------------
$VAR1 = {
          'link' => 'https://yhoo.it/2gFUUGi',
          'caption' => 'yahoo.com',
          'created_time' => '2016-12-08T17:00:21+0000',
          'name' => '2 killed in 30-vehicle pileup on snowy, icy Michigan interstate',
          'id' => '338028696036_10154956640591037',
          'message' => 'Michigan State Police are blaming slippery conditions.'
        };

Domain: yahoo.com
Response:
{"id":"1622501708043673_1630035253956985"}

The Guardian
-----------------------------

CNN
-----------------------------
$VAR1 = {
          'link' => 'http://cnn.it/2h0l4GO',
          'caption' => 'www.cnn.com',
          'created_time' => '2016-12-08T17:10:01+0000',
          'name' => 'Everyone wants to rule the world, but in 2016 only Chewbacca mom did',
          'id' => '5550296508_10155717388516509',
          'message' => 'Here\'s what we watched on Facebook in 2016, including, yes, Chewbacca Mom'
        };

Domain: cnn.com
Response:
{"id":"1622501708043673_1630035327290311"}

Slate.com
-----------------------------
$VAR1 = {
          'link' => 'http://slate.me/2gG3uot',
          'caption' => 'slate.com',
          'created_time' => '2016-12-08T17:15:14+0000',
          'name' => 'Trump Wants to Make a Fast Food CEO the Secretary of Labor',
          'id' => '21516776437_10154620695541438',
          'message' => 'And his attitudes toward workers are ... about what you\'d expect.'
        };

Domain: slate.com
Response:
{"id":"1622501708043673_1630035420623635"}

the AP
-----------------------------

Sean Hannity
-----------------------------
$VAR1 = {
          'link' => 'https://www.facebook.com/FoxNews/photos/a.184044921335.134777.15704546335/10154867023851336/?type=3',
          'created_time' => '2016-12-08T17:14:23+0000',
          'name' => 'Fox News',
          'id' => '69813760388_10158018914830389'
        };

The Ed Schultz Show
-----------------------------

The Atlantic
-----------------------------

Bloomberg
-----------------------------

BuzzFeed
-----------------------------

Fox News
-----------------------------
$VAR1 = {
          'link' => 'https://www.facebook.com/FoxNews/photos/a.184044921335.134777.15704546335/10154867023851336/?type=3',
          'created_time' => '2016-12-08T17:11:28+0000',
          'name' => 'Timeline Photos',
          'id' => '15704546335_10154867023851336',
          'message' => 'Breaking News: Minguell Kennedy Lembrick, who was wanted in a shooting that killed a police officer and wounded another in Americus, Ga., was found dead, police chief tells Fox 5.'
        };
$VAR1 = {
          'link' => 'https://www.facebook.com/FoxNews/photos/a.184044921335.134777.15704546335/10154866789451336/?type=3',
          'created_time' => '2016-12-08T17:01:32+0000',
          'name' => 'Timeline Photos',
          'id' => '15704546335_10154866789451336',
          'message' => 'This morning on "Fox & Friends," Milwaukee County Sheriff David Clarke said that every murder of a law enforcement officer should be classified as a capital crime punishable by death. http://bit.ly/2hoRK9V'
        };

VICE
-----------------------------

Glenn Beck
-----------------------------

The Other 98%
-----------------------------
$VAR1 = {
          'link' => 'http://usuncut.com/politics/renowned-holocaust-attorney-just-sued-fbi-interfering-election/',
          'caption' => 'usuncut.com',
          'created_time' => '2016-12-08T17:05:55+0000',
          'name' => 'A renowned Holocaust attorney just sued the FBI for interfering with the election',
          'id' => '114517875225866_1570194392991533',
          'message' => 'WHOA.'
        };

Domain: usuncut.com





