***********************************************************************************
Started at 14:15:02 on 11/14/2016
***********************************************************************************
Querying souces from the past 15 minutes....

Al Jazeera
-----------------------------

Upworthy
-----------------------------

The Huffington Post
-----------------------------
$VAR1 = {
          'link' => 'https://www.facebook.com/HuffPostQueerVoices/videos/1338250732900030/',
          'created_time' => '2016-12-14T19:03:12+0000',
          'name' => 'HuffPost Queer Voices',
          'id' => '18468761129_10154512271081130'
        };
$VAR1 = {
          'link' => 'http://huff.to/2hwQbYG',
          'caption' => 'huffingtonpost.com',
          'created_time' => '2016-12-14T19:00:37+0000',
          'name' => 'My Last Moments With My Daughter, Before She Was Killed At Sandy Hook 4 Years Ago',
          'id' => '18468761129_10154512266761130',
          'message' => '"As I look back though, I appreciate every little moment we spent together - every time we talked, laughed, disagreed, sang, played, cried and shared... Those memories are all I have now," writes contributor Jimmy Greene'
        };

Domain: huffingtonpost.com
Response:
{"id":"1622501708043673_1632574520369725"}

HuffPost Women
-----------------------------

PBS News Hour
-----------------------------
$VAR1 = {
          'link' => 'http://www.pbs.org/newshour/rundown/fake-news-bogus-tweets-raise-stakes-media-literacy/',
          'caption' => 'pbs.org',
          'created_time' => '2016-12-14T19:10:00+0000',
          'name' => 'Students have struggled with fake news for longer than you think',
          'id' => '6491828674_10154869737718675',
          'message' => "\x{201c}We worry that democracy is threatened by the ease at which disinformation about civic issues is allowed to spread and flourish.\x{201d} \x{2014} Stanford University researchers"
        };

Domain: pbs.org
Response:
{"id":"1622501708043673_1632574587036385"}

ATTN:
-----------------------------

Reuters
-----------------------------

NowThis
-----------------------------
$VAR1 = {
          'link' => 'https://www.facebook.com/NowThisNews/videos/1265375226885932/',
          'created_time' => '2016-12-14T19:15:01+0000',
          'name' => 'Duterte Admits to Searching for Suspected Criminals to Kill',
          'id' => '341163402640457_1265375226885932',
          'message' => 'The President of the Philippines said he used to personally patrol the streets looking for criminals to kill'
        };

Daily Caller
-----------------------------

CNBC
-----------------------------
$VAR1 = {
          'link' => 'http://cnb.cx/2hOi25B',
          'caption' => 'cnbc.com',
          'created_time' => '2016-12-14T19:03:55+0000',
          'name' => 'Fed raises rates for the second time in a decade',
          'id' => '97212224368_10154993762769369',
          'message' => 'JUST IN.'
        };

Domain: cnbc.com
$VAR1 = {
          'link' => 'https://www.facebook.com/cnbcnow/photos/a.1668866883376261.1073741828.1668859246710358/1793121987617416/?type=3',
          'created_time' => '2016-12-14T19:03:14+0000',
          'name' => 'CNBC Now',
          'id' => '97212224368_10154993758154369'
        };

The Onion
-----------------------------

Opposing Views
-----------------------------
$VAR1 = {
          'link' => 'https://www.opposingviews.com/i/social/hillary-duff-sparking-outrage-after-posting-picture-online',
          'caption' => 'opposingviews.com',
          'created_time' => '2016-12-14T19:02:32+0000',
          'name' => 'Hillary Duff\'s Photo Sparks Major Controversy; Is The Outrage Warranted? (Photos)',
          'id' => '34226391050_10154341485376051',
          'message' => 'Hillary Duff is sparking outrage after posting this picture online.'
        };

Domain: opposingviews.com

the Today Show
-----------------------------
$VAR1 = {
          'link' => 'https://www.facebook.com/today/videos/10154832455646350/',
          'created_time' => '2016-12-14T19:02:00+0000',
          'name' => 'Alan Thicke talks sitcom success and late night failure on TOD...',
          'id' => '12566691349_10154832455646350',
          'message' => "TODAY Flashback: Watch Alan Thicke talk to Bryant Gumbel in 1987 about finding success and happiness on \x{201c}Growing Pains.\x{201d} http://on.today.com/2htuDyD"
        };

Kotaku
-----------------------------
$VAR1 = {
          'link' => 'http://trib.al/4dXkUOd',
          'caption' => 'kotaku.com',
          'created_time' => '2016-12-14T19:08:02+0000',
          'name' => 'The Overwatch Fandom Is Horny For Widowmaker\'s New Highlight Animation',
          'id' => '273824104039_10154925458934040',
          'message' => 'Pwease steppy.'
        };

Domain: kotaku.com

Washington Post
-----------------------------

the American Center for Law and Justice
-----------------------------

VICE News
-----------------------------

PBS
-----------------------------

Mother Jones
-----------------------------
$VAR1 = {
          'link' => 'http://www.motherjones.com/kevin-drum/2016/12/how-did-trump-win-fbi-and-russians',
          'created_time' => '2016-12-14T19:03:40+0000',
          'name' => 'Kevin Drum',
          'id' => '7642602143_10154320122457144',
          'message' => 'Sorry, Donald.'
        };

HuffPost Good News
-----------------------------

BBC News
-----------------------------
$VAR1 = {
          'link' => 'http://bbc.in/2hm56aa',
          'caption' => 'bbc.co.uk',
          'created_time' => '2016-12-14T19:05:06+0000',
          'name' => 'California police shoot 73-year-old dementia sufferer',
          'id' => '228735667216_10154208783847217',
          'message' => 'California police killed the retiree after reports of an armed man, only to find he had a crucifix.'
        };

Domain: bbc.co.uk
Response:
{"id":"1622501708043673_1632574663703044"}

Breaking News
-----------------------------

The Verge
-----------------------------

New York Magazine
-----------------------------
$VAR1 = {
          'link' => 'http://nym.ag/2hu9J2d',
          'caption' => 'nymag.com',
          'created_time' => '2016-12-14T19:03:42+0000',
          'name' => 'Dems: GSA Says Trump Will Need to Fully Divest From His D.C. Hotel',
          'id' => '14516439825_10154854044739826',
          'message' => 'Should Donald J. Trump fail to divest from the hotel before assuming the Oval Office, he would be in violation of his lease.'
        };

Domain: nymag.com

TIME
-----------------------------
$VAR1 = {
          'link' => 'http://ti.me/2hNfnsM',
          'caption' => 'time.com',
          'created_time' => '2016-12-14T19:00:46+0000',
          'name' => 'The Top 10 Most \'Googled\' Songs of 2016',
          'id' => '10606591490_10154260770441491',
          'message' => 'These were the songs you couldn\'t get out of your head.'
        };

Domain: time.com

the Business Insider
-----------------------------
$VAR1 = {
          'link' => 'http://www.businessinsider.com/pepsico-ceo-joins-trumps-economic-advisory-team-2016-12',
          'caption' => 'businessinsider.com',
          'created_time' => '2016-12-14T19:10:00+0000',
          'name' => 'PepsiCo CEO joins Trump\'s team following his supporters\' threats to boycott',
          'id' => '20446254070_10154187950364071',
          'message' => 'Fake news caused Trump supporters to believe Pepsi\'s CEO didn\'t want their business.'
        };

Domain: businessinsider.com

ThinkProgress
-----------------------------
$VAR1 = {
          'link' => 'https://thinkprogress.org/twitter-and-its-users-arent-on-the-same-page-about-what-it-means-to-be-verified-1161332fca87#.uf6ta3ihf',
          'caption' => 'thinkprogress.org',
          'created_time' => '2016-12-14T19:13:38+0000',
          'name' => "Twitter and its users aren\x{2019}t on the same page about what it means to be verified",
          'id' => '200137333331078_1464332090244923',
          'message' => "\"Even though Twitter may not acknowledge it, being verified means that what those users share \x{2014} whatever their opinions may be \x{2014} is going to be weighted more by Twitter\x{2019}s algorithm and the public at large.\""
        };

Domain: thinkprogress.org
Response:
{"id":"1622501708043673_1632574723703038"}

POLITICO
-----------------------------
$VAR1 = {
          'link' => 'http://politi.co/2gLAu15',
          'caption' => 'politi.co',
          'created_time' => '2016-12-14T19:15:03+0000',
          'name' => 'GOP coalescing around tax cuts, gutting Obamacare for agenda',
          'id' => '62317591679_10154093797271680',
          'message' => 'Reince Priebus said that the GOP will make sure that "big changes, bold changes will happen quickly."'
        };

Domain: politi.co

Alias: politico.com
Response:
{"id":"1622501708043673_1632574833703027"}
$VAR1 = {
          'link' => 'http://politi.co/2gAYoca',
          'caption' => 'politi.co',
          'created_time' => '2016-12-14T19:00:29+0000',
          'name' => 'Democrats call on DeVos to pay $5 million in long-overdue elections fines',
          'id' => '62317591679_10154093769251680',
          'message' => 'The All Children Matter group headed by Betsy DeVos owes the state of Ohio more than $5.3 million for election law violations.'
        };

Domain: politi.co

Alias: politico.com
Response:
{"id":"1622501708043673_1632575207036323"}

USA TODAY
-----------------------------
$VAR1 = {
          'link' => 'http://www.usatoday.com/story/money/2016/12/14/finally-fed-hikes-rates-first-time-2016/95422818/',
          'created_time' => '2016-12-14T19:12:22+0000',
          'name' => 'USA TODAY Money and Tech',
          'id' => '13652355666_10154163406145667'
        };

American News
-----------------------------

ABC News
-----------------------------
$VAR1 = {
          'link' => 'http://abcn.ws/2hmpWX4',
          'caption' => 'abcnews.go.com',
          'created_time' => '2016-12-14T19:11:44+0000',
          'name' => 'Fed Raises Key Interest Rate for First Time in Year',
          'id' => '86680728811_10155139957798812',
          'message' => 'JUST IN: Fed raises interests rates by quarter point; signals additional increases will likely be made as economy improves.'
        };

Domain: go.com
Response:
{"id":"1622501708043673_1632575287036315"}

HuffPost Politics
-----------------------------
$VAR1 = {
          'link' => 'http://huff.to/2hrr3Fj',
          'caption' => 'huffingtonpost.com',
          'created_time' => '2016-12-14T19:00:16+0000',
          'name' => 'Bernie Sanders Shows A Trump Voter How They Actually See Eye To Eye',
          'id' => '56845382910_10154606304732911',
          'message' => 'Bernie Sanders pointed out that the very people this Donald J. Trump supporter voted for are trying to make the safety net program cuts she opposes.'
        };

Domain: huffingtonpost.com
Response:
{"id":"1622501708043673_1632575410369636"}

NBC News
-----------------------------

AJ+
-----------------------------

Wikileaks
-----------------------------

CNNMoney
-----------------------------
$VAR1 = {
          'link' => 'http://cnnmon.ie/2fO0ske',
          'caption' => 'money.cnn.com',
          'created_time' => '2016-12-14T19:05:01+0000',
          'name' => 'What innovative city is right for you?',
          'id' => '6651543066_10154188970148067',
          'message' => 'Whether you\'re the girl who bikes to work or the guy obsessed with micro apartments, we\'ve got you covered. http://cnnmon.ie/2fO0ske'
        };

Domain: cnn.com
Response:
{"id":"1622501708043673_1632575470369630"}

ABC News Politics
-----------------------------
$VAR1 = {
          'link' => 'http://abcn.ws/2gBwGfK',
          'caption' => 'abcnews.go.com',
          'created_time' => '2016-12-14T19:14:50+0000',
          'name' => 'Fed Raises Key Interest Rate for First Time in Year',
          'id' => '184096565021911_1125124027585822',
          'message' => 'JUST IN: Fed raises interests rates by quarter point; signals additional increases will likely be made as economy improves.'
        };

Domain: go.com
Response:
{"id":"1622501708043673_1632575547036289"}

Right Wing News
-----------------------------

The Wall Street Journal
-----------------------------
$VAR1 = {
          'link' => 'http://on.wsj.com/2hwuHL8',
          'caption' => 'wsj.com',
          'created_time' => '2016-12-14T19:06:30+0000',
          'name' => 'Fed Raises Rates for First Time in 2016, Anticipates 3 Increases in 2017',
          'id' => '8304333127_10155109660053128',
          'message' => 'Fed raises benchmark rate, signals plan to lift it faster than previously projected in the coming year.'
        };

Domain: wsj.com
Response:
{"id":"1622501708043673_1632575667036277"}
$VAR1 = {
          'link' => 'http://on.wsj.com/2gB1flL',
          'caption' => 'wsj.com',
          'created_time' => '2016-12-14T19:00:30+0000',
          'name' => "Trump Children\x{2019}s Expanded Roles Will Test Father\x{2019}s Heavy Hand",
          'id' => '8304333127_10155109628478128',
          'message' => "Donald Trump\x{2019}s heavy hand in his children\x{2019}s careers show it will be hard for him to stay away."
        };

Domain: wsj.com
Response:
{"id":"1622501708043673_1632575727036271"}

MSNBC
-----------------------------

the Drudge Report
-----------------------------

Mic
-----------------------------

The Economist
-----------------------------

Bloomberg Politics
-----------------------------

CBS News
-----------------------------
$VAR1 = {
          'link' => 'http://cbsn.ws/2hm7vS9',
          'caption' => 'www.cbsnews.com',
          'created_time' => '2016-12-14T19:10:02+0000',
          'name' => 'Trump to host roundtable with Silicon Valley\'s tech leaders',
          'id' => '131459315949_10154170898305950',
          'message' => 'President-elect Donald J. Trump is holding the meeting Wednesday afternoon at Trump Tower.'
        };

Domain: cbsnews.com
Response:
{"id":"1622501708043673_1632575803702930"}

The Young Turks
-----------------------------

Occupy Democrats
-----------------------------
$VAR1 = {
          'link' => 'http://occupydemocrats.com/2016/12/14/trump-just-blackmailed-republican-electors-weighing-voting/',
          'caption' => 'occupydemocrats.com',
          'created_time' => '2016-12-14T19:03:31+0000',
          'name' => 'Trump Just Blackmailed Republican Electors Weighing Voting Against Him',
          'id' => '346937065399354_1350620885030962',
          'message' => 'We can\'t let him get away this!'
        };

Domain: occupydemocrats.com

CBC News
-----------------------------

Newsweek
-----------------------------

CNN International
-----------------------------

The New Yorker
-----------------------------
$VAR1 = {
          'link' => 'https://www.facebook.com/newyorker/photos/a.430906773868.229225.9258148868/10154282959193869/?type=3',
          'created_time' => '2016-12-14T19:15:04+0000',
          'name' => 'Timeline Photos',
          'id' => '9258148868_10154282959193869',
          'message' => 'A cartoon by Tom Chitty.  See more cartoons with our randomizer: http://nyer.cm/e7roZ3B'
        };
$VAR1 = {
          'link' => 'http://nyer.cm/bYq63VM',
          'caption' => 'newyorker.com',
          'created_time' => '2016-12-14T19:00:56+0000',
          'name' => "Movie of the Week: \x{201c}Viktoria\x{201d}",
          'id' => '9258148868_10154282924138869',
          'message' => "The story of \x{201c}Viktoria\x{201d} is the story of emotional wounds that can never heal\x{2014}and their heritage in future generations."
        };

Domain: newyorker.com
Response:
{"id":"1622501708043673_1632575913702919"}

Rush Limbaugh
-----------------------------

The Independent
-----------------------------
$VAR1 = {
          'link' => 'http://www.independent.co.uk/news/world/americas/barack-obama-donald-trump-smart-us-intelligence-briefing-president-elect-a7473371.html?cmpid=facebook-post',
          'caption' => 'independent.co.uk',
          'created_time' => '2016-12-14T19:01:00+0000',
          'name' => 'Trump said he didn\'t need intelligence briefings because he was smart. Obama has responded',
          'id' => '13312631635_10154288540931636',
          'message' => 'Strong words'
        };

Domain: independent.co.uk

TheBlaze
-----------------------------
$VAR1 = {
          'link' => 'http://www.theblaze.com/news/2016/12/14/harry-reid-russian-hacking-as-big-a-deal-as-911/',
          'caption' => 'www.theblaze.com',
          'created_time' => '2016-12-14T19:10:02+0000',
          'name' => "Harry Reid: Russian hacking \x{2018}as big a deal as\x{2019} 9/11",
          'id' => '140738092630206_1300854133285257',
          'message' => 'At least he did not say it was as bad as Hitler.'
        };

Domain: theblaze.com
Response:
{"id":"1622501708043673_1632575987036245"}
$VAR1 = {
          'link' => 'https://www.facebook.com/theblaze/videos/1300786943291976/',
          'created_time' => '2016-12-14T19:08:46+0000',
          'name' => 'Riaz Patel, author of the most engaging post of 2016 on Glennb...',
          'id' => '140738092630206_1300786943291976',
          'message' => 'Riaz Patel, author of the most engaging post of 2016 on Glennbeck.com, sits down to talk about Alaska and Saudi Arabia.'
        };

NPR Politics
-----------------------------

The New York Times
-----------------------------

NPR
-----------------------------
$VAR1 = {
          'link' => 'http://www.npr.org/sections/monkeysee/2016/12/14/505532188/if-tv-has-it-alan-thicke-probably-did-it?utm_source=facebook.com&utm_medium=social&utm_campaign=npr&utm_term=nprnews&utm_content=2042',
          'caption' => 'npr.org',
          'created_time' => '2016-12-14T19:15:01+0000',
          'name' => 'If TV Has It, Alan Thicke Probably Did It',
          'id' => '10643211755_10155076586186756',
          'message' => 'Alan Thicke, who died Tuesday at 69, was more than just an \'80s TV dad. He was also an Emmy-nominated writer and contributed to some of the catchiest TV theme songs ever written.'
        };

Domain: npr.org
Response:
{"id":"1622501708043673_1632576063702904"}

MSN
-----------------------------

CNN Politics
-----------------------------
$VAR1 = {
          'link' => 'http://cnn.it/2gJx9Bu',
          'caption' => 'www.cnn.com',
          'created_time' => '2016-12-14T19:02:03+0000',
          'name' => 'Did Donald Trump need an apology from Mitt Romney?',
          'id' => '219367258105115_1395483910493438',
          'message' => 'As President-elect Donald J. Trump considered Mitt Romney for secretary of state, Trump wanted one thing Romney wouldn\'t give him: an apology.'
        };

Domain: cnn.com
Response:
{"id":"1622501708043673_1632576117036232"}

The Daily Show
-----------------------------

Daily Kos
-----------------------------

Yahoo News
-----------------------------
$VAR1 = {
          'link' => 'https://www.facebook.com/yahoofinance/videos/1344263682251212/',
          'created_time' => '2016-12-14T19:05:28+0000',
          'name' => 'Yahoo Finance',
          'id' => '338028696036_10154987642581037',
          'message' => 'WATCH LIVE: The Federal Reserve just raised rates for the first time this year.'
        };

The Guardian
-----------------------------

CNN
-----------------------------

Slate.com
-----------------------------
$VAR1 = {
          'link' => 'http://slate.me/2htXGCj',
          'caption' => 'slate.com',
          'created_time' => '2016-12-14T19:00:47+0000',
          'name' => 'Dems Say Agency Has Confirmed That D.C. Hotel Lease Corruption Clause Applies to Trump',
          'id' => '21516776437_10154653961636438',
          'message' => 'Resolving the matter could still take years.'
        };

Domain: slate.com
Response:
{"id":"1622501708043673_1632576177036226"}

the AP
-----------------------------

Sean Hannity
-----------------------------
$VAR1 = {
          'link' => 'https://www.facebook.com/SeanHannity/photos/a.10150746729155389.726790.69813760388/10158066415425389/?type=3',
          'created_time' => '2016-12-14T19:03:07+0000',
          'name' => 'Timeline Photos',
          'id' => '69813760388_10158066415425389'
        };

The Ed Schultz Show
-----------------------------

The Atlantic
-----------------------------
$VAR1 = {
          'link' => 'http://theatln.tc/2gKgYlN',
          'caption' => 'theatlantic.com',
          'created_time' => '2016-12-14T19:09:55+0000',
          'name' => 'Why Trump and the Tech Industry Are on a Collision Course',
          'id' => '29259828486_10154907851923487',
          'message' => "Trump\x{2019}s hostility to immigration, opposition to free trade, and resistance to replacing fossil fuels with renewable sources to combat climate change all clash directly with the constellation of technology industries that rely on importing talent from around the world, sell their products across the globe, and have invested heavily in developing clean-energy alternatives to oil, gas, and coal."
        };

Domain: theatlantic.com

Bloomberg
-----------------------------
$VAR1 = {
          'link' => 'https://www.facebook.com/bloombergbusiness/photos/a.10150488684091880.395550.266790296879/10154831792921880/?type=3',
          'created_time' => '2016-12-14T19:15:25+0000',
          'name' => 'Timeline Photos',
          'id' => '266790296879_10154831792921880',
          'message' => 'The Fed just raised interest rates for the first time this year http://bloom.bg/2hxhxOF'
        };
$VAR1 = {
          'link' => 'http://bloom.bg/2hx6QLV',
          'caption' => 'bloomberg.com',
          'created_time' => '2016-12-14T19:04:58+0000',
          'name' => 'Fed Raises Rates and Boosts Outlook for Borrowing Costs in 2017',
          'id' => '266790296879_10154831765216880',
          'message' => 'Fed officials say inflation expectations have increased "considerably."'
        };

Domain: bloomberg.com
Response:
{"id":"1622501708043673_1632576257036218"}

BuzzFeed
-----------------------------
$VAR1 = {
          'link' => 'https://www.facebook.com/BuzzFeedVideo/videos/2108905109250360/',
          'created_time' => '2016-12-14T19:00:10+0000',
          'name' => 'Couples Pick Surprise Tattoos For Each Other',
          'id' => '1318800798260799_2108905109250360',
          'message' => 'Couples Pick Surprise Tattoos For Each Other'
        };

Fox News
-----------------------------

VICE
-----------------------------
$VAR1 = {
          'link' => 'http://www.vice.com/en_ca/read/how-will-we-rebel-in-the-future?utm_source=vicefbca&utm_campaign=global',
          'caption' => 'www.vice.com',
          'created_time' => '2016-12-14T19:15:02+0000',
          'name' => 'How Will We Rebel in the Future?',
          'id' => '167115176655082_1488118091221444',
          'message' => 'What could our grandkids do that\'s unsafe, stupid, and illegal all at the same time?'
        };

Domain: vice.com

Glenn Beck
-----------------------------
$VAR1 = {
          'link' => 'https://www.facebook.com/theblaze/videos/1300786943291976/',
          'created_time' => '2016-12-14T19:10:01+0000',
          'name' => 'TheBlaze',
          'id' => '36400348187_10154850216518188'
        };

The Other 98%
-----------------------------
$VAR1 = {
          'link' => 'http://usuncut.com/politics/letter-to-electors/',
          'caption' => 'usuncut.com',
          'created_time' => '2016-12-14T19:03:27+0000',
          'name' => 'A group of electors and law professors just wrote this open letter to block Trump',
          'id' => '114517875225866_1580737105270595'
        };

Domain: usuncut.com


Total Posts Made:	19


