***********************************************************************************
Started at 21:30:02 on 11/31/2016
***********************************************************************************
Querying souces from the past 15 minutes....

Al Jazeera
-----------------------------

Upworthy
-----------------------------

The Huffington Post
-----------------------------

HuffPost Women
-----------------------------

PBS News Hour
-----------------------------

ATTN:
-----------------------------

Reuters
-----------------------------

NowThis
-----------------------------

Daily Caller
-----------------------------
$VAR1 = {
          'link' => 'http://trib.al/ikdrtfW',
          'caption' => 'dailycaller.com',
          'created_time' => '2017-01-01T02:22:19+0000',
          'name' => "Trump Remembers \x{2018}Enemies\x{2019} In New Year\x{2019}s Eve Tweet",
          'id' => '182919686769_10154098706451770',
          'message' => "President-elect Donald Trump made sure not to forget his enemies in a tweet wishing everyone a happy New Year\x{2019}s Eve."
        };

Domain: dailycaller.com

CNBC
-----------------------------

The Onion
-----------------------------

Opposing Views
-----------------------------
$VAR1 = {
          'link' => 'https://www.opposingviews.com/i/health/man-goes-hospital-complaining-persistent-cold-gets-some-unexpected-news-photos?fb=ovThis',
          'caption' => 'opposingviews.com',
          'created_time' => '2017-01-01T02:30:00+0000',
          'name' => 'Man Goes To Hospital Complaining Of Persistent Cold, Gets Some Unexpected News (Photos)',
          'id' => '34226391050_10154390908866051',
          'message' => 'This man went to the hospital complaining of a "constant cold." The doctors only needed one x-ray to figure out what the problem was.'
        };

Domain: opposingviews.com

the Today Show
-----------------------------

Kotaku
-----------------------------

Washington Post
-----------------------------

the American Center for Law and Justice
-----------------------------

VICE News
-----------------------------

PBS
-----------------------------

Mother Jones
-----------------------------

HuffPost Good News
-----------------------------

BBC News
-----------------------------
$VAR1 = {
          'link' => 'http://bbc.in/2hWSNi1',
          'caption' => 'bbc.co.uk',
          'created_time' => '2017-01-01T02:22:13+0000',
          'name' => 'South Koreans hold fresh anti-Park protest',
          'id' => '228735667216_10154265394742217',
          'message' => 'The impeached president has been suspended, pending a final court ruling on her leadership.'
        };

Domain: bbc.co.uk
Response:
{"error":{"message":"It looks like you were misusing this feature by going too fast. You\u2019ve been blocked from using it.\n\nLearn more about blocks in the Help Center.","type":"OAuthException","code":368,"error_subcode":1390008,"error_user_msg":"","fbtrace_id":"HdRXn\/bOsmk"}}

Facebook ran into an error and the post was not published. Zach Muckerberg please fix. Try again in a few hours.

