***********************************************************************************
Started at 01:00:01 on 11/19/2016
***********************************************************************************
Querying souces from the past 15 minutes....

Al Jazeera
-----------------------------
$VAR1 = {
          'link' => 'http://aje.io/kxq2',
          'caption' => 'aljazeera.com',
          'created_time' => '2016-12-19T06:00:30+0000',
          'name' => 'Hundreds leave east Aleppo as evacuations resume',
          'id' => '7382473689_10154992501948690',
          'message' => 'SOHR said the 350 were able to be evacuated after Russia and Turkey urged the Syrian regime to allow the convoy of buses to pass its final control point.'
        };

Domain: aljazeera.com
Response:
{"id":"1622501708043673_1634326093527901"}

Upworthy
-----------------------------

The Huffington Post
-----------------------------

HuffPost Women
-----------------------------

PBS News Hour
-----------------------------

ATTN:
-----------------------------

Reuters
-----------------------------

NowThis
-----------------------------
$VAR1 = {
          'link' => 'https://www.facebook.com/NowThisNews/videos/1271377919618996/',
          'created_time' => '2016-12-19T06:00:00+0000',
          'name' => 'IRL Jurassic Park',
          'id' => '341163402640457_1271377919618996',
          'message' => 'This is basically Jurassic Park IRL'
        };

Daily Caller
-----------------------------

CNBC
-----------------------------

The Onion
-----------------------------

Opposing Views
-----------------------------

the Today Show
-----------------------------

Kotaku
-----------------------------

Washington Post
-----------------------------
$VAR1 = {
          'link' => 'https://www.washingtonpost.com/news/innovations/wp/2016/12/17/this-car-promises-to-be-fully-electric-and-drive-itself-will-that-be-enough/?tid=sm_fb&utm_term=.63fb1704937f',
          'caption' => 'washingtonpost.com',
          'created_time' => '2016-12-19T06:00:00+0000',
          'name' => 'This car promises to be fully electric and drive itself. Will that be enough?',
          'id' => '6250307292_10154542632387293',
          'message' => 'Can this car entice customers?'
        };

Domain: washingtonpost.com
Response:
{"id":"1622501708043673_1634326413527869"}

the American Center for Law and Justice
-----------------------------

VICE News
-----------------------------
$VAR1 = {
          'link' => 'https://news.vice.com/story/brexit-could-take-10-years-to-happen?utm_source=vicenewsfb',
          'caption' => 'news.vice.com',
          'created_time' => '2016-12-19T05:58:01+0000',
          'name' => 'Brexit could take 10 years to happen',
          'id' => '235852889908002_708164796010140',
          'message' => "The EU has told the British government that a deal for the withdrawal could take a decade \x{2014} and still fail."
        };

Domain: vice.com

PBS
-----------------------------

Mother Jones
-----------------------------

HuffPost Good News
-----------------------------

BBC News
-----------------------------

Breaking News
-----------------------------

The Verge
-----------------------------

New York Magazine
-----------------------------

TIME
-----------------------------

the Business Insider
-----------------------------
$VAR1 = {
          'link' => 'http://read.bi/2ht3TxY',
          'caption' => 'businessinsider.com',
          'created_time' => '2016-12-19T06:00:25+0000',
          'name' => 'These 10 companies control everything you buy',
          'id' => '20446254070_10154201598924071',
          'message' => 'PepsiCo is a pretty big deal.'
        };

Domain: businessinsider.com

ThinkProgress
-----------------------------

POLITICO
-----------------------------

USA TODAY
-----------------------------
$VAR1 = {
          'link' => 'http://www.usatoday.com/story/sports/nba/spurs/2016/12/18/tim-duncan-retirement-ceremony-san-antonio-spurs/95598598/',
          'caption' => 'usatoday.com',
          'created_time' => '2016-12-19T06:00:00+0000',
          'name' => 'Spurs retire Tim Duncan\'s No. 21 jersey with emotional postgame ceremony',
          'id' => '13652355666_10154181484255667',
          'message' => 'Tim Duncan was not only the third player in NBA history to reach 1,000 career wins, but also the first player to reach 1,000 wins with one team.'
        };

Domain: usatoday.com
Response:
{"id":"1622501708043673_1634326546861189"}

American News
-----------------------------

ABC News
-----------------------------

HuffPost Politics
-----------------------------

NBC News
-----------------------------
$VAR1 = {
          'link' => 'https://www.facebook.com/NBCNews/videos/1624406300912727/',
          'created_time' => '2016-12-19T06:00:00+0000',
          'id' => '155869377766434_1624406300912727',
          'message' => "Mexico\x{2019}s Colima volcano, which is part of the Pacific\x{2019}s \x{201c}ring of fire,\x{201d} had two major eruptions on Saturday, sending smoke and ash into the air: http://nbcnews.to/2hJnWWI"
        };

AJ+
-----------------------------

Wikileaks
-----------------------------

CNNMoney
-----------------------------
$VAR1 = {
          'link' => 'http://cnnmon.ie/2h60VML',
          'caption' => 'money.cnn.com',
          'created_time' => '2016-12-19T05:48:00+0000',
          'name' => 'Super Mario Run set to arrive on Apple devices',
          'id' => '6651543066_10154202062553067',
          'message' => 'Christmas comes early for Super Mario fans... http://cnnmon.ie/2h60VML'
        };

Domain: cnn.com
Response:
{"id":"1622501708043673_1634326670194510"}

ABC News Politics
-----------------------------

Right Wing News
-----------------------------

The Wall Street Journal
-----------------------------

MSNBC
-----------------------------

the Drudge Report
-----------------------------

Mic
-----------------------------

The Economist
-----------------------------

Bloomberg Politics
-----------------------------

CBS News
-----------------------------
$VAR1 = {
          'link' => 'http://cbsn.ws/2hxQpAL',
          'caption' => 'www.cbsnews.com',
          'created_time' => '2016-12-19T06:00:03+0000',
          'name' => 'Facebook unveils new plan to try to curb fake news',
          'id' => '131459315949_10154184713345950',
          'message' => 'After months of pressure, Facebook is sharing new steps it\'s taking to fight fake news -- including a partnership for investigating suspicious stories.'
        };

Domain: cbsnews.com
Response:
{"id":"1622501708043673_1634326716861172"}

The Young Turks
-----------------------------

Occupy Democrats
-----------------------------

CBC News
-----------------------------
$VAR1 = {
          'link' => 'http://www.cbc.ca/news/canada/british-columbia/holiday-office-party-jennifer-newman-1.3901989',
          'caption' => 'cbc.ca',
          'created_time' => '2016-12-19T06:00:00+0000',
          'name' => 'Heading to an office holiday party? Here are some do\'s and don\'t\'s',
          'id' => '5823419603_10154958814714604',
          'message' => '"Don\'t hit on anyone at the holiday party."'
        };

Newsweek
-----------------------------

CNN International
-----------------------------
$VAR1 = {
          'link' => 'http://cnn.it/2hha84T',
          'caption' => 'www.cnn.com',
          'created_time' => '2016-12-19T06:00:01+0000',
          'name' => 'China yet to return seized US underwater drone',
          'id' => '18793419640_10154807262039641',
          'message' => 'A Pentagon spokesman says they\'re still working with Chinese counterparts on the details and timing of the drone\'s safe return.'
        };

Domain: cnn.com
Response:
{"id":"1622501708043673_1634326753527835"}

The New Yorker
-----------------------------

Rush Limbaugh
-----------------------------

The Independent
-----------------------------

TheBlaze
-----------------------------

NPR Politics
-----------------------------

The New York Times
-----------------------------

NPR
-----------------------------
$VAR1 = {
          'link' => 'http://www.npr.org/sections/parallels/2016/12/18/505593261/a-french-community-tries-to-get-a-handle-on-radicalization?utm_source=facebook.com&utm_medium=social&utm_campaign=npr&utm_term=nprnews&utm_content=2046',
          'caption' => 'npr.org',
          'created_time' => '2016-12-19T06:00:00+0000',
          'name' => 'A French Community Tries To Get A Handle On Radicalization',
          'id' => '10643211755_10155092125901756',
          'message' => 'A social worker says the work used to focus on fighting unemployment and delinquency. But now, the focus is on stopping young people from embracing radical Islam.'
        };

Domain: npr.org
Response:
{"id":"1622501708043673_1634326790194498"}

MSN
-----------------------------

CNN Politics
-----------------------------

The Daily Show
-----------------------------

Daily Kos
-----------------------------

Yahoo News
-----------------------------

The Guardian
-----------------------------

CNN
-----------------------------
$VAR1 = {
          'link' => 'http://cnn.it/2hhbmx7',
          'caption' => 'www.cnn.com',
          'created_time' => '2016-12-19T06:00:01+0000',
          'name' => 'China yet to return seized US underwater drone',
          'id' => '5550296508_10155777179006509',
          'message' => 'A Pentagon spokesman says they\'re still working with Chinese counterparts on the details and timing of the drone\'s safe return.'
        };

Domain: cnn.com
Response:
{"id":"1622501708043673_1634328700194307"}

Slate.com
-----------------------------

the AP
-----------------------------

Sean Hannity
-----------------------------

The Ed Schultz Show
-----------------------------

The Atlantic
-----------------------------

Bloomberg
-----------------------------
$VAR1 = {
          'link' => 'http://bloom.bg/2hKjnLX',
          'caption' => 'bloomberg.com',
          'created_time' => '2016-12-19T06:00:24+0000',
          'name' => 'Here Are 128 Graphics That Try to Explain 2016',
          'id' => '266790296879_10154846195886880',
          'message' => 'It\'s been a tumultuous year.'
        };

Domain: bloomberg.com
Response:
{"id":"1622501708043673_1634330023527508"}
$VAR1 = {
          'link' => 'http://bloom.bg/2h0KXpI',
          'created_time' => '2016-12-19T05:53:28+0000',
          'name' => 'Bloomberg Asia',
          'id' => '266790296879_10154846181826880',
          'message' => 'Malaysia\'s ringgit just keeps on falling http://bloom.bg/2h1c99s'
        };

BuzzFeed
-----------------------------

Fox News
-----------------------------
$VAR1 = {
          'link' => 'http://www.foxnews.com/us/2016/12/18/farrakhan-sees-new-opening-for-black-separatist-message.html',
          'caption' => 'foxnews.com',
          'created_time' => '2016-12-19T06:00:00+0000',
          'name' => 'Farrakhan Sees a New Opening for Black Separatist Message',
          'id' => '15704546335_10154907954761336',
          'message' => 'The Southern Poverty Law Center, which tracks extremism, has found black separatism growing alongside white supremacy, creating a more favorable environment for the Nation\'s teachings.'
        };

Domain: foxnews.com
Response:
{"id":"1622501708043673_1634330126860831"}

VICE
-----------------------------

Glenn Beck
-----------------------------

The Other 98%
-----------------------------


Total Posts Made:	10


