***********************************************************************************
Started at 18:15:02 on 00/22/2017
***********************************************************************************
Querying souces from the past 15 minutes....

Al Jazeera
-----------------------------

Upworthy
-----------------------------
$VAR1 = {
          'link' => 'https://www.facebook.com/UpworthyVideo/videos/1006810819423465/',
          'created_time' => '2017-01-22T23:01:01+0000',
          'name' => 'Upworthy Video',
          'id' => '354522044588660_1607668359274016',
          'message' => "She doesn\x{2019}t feel the need to change her characters to fit society\x{2019}s standards, and that\x{2019}s what makes them so special."
        };

The Huffington Post
-----------------------------

HuffPost Women
-----------------------------

PBS News Hour
-----------------------------

ATTN:
-----------------------------

Reuters
-----------------------------
$VAR1 = {
          'link' => 'http://reut.rs/2jOd7Gf',
          'caption' => 'www.reuters.com',
          'created_time' => '2017-01-22T23:05:09+0000',
          'name' => 'Trump to begin renegotiating NAFTA pact soon with Mexico, Canada',
          'id' => '114050161948682_1368882103132142',
          'message' => 'U.S. President Donald Trump said on Sunday he plans talks soon with the leaders of Canada and Mexico to begin renegotiating the North American Free Trade Agreement.'
        };

Domain: reuters.com

NowThis
-----------------------------

Daily Caller
-----------------------------
$VAR1 = {
          'link' => 'http://trib.al/BXtQN7V',
          'caption' => 'dailycaller.com',
          'created_time' => '2017-01-22T23:02:19+0000',
          'name' => "Kellyanne Drops Rhetorical Atom Bomb On Chuck Todd Over Media\x{2019}s Crowd Obsession [VIDEO]",
          'id' => '182919686769_10154160773526770',
          'message' => 'Kellyanne Fights \'Dramatic\' Chuck Todd On Inauguration Crowd'
        };

Domain: dailycaller.com

CNBC
-----------------------------
$VAR1 = {
          'link' => 'http://cnb.cx/2jNBVi4',
          'caption' => 'cnbc.com',
          'created_time' => '2017-01-22T23:06:53+0000',
          'name' => '\'Despicable\': Ex-CIA boss Brennan, others slam Trump speech in front of memorial',
          'id' => '97212224368_10155129980644369',
          'message' => 'They\'re not holding back.'
        };

Domain: cnbc.com

The Onion
-----------------------------

Opposing Views
-----------------------------

the Today Show
-----------------------------

Kotaku
-----------------------------

Washington Post
-----------------------------

the American Center for Law and Justice
-----------------------------

VICE News
-----------------------------

PBS
-----------------------------

Mother Jones
-----------------------------

HuffPost Good News
-----------------------------

BBC News
-----------------------------

Breaking News
-----------------------------

The Verge
-----------------------------
$VAR1 = {
          'link' => 'http://www.theverge.com/2014/3/24/5542504/building-a-cell-network-for-the-zombie-apocalypse',
          'caption' => 'theverge.com',
          'created_time' => '2017-01-22T23:01:07+0000',
          'name' => 'Building a phone network for the zombie apocalypse',
          'id' => '193742123995472_1320539321315741',
          'message' => 'Better safe than sorry?'
        };

Domain: theverge.com

New York Magazine
-----------------------------
$VAR1 = {
          'link' => 'http://nym.ag/2jNRdCK',
          'caption' => 'nymag.com',
          'created_time' => '2017-01-22T23:02:15+0000',
          'name' => "A Protest Moves From \x{2018}Radical\x{2019} to Sensible",
          'id' => '14516439825_10154985545664826',
          'message' => 'Saturday was a test case for what it might look like when the historically privileged throw in their lot with historically trod-upon. Can it last?'
        };

Domain: nymag.com

TIME
-----------------------------
$VAR1 = {
          'link' => 'http://ti.me/2j9FVFN',
          'caption' => 'time.com',
          'created_time' => '2017-01-22T23:01:07+0000',
          'name' => 'These Are the 20 Best Cities for Singles',
          'id' => '10606591490_10154373647461491',
          'message' => 'Looking for love in the wrong places?'
        };

Domain: time.com

the Business Insider
-----------------------------
$VAR1 = {
          'link' => 'http://read.bi/2jdbaCl',
          'caption' => 'businessinsider.com',
          'created_time' => '2017-01-22T23:15:01+0000',
          'name' => 'There\'s a $10 million precious stone hidden in plain sight at Grand Central',
          'id' => '20446254070_10154313856849071',
          'message' => 'Look closer the next time you walk into Grand Central.'
        };

Domain: businessinsider.com

ThinkProgress
-----------------------------

POLITICO
-----------------------------
$VAR1 = {
          'link' => 'http://politi.co/2jdutLM',
          'caption' => 'politi.co',
          'created_time' => '2017-01-22T23:00:41+0000',
          'name' => 'Conway: Trump is \'not going to release his tax returns\'',
          'id' => '62317591679_10154220936756680',
          'message' => "\"We litigated this all through the election. People didn\x{2019}t care,\" Kellyanne Conway said."
        };

Domain: politi.co

Alias: politico.com
Response:
{"error":{"message":"It looks like you were misusing this feature by going too fast. You\u2019ve been blocked from using it.\n\nLearn more about blocks in the Help Center.","type":"OAuthException","code":368,"error_subcode":1390008,"error_user_msg":"","fbtrace_id":"HxXcnl\/snQn"}}

Facebook ran into an error and the post was not published. Zach Muckerberg please fix. Try again in a few hours.

