***********************************************************************************
Started at 07:30:01 on 00/17/2017
***********************************************************************************
Querying souces from the past 15 minutes....

Al Jazeera
-----------------------------

Upworthy
-----------------------------

The Huffington Post
-----------------------------
$VAR1 = {
          'link' => 'http://thoughtcatalog.com/jamie-varon/2014/09/23-things-only-people-who-love-spending-time-alone-will-understand/',
          'created_time' => '2017-01-17T12:16:07+0000',
          'name' => 'Canceled Plans',
          'id' => '18468761129_10154615584501130'
        };

HuffPost Women
-----------------------------
$VAR1 = {
          'link' => 'http://huff.to/2iFa6XF',
          'caption' => 'huffingtonpost.com',
          'created_time' => '2017-01-17T12:20:08+0000',
          'name' => 'Eddie Huang Opens Up About Why Asian Male Stereotypes Are So Painful',
          'id' => '153213781413350_1275243755877008',
          'message' => "\x{201c}The structural emasculation of Asian men in all forms of media became a self-fulfilling prophecy that produced an actual abhorrence to Asian men in the real world.\x{201d}"
        };

Domain: huffingtonpost.com
Response:
{"error":{"message":"It looks like you were misusing this feature by going too fast. You\u2019ve been blocked from using it.\n\nLearn more about blocks in the Help Center.","type":"OAuthException","code":368,"error_subcode":1390008,"error_user_msg":"","fbtrace_id":"BD69tND5fZj"}}

Facebook ran into an error and the post was not published. Zach Muckerberg please fix. Try again in a few hours.

