***********************************************************************************
Started at 11:00:01 on 11/07/2016
***********************************************************************************
Querying souces from the past 10 minutes....

Al Jazeera
-----------------------------
$VAR1 = {
          'link' => 'http://aje.io/49cq',
          'caption' => 'aljazeera.com',
          'created_time' => '2016-12-07T16:00:22+0000',
          'name' => 'Britain to deepen security cooperation with the GCC',
          'id' => '7382473689_10154939913008690',
          'message' => '"In challenging times you turn to your oldest and most dependable friends ..."'
        };

Domain: aljazeera.com
$VAR1 = {
          'id' => '1622501708043673_1629595924000918'
        };

Upworthy
-----------------------------

The Huffington Post
-----------------------------

HuffPost Women
-----------------------------
$VAR1 = {
          'link' => 'http://huff.to/2gCiFzb',
          'caption' => 'huffingtonpost.com',
          'created_time' => '2016-12-07T15:54:20+0000',
          'name' => 'The Man Behind Ohio\'s \'Heartbeat\' Abortion Ban Was Accused Of Domestic Violence In 2011',
          'id' => '153213781413350_1228395803895137',
          'message' => "\x{201c}She got a little upset,\x{201d} State Sen. Kris Jordan said to the cops. \x{201c}Girls do that.\x{201d}"
        };

Domain: huffingtonpost.com
$VAR1 = {
          'id' => '1622501708043673_1629596090667568'
        };

PBS News Hour
-----------------------------
$VAR1 = {
          'link' => 'http://www.pbs.org/newshour/rundown/donald-trump-times-person-year/',
          'caption' => 'pbs.org',
          'created_time' => '2016-12-07T16:00:00+0000',
          'name' => 'Donald Trump is Time\'s \'Person of the Year\'',
          'id' => '6491828674_10154834599113675',
          'message' => "Time\x{2019}s managing editor Nancy Gibbs said Clinton was the No. 2 finalist."
        };

Domain: pbs.org
$VAR1 = {
          'id' => '1622501708043673_1629596310667546'
        };

ATTN:
-----------------------------

Reuters
-----------------------------
$VAR1 = {
          'link' => 'http://reut.rs/2hgTLZQ',
          'caption' => 'reuters.com',
          'created_time' => '2016-12-07T15:51:53+0000',
          'name' => 'Trump picks Iowa Governor Branstad as U.S. ambassador to China: transition official',
          'id' => '114050161948682_1313113755375644',
          'message' => 'UPDATE: Iowa Governor Branstad has accepted offer to be U.S. ambassador to China - Trump transition team. http://reut.rs/2hgTLZQ'
        };

Domain: reuters.com
$VAR1 = {
          'link' => 'http://reut.rs/2h6hj0y',
          'caption' => 'reuters.com',
          'created_time' => '2016-12-07T15:51:15+0000',
          'name' => 'How Iran closed the Mosul \'horseshoe\' and changed Iraq war',
          'id' => '114050161948682_1313113202042366',
          'message' => 'How Iran closed the Mosul \'horseshoe\' - and shaped the course of Iraq\'s war: http://reut.rs/2h6hj0y'
        };

Domain: reuters.com

NowThis
-----------------------------

Daily Caller
-----------------------------

CNBC
-----------------------------
$VAR1 = {
          'link' => 'http://cnb.cx/2gB1ihU',
          'caption' => 'cnbc.com',
          'created_time' => '2016-12-07T15:53:15+0000',
          'name' => 'VR makes couch potato tours of the world\'s landmarks a click away',
          'id' => '97212224368_10154958080179369',
          'message' => 'Visit the pyramids of Giza from your couch.'
        };

Domain: cnbc.com

The Onion
-----------------------------

Opposing Views
-----------------------------

the Today Show
-----------------------------

Kotaku
-----------------------------

Washington Post
-----------------------------

the American Center for Law and Justice
-----------------------------

VICE News
-----------------------------

PBS
-----------------------------
$VAR1 = {
          'link' => 'https://www.facebook.com/pbs/videos/10154224216427169/',
          'created_time' => '2016-12-07T16:00:00+0000',
          'name' => 'Men Like This | First Look',
          'id' => '19013582168_10154224216427169',
          'message' => '"Courage Under Fire." One of many perspectives on The Vietnam War: An Epic Event from Ken Burns (PBS) and Lynn Novick. Coming Fall 2017. #VietnamWarPBS http://to.pbs.org/2h0mjGB'
        };

Mother Jones
-----------------------------

HuffPost Good News
-----------------------------

BBC News
-----------------------------
$VAR1 = {
          'link' => 'https://www.facebook.com/bbcnews/videos/10153225958887217/',
          'created_time' => '2016-12-07T15:59:33+0000',
          'name' => 'BBC News',
          'id' => '228735667216_10154175789387217',
          'message' => 'Some sad news to share with you. Anwar, the 17-year-old whose wish was to meet Malala, has passed away. Here he is meeting his hero last year.'
        };

Breaking News
-----------------------------

The Verge
-----------------------------

New York Magazine
-----------------------------
$VAR1 = {
          'link' => 'http://nym.ag/2h33aRg',
          'caption' => 'nymag.com',
          'created_time' => '2016-12-07T15:56:55+0000',
          'name' => "Here\x{2019}s How Michelle Obama Dealt With the Drama of Election Night",
          'id' => '14516439825_10154818765464826',
          'message' => 'When they go low, we go to sleep.'
        };

Domain: nymag.com

TIME
-----------------------------

the Business Insider
-----------------------------
$VAR1 = {
          'link' => 'https://www.facebook.com/businessinsider/videos/10154153374334071/',
          'created_time' => '2016-12-07T15:55:00+0000',
          'name' => 'Sleep underwater in a $3M floating home',
          'id' => '20446254070_10154153374334071',
          'message' => 'This floating three-level home costs $2.7 million and has a submerged master bedroom.'
        };

ThinkProgress
-----------------------------

POLITICO
-----------------------------

USA TODAY
-----------------------------

American News
-----------------------------

ABC News
-----------------------------
$VAR1 = {
          'link' => 'http://abcn.ws/2h319Ez',
          'caption' => 'abcnews.go.com',
          'created_time' => '2016-12-07T15:57:28+0000',
          'name' => 'Iowa Governor Is Trump\'s Pick for US Ambassador to China',
          'id' => '86680728811_10155099719523812',
          'message' => 'NEW: President-elect Donald J. Trump names Iowa Gov. Terry Branstad as his pick for the next U.S. ambassador to China, Trump transition spokesman says.'
        };

Domain: go.com
$VAR1 = {
          'id' => '1622501708043673_1629596407334203'
        };
$VAR1 = {
          'link' => 'https://www.facebook.com/ABCNews/photos/a.10150095914943812.286215.86680728811/10155099704563812/?type=3',
          'created_time' => '2016-12-07T15:54:27+0000',
          'name' => 'Timeline Photos',
          'id' => '86680728811_10155099704563812',
          'message' => 'We remember all those who lost their lives in the attack on Pearl Harbor 75 years ago today, and honor all the survivors and veterans who served. abcn.ws/2hiV5Hz'
        };

HuffPost Politics
-----------------------------

NBC News
-----------------------------

AJ+
-----------------------------

Wikileaks
-----------------------------

CNNMoney
-----------------------------

ABC News Politics
-----------------------------
$VAR1 = {
          'link' => 'https://www.facebook.com/ABCNewsPolitics/videos/1116232388474986/',
          'created_time' => '2016-12-07T15:58:45+0000',
          'name' => 'LeBron James Comments on Decision to Skip Trump Hotel',
          'id' => '184096565021911_1116232388474986',
          'message' => 'LeBron James comments on decision by a group of Cleveland Cavaliers players not to stay at the Trump SoHo hotel in lower Manhattan when the team plays in New York City this week: "I\'m not trying to make a statement. It\'s just my personal preference." http://abcn.ws/2gCwOw4'
        };

Right Wing News
-----------------------------

The Wall Street Journal
-----------------------------

MSNBC
-----------------------------

the Drudge Report
-----------------------------

Mic
-----------------------------

The Economist
-----------------------------

Bloomberg Politics
-----------------------------
$VAR1 = {
          'link' => 'http://bloom.bg/2h33qzG',
          'caption' => 'bloomberg.com',
          'created_time' => '2016-12-07T15:51:01+0000',
          'name' => 'How to Make California Great: Secede, With a Little Help From Putin',
          'id' => '1481073582140028_1849282461985803',
          'message' => 'One man sees a bright future in California, just as soon as he can turn it into a country.'
        };

Domain: bloomberg.com
$VAR1 = {
          'id' => '1622501708043673_1629596494000861'
        };

CBS News
-----------------------------
$VAR1 = {
          'link' => 'http://cbsn.ws/2gCdZJz',
          'caption' => 'www.cbsnews.com',
          'created_time' => '2016-12-07T15:55:02+0000',
          'name' => 'Stanford University student sues school over alleged sex assaults',
          'id' => '131459315949_10154139474215950',
          'message' => 'A female student accused Stanford University of letting a sexual predator graduate. The school defended its actions.'
        };

Domain: cbsnews.com
$VAR1 = {
          'id' => '1622501708043673_1629596614000849'
        };

The Young Turks
-----------------------------

Occupy Democrats
-----------------------------

CBC News
-----------------------------
$VAR1 = {
          'link' => 'http://www.cbc.ca/news/politics/canadian-kurdish-released-1.3884457?cmp=rss',
          'caption' => 'cbc.ca',
          'created_time' => '2016-12-07T16:00:01+0000',
          'name' => 'Kurdish authorities angered by ex-Canadian soldier\'s border-hopping',
          'id' => '5823419603_10154906776404604',
          'message' => 'Kurdish authorities are defending their detention of former Canadian soldier Michael Kennedy.'
        };
$VAR1 = {
          'link' => 'https://www.facebook.com/cbcnews/videos/10154907073399604/',
          'created_time' => '2016-12-07T15:53:32+0000',
          'name' => 'Military funeral for Capt. Thomas McQueen',
          'id' => '5823419603_10154907073399604',
          'message' => 'LIVE: The military funeral for Capt. Thomas McQueen, the Canadian Forces pilot killed in last Monday\'s fatal fighter jet crash near Cold Lake, Alta., is underway at the Canadian Warplane Heritage Museum in Hamilton, Ont.'
        };

Newsweek
-----------------------------

CNN International
-----------------------------
$VAR1 = {
          'link' => 'https://www.facebook.com/cnninternational/videos/10154757388259641/',
          'created_time' => '2016-12-07T15:55:47+0000',
          'name' => 'Obama: Concept of race isn\'t genetic',
          'id' => '18793419640_10154757388259641',
          'message' => "\x{201c}The concept of race in America is not just genetic\x{2026} It\x{2019}s cultural. It\x{2019}s this notion of a people who look different than the mainstream\x{201d} - President Obama http://cnn.it/2gTKKot"
        };

The New Yorker
-----------------------------
$VAR1 = {
          'link' => 'http://nyer.cm/HhcE3zT',
          'caption' => 'newyorker.com',
          'created_time' => '2016-12-07T16:00:10+0000',
          'name' => 'Obama Reckons with a Trump Presidency',
          'id' => '9258148868_10154253487858869',
          'message' => 'President Obama on what he told Sasha and Malia after the results of the election: "Your job as a citizen and as a decent human being is to constantly affirm and lift up and fight for treating people with kindness and respect and understanding."'
        };

Domain: newyorker.com
$VAR1 = {
          'id' => '1622501708043673_1629596667334177'
        };

Rush Limbaugh
-----------------------------

The Independent
-----------------------------

TheBlaze
-----------------------------

NPR Politics
-----------------------------

The New York Times
-----------------------------
$VAR1 = {
          'link' => 'http://www.nytimes.com/2016/12/07/opinion/the-three-legged-dog-who-carried-me.html?smid=fb-nytimes&smtyp=cur',
          'caption' => 'nytimes.com',
          'created_time' => '2016-12-07T15:55:00+0000',
          'name' => 'The Three-Legged Dog Who Carried Me',
          'id' => '5281959998_10150999700204999',
          'message' => '"Through loss we both gained access to learning what else our bodies could do to persist in this world, how to adapt to the flux and flow of life." Read on in The New York Times Opinion Section.'
        };

Domain: nytimes.com
$VAR1 = {
          'id' => '1622501708043673_1629596794000831'
        };

NPR
-----------------------------

MSN
-----------------------------
$VAR1 = {
          'link' => 'http://msn.com/en-us/news/us/2016-person-of-the-year-donald-trump/ar-AAlf7ZD?ocid=ob-fb-enus-280',
          'caption' => 'msn.com',
          'created_time' => '2016-12-07T15:57:37+0000',
          'name' => '2016 Person of the Year: Donald Trump',
          'id' => '49940376408_10154101212581409'
        };

Domain: msn.com

CNN Politics
-----------------------------

The Daily Show
-----------------------------

Daily Kos
-----------------------------

Yahoo News
-----------------------------
$VAR1 = {
          'link' => 'https://yhoo.it/2hiZx9f',
          'caption' => 'yahoo.com',
          'created_time' => '2016-12-07T16:00:08+0000',
          'name' => 'The spooky Pearl Harbor mystery that remains unsolved',
          'id' => '338028696036_10154949965871037',
          'message' => 'Nobody knows who placed the ad, but it appeared to have been a warning.'
        };

Domain: yahoo.com
$VAR1 = {
          'id' => '1622501708043673_1629596934000817'
        };

The Guardian
-----------------------------
$VAR1 = {
          'link' => 'https://www.theguardian.com/lifeandstyle/datablog/2016/dec/07/five-most-common-dream-meanings?CMP=fb_gu',
          'caption' => 'theguardian.com',
          'created_time' => '2016-12-07T16:00:01+0000',
          'name' => "What the five most common dreams mean \x{2013} and other findings",
          'id' => '10513336322_10154806670726323',
          'message' => 'What do the five most common dreams actually mean?'
        };

Domain: theguardian.com
$VAR1 = {
          'id' => '1622501708043673_1629597067334137'
        };
$VAR1 = {
          'link' => 'https://www.theguardian.com/football/copa90/2016/dec/07/dale-cavese-football-chant-youtube-internet-world?CMP=fb_gu',
          'caption' => 'theguardian.com',
          'created_time' => '2016-12-07T15:51:07+0000',
          'name' => 'Dale Cavese: the football chant that took over the internet and the world',
          'id' => '10513336322_10154807135026323',
          'message' => '"No song has spread across the planet like Dale Cavese, the first football chant to gain global popularity through the internet."'
        };

Domain: theguardian.com
$VAR1 = {
          'id' => '1622501708043673_1629597250667452'
        };

CNN
-----------------------------

Slate.com
-----------------------------
$VAR1 = {
          'link' => 'http://slate.me/2h5BwGl',
          'caption' => 'slate.com',
          'created_time' => '2016-12-07T15:55:05+0000',
          'name' => 'How to Invest Your Savings in the Trump Era',
          'id' => '21516776437_10154614742531438',
          'message' => 'Diversify. Then diversify some more.'
        };

Domain: slate.com
$VAR1 = {
          'id' => '1622501708043673_1629597340667443'
        };

the AP
-----------------------------

Sean Hannity
-----------------------------
$VAR1 = {
          'link' => 'http://www.hannity.com/articles/hanpr-election-493995/donald-trump-responds-to-being-named-15368491/',
          'caption' => 'hannity.com',
          'created_time' => '2016-12-07T15:56:53+0000',
          'name' => 'Donald Trump Responds To Being Named Time\'s \'Person Of The Year\'',
          'id' => '69813760388_10158005625665389'
        };

Domain: hannity.com
$VAR1 = {
          'id' => '1622501708043673_1629597464000764'
        };

The Ed Schultz Show
-----------------------------

The Atlantic
-----------------------------

Bloomberg
-----------------------------
$VAR1 = {
          'link' => 'http://bloom.bg/2h32TxP',
          'caption' => 'bloomberg.com',
          'created_time' => '2016-12-07T15:53:57+0000',
          'name' => 'How to Make California Great: Secede, With a Little Help From Putin',
          'id' => '266790296879_10154797722731880',
          'message' => 'One man sees a bright future in California, just as soon as he can turn it into a country.'
        };

Domain: bloomberg.com
$VAR1 = {
          'id' => '1622501708043673_1629597540667423'
        };

BuzzFeed
-----------------------------
$VAR1 = {
          'link' => 'https://www.facebook.com/BuzzFeedAnimals/videos/1386005398088118/',
          'created_time' => '2016-12-07T16:00:00+0000',
          'name' => 'BuzzFeed Animals',
          'id' => '1318800798260799_2102946073179597',
          'message' => 'Do these doggos look vicious to you? (via BuzzFeed Animals)'
        };

Fox News
-----------------------------

VICE
-----------------------------
$VAR1 = {
          'link' => 'https://www.facebook.com/VICE/videos/1477329528966967/',
          'created_time' => '2016-12-07T15:59:36+0000',
          'id' => '167115176655082_1477329528966967',
          'message' => 'Obama on his goal to end petty politics: "Well, that didn\'t work out, did it?" VICE Special Report: A House Divided 10pm Dec 9 HBO.'
        };

Glenn Beck
-----------------------------

The Other 98%
-----------------------------





