***********************************************************************************
Started at 22:15:02 on 00/07/2017
***********************************************************************************
Querying souces from the past 15 minutes....

Al Jazeera
-----------------------------

Upworthy
-----------------------------

The Huffington Post
-----------------------------

HuffPost Women
-----------------------------

PBS News Hour
-----------------------------

ATTN:
-----------------------------

Reuters
-----------------------------
$VAR1 = {
          'link' => 'http://reut.rs/2iV8eLl',
          'caption' => 'www.reuters.com',
          'created_time' => '2017-01-08T03:05:07+0000',
          'name' => 'Charles Manson in California prison, no comment on condition: official',
          'id' => '114050161948682_1353899424630410',
          'message' => 'Convicted mass murderer Charles Manson is at the California prison where he is serving a life sentence, corrections officials said on Saturday, following recent reports that the hippie-era cult leader had been hospitalized.'
        };

Domain: reuters.com

NowThis
-----------------------------

Daily Caller
-----------------------------
$VAR1 = {
          'link' => 'http://trib.al/P29dfux',
          'caption' => 'smokeroom.com',
          'created_time' => '2017-01-08T03:06:23+0000',
          'name' => 'Britney Spears In A Black Bodysuit And No Pants Is Quite A Look [PHOTOS]',
          'id' => '182919686769_10154117523701770',
          'message' => 'Britney Spears has some interesting new outfits'
        };

Domain: smokeroom.com

CNBC
-----------------------------
$VAR1 = {
          'link' => 'http://cnb.cx/2hZzkfO',
          'caption' => 'cnbc.com',
          'created_time' => '2017-01-08T03:10:12+0000',
          'name' => 'This will be the \'buzzword\' in Trump\'s Obamacare replacement (op-ed)',
          'id' => '97212224368_10155080511814369',
          'message' => 'The Trump/GOP Obamacare replacement will rely heavily on this.'
        };

Domain: cnbc.com

The Onion
-----------------------------

Opposing Views
-----------------------------

the Today Show
-----------------------------
$VAR1 = {
          'link' => 'http://www.today.com/food/detox-drinks-3-healthy-smoothie-recipes-help-you-reset-t66971',
          'caption' => 'today.com',
          'created_time' => '2017-01-08T03:01:00+0000',
          'name' => 'Need to detox? Try these 3 healthy smoothie recipes to help you reset',
          'id' => '12566691349_10154911558131350',
          'message' => 'Kick the week into high gear.'
        };

Domain: today.com

Kotaku
-----------------------------
$VAR1 = {
          'link' => 'http://trib.al/Mg4SUMg',
          'caption' => 'kotaku.com',
          'created_time' => '2017-01-08T03:02:20+0000',
          'name' => 'Mark Hamill Reads Joker-Like Donald Trump Tweet As The Joker',
          'id' => '273824104039_10155004900744040',
          'message' => 'Brilliant.'
        };

Domain: kotaku.com

Washington Post
-----------------------------

the American Center for Law and Justice
-----------------------------

VICE News
-----------------------------

PBS
-----------------------------

Mother Jones
-----------------------------

HuffPost Good News
-----------------------------

BBC News
-----------------------------

Breaking News
-----------------------------

The Verge
-----------------------------

New York Magazine
-----------------------------
$VAR1 = {
          'link' => 'http://nym.ag/2hYRtiA',
          'caption' => 'nymag.com',
          'created_time' => '2017-01-08T03:01:15+0000',
          'name' => 'Why New Moms Make Bad Friends',
          'id' => '14516439825_10154935153339826',
          'message' => "\"We self-proclaimed bad moms, we really didn\x{2019}t want to be that friend.\""
        };

Domain: nymag.com

TIME
-----------------------------
$VAR1 = {
          'link' => 'http://ti.me/2ik3w5V',
          'caption' => 'motto.time.com',
          'created_time' => '2017-01-08T03:00:34+0000',
          'name' => 'Here\'s Why You Might Be Overeating',
          'id' => '10606591490_10154330296571491',
          'message' => 'This might be why you\'re snacking.'
        };

Domain: time.com

the Business Insider
-----------------------------
$VAR1 = {
          'link' => 'http://read.bi/2hYGi9H',
          'caption' => 'businessinsider.com',
          'created_time' => '2017-01-08T03:15:09+0000',
          'name' => '7 best diets for 2017 according to nutrition experts',
          'id' => '20446254070_10154266800369071',
          'message' => 'Skip the fad diets.'
        };

Domain: businessinsider.com

ThinkProgress
-----------------------------
$VAR1 = {
          'link' => 'https://thinkprogress.org/trump-mentioned-wikileaks-164-times-in-last-month-of-election-now-claims-it-didnt-impact-one-40aa62ea5002#.mqaeyeh4d',
          'caption' => 'thinkprogress.org',
          'created_time' => '2017-01-08T03:12:33+0000',
          'name' => "Trump mentioned Wikileaks 164 times in last month of election, now claims it didn\x{2019}t impact one voter",
          'id' => '200137333331078_1493577243987074',
          'message' => 'The fruits of a Russian propaganda campaign was a key part of Trump\'s closing argument.'
        };

Domain: thinkprogress.org
Response:
{"error":{"message":"It looks like you were misusing this feature by going too fast. You\u2019ve been blocked from using it.\n\nLearn more about blocks in the Help Center.","type":"OAuthException","code":368,"error_subcode":1390008,"error_user_msg":"","fbtrace_id":"HMDvZU0fEyf"}}

Facebook ran into an error and the post was not published. Zach Muckerberg please fix. Try again in a few hours.

